RecordNumber,EventRecordId,TimeCreated,EventId,Level,Provider,Channel,ProcessId,ThreadId,Computer,ChunkNumber,UserId,MapDescription,UserName,RemoteHost,PayloadData1,PayloadData2,PayloadData3,PayloadData4,PayloadData5,PayloadData6,ExecutableInfo,HiddenRecord,SourceFile,Keywords,ExtraDataOffset,Payload
1,13955,2023-08-19 00:51:01.8224974,1102,Info,Microsoft-Windows-Eventlog,Security,1208,5476,Spookytown,0,,,,,,,,,,,,False,D:\NTU\CTF\DeadFace\Misc\MALUM\Maybehere.evtx,0x4020000000000000,0,"{""UserData"":{""LogFileCleared"":{""SubjectUserSid"":""S-1-5-21-4166205599-1656642011-1382607969-1001"",""SubjectUserName"":""rp01"",""SubjectDomainName"":""SPOOKYTOWN"",""SubjectLogonId"":""0x83574"",""ClientProcessId"":""2448"",""ClientProcessStartKey"":""5348024557502691""}}}"
2,13956,2023-08-19 00:55:05.1495183,4624,LogAlways,Microsoft-Windows-Security-Auditing,Security,608,5408,Spookytown,0,,,,,,,,,,,,False,D:\NTU\CTF\DeadFace\Misc\MALUM\Maybehere.evtx,Audit success,0,"{""EventData"":{""Data"":[{""@Name"":""SubjectUserSid"",""#text"":""S-1-5-18""},{""@Name"":""SubjectUserName"",""#text"":""SPOOKYTOWN$""},{""@Name"":""SubjectDomainName"",""#text"":""SPOOKY""},{""@Name"":""SubjectLogonId"",""#text"":""0x3E7""},{""@Name"":""TargetUserSid"",""#text"":""S-1-5-18""},{""@Name"":""TargetUserName"",""#text"":""SYSTEM""},{""@Name"":""TargetDomainName"",""#text"":""NT AUTHORITY""},{""@Name"":""TargetLogonId"",""#text"":""0x3E7""},{""@Name"":""LogonType"",""#text"":""5""},{""@Name"":""LogonProcessName"",""#text"":""Advapi  ""},{""@Name"":""AuthenticationPackageName"",""#text"":""Negotiate""},{""@Name"":""WorkstationName"",""#text"":""-""},{""@Name"":""LogonGuid"",""#text"":""00000000-0000-0000-0000-000000000000""},{""@Name"":""TransmittedServices"",""#text"":""-""},{""@Name"":""LmPackageName"",""#text"":""-""},{""@Name"":""KeyLength"",""#text"":""0""},{""@Name"":""ProcessId"",""#text"":""0x238""},{""@Name"":""ProcessName"",""#text"":""C:\\Windows\\System32\\services.exe""},{""@Name"":""IpAddress"",""#text"":""-""},{""@Name"":""IpPort"",""#text"":""-""},{""@Name"":""ImpersonationLevel"",""#text"":""%%1833""},{""@Name"":""RestrictedAdminMode"",""#text"":""-""},{""@Name"":""TargetOutboundUserName"",""#text"":""-""},{""@Name"":""TargetOutboundDomainName"",""#text"":""-""},{""@Name"":""VirtualAccount"",""#text"":""%%1843""},{""@Name"":""TargetLinkedLogonId"",""#text"":""0x0""},{""@Name"":""ElevatedToken"",""#text"":""%%1842""}]}}"
3,13957,2023-08-19 00:55:05.1495227,4672,LogAlways,Microsoft-Windows-Security-Auditing,Security,608,5408,Spookytown,0,,,,,,,,,,,,False,D:\NTU\CTF\DeadFace\Misc\MALUM\Maybehere.evtx,Audit success,0,"{""EventData"":{""Data"":[{""@Name"":""SubjectUserSid"",""#text"":""S-1-5-18""},{""@Name"":""SubjectUserName"",""#text"":""SYSTEM""},{""@Name"":""SubjectDomainName"",""#text"":""NT AUTHORITY""},{""@Name"":""SubjectLogonId"",""#text"":""0x3E7""},{""@Name"":""PrivilegeList"",""#text"":""SeAssignPrimaryTokenPrivilege, SeTcbPrivilege, SeSecurityPrivilege, SeTakeOwnershipPrivilege, SeLoadDriverPrivilege, SeBackupPrivilege, SeRestorePrivilege, SeDebugPrivilege, SeAuditPrivilege, SeSystemEnvironmentPrivilege, SeImpersonatePrivilege, SeDelegateSessionUserImpersonatePrivilege""}]}}"
4,13958,2023-08-19 00:55:06.0794949,4624,LogAlways,Microsoft-Windows-Security-Auditing,Security,608,5408,Spookytown,0,,,,,,,,,,,,False,D:\NTU\CTF\DeadFace\Misc\MALUM\Maybehere.evtx,Audit success,0,"{""EventData"":{""Data"":[{""@Name"":""SubjectUserSid"",""#text"":""S-1-5-18""},{""@Name"":""SubjectUserName"",""#text"":""SPOOKYTOWN$""},{""@Name"":""SubjectDomainName"",""#text"":""SPOOKY""},{""@Name"":""SubjectLogonId"",""#text"":""0x3E7""},{""@Name"":""TargetUserSid"",""#text"":""S-1-5-18""},{""@Name"":""TargetUserName"",""#text"":""SYSTEM""},{""@Name"":""TargetDomainName"",""#text"":""NT AUTHORITY""},{""@Name"":""TargetLogonId"",""#text"":""0x3E7""},{""@Name"":""LogonType"",""#text"":""5""},{""@Name"":""LogonProcessName"",""#text"":""Advapi  ""},{""@Name"":""AuthenticationPackageName"",""#text"":""Negotiate""},{""@Name"":""WorkstationName"",""#text"":""-""},{""@Name"":""LogonGuid"",""#text"":""00000000-0000-0000-0000-000000000000""},{""@Name"":""TransmittedServices"",""#text"":""-""},{""@Name"":""LmPackageName"",""#text"":""-""},{""@Name"":""KeyLength"",""#text"":""0""},{""@Name"":""ProcessId"",""#text"":""0x238""},{""@Name"":""ProcessName"",""#text"":""C:\\Windows\\System32\\services.exe""},{""@Name"":""IpAddress"",""#text"":""-""},{""@Name"":""IpPort"",""#text"":""-""},{""@Name"":""ImpersonationLevel"",""#text"":""%%1833""},{""@Name"":""RestrictedAdminMode"",""#text"":""-""},{""@Name"":""TargetOutboundUserName"",""#text"":""-""},{""@Name"":""TargetOutboundDomainName"",""#text"":""-""},{""@Name"":""VirtualAccount"",""#text"":""%%1843""},{""@Name"":""TargetLinkedLogonId"",""#text"":""0x0""},{""@Name"":""ElevatedToken"",""#text"":""%%1842""}]}}"
5,13959,2023-08-19 00:55:06.0794983,4672,LogAlways,Microsoft-Windows-Security-Auditing,Security,608,5408,Spookytown,0,,,,,,,,,,,,False,D:\NTU\CTF\DeadFace\Misc\MALUM\Maybehere.evtx,Audit success,0,"{""EventData"":{""Data"":[{""@Name"":""SubjectUserSid"",""#text"":""S-1-5-18""},{""@Name"":""SubjectUserName"",""#text"":""SYSTEM""},{""@Name"":""SubjectDomainName"",""#text"":""NT AUTHORITY""},{""@Name"":""SubjectLogonId"",""#text"":""0x3E7""},{""@Name"":""PrivilegeList"",""#text"":""SeAssignPrimaryTokenPrivilege, SeTcbPrivilege, SeSecurityPrivilege, SeTakeOwnershipPrivilege, SeLoadDriverPrivilege, SeBackupPrivilege, SeRestorePrivilege, SeDebugPrivilege, SeAuditPrivilege, SeSystemEnvironmentPrivilege, SeImpersonatePrivilege, SeDelegateSessionUserImpersonatePrivilege""}]}}"
6,13960,2023-08-19 00:55:06.0987256,4624,LogAlways,Microsoft-Windows-Security-Auditing,Security,608,5408,Spookytown,0,,,,,,,,,,,,False,D:\NTU\CTF\DeadFace\Misc\MALUM\Maybehere.evtx,Audit success,0,"{""EventData"":{""Data"":[{""@Name"":""SubjectUserSid"",""#text"":""S-1-5-18""},{""@Name"":""SubjectUserName"",""#text"":""SPOOKYTOWN$""},{""@Name"":""SubjectDomainName"",""#text"":""SPOOKY""},{""@Name"":""SubjectLogonId"",""#text"":""0x3E7""},{""@Name"":""TargetUserSid"",""#text"":""S-1-5-18""},{""@Name"":""TargetUserName"",""#text"":""SYSTEM""},{""@Name"":""TargetDomainName"",""#text"":""NT AUTHORITY""},{""@Name"":""TargetLogonId"",""#text"":""0x3E7""},{""@Name"":""LogonType"",""#text"":""5""},{""@Name"":""LogonProcessName"",""#text"":""Advapi  ""},{""@Name"":""AuthenticationPackageName"",""#text"":""Negotiate""},{""@Name"":""WorkstationName"",""#text"":""-""},{""@Name"":""LogonGuid"",""#text"":""00000000-0000-0000-0000-000000000000""},{""@Name"":""TransmittedServices"",""#text"":""-""},{""@Name"":""LmPackageName"",""#text"":""-""},{""@Name"":""KeyLength"",""#text"":""0""},{""@Name"":""ProcessId"",""#text"":""0x238""},{""@Name"":""ProcessName"",""#text"":""C:\\Windows\\System32\\services.exe""},{""@Name"":""IpAddress"",""#text"":""-""},{""@Name"":""IpPort"",""#text"":""-""},{""@Name"":""ImpersonationLevel"",""#text"":""%%1833""},{""@Name"":""RestrictedAdminMode"",""#text"":""-""},{""@Name"":""TargetOutboundUserName"",""#text"":""-""},{""@Name"":""TargetOutboundDomainName"",""#text"":""-""},{""@Name"":""VirtualAccount"",""#text"":""%%1843""},{""@Name"":""TargetLinkedLogonId"",""#text"":""0x0""},{""@Name"":""ElevatedToken"",""#text"":""%%1842""}]}}"
7,13961,2023-08-19 00:55:06.0987295,4672,LogAlways,Microsoft-Windows-Security-Auditing,Security,608,5408,Spookytown,0,,,,,,,,,,,,False,D:\NTU\CTF\DeadFace\Misc\MALUM\Maybehere.evtx,Audit success,0,"{""EventData"":{""Data"":[{""@Name"":""SubjectUserSid"",""#text"":""S-1-5-18""},{""@Name"":""SubjectUserName"",""#text"":""SYSTEM""},{""@Name"":""SubjectDomainName"",""#text"":""NT AUTHORITY""},{""@Name"":""SubjectLogonId"",""#text"":""0x3E7""},{""@Name"":""PrivilegeList"",""#text"":""SeAssignPrimaryTokenPrivilege, SeTcbPrivilege, SeSecurityPrivilege, SeTakeOwnershipPrivilege, SeLoadDriverPrivilege, SeBackupPrivilege, SeRestorePrivilege, SeDebugPrivilege, SeAuditPrivilege, SeSystemEnvironmentPrivilege, SeImpersonatePrivilege, SeDelegateSessionUserImpersonatePrivilege""}]}}"
8,13962,2023-08-19 00:55:06.4644731,4624,LogAlways,Microsoft-Windows-Security-Auditing,Security,608,656,Spookytown,0,,,,,,,,,,,,False,D:\NTU\CTF\DeadFace\Misc\MALUM\Maybehere.evtx,Audit success,0,"{""EventData"":{""Data"":[{""@Name"":""SubjectUserSid"",""#text"":""S-1-5-18""},{""@Name"":""SubjectUserName"",""#text"":""SPOOKYTOWN$""},{""@Name"":""SubjectDomainName"",""#text"":""SPOOKY""},{""@Name"":""SubjectLogonId"",""#text"":""0x3E7""},{""@Name"":""TargetUserSid"",""#text"":""S-1-5-18""},{""@Name"":""TargetUserName"",""#text"":""SYSTEM""},{""@Name"":""TargetDomainName"",""#text"":""NT AUTHORITY""},{""@Name"":""TargetLogonId"",""#text"":""0x3E7""},{""@Name"":""LogonType"",""#text"":""5""},{""@Name"":""LogonProcessName"",""#text"":""Advapi  ""},{""@Name"":""AuthenticationPackageName"",""#text"":""Negotiate""},{""@Name"":""WorkstationName"",""#text"":""-""},{""@Name"":""LogonGuid"",""#text"":""00000000-0000-0000-0000-000000000000""},{""@Name"":""TransmittedServices"",""#text"":""-""},{""@Name"":""LmPackageName"",""#text"":""-""},{""@Name"":""KeyLength"",""#text"":""0""},{""@Name"":""ProcessId"",""#text"":""0x238""},{""@Name"":""ProcessName"",""#text"":""C:\\Windows\\System32\\services.exe""},{""@Name"":""IpAddress"",""#text"":""-""},{""@Name"":""IpPort"",""#text"":""-""},{""@Name"":""ImpersonationLevel"",""#text"":""%%1833""},{""@Name"":""RestrictedAdminMode"",""#text"":""-""},{""@Name"":""TargetOutboundUserName"",""#text"":""-""},{""@Name"":""TargetOutboundDomainName"",""#text"":""-""},{""@Name"":""VirtualAccount"",""#text"":""%%1843""},{""@Name"":""TargetLinkedLogonId"",""#text"":""0x0""},{""@Name"":""ElevatedToken"",""#text"":""%%1842""}]}}"
9,13963,2023-08-19 00:55:06.4644769,4672,LogAlways,Microsoft-Windows-Security-Auditing,Security,608,656,Spookytown,0,,,,,,,,,,,,False,D:\NTU\CTF\DeadFace\Misc\MALUM\Maybehere.evtx,Audit success,0,"{""EventData"":{""Data"":[{""@Name"":""SubjectUserSid"",""#text"":""S-1-5-18""},{""@Name"":""SubjectUserName"",""#text"":""SYSTEM""},{""@Name"":""SubjectDomainName"",""#text"":""NT AUTHORITY""},{""@Name"":""SubjectLogonId"",""#text"":""0x3E7""},{""@Name"":""PrivilegeList"",""#text"":""SeAssignPrimaryTokenPrivilege, SeTcbPrivilege, SeSecurityPrivilege, SeTakeOwnershipPrivilege, SeLoadDriverPrivilege, SeBackupPrivilege, SeRestorePrivilege, SeDebugPrivilege, SeAuditPrivilege, SeSystemEnvironmentPrivilege, SeImpersonatePrivilege, SeDelegateSessionUserImpersonatePrivilege""}]}}"
10,13964,2023-08-19 00:55:06.8591229,5379,LogAlways,Microsoft-Windows-Security-Auditing,Security,608,656,Spookytown,0,,,,,,,,,,,,False,D:\NTU\CTF\DeadFace\Misc\MALUM\Maybehere.evtx,Audit success,0,"{""EventData"":{""Data"":[{""@Name"":""SubjectUserSid"",""#text"":""S-1-5-18""},{""@Name"":""SubjectUserName"",""#text"":""SPOOKYTOWN$""},{""@Name"":""SubjectDomainName"",""#text"":""SPOOKY""},{""@Name"":""SubjectLogonId"",""#text"":""0x3E7""},{""@Name"":""TargetName"",""#text"":""WindowsLive:(token):name=02imkalddtoprujp;serviceuri=*""},{""@Name"":""Type"",""#text"":""0""},{""@Name"":""CountOfCredentialsReturned"",""#text"":""0""},{""@Name"":""ReadOperation"",""#text"":""%%8100""},{""@Name"":""ReturnCode"",""#text"":""3221226021""},{""@Name"":""ProcessCreationTime"",""#text"":""2023-08-19 00:55:06.4652473""},{""@Name"":""ClientProcessId"",""#text"":""6740""}]}}"
11,13965,2023-08-19 00:55:06.8592870,5379,LogAlways,Microsoft-Windows-Security-Auditing,Security,608,656,Spookytown,0,,,,,,,,,,,,False,D:\NTU\CTF\DeadFace\Misc\MALUM\Maybehere.evtx,Audit success,0,"{""EventData"":{""Data"":[{""@Name"":""SubjectUserSid"",""#text"":""S-1-5-18""},{""@Name"":""SubjectUserName"",""#text"":""SPOOKYTOWN$""},{""@Name"":""SubjectDomainName"",""#text"":""SPOOKY""},{""@Name"":""SubjectLogonId"",""#text"":""0x3E7""},{""@Name"":""TargetName"",""#text"":""WindowsLive:(cert):name=02imkalddtoprujp;serviceuri=*""},{""@Name"":""Type"",""#text"":""0""},{""@Name"":""CountOfCredentialsReturned"",""#text"":""0""},{""@Name"":""ReadOperation"",""#text"":""%%8100""},{""@Name"":""ReturnCode"",""#text"":""3221226021""},{""@Name"":""ProcessCreationTime"",""#text"":""2023-08-19 00:55:06.4652473""},{""@Name"":""ClientProcessId"",""#text"":""6740""}]}}"
12,13966,2023-08-19 00:55:06.8593441,5379,LogAlways,Microsoft-Windows-Security-Auditing,Security,608,656,Spookytown,0,,,,,,,,,,,,False,D:\NTU\CTF\DeadFace\Misc\MALUM\Maybehere.evtx,Audit success,0,"{""EventData"":{""Data"":[{""@Name"":""SubjectUserSid"",""#text"":""S-1-5-18""},{""@Name"":""SubjectUserName"",""#text"":""SPOOKYTOWN$""},{""@Name"":""SubjectDomainName"",""#text"":""SPOOKY""},{""@Name"":""SubjectLogonId"",""#text"":""0x3E7""},{""@Name"":""TargetName"",""#text"":""WindowsLive:target=virtualapp/didlogical""},{""@Name"":""Type"",""#text"":""0""},{""@Name"":""CountOfCredentialsReturned"",""#text"":""1""},{""@Name"":""ReadOperation"",""#text"":""%%8100""},{""@Name"":""ReturnCode"",""#text"":""0""},{""@Name"":""ProcessCreationTime"",""#text"":""2023-08-19 00:55:06.4652473""},{""@Name"":""ClientProcessId"",""#text"":""6740""}]}}"
13,13967,2023-08-19 00:55:06.8608089,5379,LogAlways,Microsoft-Windows-Security-Auditing,Security,608,656,Spookytown,0,,,,,,,,,,,,False,D:\NTU\CTF\DeadFace\Misc\MALUM\Maybehere.evtx,Audit success,0,"{""EventData"":{""Data"":[{""@Name"":""SubjectUserSid"",""#text"":""S-1-5-21-4166205599-1656642011-1382607969-1001""},{""@Name"":""SubjectUserName"",""#text"":""rp01""},{""@Name"":""SubjectDomainName"",""#text"":""SPOOKYTOWN""},{""@Name"":""SubjectLogonId"",""#text"":""0x835A6""},{""@Name"":""TargetName"",""#text"":""WindowsLive:(token):name=02sjbinrkdkvjgjl;serviceuri=*""},{""@Name"":""Type"",""#text"":""0""},{""@Name"":""CountOfCredentialsReturned"",""#text"":""0""},{""@Name"":""ReadOperation"",""#text"":""%%8100""},{""@Name"":""ReturnCode"",""#text"":""3221226021""},{""@Name"":""ProcessCreationTime"",""#text"":""2023-08-19 00:55:06.4652473""},{""@Name"":""ClientProcessId"",""#text"":""6740""}]}}"
14,13968,2023-08-19 00:55:06.8610406,5379,LogAlways,Microsoft-Windows-Security-Auditing,Security,608,656,Spookytown,0,,,,,,,,,,,,False,D:\NTU\CTF\DeadFace\Misc\MALUM\Maybehere.evtx,Audit success,0,"{""EventData"":{""Data"":[{""@Name"":""SubjectUserSid"",""#text"":""S-1-5-21-4166205599-1656642011-1382607969-1001""},{""@Name"":""SubjectUserName"",""#text"":""rp01""},{""@Name"":""SubjectDomainName"",""#text"":""SPOOKYTOWN""},{""@Name"":""SubjectLogonId"",""#text"":""0x835A6""},{""@Name"":""TargetName"",""#text"":""WindowsLive:(cert):name=02sjbinrkdkvjgjl;serviceuri=*""},{""@Name"":""Type"",""#text"":""0""},{""@Name"":""CountOfCredentialsReturned"",""#text"":""0""},{""@Name"":""ReadOperation"",""#text"":""%%8100""},{""@Name"":""ReturnCode"",""#text"":""3221226021""},{""@Name"":""ProcessCreationTime"",""#text"":""2023-08-19 00:55:06.4652473""},{""@Name"":""ClientProcessId"",""#text"":""6740""}]}}"
15,13969,2023-08-19 00:55:06.8610867,5379,LogAlways,Microsoft-Windows-Security-Auditing,Security,608,656,Spookytown,0,,,,,,,,,,,,False,D:\NTU\CTF\DeadFace\Misc\MALUM\Maybehere.evtx,Audit success,0,"{""EventData"":{""Data"":[{""@Name"":""SubjectUserSid"",""#text"":""S-1-5-21-4166205599-1656642011-1382607969-1001""},{""@Name"":""SubjectUserName"",""#text"":""rp01""},{""@Name"":""SubjectDomainName"",""#text"":""SPOOKYTOWN""},{""@Name"":""SubjectLogonId"",""#text"":""0x835A6""},{""@Name"":""TargetName"",""#text"":""WindowsLive:target=virtualapp/didlogical""},{""@Name"":""Type"",""#text"":""0""},{""@Name"":""CountOfCredentialsReturned"",""#text"":""1""},{""@Name"":""ReadOperation"",""#text"":""%%8100""},{""@Name"":""ReturnCode"",""#text"":""0""},{""@Name"":""ProcessCreationTime"",""#text"":""2023-08-19 00:55:06.4652473""},{""@Name"":""ClientProcessId"",""#text"":""6740""}]}}"
16,13970,2023-08-19 00:55:06.8666061,5379,LogAlways,Microsoft-Windows-Security-Auditing,Security,608,656,Spookytown,0,,,,,,,,,,,,False,D:\NTU\CTF\DeadFace\Misc\MALUM\Maybehere.evtx,Audit success,0,"{""EventData"":{""Data"":[{""@Name"":""SubjectUserSid"",""#text"":""S-1-5-19""},{""@Name"":""SubjectUserName"",""#text"":""LOCAL SERVICE""},{""@Name"":""SubjectDomainName"",""#text"":""NT AUTHORITY""},{""@Name"":""SubjectLogonId"",""#text"":""0x3E5""},{""@Name"":""TargetName"",""#text"":""WindowsLive:(token):name=02ayjetvoebuxfku;serviceuri=*""},{""@Name"":""Type"",""#text"":""0""},{""@Name"":""CountOfCredentialsReturned"",""#text"":""0""},{""@Name"":""ReadOperation"",""#text"":""%%8100""},{""@Name"":""ReturnCode"",""#text"":""3221226021""},{""@Name"":""ProcessCreationTime"",""#text"":""2023-08-19 00:55:06.4652473""},{""@Name"":""ClientProcessId"",""#text"":""6740""}]}}"
17,13971,2023-08-19 00:55:06.8669261,5379,LogAlways,Microsoft-Windows-Security-Auditing,Security,608,5408,Spookytown,0,,,,,,,,,,,,False,D:\NTU\CTF\DeadFace\Misc\MALUM\Maybehere.evtx,Audit success,0,"{""EventData"":{""Data"":[{""@Name"":""SubjectUserSid"",""#text"":""S-1-5-19""},{""@Name"":""SubjectUserName"",""#text"":""LOCAL SERVICE""},{""@Name"":""SubjectDomainName"",""#text"":""NT AUTHORITY""},{""@Name"":""SubjectLogonId"",""#text"":""0x3E5""},{""@Name"":""TargetName"",""#text"":""WindowsLive:(cert):name=02ayjetvoebuxfku;serviceuri=*""},{""@Name"":""Type"",""#text"":""0""},{""@Name"":""CountOfCredentialsReturned"",""#text"":""0""},{""@Name"":""ReadOperation"",""#text"":""%%8100""},{""@Name"":""ReturnCode"",""#text"":""3221226021""},{""@Name"":""ProcessCreationTime"",""#text"":""2023-08-19 00:55:06.4652473""},{""@Name"":""ClientProcessId"",""#text"":""6740""}]}}"
18,13972,2023-08-19 00:55:06.8669928,5379,LogAlways,Microsoft-Windows-Security-Auditing,Security,608,5408,Spookytown,0,,,,,,,,,,,,False,D:\NTU\CTF\DeadFace\Misc\MALUM\Maybehere.evtx,Audit success,0,"{""EventData"":{""Data"":[{""@Name"":""SubjectUserSid"",""#text"":""S-1-5-19""},{""@Name"":""SubjectUserName"",""#text"":""LOCAL SERVICE""},{""@Name"":""SubjectDomainName"",""#text"":""NT AUTHORITY""},{""@Name"":""SubjectLogonId"",""#text"":""0x3E5""},{""@Name"":""TargetName"",""#text"":""WindowsLive:target=virtualapp/didlogical""},{""@Name"":""Type"",""#text"":""0""},{""@Name"":""CountOfCredentialsReturned"",""#text"":""1""},{""@Name"":""ReadOperation"",""#text"":""%%8100""},{""@Name"":""ReturnCode"",""#text"":""0""},{""@Name"":""ProcessCreationTime"",""#text"":""2023-08-19 00:55:06.4652473""},{""@Name"":""ClientProcessId"",""#text"":""6740""}]}}"
19,13973,2023-08-19 00:55:06.8683172,5379,LogAlways,Microsoft-Windows-Security-Auditing,Security,608,5408,Spookytown,0,,,,,,,,,,,,False,D:\NTU\CTF\DeadFace\Misc\MALUM\Maybehere.evtx,Audit success,0,"{""EventData"":{""Data"":[{""@Name"":""SubjectUserSid"",""#text"":""S-1-5-19""},{""@Name"":""SubjectUserName"",""#text"":""LOCAL SERVICE""},{""@Name"":""SubjectDomainName"",""#text"":""NT AUTHORITY""},{""@Name"":""SubjectLogonId"",""#text"":""0x3E5""},{""@Name"":""TargetName"",""#text"":""MicrosoftAccount:user=02ayjetvoebuxfku""},{""@Name"":""Type"",""#text"":""0""},{""@Name"":""CountOfCredentialsReturned"",""#text"":""0""},{""@Name"":""ReadOperation"",""#text"":""%%8100""},{""@Name"":""ReturnCode"",""#text"":""3221226021""},{""@Name"":""ProcessCreationTime"",""#text"":""2023-08-19 00:55:06.4652473""},{""@Name"":""ClientProcessId"",""#text"":""6740""}]}}"
20,13974,2023-08-19 00:55:06.8684070,5379,LogAlways,Microsoft-Windows-Security-Auditing,Security,608,656,Spookytown,0,,,,,,,,,,,,False,D:\NTU\CTF\DeadFace\Misc\MALUM\Maybehere.evtx,Audit success,0,"{""EventData"":{""Data"":[{""@Name"":""SubjectUserSid"",""#text"":""S-1-5-19""},{""@Name"":""SubjectUserName"",""#text"":""LOCAL SERVICE""},{""@Name"":""SubjectDomainName"",""#text"":""NT AUTHORITY""},{""@Name"":""SubjectLogonId"",""#text"":""0x3E5""},{""@Name"":""TargetName"",""#text"":""WindowsLive:(token):name=02ayjetvoebuxfku;serviceuri=*""},{""@Name"":""Type"",""#text"":""0""},{""@Name"":""CountOfCredentialsReturned"",""#text"":""0""},{""@Name"":""ReadOperation"",""#text"":""%%8100""},{""@Name"":""ReturnCode"",""#text"":""3221226021""},{""@Name"":""ProcessCreationTime"",""#text"":""2023-08-19 00:55:06.4652473""},{""@Name"":""ClientProcessId"",""#text"":""6740""}]}}"
21,13975,2023-08-19 00:55:06.8685756,5379,LogAlways,Microsoft-Windows-Security-Auditing,Security,608,5408,Spookytown,0,,,,,,,,,,,,False,D:\NTU\CTF\DeadFace\Misc\MALUM\Maybehere.evtx,Audit success,0,"{""EventData"":{""Data"":[{""@Name"":""SubjectUserSid"",""#text"":""S-1-5-19""},{""@Name"":""SubjectUserName"",""#text"":""LOCAL SERVICE""},{""@Name"":""SubjectDomainName"",""#text"":""NT AUTHORITY""},{""@Name"":""SubjectLogonId"",""#text"":""0x3E5""},{""@Name"":""TargetName"",""#text"":""WindowsLive:(cert):name=02ayjetvoebuxfku;serviceuri=*""},{""@Name"":""Type"",""#text"":""0""},{""@Name"":""CountOfCredentialsReturned"",""#text"":""0""},{""@Name"":""ReadOperation"",""#text"":""%%8100""},{""@Name"":""ReturnCode"",""#text"":""3221226021""},{""@Name"":""ProcessCreationTime"",""#text"":""2023-08-19 00:55:06.4652473""},{""@Name"":""ClientProcessId"",""#text"":""6740""}]}}"
22,13976,2023-08-19 00:55:06.9002887,5379,LogAlways,Microsoft-Windows-Security-Auditing,Security,608,6512,Spookytown,0,,,,,,,,,,,,False,D:\NTU\CTF\DeadFace\Misc\MALUM\Maybehere.evtx,Audit success,0,"{""EventData"":{""Data"":[{""@Name"":""SubjectUserSid"",""#text"":""S-1-5-19""},{""@Name"":""SubjectUserName"",""#text"":""LOCAL SERVICE""},{""@Name"":""SubjectDomainName"",""#text"":""NT AUTHORITY""},{""@Name"":""SubjectLogonId"",""#text"":""0x3E5""},{""@Name"":""TargetName"",""#text"":""MicrosoftAccount:user=02ayjetvoebuxfku""},{""@Name"":""Type"",""#text"":""0""},{""@Name"":""CountOfCredentialsReturned"",""#text"":""0""},{""@Name"":""ReadOperation"",""#text"":""%%8100""},{""@Name"":""ReturnCode"",""#text"":""3221226021""},{""@Name"":""ProcessCreationTime"",""#text"":""2023-08-19 00:55:06.4652473""},{""@Name"":""ClientProcessId"",""#text"":""6740""}]}}"
23,13977,2023-08-19 00:55:06.9232047,5379,LogAlways,Microsoft-Windows-Security-Auditing,Security,608,6512,Spookytown,0,,,,,,,,,,,,False,D:\NTU\CTF\DeadFace\Misc\MALUM\Maybehere.evtx,Audit success,0,"{""EventData"":{""Data"":[{""@Name"":""SubjectUserSid"",""#text"":""S-1-5-21-4166205599-1656642011-1382607969-1001""},{""@Name"":""SubjectUserName"",""#text"":""rp01""},{""@Name"":""SubjectDomainName"",""#text"":""SPOOKYTOWN""},{""@Name"":""SubjectLogonId"",""#text"":""0x83574""},{""@Name"":""TargetName"",""#text"":""MicrosoftAccount:user=02sjbinrkdkvjgjl""},{""@Name"":""Type"",""#text"":""0""},{""@Name"":""CountOfCredentialsReturned"",""#text"":""0""},{""@Name"":""ReadOperation"",""#text"":""%%8100""},{""@Name"":""ReturnCode"",""#text"":""3221226021""},{""@Name"":""ProcessCreationTime"",""#text"":""2023-08-19 00:55:06.4652473""},{""@Name"":""ClientProcessId"",""#text"":""6740""}]}}"
24,13978,2023-08-19 00:55:06.9232832,5379,LogAlways,Microsoft-Windows-Security-Auditing,Security,608,6512,Spookytown,0,,,,,,,,,,,,False,D:\NTU\CTF\DeadFace\Misc\MALUM\Maybehere.evtx,Audit success,0,"{""EventData"":{""Data"":[{""@Name"":""SubjectUserSid"",""#text"":""S-1-5-21-4166205599-1656642011-1382607969-1001""},{""@Name"":""SubjectUserName"",""#text"":""rp01""},{""@Name"":""SubjectDomainName"",""#text"":""SPOOKYTOWN""},{""@Name"":""SubjectLogonId"",""#text"":""0x83574""},{""@Name"":""TargetName"",""#text"":""WindowsLive:(token):name=02sjbinrkdkvjgjl;serviceuri=*""},{""@Name"":""Type"",""#text"":""0""},{""@Name"":""CountOfCredentialsReturned"",""#text"":""0""},{""@Name"":""ReadOperation"",""#text"":""%%8100""},{""@Name"":""ReturnCode"",""#text"":""3221226021""},{""@Name"":""ProcessCreationTime"",""#text"":""2023-08-19 00:55:06.4652473""},{""@Name"":""ClientProcessId"",""#text"":""6740""}]}}"
25,13979,2023-08-19 00:55:06.9235183,5379,LogAlways,Microsoft-Windows-Security-Auditing,Security,608,6512,Spookytown,0,,,,,,,,,,,,False,D:\NTU\CTF\DeadFace\Misc\MALUM\Maybehere.evtx,Audit success,0,"{""EventData"":{""Data"":[{""@Name"":""SubjectUserSid"",""#text"":""S-1-5-21-4166205599-1656642011-1382607969-1001""},{""@Name"":""SubjectUserName"",""#text"":""rp01""},{""@Name"":""SubjectDomainName"",""#text"":""SPOOKYTOWN""},{""@Name"":""SubjectLogonId"",""#text"":""0x83574""},{""@Name"":""TargetName"",""#text"":""WindowsLive:(cert):name=02sjbinrkdkvjgjl;serviceuri=*""},{""@Name"":""Type"",""#text"":""0""},{""@Name"":""CountOfCredentialsReturned"",""#text"":""0""},{""@Name"":""ReadOperation"",""#text"":""%%8100""},{""@Name"":""ReturnCode"",""#text"":""3221226021""},{""@Name"":""ProcessCreationTime"",""#text"":""2023-08-19 00:55:06.4652473""},{""@Name"":""ClientProcessId"",""#text"":""6740""}]}}"
26,13980,2023-08-19 00:55:06.9309114,5379,LogAlways,Microsoft-Windows-Security-Auditing,Security,608,6512,Spookytown,0,,,,,,,,,,,,False,D:\NTU\CTF\DeadFace\Misc\MALUM\Maybehere.evtx,Audit success,0,"{""EventData"":{""Data"":[{""@Name"":""SubjectUserSid"",""#text"":""S-1-5-21-4166205599-1656642011-1382607969-1001""},{""@Name"":""SubjectUserName"",""#text"":""rp01""},{""@Name"":""SubjectDomainName"",""#text"":""SPOOKYTOWN""},{""@Name"":""SubjectLogonId"",""#text"":""0x83574""},{""@Name"":""TargetName"",""#text"":""MicrosoftAccount:user=02sjbinrkdkvjgjl""},{""@Name"":""Type"",""#text"":""0""},{""@Name"":""CountOfCredentialsReturned"",""#text"":""0""},{""@Name"":""ReadOperation"",""#text"":""%%8100""},{""@Name"":""ReturnCode"",""#text"":""3221226021""},{""@Name"":""ProcessCreationTime"",""#text"":""2023-08-19 00:55:06.4652473""},{""@Name"":""ClientProcessId"",""#text"":""6740""}]}}"
27,13981,2023-08-19 00:55:07.4271774,5379,LogAlways,Microsoft-Windows-Security-Auditing,Security,608,656,Spookytown,0,,,,,,,,,,,,False,D:\NTU\CTF\DeadFace\Misc\MALUM\Maybehere.evtx,Audit success,0,"{""EventData"":{""Data"":[{""@Name"":""SubjectUserSid"",""#text"":""S-1-5-21-4166205599-1656642011-1382607969-1001""},{""@Name"":""SubjectUserName"",""#text"":""rp01""},{""@Name"":""SubjectDomainName"",""#text"":""SPOOKYTOWN""},{""@Name"":""SubjectLogonId"",""#text"":""0x835A6""},{""@Name"":""TargetName"",""#text"":""MicrosoftAccount:user=02sjbinrkdkvjgjl""},{""@Name"":""Type"",""#text"":""0""},{""@Name"":""CountOfCredentialsReturned"",""#text"":""0""},{""@Name"":""ReadOperation"",""#text"":""%%8100""},{""@Name"":""ReturnCode"",""#text"":""3221226021""},{""@Name"":""ProcessCreationTime"",""#text"":""2023-08-19 00:55:06.4652473""},{""@Name"":""ClientProcessId"",""#text"":""6740""}]}}"
28,13982,2023-08-19 00:55:07.4272233,5379,LogAlways,Microsoft-Windows-Security-Auditing,Security,608,656,Spookytown,0,,,,,,,,,,,,False,D:\NTU\CTF\DeadFace\Misc\MALUM\Maybehere.evtx,Audit success,0,"{""EventData"":{""Data"":[{""@Name"":""SubjectUserSid"",""#text"":""S-1-5-21-4166205599-1656642011-1382607969-1001""},{""@Name"":""SubjectUserName"",""#text"":""rp01""},{""@Name"":""SubjectDomainName"",""#text"":""SPOOKYTOWN""},{""@Name"":""SubjectLogonId"",""#text"":""0x835A6""},{""@Name"":""TargetName"",""#text"":""WindowsLive:(token):name=02sjbinrkdkvjgjl;serviceuri=*""},{""@Name"":""Type"",""#text"":""0""},{""@Name"":""CountOfCredentialsReturned"",""#text"":""0""},{""@Name"":""ReadOperation"",""#text"":""%%8100""},{""@Name"":""ReturnCode"",""#text"":""3221226021""},{""@Name"":""ProcessCreationTime"",""#text"":""2023-08-19 00:55:06.4652473""},{""@Name"":""ClientProcessId"",""#text"":""6740""}]}}"
29,13983,2023-08-19 00:55:07.4274273,5379,LogAlways,Microsoft-Windows-Security-Auditing,Security,608,656,Spookytown,0,,,,,,,,,,,,False,D:\NTU\CTF\DeadFace\Misc\MALUM\Maybehere.evtx,Audit success,0,"{""EventData"":{""Data"":[{""@Name"":""SubjectUserSid"",""#text"":""S-1-5-21-4166205599-1656642011-1382607969-1001""},{""@Name"":""SubjectUserName"",""#text"":""rp01""},{""@Name"":""SubjectDomainName"",""#text"":""SPOOKYTOWN""},{""@Name"":""SubjectLogonId"",""#text"":""0x835A6""},{""@Name"":""TargetName"",""#text"":""WindowsLive:(cert):name=02sjbinrkdkvjgjl;serviceuri=*""},{""@Name"":""Type"",""#text"":""0""},{""@Name"":""CountOfCredentialsReturned"",""#text"":""0""},{""@Name"":""ReadOperation"",""#text"":""%%8100""},{""@Name"":""ReturnCode"",""#text"":""3221226021""},{""@Name"":""ProcessCreationTime"",""#text"":""2023-08-19 00:55:06.4652473""},{""@Name"":""ClientProcessId"",""#text"":""6740""}]}}"
30,13984,2023-08-19 00:55:07.4388514,5379,LogAlways,Microsoft-Windows-Security-Auditing,Security,608,5408,Spookytown,0,,,,,,,,,,,,False,D:\NTU\CTF\DeadFace\Misc\MALUM\Maybehere.evtx,Audit success,0,"{""EventData"":{""Data"":[{""@Name"":""SubjectUserSid"",""#text"":""S-1-5-21-4166205599-1656642011-1382607969-1001""},{""@Name"":""SubjectUserName"",""#text"":""rp01""},{""@Name"":""SubjectDomainName"",""#text"":""SPOOKYTOWN""},{""@Name"":""SubjectLogonId"",""#text"":""0x835A6""},{""@Name"":""TargetName"",""#text"":""MicrosoftAccount:user=02sjbinrkdkvjgjl""},{""@Name"":""Type"",""#text"":""0""},{""@Name"":""CountOfCredentialsReturned"",""#text"":""0""},{""@Name"":""ReadOperation"",""#text"":""%%8100""},{""@Name"":""ReturnCode"",""#text"":""3221226021""},{""@Name"":""ProcessCreationTime"",""#text"":""2023-08-19 00:55:06.4652473""},{""@Name"":""ClientProcessId"",""#text"":""6740""}]}}"
31,13985,2023-08-19 00:55:07.4532540,5379,LogAlways,Microsoft-Windows-Security-Auditing,Security,608,5408,Spookytown,0,,,,,,,,,,,,False,D:\NTU\CTF\DeadFace\Misc\MALUM\Maybehere.evtx,Audit success,0,"{""EventData"":{""Data"":[{""@Name"":""SubjectUserSid"",""#text"":""S-1-5-21-4166205599-1656642011-1382607969-1001""},{""@Name"":""SubjectUserName"",""#text"":""rp01""},{""@Name"":""SubjectDomainName"",""#text"":""SPOOKYTOWN""},{""@Name"":""SubjectLogonId"",""#text"":""0x835A6""},{""@Name"":""TargetName"",""#text"":""MicrosoftAccount:user=02sjbinrkdkvjgjl""},{""@Name"":""Type"",""#text"":""0""},{""@Name"":""CountOfCredentialsReturned"",""#text"":""0""},{""@Name"":""ReadOperation"",""#text"":""%%8100""},{""@Name"":""ReturnCode"",""#text"":""3221226021""},{""@Name"":""ProcessCreationTime"",""#text"":""2023-08-19 00:55:06.4652473""},{""@Name"":""ClientProcessId"",""#text"":""6740""}]}}"
32,13986,2023-08-19 00:55:07.4533009,5379,LogAlways,Microsoft-Windows-Security-Auditing,Security,608,5408,Spookytown,0,,,,,,,,,,,,False,D:\NTU\CTF\DeadFace\Misc\MALUM\Maybehere.evtx,Audit success,0,"{""EventData"":{""Data"":[{""@Name"":""SubjectUserSid"",""#text"":""S-1-5-21-4166205599-1656642011-1382607969-1001""},{""@Name"":""SubjectUserName"",""#text"":""rp01""},{""@Name"":""SubjectDomainName"",""#text"":""SPOOKYTOWN""},{""@Name"":""SubjectLogonId"",""#text"":""0x835A6""},{""@Name"":""TargetName"",""#text"":""WindowsLive:(token):name=02sjbinrkdkvjgjl;serviceuri=*""},{""@Name"":""Type"",""#text"":""0""},{""@Name"":""CountOfCredentialsReturned"",""#text"":""0""},{""@Name"":""ReadOperation"",""#text"":""%%8100""},{""@Name"":""ReturnCode"",""#text"":""3221226021""},{""@Name"":""ProcessCreationTime"",""#text"":""2023-08-19 00:55:06.4652473""},{""@Name"":""ClientProcessId"",""#text"":""6740""}]}}"
33,13987,2023-08-19 00:55:07.4543628,5379,LogAlways,Microsoft-Windows-Security-Auditing,Security,608,5408,Spookytown,0,,,,,,,,,,,,False,D:\NTU\CTF\DeadFace\Misc\MALUM\Maybehere.evtx,Audit success,0,"{""EventData"":{""Data"":[{""@Name"":""SubjectUserSid"",""#text"":""S-1-5-21-4166205599-1656642011-1382607969-1001""},{""@Name"":""SubjectUserName"",""#text"":""rp01""},{""@Name"":""SubjectDomainName"",""#text"":""SPOOKYTOWN""},{""@Name"":""SubjectLogonId"",""#text"":""0x835A6""},{""@Name"":""TargetName"",""#text"":""WindowsLive:(cert):name=02sjbinrkdkvjgjl;serviceuri=*""},{""@Name"":""Type"",""#text"":""0""},{""@Name"":""CountOfCredentialsReturned"",""#text"":""0""},{""@Name"":""ReadOperation"",""#text"":""%%8100""},{""@Name"":""ReturnCode"",""#text"":""3221226021""},{""@Name"":""ProcessCreationTime"",""#text"":""2023-08-19 00:55:06.4652473""},{""@Name"":""ClientProcessId"",""#text"":""6740""}]}}"
34,13988,2023-08-19 00:55:07.4572931,5379,LogAlways,Microsoft-Windows-Security-Auditing,Security,608,5408,Spookytown,0,,,,,,,,,,,,False,D:\NTU\CTF\DeadFace\Misc\MALUM\Maybehere.evtx,Audit success,0,"{""EventData"":{""Data"":[{""@Name"":""SubjectUserSid"",""#text"":""S-1-5-21-4166205599-1656642011-1382607969-1001""},{""@Name"":""SubjectUserName"",""#text"":""rp01""},{""@Name"":""SubjectDomainName"",""#text"":""SPOOKYTOWN""},{""@Name"":""SubjectLogonId"",""#text"":""0x835A6""},{""@Name"":""TargetName"",""#text"":""MicrosoftAccount:user=02sjbinrkdkvjgjl""},{""@Name"":""Type"",""#text"":""0""},{""@Name"":""CountOfCredentialsReturned"",""#text"":""0""},{""@Name"":""ReadOperation"",""#text"":""%%8100""},{""@Name"":""ReturnCode"",""#text"":""3221226021""},{""@Name"":""ProcessCreationTime"",""#text"":""2023-08-19 00:55:06.4652473""},{""@Name"":""ClientProcessId"",""#text"":""6740""}]}}"
35,13989,2023-08-19 00:55:07.4860522,5379,LogAlways,Microsoft-Windows-Security-Auditing,Security,608,5408,Spookytown,0,,,,,,,,,,,,False,D:\NTU\CTF\DeadFace\Misc\MALUM\Maybehere.evtx,Audit success,0,"{""EventData"":{""Data"":[{""@Name"":""SubjectUserSid"",""#text"":""S-1-5-21-4166205599-1656642011-1382607969-1001""},{""@Name"":""SubjectUserName"",""#text"":""rp01""},{""@Name"":""SubjectDomainName"",""#text"":""SPOOKYTOWN""},{""@Name"":""SubjectLogonId"",""#text"":""0x835A6""},{""@Name"":""TargetName"",""#text"":""MicrosoftAccount:user=02sjbinrkdkvjgjl""},{""@Name"":""Type"",""#text"":""0""},{""@Name"":""CountOfCredentialsReturned"",""#text"":""0""},{""@Name"":""ReadOperation"",""#text"":""%%8100""},{""@Name"":""ReturnCode"",""#text"":""3221226021""},{""@Name"":""ProcessCreationTime"",""#text"":""2023-08-19 00:55:06.4652473""},{""@Name"":""ClientProcessId"",""#text"":""6740""}]}}"
36,13990,2023-08-19 00:55:07.4860997,5379,LogAlways,Microsoft-Windows-Security-Auditing,Security,608,5408,Spookytown,0,,,,,,,,,,,,False,D:\NTU\CTF\DeadFace\Misc\MALUM\Maybehere.evtx,Audit success,0,"{""EventData"":{""Data"":[{""@Name"":""SubjectUserSid"",""#text"":""S-1-5-21-4166205599-1656642011-1382607969-1001""},{""@Name"":""SubjectUserName"",""#text"":""rp01""},{""@Name"":""SubjectDomainName"",""#text"":""SPOOKYTOWN""},{""@Name"":""SubjectLogonId"",""#text"":""0x835A6""},{""@Name"":""TargetName"",""#text"":""WindowsLive:(token):name=02sjbinrkdkvjgjl;serviceuri=*""},{""@Name"":""Type"",""#text"":""0""},{""@Name"":""CountOfCredentialsReturned"",""#text"":""0""},{""@Name"":""ReadOperation"",""#text"":""%%8100""},{""@Name"":""ReturnCode"",""#text"":""3221226021""},{""@Name"":""ProcessCreationTime"",""#text"":""2023-08-19 00:55:06.4652473""},{""@Name"":""ClientProcessId"",""#text"":""6740""}]}}"
37,13991,2023-08-19 00:55:07.4862882,5379,LogAlways,Microsoft-Windows-Security-Auditing,Security,608,5408,Spookytown,0,,,,,,,,,,,,False,D:\NTU\CTF\DeadFace\Misc\MALUM\Maybehere.evtx,Audit success,0,"{""EventData"":{""Data"":[{""@Name"":""SubjectUserSid"",""#text"":""S-1-5-21-4166205599-1656642011-1382607969-1001""},{""@Name"":""SubjectUserName"",""#text"":""rp01""},{""@Name"":""SubjectDomainName"",""#text"":""SPOOKYTOWN""},{""@Name"":""SubjectLogonId"",""#text"":""0x835A6""},{""@Name"":""TargetName"",""#text"":""WindowsLive:(cert):name=02sjbinrkdkvjgjl;serviceuri=*""},{""@Name"":""Type"",""#text"":""0""},{""@Name"":""CountOfCredentialsReturned"",""#text"":""0""},{""@Name"":""ReadOperation"",""#text"":""%%8100""},{""@Name"":""ReturnCode"",""#text"":""3221226021""},{""@Name"":""ProcessCreationTime"",""#text"":""2023-08-19 00:55:06.4652473""},{""@Name"":""ClientProcessId"",""#text"":""6740""}]}}"
38,13992,2023-08-19 00:55:07.4932071,5379,LogAlways,Microsoft-Windows-Security-Auditing,Security,608,5408,Spookytown,0,,,,,,,,,,,,False,D:\NTU\CTF\DeadFace\Misc\MALUM\Maybehere.evtx,Audit success,0,"{""EventData"":{""Data"":[{""@Name"":""SubjectUserSid"",""#text"":""S-1-5-21-4166205599-1656642011-1382607969-1001""},{""@Name"":""SubjectUserName"",""#text"":""rp01""},{""@Name"":""SubjectDomainName"",""#text"":""SPOOKYTOWN""},{""@Name"":""SubjectLogonId"",""#text"":""0x835A6""},{""@Name"":""TargetName"",""#text"":""MicrosoftAccount:user=02sjbinrkdkvjgjl""},{""@Name"":""Type"",""#text"":""0""},{""@Name"":""CountOfCredentialsReturned"",""#text"":""0""},{""@Name"":""ReadOperation"",""#text"":""%%8100""},{""@Name"":""ReturnCode"",""#text"":""3221226021""},{""@Name"":""ProcessCreationTime"",""#text"":""2023-08-19 00:55:06.4652473""},{""@Name"":""ClientProcessId"",""#text"":""6740""}]}}"
39,13993,2023-08-19 00:55:07.5053191,5379,LogAlways,Microsoft-Windows-Security-Auditing,Security,608,5408,Spookytown,0,,,,,,,,,,,,False,D:\NTU\CTF\DeadFace\Misc\MALUM\Maybehere.evtx,Audit success,0,"{""EventData"":{""Data"":[{""@Name"":""SubjectUserSid"",""#text"":""S-1-5-21-4166205599-1656642011-1382607969-1001""},{""@Name"":""SubjectUserName"",""#text"":""rp01""},{""@Name"":""SubjectDomainName"",""#text"":""SPOOKYTOWN""},{""@Name"":""SubjectLogonId"",""#text"":""0x835A6""},{""@Name"":""TargetName"",""#text"":""MicrosoftAccount:user=02sjbinrkdkvjgjl""},{""@Name"":""Type"",""#text"":""0""},{""@Name"":""CountOfCredentialsReturned"",""#text"":""0""},{""@Name"":""ReadOperation"",""#text"":""%%8100""},{""@Name"":""ReturnCode"",""#text"":""3221226021""},{""@Name"":""ProcessCreationTime"",""#text"":""2023-08-19 00:55:06.4652473""},{""@Name"":""ClientProcessId"",""#text"":""6740""}]}}"
40,13994,2023-08-19 00:55:07.5053786,5379,LogAlways,Microsoft-Windows-Security-Auditing,Security,608,5408,Spookytown,0,,,,,,,,,,,,False,D:\NTU\CTF\DeadFace\Misc\MALUM\Maybehere.evtx,Audit success,0,"{""EventData"":{""Data"":[{""@Name"":""SubjectUserSid"",""#text"":""S-1-5-21-4166205599-1656642011-1382607969-1001""},{""@Name"":""SubjectUserName"",""#text"":""rp01""},{""@Name"":""SubjectDomainName"",""#text"":""SPOOKYTOWN""},{""@Name"":""SubjectLogonId"",""#text"":""0x835A6""},{""@Name"":""TargetName"",""#text"":""WindowsLive:(token):name=02sjbinrkdkvjgjl;serviceuri=*""},{""@Name"":""Type"",""#text"":""0""},{""@Name"":""CountOfCredentialsReturned"",""#text"":""0""},{""@Name"":""ReadOperation"",""#text"":""%%8100""},{""@Name"":""ReturnCode"",""#text"":""3221226021""},{""@Name"":""ProcessCreationTime"",""#text"":""2023-08-19 00:55:06.4652473""},{""@Name"":""ClientProcessId"",""#text"":""6740""}]}}"
41,13995,2023-08-19 00:55:07.5056408,5379,LogAlways,Microsoft-Windows-Security-Auditing,Security,608,5408,Spookytown,0,,,,,,,,,,,,False,D:\NTU\CTF\DeadFace\Misc\MALUM\Maybehere.evtx,Audit success,0,"{""EventData"":{""Data"":[{""@Name"":""SubjectUserSid"",""#text"":""S-1-5-21-4166205599-1656642011-1382607969-1001""},{""@Name"":""SubjectUserName"",""#text"":""rp01""},{""@Name"":""SubjectDomainName"",""#text"":""SPOOKYTOWN""},{""@Name"":""SubjectLogonId"",""#text"":""0x835A6""},{""@Name"":""TargetName"",""#text"":""WindowsLive:(cert):name=02sjbinrkdkvjgjl;serviceuri=*""},{""@Name"":""Type"",""#text"":""0""},{""@Name"":""CountOfCredentialsReturned"",""#text"":""0""},{""@Name"":""ReadOperation"",""#text"":""%%8100""},{""@Name"":""ReturnCode"",""#text"":""3221226021""},{""@Name"":""ProcessCreationTime"",""#text"":""2023-08-19 00:55:06.4652473""},{""@Name"":""ClientProcessId"",""#text"":""6740""}]}}"
42,13996,2023-08-19 00:55:07.5107541,5379,LogAlways,Microsoft-Windows-Security-Auditing,Security,608,5408,Spookytown,0,,,,,,,,,,,,False,D:\NTU\CTF\DeadFace\Misc\MALUM\Maybehere.evtx,Audit success,0,"{""EventData"":{""Data"":[{""@Name"":""SubjectUserSid"",""#text"":""S-1-5-21-4166205599-1656642011-1382607969-1001""},{""@Name"":""SubjectUserName"",""#text"":""rp01""},{""@Name"":""SubjectDomainName"",""#text"":""SPOOKYTOWN""},{""@Name"":""SubjectLogonId"",""#text"":""0x835A6""},{""@Name"":""TargetName"",""#text"":""MicrosoftAccount:user=02sjbinrkdkvjgjl""},{""@Name"":""Type"",""#text"":""0""},{""@Name"":""CountOfCredentialsReturned"",""#text"":""0""},{""@Name"":""ReadOperation"",""#text"":""%%8100""},{""@Name"":""ReturnCode"",""#text"":""3221226021""},{""@Name"":""ProcessCreationTime"",""#text"":""2023-08-19 00:55:06.4652473""},{""@Name"":""ClientProcessId"",""#text"":""6740""}]}}"
43,13997,2023-08-19 00:55:07.5227385,5379,LogAlways,Microsoft-Windows-Security-Auditing,Security,608,5408,Spookytown,0,,,,,,,,,,,,False,D:\NTU\CTF\DeadFace\Misc\MALUM\Maybehere.evtx,Audit success,0,"{""EventData"":{""Data"":[{""@Name"":""SubjectUserSid"",""#text"":""S-1-5-21-4166205599-1656642011-1382607969-1001""},{""@Name"":""SubjectUserName"",""#text"":""rp01""},{""@Name"":""SubjectDomainName"",""#text"":""SPOOKYTOWN""},{""@Name"":""SubjectLogonId"",""#text"":""0x835A6""},{""@Name"":""TargetName"",""#text"":""MicrosoftAccount:user=02sjbinrkdkvjgjl""},{""@Name"":""Type"",""#text"":""0""},{""@Name"":""CountOfCredentialsReturned"",""#text"":""0""},{""@Name"":""ReadOperation"",""#text"":""%%8100""},{""@Name"":""ReturnCode"",""#text"":""3221226021""},{""@Name"":""ProcessCreationTime"",""#text"":""2023-08-19 00:55:06.4652473""},{""@Name"":""ClientProcessId"",""#text"":""6740""}]}}"
44,13998,2023-08-19 00:55:07.5227854,5379,LogAlways,Microsoft-Windows-Security-Auditing,Security,608,5408,Spookytown,0,,,,,,,,,,,,False,D:\NTU\CTF\DeadFace\Misc\MALUM\Maybehere.evtx,Audit success,0,"{""EventData"":{""Data"":[{""@Name"":""SubjectUserSid"",""#text"":""S-1-5-21-4166205599-1656642011-1382607969-1001""},{""@Name"":""SubjectUserName"",""#text"":""rp01""},{""@Name"":""SubjectDomainName"",""#text"":""SPOOKYTOWN""},{""@Name"":""SubjectLogonId"",""#text"":""0x835A6""},{""@Name"":""TargetName"",""#text"":""WindowsLive:(token):name=02sjbinrkdkvjgjl;serviceuri=*""},{""@Name"":""Type"",""#text"":""0""},{""@Name"":""CountOfCredentialsReturned"",""#text"":""0""},{""@Name"":""ReadOperation"",""#text"":""%%8100""},{""@Name"":""ReturnCode"",""#text"":""3221226021""},{""@Name"":""ProcessCreationTime"",""#text"":""2023-08-19 00:55:06.4652473""},{""@Name"":""ClientProcessId"",""#text"":""6740""}]}}"
45,13999,2023-08-19 00:55:07.5229936,5379,LogAlways,Microsoft-Windows-Security-Auditing,Security,608,5408,Spookytown,0,,,,,,,,,,,,False,D:\NTU\CTF\DeadFace\Misc\MALUM\Maybehere.evtx,Audit success,0,"{""EventData"":{""Data"":[{""@Name"":""SubjectUserSid"",""#text"":""S-1-5-21-4166205599-1656642011-1382607969-1001""},{""@Name"":""SubjectUserName"",""#text"":""rp01""},{""@Name"":""SubjectDomainName"",""#text"":""SPOOKYTOWN""},{""@Name"":""SubjectLogonId"",""#text"":""0x835A6""},{""@Name"":""TargetName"",""#text"":""WindowsLive:(cert):name=02sjbinrkdkvjgjl;serviceuri=*""},{""@Name"":""Type"",""#text"":""0""},{""@Name"":""CountOfCredentialsReturned"",""#text"":""0""},{""@Name"":""ReadOperation"",""#text"":""%%8100""},{""@Name"":""ReturnCode"",""#text"":""3221226021""},{""@Name"":""ProcessCreationTime"",""#text"":""2023-08-19 00:55:06.4652473""},{""@Name"":""ClientProcessId"",""#text"":""6740""}]}}"
46,14000,2023-08-19 00:55:07.5290753,5379,LogAlways,Microsoft-Windows-Security-Auditing,Security,608,5408,Spookytown,0,,,,,,,,,,,,False,D:\NTU\CTF\DeadFace\Misc\MALUM\Maybehere.evtx,Audit success,0,"{""EventData"":{""Data"":[{""@Name"":""SubjectUserSid"",""#text"":""S-1-5-21-4166205599-1656642011-1382607969-1001""},{""@Name"":""SubjectUserName"",""#text"":""rp01""},{""@Name"":""SubjectDomainName"",""#text"":""SPOOKYTOWN""},{""@Name"":""SubjectLogonId"",""#text"":""0x835A6""},{""@Name"":""TargetName"",""#text"":""MicrosoftAccount:user=02sjbinrkdkvjgjl""},{""@Name"":""Type"",""#text"":""0""},{""@Name"":""CountOfCredentialsReturned"",""#text"":""0""},{""@Name"":""ReadOperation"",""#text"":""%%8100""},{""@Name"":""ReturnCode"",""#text"":""3221226021""},{""@Name"":""ProcessCreationTime"",""#text"":""2023-08-19 00:55:06.4652473""},{""@Name"":""ClientProcessId"",""#text"":""6740""}]}}"
47,14001,2023-08-19 00:55:07.5367319,5379,LogAlways,Microsoft-Windows-Security-Auditing,Security,608,5408,Spookytown,0,,,,,,,,,,,,False,D:\NTU\CTF\DeadFace\Misc\MALUM\Maybehere.evtx,Audit success,0,"{""EventData"":{""Data"":[{""@Name"":""SubjectUserSid"",""#text"":""S-1-5-21-4166205599-1656642011-1382607969-1001""},{""@Name"":""SubjectUserName"",""#text"":""rp01""},{""@Name"":""SubjectDomainName"",""#text"":""SPOOKYTOWN""},{""@Name"":""SubjectLogonId"",""#text"":""0x835A6""},{""@Name"":""TargetName"",""#text"":""MicrosoftAccount:user=02sjbinrkdkvjgjl""},{""@Name"":""Type"",""#text"":""0""},{""@Name"":""CountOfCredentialsReturned"",""#text"":""0""},{""@Name"":""ReadOperation"",""#text"":""%%8100""},{""@Name"":""ReturnCode"",""#text"":""3221226021""},{""@Name"":""ProcessCreationTime"",""#text"":""2023-08-19 00:55:06.4652473""},{""@Name"":""ClientProcessId"",""#text"":""6740""}]}}"
48,14002,2023-08-19 00:55:07.5367777,5379,LogAlways,Microsoft-Windows-Security-Auditing,Security,608,5408,Spookytown,0,,,,,,,,,,,,False,D:\NTU\CTF\DeadFace\Misc\MALUM\Maybehere.evtx,Audit success,0,"{""EventData"":{""Data"":[{""@Name"":""SubjectUserSid"",""#text"":""S-1-5-21-4166205599-1656642011-1382607969-1001""},{""@Name"":""SubjectUserName"",""#text"":""rp01""},{""@Name"":""SubjectDomainName"",""#text"":""SPOOKYTOWN""},{""@Name"":""SubjectLogonId"",""#text"":""0x835A6""},{""@Name"":""TargetName"",""#text"":""WindowsLive:(token):name=02sjbinrkdkvjgjl;serviceuri=*""},{""@Name"":""Type"",""#text"":""0""},{""@Name"":""CountOfCredentialsReturned"",""#text"":""0""},{""@Name"":""ReadOperation"",""#text"":""%%8100""},{""@Name"":""ReturnCode"",""#text"":""3221226021""},{""@Name"":""ProcessCreationTime"",""#text"":""2023-08-19 00:55:06.4652473""},{""@Name"":""ClientProcessId"",""#text"":""6740""}]}}"
49,14003,2023-08-19 00:55:07.5370554,5379,LogAlways,Microsoft-Windows-Security-Auditing,Security,608,5408,Spookytown,0,,,,,,,,,,,,False,D:\NTU\CTF\DeadFace\Misc\MALUM\Maybehere.evtx,Audit success,0,"{""EventData"":{""Data"":[{""@Name"":""SubjectUserSid"",""#text"":""S-1-5-21-4166205599-1656642011-1382607969-1001""},{""@Name"":""SubjectUserName"",""#text"":""rp01""},{""@Name"":""SubjectDomainName"",""#text"":""SPOOKYTOWN""},{""@Name"":""SubjectLogonId"",""#text"":""0x835A6""},{""@Name"":""TargetName"",""#text"":""WindowsLive:(cert):name=02sjbinrkdkvjgjl;serviceuri=*""},{""@Name"":""Type"",""#text"":""0""},{""@Name"":""CountOfCredentialsReturned"",""#text"":""0""},{""@Name"":""ReadOperation"",""#text"":""%%8100""},{""@Name"":""ReturnCode"",""#text"":""3221226021""},{""@Name"":""ProcessCreationTime"",""#text"":""2023-08-19 00:55:06.4652473""},{""@Name"":""ClientProcessId"",""#text"":""6740""}]}}"
50,14004,2023-08-19 00:55:07.5400467,5379,LogAlways,Microsoft-Windows-Security-Auditing,Security,608,5408,Spookytown,0,,,,,,,,,,,,False,D:\NTU\CTF\DeadFace\Misc\MALUM\Maybehere.evtx,Audit success,0,"{""EventData"":{""Data"":[{""@Name"":""SubjectUserSid"",""#text"":""S-1-5-21-4166205599-1656642011-1382607969-1001""},{""@Name"":""SubjectUserName"",""#text"":""rp01""},{""@Name"":""SubjectDomainName"",""#text"":""SPOOKYTOWN""},{""@Name"":""SubjectLogonId"",""#text"":""0x835A6""},{""@Name"":""TargetName"",""#text"":""MicrosoftAccount:user=02sjbinrkdkvjgjl""},{""@Name"":""Type"",""#text"":""0""},{""@Name"":""CountOfCredentialsReturned"",""#text"":""0""},{""@Name"":""ReadOperation"",""#text"":""%%8100""},{""@Name"":""ReturnCode"",""#text"":""3221226021""},{""@Name"":""ProcessCreationTime"",""#text"":""2023-08-19 00:55:06.4652473""},{""@Name"":""ClientProcessId"",""#text"":""6740""}]}}"
51,14005,2023-08-19 00:55:07.5585811,5379,LogAlways,Microsoft-Windows-Security-Auditing,Security,608,5408,Spookytown,0,,,,,,,,,,,,False,D:\NTU\CTF\DeadFace\Misc\MALUM\Maybehere.evtx,Audit success,0,"{""EventData"":{""Data"":[{""@Name"":""SubjectUserSid"",""#text"":""S-1-5-21-4166205599-1656642011-1382607969-1001""},{""@Name"":""SubjectUserName"",""#text"":""rp01""},{""@Name"":""SubjectDomainName"",""#text"":""SPOOKYTOWN""},{""@Name"":""SubjectLogonId"",""#text"":""0x835A6""},{""@Name"":""TargetName"",""#text"":""MicrosoftAccount:user=02sjbinrkdkvjgjl""},{""@Name"":""Type"",""#text"":""0""},{""@Name"":""CountOfCredentialsReturned"",""#text"":""0""},{""@Name"":""ReadOperation"",""#text"":""%%8100""},{""@Name"":""ReturnCode"",""#text"":""3221226021""},{""@Name"":""ProcessCreationTime"",""#text"":""2023-08-19 00:55:06.4652473""},{""@Name"":""ClientProcessId"",""#text"":""6740""}]}}"
52,14006,2023-08-19 00:55:07.5586279,5379,LogAlways,Microsoft-Windows-Security-Auditing,Security,608,5408,Spookytown,0,,,,,,,,,,,,False,D:\NTU\CTF\DeadFace\Misc\MALUM\Maybehere.evtx,Audit success,0,"{""EventData"":{""Data"":[{""@Name"":""SubjectUserSid"",""#text"":""S-1-5-21-4166205599-1656642011-1382607969-1001""},{""@Name"":""SubjectUserName"",""#text"":""rp01""},{""@Name"":""SubjectDomainName"",""#text"":""SPOOKYTOWN""},{""@Name"":""SubjectLogonId"",""#text"":""0x835A6""},{""@Name"":""TargetName"",""#text"":""WindowsLive:(token):name=02sjbinrkdkvjgjl;serviceuri=*""},{""@Name"":""Type"",""#text"":""0""},{""@Name"":""CountOfCredentialsReturned"",""#text"":""0""},{""@Name"":""ReadOperation"",""#text"":""%%8100""},{""@Name"":""ReturnCode"",""#text"":""3221226021""},{""@Name"":""ProcessCreationTime"",""#text"":""2023-08-19 00:55:06.4652473""},{""@Name"":""ClientProcessId"",""#text"":""6740""}]}}"
53,14007,2023-08-19 00:55:07.5588150,5379,LogAlways,Microsoft-Windows-Security-Auditing,Security,608,5408,Spookytown,0,,,,,,,,,,,,False,D:\NTU\CTF\DeadFace\Misc\MALUM\Maybehere.evtx,Audit success,0,"{""EventData"":{""Data"":[{""@Name"":""SubjectUserSid"",""#text"":""S-1-5-21-4166205599-1656642011-1382607969-1001""},{""@Name"":""SubjectUserName"",""#text"":""rp01""},{""@Name"":""SubjectDomainName"",""#text"":""SPOOKYTOWN""},{""@Name"":""SubjectLogonId"",""#text"":""0x835A6""},{""@Name"":""TargetName"",""#text"":""WindowsLive:(cert):name=02sjbinrkdkvjgjl;serviceuri=*""},{""@Name"":""Type"",""#text"":""0""},{""@Name"":""CountOfCredentialsReturned"",""#text"":""0""},{""@Name"":""ReadOperation"",""#text"":""%%8100""},{""@Name"":""ReturnCode"",""#text"":""3221226021""},{""@Name"":""ProcessCreationTime"",""#text"":""2023-08-19 00:55:06.4652473""},{""@Name"":""ClientProcessId"",""#text"":""6740""}]}}"
