875,14829,2023-08-19 01:17:52.1051905,5379,LogAlways,Microsoft-Windows-Security-Auditing,Security,616,656,Spookytown.spooky.domain,8,,,,,,,,,,,,False,D:\NTU\CTF\DeadFace\Misc\MALUM\Maybehere.evtx,Audit success,0,"{""EventData"":{""Data"":[{""@Name"":""SubjectUserSid"",""#text"":""S-1-5-18""},{""@Name"":""SubjectUserName"",""#text"":""SPOOKYTOWN$""},{""@Name"":""SubjectDomainName"",""#text"":""SPOOKY""},{""@Name"":""SubjectLogonId"",""#text"":""0x3E7""},{""@Name"":""TargetName"",""#text"":""MicrosoftAccount:user=02imkalddtoprujp""},{""@Name"":""Type"",""#text"":""0""},{""@Name"":""CountOfCredentialsReturned"",""#text"":""0""},{""@Name"":""ReadOperation"",""#text"":""%%8100""},{""@Name"":""ReturnCode"",""#text"":""3221226021""},{""@Name"":""ProcessCreationTime"",""#text"":""2023-08-19 01:14:42.7966629""},{""@Name"":""ClientProcessId"",""#text"":""4080""}]}}"
876,14830,2023-08-19 01:17:52.1052386,5379,LogAlways,Microsoft-Windows-Security-Auditing,Security,616,656,Spookytown.spooky.domain,8,,,,,,,,,,,,False,D:\NTU\CTF\DeadFace\Misc\MALUM\Maybehere.evtx,Audit success,0,"{""EventData"":{""Data"":[{""@Name"":""SubjectUserSid"",""#text"":""S-1-5-18""},{""@Name"":""SubjectUserName"",""#text"":""SPOOKYTOWN$""},{""@Name"":""SubjectDomainName"",""#text"":""SPOOKY""},{""@Name"":""SubjectLogonId"",""#text"":""0x3E7""},{""@Name"":""TargetName"",""#text"":""WindowsLive:(token):name=02imkalddtoprujp;serviceuri=*""},{""@Name"":""Type"",""#text"":""0""},{""@Name"":""CountOfCredentialsReturned"",""#text"":""0""},{""@Name"":""ReadOperation"",""#text"":""%%8100""},{""@Name"":""ReturnCode"",""#text"":""3221226021""},{""@Name"":""ProcessCreationTime"",""#text"":""2023-08-19 01:14:42.7966629""},{""@Name"":""ClientProcessId"",""#text"":""4080""}]}}"
877,14831,2023-08-19 01:17:52.1054287,5379,LogAlways,Microsoft-Windows-Security-Auditing,Security,616,656,Spookytown.spooky.domain,8,,,,,,,,,,,,False,D:\NTU\CTF\DeadFace\Misc\MALUM\Maybehere.evtx,Audit success,0,"{""EventData"":{""Data"":[{""@Name"":""SubjectUserSid"",""#text"":""S-1-5-18""},{""@Name"":""SubjectUserName"",""#text"":""SPOOKYTOWN$""},{""@Name"":""SubjectDomainName"",""#text"":""SPOOKY""},{""@Name"":""SubjectLogonId"",""#text"":""0x3E7""},{""@Name"":""TargetName"",""#text"":""WindowsLive:(cert):name=02imkalddtoprujp;serviceuri=*""},{""@Name"":""Type"",""#text"":""0""},{""@Name"":""CountOfCredentialsReturned"",""#text"":""0""},{""@Name"":""ReadOperation"",""#text"":""%%8100""},{""@Name"":""ReturnCode"",""#text"":""3221226021""},{""@Name"":""ProcessCreationTime"",""#text"":""2023-08-19 01:14:42.7966629""},{""@Name"":""ClientProcessId"",""#text"":""4080""}]}}"
878,14832,2023-08-19 01:17:52.1087920,5379,LogAlways,Microsoft-Windows-Security-Auditing,Security,616,656,Spookytown.spooky.domain,8,,,,,,,,,,,,False,D:\NTU\CTF\DeadFace\Misc\MALUM\Maybehere.evtx,Audit success,0,"{""EventData"":{""Data"":[{""@Name"":""SubjectUserSid"",""#text"":""S-1-5-18""},{""@Name"":""SubjectUserName"",""#text"":""SPOOKYTOWN$""},{""@Name"":""SubjectDomainName"",""#text"":""SPOOKY""},{""@Name"":""SubjectLogonId"",""#text"":""0x3E7""},{""@Name"":""TargetName"",""#text"":""MicrosoftAccount:user=02imkalddtoprujp""},{""@Name"":""Type"",""#text"":""0""},{""@Name"":""CountOfCredentialsReturned"",""#text"":""0""},{""@Name"":""ReadOperation"",""#text"":""%%8100""},{""@Name"":""ReturnCode"",""#text"":""3221226021""},{""@Name"":""ProcessCreationTime"",""#text"":""2023-08-19 01:14:42.7966629""},{""@Name"":""ClientProcessId"",""#text"":""4080""}]}}"
879,14833,2023-08-19 01:17:52.2240096,5379,LogAlways,Microsoft-Windows-Security-Auditing,Security,616,656,Spookytown.spooky.domain,8,,,,,,,,,,,,False,D:\NTU\CTF\DeadFace\Misc\MALUM\Maybehere.evtx,Audit success,0,"{""EventData"":{""Data"":[{""@Name"":""SubjectUserSid"",""#text"":""S-1-5-18""},{""@Name"":""SubjectUserName"",""#text"":""SPOOKYTOWN$""},{""@Name"":""SubjectDomainName"",""#text"":""SPOOKY""},{""@Name"":""SubjectLogonId"",""#text"":""0x3E7""},{""@Name"":""TargetName"",""#text"":""MicrosoftAccount:user=02imkalddtoprujp""},{""@Name"":""Type"",""#text"":""0""},{""@Name"":""CountOfCredentialsReturned"",""#text"":""0""},{""@Name"":""ReadOperation"",""#text"":""%%8100""},{""@Name"":""ReturnCode"",""#text"":""3221226021""},{""@Name"":""ProcessCreationTime"",""#text"":""2023-08-19 01:14:42.7966629""},{""@Name"":""ClientProcessId"",""#text"":""4080""}]}}"
880,14834,2023-08-19 01:17:52.2240570,5379,LogAlways,Microsoft-Windows-Security-Auditing,Security,616,656,Spookytown.spooky.domain,8,,,,,,,,,,,,False,D:\NTU\CTF\DeadFace\Misc\MALUM\Maybehere.evtx,Audit success,0,"{""EventData"":{""Data"":[{""@Name"":""SubjectUserSid"",""#text"":""S-1-5-18""},{""@Name"":""SubjectUserName"",""#text"":""SPOOKYTOWN$""},{""@Name"":""SubjectDomainName"",""#text"":""SPOOKY""},{""@Name"":""SubjectLogonId"",""#text"":""0x3E7""},{""@Name"":""TargetName"",""#text"":""WindowsLive:(token):name=02imkalddtoprujp;serviceuri=*""},{""@Name"":""Type"",""#text"":""0""},{""@Name"":""CountOfCredentialsReturned"",""#text"":""0""},{""@Name"":""ReadOperation"",""#text"":""%%8100""},{""@Name"":""ReturnCode"",""#text"":""3221226021""},{""@Name"":""ProcessCreationTime"",""#text"":""2023-08-19 01:14:42.7966629""},{""@Name"":""ClientProcessId"",""#text"":""4080""}]}}"
881,14835,2023-08-19 01:17:52.2242593,5379,LogAlways,Microsoft-Windows-Security-Auditing,Security,616,656,Spookytown.spooky.domain,8,,,,,,,,,,,,False,D:\NTU\CTF\DeadFace\Misc\MALUM\Maybehere.evtx,Audit success,0,"{""EventData"":{""Data"":[{""@Name"":""SubjectUserSid"",""#text"":""S-1-5-18""},{""@Name"":""SubjectUserName"",""#text"":""SPOOKYTOWN$""},{""@Name"":""SubjectDomainName"",""#text"":""SPOOKY""},{""@Name"":""SubjectLogonId"",""#text"":""0x3E7""},{""@Name"":""TargetName"",""#text"":""WindowsLive:(cert):name=02imkalddtoprujp;serviceuri=*""},{""@Name"":""Type"",""#text"":""0""},{""@Name"":""CountOfCredentialsReturned"",""#text"":""0""},{""@Name"":""ReadOperation"",""#text"":""%%8100""},{""@Name"":""ReturnCode"",""#text"":""3221226021""},{""@Name"":""ProcessCreationTime"",""#text"":""2023-08-19 01:14:42.7966629""},{""@Name"":""ClientProcessId"",""#text"":""4080""}]}}"
882,14836,2023-08-19 01:17:52.2266796,5379,LogAlways,Microsoft-Windows-Security-Auditing,Security,616,656,Spookytown.spooky.domain,8,,,,,,,,,,,,False,D:\NTU\CTF\DeadFace\Misc\MALUM\Maybehere.evtx,Audit success,0,"{""EventData"":{""Data"":[{""@Name"":""SubjectUserSid"",""#text"":""S-1-5-18""},{""@Name"":""SubjectUserName"",""#text"":""SPOOKYTOWN$""},{""@Name"":""SubjectDomainName"",""#text"":""SPOOKY""},{""@Name"":""SubjectLogonId"",""#text"":""0x3E7""},{""@Name"":""TargetName"",""#text"":""MicrosoftAccount:user=02imkalddtoprujp""},{""@Name"":""Type"",""#text"":""0""},{""@Name"":""CountOfCredentialsReturned"",""#text"":""0""},{""@Name"":""ReadOperation"",""#text"":""%%8100""},{""@Name"":""ReturnCode"",""#text"":""3221226021""},{""@Name"":""ProcessCreationTime"",""#text"":""2023-08-19 01:14:42.7966629""},{""@Name"":""ClientProcessId"",""#text"":""4080""}]}}"
883,14837,2023-08-19 01:18:39.8718187,4624,LogAlways,Microsoft-Windows-Security-Auditing,Security,616,656,Spookytown.spooky.domain,8,,,,,,,,,,,,False,D:\NTU\CTF\DeadFace\Misc\MALUM\Maybehere.evtx,Audit success,0,"{""EventData"":{""Data"":[{""@Name"":""SubjectUserSid"",""#text"":""S-1-5-18""},{""@Name"":""SubjectUserName"",""#text"":""SPOOKYTOWN$""},{""@Name"":""SubjectDomainName"",""#text"":""SPOOKY""},{""@Name"":""SubjectLogonId"",""#text"":""0x3E7""},{""@Name"":""TargetUserSid"",""#text"":""S-1-5-18""},{""@Name"":""TargetUserName"",""#text"":""SYSTEM""},{""@Name"":""TargetDomainName"",""#text"":""NT AUTHORITY""},{""@Name"":""TargetLogonId"",""#text"":""0x3E7""},{""@Name"":""LogonType"",""#text"":""5""},{""@Name"":""LogonProcessName"",""#text"":""Advapi  ""},{""@Name"":""AuthenticationPackageName"",""#text"":""Negotiate""},{""@Name"":""WorkstationName"",""#text"":""-""},{""@Name"":""LogonGuid"",""#text"":""00000000-0000-0000-0000-000000000000""},{""@Name"":""TransmittedServices"",""#text"":""-""},{""@Name"":""LmPackageName"",""#text"":""-""},{""@Name"":""KeyLength"",""#text"":""0""},{""@Name"":""ProcessId"",""#text"":""0x238""},{""@Name"":""ProcessName"",""#text"":""C:\\Windows\\System32\\services.exe""},{""@Name"":""IpAddress"",""#text"":""-""},{""@Name"":""IpPort"",""#text"":""-""},{""@Name"":""ImpersonationLevel"",""#text"":""%%1833""},{""@Name"":""RestrictedAdminMode"",""#text"":""-""},{""@Name"":""TargetOutboundUserName"",""#text"":""-""},{""@Name"":""TargetOutboundDomainName"",""#text"":""-""},{""@Name"":""VirtualAccount"",""#text"":""%%1843""},{""@Name"":""TargetLinkedLogonId"",""#text"":""0x0""},{""@Name"":""ElevatedToken"",""#text"":""%%1842""}]}}"
884,14838,2023-08-19 01:18:39.8718251,4672,LogAlways,Microsoft-Windows-Security-Auditing,Security,616,656,Spookytown.spooky.domain,8,,,,,,,,,,,,False,D:\NTU\CTF\DeadFace\Misc\MALUM\Maybehere.evtx,Audit success,0,"{""EventData"":{""Data"":[{""@Name"":""SubjectUserSid"",""#text"":""S-1-5-18""},{""@Name"":""SubjectUserName"",""#text"":""SYSTEM""},{""@Name"":""SubjectDomainName"",""#text"":""NT AUTHORITY""},{""@Name"":""SubjectLogonId"",""#text"":""0x3E7""},{""@Name"":""PrivilegeList"",""#text"":""SeAssignPrimaryTokenPrivilege, SeTcbPrivilege, SeSecurityPrivilege, SeTakeOwnershipPrivilege, SeLoadDriverPrivilege, SeBackupPrivilege, SeRestorePrivilege, SeDebugPrivilege, SeAuditPrivilege, SeSystemEnvironmentPrivilege, SeImpersonatePrivilege, SeDelegateSessionUserImpersonatePrivilege""}]}}"
885,14839,2023-08-19 01:18:51.2908093,5379,LogAlways,Microsoft-Windows-Security-Auditing,Security,616,724,Spookytown.spooky.domain,8,,,,,,,,,,,,False,D:\NTU\CTF\DeadFace\Misc\MALUM\Maybehere.evtx,Audit success,0,"{""EventData"":{""Data"":[{""@Name"":""SubjectUserSid"",""#text"":""S-1-5-21-454704032-2994698886-2546163-500""},{""@Name"":""SubjectUserName"",""#text"":""administrator""},{""@Name"":""SubjectDomainName"",""#text"":""SPOOKY""},{""@Name"":""SubjectLogonId"",""#text"":""0x647BF""},{""@Name"":""TargetName"",""#text"":""WindowsLive:(token):name=02oubiutbiieluda;serviceuri=*""},{""@Name"":""Type"",""#text"":""0""},{""@Name"":""CountOfCredentialsReturned"",""#text"":""0""},{""@Name"":""ReadOperation"",""#text"":""%%8100""},{""@Name"":""ReturnCode"",""#text"":""3221226021""},{""@Name"":""ProcessCreationTime"",""#text"":""2023-08-19 01:14:42.7966629""},{""@Name"":""ClientProcessId"",""#text"":""4080""}]}}"
886,14840,2023-08-19 01:18:51.2912393,5379,LogAlways,Microsoft-Windows-Security-Auditing,Security,616,724,Spookytown.spooky.domain,8,,,,,,,,,,,,False,D:\NTU\CTF\DeadFace\Misc\MALUM\Maybehere.evtx,Audit success,0,"{""EventData"":{""Data"":[{""@Name"":""SubjectUserSid"",""#text"":""S-1-5-21-454704032-2994698886-2546163-500""},{""@Name"":""SubjectUserName"",""#text"":""administrator""},{""@Name"":""SubjectDomainName"",""#text"":""SPOOKY""},{""@Name"":""SubjectLogonId"",""#text"":""0x647BF""},{""@Name"":""TargetName"",""#text"":""WindowsLive:(cert):name=02oubiutbiieluda;serviceuri=*""},{""@Name"":""Type"",""#text"":""0""},{""@Name"":""CountOfCredentialsReturned"",""#text"":""0""},{""@Name"":""ReadOperation"",""#text"":""%%8100""},{""@Name"":""ReturnCode"",""#text"":""3221226021""},{""@Name"":""ProcessCreationTime"",""#text"":""2023-08-19 01:14:42.7966629""},{""@Name"":""ClientProcessId"",""#text"":""4080""}]}}"
887,14841,2023-08-19 01:18:51.2912886,5379,LogAlways,Microsoft-Windows-Security-Auditing,Security,616,724,Spookytown.spooky.domain,9,,,,,,,,,,,,False,D:\NTU\CTF\DeadFace\Misc\MALUM\Maybehere.evtx,Audit success,0,"{""EventData"":{""Data"":[{""@Name"":""SubjectUserSid"",""#text"":""S-1-5-21-454704032-2994698886-2546163-500""},{""@Name"":""SubjectUserName"",""#text"":""administrator""},{""@Name"":""SubjectDomainName"",""#text"":""SPOOKY""},{""@Name"":""SubjectLogonId"",""#text"":""0x647BF""},{""@Name"":""TargetName"",""#text"":""WindowsLive:target=virtualapp/didlogical""},{""@Name"":""Type"",""#text"":""0""},{""@Name"":""CountOfCredentialsReturned"",""#text"":""0""},{""@Name"":""ReadOperation"",""#text"":""%%8100""},{""@Name"":""ReturnCode"",""#text"":""3221226021""},{""@Name"":""ProcessCreationTime"",""#text"":""2023-08-19 01:14:42.7966629""},{""@Name"":""ClientProcessId"",""#text"":""4080""}]}}"
888,14842,2023-08-19 01:18:51.3046711,5379,LogAlways,Microsoft-Windows-Security-Auditing,Security,616,656,Spookytown.spooky.domain,9,,,,,,,,,,,,False,D:\NTU\CTF\DeadFace\Misc\MALUM\Maybehere.evtx,Audit success,0,"{""EventData"":{""Data"":[{""@Name"":""SubjectUserSid"",""#text"":""S-1-5-21-454704032-2994698886-2546163-500""},{""@Name"":""SubjectUserName"",""#text"":""administrator""},{""@Name"":""SubjectDomainName"",""#text"":""SPOOKY""},{""@Name"":""SubjectLogonId"",""#text"":""0x647BF""},{""@Name"":""TargetName"",""#text"":""WindowsLive:target=virtualapp/didlogical""},{""@Name"":""Type"",""#text"":""0""},{""@Name"":""CountOfCredentialsReturned"",""#text"":""0""},{""@Name"":""ReadOperation"",""#text"":""%%8100""},{""@Name"":""ReturnCode"",""#text"":""3221226021""},{""@Name"":""ProcessCreationTime"",""#text"":""2023-08-19 01:14:42.7966629""},{""@Name"":""ClientProcessId"",""#text"":""4080""}]}}"
889,14843,2023-08-19 01:18:57.5357464,4798,LogAlways,Microsoft-Windows-Security-Auditing,Security,616,2936,Spookytown.spooky.domain,9,,,,,,,,,,,,False,D:\NTU\CTF\DeadFace\Misc\MALUM\Maybehere.evtx,Audit success,0,"{""EventData"":{""Data"":[{""@Name"":""TargetUserName"",""#text"":""Administrator""},{""@Name"":""TargetDomainName"",""#text"":""SPOOKYTOWN""},{""@Name"":""TargetSid"",""#text"":""S-1-5-21-4166205599-1656642011-1382607969-500""},{""@Name"":""SubjectUserSid"",""#text"":""S-1-5-21-454704032-2994698886-2546163-500""},{""@Name"":""SubjectUserName"",""#text"":""administrator""},{""@Name"":""SubjectDomainName"",""#text"":""SPOOKY""},{""@Name"":""SubjectLogonId"",""#text"":""0x647BF""},{""@Name"":""CallerProcessId"",""#text"":""0xFC8""},{""@Name"":""CallerProcessName"",""#text"":""C:\\Windows\\System32\\mmc.exe""}]}}"
890,14844,2023-08-19 01:19:12.2963256,4798,LogAlways,Microsoft-Windows-Security-Auditing,Security,616,680,Spookytown.spooky.domain,9,,,,,,,,,,,,False,D:\NTU\CTF\DeadFace\Misc\MALUM\Maybehere.evtx,Audit success,0,"{""EventData"":{""Data"":[{""@Name"":""TargetUserName"",""#text"":""Administrator""},{""@Name"":""TargetDomainName"",""#text"":""SPOOKYTOWN""},{""@Name"":""TargetSid"",""#text"":""S-1-5-21-4166205599-1656642011-1382607969-500""},{""@Name"":""SubjectUserSid"",""#text"":""S-1-5-21-454704032-2994698886-2546163-500""},{""@Name"":""SubjectUserName"",""#text"":""administrator""},{""@Name"":""SubjectDomainName"",""#text"":""SPOOKY""},{""@Name"":""SubjectLogonId"",""#text"":""0x647BF""},{""@Name"":""CallerProcessId"",""#text"":""0xFC8""},{""@Name"":""CallerProcessName"",""#text"":""C:\\Windows\\System32\\mmc.exe""}]}}"
891,14845,2023-08-19 01:19:12.3075141,4798,LogAlways,Microsoft-Windows-Security-Auditing,Security,616,680,Spookytown.spooky.domain,9,,,,,,,,,,,,False,D:\NTU\CTF\DeadFace\Misc\MALUM\Maybehere.evtx,Audit success,0,"{""EventData"":{""Data"":[{""@Name"":""TargetUserName"",""#text"":""Administrator""},{""@Name"":""TargetDomainName"",""#text"":""SPOOKYTOWN""},{""@Name"":""TargetSid"",""#text"":""S-1-5-21-4166205599-1656642011-1382607969-500""},{""@Name"":""SubjectUserSid"",""#text"":""S-1-5-21-454704032-2994698886-2546163-500""},{""@Name"":""SubjectUserName"",""#text"":""administrator""},{""@Name"":""SubjectDomainName"",""#text"":""SPOOKY""},{""@Name"":""SubjectLogonId"",""#text"":""0x647BF""},{""@Name"":""CallerProcessId"",""#text"":""0xB8C""},{""@Name"":""CallerProcessName"",""#text"":""C:\\Windows\\explorer.exe""}]}}"
