670,14624,2023-08-19 01:14:45.0714758,4672,LogAlways,Microsoft-Windows-Security-Auditing,Security,616,684,Spookytown.spooky.domain,6,,,,,,,,,,,,False,D:\NTU\CTF\DeadFace\Misc\MALUM\Maybehere.evtx,Audit success,0,"{""EventData"":{""Data"":[{""@Name"":""SubjectUserSid"",""#text"":""S-1-5-18""},{""@Name"":""SubjectUserName"",""#text"":""SYSTEM""},{""@Name"":""SubjectDomainName"",""#text"":""NT AUTHORITY""},{""@Name"":""SubjectLogonId"",""#text"":""0x3E7""},{""@Name"":""PrivilegeList"",""#text"":""SeAssignPrimaryTokenPrivilege, SeTcbPrivilege, SeSecurityPrivilege, SeTakeOwnershipPrivilege, SeLoadDriverPrivilege, SeBackupPrivilege, SeRestorePrivilege, SeDebugPrivilege, SeAuditPrivilege, SeSystemEnvironmentPrivilege, SeImpersonatePrivilege, SeDelegateSessionUserImpersonatePrivilege""}]}}"
671,14625,2023-08-19 01:14:45.9857382,4624,LogAlways,Microsoft-Windows-Security-Auditing,Security,616,680,Spookytown.spooky.domain,6,,,,,,,,,,,,False,D:\NTU\CTF\DeadFace\Misc\MALUM\Maybehere.evtx,Audit success,0,"{""EventData"":{""Data"":[{""@Name"":""SubjectUserSid"",""#text"":""S-1-5-18""},{""@Name"":""SubjectUserName"",""#text"":""SPOOKYTOWN$""},{""@Name"":""SubjectDomainName"",""#text"":""SPOOKY""},{""@Name"":""SubjectLogonId"",""#text"":""0x3E7""},{""@Name"":""TargetUserSid"",""#text"":""S-1-5-18""},{""@Name"":""TargetUserName"",""#text"":""SYSTEM""},{""@Name"":""TargetDomainName"",""#text"":""NT AUTHORITY""},{""@Name"":""TargetLogonId"",""#text"":""0x3E7""},{""@Name"":""LogonType"",""#text"":""5""},{""@Name"":""LogonProcessName"",""#text"":""Advapi  ""},{""@Name"":""AuthenticationPackageName"",""#text"":""Negotiate""},{""@Name"":""WorkstationName"",""#text"":""-""},{""@Name"":""LogonGuid"",""#text"":""00000000-0000-0000-0000-000000000000""},{""@Name"":""TransmittedServices"",""#text"":""-""},{""@Name"":""LmPackageName"",""#text"":""-""},{""@Name"":""KeyLength"",""#text"":""0""},{""@Name"":""ProcessId"",""#text"":""0x238""},{""@Name"":""ProcessName"",""#text"":""C:\\Windows\\System32\\services.exe""},{""@Name"":""IpAddress"",""#text"":""-""},{""@Name"":""IpPort"",""#text"":""-""},{""@Name"":""ImpersonationLevel"",""#text"":""%%1833""},{""@Name"":""RestrictedAdminMode"",""#text"":""-""},{""@Name"":""TargetOutboundUserName"",""#text"":""-""},{""@Name"":""TargetOutboundDomainName"",""#text"":""-""},{""@Name"":""VirtualAccount"",""#text"":""%%1843""},{""@Name"":""TargetLinkedLogonId"",""#text"":""0x0""},{""@Name"":""ElevatedToken"",""#text"":""%%1842""}]}}"
672,14626,2023-08-19 01:14:45.9857417,4672,LogAlways,Microsoft-Windows-Security-Auditing,Security,616,680,Spookytown.spooky.domain,6,,,,,,,,,,,,False,D:\NTU\CTF\DeadFace\Misc\MALUM\Maybehere.evtx,Audit success,0,"{""EventData"":{""Data"":[{""@Name"":""SubjectUserSid"",""#text"":""S-1-5-18""},{""@Name"":""SubjectUserName"",""#text"":""SYSTEM""},{""@Name"":""SubjectDomainName"",""#text"":""NT AUTHORITY""},{""@Name"":""SubjectLogonId"",""#text"":""0x3E7""},{""@Name"":""PrivilegeList"",""#text"":""SeAssignPrimaryTokenPrivilege, SeTcbPrivilege, SeSecurityPrivilege, SeTakeOwnershipPrivilege, SeLoadDriverPrivilege, SeBackupPrivilege, SeRestorePrivilege, SeDebugPrivilege, SeAuditPrivilege, SeSystemEnvironmentPrivilege, SeImpersonatePrivilege, SeDelegateSessionUserImpersonatePrivilege""}]}}"
673,14627,2023-08-19 01:14:46.0143283,4624,LogAlways,Microsoft-Windows-Security-Auditing,Security,616,680,Spookytown.spooky.domain,6,,,,,,,,,,,,False,D:\NTU\CTF\DeadFace\Misc\MALUM\Maybehere.evtx,Audit success,0,"{""EventData"":{""Data"":[{""@Name"":""SubjectUserSid"",""#text"":""S-1-5-18""},{""@Name"":""SubjectUserName"",""#text"":""SPOOKYTOWN$""},{""@Name"":""SubjectDomainName"",""#text"":""SPOOKY""},{""@Name"":""SubjectLogonId"",""#text"":""0x3E7""},{""@Name"":""TargetUserSid"",""#text"":""S-1-5-18""},{""@Name"":""TargetUserName"",""#text"":""SYSTEM""},{""@Name"":""TargetDomainName"",""#text"":""NT AUTHORITY""},{""@Name"":""TargetLogonId"",""#text"":""0x3E7""},{""@Name"":""LogonType"",""#text"":""5""},{""@Name"":""LogonProcessName"",""#text"":""Advapi  ""},{""@Name"":""AuthenticationPackageName"",""#text"":""Negotiate""},{""@Name"":""WorkstationName"",""#text"":""-""},{""@Name"":""LogonGuid"",""#text"":""00000000-0000-0000-0000-000000000000""},{""@Name"":""TransmittedServices"",""#text"":""-""},{""@Name"":""LmPackageName"",""#text"":""-""},{""@Name"":""KeyLength"",""#text"":""0""},{""@Name"":""ProcessId"",""#text"":""0x238""},{""@Name"":""ProcessName"",""#text"":""C:\\Windows\\System32\\services.exe""},{""@Name"":""IpAddress"",""#text"":""-""},{""@Name"":""IpPort"",""#text"":""-""},{""@Name"":""ImpersonationLevel"",""#text"":""%%1833""},{""@Name"":""RestrictedAdminMode"",""#text"":""-""},{""@Name"":""TargetOutboundUserName"",""#text"":""-""},{""@Name"":""TargetOutboundDomainName"",""#text"":""-""},{""@Name"":""VirtualAccount"",""#text"":""%%1843""},{""@Name"":""TargetLinkedLogonId"",""#text"":""0x0""},{""@Name"":""ElevatedToken"",""#text"":""%%1842""}]}}"
674,14628,2023-08-19 01:14:46.0143320,4672,LogAlways,Microsoft-Windows-Security-Auditing,Security,616,680,Spookytown.spooky.domain,6,,,,,,,,,,,,False,D:\NTU\CTF\DeadFace\Misc\MALUM\Maybehere.evtx,Audit success,0,"{""EventData"":{""Data"":[{""@Name"":""SubjectUserSid"",""#text"":""S-1-5-18""},{""@Name"":""SubjectUserName"",""#text"":""SYSTEM""},{""@Name"":""SubjectDomainName"",""#text"":""NT AUTHORITY""},{""@Name"":""SubjectLogonId"",""#text"":""0x3E7""},{""@Name"":""PrivilegeList"",""#text"":""SeAssignPrimaryTokenPrivilege, SeTcbPrivilege, SeSecurityPrivilege, SeTakeOwnershipPrivilege, SeLoadDriverPrivilege, SeBackupPrivilege, SeRestorePrivilege, SeDebugPrivilege, SeAuditPrivilege, SeSystemEnvironmentPrivilege, SeImpersonatePrivilege, SeDelegateSessionUserImpersonatePrivilege""}]}}"
675,14629,2023-08-19 01:14:46.4650441,4648,LogAlways,Microsoft-Windows-Security-Auditing,Security,616,680,Spookytown.spooky.domain,6,,,,,,,,,,,,False,D:\NTU\CTF\DeadFace\Misc\MALUM\Maybehere.evtx,Audit success,0,"{""EventData"":{""Data"":[{""@Name"":""SubjectUserSid"",""#text"":""S-1-5-18""},{""@Name"":""SubjectUserName"",""#text"":""SPOOKYTOWN$""},{""@Name"":""SubjectDomainName"",""#text"":""SPOOKY""},{""@Name"":""SubjectLogonId"",""#text"":""0x3E7""},{""@Name"":""LogonGuid"",""#text"":""00000000-0000-0000-0000-000000000000""},{""@Name"":""TargetUserName"",""#text"":""SPOOKYTOWN$""},{""@Name"":""TargetDomainName"",""#text"":""SPOOKY.DOMAIN""},{""@Name"":""TargetLogonGuid"",""#text"":""003af6a3-f04e-fc0d-6202-862759a6e76f""},{""@Name"":""TargetServerName"",""#text"":""spookytown$""},{""@Name"":""TargetInfo"",""#text"":""spookytown$""},{""@Name"":""ProcessId"",""#text"":""0x1250""},{""@Name"":""ProcessName"",""#text"":""C:\\Windows\\System32\\taskhostw.exe""},{""@Name"":""IpAddress"",""#text"":""-""},{""@Name"":""IpPort"",""#text"":""-""}]}}"
676,14630,2023-08-19 01:14:46.4653087,4672,LogAlways,Microsoft-Windows-Security-Auditing,Security,616,680,Spookytown.spooky.domain,6,,,,,,,,,,,,False,D:\NTU\CTF\DeadFace\Misc\MALUM\Maybehere.evtx,Audit success,0,"{""EventData"":{""Data"":[{""@Name"":""SubjectUserSid"",""#text"":""S-1-5-18""},{""@Name"":""SubjectUserName"",""#text"":""SPOOKYTOWN$""},{""@Name"":""SubjectDomainName"",""#text"":""SPOOKY""},{""@Name"":""SubjectLogonId"",""#text"":""0x4E104""},{""@Name"":""PrivilegeList"",""#text"":""SeSecurityPrivilege, SeBackupPrivilege, SeRestorePrivilege, SeTakeOwnershipPrivilege, SeDebugPrivilege, SeSystemEnvironmentPrivilege, SeLoadDriverPrivilege, SeImpersonatePrivilege, SeDelegateSessionUserImpersonatePrivilege""}]}}"
677,14631,2023-08-19 01:14:46.4653535,4624,LogAlways,Microsoft-Windows-Security-Auditing,Security,616,680,Spookytown.spooky.domain,6,,,,,,,,,,,,False,D:\NTU\CTF\DeadFace\Misc\MALUM\Maybehere.evtx,Audit success,0,"{""EventData"":{""Data"":[{""@Name"":""SubjectUserSid"",""#text"":""S-1-0-0""},{""@Name"":""SubjectUserName"",""#text"":""-""},{""@Name"":""SubjectDomainName"",""#text"":""-""},{""@Name"":""SubjectLogonId"",""#text"":""0x0""},{""@Name"":""TargetUserSid"",""#text"":""S-1-5-18""},{""@Name"":""TargetUserName"",""#text"":""SPOOKYTOWN$""},{""@Name"":""TargetDomainName"",""#text"":""SPOOKY.DOMAIN""},{""@Name"":""TargetLogonId"",""#text"":""0x4E104""},{""@Name"":""LogonType"",""#text"":""3""},{""@Name"":""LogonProcessName"",""#text"":""Kerberos""},{""@Name"":""AuthenticationPackageName"",""#text"":""Kerberos""},{""@Name"":""WorkstationName"",""#text"":""-""},{""@Name"":""LogonGuid"",""#text"":""003af6a3-f04e-fc0d-6202-862759a6e76f""},{""@Name"":""TransmittedServices"",""#text"":""-""},{""@Name"":""LmPackageName"",""#text"":""-""},{""@Name"":""KeyLength"",""#text"":""0""},{""@Name"":""ProcessId"",""#text"":""0x0""},{""@Name"":""ProcessName"",""#text"":""-""},{""@Name"":""IpAddress"",""#text"":""-""},{""@Name"":""IpPort"",""#text"":""-""},{""@Name"":""ImpersonationLevel"",""#text"":""%%1833""},{""@Name"":""RestrictedAdminMode"",""#text"":""-""},{""@Name"":""TargetOutboundUserName"",""#text"":""-""},{""@Name"":""TargetOutboundDomainName"",""#text"":""-""},{""@Name"":""VirtualAccount"",""#text"":""%%1843""},{""@Name"":""TargetLinkedLogonId"",""#text"":""0x0""},{""@Name"":""ElevatedToken"",""#text"":""%%1842""}]}}"
678,14632,2023-08-19 01:14:46.4661343,4634,LogAlways,Microsoft-Windows-Security-Auditing,Security,616,680,Spookytown.spooky.domain,6,,,,,,,,,,,,False,D:\NTU\CTF\DeadFace\Misc\MALUM\Maybehere.evtx,Audit success,0,"{""EventData"":{""Data"":[{""@Name"":""TargetUserSid"",""#text"":""S-1-5-18""},{""@Name"":""TargetUserName"",""#text"":""SPOOKYTOWN$""},{""@Name"":""TargetDomainName"",""#text"":""SPOOKY""},{""@Name"":""TargetLogonId"",""#text"":""0x4E104""},{""@Name"":""LogonType"",""#text"":""3""}]}}"
679,14633,2023-08-19 01:14:46.9849659,5379,LogAlways,Microsoft-Windows-Security-Auditing,Security,616,680,Spookytown.spooky.domain,6,,,,,,,,,,,,False,D:\NTU\CTF\DeadFace\Misc\MALUM\Maybehere.evtx,Audit success,0,"{""EventData"":{""Data"":[{""@Name"":""SubjectUserSid"",""#text"":""S-1-5-19""},{""@Name"":""SubjectUserName"",""#text"":""LOCAL SERVICE""},{""@Name"":""SubjectDomainName"",""#text"":""NT AUTHORITY""},{""@Name"":""SubjectLogonId"",""#text"":""0x3E5""},{""@Name"":""TargetName"",""#text"":""WindowsLive:(token):name=02ayjetvoebuxfku;serviceuri=*""},{""@Name"":""Type"",""#text"":""0""},{""@Name"":""CountOfCredentialsReturned"",""#text"":""0""},{""@Name"":""ReadOperation"",""#text"":""%%8100""},{""@Name"":""ReturnCode"",""#text"":""3221226021""},{""@Name"":""ProcessCreationTime"",""#text"":""2023-08-19 01:14:42.7966629""},{""@Name"":""ClientProcessId"",""#text"":""4080""}]}}"
680,14634,2023-08-19 01:14:46.9851573,5379,LogAlways,Microsoft-Windows-Security-Auditing,Security,616,680,Spookytown.spooky.domain,6,,,,,,,,,,,,False,D:\NTU\CTF\DeadFace\Misc\MALUM\Maybehere.evtx,Audit success,0,"{""EventData"":{""Data"":[{""@Name"":""SubjectUserSid"",""#text"":""S-1-5-19""},{""@Name"":""SubjectUserName"",""#text"":""LOCAL SERVICE""},{""@Name"":""SubjectDomainName"",""#text"":""NT AUTHORITY""},{""@Name"":""SubjectLogonId"",""#text"":""0x3E5""},{""@Name"":""TargetName"",""#text"":""WindowsLive:(cert):name=02ayjetvoebuxfku;serviceuri=*""},{""@Name"":""Type"",""#text"":""0""},{""@Name"":""CountOfCredentialsReturned"",""#text"":""0""},{""@Name"":""ReadOperation"",""#text"":""%%8100""},{""@Name"":""ReturnCode"",""#text"":""3221226021""},{""@Name"":""ProcessCreationTime"",""#text"":""2023-08-19 01:14:42.7966629""},{""@Name"":""ClientProcessId"",""#text"":""4080""}]}}"
681,14635,2023-08-19 01:14:46.9852276,5379,LogAlways,Microsoft-Windows-Security-Auditing,Security,616,680,Spookytown.spooky.domain,6,,,,,,,,,,,,False,D:\NTU\CTF\DeadFace\Misc\MALUM\Maybehere.evtx,Audit success,0,"{""EventData"":{""Data"":[{""@Name"":""SubjectUserSid"",""#text"":""S-1-5-19""},{""@Name"":""SubjectUserName"",""#text"":""LOCAL SERVICE""},{""@Name"":""SubjectDomainName"",""#text"":""NT AUTHORITY""},{""@Name"":""SubjectLogonId"",""#text"":""0x3E5""},{""@Name"":""TargetName"",""#text"":""WindowsLive:target=virtualapp/didlogical""},{""@Name"":""Type"",""#text"":""0""},{""@Name"":""CountOfCredentialsReturned"",""#text"":""1""},{""@Name"":""ReadOperation"",""#text"":""%%8100""},{""@Name"":""ReturnCode"",""#text"":""0""},{""@Name"":""ProcessCreationTime"",""#text"":""2023-08-19 01:14:42.7966629""},{""@Name"":""ClientProcessId"",""#text"":""4080""}]}}"
682,14636,2023-08-19 01:14:46.9860118,5379,LogAlways,Microsoft-Windows-Security-Auditing,Security,616,680,Spookytown.spooky.domain,6,,,,,,,,,,,,False,D:\NTU\CTF\DeadFace\Misc\MALUM\Maybehere.evtx,Audit success,0,"{""EventData"":{""Data"":[{""@Name"":""SubjectUserSid"",""#text"":""S-1-5-19""},{""@Name"":""SubjectUserName"",""#text"":""LOCAL SERVICE""},{""@Name"":""SubjectDomainName"",""#text"":""NT AUTHORITY""},{""@Name"":""SubjectLogonId"",""#text"":""0x3E5""},{""@Name"":""TargetName"",""#text"":""MicrosoftAccount:user=02ayjetvoebuxfku""},{""@Name"":""Type"",""#text"":""0""},{""@Name"":""CountOfCredentialsReturned"",""#text"":""0""},{""@Name"":""ReadOperation"",""#text"":""%%8100""},{""@Name"":""ReturnCode"",""#text"":""3221226021""},{""@Name"":""ProcessCreationTime"",""#text"":""2023-08-19 01:14:42.7966629""},{""@Name"":""ClientProcessId"",""#text"":""4080""}]}}"
683,14637,2023-08-19 01:14:46.9861032,5379,LogAlways,Microsoft-Windows-Security-Auditing,Security,616,680,Spookytown.spooky.domain,6,,,,,,,,,,,,False,D:\NTU\CTF\DeadFace\Misc\MALUM\Maybehere.evtx,Audit success,0,"{""EventData"":{""Data"":[{""@Name"":""SubjectUserSid"",""#text"":""S-1-5-19""},{""@Name"":""SubjectUserName"",""#text"":""LOCAL SERVICE""},{""@Name"":""SubjectDomainName"",""#text"":""NT AUTHORITY""},{""@Name"":""SubjectLogonId"",""#text"":""0x3E5""},{""@Name"":""TargetName"",""#text"":""WindowsLive:(token):name=02ayjetvoebuxfku;serviceuri=*""},{""@Name"":""Type"",""#text"":""0""},{""@Name"":""CountOfCredentialsReturned"",""#text"":""0""},{""@Name"":""ReadOperation"",""#text"":""%%8100""},{""@Name"":""ReturnCode"",""#text"":""3221226021""},{""@Name"":""ProcessCreationTime"",""#text"":""2023-08-19 01:14:42.7966629""},{""@Name"":""ClientProcessId"",""#text"":""4080""}]}}"
684,14638,2023-08-19 01:14:46.9862740,5379,LogAlways,Microsoft-Windows-Security-Auditing,Security,616,680,Spookytown.spooky.domain,6,,,,,,,,,,,,False,D:\NTU\CTF\DeadFace\Misc\MALUM\Maybehere.evtx,Audit success,0,"{""EventData"":{""Data"":[{""@Name"":""SubjectUserSid"",""#text"":""S-1-5-19""},{""@Name"":""SubjectUserName"",""#text"":""LOCAL SERVICE""},{""@Name"":""SubjectDomainName"",""#text"":""NT AUTHORITY""},{""@Name"":""SubjectLogonId"",""#text"":""0x3E5""},{""@Name"":""TargetName"",""#text"":""WindowsLive:(cert):name=02ayjetvoebuxfku;serviceuri=*""},{""@Name"":""Type"",""#text"":""0""},{""@Name"":""CountOfCredentialsReturned"",""#text"":""0""},{""@Name"":""ReadOperation"",""#text"":""%%8100""},{""@Name"":""ReturnCode"",""#text"":""3221226021""},{""@Name"":""ProcessCreationTime"",""#text"":""2023-08-19 01:14:42.7966629""},{""@Name"":""ClientProcessId"",""#text"":""4080""}]}}"
685,14639,2023-08-19 01:14:46.9920679,5379,LogAlways,Microsoft-Windows-Security-Auditing,Security,616,680,Spookytown.spooky.domain,6,,,,,,,,,,,,False,D:\NTU\CTF\DeadFace\Misc\MALUM\Maybehere.evtx,Audit success,0,"{""EventData"":{""Data"":[{""@Name"":""SubjectUserSid"",""#text"":""S-1-5-19""},{""@Name"":""SubjectUserName"",""#text"":""LOCAL SERVICE""},{""@Name"":""SubjectDomainName"",""#text"":""NT AUTHORITY""},{""@Name"":""SubjectLogonId"",""#text"":""0x3E5""},{""@Name"":""TargetName"",""#text"":""MicrosoftAccount:user=02ayjetvoebuxfku""},{""@Name"":""Type"",""#text"":""0""},{""@Name"":""CountOfCredentialsReturned"",""#text"":""0""},{""@Name"":""ReadOperation"",""#text"":""%%8100""},{""@Name"":""ReturnCode"",""#text"":""3221226021""},{""@Name"":""ProcessCreationTime"",""#text"":""2023-08-19 01:14:42.7966629""},{""@Name"":""ClientProcessId"",""#text"":""4080""}]}}"
686,14640,2023-08-19 01:14:46.9952759,5379,LogAlways,Microsoft-Windows-Security-Auditing,Security,616,680,Spookytown.spooky.domain,6,,,,,,,,,,,,False,D:\NTU\CTF\DeadFace\Misc\MALUM\Maybehere.evtx,Audit success,0,"{""EventData"":{""Data"":[{""@Name"":""SubjectUserSid"",""#text"":""S-1-5-20""},{""@Name"":""SubjectUserName"",""#text"":""SPOOKYTOWN$""},{""@Name"":""SubjectDomainName"",""#text"":""SPOOKY""},{""@Name"":""SubjectLogonId"",""#text"":""0x3E4""},{""@Name"":""TargetName"",""#text"":""WindowsLive:(token):name=02hgvexzyxmdvcse;serviceuri=*""},{""@Name"":""Type"",""#text"":""0""},{""@Name"":""CountOfCredentialsReturned"",""#text"":""0""},{""@Name"":""ReadOperation"",""#text"":""%%8100""},{""@Name"":""ReturnCode"",""#text"":""3221226021""},{""@Name"":""ProcessCreationTime"",""#text"":""2023-08-19 01:14:42.7966629""},{""@Name"":""ClientProcessId"",""#text"":""4080""}]}}"
687,14641,2023-08-19 01:14:46.9956865,5379,LogAlways,Microsoft-Windows-Security-Auditing,Security,616,680,Spookytown.spooky.domain,6,,,,,,,,,,,,False,D:\NTU\CTF\DeadFace\Misc\MALUM\Maybehere.evtx,Audit success,0,"{""EventData"":{""Data"":[{""@Name"":""SubjectUserSid"",""#text"":""S-1-5-20""},{""@Name"":""SubjectUserName"",""#text"":""SPOOKYTOWN$""},{""@Name"":""SubjectDomainName"",""#text"":""SPOOKY""},{""@Name"":""SubjectLogonId"",""#text"":""0x3E4""},{""@Name"":""TargetName"",""#text"":""WindowsLive:(cert):name=02hgvexzyxmdvcse;serviceuri=*""},{""@Name"":""Type"",""#text"":""0""},{""@Name"":""CountOfCredentialsReturned"",""#text"":""0""},{""@Name"":""ReadOperation"",""#text"":""%%8100""},{""@Name"":""ReturnCode"",""#text"":""3221226021""},{""@Name"":""ProcessCreationTime"",""#text"":""2023-08-19 01:14:42.7966629""},{""@Name"":""ClientProcessId"",""#text"":""4080""}]}}"
688,14642,2023-08-19 01:14:46.9957506,5379,LogAlways,Microsoft-Windows-Security-Auditing,Security,616,680,Spookytown.spooky.domain,6,,,,,,,,,,,,False,D:\NTU\CTF\DeadFace\Misc\MALUM\Maybehere.evtx,Audit success,0,"{""EventData"":{""Data"":[{""@Name"":""SubjectUserSid"",""#text"":""S-1-5-20""},{""@Name"":""SubjectUserName"",""#text"":""SPOOKYTOWN$""},{""@Name"":""SubjectDomainName"",""#text"":""SPOOKY""},{""@Name"":""SubjectLogonId"",""#text"":""0x3E4""},{""@Name"":""TargetName"",""#text"":""WindowsLive:target=virtualapp/didlogical""},{""@Name"":""Type"",""#text"":""0""},{""@Name"":""CountOfCredentialsReturned"",""#text"":""0""},{""@Name"":""ReadOperation"",""#text"":""%%8100""},{""@Name"":""ReturnCode"",""#text"":""3221226021""},{""@Name"":""ProcessCreationTime"",""#text"":""2023-08-19 01:14:42.7966629""},{""@Name"":""ClientProcessId"",""#text"":""4080""}]}}"
689,14643,2023-08-19 01:14:47.0043873,5379,LogAlways,Microsoft-Windows-Security-Auditing,Security,616,680,Spookytown.spooky.domain,6,,,,,,,,,,,,False,D:\NTU\CTF\DeadFace\Misc\MALUM\Maybehere.evtx,Audit success,0,"{""EventData"":{""Data"":[{""@Name"":""SubjectUserSid"",""#text"":""S-1-5-20""},{""@Name"":""SubjectUserName"",""#text"":""SPOOKYTOWN$""},{""@Name"":""SubjectDomainName"",""#text"":""SPOOKY""},{""@Name"":""SubjectLogonId"",""#text"":""0x3E4""},{""@Name"":""TargetName"",""#text"":""WindowsLive:target=virtualapp/didlogical""},{""@Name"":""Type"",""#text"":""0""},{""@Name"":""CountOfCredentialsReturned"",""#text"":""0""},{""@Name"":""ReadOperation"",""#text"":""%%8100""},{""@Name"":""ReturnCode"",""#text"":""3221226021""},{""@Name"":""ProcessCreationTime"",""#text"":""2023-08-19 01:14:42.7966629""},{""@Name"":""ClientProcessId"",""#text"":""4080""}]}}"
690,14644,2023-08-19 01:14:50.2116642,4648,LogAlways,Microsoft-Windows-Security-Auditing,Security,616,680,Spookytown.spooky.domain,6,,,,,,,,,,,,False,D:\NTU\CTF\DeadFace\Misc\MALUM\Maybehere.evtx,Audit success,0,"{""EventData"":{""Data"":[{""@Name"":""SubjectUserSid"",""#text"":""S-1-5-18""},{""@Name"":""SubjectUserName"",""#text"":""SPOOKYTOWN$""},{""@Name"":""SubjectDomainName"",""#text"":""SPOOKY""},{""@Name"":""SubjectLogonId"",""#text"":""0x3E7""},{""@Name"":""LogonGuid"",""#text"":""00000000-0000-0000-0000-000000000000""},{""@Name"":""TargetUserName"",""#text"":""SPOOKYTOWN$""},{""@Name"":""TargetDomainName"",""#text"":""SPOOKY.DOMAIN""},{""@Name"":""TargetLogonGuid"",""#text"":""8ac73b5f-35ce-a505-d10b-0fc957b23fb6""},{""@Name"":""TargetServerName"",""#text"":""spookytown$""},{""@Name"":""TargetInfo"",""#text"":""spookytown$""},{""@Name"":""ProcessId"",""#text"":""0x1538""},{""@Name"":""ProcessName"",""#text"":""C:\\Windows\\System32\\taskhostw.exe""},{""@Name"":""IpAddress"",""#text"":""-""},{""@Name"":""IpPort"",""#text"":""-""}]}}"
691,14645,2023-08-19 01:14:50.2118813,4672,LogAlways,Microsoft-Windows-Security-Auditing,Security,616,680,Spookytown.spooky.domain,6,,,,,,,,,,,,False,D:\NTU\CTF\DeadFace\Misc\MALUM\Maybehere.evtx,Audit success,0,"{""EventData"":{""Data"":[{""@Name"":""SubjectUserSid"",""#text"":""S-1-5-18""},{""@Name"":""SubjectUserName"",""#text"":""SPOOKYTOWN$""},{""@Name"":""SubjectDomainName"",""#text"":""SPOOKY""},{""@Name"":""SubjectLogonId"",""#text"":""0x50830""},{""@Name"":""PrivilegeList"",""#text"":""SeSecurityPrivilege, SeBackupPrivilege, SeRestorePrivilege, SeTakeOwnershipPrivilege, SeDebugPrivilege, SeSystemEnvironmentPrivilege, SeLoadDriverPrivilege, SeImpersonatePrivilege, SeDelegateSessionUserImpersonatePrivilege""}]}}"
692,14646,2023-08-19 01:14:50.2119198,4624,LogAlways,Microsoft-Windows-Security-Auditing,Security,616,680,Spookytown.spooky.domain,6,,,,,,,,,,,,False,D:\NTU\CTF\DeadFace\Misc\MALUM\Maybehere.evtx,Audit success,0,"{""EventData"":{""Data"":[{""@Name"":""SubjectUserSid"",""#text"":""S-1-0-0""},{""@Name"":""SubjectUserName"",""#text"":""-""},{""@Name"":""SubjectDomainName"",""#text"":""-""},{""@Name"":""SubjectLogonId"",""#text"":""0x0""},{""@Name"":""TargetUserSid"",""#text"":""S-1-5-18""},{""@Name"":""TargetUserName"",""#text"":""SPOOKYTOWN$""},{""@Name"":""TargetDomainName"",""#text"":""SPOOKY.DOMAIN""},{""@Name"":""TargetLogonId"",""#text"":""0x50830""},{""@Name"":""LogonType"",""#text"":""3""},{""@Name"":""LogonProcessName"",""#text"":""Kerberos""},{""@Name"":""AuthenticationPackageName"",""#text"":""Kerberos""},{""@Name"":""WorkstationName"",""#text"":""-""},{""@Name"":""LogonGuid"",""#text"":""8ac73b5f-35ce-a505-d10b-0fc957b23fb6""},{""@Name"":""TransmittedServices"",""#text"":""-""},{""@Name"":""LmPackageName"",""#text"":""-""},{""@Name"":""KeyLength"",""#text"":""0""},{""@Name"":""ProcessId"",""#text"":""0x0""},{""@Name"":""ProcessName"",""#text"":""-""},{""@Name"":""IpAddress"",""#text"":""-""},{""@Name"":""IpPort"",""#text"":""-""},{""@Name"":""ImpersonationLevel"",""#text"":""%%1833""},{""@Name"":""RestrictedAdminMode"",""#text"":""-""},{""@Name"":""TargetOutboundUserName"",""#text"":""-""},{""@Name"":""TargetOutboundDomainName"",""#text"":""-""},{""@Name"":""VirtualAccount"",""#text"":""%%1843""},{""@Name"":""TargetLinkedLogonId"",""#text"":""0x0""},{""@Name"":""ElevatedToken"",""#text"":""%%1842""}]}}"
693,14647,2023-08-19 01:14:50.2121582,4634,LogAlways,Microsoft-Windows-Security-Auditing,Security,616,680,Spookytown.spooky.domain,6,,,,,,,,,,,,False,D:\NTU\CTF\DeadFace\Misc\MALUM\Maybehere.evtx,Audit success,0,"{""EventData"":{""Data"":[{""@Name"":""TargetUserSid"",""#text"":""S-1-5-18""},{""@Name"":""TargetUserName"",""#text"":""SPOOKYTOWN$""},{""@Name"":""TargetDomainName"",""#text"":""SPOOKY""},{""@Name"":""TargetLogonId"",""#text"":""0x50830""},{""@Name"":""LogonType"",""#text"":""3""}]}}"
694,14648,2023-08-19 01:14:51.2925682,4625,LogAlways,Microsoft-Windows-Security-Auditing,Security,616,680,Spookytown.spooky.domain,7,,,,,,,,,,,,False,D:\NTU\CTF\DeadFace\Misc\MALUM\Maybehere.evtx,Audit failure,0,"{""EventData"":{""Data"":[{""@Name"":""SubjectUserSid"",""#text"":""S-1-5-18""},{""@Name"":""SubjectUserName"",""#text"":""SPOOKYTOWN$""},{""@Name"":""SubjectDomainName"",""#text"":""SPOOKY""},{""@Name"":""SubjectLogonId"",""#text"":""0x3E7""},{""@Name"":""TargetUserSid"",""#text"":""S-1-0-0""},{""@Name"":""TargetUserName"",""#text"":""fkreuger""},{""@Name"":""TargetDomainName"",""#text"":""SPOOKY""},{""@Name"":""Status"",""#text"":""0xC000006D""},{""@Name"":""FailureReason"",""#text"":""%%2313""},{""@Name"":""SubStatus"",""#text"":""0xC000006A""},{""@Name"":""LogonType"",""#text"":""10""},{""@Name"":""LogonProcessName"",""#text"":""User32 ""},{""@Name"":""AuthenticationPackageName"",""#text"":""Negotiate""},{""@Name"":""WorkstationName"",""#text"":""SPOOKYTOWN""},{""@Name"":""TransmittedServices"",""#text"":""-""},{""@Name"":""LmPackageName"",""#text"":""-""},{""@Name"":""KeyLength"",""#text"":""0""},{""@Name"":""ProcessId"",""#text"":""0x8FC""},{""@Name"":""ProcessName"",""#text"":""C:\\Windows\\System32\\svchost.exe""},{""@Name"":""IpAddress"",""#text"":""0.0.0.0""},{""@Name"":""IpPort"",""#text"":""0""}]}}"
695,14649,2023-08-19 01:14:52.4582412,5379,LogAlways,Microsoft-Windows-Security-Auditing,Security,616,680,Spookytown.spooky.domain,7,,,,,,,,,,,,False,D:\NTU\CTF\DeadFace\Misc\MALUM\Maybehere.evtx,Audit success,0,"{""EventData"":{""Data"":[{""@Name"":""SubjectUserSid"",""#text"":""S-1-5-19""},{""@Name"":""SubjectUserName"",""#text"":""LOCAL SERVICE""},{""@Name"":""SubjectDomainName"",""#text"":""NT AUTHORITY""},{""@Name"":""SubjectLogonId"",""#text"":""0x3E5""},{""@Name"":""TargetName"",""#text"":""MicrosoftAccount:user=02ayjetvoebuxfku""},{""@Name"":""Type"",""#text"":""0""},{""@Name"":""CountOfCredentialsReturned"",""#text"":""0""},{""@Name"":""ReadOperation"",""#text"":""%%8100""},{""@Name"":""ReturnCode"",""#text"":""3221226021""},{""@Name"":""ProcessCreationTime"",""#text"":""2023-08-19 01:14:42.7966629""},{""@Name"":""ClientProcessId"",""#text"":""4080""}]}}"
696,14650,2023-08-19 01:14:52.4582958,5379,LogAlways,Microsoft-Windows-Security-Auditing,Security,616,680,Spookytown.spooky.domain,7,,,,,,,,,,,,False,D:\NTU\CTF\DeadFace\Misc\MALUM\Maybehere.evtx,Audit success,0,"{""EventData"":{""Data"":[{""@Name"":""SubjectUserSid"",""#text"":""S-1-5-19""},{""@Name"":""SubjectUserName"",""#text"":""LOCAL SERVICE""},{""@Name"":""SubjectDomainName"",""#text"":""NT AUTHORITY""},{""@Name"":""SubjectLogonId"",""#text"":""0x3E5""},{""@Name"":""TargetName"",""#text"":""WindowsLive:(token):name=02ayjetvoebuxfku;serviceuri=*""},{""@Name"":""Type"",""#text"":""0""},{""@Name"":""CountOfCredentialsReturned"",""#text"":""0""},{""@Name"":""ReadOperation"",""#text"":""%%8100""},{""@Name"":""ReturnCode"",""#text"":""3221226021""},{""@Name"":""ProcessCreationTime"",""#text"":""2023-08-19 01:14:42.7966629""},{""@Name"":""ClientProcessId"",""#text"":""4080""}]}}"
697,14651,2023-08-19 01:14:52.4584651,5379,LogAlways,Microsoft-Windows-Security-Auditing,Security,616,680,Spookytown.spooky.domain,7,,,,,,,,,,,,False,D:\NTU\CTF\DeadFace\Misc\MALUM\Maybehere.evtx,Audit success,0,"{""EventData"":{""Data"":[{""@Name"":""SubjectUserSid"",""#text"":""S-1-5-19""},{""@Name"":""SubjectUserName"",""#text"":""LOCAL SERVICE""},{""@Name"":""SubjectDomainName"",""#text"":""NT AUTHORITY""},{""@Name"":""SubjectLogonId"",""#text"":""0x3E5""},{""@Name"":""TargetName"",""#text"":""WindowsLive:(cert):name=02ayjetvoebuxfku;serviceuri=*""},{""@Name"":""Type"",""#text"":""0""},{""@Name"":""CountOfCredentialsReturned"",""#text"":""0""},{""@Name"":""ReadOperation"",""#text"":""%%8100""},{""@Name"":""ReturnCode"",""#text"":""3221226021""},{""@Name"":""ProcessCreationTime"",""#text"":""2023-08-19 01:14:42.7966629""},{""@Name"":""ClientProcessId"",""#text"":""4080""}]}}"
698,14652,2023-08-19 01:14:52.4610454,5379,LogAlways,Microsoft-Windows-Security-Auditing,Security,616,680,Spookytown.spooky.domain,7,,,,,,,,,,,,False,D:\NTU\CTF\DeadFace\Misc\MALUM\Maybehere.evtx,Audit success,0,"{""EventData"":{""Data"":[{""@Name"":""SubjectUserSid"",""#text"":""S-1-5-19""},{""@Name"":""SubjectUserName"",""#text"":""LOCAL SERVICE""},{""@Name"":""SubjectDomainName"",""#text"":""NT AUTHORITY""},{""@Name"":""SubjectLogonId"",""#text"":""0x3E5""},{""@Name"":""TargetName"",""#text"":""MicrosoftAccount:user=02ayjetvoebuxfku""},{""@Name"":""Type"",""#text"":""0""},{""@Name"":""CountOfCredentialsReturned"",""#text"":""0""},{""@Name"":""ReadOperation"",""#text"":""%%8100""},{""@Name"":""ReturnCode"",""#text"":""3221226021""},{""@Name"":""ProcessCreationTime"",""#text"":""2023-08-19 01:14:42.7966629""},{""@Name"":""ClientProcessId"",""#text"":""4080""}]}}"
699,14653,2023-08-19 01:14:52.4615943,5379,LogAlways,Microsoft-Windows-Security-Auditing,Security,616,680,Spookytown.spooky.domain,7,,,,,,,,,,,,False,D:\NTU\CTF\DeadFace\Misc\MALUM\Maybehere.evtx,Audit success,0,"{""EventData"":{""Data"":[{""@Name"":""SubjectUserSid"",""#text"":""S-1-5-20""},{""@Name"":""SubjectUserName"",""#text"":""SPOOKYTOWN$""},{""@Name"":""SubjectDomainName"",""#text"":""SPOOKY""},{""@Name"":""SubjectLogonId"",""#text"":""0x3E4""},{""@Name"":""TargetName"",""#text"":""WindowsLive:(token):name=02iayoxbjbfvaqqh;serviceuri=*""},{""@Name"":""Type"",""#text"":""0""},{""@Name"":""CountOfCredentialsReturned"",""#text"":""0""},{""@Name"":""ReadOperation"",""#text"":""%%8100""},{""@Name"":""ReturnCode"",""#text"":""3221226021""},{""@Name"":""ProcessCreationTime"",""#text"":""2023-08-19 01:14:42.7966629""},{""@Name"":""ClientProcessId"",""#text"":""4080""}]}}"
700,14654,2023-08-19 01:14:52.4617279,5379,LogAlways,Microsoft-Windows-Security-Auditing,Security,616,680,Spookytown.spooky.domain,7,,,,,,,,,,,,False,D:\NTU\CTF\DeadFace\Misc\MALUM\Maybehere.evtx,Audit success,0,"{""EventData"":{""Data"":[{""@Name"":""SubjectUserSid"",""#text"":""S-1-5-20""},{""@Name"":""SubjectUserName"",""#text"":""SPOOKYTOWN$""},{""@Name"":""SubjectDomainName"",""#text"":""SPOOKY""},{""@Name"":""SubjectLogonId"",""#text"":""0x3E4""},{""@Name"":""TargetName"",""#text"":""WindowsLive:(cert):name=02iayoxbjbfvaqqh;serviceuri=*""},{""@Name"":""Type"",""#text"":""0""},{""@Name"":""CountOfCredentialsReturned"",""#text"":""0""},{""@Name"":""ReadOperation"",""#text"":""%%8100""},{""@Name"":""ReturnCode"",""#text"":""3221226021""},{""@Name"":""ProcessCreationTime"",""#text"":""2023-08-19 01:14:42.7966629""},{""@Name"":""ClientProcessId"",""#text"":""4080""}]}}"
701,14655,2023-08-19 01:14:52.4617811,5379,LogAlways,Microsoft-Windows-Security-Auditing,Security,616,680,Spookytown.spooky.domain,7,,,,,,,,,,,,False,D:\NTU\CTF\DeadFace\Misc\MALUM\Maybehere.evtx,Audit success,0,"{""EventData"":{""Data"":[{""@Name"":""SubjectUserSid"",""#text"":""S-1-5-20""},{""@Name"":""SubjectUserName"",""#text"":""SPOOKYTOWN$""},{""@Name"":""SubjectDomainName"",""#text"":""SPOOKY""},{""@Name"":""SubjectLogonId"",""#text"":""0x3E4""},{""@Name"":""TargetName"",""#text"":""WindowsLive:target=virtualapp/didlogical""},{""@Name"":""Type"",""#text"":""0""},{""@Name"":""CountOfCredentialsReturned"",""#text"":""0""},{""@Name"":""ReadOperation"",""#text"":""%%8100""},{""@Name"":""ReturnCode"",""#text"":""3221226021""},{""@Name"":""ProcessCreationTime"",""#text"":""2023-08-19 01:14:42.7966629""},{""@Name"":""ClientProcessId"",""#text"":""4080""}]}}"
702,14656,2023-08-19 01:14:52.4646592,5379,LogAlways,Microsoft-Windows-Security-Auditing,Security,616,680,Spookytown.spooky.domain,7,,,,,,,,,,,,False,D:\NTU\CTF\DeadFace\Misc\MALUM\Maybehere.evtx,Audit success,0,"{""EventData"":{""Data"":[{""@Name"":""SubjectUserSid"",""#text"":""S-1-5-20""},{""@Name"":""SubjectUserName"",""#text"":""SPOOKYTOWN$""},{""@Name"":""SubjectDomainName"",""#text"":""SPOOKY""},{""@Name"":""SubjectLogonId"",""#text"":""0x3E4""},{""@Name"":""TargetName"",""#text"":""WindowsLive:target=virtualapp/didlogical""},{""@Name"":""Type"",""#text"":""0""},{""@Name"":""CountOfCredentialsReturned"",""#text"":""0""},{""@Name"":""ReadOperation"",""#text"":""%%8100""},{""@Name"":""ReturnCode"",""#text"":""3221226021""},{""@Name"":""ProcessCreationTime"",""#text"":""2023-08-19 01:14:42.7966629""},{""@Name"":""ClientProcessId"",""#text"":""4080""}]}}"
703,14657,2023-08-19 01:14:53.6060471,4625,LogAlways,Microsoft-Windows-Security-Auditing,Security,616,680,Spookytown.spooky.domain,7,,,,,,,,,,,,False,D:\NTU\CTF\DeadFace\Misc\MALUM\Maybehere.evtx,Audit failure,0,"{""EventData"":{""Data"":[{""@Name"":""SubjectUserSid"",""#text"":""S-1-5-18""},{""@Name"":""SubjectUserName"",""#text"":""SPOOKYTOWN$""},{""@Name"":""SubjectDomainName"",""#text"":""SPOOKY""},{""@Name"":""SubjectLogonId"",""#text"":""0x3E7""},{""@Name"":""TargetUserSid"",""#text"":""S-1-0-0""},{""@Name"":""TargetUserName"",""#text"":""fkreuger""},{""@Name"":""TargetDomainName"",""#text"":""SPOOKY""},{""@Name"":""Status"",""#text"":""0xC000006D""},{""@Name"":""FailureReason"",""#text"":""%%2313""},{""@Name"":""SubStatus"",""#text"":""0xC000006A""},{""@Name"":""LogonType"",""#text"":""10""},{""@Name"":""LogonProcessName"",""#text"":""User32 ""},{""@Name"":""AuthenticationPackageName"",""#text"":""Negotiate""},{""@Name"":""WorkstationName"",""#text"":""SPOOKYTOWN""},{""@Name"":""TransmittedServices"",""#text"":""-""},{""@Name"":""LmPackageName"",""#text"":""-""},{""@Name"":""KeyLength"",""#text"":""0""},{""@Name"":""ProcessId"",""#text"":""0x8FC""},{""@Name"":""ProcessName"",""#text"":""C:\\Windows\\System32\\svchost.exe""},{""@Name"":""IpAddress"",""#text"":""0.0.0.0""},{""@Name"":""IpPort"",""#text"":""0""}]}}"
704,14658,2023-08-19 01:14:55.2936316,4625,LogAlways,Microsoft-Windows-Security-Auditing,Security,616,680,Spookytown.spooky.domain,7,,,,,,,,,,,,False,D:\NTU\CTF\DeadFace\Misc\MALUM\Maybehere.evtx,Audit failure,0,"{""EventData"":{""Data"":[{""@Name"":""SubjectUserSid"",""#text"":""S-1-5-18""},{""@Name"":""SubjectUserName"",""#text"":""SPOOKYTOWN$""},{""@Name"":""SubjectDomainName"",""#text"":""SPOOKY""},{""@Name"":""SubjectLogonId"",""#text"":""0x3E7""},{""@Name"":""TargetUserSid"",""#text"":""S-1-0-0""},{""@Name"":""TargetUserName"",""#text"":""fkreuger""},{""@Name"":""TargetDomainName"",""#text"":""SPOOKY""},{""@Name"":""Status"",""#text"":""0xC000006D""},{""@Name"":""FailureReason"",""#text"":""%%2313""},{""@Name"":""SubStatus"",""#text"":""0xC000006A""},{""@Name"":""LogonType"",""#text"":""10""},{""@Name"":""LogonProcessName"",""#text"":""User32 ""},{""@Name"":""AuthenticationPackageName"",""#text"":""Negotiate""},{""@Name"":""WorkstationName"",""#text"":""SPOOKYTOWN""},{""@Name"":""TransmittedServices"",""#text"":""-""},{""@Name"":""LmPackageName"",""#text"":""-""},{""@Name"":""KeyLength"",""#text"":""0""},{""@Name"":""ProcessId"",""#text"":""0x8FC""},{""@Name"":""ProcessName"",""#text"":""C:\\Windows\\System32\\svchost.exe""},{""@Name"":""IpAddress"",""#text"":""0.0.0.0""},{""@Name"":""IpPort"",""#text"":""0""}]}}"
705,14659,2023-08-19 01:14:56.8700392,4625,LogAlways,Microsoft-Windows-Security-Auditing,Security,616,656,Spookytown.spooky.domain,7,,,,,,,,,,,,False,D:\NTU\CTF\DeadFace\Misc\MALUM\Maybehere.evtx,Audit failure,0,"{""EventData"":{""Data"":[{""@Name"":""SubjectUserSid"",""#text"":""S-1-5-18""},{""@Name"":""SubjectUserName"",""#text"":""SPOOKYTOWN$""},{""@Name"":""SubjectDomainName"",""#text"":""SPOOKY""},{""@Name"":""SubjectLogonId"",""#text"":""0x3E7""},{""@Name"":""TargetUserSid"",""#text"":""S-1-0-0""},{""@Name"":""TargetUserName"",""#text"":""fkreuger""},{""@Name"":""TargetDomainName"",""#text"":""SPOOKY""},{""@Name"":""Status"",""#text"":""0xC000006D""},{""@Name"":""FailureReason"",""#text"":""%%2313""},{""@Name"":""SubStatus"",""#text"":""0xC000006A""},{""@Name"":""LogonType"",""#text"":""10""},{""@Name"":""LogonProcessName"",""#text"":""User32 ""},{""@Name"":""AuthenticationPackageName"",""#text"":""Negotiate""},{""@Name"":""WorkstationName"",""#text"":""SPOOKYTOWN""},{""@Name"":""TransmittedServices"",""#text"":""-""},{""@Name"":""LmPackageName"",""#text"":""-""},{""@Name"":""KeyLength"",""#text"":""0""},{""@Name"":""ProcessId"",""#text"":""0x8FC""},{""@Name"":""ProcessName"",""#text"":""C:\\Windows\\System32\\svchost.exe""},{""@Name"":""IpAddress"",""#text"":""0.0.0.0""},{""@Name"":""IpPort"",""#text"":""0""}]}}"
706,14660,2023-08-19 01:14:56.9649795,5379,LogAlways,Microsoft-Windows-Security-Auditing,Security,616,656,Spookytown.spooky.domain,7,,,,,,,,,,,,False,D:\NTU\CTF\DeadFace\Misc\MALUM\Maybehere.evtx,Audit success,0,"{""EventData"":{""Data"":[{""@Name"":""SubjectUserSid"",""#text"":""S-1-5-18""},{""@Name"":""SubjectUserName"",""#text"":""SPOOKYTOWN$""},{""@Name"":""SubjectDomainName"",""#text"":""SPOOKY""},{""@Name"":""SubjectLogonId"",""#text"":""0x3E7""},{""@Name"":""TargetName"",""#text"":""MicrosoftAccount:user=02imkalddtoprujp""},{""@Name"":""Type"",""#text"":""0""},{""@Name"":""CountOfCredentialsReturned"",""#text"":""0""},{""@Name"":""ReadOperation"",""#text"":""%%8100""},{""@Name"":""ReturnCode"",""#text"":""3221226021""},{""@Name"":""ProcessCreationTime"",""#text"":""2023-08-19 01:14:42.7966629""},{""@Name"":""ClientProcessId"",""#text"":""4080""}]}}"
707,14661,2023-08-19 01:14:56.9650262,5379,LogAlways,Microsoft-Windows-Security-Auditing,Security,616,656,Spookytown.spooky.domain,7,,,,,,,,,,,,False,D:\NTU\CTF\DeadFace\Misc\MALUM\Maybehere.evtx,Audit success,0,"{""EventData"":{""Data"":[{""@Name"":""SubjectUserSid"",""#text"":""S-1-5-18""},{""@Name"":""SubjectUserName"",""#text"":""SPOOKYTOWN$""},{""@Name"":""SubjectDomainName"",""#text"":""SPOOKY""},{""@Name"":""SubjectLogonId"",""#text"":""0x3E7""},{""@Name"":""TargetName"",""#text"":""WindowsLive:(token):name=02imkalddtoprujp;serviceuri=*""},{""@Name"":""Type"",""#text"":""0""},{""@Name"":""CountOfCredentialsReturned"",""#text"":""0""},{""@Name"":""ReadOperation"",""#text"":""%%8100""},{""@Name"":""ReturnCode"",""#text"":""3221226021""},{""@Name"":""ProcessCreationTime"",""#text"":""2023-08-19 01:14:42.7966629""},{""@Name"":""ClientProcessId"",""#text"":""4080""}]}}"
708,14662,2023-08-19 01:14:56.9652192,5379,LogAlways,Microsoft-Windows-Security-Auditing,Security,616,656,Spookytown.spooky.domain,7,,,,,,,,,,,,False,D:\NTU\CTF\DeadFace\Misc\MALUM\Maybehere.evtx,Audit success,0,"{""EventData"":{""Data"":[{""@Name"":""SubjectUserSid"",""#text"":""S-1-5-18""},{""@Name"":""SubjectUserName"",""#text"":""SPOOKYTOWN$""},{""@Name"":""SubjectDomainName"",""#text"":""SPOOKY""},{""@Name"":""SubjectLogonId"",""#text"":""0x3E7""},{""@Name"":""TargetName"",""#text"":""WindowsLive:(cert):name=02imkalddtoprujp;serviceuri=*""},{""@Name"":""Type"",""#text"":""0""},{""@Name"":""CountOfCredentialsReturned"",""#text"":""0""},{""@Name"":""ReadOperation"",""#text"":""%%8100""},{""@Name"":""ReturnCode"",""#text"":""3221226021""},{""@Name"":""ProcessCreationTime"",""#text"":""2023-08-19 01:14:42.7966629""},{""@Name"":""ClientProcessId"",""#text"":""4080""}]}}"
709,14663,2023-08-19 01:14:56.9682493,5379,LogAlways,Microsoft-Windows-Security-Auditing,Security,616,656,Spookytown.spooky.domain,7,,,,,,,,,,,,False,D:\NTU\CTF\DeadFace\Misc\MALUM\Maybehere.evtx,Audit success,0,"{""EventData"":{""Data"":[{""@Name"":""SubjectUserSid"",""#text"":""S-1-5-18""},{""@Name"":""SubjectUserName"",""#text"":""SPOOKYTOWN$""},{""@Name"":""SubjectDomainName"",""#text"":""SPOOKY""},{""@Name"":""SubjectLogonId"",""#text"":""0x3E7""},{""@Name"":""TargetName"",""#text"":""MicrosoftAccount:user=02imkalddtoprujp""},{""@Name"":""Type"",""#text"":""0""},{""@Name"":""CountOfCredentialsReturned"",""#text"":""0""},{""@Name"":""ReadOperation"",""#text"":""%%8100""},{""@Name"":""ReturnCode"",""#text"":""3221226021""},{""@Name"":""ProcessCreationTime"",""#text"":""2023-08-19 01:14:42.7966629""},{""@Name"":""ClientProcessId"",""#text"":""4080""}]}}"
710,14664,2023-08-19 01:14:56.9910737,5379,LogAlways,Microsoft-Windows-Security-Auditing,Security,616,656,Spookytown.spooky.domain,7,,,,,,,,,,,,False,D:\NTU\CTF\DeadFace\Misc\MALUM\Maybehere.evtx,Audit success,0,"{""EventData"":{""Data"":[{""@Name"":""SubjectUserSid"",""#text"":""S-1-5-18""},{""@Name"":""SubjectUserName"",""#text"":""SPOOKYTOWN$""},{""@Name"":""SubjectDomainName"",""#text"":""SPOOKY""},{""@Name"":""SubjectLogonId"",""#text"":""0x3E7""},{""@Name"":""TargetName"",""#text"":""MicrosoftAccount:user=02imkalddtoprujp""},{""@Name"":""Type"",""#text"":""0""},{""@Name"":""CountOfCredentialsReturned"",""#text"":""0""},{""@Name"":""ReadOperation"",""#text"":""%%8100""},{""@Name"":""ReturnCode"",""#text"":""3221226021""},{""@Name"":""ProcessCreationTime"",""#text"":""2023-08-19 01:14:42.7966629""},{""@Name"":""ClientProcessId"",""#text"":""4080""}]}}"
711,14665,2023-08-19 01:14:56.9911229,5379,LogAlways,Microsoft-Windows-Security-Auditing,Security,616,656,Spookytown.spooky.domain,7,,,,,,,,,,,,False,D:\NTU\CTF\DeadFace\Misc\MALUM\Maybehere.evtx,Audit success,0,"{""EventData"":{""Data"":[{""@Name"":""SubjectUserSid"",""#text"":""S-1-5-18""},{""@Name"":""SubjectUserName"",""#text"":""SPOOKYTOWN$""},{""@Name"":""SubjectDomainName"",""#text"":""SPOOKY""},{""@Name"":""SubjectLogonId"",""#text"":""0x3E7""},{""@Name"":""TargetName"",""#text"":""WindowsLive:(token):name=02imkalddtoprujp;serviceuri=*""},{""@Name"":""Type"",""#text"":""0""},{""@Name"":""CountOfCredentialsReturned"",""#text"":""0""},{""@Name"":""ReadOperation"",""#text"":""%%8100""},{""@Name"":""ReturnCode"",""#text"":""3221226021""},{""@Name"":""ProcessCreationTime"",""#text"":""2023-08-19 01:14:42.7966629""},{""@Name"":""ClientProcessId"",""#text"":""4080""}]}}"
712,14666,2023-08-19 01:14:56.9913160,5379,LogAlways,Microsoft-Windows-Security-Auditing,Security,616,656,Spookytown.spooky.domain,7,,,,,,,,,,,,False,D:\NTU\CTF\DeadFace\Misc\MALUM\Maybehere.evtx,Audit success,0,"{""EventData"":{""Data"":[{""@Name"":""SubjectUserSid"",""#text"":""S-1-5-18""},{""@Name"":""SubjectUserName"",""#text"":""SPOOKYTOWN$""},{""@Name"":""SubjectDomainName"",""#text"":""SPOOKY""},{""@Name"":""SubjectLogonId"",""#text"":""0x3E7""},{""@Name"":""TargetName"",""#text"":""WindowsLive:(cert):name=02imkalddtoprujp;serviceuri=*""},{""@Name"":""Type"",""#text"":""0""},{""@Name"":""CountOfCredentialsReturned"",""#text"":""0""},{""@Name"":""ReadOperation"",""#text"":""%%8100""},{""@Name"":""ReturnCode"",""#text"":""3221226021""},{""@Name"":""ProcessCreationTime"",""#text"":""2023-08-19 01:14:42.7966629""},{""@Name"":""ClientProcessId"",""#text"":""4080""}]}}"
713,14667,2023-08-19 01:14:56.9940136,5379,LogAlways,Microsoft-Windows-Security-Auditing,Security,616,656,Spookytown.spooky.domain,7,,,,,,,,,,,,False,D:\NTU\CTF\DeadFace\Misc\MALUM\Maybehere.evtx,Audit success,0,"{""EventData"":{""Data"":[{""@Name"":""SubjectUserSid"",""#text"":""S-1-5-18""},{""@Name"":""SubjectUserName"",""#text"":""SPOOKYTOWN$""},{""@Name"":""SubjectDomainName"",""#text"":""SPOOKY""},{""@Name"":""SubjectLogonId"",""#text"":""0x3E7""},{""@Name"":""TargetName"",""#text"":""MicrosoftAccount:user=02imkalddtoprujp""},{""@Name"":""Type"",""#text"":""0""},{""@Name"":""CountOfCredentialsReturned"",""#text"":""0""},{""@Name"":""ReadOperation"",""#text"":""%%8100""},{""@Name"":""ReturnCode"",""#text"":""3221226021""},{""@Name"":""ProcessCreationTime"",""#text"":""2023-08-19 01:14:42.7966629""},{""@Name"":""ClientProcessId"",""#text"":""4080""}]}}"
714,14668,2023-08-19 01:14:57.2379376,5379,LogAlways,Microsoft-Windows-Security-Auditing,Security,616,656,Spookytown.spooky.domain,7,,,,,,,,,,,,False,D:\NTU\CTF\DeadFace\Misc\MALUM\Maybehere.evtx,Audit success,0,"{""EventData"":{""Data"":[{""@Name"":""SubjectUserSid"",""#text"":""S-1-5-18""},{""@Name"":""SubjectUserName"",""#text"":""SPOOKYTOWN$""},{""@Name"":""SubjectDomainName"",""#text"":""SPOOKY""},{""@Name"":""SubjectLogonId"",""#text"":""0x3E7""},{""@Name"":""TargetName"",""#text"":""MicrosoftAccount:user=02imkalddtoprujp""},{""@Name"":""Type"",""#text"":""0""},{""@Name"":""CountOfCredentialsReturned"",""#text"":""0""},{""@Name"":""ReadOperation"",""#text"":""%%8100""},{""@Name"":""ReturnCode"",""#text"":""3221226021""},{""@Name"":""ProcessCreationTime"",""#text"":""2023-08-19 01:14:42.7966629""},{""@Name"":""ClientProcessId"",""#text"":""4080""}]}}"
715,14669,2023-08-19 01:14:57.2379850,5379,LogAlways,Microsoft-Windows-Security-Auditing,Security,616,656,Spookytown.spooky.domain,7,,,,,,,,,,,,False,D:\NTU\CTF\DeadFace\Misc\MALUM\Maybehere.evtx,Audit success,0,"{""EventData"":{""Data"":[{""@Name"":""SubjectUserSid"",""#text"":""S-1-5-18""},{""@Name"":""SubjectUserName"",""#text"":""SPOOKYTOWN$""},{""@Name"":""SubjectDomainName"",""#text"":""SPOOKY""},{""@Name"":""SubjectLogonId"",""#text"":""0x3E7""},{""@Name"":""TargetName"",""#text"":""WindowsLive:(token):name=02imkalddtoprujp;serviceuri=*""},{""@Name"":""Type"",""#text"":""0""},{""@Name"":""CountOfCredentialsReturned"",""#text"":""0""},{""@Name"":""ReadOperation"",""#text"":""%%8100""},{""@Name"":""ReturnCode"",""#text"":""3221226021""},{""@Name"":""ProcessCreationTime"",""#text"":""2023-08-19 01:14:42.7966629""},{""@Name"":""ClientProcessId"",""#text"":""4080""}]}}"
716,14670,2023-08-19 01:14:57.2381922,5379,LogAlways,Microsoft-Windows-Security-Auditing,Security,616,656,Spookytown.spooky.domain,7,,,,,,,,,,,,False,D:\NTU\CTF\DeadFace\Misc\MALUM\Maybehere.evtx,Audit success,0,"{""EventData"":{""Data"":[{""@Name"":""SubjectUserSid"",""#text"":""S-1-5-18""},{""@Name"":""SubjectUserName"",""#text"":""SPOOKYTOWN$""},{""@Name"":""SubjectDomainName"",""#text"":""SPOOKY""},{""@Name"":""SubjectLogonId"",""#text"":""0x3E7""},{""@Name"":""TargetName"",""#text"":""WindowsLive:(cert):name=02imkalddtoprujp;serviceuri=*""},{""@Name"":""Type"",""#text"":""0""},{""@Name"":""CountOfCredentialsReturned"",""#text"":""0""},{""@Name"":""ReadOperation"",""#text"":""%%8100""},{""@Name"":""ReturnCode"",""#text"":""3221226021""},{""@Name"":""ProcessCreationTime"",""#text"":""2023-08-19 01:14:42.7966629""},{""@Name"":""ClientProcessId"",""#text"":""4080""}]}}"
717,14671,2023-08-19 01:14:57.2408081,5379,LogAlways,Microsoft-Windows-Security-Auditing,Security,616,656,Spookytown.spooky.domain,7,,,,,,,,,,,,False,D:\NTU\CTF\DeadFace\Misc\MALUM\Maybehere.evtx,Audit success,0,"{""EventData"":{""Data"":[{""@Name"":""SubjectUserSid"",""#text"":""S-1-5-18""},{""@Name"":""SubjectUserName"",""#text"":""SPOOKYTOWN$""},{""@Name"":""SubjectDomainName"",""#text"":""SPOOKY""},{""@Name"":""SubjectLogonId"",""#text"":""0x3E7""},{""@Name"":""TargetName"",""#text"":""MicrosoftAccount:user=02imkalddtoprujp""},{""@Name"":""Type"",""#text"":""0""},{""@Name"":""CountOfCredentialsReturned"",""#text"":""0""},{""@Name"":""ReadOperation"",""#text"":""%%8100""},{""@Name"":""ReturnCode"",""#text"":""3221226021""},{""@Name"":""ProcessCreationTime"",""#text"":""2023-08-19 01:14:42.7966629""},{""@Name"":""ClientProcessId"",""#text"":""4080""}]}}"
718,14672,2023-08-19 01:15:09.8640024,4625,LogAlways,Microsoft-Windows-Security-Auditing,Security,616,656,Spookytown.spooky.domain,7,,,,,,,,,,,,False,D:\NTU\CTF\DeadFace\Misc\MALUM\Maybehere.evtx,Audit failure,0,"{""EventData"":{""Data"":[{""@Name"":""SubjectUserSid"",""#text"":""S-1-5-18""},{""@Name"":""SubjectUserName"",""#text"":""SPOOKYTOWN$""},{""@Name"":""SubjectDomainName"",""#text"":""SPOOKY""},{""@Name"":""SubjectLogonId"",""#text"":""0x3E7""},{""@Name"":""TargetUserSid"",""#text"":""S-1-0-0""},{""@Name"":""TargetUserName"",""#text"":""stabBingStabber1""},{""@Name"":""TargetDomainName"",""#text"":""SPOOKY""},{""@Name"":""Status"",""#text"":""0xC000006D""},{""@Name"":""FailureReason"",""#text"":""%%2313""},{""@Name"":""SubStatus"",""#text"":""0xC0000064""},{""@Name"":""LogonType"",""#text"":""10""},{""@Name"":""LogonProcessName"",""#text"":""User32 ""},{""@Name"":""AuthenticationPackageName"",""#text"":""Negotiate""},{""@Name"":""WorkstationName"",""#text"":""SPOOKYTOWN""},{""@Name"":""TransmittedServices"",""#text"":""-""},{""@Name"":""LmPackageName"",""#text"":""-""},{""@Name"":""KeyLength"",""#text"":""0""},{""@Name"":""ProcessId"",""#text"":""0x8FC""},{""@Name"":""ProcessName"",""#text"":""C:\\Windows\\System32\\svchost.exe""},{""@Name"":""IpAddress"",""#text"":""0.0.0.0""},{""@Name"":""IpPort"",""#text"":""0""}]}}"
719,14673,2023-08-19 01:15:12.3955587,5379,LogAlways,Microsoft-Windows-Security-Auditing,Security,616,656,Spookytown.spooky.domain,7,,,,,,,,,,,,False,D:\NTU\CTF\DeadFace\Misc\MALUM\Maybehere.evtx,Audit success,0,"{""EventData"":{""Data"":[{""@Name"":""SubjectUserSid"",""#text"":""S-1-5-18""},{""@Name"":""SubjectUserName"",""#text"":""SPOOKYTOWN$""},{""@Name"":""SubjectDomainName"",""#text"":""SPOOKY""},{""@Name"":""SubjectLogonId"",""#text"":""0x3E7""},{""@Name"":""TargetName"",""#text"":""MicrosoftAccount:user=02imkalddtoprujp""},{""@Name"":""Type"",""#text"":""0""},{""@Name"":""CountOfCredentialsReturned"",""#text"":""0""},{""@Name"":""ReadOperation"",""#text"":""%%8100""},{""@Name"":""ReturnCode"",""#text"":""3221226021""},{""@Name"":""ProcessCreationTime"",""#text"":""2023-08-19 01:14:42.7966629""},{""@Name"":""ClientProcessId"",""#text"":""4080""}]}}"
720,14674,2023-08-19 01:15:12.3956085,5379,LogAlways,Microsoft-Windows-Security-Auditing,Security,616,656,Spookytown.spooky.domain,7,,,,,,,,,,,,False,D:\NTU\CTF\DeadFace\Misc\MALUM\Maybehere.evtx,Audit success,536,"{""EventData"":{""Data"":[{""@Name"":""SubjectUserSid"",""#text"":""S-1-5-18""},{""@Name"":""SubjectUserName"",""#text"":""SPOOKYTOWN$""},{""@Name"":""SubjectDomainName"",""#text"":""SPOOKY""},{""@Name"":""SubjectLogonId"",""#text"":""0x3E7""},{""@Name"":""TargetName"",""#text"":""WindowsLive:(token):name=02imkalddtoprujp;serviceuri=*""},{""@Name"":""Type"",""#text"":""0""},{""@Name"":""CountOfCredentialsReturned"",""#text"":""0""},{""@Name"":""ReadOperation"",""#text"":""%%8100""},{""@Name"":""ReturnCode"",""#text"":""3221226021""},{""@Name"":""ProcessCreationTime"",""#text"":""2023-08-19 01:14:42.7966629""},{""@Name"":""ClientProcessId"",""#text"":""4080""}]}}"
