485,14439,2023-08-19 01:13:37.0191413,4624,LogAlways,Microsoft-Windows-Security-Auditing,Security,608,3956,Spookytown,4,,,,,,,,,,,,False,D:\NTU\CTF\DeadFace\Misc\MALUM\Maybehere.evtx,Audit success,0,"{""EventData"":{""Data"":[{""@Name"":""SubjectUserSid"",""#text"":""S-1-5-18""},{""@Name"":""SubjectUserName"",""#text"":""SPOOKYTOWN$""},{""@Name"":""SubjectDomainName"",""#text"":""SPOOKY""},{""@Name"":""SubjectLogonId"",""#text"":""0x3E7""},{""@Name"":""TargetUserSid"",""#text"":""S-1-5-18""},{""@Name"":""TargetUserName"",""#text"":""SYSTEM""},{""@Name"":""TargetDomainName"",""#text"":""NT AUTHORITY""},{""@Name"":""TargetLogonId"",""#text"":""0x3E7""},{""@Name"":""LogonType"",""#text"":""5""},{""@Name"":""LogonProcessName"",""#text"":""Advapi  ""},{""@Name"":""AuthenticationPackageName"",""#text"":""Negotiate""},{""@Name"":""WorkstationName"",""#text"":""-""},{""@Name"":""LogonGuid"",""#text"":""00000000-0000-0000-0000-000000000000""},{""@Name"":""TransmittedServices"",""#text"":""-""},{""@Name"":""LmPackageName"",""#text"":""-""},{""@Name"":""KeyLength"",""#text"":""0""},{""@Name"":""ProcessId"",""#text"":""0x238""},{""@Name"":""ProcessName"",""#text"":""C:\\Windows\\System32\\services.exe""},{""@Name"":""IpAddress"",""#text"":""-""},{""@Name"":""IpPort"",""#text"":""-""},{""@Name"":""ImpersonationLevel"",""#text"":""%%1833""},{""@Name"":""RestrictedAdminMode"",""#text"":""-""},{""@Name"":""TargetOutboundUserName"",""#text"":""-""},{""@Name"":""TargetOutboundDomainName"",""#text"":""-""},{""@Name"":""VirtualAccount"",""#text"":""%%1843""},{""@Name"":""TargetLinkedLogonId"",""#text"":""0x0""},{""@Name"":""ElevatedToken"",""#text"":""%%1842""}]}}"
486,14440,2023-08-19 01:13:37.0191565,4672,LogAlways,Microsoft-Windows-Security-Auditing,Security,608,3956,Spookytown,4,,,,,,,,,,,,False,D:\NTU\CTF\DeadFace\Misc\MALUM\Maybehere.evtx,Audit success,0,"{""EventData"":{""Data"":[{""@Name"":""SubjectUserSid"",""#text"":""S-1-5-18""},{""@Name"":""SubjectUserName"",""#text"":""SYSTEM""},{""@Name"":""SubjectDomainName"",""#text"":""NT AUTHORITY""},{""@Name"":""SubjectLogonId"",""#text"":""0x3E7""},{""@Name"":""PrivilegeList"",""#text"":""SeAssignPrimaryTokenPrivilege, SeTcbPrivilege, SeSecurityPrivilege, SeTakeOwnershipPrivilege, SeLoadDriverPrivilege, SeBackupPrivilege, SeRestorePrivilege, SeDebugPrivilege, SeAuditPrivilege, SeSystemEnvironmentPrivilege, SeImpersonatePrivilege, SeDelegateSessionUserImpersonatePrivilege""}]}}"
487,14441,2023-08-19 01:13:37.0568592,5379,LogAlways,Microsoft-Windows-Security-Auditing,Security,608,656,Spookytown,4,,,,,,,,,,,,False,D:\NTU\CTF\DeadFace\Misc\MALUM\Maybehere.evtx,Audit success,0,"{""EventData"":{""Data"":[{""@Name"":""SubjectUserSid"",""#text"":""S-1-5-21-4166205599-1656642011-1382607969-1001""},{""@Name"":""SubjectUserName"",""#text"":""rp01""},{""@Name"":""SubjectDomainName"",""#text"":""SPOOKYTOWN""},{""@Name"":""SubjectLogonId"",""#text"":""0x835A6""},{""@Name"":""TargetName"",""#text"":""MicrosoftAccount:user=02sjbinrkdkvjgjl""},{""@Name"":""Type"",""#text"":""0""},{""@Name"":""CountOfCredentialsReturned"",""#text"":""0""},{""@Name"":""ReadOperation"",""#text"":""%%8100""},{""@Name"":""ReturnCode"",""#text"":""3221226021""},{""@Name"":""ProcessCreationTime"",""#text"":""2023-08-19 01:04:45.0594858""},{""@Name"":""ClientProcessId"",""#text"":""6696""}]}}"
488,14442,2023-08-19 01:13:37.0569112,5379,LogAlways,Microsoft-Windows-Security-Auditing,Security,608,656,Spookytown,4,,,,,,,,,,,,False,D:\NTU\CTF\DeadFace\Misc\MALUM\Maybehere.evtx,Audit success,0,"{""EventData"":{""Data"":[{""@Name"":""SubjectUserSid"",""#text"":""S-1-5-21-4166205599-1656642011-1382607969-1001""},{""@Name"":""SubjectUserName"",""#text"":""rp01""},{""@Name"":""SubjectDomainName"",""#text"":""SPOOKYTOWN""},{""@Name"":""SubjectLogonId"",""#text"":""0x835A6""},{""@Name"":""TargetName"",""#text"":""WindowsLive:(token):name=02sjbinrkdkvjgjl;serviceuri=*""},{""@Name"":""Type"",""#text"":""0""},{""@Name"":""CountOfCredentialsReturned"",""#text"":""0""},{""@Name"":""ReadOperation"",""#text"":""%%8100""},{""@Name"":""ReturnCode"",""#text"":""3221226021""},{""@Name"":""ProcessCreationTime"",""#text"":""2023-08-19 01:04:45.0594858""},{""@Name"":""ClientProcessId"",""#text"":""6696""}]}}"
489,14443,2023-08-19 01:13:37.0571014,5379,LogAlways,Microsoft-Windows-Security-Auditing,Security,608,656,Spookytown,4,,,,,,,,,,,,False,D:\NTU\CTF\DeadFace\Misc\MALUM\Maybehere.evtx,Audit success,0,"{""EventData"":{""Data"":[{""@Name"":""SubjectUserSid"",""#text"":""S-1-5-21-4166205599-1656642011-1382607969-1001""},{""@Name"":""SubjectUserName"",""#text"":""rp01""},{""@Name"":""SubjectDomainName"",""#text"":""SPOOKYTOWN""},{""@Name"":""SubjectLogonId"",""#text"":""0x835A6""},{""@Name"":""TargetName"",""#text"":""WindowsLive:(cert):name=02sjbinrkdkvjgjl;serviceuri=*""},{""@Name"":""Type"",""#text"":""0""},{""@Name"":""CountOfCredentialsReturned"",""#text"":""0""},{""@Name"":""ReadOperation"",""#text"":""%%8100""},{""@Name"":""ReturnCode"",""#text"":""3221226021""},{""@Name"":""ProcessCreationTime"",""#text"":""2023-08-19 01:04:45.0594858""},{""@Name"":""ClientProcessId"",""#text"":""6696""}]}}"
490,14444,2023-08-19 01:13:37.0698167,5379,LogAlways,Microsoft-Windows-Security-Auditing,Security,608,656,Spookytown,4,,,,,,,,,,,,False,D:\NTU\CTF\DeadFace\Misc\MALUM\Maybehere.evtx,Audit success,0,"{""EventData"":{""Data"":[{""@Name"":""SubjectUserSid"",""#text"":""S-1-5-21-4166205599-1656642011-1382607969-1001""},{""@Name"":""SubjectUserName"",""#text"":""rp01""},{""@Name"":""SubjectDomainName"",""#text"":""SPOOKYTOWN""},{""@Name"":""SubjectLogonId"",""#text"":""0x835A6""},{""@Name"":""TargetName"",""#text"":""MicrosoftAccount:user=02sjbinrkdkvjgjl""},{""@Name"":""Type"",""#text"":""0""},{""@Name"":""CountOfCredentialsReturned"",""#text"":""0""},{""@Name"":""ReadOperation"",""#text"":""%%8100""},{""@Name"":""ReturnCode"",""#text"":""3221226021""},{""@Name"":""ProcessCreationTime"",""#text"":""2023-08-19 01:04:45.0594858""},{""@Name"":""ClientProcessId"",""#text"":""6696""}]}}"
491,14445,2023-08-19 01:13:37.8112473,5379,LogAlways,Microsoft-Windows-Security-Auditing,Security,608,656,Spookytown,4,,,,,,,,,,,,False,D:\NTU\CTF\DeadFace\Misc\MALUM\Maybehere.evtx,Audit success,0,"{""EventData"":{""Data"":[{""@Name"":""SubjectUserSid"",""#text"":""S-1-5-21-4166205599-1656642011-1382607969-1001""},{""@Name"":""SubjectUserName"",""#text"":""rp01""},{""@Name"":""SubjectDomainName"",""#text"":""SPOOKYTOWN""},{""@Name"":""SubjectLogonId"",""#text"":""0x835A6""},{""@Name"":""TargetName"",""#text"":""MicrosoftAccount:user=02sjbinrkdkvjgjl""},{""@Name"":""Type"",""#text"":""0""},{""@Name"":""CountOfCredentialsReturned"",""#text"":""0""},{""@Name"":""ReadOperation"",""#text"":""%%8100""},{""@Name"":""ReturnCode"",""#text"":""3221226021""},{""@Name"":""ProcessCreationTime"",""#text"":""2023-08-19 01:04:45.0594858""},{""@Name"":""ClientProcessId"",""#text"":""6696""}]}}"
492,14446,2023-08-19 01:13:37.8112981,5379,LogAlways,Microsoft-Windows-Security-Auditing,Security,608,656,Spookytown,4,,,,,,,,,,,,False,D:\NTU\CTF\DeadFace\Misc\MALUM\Maybehere.evtx,Audit success,0,"{""EventData"":{""Data"":[{""@Name"":""SubjectUserSid"",""#text"":""S-1-5-21-4166205599-1656642011-1382607969-1001""},{""@Name"":""SubjectUserName"",""#text"":""rp01""},{""@Name"":""SubjectDomainName"",""#text"":""SPOOKYTOWN""},{""@Name"":""SubjectLogonId"",""#text"":""0x835A6""},{""@Name"":""TargetName"",""#text"":""WindowsLive:(token):name=02sjbinrkdkvjgjl;serviceuri=*""},{""@Name"":""Type"",""#text"":""0""},{""@Name"":""CountOfCredentialsReturned"",""#text"":""0""},{""@Name"":""ReadOperation"",""#text"":""%%8100""},{""@Name"":""ReturnCode"",""#text"":""3221226021""},{""@Name"":""ProcessCreationTime"",""#text"":""2023-08-19 01:04:45.0594858""},{""@Name"":""ClientProcessId"",""#text"":""6696""}]}}"
493,14447,2023-08-19 01:13:37.8123099,5379,LogAlways,Microsoft-Windows-Security-Auditing,Security,608,656,Spookytown,4,,,,,,,,,,,,False,D:\NTU\CTF\DeadFace\Misc\MALUM\Maybehere.evtx,Audit success,0,"{""EventData"":{""Data"":[{""@Name"":""SubjectUserSid"",""#text"":""S-1-5-21-4166205599-1656642011-1382607969-1001""},{""@Name"":""SubjectUserName"",""#text"":""rp01""},{""@Name"":""SubjectDomainName"",""#text"":""SPOOKYTOWN""},{""@Name"":""SubjectLogonId"",""#text"":""0x835A6""},{""@Name"":""TargetName"",""#text"":""WindowsLive:(cert):name=02sjbinrkdkvjgjl;serviceuri=*""},{""@Name"":""Type"",""#text"":""0""},{""@Name"":""CountOfCredentialsReturned"",""#text"":""0""},{""@Name"":""ReadOperation"",""#text"":""%%8100""},{""@Name"":""ReturnCode"",""#text"":""3221226021""},{""@Name"":""ProcessCreationTime"",""#text"":""2023-08-19 01:04:45.0594858""},{""@Name"":""ClientProcessId"",""#text"":""6696""}]}}"
494,14448,2023-08-19 01:13:37.8642821,5379,LogAlways,Microsoft-Windows-Security-Auditing,Security,608,656,Spookytown,4,,,,,,,,,,,,False,D:\NTU\CTF\DeadFace\Misc\MALUM\Maybehere.evtx,Audit success,0,"{""EventData"":{""Data"":[{""@Name"":""SubjectUserSid"",""#text"":""S-1-5-21-4166205599-1656642011-1382607969-1001""},{""@Name"":""SubjectUserName"",""#text"":""rp01""},{""@Name"":""SubjectDomainName"",""#text"":""SPOOKYTOWN""},{""@Name"":""SubjectLogonId"",""#text"":""0x835A6""},{""@Name"":""TargetName"",""#text"":""MicrosoftAccount:user=02sjbinrkdkvjgjl""},{""@Name"":""Type"",""#text"":""0""},{""@Name"":""CountOfCredentialsReturned"",""#text"":""0""},{""@Name"":""ReadOperation"",""#text"":""%%8100""},{""@Name"":""ReturnCode"",""#text"":""3221226021""},{""@Name"":""ProcessCreationTime"",""#text"":""2023-08-19 01:04:45.0594858""},{""@Name"":""ClientProcessId"",""#text"":""6696""}]}}"
495,14449,2023-08-19 01:14:19.8852412,4648,LogAlways,Microsoft-Windows-Security-Auditing,Security,608,2664,Spookytown,4,,,,,,,,,,,,False,D:\NTU\CTF\DeadFace\Misc\MALUM\Maybehere.evtx,Audit success,0,"{""EventData"":{""Data"":[{""@Name"":""SubjectUserSid"",""#text"":""S-1-5-21-4166205599-1656642011-1382607969-1001""},{""@Name"":""SubjectUserName"",""#text"":""rp01""},{""@Name"":""SubjectDomainName"",""#text"":""SPOOKYTOWN""},{""@Name"":""SubjectLogonId"",""#text"":""0x83574""},{""@Name"":""LogonGuid"",""#text"":""00000000-0000-0000-0000-000000000000""},{""@Name"":""TargetUserName"",""#text"":""administrator""},{""@Name"":""TargetDomainName"",""#text"":""SPOOKY.DOMAIN""},{""@Name"":""TargetLogonGuid"",""#text"":""8665f945-4b16-f1e3-31fa-a374e0ae0519""},{""@Name"":""TargetServerName"",""#text"":""WIN-C444KI9F0D7.spooky.domain""},{""@Name"":""TargetInfo"",""#text"":""cifs/WIN-C444KI9F0D7.spooky.domain""},{""@Name"":""ProcessId"",""#text"":""0x4""},{""@Name"":""ProcessName""},{""@Name"":""IpAddress"",""#text"":""10.10.10.240""},{""@Name"":""IpPort"",""#text"":""445""}]}}"
496,14450,2023-08-19 01:14:19.8982357,4648,LogAlways,Microsoft-Windows-Security-Auditing,Security,608,2664,Spookytown,4,,,,,,,,,,,,False,D:\NTU\CTF\DeadFace\Misc\MALUM\Maybehere.evtx,Audit success,0,"{""EventData"":{""Data"":[{""@Name"":""SubjectUserSid"",""#text"":""S-1-5-21-4166205599-1656642011-1382607969-1001""},{""@Name"":""SubjectUserName"",""#text"":""rp01""},{""@Name"":""SubjectDomainName"",""#text"":""SPOOKYTOWN""},{""@Name"":""SubjectLogonId"",""#text"":""0x83574""},{""@Name"":""LogonGuid"",""#text"":""00000000-0000-0000-0000-000000000000""},{""@Name"":""TargetUserName"",""#text"":""administrator""},{""@Name"":""TargetDomainName"",""#text"":""SPOOKY.DOMAIN""},{""@Name"":""TargetLogonGuid"",""#text"":""8665f945-4b16-f1e3-31fa-a374e0ae0519""},{""@Name"":""TargetServerName"",""#text"":""WIN-C444KI9F0D7.spooky.domain""},{""@Name"":""TargetInfo"",""#text"":""ldap/WIN-C444KI9F0D7.spooky.domain""},{""@Name"":""ProcessId"",""#text"":""0x608""},{""@Name"":""ProcessName"",""#text"":""C:\\Windows\\System32\\svchost.exe""},{""@Name"":""IpAddress"",""#text"":""-""},{""@Name"":""IpPort"",""#text"":""-""}]}}"
497,14451,2023-08-19 01:14:19.9080478,4648,LogAlways,Microsoft-Windows-Security-Auditing,Security,608,2664,Spookytown,4,,,,,,,,,,,,False,D:\NTU\CTF\DeadFace\Misc\MALUM\Maybehere.evtx,Audit success,0,"{""EventData"":{""Data"":[{""@Name"":""SubjectUserSid"",""#text"":""S-1-5-21-4166205599-1656642011-1382607969-1001""},{""@Name"":""SubjectUserName"",""#text"":""rp01""},{""@Name"":""SubjectDomainName"",""#text"":""SPOOKYTOWN""},{""@Name"":""SubjectLogonId"",""#text"":""0x83574""},{""@Name"":""LogonGuid"",""#text"":""00000000-0000-0000-0000-000000000000""},{""@Name"":""TargetUserName"",""#text"":""administrator""},{""@Name"":""TargetDomainName"",""#text"":""SPOOKY.DOMAIN""},{""@Name"":""TargetLogonGuid"",""#text"":""00000000-0000-0000-0000-000000000000""},{""@Name"":""TargetServerName"",""#text"":""WIN-C444KI9F0D7.spooky.domain""},{""@Name"":""TargetInfo"",""#text"":""LDAP/WIN-C444KI9F0D7.spooky.domain""},{""@Name"":""ProcessId"",""#text"":""0x608""},{""@Name"":""ProcessName"",""#text"":""C:\\Windows\\System32\\svchost.exe""},{""@Name"":""IpAddress"",""#text"":""10.10.10.240""},{""@Name"":""IpPort"",""#text"":""49667""}]}}"
498,14452,2023-08-19 01:14:20.4581969,4648,LogAlways,Microsoft-Windows-Security-Auditing,Security,608,2664,Spookytown,4,,,,,,,,,,,,False,D:\NTU\CTF\DeadFace\Misc\MALUM\Maybehere.evtx,Audit success,0,"{""EventData"":{""Data"":[{""@Name"":""SubjectUserSid"",""#text"":""S-1-5-21-4166205599-1656642011-1382607969-1001""},{""@Name"":""SubjectUserName"",""#text"":""rp01""},{""@Name"":""SubjectDomainName"",""#text"":""SPOOKYTOWN""},{""@Name"":""SubjectLogonId"",""#text"":""0x83574""},{""@Name"":""LogonGuid"",""#text"":""00000000-0000-0000-0000-000000000000""},{""@Name"":""TargetUserName"",""#text"":""administrator""},{""@Name"":""TargetDomainName"",""#text"":""SPOOKY.DOMAIN""},{""@Name"":""TargetLogonGuid"",""#text"":""00000000-0000-0000-0000-000000000000""},{""@Name"":""TargetServerName"",""#text"":""WIN-C444KI9F0D7.spooky.domain""},{""@Name"":""TargetInfo"",""#text"":""ldap/WIN-C444KI9F0D7.spooky.domain""},{""@Name"":""ProcessId"",""#text"":""0x608""},{""@Name"":""ProcessName"",""#text"":""C:\\Windows\\System32\\svchost.exe""},{""@Name"":""IpAddress"",""#text"":""-""},{""@Name"":""IpPort"",""#text"":""-""}]}}"
499,14453,2023-08-19 01:14:20.5995538,4732,LogAlways,Microsoft-Windows-Security-Auditing,Security,608,3956,Spookytown,4,,,,,,,,,,,,False,D:\NTU\CTF\DeadFace\Misc\MALUM\Maybehere.evtx,Audit success,0,"{""EventData"":{""Data"":[{""@Name"":""MemberName"",""#text"":""-""},{""@Name"":""MemberSid"",""#text"":""S-1-5-21-454704032-2994698886-2546163-512""},{""@Name"":""TargetUserName"",""#text"":""Administrators""},{""@Name"":""TargetDomainName"",""#text"":""Builtin""},{""@Name"":""TargetSid"",""#text"":""S-1-5-32-544""},{""@Name"":""SubjectUserSid"",""#text"":""S-1-5-21-4166205599-1656642011-1382607969-1001""},{""@Name"":""SubjectUserName"",""#text"":""rp01""},{""@Name"":""SubjectDomainName"",""#text"":""SPOOKYTOWN""},{""@Name"":""SubjectLogonId"",""#text"":""0x83574""},{""@Name"":""PrivilegeList"",""#text"":""-""}]}}"
500,14454,2023-08-19 01:14:20.6175345,4732,LogAlways,Microsoft-Windows-Security-Auditing,Security,608,3956,Spookytown,4,,,,,,,,,,,,False,D:\NTU\CTF\DeadFace\Misc\MALUM\Maybehere.evtx,Audit success,0,"{""EventData"":{""Data"":[{""@Name"":""MemberName"",""#text"":""-""},{""@Name"":""MemberSid"",""#text"":""S-1-5-21-454704032-2994698886-2546163-513""},{""@Name"":""TargetUserName"",""#text"":""Users""},{""@Name"":""TargetDomainName"",""#text"":""Builtin""},{""@Name"":""TargetSid"",""#text"":""S-1-5-32-545""},{""@Name"":""SubjectUserSid"",""#text"":""S-1-5-21-4166205599-1656642011-1382607969-1001""},{""@Name"":""SubjectUserName"",""#text"":""rp01""},{""@Name"":""SubjectDomainName"",""#text"":""SPOOKYTOWN""},{""@Name"":""SubjectLogonId"",""#text"":""0x83574""},{""@Name"":""PrivilegeList"",""#text"":""-""}]}}"
501,14455,2023-08-19 01:14:20.6223646,4624,LogAlways,Microsoft-Windows-Security-Auditing,Security,608,656,Spookytown,4,,,,,,,,,,,,False,D:\NTU\CTF\DeadFace\Misc\MALUM\Maybehere.evtx,Audit success,0,"{""EventData"":{""Data"":[{""@Name"":""SubjectUserSid"",""#text"":""S-1-5-18""},{""@Name"":""SubjectUserName"",""#text"":""SPOOKYTOWN$""},{""@Name"":""SubjectDomainName"",""#text"":""SPOOKY""},{""@Name"":""SubjectLogonId"",""#text"":""0x3E7""},{""@Name"":""TargetUserSid"",""#text"":""S-1-5-18""},{""@Name"":""TargetUserName"",""#text"":""SYSTEM""},{""@Name"":""TargetDomainName"",""#text"":""NT AUTHORITY""},{""@Name"":""TargetLogonId"",""#text"":""0x3E7""},{""@Name"":""LogonType"",""#text"":""5""},{""@Name"":""LogonProcessName"",""#text"":""Advapi  ""},{""@Name"":""AuthenticationPackageName"",""#text"":""Negotiate""},{""@Name"":""WorkstationName"",""#text"":""-""},{""@Name"":""LogonGuid"",""#text"":""00000000-0000-0000-0000-000000000000""},{""@Name"":""TransmittedServices"",""#text"":""-""},{""@Name"":""LmPackageName"",""#text"":""-""},{""@Name"":""KeyLength"",""#text"":""0""},{""@Name"":""ProcessId"",""#text"":""0x238""},{""@Name"":""ProcessName"",""#text"":""C:\\Windows\\System32\\services.exe""},{""@Name"":""IpAddress"",""#text"":""-""},{""@Name"":""IpPort"",""#text"":""-""},{""@Name"":""ImpersonationLevel"",""#text"":""%%1833""},{""@Name"":""RestrictedAdminMode"",""#text"":""-""},{""@Name"":""TargetOutboundUserName"",""#text"":""-""},{""@Name"":""TargetOutboundDomainName"",""#text"":""-""},{""@Name"":""VirtualAccount"",""#text"":""%%1843""},{""@Name"":""TargetLinkedLogonId"",""#text"":""0x0""},{""@Name"":""ElevatedToken"",""#text"":""%%1842""}]}}"
502,14456,2023-08-19 01:14:20.6223683,4672,LogAlways,Microsoft-Windows-Security-Auditing,Security,608,656,Spookytown,4,,,,,,,,,,,,False,D:\NTU\CTF\DeadFace\Misc\MALUM\Maybehere.evtx,Audit success,0,"{""EventData"":{""Data"":[{""@Name"":""SubjectUserSid"",""#text"":""S-1-5-18""},{""@Name"":""SubjectUserName"",""#text"":""SYSTEM""},{""@Name"":""SubjectDomainName"",""#text"":""NT AUTHORITY""},{""@Name"":""SubjectLogonId"",""#text"":""0x3E7""},{""@Name"":""PrivilegeList"",""#text"":""SeAssignPrimaryTokenPrivilege, SeTcbPrivilege, SeSecurityPrivilege, SeTakeOwnershipPrivilege, SeLoadDriverPrivilege, SeBackupPrivilege, SeRestorePrivilege, SeDebugPrivilege, SeAuditPrivilege, SeSystemEnvironmentPrivilege, SeImpersonatePrivilege, SeDelegateSessionUserImpersonatePrivilege""}]}}"
503,14457,2023-08-19 01:14:22.4276171,4648,LogAlways,Microsoft-Windows-Security-Auditing,Security,608,3956,Spookytown,4,,,,,,,,,,,,False,D:\NTU\CTF\DeadFace\Misc\MALUM\Maybehere.evtx,Audit success,0,"{""EventData"":{""Data"":[{""@Name"":""SubjectUserSid"",""#text"":""S-1-5-21-4166205599-1656642011-1382607969-1001""},{""@Name"":""SubjectUserName"",""#text"":""rp01""},{""@Name"":""SubjectDomainName"",""#text"":""SPOOKYTOWN""},{""@Name"":""SubjectLogonId"",""#text"":""0x83574""},{""@Name"":""LogonGuid"",""#text"":""00000000-0000-0000-0000-000000000000""},{""@Name"":""TargetUserName"",""#text"":""administrator""},{""@Name"":""TargetDomainName"",""#text"":""SPOOKY.DOMAIN""},{""@Name"":""TargetLogonGuid"",""#text"":""00000000-0000-0000-0000-000000000000""},{""@Name"":""TargetServerName"",""#text"":""WIN-C444KI9F0D7.spooky.domain""},{""@Name"":""TargetInfo"",""#text"":""ldap/WIN-C444KI9F0D7.spooky.domain""},{""@Name"":""ProcessId"",""#text"":""0x608""},{""@Name"":""ProcessName"",""#text"":""C:\\Windows\\System32\\svchost.exe""},{""@Name"":""IpAddress"",""#text"":""-""},{""@Name"":""IpPort"",""#text"":""-""}]}}"
504,14458,2023-08-19 01:14:25.7898029,4647,LogAlways,Microsoft-Windows-Security-Auditing,Security,608,3956,Spookytown,4,,,,,,,,,,,,False,D:\NTU\CTF\DeadFace\Misc\MALUM\Maybehere.evtx,Audit success,0,"{""EventData"":{""Data"":[{""@Name"":""TargetUserSid"",""#text"":""S-1-5-21-4166205599-1656642011-1382607969-1001""},{""@Name"":""TargetUserName"",""#text"":""rp01""},{""@Name"":""TargetDomainName"",""#text"":""SPOOKYTOWN""},{""@Name"":""TargetLogonId"",""#text"":""0x835A6""}]}}"
505,14459,2023-08-19 01:14:25.9354874,4798,LogAlways,Microsoft-Windows-Security-Auditing,Security,608,656,Spookytown,4,,,,,,,,,,,,False,D:\NTU\CTF\DeadFace\Misc\MALUM\Maybehere.evtx,Audit success,0,"{""EventData"":{""Data"":[{""@Name"":""TargetUserName"",""#text"":""Administrator""},{""@Name"":""TargetDomainName"",""#text"":""SPOOKYTOWN""},{""@Name"":""TargetSid"",""#text"":""S-1-5-21-4166205599-1656642011-1382607969-500""},{""@Name"":""SubjectUserSid"",""#text"":""S-1-5-18""},{""@Name"":""SubjectUserName"",""#text"":""SPOOKYTOWN$""},{""@Name"":""SubjectDomainName"",""#text"":""SPOOKY""},{""@Name"":""SubjectLogonId"",""#text"":""0x3E7""},{""@Name"":""CallerProcessId"",""#text"":""0x56C""},{""@Name"":""CallerProcessName"",""#text"":""C:\\Windows\\System32\\svchost.exe""}]}}"
506,14460,2023-08-19 01:14:25.9359325,4798,LogAlways,Microsoft-Windows-Security-Auditing,Security,608,656,Spookytown,4,,,,,,,,,,,,False,D:\NTU\CTF\DeadFace\Misc\MALUM\Maybehere.evtx,Audit success,0,"{""EventData"":{""Data"":[{""@Name"":""TargetUserName"",""#text"":""DefaultAccount""},{""@Name"":""TargetDomainName"",""#text"":""SPOOKYTOWN""},{""@Name"":""TargetSid"",""#text"":""S-1-5-21-4166205599-1656642011-1382607969-503""},{""@Name"":""SubjectUserSid"",""#text"":""S-1-5-18""},{""@Name"":""SubjectUserName"",""#text"":""SPOOKYTOWN$""},{""@Name"":""SubjectDomainName"",""#text"":""SPOOKY""},{""@Name"":""SubjectLogonId"",""#text"":""0x3E7""},{""@Name"":""CallerProcessId"",""#text"":""0x56C""},{""@Name"":""CallerProcessName"",""#text"":""C:\\Windows\\System32\\svchost.exe""}]}}"
507,14461,2023-08-19 01:14:25.9361661,4798,LogAlways,Microsoft-Windows-Security-Auditing,Security,608,656,Spookytown,4,,,,,,,,,,,,False,D:\NTU\CTF\DeadFace\Misc\MALUM\Maybehere.evtx,Audit success,0,"{""EventData"":{""Data"":[{""@Name"":""TargetUserName"",""#text"":""Guest""},{""@Name"":""TargetDomainName"",""#text"":""SPOOKYTOWN""},{""@Name"":""TargetSid"",""#text"":""S-1-5-21-4166205599-1656642011-1382607969-501""},{""@Name"":""SubjectUserSid"",""#text"":""S-1-5-18""},{""@Name"":""SubjectUserName"",""#text"":""SPOOKYTOWN$""},{""@Name"":""SubjectDomainName"",""#text"":""SPOOKY""},{""@Name"":""SubjectLogonId"",""#text"":""0x3E7""},{""@Name"":""CallerProcessId"",""#text"":""0x56C""},{""@Name"":""CallerProcessName"",""#text"":""C:\\Windows\\System32\\svchost.exe""}]}}"
508,14462,2023-08-19 01:14:25.9363418,4798,LogAlways,Microsoft-Windows-Security-Auditing,Security,608,656,Spookytown,4,,,,,,,,,,,,False,D:\NTU\CTF\DeadFace\Misc\MALUM\Maybehere.evtx,Audit success,0,"{""EventData"":{""Data"":[{""@Name"":""TargetUserName"",""#text"":""rp01""},{""@Name"":""TargetDomainName"",""#text"":""SPOOKYTOWN""},{""@Name"":""TargetSid"",""#text"":""S-1-5-21-4166205599-1656642011-1382607969-1001""},{""@Name"":""SubjectUserSid"",""#text"":""S-1-5-18""},{""@Name"":""SubjectUserName"",""#text"":""SPOOKYTOWN$""},{""@Name"":""SubjectDomainName"",""#text"":""SPOOKY""},{""@Name"":""SubjectLogonId"",""#text"":""0x3E7""},{""@Name"":""CallerProcessId"",""#text"":""0x56C""},{""@Name"":""CallerProcessName"",""#text"":""C:\\Windows\\System32\\svchost.exe""}]}}"
509,14463,2023-08-19 01:14:25.9365283,4798,LogAlways,Microsoft-Windows-Security-Auditing,Security,608,656,Spookytown,4,,,,,,,,,,,,False,D:\NTU\CTF\DeadFace\Misc\MALUM\Maybehere.evtx,Audit success,0,"{""EventData"":{""Data"":[{""@Name"":""TargetUserName"",""#text"":""WDAGUtilityAccount""},{""@Name"":""TargetDomainName"",""#text"":""SPOOKYTOWN""},{""@Name"":""TargetSid"",""#text"":""S-1-5-21-4166205599-1656642011-1382607969-504""},{""@Name"":""SubjectUserSid"",""#text"":""S-1-5-18""},{""@Name"":""SubjectUserName"",""#text"":""SPOOKYTOWN$""},{""@Name"":""SubjectDomainName"",""#text"":""SPOOKY""},{""@Name"":""SubjectLogonId"",""#text"":""0x3E7""},{""@Name"":""CallerProcessId"",""#text"":""0x56C""},{""@Name"":""CallerProcessName"",""#text"":""C:\\Windows\\System32\\svchost.exe""}]}}"
510,14464,2023-08-19 01:14:26.1830794,4634,LogAlways,Microsoft-Windows-Security-Auditing,Security,608,2664,Spookytown,4,,,,,,,,,,,,False,D:\NTU\CTF\DeadFace\Misc\MALUM\Maybehere.evtx,Audit success,0,"{""EventData"":{""Data"":[{""@Name"":""TargetUserSid"",""#text"":""S-1-5-96-0-2""},{""@Name"":""TargetUserName"",""#text"":""UMFD-2""},{""@Name"":""TargetDomainName"",""#text"":""Font Driver Host""},{""@Name"":""TargetLogonId"",""#text"":""0x7BB34""},{""@Name"":""LogonType"",""#text"":""2""}]}}"
511,14465,2023-08-19 01:14:26.4818376,4634,LogAlways,Microsoft-Windows-Security-Auditing,Security,608,2664,Spookytown,4,,,,,,,,,,,,False,D:\NTU\CTF\DeadFace\Misc\MALUM\Maybehere.evtx,Audit success,0,"{""EventData"":{""Data"":[{""@Name"":""TargetUserSid"",""#text"":""S-1-5-90-0-2""},{""@Name"":""TargetUserName"",""#text"":""DWM-2""},{""@Name"":""TargetDomainName"",""#text"":""Window Manager""},{""@Name"":""TargetLogonId"",""#text"":""0x7C3A6""},{""@Name"":""LogonType"",""#text"":""2""}]}}"
512,14466,2023-08-19 01:14:26.4854931,4634,LogAlways,Microsoft-Windows-Security-Auditing,Security,608,656,Spookytown,4,,,,,,,,,,,,False,D:\NTU\CTF\DeadFace\Misc\MALUM\Maybehere.evtx,Audit success,0,"{""EventData"":{""Data"":[{""@Name"":""TargetUserSid"",""#text"":""S-1-5-90-0-2""},{""@Name"":""TargetUserName"",""#text"":""DWM-2""},{""@Name"":""TargetDomainName"",""#text"":""Window Manager""},{""@Name"":""TargetLogonId"",""#text"":""0x7BEEA""},{""@Name"":""LogonType"",""#text"":""2""}]}}"
513,14467,2023-08-19 01:14:28.6812765,1100,Info,Microsoft-Windows-Eventlog,Security,1208,4824,Spookytown,4,,,,,,,,,,,,False,D:\NTU\CTF\DeadFace\Misc\MALUM\Maybehere.evtx,0x4020000000000000,0,"{""UserData"":{""ServiceShutdown"":""""}}"
514,14468,2023-08-19 01:14:28.4954490,4624,LogAlways,Microsoft-Windows-Security-Auditing,Security,608,3956,Spookytown,4,,,,,,,,,,,,False,D:\NTU\CTF\DeadFace\Misc\MALUM\Maybehere.evtx,Audit success,0,"{""EventData"":{""Data"":[{""@Name"":""SubjectUserSid"",""#text"":""S-1-5-18""},{""@Name"":""SubjectUserName"",""#text"":""SPOOKYTOWN$""},{""@Name"":""SubjectDomainName"",""#text"":""SPOOKY""},{""@Name"":""SubjectLogonId"",""#text"":""0x3E7""},{""@Name"":""TargetUserSid"",""#text"":""S-1-5-18""},{""@Name"":""TargetUserName"",""#text"":""SYSTEM""},{""@Name"":""TargetDomainName"",""#text"":""NT AUTHORITY""},{""@Name"":""TargetLogonId"",""#text"":""0x3E7""},{""@Name"":""LogonType"",""#text"":""5""},{""@Name"":""LogonProcessName"",""#text"":""Advapi  ""},{""@Name"":""AuthenticationPackageName"",""#text"":""Negotiate""},{""@Name"":""WorkstationName"",""#text"":""-""},{""@Name"":""LogonGuid"",""#text"":""00000000-0000-0000-0000-000000000000""},{""@Name"":""TransmittedServices"",""#text"":""-""},{""@Name"":""LmPackageName"",""#text"":""-""},{""@Name"":""KeyLength"",""#text"":""0""},{""@Name"":""ProcessId"",""#text"":""0x238""},{""@Name"":""ProcessName"",""#text"":""C:\\Windows\\System32\\services.exe""},{""@Name"":""IpAddress"",""#text"":""-""},{""@Name"":""IpPort"",""#text"":""-""},{""@Name"":""ImpersonationLevel"",""#text"":""%%1833""},{""@Name"":""RestrictedAdminMode"",""#text"":""-""},{""@Name"":""TargetOutboundUserName"",""#text"":""-""},{""@Name"":""TargetOutboundDomainName"",""#text"":""-""},{""@Name"":""VirtualAccount"",""#text"":""%%1843""},{""@Name"":""TargetLinkedLogonId"",""#text"":""0x0""},{""@Name"":""ElevatedToken"",""#text"":""%%1842""}]}}"
515,14469,2023-08-19 01:14:28.4954526,4672,LogAlways,Microsoft-Windows-Security-Auditing,Security,608,3956,Spookytown,4,,,,,,,,,,,,False,D:\NTU\CTF\DeadFace\Misc\MALUM\Maybehere.evtx,Audit success,0,"{""EventData"":{""Data"":[{""@Name"":""SubjectUserSid"",""#text"":""S-1-5-18""},{""@Name"":""SubjectUserName"",""#text"":""SYSTEM""},{""@Name"":""SubjectDomainName"",""#text"":""NT AUTHORITY""},{""@Name"":""SubjectLogonId"",""#text"":""0x3E7""},{""@Name"":""PrivilegeList"",""#text"":""SeAssignPrimaryTokenPrivilege, SeTcbPrivilege, SeSecurityPrivilege, SeTakeOwnershipPrivilege, SeLoadDriverPrivilege, SeBackupPrivilege, SeRestorePrivilege, SeDebugPrivilege, SeAuditPrivilege, SeSystemEnvironmentPrivilege, SeImpersonatePrivilege, SeDelegateSessionUserImpersonatePrivilege""}]}}"
516,14470,2023-08-19 01:14:28.5638048,4616,LogAlways,Microsoft-Windows-Security-Auditing,Security,4,7032,Spookytown,4,,,,,,,,,,,,False,D:\NTU\CTF\DeadFace\Misc\MALUM\Maybehere.evtx,Audit success,0,"{""EventData"":{""Data"":[{""@Name"":""SubjectUserSid"",""#text"":""S-1-5-19""},{""@Name"":""SubjectUserName"",""#text"":""LOCAL SERVICE""},{""@Name"":""SubjectDomainName"",""#text"":""NT AUTHORITY""},{""@Name"":""SubjectLogonId"",""#text"":""0x3E5""},{""@Name"":""PreviousTime"",""#text"":""2023-08-19 01:14:28.5562791""},{""@Name"":""NewTime"",""#text"":""2023-08-19 01:14:28.5632162""},{""@Name"":""ProcessId"",""#text"":""0x698""},{""@Name"":""ProcessName"",""#text"":""C:\\Windows\\System32\\svchost.exe""}]}}"
517,14471,2023-08-19 01:14:34.1161934,4688,LogAlways,Microsoft-Windows-Security-Auditing,Security,4,92,Spookytown.spooky.domain,4,,,,,,,,,,,,False,D:\NTU\CTF\DeadFace\Misc\MALUM\Maybehere.evtx,Audit success,0,"{""EventData"":{""Data"":[{""@Name"":""SubjectUserSid"",""#text"":""S-1-5-18""},{""@Name"":""SubjectUserName"",""#text"":""-""},{""@Name"":""SubjectDomainName"",""#text"":""-""},{""@Name"":""SubjectLogonId"",""#text"":""0x3E7""},{""@Name"":""NewProcessId"",""#text"":""0x48""},{""@Name"":""NewProcessName"",""#text"":""Registry""},{""@Name"":""TokenElevationType"",""#text"":""%%1936""},{""@Name"":""ProcessId"",""#text"":""0x4""},{""@Name"":""CommandLine""},{""@Name"":""TargetUserSid"",""#text"":""S-1-0-0""},{""@Name"":""TargetUserName"",""#text"":""-""},{""@Name"":""TargetDomainName"",""#text"":""-""},{""@Name"":""TargetLogonId"",""#text"":""0x0""},{""@Name"":""ParentProcessName""},{""@Name"":""MandatoryLabel"",""#text"":""S-1-16-16384""}]}}"
518,14472,2023-08-19 01:14:34.1161953,4696,LogAlways,Microsoft-Windows-Security-Auditing,Security,4,92,Spookytown.spooky.domain,4,,,,,,,,,,,,False,D:\NTU\CTF\DeadFace\Misc\MALUM\Maybehere.evtx,Audit success,0,"{""EventData"":{""Data"":[{""@Name"":""SubjectUserSid"",""#text"":""S-1-5-18""},{""@Name"":""SubjectUserName"",""#text"":""-""},{""@Name"":""SubjectDomainName"",""#text"":""-""},{""@Name"":""SubjectLogonId"",""#text"":""0x3E7""},{""@Name"":""TargetUserSid"",""#text"":""S-1-0-0""},{""@Name"":""TargetUserName"",""#text"":""-""},{""@Name"":""TargetDomainName"",""#text"":""-""},{""@Name"":""TargetLogonId"",""#text"":""0x3E7""},{""@Name"":""TargetProcessId"",""#text"":""0x48""},{""@Name"":""TargetProcessName"",""#text"":""Registry""},{""@Name"":""ProcessId"",""#text"":""0x4""},{""@Name"":""ProcessName""}]}}"
519,14473,2023-08-19 01:14:34.1161979,4826,LogAlways,Microsoft-Windows-Security-Auditing,Security,4,92,Spookytown.spooky.domain,4,,,,,,,,,,,,False,D:\NTU\CTF\DeadFace\Misc\MALUM\Maybehere.evtx,Audit success,0,"{""EventData"":{""Data"":[{""@Name"":""SubjectUserSid"",""#text"":""S-1-5-18""},{""@Name"":""SubjectUserName"",""#text"":""-""},{""@Name"":""SubjectDomainName"",""#text"":""-""},{""@Name"":""SubjectLogonId"",""#text"":""0x3E7""},{""@Name"":""LoadOptions"",""#text"":""-""},{""@Name"":""AdvancedOptions"",""#text"":""%%1843""},{""@Name"":""ConfigAccessPolicy"",""#text"":""%%1846""},{""@Name"":""RemoteEventLogging"",""#text"":""%%1843""},{""@Name"":""KernelDebug"",""#text"":""%%1843""},{""@Name"":""VsmLaunchType"",""#text"":""%%1848""},{""@Name"":""TestSigning"",""#text"":""%%1843""},{""@Name"":""FlightSigning"",""#text"":""%%1843""},{""@Name"":""DisableIntegrityChecks"",""#text"":""%%1843""},{""@Name"":""HypervisorLoadOptions"",""#text"":""-""},{""@Name"":""HypervisorLaunchType"",""#text"":""%%1848""},{""@Name"":""HypervisorDebug"",""#text"":""%%1843""}]}}"
520,14474,2023-08-19 01:14:34.1161996,4688,LogAlways,Microsoft-Windows-Security-Auditing,Security,4,92,Spookytown.spooky.domain,4,,,,,,,,,,,,False,D:\NTU\CTF\DeadFace\Misc\MALUM\Maybehere.evtx,Audit success,0,"{""EventData"":{""Data"":[{""@Name"":""SubjectUserSid"",""#text"":""S-1-5-18""},{""@Name"":""SubjectUserName"",""#text"":""-""},{""@Name"":""SubjectDomainName"",""#text"":""-""},{""@Name"":""SubjectLogonId"",""#text"":""0x3E7""},{""@Name"":""NewProcessId"",""#text"":""0x154""},{""@Name"":""NewProcessName"",""#text"":""C:\\Windows\\System32\\smss.exe""},{""@Name"":""TokenElevationType"",""#text"":""%%1936""},{""@Name"":""ProcessId"",""#text"":""0x4""},{""@Name"":""CommandLine""},{""@Name"":""TargetUserSid"",""#text"":""S-1-0-0""},{""@Name"":""TargetUserName"",""#text"":""-""},{""@Name"":""TargetDomainName"",""#text"":""-""},{""@Name"":""TargetLogonId"",""#text"":""0x0""},{""@Name"":""ParentProcessName""},{""@Name"":""MandatoryLabel"",""#text"":""S-1-16-16384""}]}}"
521,14475,2023-08-19 01:14:35.4084160,4688,LogAlways,Microsoft-Windows-Security-Auditing,Security,4,272,Spookytown.spooky.domain,4,,,,,,,,,,,,False,D:\NTU\CTF\DeadFace\Misc\MALUM\Maybehere.evtx,Audit success,0,"{""EventData"":{""Data"":[{""@Name"":""SubjectUserSid"",""#text"":""S-1-5-18""},{""@Name"":""SubjectUserName"",""#text"":""-""},{""@Name"":""SubjectDomainName"",""#text"":""-""},{""@Name"":""SubjectLogonId"",""#text"":""0x3E7""},{""@Name"":""NewProcessId"",""#text"":""0x174""},{""@Name"":""NewProcessName"",""#text"":""C:\\Windows\\System32\\autochk.exe""},{""@Name"":""TokenElevationType"",""#text"":""%%1936""},{""@Name"":""ProcessId"",""#text"":""0x154""},{""@Name"":""CommandLine""},{""@Name"":""TargetUserSid"",""#text"":""S-1-0-0""},{""@Name"":""TargetUserName"",""#text"":""-""},{""@Name"":""TargetDomainName"",""#text"":""-""},{""@Name"":""TargetLogonId"",""#text"":""0x0""},{""@Name"":""ParentProcessName"",""#text"":""C:\\Windows\\System32\\smss.exe""},{""@Name"":""MandatoryLabel"",""#text"":""S-1-16-16384""}]}}"
522,14476,2023-08-19 01:14:35.8138748,4688,LogAlways,Microsoft-Windows-Security-Auditing,Security,4,272,Spookytown.spooky.domain,4,,,,,,,,,,,,False,D:\NTU\CTF\DeadFace\Misc\MALUM\Maybehere.evtx,Audit success,0,"{""EventData"":{""Data"":[{""@Name"":""SubjectUserSid"",""#text"":""S-1-5-18""},{""@Name"":""SubjectUserName"",""#text"":""-""},{""@Name"":""SubjectDomainName"",""#text"":""-""},{""@Name"":""SubjectLogonId"",""#text"":""0x3E7""},{""@Name"":""NewProcessId"",""#text"":""0x1AC""},{""@Name"":""NewProcessName"",""#text"":""C:\\Windows\\System32\\smss.exe""},{""@Name"":""TokenElevationType"",""#text"":""%%1936""},{""@Name"":""ProcessId"",""#text"":""0x154""},{""@Name"":""CommandLine""},{""@Name"":""TargetUserSid"",""#text"":""S-1-0-0""},{""@Name"":""TargetUserName"",""#text"":""-""},{""@Name"":""TargetDomainName"",""#text"":""-""},{""@Name"":""TargetLogonId"",""#text"":""0x0""},{""@Name"":""ParentProcessName"",""#text"":""C:\\Windows\\System32\\smss.exe""},{""@Name"":""MandatoryLabel"",""#text"":""S-1-16-16384""}]}}"
523,14477,2023-08-19 01:14:35.8778565,4688,LogAlways,Microsoft-Windows-Security-Auditing,Security,4,92,Spookytown.spooky.domain,4,,,,,,,,,,,,False,D:\NTU\CTF\DeadFace\Misc\MALUM\Maybehere.evtx,Audit success,0,"{""EventData"":{""Data"":[{""@Name"":""SubjectUserSid"",""#text"":""S-1-5-18""},{""@Name"":""SubjectUserName"",""#text"":""-""},{""@Name"":""SubjectDomainName"",""#text"":""-""},{""@Name"":""SubjectLogonId"",""#text"":""0x3E7""},{""@Name"":""NewProcessId"",""#text"":""0x1B8""},{""@Name"":""NewProcessName"",""#text"":""C:\\Windows\\System32\\csrss.exe""},{""@Name"":""TokenElevationType"",""#text"":""%%1936""},{""@Name"":""ProcessId"",""#text"":""0x1AC""},{""@Name"":""CommandLine""},{""@Name"":""TargetUserSid"",""#text"":""S-1-0-0""},{""@Name"":""TargetUserName"",""#text"":""-""},{""@Name"":""TargetDomainName"",""#text"":""-""},{""@Name"":""TargetLogonId"",""#text"":""0x0""},{""@Name"":""ParentProcessName"",""#text"":""C:\\Windows\\System32\\smss.exe""},{""@Name"":""MandatoryLabel"",""#text"":""S-1-16-16384""}]}}"
524,14478,2023-08-19 01:14:35.9110367,4688,LogAlways,Microsoft-Windows-Security-Auditing,Security,4,272,Spookytown.spooky.domain,4,,,,,,,,,,,,False,D:\NTU\CTF\DeadFace\Misc\MALUM\Maybehere.evtx,Audit success,0,"{""EventData"":{""Data"":[{""@Name"":""SubjectUserSid"",""#text"":""S-1-5-18""},{""@Name"":""SubjectUserName"",""#text"":""-""},{""@Name"":""SubjectDomainName"",""#text"":""-""},{""@Name"":""SubjectLogonId"",""#text"":""0x3E7""},{""@Name"":""NewProcessId"",""#text"":""0x1F4""},{""@Name"":""NewProcessName"",""#text"":""C:\\Windows\\System32\\smss.exe""},{""@Name"":""TokenElevationType"",""#text"":""%%1936""},{""@Name"":""ProcessId"",""#text"":""0x154""},{""@Name"":""CommandLine""},{""@Name"":""TargetUserSid"",""#text"":""S-1-0-0""},{""@Name"":""TargetUserName"",""#text"":""-""},{""@Name"":""TargetDomainName"",""#text"":""-""},{""@Name"":""TargetLogonId"",""#text"":""0x0""},{""@Name"":""ParentProcessName"",""#text"":""C:\\Windows\\System32\\smss.exe""},{""@Name"":""MandatoryLabel"",""#text"":""S-1-16-16384""}]}}"
525,14479,2023-08-19 01:14:35.9118750,4688,LogAlways,Microsoft-Windows-Security-Auditing,Security,4,272,Spookytown.spooky.domain,4,,,,,,,,,,,,False,D:\NTU\CTF\DeadFace\Misc\MALUM\Maybehere.evtx,Audit success,0,"{""EventData"":{""Data"":[{""@Name"":""SubjectUserSid"",""#text"":""S-1-5-18""},{""@Name"":""SubjectUserName"",""#text"":""-""},{""@Name"":""SubjectDomainName"",""#text"":""-""},{""@Name"":""SubjectLogonId"",""#text"":""0x3E7""},{""@Name"":""NewProcessId"",""#text"":""0x1FC""},{""@Name"":""NewProcessName"",""#text"":""C:\\Windows\\System32\\wininit.exe""},{""@Name"":""TokenElevationType"",""#text"":""%%1936""},{""@Name"":""ProcessId"",""#text"":""0x1AC""},{""@Name"":""CommandLine""},{""@Name"":""TargetUserSid"",""#text"":""S-1-0-0""},{""@Name"":""TargetUserName"",""#text"":""-""},{""@Name"":""TargetDomainName"",""#text"":""-""},{""@Name"":""TargetLogonId"",""#text"":""0x0""},{""@Name"":""ParentProcessName"",""#text"":""C:\\Windows\\System32\\smss.exe""},{""@Name"":""MandatoryLabel"",""#text"":""S-1-16-16384""}]}}"
526,14480,2023-08-19 01:14:35.9157678,4688,LogAlways,Microsoft-Windows-Security-Auditing,Security,4,92,Spookytown.spooky.domain,4,,,,,,,,,,,,False,D:\NTU\CTF\DeadFace\Misc\MALUM\Maybehere.evtx,Audit success,0,"{""EventData"":{""Data"":[{""@Name"":""SubjectUserSid"",""#text"":""S-1-5-18""},{""@Name"":""SubjectUserName"",""#text"":""-""},{""@Name"":""SubjectDomainName"",""#text"":""-""},{""@Name"":""SubjectLogonId"",""#text"":""0x3E7""},{""@Name"":""NewProcessId"",""#text"":""0x204""},{""@Name"":""NewProcessName"",""#text"":""C:\\Windows\\System32\\csrss.exe""},{""@Name"":""TokenElevationType"",""#text"":""%%1936""},{""@Name"":""ProcessId"",""#text"":""0x1F4""},{""@Name"":""CommandLine""},{""@Name"":""TargetUserSid"",""#text"":""S-1-0-0""},{""@Name"":""TargetUserName"",""#text"":""-""},{""@Name"":""TargetDomainName"",""#text"":""-""},{""@Name"":""TargetLogonId"",""#text"":""0x0""},{""@Name"":""ParentProcessName"",""#text"":""C:\\Windows\\System32\\smss.exe""},{""@Name"":""MandatoryLabel"",""#text"":""S-1-16-16384""}]}}"
527,14481,2023-08-19 01:14:35.9614740,4688,LogAlways,Microsoft-Windows-Security-Auditing,Security,4,92,Spookytown.spooky.domain,4,,,,,,,,,,,,False,D:\NTU\CTF\DeadFace\Misc\MALUM\Maybehere.evtx,Audit success,0,"{""EventData"":{""Data"":[{""@Name"":""SubjectUserSid"",""#text"":""S-1-5-18""},{""@Name"":""SubjectUserName"",""#text"":""-""},{""@Name"":""SubjectDomainName"",""#text"":""-""},{""@Name"":""SubjectLogonId"",""#text"":""0x3E7""},{""@Name"":""NewProcessId"",""#text"":""0x238""},{""@Name"":""NewProcessName"",""#text"":""C:\\Windows\\System32\\services.exe""},{""@Name"":""TokenElevationType"",""#text"":""%%1936""},{""@Name"":""ProcessId"",""#text"":""0x1FC""},{""@Name"":""CommandLine""},{""@Name"":""TargetUserSid"",""#text"":""S-1-0-0""},{""@Name"":""TargetUserName"",""#text"":""-""},{""@Name"":""TargetDomainName"",""#text"":""-""},{""@Name"":""TargetLogonId"",""#text"":""0x0""},{""@Name"":""ParentProcessName"",""#text"":""C:\\Windows\\System32\\wininit.exe""},{""@Name"":""MandatoryLabel"",""#text"":""S-1-16-16384""}]}}"
528,14482,2023-08-19 01:14:35.9619908,4688,LogAlways,Microsoft-Windows-Security-Auditing,Security,4,92,Spookytown.spooky.domain,4,,,,,,,,,,,,False,D:\NTU\CTF\DeadFace\Misc\MALUM\Maybehere.evtx,Audit success,0,"{""EventData"":{""Data"":[{""@Name"":""SubjectUserSid"",""#text"":""S-1-5-18""},{""@Name"":""SubjectUserName"",""#text"":""-""},{""@Name"":""SubjectDomainName"",""#text"":""-""},{""@Name"":""SubjectLogonId"",""#text"":""0x3E7""},{""@Name"":""NewProcessId"",""#text"":""0x258""},{""@Name"":""NewProcessName"",""#text"":""C:\\Windows\\System32\\winlogon.exe""},{""@Name"":""TokenElevationType"",""#text"":""%%1936""},{""@Name"":""ProcessId"",""#text"":""0x1F4""},{""@Name"":""CommandLine""},{""@Name"":""TargetUserSid"",""#text"":""S-1-0-0""},{""@Name"":""TargetUserName"",""#text"":""-""},{""@Name"":""TargetDomainName"",""#text"":""-""},{""@Name"":""TargetLogonId"",""#text"":""0x0""},{""@Name"":""ParentProcessName"",""#text"":""C:\\Windows\\System32\\smss.exe""},{""@Name"":""MandatoryLabel"",""#text"":""S-1-16-16384""}]}}"
529,14483,2023-08-19 01:14:35.9730868,4688,LogAlways,Microsoft-Windows-Security-Auditing,Security,4,92,Spookytown.spooky.domain,4,,,,,,,,,,,,False,D:\NTU\CTF\DeadFace\Misc\MALUM\Maybehere.evtx,Audit success,0,"{""EventData"":{""Data"":[{""@Name"":""SubjectUserSid"",""#text"":""S-1-5-18""},{""@Name"":""SubjectUserName"",""#text"":""-""},{""@Name"":""SubjectDomainName"",""#text"":""-""},{""@Name"":""SubjectLogonId"",""#text"":""0x3E7""},{""@Name"":""NewProcessId"",""#text"":""0x268""},{""@Name"":""NewProcessName"",""#text"":""C:\\Windows\\System32\\lsass.exe""},{""@Name"":""TokenElevationType"",""#text"":""%%1936""},{""@Name"":""ProcessId"",""#text"":""0x1FC""},{""@Name"":""CommandLine""},{""@Name"":""TargetUserSid"",""#text"":""S-1-0-0""},{""@Name"":""TargetUserName"",""#text"":""-""},{""@Name"":""TargetDomainName"",""#text"":""-""},{""@Name"":""TargetLogonId"",""#text"":""0x0""},{""@Name"":""ParentProcessName"",""#text"":""C:\\Windows\\System32\\wininit.exe""},{""@Name"":""MandatoryLabel"",""#text"":""S-1-16-16384""}]}}"
530,14484,2023-08-19 01:14:36.0250241,4608,LogAlways,Microsoft-Windows-Security-Auditing,Security,616,620,Spookytown.spooky.domain,4,,,,,,,,,,,,False,D:\NTU\CTF\DeadFace\Misc\MALUM\Maybehere.evtx,Audit success,0,"{""EventData"":""""}"
531,14485,2023-08-19 01:14:36.0260669,4624,LogAlways,Microsoft-Windows-Security-Auditing,Security,616,620,Spookytown.spooky.domain,5,,,,,,,,,,,,False,D:\NTU\CTF\DeadFace\Misc\MALUM\Maybehere.evtx,Audit success,0,"{""EventData"":{""Data"":[{""@Name"":""SubjectUserSid"",""#text"":""S-1-0-0""},{""@Name"":""SubjectUserName"",""#text"":""-""},{""@Name"":""SubjectDomainName"",""#text"":""-""},{""@Name"":""SubjectLogonId"",""#text"":""0x0""},{""@Name"":""TargetUserSid"",""#text"":""S-1-5-18""},{""@Name"":""TargetUserName"",""#text"":""SYSTEM""},{""@Name"":""TargetDomainName"",""#text"":""NT AUTHORITY""},{""@Name"":""TargetLogonId"",""#text"":""0x3E7""},{""@Name"":""LogonType"",""#text"":""0""},{""@Name"":""LogonProcessName"",""#text"":""-""},{""@Name"":""AuthenticationPackageName"",""#text"":""-""},{""@Name"":""WorkstationName"",""#text"":""-""},{""@Name"":""LogonGuid"",""#text"":""00000000-0000-0000-0000-000000000000""},{""@Name"":""TransmittedServices"",""#text"":""-""},{""@Name"":""LmPackageName"",""#text"":""-""},{""@Name"":""KeyLength"",""#text"":""0""},{""@Name"":""ProcessId"",""#text"":""0x4""},{""@Name"":""ProcessName""},{""@Name"":""IpAddress"",""#text"":""-""},{""@Name"":""IpPort"",""#text"":""-""},{""@Name"":""ImpersonationLevel"",""#text"":""-""},{""@Name"":""RestrictedAdminMode"",""#text"":""-""},{""@Name"":""TargetOutboundUserName"",""#text"":""-""},{""@Name"":""TargetOutboundDomainName"",""#text"":""-""},{""@Name"":""VirtualAccount"",""#text"":""%%1843""},{""@Name"":""TargetLinkedLogonId"",""#text"":""0x0""},{""@Name"":""ElevatedToken"",""#text"":""%%1842""}]}}"
532,14486,2023-08-19 01:14:36.0811734,4902,LogAlways,Microsoft-Windows-Security-Auditing,Security,616,688,Spookytown.spooky.domain,5,,,,,,,,,,,,False,D:\NTU\CTF\DeadFace\Misc\MALUM\Maybehere.evtx,Audit success,0,"{""EventData"":{""Data"":[{""@Name"":""PuaCount"",""#text"":""0""},{""@Name"":""PuaPolicyId"",""#text"":""0x63CA""}]}}"
533,14487,2023-08-19 01:14:36.1042331,4624,LogAlways,Microsoft-Windows-Security-Auditing,Security,616,680,Spookytown.spooky.domain,5,,,,,,,,,,,,False,D:\NTU\CTF\DeadFace\Misc\MALUM\Maybehere.evtx,Audit success,0,"{""EventData"":{""Data"":[{""@Name"":""SubjectUserSid"",""#text"":""S-1-5-18""},{""@Name"":""SubjectUserName"",""#text"":""SPOOKYTOWN$""},{""@Name"":""SubjectDomainName"",""#text"":""SPOOKY""},{""@Name"":""SubjectLogonId"",""#text"":""0x3E7""},{""@Name"":""TargetUserSid"",""#text"":""S-1-5-18""},{""@Name"":""TargetUserName"",""#text"":""SYSTEM""},{""@Name"":""TargetDomainName"",""#text"":""NT AUTHORITY""},{""@Name"":""TargetLogonId"",""#text"":""0x3E7""},{""@Name"":""LogonType"",""#text"":""5""},{""@Name"":""LogonProcessName"",""#text"":""Advapi  ""},{""@Name"":""AuthenticationPackageName"",""#text"":""Negotiate""},{""@Name"":""WorkstationName"",""#text"":""-""},{""@Name"":""LogonGuid"",""#text"":""00000000-0000-0000-0000-000000000000""},{""@Name"":""TransmittedServices"",""#text"":""-""},{""@Name"":""LmPackageName"",""#text"":""-""},{""@Name"":""KeyLength"",""#text"":""0""},{""@Name"":""ProcessId"",""#text"":""0x238""},{""@Name"":""ProcessName"",""#text"":""C:\\Windows\\System32\\services.exe""},{""@Name"":""IpAddress"",""#text"":""-""},{""@Name"":""IpPort"",""#text"":""-""},{""@Name"":""ImpersonationLevel"",""#text"":""%%1833""},{""@Name"":""RestrictedAdminMode"",""#text"":""-""},{""@Name"":""TargetOutboundUserName"",""#text"":""-""},{""@Name"":""TargetOutboundDomainName"",""#text"":""-""},{""@Name"":""VirtualAccount"",""#text"":""%%1843""},{""@Name"":""TargetLinkedLogonId"",""#text"":""0x0""},{""@Name"":""ElevatedToken"",""#text"":""%%1842""}]}}"
534,14488,2023-08-19 01:14:36.1042389,4672,LogAlways,Microsoft-Windows-Security-Auditing,Security,616,680,Spookytown.spooky.domain,5,,,,,,,,,,,,False,D:\NTU\CTF\DeadFace\Misc\MALUM\Maybehere.evtx,Audit success,0,"{""EventData"":{""Data"":[{""@Name"":""SubjectUserSid"",""#text"":""S-1-5-18""},{""@Name"":""SubjectUserName"",""#text"":""SYSTEM""},{""@Name"":""SubjectDomainName"",""#text"":""NT AUTHORITY""},{""@Name"":""SubjectLogonId"",""#text"":""0x3E7""},{""@Name"":""PrivilegeList"",""#text"":""SeAssignPrimaryTokenPrivilege, SeTcbPrivilege, SeSecurityPrivilege, SeTakeOwnershipPrivilege, SeLoadDriverPrivilege, SeBackupPrivilege, SeRestorePrivilege, SeDebugPrivilege, SeAuditPrivilege, SeSystemEnvironmentPrivilege, SeImpersonatePrivilege, SeDelegateSessionUserImpersonatePrivilege""}]}}"
535,14489,2023-08-19 01:14:36.1206543,4648,LogAlways,Microsoft-Windows-Security-Auditing,Security,616,724,Spookytown.spooky.domain,5,,,,,,,,,,,,False,D:\NTU\CTF\DeadFace\Misc\MALUM\Maybehere.evtx,Audit success,0,"{""EventData"":{""Data"":[{""@Name"":""SubjectUserSid"",""#text"":""S-1-5-18""},{""@Name"":""SubjectUserName"",""#text"":""SPOOKYTOWN$""},{""@Name"":""SubjectDomainName"",""#text"":""SPOOKY""},{""@Name"":""SubjectLogonId"",""#text"":""0x3E7""},{""@Name"":""LogonGuid"",""#text"":""00000000-0000-0000-0000-000000000000""},{""@Name"":""TargetUserName"",""#text"":""UMFD-1""},{""@Name"":""TargetDomainName"",""#text"":""Font Driver Host""},{""@Name"":""TargetLogonGuid"",""#text"":""00000000-0000-0000-0000-000000000000""},{""@Name"":""TargetServerName"",""#text"":""localhost""},{""@Name"":""TargetInfo"",""#text"":""localhost""},{""@Name"":""ProcessId"",""#text"":""0x258""},{""@Name"":""ProcessName"",""#text"":""C:\\Windows\\System32\\winlogon.exe""},{""@Name"":""IpAddress"",""#text"":""-""},{""@Name"":""IpPort"",""#text"":""-""}]}}"
536,14490,2023-08-19 01:14:36.1206657,4624,LogAlways,Microsoft-Windows-Security-Auditing,Security,616,724,Spookytown.spooky.domain,5,,,,,,,,,,,,False,D:\NTU\CTF\DeadFace\Misc\MALUM\Maybehere.evtx,Audit success,0,"{""EventData"":{""Data"":[{""@Name"":""SubjectUserSid"",""#text"":""S-1-5-18""},{""@Name"":""SubjectUserName"",""#text"":""SPOOKYTOWN$""},{""@Name"":""SubjectDomainName"",""#text"":""SPOOKY""},{""@Name"":""SubjectLogonId"",""#text"":""0x3E7""},{""@Name"":""TargetUserSid"",""#text"":""S-1-5-96-0-1""},{""@Name"":""TargetUserName"",""#text"":""UMFD-1""},{""@Name"":""TargetDomainName"",""#text"":""Font Driver Host""},{""@Name"":""TargetLogonId"",""#text"":""0x6638""},{""@Name"":""LogonType"",""#text"":""2""},{""@Name"":""LogonProcessName"",""#text"":""Advapi  ""},{""@Name"":""AuthenticationPackageName"",""#text"":""Negotiate""},{""@Name"":""WorkstationName"",""#text"":""-""},{""@Name"":""LogonGuid"",""#text"":""00000000-0000-0000-0000-000000000000""},{""@Name"":""TransmittedServices"",""#text"":""-""},{""@Name"":""LmPackageName"",""#text"":""-""},{""@Name"":""KeyLength"",""#text"":""0""},{""@Name"":""ProcessId"",""#text"":""0x258""},{""@Name"":""ProcessName"",""#text"":""C:\\Windows\\System32\\winlogon.exe""},{""@Name"":""IpAddress"",""#text"":""-""},{""@Name"":""IpPort"",""#text"":""-""},{""@Name"":""ImpersonationLevel"",""#text"":""%%1833""},{""@Name"":""RestrictedAdminMode"",""#text"":""-""},{""@Name"":""TargetOutboundUserName"",""#text"":""-""},{""@Name"":""TargetOutboundDomainName"",""#text"":""-""},{""@Name"":""VirtualAccount"",""#text"":""%%1842""},{""@Name"":""TargetLinkedLogonId"",""#text"":""0x0""},{""@Name"":""ElevatedToken"",""#text"":""%%1843""}]}}"
