822,14776,2023-08-19 01:16:47.0893381,4799,LogAlways,Microsoft-Windows-Security-Auditing,Security,616,656,Spookytown.spooky.domain,8,,,,,,,,,,,,False,D:\NTU\CTF\DeadFace\Misc\MALUM\Maybehere.evtx,Audit success,0,"{""EventData"":{""Data"":[{""@Name"":""TargetUserName"",""#text"":""Backup Operators""},{""@Name"":""TargetDomainName"",""#text"":""Builtin""},{""@Name"":""TargetSid"",""#text"":""S-1-5-32-551""},{""@Name"":""SubjectUserSid"",""#text"":""S-1-5-18""},{""@Name"":""SubjectUserName"",""#text"":""SPOOKYTOWN$""},{""@Name"":""SubjectDomainName"",""#text"":""SPOOKY""},{""@Name"":""SubjectLogonId"",""#text"":""0x3E7""},{""@Name"":""CallerProcessId"",""#text"":""0x1B78""},{""@Name"":""CallerProcessName"",""#text"":""C:\\Windows\\System32\\SearchIndexer.exe""}]}}"
823,14777,2023-08-19 01:16:51.6147816,5379,LogAlways,Microsoft-Windows-Security-Auditing,Security,616,656,Spookytown.spooky.domain,8,,,,,,,,,,,,False,D:\NTU\CTF\DeadFace\Misc\MALUM\Maybehere.evtx,Audit success,0,"{""EventData"":{""Data"":[{""@Name"":""SubjectUserSid"",""#text"":""S-1-5-21-454704032-2994698886-2546163-500""},{""@Name"":""SubjectUserName"",""#text"":""administrator""},{""@Name"":""SubjectDomainName"",""#text"":""SPOOKY""},{""@Name"":""SubjectLogonId"",""#text"":""0x647BF""},{""@Name"":""TargetName"",""#text"":""WindowsLive:(token):name=02uniekprdbocxha;serviceuri=*""},{""@Name"":""Type"",""#text"":""0""},{""@Name"":""CountOfCredentialsReturned"",""#text"":""0""},{""@Name"":""ReadOperation"",""#text"":""%%8100""},{""@Name"":""ReturnCode"",""#text"":""3221226021""},{""@Name"":""ProcessCreationTime"",""#text"":""2023-08-19 01:14:42.7966629""},{""@Name"":""ClientProcessId"",""#text"":""4080""}]}}"
824,14778,2023-08-19 01:16:51.6151887,5379,LogAlways,Microsoft-Windows-Security-Auditing,Security,616,656,Spookytown.spooky.domain,8,,,,,,,,,,,,False,D:\NTU\CTF\DeadFace\Misc\MALUM\Maybehere.evtx,Audit success,0,"{""EventData"":{""Data"":[{""@Name"":""SubjectUserSid"",""#text"":""S-1-5-21-454704032-2994698886-2546163-500""},{""@Name"":""SubjectUserName"",""#text"":""administrator""},{""@Name"":""SubjectDomainName"",""#text"":""SPOOKY""},{""@Name"":""SubjectLogonId"",""#text"":""0x647BF""},{""@Name"":""TargetName"",""#text"":""WindowsLive:(cert):name=02uniekprdbocxha;serviceuri=*""},{""@Name"":""Type"",""#text"":""0""},{""@Name"":""CountOfCredentialsReturned"",""#text"":""0""},{""@Name"":""ReadOperation"",""#text"":""%%8100""},{""@Name"":""ReturnCode"",""#text"":""3221226021""},{""@Name"":""ProcessCreationTime"",""#text"":""2023-08-19 01:14:42.7966629""},{""@Name"":""ClientProcessId"",""#text"":""4080""}]}}"
825,14779,2023-08-19 01:16:51.6152324,5379,LogAlways,Microsoft-Windows-Security-Auditing,Security,616,656,Spookytown.spooky.domain,8,,,,,,,,,,,,False,D:\NTU\CTF\DeadFace\Misc\MALUM\Maybehere.evtx,Audit success,0,"{""EventData"":{""Data"":[{""@Name"":""SubjectUserSid"",""#text"":""S-1-5-21-454704032-2994698886-2546163-500""},{""@Name"":""SubjectUserName"",""#text"":""administrator""},{""@Name"":""SubjectDomainName"",""#text"":""SPOOKY""},{""@Name"":""SubjectLogonId"",""#text"":""0x647BF""},{""@Name"":""TargetName"",""#text"":""WindowsLive:target=virtualapp/didlogical""},{""@Name"":""Type"",""#text"":""0""},{""@Name"":""CountOfCredentialsReturned"",""#text"":""0""},{""@Name"":""ReadOperation"",""#text"":""%%8100""},{""@Name"":""ReturnCode"",""#text"":""3221226021""},{""@Name"":""ProcessCreationTime"",""#text"":""2023-08-19 01:14:42.7966629""},{""@Name"":""ClientProcessId"",""#text"":""4080""}]}}"
826,14780,2023-08-19 01:16:51.6185437,5379,LogAlways,Microsoft-Windows-Security-Auditing,Security,616,656,Spookytown.spooky.domain,8,,,,,,,,,,,,False,D:\NTU\CTF\DeadFace\Misc\MALUM\Maybehere.evtx,Audit success,0,"{""EventData"":{""Data"":[{""@Name"":""SubjectUserSid"",""#text"":""S-1-5-21-454704032-2994698886-2546163-500""},{""@Name"":""SubjectUserName"",""#text"":""administrator""},{""@Name"":""SubjectDomainName"",""#text"":""SPOOKY""},{""@Name"":""SubjectLogonId"",""#text"":""0x647BF""},{""@Name"":""TargetName"",""#text"":""WindowsLive:target=virtualapp/didlogical""},{""@Name"":""Type"",""#text"":""0""},{""@Name"":""CountOfCredentialsReturned"",""#text"":""0""},{""@Name"":""ReadOperation"",""#text"":""%%8100""},{""@Name"":""ReturnCode"",""#text"":""3221226021""},{""@Name"":""ProcessCreationTime"",""#text"":""2023-08-19 01:14:42.7966629""},{""@Name"":""ClientProcessId"",""#text"":""4080""}]}}"
827,14781,2023-08-19 01:16:55.9819873,5379,LogAlways,Microsoft-Windows-Security-Auditing,Security,616,656,Spookytown.spooky.domain,8,,,,,,,,,,,,False,D:\NTU\CTF\DeadFace\Misc\MALUM\Maybehere.evtx,Audit success,0,"{""EventData"":{""Data"":[{""@Name"":""SubjectUserSid"",""#text"":""S-1-5-21-454704032-2994698886-2546163-500""},{""@Name"":""SubjectUserName"",""#text"":""administrator""},{""@Name"":""SubjectDomainName"",""#text"":""SPOOKY""},{""@Name"":""SubjectLogonId"",""#text"":""0x647BF""},{""@Name"":""TargetName"",""#text"":""WindowsLive:(token):name=02gcmjxvevishzeb;serviceuri=*""},{""@Name"":""Type"",""#text"":""0""},{""@Name"":""CountOfCredentialsReturned"",""#text"":""0""},{""@Name"":""ReadOperation"",""#text"":""%%8100""},{""@Name"":""ReturnCode"",""#text"":""3221226021""},{""@Name"":""ProcessCreationTime"",""#text"":""2023-08-19 01:14:42.7966629""},{""@Name"":""ClientProcessId"",""#text"":""4080""}]}}"
828,14782,2023-08-19 01:16:55.9823047,5379,LogAlways,Microsoft-Windows-Security-Auditing,Security,616,656,Spookytown.spooky.domain,8,,,,,,,,,,,,False,D:\NTU\CTF\DeadFace\Misc\MALUM\Maybehere.evtx,Audit success,0,"{""EventData"":{""Data"":[{""@Name"":""SubjectUserSid"",""#text"":""S-1-5-21-454704032-2994698886-2546163-500""},{""@Name"":""SubjectUserName"",""#text"":""administrator""},{""@Name"":""SubjectDomainName"",""#text"":""SPOOKY""},{""@Name"":""SubjectLogonId"",""#text"":""0x647BF""},{""@Name"":""TargetName"",""#text"":""WindowsLive:(cert):name=02gcmjxvevishzeb;serviceuri=*""},{""@Name"":""Type"",""#text"":""0""},{""@Name"":""CountOfCredentialsReturned"",""#text"":""0""},{""@Name"":""ReadOperation"",""#text"":""%%8100""},{""@Name"":""ReturnCode"",""#text"":""3221226021""},{""@Name"":""ProcessCreationTime"",""#text"":""2023-08-19 01:14:42.7966629""},{""@Name"":""ClientProcessId"",""#text"":""4080""}]}}"
829,14783,2023-08-19 01:16:55.9823864,5379,LogAlways,Microsoft-Windows-Security-Auditing,Security,616,656,Spookytown.spooky.domain,8,,,,,,,,,,,,False,D:\NTU\CTF\DeadFace\Misc\MALUM\Maybehere.evtx,Audit success,0,"{""EventData"":{""Data"":[{""@Name"":""SubjectUserSid"",""#text"":""S-1-5-21-454704032-2994698886-2546163-500""},{""@Name"":""SubjectUserName"",""#text"":""administrator""},{""@Name"":""SubjectDomainName"",""#text"":""SPOOKY""},{""@Name"":""SubjectLogonId"",""#text"":""0x647BF""},{""@Name"":""TargetName"",""#text"":""WindowsLive:target=virtualapp/didlogical""},{""@Name"":""Type"",""#text"":""0""},{""@Name"":""CountOfCredentialsReturned"",""#text"":""0""},{""@Name"":""ReadOperation"",""#text"":""%%8100""},{""@Name"":""ReturnCode"",""#text"":""3221226021""},{""@Name"":""ProcessCreationTime"",""#text"":""2023-08-19 01:14:42.7966629""},{""@Name"":""ClientProcessId"",""#text"":""4080""}]}}"
830,14784,2023-08-19 01:16:56.0110033,5379,LogAlways,Microsoft-Windows-Security-Auditing,Security,616,656,Spookytown.spooky.domain,8,,,,,,,,,,,,False,D:\NTU\CTF\DeadFace\Misc\MALUM\Maybehere.evtx,Audit success,0,"{""EventData"":{""Data"":[{""@Name"":""SubjectUserSid"",""#text"":""S-1-5-21-454704032-2994698886-2546163-500""},{""@Name"":""SubjectUserName"",""#text"":""administrator""},{""@Name"":""SubjectDomainName"",""#text"":""SPOOKY""},{""@Name"":""SubjectLogonId"",""#text"":""0x647BF""},{""@Name"":""TargetName"",""#text"":""WindowsLive:target=virtualapp/didlogical""},{""@Name"":""Type"",""#text"":""0""},{""@Name"":""CountOfCredentialsReturned"",""#text"":""0""},{""@Name"":""ReadOperation"",""#text"":""%%8100""},{""@Name"":""ReturnCode"",""#text"":""3221226021""},{""@Name"":""ProcessCreationTime"",""#text"":""2023-08-19 01:14:42.7966629""},{""@Name"":""ClientProcessId"",""#text"":""4080""}]}}"
831,14785,2023-08-19 01:16:56.3735005,5379,LogAlways,Microsoft-Windows-Security-Auditing,Security,616,656,Spookytown.spooky.domain,8,,,,,,,,,,,,False,D:\NTU\CTF\DeadFace\Misc\MALUM\Maybehere.evtx,Audit success,0,"{""EventData"":{""Data"":[{""@Name"":""SubjectUserSid"",""#text"":""S-1-5-21-454704032-2994698886-2546163-500""},{""@Name"":""SubjectUserName"",""#text"":""administrator""},{""@Name"":""SubjectDomainName"",""#text"":""SPOOKY""},{""@Name"":""SubjectLogonId"",""#text"":""0x647BF""},{""@Name"":""TargetName"",""#text"":""WindowsLive:(token):name=02jscojhlqpjkdto;serviceuri=*""},{""@Name"":""Type"",""#text"":""0""},{""@Name"":""CountOfCredentialsReturned"",""#text"":""0""},{""@Name"":""ReadOperation"",""#text"":""%%8100""},{""@Name"":""ReturnCode"",""#text"":""3221226021""},{""@Name"":""ProcessCreationTime"",""#text"":""2023-08-19 01:14:42.7966629""},{""@Name"":""ClientProcessId"",""#text"":""4080""}]}}"
832,14786,2023-08-19 01:16:56.3736940,5379,LogAlways,Microsoft-Windows-Security-Auditing,Security,616,656,Spookytown.spooky.domain,8,,,,,,,,,,,,False,D:\NTU\CTF\DeadFace\Misc\MALUM\Maybehere.evtx,Audit success,0,"{""EventData"":{""Data"":[{""@Name"":""SubjectUserSid"",""#text"":""S-1-5-21-454704032-2994698886-2546163-500""},{""@Name"":""SubjectUserName"",""#text"":""administrator""},{""@Name"":""SubjectDomainName"",""#text"":""SPOOKY""},{""@Name"":""SubjectLogonId"",""#text"":""0x647BF""},{""@Name"":""TargetName"",""#text"":""WindowsLive:(cert):name=02jscojhlqpjkdto;serviceuri=*""},{""@Name"":""Type"",""#text"":""0""},{""@Name"":""CountOfCredentialsReturned"",""#text"":""0""},{""@Name"":""ReadOperation"",""#text"":""%%8100""},{""@Name"":""ReturnCode"",""#text"":""3221226021""},{""@Name"":""ProcessCreationTime"",""#text"":""2023-08-19 01:14:42.7966629""},{""@Name"":""ClientProcessId"",""#text"":""4080""}]}}"
833,14787,2023-08-19 01:16:56.3737358,5379,LogAlways,Microsoft-Windows-Security-Auditing,Security,616,656,Spookytown.spooky.domain,8,,,,,,,,,,,,False,D:\NTU\CTF\DeadFace\Misc\MALUM\Maybehere.evtx,Audit success,0,"{""EventData"":{""Data"":[{""@Name"":""SubjectUserSid"",""#text"":""S-1-5-21-454704032-2994698886-2546163-500""},{""@Name"":""SubjectUserName"",""#text"":""administrator""},{""@Name"":""SubjectDomainName"",""#text"":""SPOOKY""},{""@Name"":""SubjectLogonId"",""#text"":""0x647BF""},{""@Name"":""TargetName"",""#text"":""WindowsLive:target=virtualapp/didlogical""},{""@Name"":""Type"",""#text"":""0""},{""@Name"":""CountOfCredentialsReturned"",""#text"":""0""},{""@Name"":""ReadOperation"",""#text"":""%%8100""},{""@Name"":""ReturnCode"",""#text"":""3221226021""},{""@Name"":""ProcessCreationTime"",""#text"":""2023-08-19 01:14:42.7966629""},{""@Name"":""ClientProcessId"",""#text"":""4080""}]}}"
834,14788,2023-08-19 01:16:56.3774931,5379,LogAlways,Microsoft-Windows-Security-Auditing,Security,616,656,Spookytown.spooky.domain,8,,,,,,,,,,,,False,D:\NTU\CTF\DeadFace\Misc\MALUM\Maybehere.evtx,Audit success,0,"{""EventData"":{""Data"":[{""@Name"":""SubjectUserSid"",""#text"":""S-1-5-21-454704032-2994698886-2546163-500""},{""@Name"":""SubjectUserName"",""#text"":""administrator""},{""@Name"":""SubjectDomainName"",""#text"":""SPOOKY""},{""@Name"":""SubjectLogonId"",""#text"":""0x647BF""},{""@Name"":""TargetName"",""#text"":""WindowsLive:target=virtualapp/didlogical""},{""@Name"":""Type"",""#text"":""0""},{""@Name"":""CountOfCredentialsReturned"",""#text"":""0""},{""@Name"":""ReadOperation"",""#text"":""%%8100""},{""@Name"":""ReturnCode"",""#text"":""3221226021""},{""@Name"":""ProcessCreationTime"",""#text"":""2023-08-19 01:14:42.7966629""},{""@Name"":""ClientProcessId"",""#text"":""4080""}]}}"
835,14789,2023-08-19 01:16:57.4408768,4624,LogAlways,Microsoft-Windows-Security-Auditing,Security,616,656,Spookytown.spooky.domain,8,,,,,,,,,,,,False,D:\NTU\CTF\DeadFace\Misc\MALUM\Maybehere.evtx,Audit success,0,"{""EventData"":{""Data"":[{""@Name"":""SubjectUserSid"",""#text"":""S-1-5-18""},{""@Name"":""SubjectUserName"",""#text"":""SPOOKYTOWN$""},{""@Name"":""SubjectDomainName"",""#text"":""SPOOKY""},{""@Name"":""SubjectLogonId"",""#text"":""0x3E7""},{""@Name"":""TargetUserSid"",""#text"":""S-1-5-18""},{""@Name"":""TargetUserName"",""#text"":""SYSTEM""},{""@Name"":""TargetDomainName"",""#text"":""NT AUTHORITY""},{""@Name"":""TargetLogonId"",""#text"":""0x3E7""},{""@Name"":""LogonType"",""#text"":""5""},{""@Name"":""LogonProcessName"",""#text"":""Advapi  ""},{""@Name"":""AuthenticationPackageName"",""#text"":""Negotiate""},{""@Name"":""WorkstationName"",""#text"":""-""},{""@Name"":""LogonGuid"",""#text"":""00000000-0000-0000-0000-000000000000""},{""@Name"":""TransmittedServices"",""#text"":""-""},{""@Name"":""LmPackageName"",""#text"":""-""},{""@Name"":""KeyLength"",""#text"":""0""},{""@Name"":""ProcessId"",""#text"":""0x238""},{""@Name"":""ProcessName"",""#text"":""C:\\Windows\\System32\\services.exe""},{""@Name"":""IpAddress"",""#text"":""-""},{""@Name"":""IpPort"",""#text"":""-""},{""@Name"":""ImpersonationLevel"",""#text"":""%%1833""},{""@Name"":""RestrictedAdminMode"",""#text"":""-""},{""@Name"":""TargetOutboundUserName"",""#text"":""-""},{""@Name"":""TargetOutboundDomainName"",""#text"":""-""},{""@Name"":""VirtualAccount"",""#text"":""%%1843""},{""@Name"":""TargetLinkedLogonId"",""#text"":""0x0""},{""@Name"":""ElevatedToken"",""#text"":""%%1842""}]}}"
836,14790,2023-08-19 01:16:57.4408810,4672,LogAlways,Microsoft-Windows-Security-Auditing,Security,616,656,Spookytown.spooky.domain,8,,,,,,,,,,,,False,D:\NTU\CTF\DeadFace\Misc\MALUM\Maybehere.evtx,Audit success,0,"{""EventData"":{""Data"":[{""@Name"":""SubjectUserSid"",""#text"":""S-1-5-18""},{""@Name"":""SubjectUserName"",""#text"":""SYSTEM""},{""@Name"":""SubjectDomainName"",""#text"":""NT AUTHORITY""},{""@Name"":""SubjectLogonId"",""#text"":""0x3E7""},{""@Name"":""PrivilegeList"",""#text"":""SeAssignPrimaryTokenPrivilege, SeTcbPrivilege, SeSecurityPrivilege, SeTakeOwnershipPrivilege, SeLoadDriverPrivilege, SeBackupPrivilege, SeRestorePrivilege, SeDebugPrivilege, SeAuditPrivilege, SeSystemEnvironmentPrivilege, SeImpersonatePrivilege, SeDelegateSessionUserImpersonatePrivilege""}]}}"
837,14791,2023-08-19 01:16:57.6270029,4624,LogAlways,Microsoft-Windows-Security-Auditing,Security,616,656,Spookytown.spooky.domain,8,,,,,,,,,,,,False,D:\NTU\CTF\DeadFace\Misc\MALUM\Maybehere.evtx,Audit success,0,"{""EventData"":{""Data"":[{""@Name"":""SubjectUserSid"",""#text"":""S-1-5-18""},{""@Name"":""SubjectUserName"",""#text"":""SPOOKYTOWN$""},{""@Name"":""SubjectDomainName"",""#text"":""SPOOKY""},{""@Name"":""SubjectLogonId"",""#text"":""0x3E7""},{""@Name"":""TargetUserSid"",""#text"":""S-1-5-18""},{""@Name"":""TargetUserName"",""#text"":""SYSTEM""},{""@Name"":""TargetDomainName"",""#text"":""NT AUTHORITY""},{""@Name"":""TargetLogonId"",""#text"":""0x3E7""},{""@Name"":""LogonType"",""#text"":""5""},{""@Name"":""LogonProcessName"",""#text"":""Advapi  ""},{""@Name"":""AuthenticationPackageName"",""#text"":""Negotiate""},{""@Name"":""WorkstationName"",""#text"":""-""},{""@Name"":""LogonGuid"",""#text"":""00000000-0000-0000-0000-000000000000""},{""@Name"":""TransmittedServices"",""#text"":""-""},{""@Name"":""LmPackageName"",""#text"":""-""},{""@Name"":""KeyLength"",""#text"":""0""},{""@Name"":""ProcessId"",""#text"":""0x238""},{""@Name"":""ProcessName"",""#text"":""C:\\Windows\\System32\\services.exe""},{""@Name"":""IpAddress"",""#text"":""-""},{""@Name"":""IpPort"",""#text"":""-""},{""@Name"":""ImpersonationLevel"",""#text"":""%%1833""},{""@Name"":""RestrictedAdminMode"",""#text"":""-""},{""@Name"":""TargetOutboundUserName"",""#text"":""-""},{""@Name"":""TargetOutboundDomainName"",""#text"":""-""},{""@Name"":""VirtualAccount"",""#text"":""%%1843""},{""@Name"":""TargetLinkedLogonId"",""#text"":""0x0""},{""@Name"":""ElevatedToken"",""#text"":""%%1842""}]}}"
838,14792,2023-08-19 01:16:57.6270071,4672,LogAlways,Microsoft-Windows-Security-Auditing,Security,616,656,Spookytown.spooky.domain,8,,,,,,,,,,,,False,D:\NTU\CTF\DeadFace\Misc\MALUM\Maybehere.evtx,Audit success,0,"{""EventData"":{""Data"":[{""@Name"":""SubjectUserSid"",""#text"":""S-1-5-18""},{""@Name"":""SubjectUserName"",""#text"":""SYSTEM""},{""@Name"":""SubjectDomainName"",""#text"":""NT AUTHORITY""},{""@Name"":""SubjectLogonId"",""#text"":""0x3E7""},{""@Name"":""PrivilegeList"",""#text"":""SeAssignPrimaryTokenPrivilege, SeTcbPrivilege, SeSecurityPrivilege, SeTakeOwnershipPrivilege, SeLoadDriverPrivilege, SeBackupPrivilege, SeRestorePrivilege, SeDebugPrivilege, SeAuditPrivilege, SeSystemEnvironmentPrivilege, SeImpersonatePrivilege, SeDelegateSessionUserImpersonatePrivilege""}]}}"
839,14793,2023-08-19 01:16:58.5256315,4624,LogAlways,Microsoft-Windows-Security-Auditing,Security,616,656,Spookytown.spooky.domain,8,,,,,,,,,,,,False,D:\NTU\CTF\DeadFace\Misc\MALUM\Maybehere.evtx,Audit success,0,"{""EventData"":{""Data"":[{""@Name"":""SubjectUserSid"",""#text"":""S-1-5-18""},{""@Name"":""SubjectUserName"",""#text"":""SPOOKYTOWN$""},{""@Name"":""SubjectDomainName"",""#text"":""SPOOKY""},{""@Name"":""SubjectLogonId"",""#text"":""0x3E7""},{""@Name"":""TargetUserSid"",""#text"":""S-1-5-18""},{""@Name"":""TargetUserName"",""#text"":""SYSTEM""},{""@Name"":""TargetDomainName"",""#text"":""NT AUTHORITY""},{""@Name"":""TargetLogonId"",""#text"":""0x3E7""},{""@Name"":""LogonType"",""#text"":""5""},{""@Name"":""LogonProcessName"",""#text"":""Advapi  ""},{""@Name"":""AuthenticationPackageName"",""#text"":""Negotiate""},{""@Name"":""WorkstationName"",""#text"":""-""},{""@Name"":""LogonGuid"",""#text"":""00000000-0000-0000-0000-000000000000""},{""@Name"":""TransmittedServices"",""#text"":""-""},{""@Name"":""LmPackageName"",""#text"":""-""},{""@Name"":""KeyLength"",""#text"":""0""},{""@Name"":""ProcessId"",""#text"":""0x238""},{""@Name"":""ProcessName"",""#text"":""C:\\Windows\\System32\\services.exe""},{""@Name"":""IpAddress"",""#text"":""-""},{""@Name"":""IpPort"",""#text"":""-""},{""@Name"":""ImpersonationLevel"",""#text"":""%%1833""},{""@Name"":""RestrictedAdminMode"",""#text"":""-""},{""@Name"":""TargetOutboundUserName"",""#text"":""-""},{""@Name"":""TargetOutboundDomainName"",""#text"":""-""},{""@Name"":""VirtualAccount"",""#text"":""%%1843""},{""@Name"":""TargetLinkedLogonId"",""#text"":""0x0""},{""@Name"":""ElevatedToken"",""#text"":""%%1842""}]}}"
840,14794,2023-08-19 01:16:58.5256356,4672,LogAlways,Microsoft-Windows-Security-Auditing,Security,616,656,Spookytown.spooky.domain,8,,,,,,,,,,,,False,D:\NTU\CTF\DeadFace\Misc\MALUM\Maybehere.evtx,Audit success,0,"{""EventData"":{""Data"":[{""@Name"":""SubjectUserSid"",""#text"":""S-1-5-18""},{""@Name"":""SubjectUserName"",""#text"":""SYSTEM""},{""@Name"":""SubjectDomainName"",""#text"":""NT AUTHORITY""},{""@Name"":""SubjectLogonId"",""#text"":""0x3E7""},{""@Name"":""PrivilegeList"",""#text"":""SeAssignPrimaryTokenPrivilege, SeTcbPrivilege, SeSecurityPrivilege, SeTakeOwnershipPrivilege, SeLoadDriverPrivilege, SeBackupPrivilege, SeRestorePrivilege, SeDebugPrivilege, SeAuditPrivilege, SeSystemEnvironmentPrivilege, SeImpersonatePrivilege, SeDelegateSessionUserImpersonatePrivilege""}]}}"
841,14795,2023-08-19 01:17:09.6211325,5379,LogAlways,Microsoft-Windows-Security-Auditing,Security,616,724,Spookytown.spooky.domain,8,,,,,,,,,,,,False,D:\NTU\CTF\DeadFace\Misc\MALUM\Maybehere.evtx,Audit success,0,"{""EventData"":{""Data"":[{""@Name"":""SubjectUserSid"",""#text"":""S-1-5-21-454704032-2994698886-2546163-500""},{""@Name"":""SubjectUserName"",""#text"":""administrator""},{""@Name"":""SubjectDomainName"",""#text"":""SPOOKY""},{""@Name"":""SubjectLogonId"",""#text"":""0x647BF""},{""@Name"":""TargetName"",""#text"":""WindowsLive:(token):name=02thdqzvrpqacopn;serviceuri=*""},{""@Name"":""Type"",""#text"":""0""},{""@Name"":""CountOfCredentialsReturned"",""#text"":""0""},{""@Name"":""ReadOperation"",""#text"":""%%8100""},{""@Name"":""ReturnCode"",""#text"":""3221226021""},{""@Name"":""ProcessCreationTime"",""#text"":""2023-08-19 01:14:42.7966629""},{""@Name"":""ClientProcessId"",""#text"":""4080""}]}}"
842,14796,2023-08-19 01:17:09.6214821,5379,LogAlways,Microsoft-Windows-Security-Auditing,Security,616,724,Spookytown.spooky.domain,8,,,,,,,,,,,,False,D:\NTU\CTF\DeadFace\Misc\MALUM\Maybehere.evtx,Audit success,0,"{""EventData"":{""Data"":[{""@Name"":""SubjectUserSid"",""#text"":""S-1-5-21-454704032-2994698886-2546163-500""},{""@Name"":""SubjectUserName"",""#text"":""administrator""},{""@Name"":""SubjectDomainName"",""#text"":""SPOOKY""},{""@Name"":""SubjectLogonId"",""#text"":""0x647BF""},{""@Name"":""TargetName"",""#text"":""WindowsLive:(cert):name=02thdqzvrpqacopn;serviceuri=*""},{""@Name"":""Type"",""#text"":""0""},{""@Name"":""CountOfCredentialsReturned"",""#text"":""0""},{""@Name"":""ReadOperation"",""#text"":""%%8100""},{""@Name"":""ReturnCode"",""#text"":""3221226021""},{""@Name"":""ProcessCreationTime"",""#text"":""2023-08-19 01:14:42.7966629""},{""@Name"":""ClientProcessId"",""#text"":""4080""}]}}"
843,14797,2023-08-19 01:17:09.6215262,5379,LogAlways,Microsoft-Windows-Security-Auditing,Security,616,724,Spookytown.spooky.domain,8,,,,,,,,,,,,False,D:\NTU\CTF\DeadFace\Misc\MALUM\Maybehere.evtx,Audit success,0,"{""EventData"":{""Data"":[{""@Name"":""SubjectUserSid"",""#text"":""S-1-5-21-454704032-2994698886-2546163-500""},{""@Name"":""SubjectUserName"",""#text"":""administrator""},{""@Name"":""SubjectDomainName"",""#text"":""SPOOKY""},{""@Name"":""SubjectLogonId"",""#text"":""0x647BF""},{""@Name"":""TargetName"",""#text"":""WindowsLive:target=virtualapp/didlogical""},{""@Name"":""Type"",""#text"":""0""},{""@Name"":""CountOfCredentialsReturned"",""#text"":""0""},{""@Name"":""ReadOperation"",""#text"":""%%8100""},{""@Name"":""ReturnCode"",""#text"":""3221226021""},{""@Name"":""ProcessCreationTime"",""#text"":""2023-08-19 01:14:42.7966629""},{""@Name"":""ClientProcessId"",""#text"":""4080""}]}}"
844,14798,2023-08-19 01:17:09.6245733,5379,LogAlways,Microsoft-Windows-Security-Auditing,Security,616,724,Spookytown.spooky.domain,8,,,,,,,,,,,,False,D:\NTU\CTF\DeadFace\Misc\MALUM\Maybehere.evtx,Audit success,0,"{""EventData"":{""Data"":[{""@Name"":""SubjectUserSid"",""#text"":""S-1-5-21-454704032-2994698886-2546163-500""},{""@Name"":""SubjectUserName"",""#text"":""administrator""},{""@Name"":""SubjectDomainName"",""#text"":""SPOOKY""},{""@Name"":""SubjectLogonId"",""#text"":""0x647BF""},{""@Name"":""TargetName"",""#text"":""WindowsLive:target=virtualapp/didlogical""},{""@Name"":""Type"",""#text"":""0""},{""@Name"":""CountOfCredentialsReturned"",""#text"":""0""},{""@Name"":""ReadOperation"",""#text"":""%%8100""},{""@Name"":""ReturnCode"",""#text"":""3221226021""},{""@Name"":""ProcessCreationTime"",""#text"":""2023-08-19 01:14:42.7966629""},{""@Name"":""ClientProcessId"",""#text"":""4080""}]}}"
845,14799,2023-08-19 01:17:14.3329546,5379,LogAlways,Microsoft-Windows-Security-Auditing,Security,616,724,Spookytown.spooky.domain,8,,,,,,,,,,,,False,D:\NTU\CTF\DeadFace\Misc\MALUM\Maybehere.evtx,Audit success,0,"{""EventData"":{""Data"":[{""@Name"":""SubjectUserSid"",""#text"":""S-1-5-18""},{""@Name"":""SubjectUserName"",""#text"":""SPOOKYTOWN$""},{""@Name"":""SubjectDomainName"",""#text"":""SPOOKY""},{""@Name"":""SubjectLogonId"",""#text"":""0x3E7""},{""@Name"":""TargetName"",""#text"":""MicrosoftAccount:user=02imkalddtoprujp""},{""@Name"":""Type"",""#text"":""0""},{""@Name"":""CountOfCredentialsReturned"",""#text"":""0""},{""@Name"":""ReadOperation"",""#text"":""%%8100""},{""@Name"":""ReturnCode"",""#text"":""3221226021""},{""@Name"":""ProcessCreationTime"",""#text"":""2023-08-19 01:14:42.7966629""},{""@Name"":""ClientProcessId"",""#text"":""4080""}]}}"
846,14800,2023-08-19 01:17:14.3330071,5379,LogAlways,Microsoft-Windows-Security-Auditing,Security,616,724,Spookytown.spooky.domain,8,,,,,,,,,,,,False,D:\NTU\CTF\DeadFace\Misc\MALUM\Maybehere.evtx,Audit success,0,"{""EventData"":{""Data"":[{""@Name"":""SubjectUserSid"",""#text"":""S-1-5-18""},{""@Name"":""SubjectUserName"",""#text"":""SPOOKYTOWN$""},{""@Name"":""SubjectDomainName"",""#text"":""SPOOKY""},{""@Name"":""SubjectLogonId"",""#text"":""0x3E7""},{""@Name"":""TargetName"",""#text"":""WindowsLive:(token):name=02imkalddtoprujp;serviceuri=*""},{""@Name"":""Type"",""#text"":""0""},{""@Name"":""CountOfCredentialsReturned"",""#text"":""0""},{""@Name"":""ReadOperation"",""#text"":""%%8100""},{""@Name"":""ReturnCode"",""#text"":""3221226021""},{""@Name"":""ProcessCreationTime"",""#text"":""2023-08-19 01:14:42.7966629""},{""@Name"":""ClientProcessId"",""#text"":""4080""}]}}"
847,14801,2023-08-19 01:17:14.3332590,5379,LogAlways,Microsoft-Windows-Security-Auditing,Security,616,724,Spookytown.spooky.domain,8,,,,,,,,,,,,False,D:\NTU\CTF\DeadFace\Misc\MALUM\Maybehere.evtx,Audit success,0,"{""EventData"":{""Data"":[{""@Name"":""SubjectUserSid"",""#text"":""S-1-5-18""},{""@Name"":""SubjectUserName"",""#text"":""SPOOKYTOWN$""},{""@Name"":""SubjectDomainName"",""#text"":""SPOOKY""},{""@Name"":""SubjectLogonId"",""#text"":""0x3E7""},{""@Name"":""TargetName"",""#text"":""WindowsLive:(cert):name=02imkalddtoprujp;serviceuri=*""},{""@Name"":""Type"",""#text"":""0""},{""@Name"":""CountOfCredentialsReturned"",""#text"":""0""},{""@Name"":""ReadOperation"",""#text"":""%%8100""},{""@Name"":""ReturnCode"",""#text"":""3221226021""},{""@Name"":""ProcessCreationTime"",""#text"":""2023-08-19 01:14:42.7966629""},{""@Name"":""ClientProcessId"",""#text"":""4080""}]}}"
848,14802,2023-08-19 01:17:14.3360865,5379,LogAlways,Microsoft-Windows-Security-Auditing,Security,616,2936,Spookytown.spooky.domain,8,,,,,,,,,,,,False,D:\NTU\CTF\DeadFace\Misc\MALUM\Maybehere.evtx,Audit success,0,"{""EventData"":{""Data"":[{""@Name"":""SubjectUserSid"",""#text"":""S-1-5-18""},{""@Name"":""SubjectUserName"",""#text"":""SPOOKYTOWN$""},{""@Name"":""SubjectDomainName"",""#text"":""SPOOKY""},{""@Name"":""SubjectLogonId"",""#text"":""0x3E7""},{""@Name"":""TargetName"",""#text"":""MicrosoftAccount:user=02imkalddtoprujp""},{""@Name"":""Type"",""#text"":""0""},{""@Name"":""CountOfCredentialsReturned"",""#text"":""0""},{""@Name"":""ReadOperation"",""#text"":""%%8100""},{""@Name"":""ReturnCode"",""#text"":""3221226021""},{""@Name"":""ProcessCreationTime"",""#text"":""2023-08-19 01:14:42.7966629""},{""@Name"":""ClientProcessId"",""#text"":""4080""}]}}"
849,14803,2023-08-19 01:17:32.1539979,4624,LogAlways,Microsoft-Windows-Security-Auditing,Security,616,656,Spookytown.spooky.domain,8,,,,,,,,,,,,False,D:\NTU\CTF\DeadFace\Misc\MALUM\Maybehere.evtx,Audit success,0,"{""EventData"":{""Data"":[{""@Name"":""SubjectUserSid"",""#text"":""S-1-5-18""},{""@Name"":""SubjectUserName"",""#text"":""SPOOKYTOWN$""},{""@Name"":""SubjectDomainName"",""#text"":""SPOOKY""},{""@Name"":""SubjectLogonId"",""#text"":""0x3E7""},{""@Name"":""TargetUserSid"",""#text"":""S-1-5-18""},{""@Name"":""TargetUserName"",""#text"":""SYSTEM""},{""@Name"":""TargetDomainName"",""#text"":""NT AUTHORITY""},{""@Name"":""TargetLogonId"",""#text"":""0x3E7""},{""@Name"":""LogonType"",""#text"":""5""},{""@Name"":""LogonProcessName"",""#text"":""Advapi  ""},{""@Name"":""AuthenticationPackageName"",""#text"":""Negotiate""},{""@Name"":""WorkstationName"",""#text"":""-""},{""@Name"":""LogonGuid"",""#text"":""00000000-0000-0000-0000-000000000000""},{""@Name"":""TransmittedServices"",""#text"":""-""},{""@Name"":""LmPackageName"",""#text"":""-""},{""@Name"":""KeyLength"",""#text"":""0""},{""@Name"":""ProcessId"",""#text"":""0x238""},{""@Name"":""ProcessName"",""#text"":""C:\\Windows\\System32\\services.exe""},{""@Name"":""IpAddress"",""#text"":""-""},{""@Name"":""IpPort"",""#text"":""-""},{""@Name"":""ImpersonationLevel"",""#text"":""%%1833""},{""@Name"":""RestrictedAdminMode"",""#text"":""-""},{""@Name"":""TargetOutboundUserName"",""#text"":""-""},{""@Name"":""TargetOutboundDomainName"",""#text"":""-""},{""@Name"":""VirtualAccount"",""#text"":""%%1843""},{""@Name"":""TargetLinkedLogonId"",""#text"":""0x0""},{""@Name"":""ElevatedToken"",""#text"":""%%1842""}]}}"
850,14804,2023-08-19 01:17:32.1540023,4672,LogAlways,Microsoft-Windows-Security-Auditing,Security,616,656,Spookytown.spooky.domain,8,,,,,,,,,,,,False,D:\NTU\CTF\DeadFace\Misc\MALUM\Maybehere.evtx,Audit success,0,"{""EventData"":{""Data"":[{""@Name"":""SubjectUserSid"",""#text"":""S-1-5-18""},{""@Name"":""SubjectUserName"",""#text"":""SYSTEM""},{""@Name"":""SubjectDomainName"",""#text"":""NT AUTHORITY""},{""@Name"":""SubjectLogonId"",""#text"":""0x3E7""},{""@Name"":""PrivilegeList"",""#text"":""SeAssignPrimaryTokenPrivilege, SeTcbPrivilege, SeSecurityPrivilege, SeTakeOwnershipPrivilege, SeLoadDriverPrivilege, SeBackupPrivilege, SeRestorePrivilege, SeDebugPrivilege, SeAuditPrivilege, SeSystemEnvironmentPrivilege, SeImpersonatePrivilege, SeDelegateSessionUserImpersonatePrivilege""}]}}"
851,14805,2023-08-19 01:17:40.3165476,5379,LogAlways,Microsoft-Windows-Security-Auditing,Security,616,656,Spookytown.spooky.domain,8,,,,,,,,,,,,False,D:\NTU\CTF\DeadFace\Misc\MALUM\Maybehere.evtx,Audit success,0,"{""EventData"":{""Data"":[{""@Name"":""SubjectUserSid"",""#text"":""S-1-5-18""},{""@Name"":""SubjectUserName"",""#text"":""SPOOKYTOWN$""},{""@Name"":""SubjectDomainName"",""#text"":""SPOOKY""},{""@Name"":""SubjectLogonId"",""#text"":""0x3E7""},{""@Name"":""TargetName"",""#text"":""MicrosoftAccount:user=02imkalddtoprujp""},{""@Name"":""Type"",""#text"":""0""},{""@Name"":""CountOfCredentialsReturned"",""#text"":""0""},{""@Name"":""ReadOperation"",""#text"":""%%8100""},{""@Name"":""ReturnCode"",""#text"":""3221226021""},{""@Name"":""ProcessCreationTime"",""#text"":""2023-08-19 01:14:42.7966629""},{""@Name"":""ClientProcessId"",""#text"":""4080""}]}}"
852,14806,2023-08-19 01:17:40.3166030,5379,LogAlways,Microsoft-Windows-Security-Auditing,Security,616,656,Spookytown.spooky.domain,8,,,,,,,,,,,,False,D:\NTU\CTF\DeadFace\Misc\MALUM\Maybehere.evtx,Audit success,0,"{""EventData"":{""Data"":[{""@Name"":""SubjectUserSid"",""#text"":""S-1-5-18""},{""@Name"":""SubjectUserName"",""#text"":""SPOOKYTOWN$""},{""@Name"":""SubjectDomainName"",""#text"":""SPOOKY""},{""@Name"":""SubjectLogonId"",""#text"":""0x3E7""},{""@Name"":""TargetName"",""#text"":""WindowsLive:(token):name=02imkalddtoprujp;serviceuri=*""},{""@Name"":""Type"",""#text"":""0""},{""@Name"":""CountOfCredentialsReturned"",""#text"":""0""},{""@Name"":""ReadOperation"",""#text"":""%%8100""},{""@Name"":""ReturnCode"",""#text"":""3221226021""},{""@Name"":""ProcessCreationTime"",""#text"":""2023-08-19 01:14:42.7966629""},{""@Name"":""ClientProcessId"",""#text"":""4080""}]}}"
853,14807,2023-08-19 01:17:40.3169450,5379,LogAlways,Microsoft-Windows-Security-Auditing,Security,616,656,Spookytown.spooky.domain,8,,,,,,,,,,,,False,D:\NTU\CTF\DeadFace\Misc\MALUM\Maybehere.evtx,Audit success,0,"{""EventData"":{""Data"":[{""@Name"":""SubjectUserSid"",""#text"":""S-1-5-18""},{""@Name"":""SubjectUserName"",""#text"":""SPOOKYTOWN$""},{""@Name"":""SubjectDomainName"",""#text"":""SPOOKY""},{""@Name"":""SubjectLogonId"",""#text"":""0x3E7""},{""@Name"":""TargetName"",""#text"":""WindowsLive:(cert):name=02imkalddtoprujp;serviceuri=*""},{""@Name"":""Type"",""#text"":""0""},{""@Name"":""CountOfCredentialsReturned"",""#text"":""0""},{""@Name"":""ReadOperation"",""#text"":""%%8100""},{""@Name"":""ReturnCode"",""#text"":""3221226021""},{""@Name"":""ProcessCreationTime"",""#text"":""2023-08-19 01:14:42.7966629""},{""@Name"":""ClientProcessId"",""#text"":""4080""}]}}"
854,14808,2023-08-19 01:17:40.3197133,5379,LogAlways,Microsoft-Windows-Security-Auditing,Security,616,656,Spookytown.spooky.domain,8,,,,,,,,,,,,False,D:\NTU\CTF\DeadFace\Misc\MALUM\Maybehere.evtx,Audit success,0,"{""EventData"":{""Data"":[{""@Name"":""SubjectUserSid"",""#text"":""S-1-5-18""},{""@Name"":""SubjectUserName"",""#text"":""SPOOKYTOWN$""},{""@Name"":""SubjectDomainName"",""#text"":""SPOOKY""},{""@Name"":""SubjectLogonId"",""#text"":""0x3E7""},{""@Name"":""TargetName"",""#text"":""MicrosoftAccount:user=02imkalddtoprujp""},{""@Name"":""Type"",""#text"":""0""},{""@Name"":""CountOfCredentialsReturned"",""#text"":""0""},{""@Name"":""ReadOperation"",""#text"":""%%8100""},{""@Name"":""ReturnCode"",""#text"":""3221226021""},{""@Name"":""ProcessCreationTime"",""#text"":""2023-08-19 01:14:42.7966629""},{""@Name"":""ClientProcessId"",""#text"":""4080""}]}}"
855,14809,2023-08-19 01:17:51.9560428,5379,LogAlways,Microsoft-Windows-Security-Auditing,Security,616,656,Spookytown.spooky.domain,8,,,,,,,,,,,,False,D:\NTU\CTF\DeadFace\Misc\MALUM\Maybehere.evtx,Audit success,0,"{""EventData"":{""Data"":[{""@Name"":""SubjectUserSid"",""#text"":""S-1-5-18""},{""@Name"":""SubjectUserName"",""#text"":""SPOOKYTOWN$""},{""@Name"":""SubjectDomainName"",""#text"":""SPOOKY""},{""@Name"":""SubjectLogonId"",""#text"":""0x3E7""},{""@Name"":""TargetName"",""#text"":""MicrosoftAccount:user=02imkalddtoprujp""},{""@Name"":""Type"",""#text"":""0""},{""@Name"":""CountOfCredentialsReturned"",""#text"":""0""},{""@Name"":""ReadOperation"",""#text"":""%%8100""},{""@Name"":""ReturnCode"",""#text"":""3221226021""},{""@Name"":""ProcessCreationTime"",""#text"":""2023-08-19 01:14:42.7966629""},{""@Name"":""ClientProcessId"",""#text"":""4080""}]}}"
856,14810,2023-08-19 01:17:51.9561178,5379,LogAlways,Microsoft-Windows-Security-Auditing,Security,616,656,Spookytown.spooky.domain,8,,,,,,,,,,,,False,D:\NTU\CTF\DeadFace\Misc\MALUM\Maybehere.evtx,Audit success,0,"{""EventData"":{""Data"":[{""@Name"":""SubjectUserSid"",""#text"":""S-1-5-18""},{""@Name"":""SubjectUserName"",""#text"":""SPOOKYTOWN$""},{""@Name"":""SubjectDomainName"",""#text"":""SPOOKY""},{""@Name"":""SubjectLogonId"",""#text"":""0x3E7""},{""@Name"":""TargetName"",""#text"":""WindowsLive:(token):name=02imkalddtoprujp;serviceuri=*""},{""@Name"":""Type"",""#text"":""0""},{""@Name"":""CountOfCredentialsReturned"",""#text"":""0""},{""@Name"":""ReadOperation"",""#text"":""%%8100""},{""@Name"":""ReturnCode"",""#text"":""3221226021""},{""@Name"":""ProcessCreationTime"",""#text"":""2023-08-19 01:14:42.7966629""},{""@Name"":""ClientProcessId"",""#text"":""4080""}]}}"
857,14811,2023-08-19 01:17:51.9563954,5379,LogAlways,Microsoft-Windows-Security-Auditing,Security,616,656,Spookytown.spooky.domain,8,,,,,,,,,,,,False,D:\NTU\CTF\DeadFace\Misc\MALUM\Maybehere.evtx,Audit success,0,"{""EventData"":{""Data"":[{""@Name"":""SubjectUserSid"",""#text"":""S-1-5-18""},{""@Name"":""SubjectUserName"",""#text"":""SPOOKYTOWN$""},{""@Name"":""SubjectDomainName"",""#text"":""SPOOKY""},{""@Name"":""SubjectLogonId"",""#text"":""0x3E7""},{""@Name"":""TargetName"",""#text"":""WindowsLive:(cert):name=02imkalddtoprujp;serviceuri=*""},{""@Name"":""Type"",""#text"":""0""},{""@Name"":""CountOfCredentialsReturned"",""#text"":""0""},{""@Name"":""ReadOperation"",""#text"":""%%8100""},{""@Name"":""ReturnCode"",""#text"":""3221226021""},{""@Name"":""ProcessCreationTime"",""#text"":""2023-08-19 01:14:42.7966629""},{""@Name"":""ClientProcessId"",""#text"":""4080""}]}}"
858,14812,2023-08-19 01:17:51.9623637,5379,LogAlways,Microsoft-Windows-Security-Auditing,Security,616,656,Spookytown.spooky.domain,8,,,,,,,,,,,,False,D:\NTU\CTF\DeadFace\Misc\MALUM\Maybehere.evtx,Audit success,0,"{""EventData"":{""Data"":[{""@Name"":""SubjectUserSid"",""#text"":""S-1-5-18""},{""@Name"":""SubjectUserName"",""#text"":""SPOOKYTOWN$""},{""@Name"":""SubjectDomainName"",""#text"":""SPOOKY""},{""@Name"":""SubjectLogonId"",""#text"":""0x3E7""},{""@Name"":""TargetName"",""#text"":""MicrosoftAccount:user=02imkalddtoprujp""},{""@Name"":""Type"",""#text"":""0""},{""@Name"":""CountOfCredentialsReturned"",""#text"":""0""},{""@Name"":""ReadOperation"",""#text"":""%%8100""},{""@Name"":""ReturnCode"",""#text"":""3221226021""},{""@Name"":""ProcessCreationTime"",""#text"":""2023-08-19 01:14:42.7966629""},{""@Name"":""ClientProcessId"",""#text"":""4080""}]}}"
859,14813,2023-08-19 01:17:51.9899206,5379,LogAlways,Microsoft-Windows-Security-Auditing,Security,616,656,Spookytown.spooky.domain,8,,,,,,,,,,,,False,D:\NTU\CTF\DeadFace\Misc\MALUM\Maybehere.evtx,Audit success,0,"{""EventData"":{""Data"":[{""@Name"":""SubjectUserSid"",""#text"":""S-1-5-18""},{""@Name"":""SubjectUserName"",""#text"":""SPOOKYTOWN$""},{""@Name"":""SubjectDomainName"",""#text"":""SPOOKY""},{""@Name"":""SubjectLogonId"",""#text"":""0x3E7""},{""@Name"":""TargetName"",""#text"":""MicrosoftAccount:user=02imkalddtoprujp""},{""@Name"":""Type"",""#text"":""0""},{""@Name"":""CountOfCredentialsReturned"",""#text"":""0""},{""@Name"":""ReadOperation"",""#text"":""%%8100""},{""@Name"":""ReturnCode"",""#text"":""3221226021""},{""@Name"":""ProcessCreationTime"",""#text"":""2023-08-19 01:14:42.7966629""},{""@Name"":""ClientProcessId"",""#text"":""4080""}]}}"
860,14814,2023-08-19 01:17:51.9899688,5379,LogAlways,Microsoft-Windows-Security-Auditing,Security,616,656,Spookytown.spooky.domain,8,,,,,,,,,,,,False,D:\NTU\CTF\DeadFace\Misc\MALUM\Maybehere.evtx,Audit success,0,"{""EventData"":{""Data"":[{""@Name"":""SubjectUserSid"",""#text"":""S-1-5-18""},{""@Name"":""SubjectUserName"",""#text"":""SPOOKYTOWN$""},{""@Name"":""SubjectDomainName"",""#text"":""SPOOKY""},{""@Name"":""SubjectLogonId"",""#text"":""0x3E7""},{""@Name"":""TargetName"",""#text"":""WindowsLive:(token):name=02imkalddtoprujp;serviceuri=*""},{""@Name"":""Type"",""#text"":""0""},{""@Name"":""CountOfCredentialsReturned"",""#text"":""0""},{""@Name"":""ReadOperation"",""#text"":""%%8100""},{""@Name"":""ReturnCode"",""#text"":""3221226021""},{""@Name"":""ProcessCreationTime"",""#text"":""2023-08-19 01:14:42.7966629""},{""@Name"":""ClientProcessId"",""#text"":""4080""}]}}"
861,14815,2023-08-19 01:17:51.9901768,5379,LogAlways,Microsoft-Windows-Security-Auditing,Security,616,656,Spookytown.spooky.domain,8,,,,,,,,,,,,False,D:\NTU\CTF\DeadFace\Misc\MALUM\Maybehere.evtx,Audit success,0,"{""EventData"":{""Data"":[{""@Name"":""SubjectUserSid"",""#text"":""S-1-5-18""},{""@Name"":""SubjectUserName"",""#text"":""SPOOKYTOWN$""},{""@Name"":""SubjectDomainName"",""#text"":""SPOOKY""},{""@Name"":""SubjectLogonId"",""#text"":""0x3E7""},{""@Name"":""TargetName"",""#text"":""WindowsLive:(cert):name=02imkalddtoprujp;serviceuri=*""},{""@Name"":""Type"",""#text"":""0""},{""@Name"":""CountOfCredentialsReturned"",""#text"":""0""},{""@Name"":""ReadOperation"",""#text"":""%%8100""},{""@Name"":""ReturnCode"",""#text"":""3221226021""},{""@Name"":""ProcessCreationTime"",""#text"":""2023-08-19 01:14:42.7966629""},{""@Name"":""ClientProcessId"",""#text"":""4080""}]}}"
862,14816,2023-08-19 01:17:51.9927095,5379,LogAlways,Microsoft-Windows-Security-Auditing,Security,616,656,Spookytown.spooky.domain,8,,,,,,,,,,,,False,D:\NTU\CTF\DeadFace\Misc\MALUM\Maybehere.evtx,Audit success,0,"{""EventData"":{""Data"":[{""@Name"":""SubjectUserSid"",""#text"":""S-1-5-18""},{""@Name"":""SubjectUserName"",""#text"":""SPOOKYTOWN$""},{""@Name"":""SubjectDomainName"",""#text"":""SPOOKY""},{""@Name"":""SubjectLogonId"",""#text"":""0x3E7""},{""@Name"":""TargetName"",""#text"":""MicrosoftAccount:user=02imkalddtoprujp""},{""@Name"":""Type"",""#text"":""0""},{""@Name"":""CountOfCredentialsReturned"",""#text"":""0""},{""@Name"":""ReadOperation"",""#text"":""%%8100""},{""@Name"":""ReturnCode"",""#text"":""3221226021""},{""@Name"":""ProcessCreationTime"",""#text"":""2023-08-19 01:14:42.7966629""},{""@Name"":""ClientProcessId"",""#text"":""4080""}]}}"
863,14817,2023-08-19 01:17:52.0185402,5379,LogAlways,Microsoft-Windows-Security-Auditing,Security,616,656,Spookytown.spooky.domain,8,,,,,,,,,,,,False,D:\NTU\CTF\DeadFace\Misc\MALUM\Maybehere.evtx,Audit success,0,"{""EventData"":{""Data"":[{""@Name"":""SubjectUserSid"",""#text"":""S-1-5-18""},{""@Name"":""SubjectUserName"",""#text"":""SPOOKYTOWN$""},{""@Name"":""SubjectDomainName"",""#text"":""SPOOKY""},{""@Name"":""SubjectLogonId"",""#text"":""0x3E7""},{""@Name"":""TargetName"",""#text"":""MicrosoftAccount:user=02imkalddtoprujp""},{""@Name"":""Type"",""#text"":""0""},{""@Name"":""CountOfCredentialsReturned"",""#text"":""0""},{""@Name"":""ReadOperation"",""#text"":""%%8100""},{""@Name"":""ReturnCode"",""#text"":""3221226021""},{""@Name"":""ProcessCreationTime"",""#text"":""2023-08-19 01:14:42.7966629""},{""@Name"":""ClientProcessId"",""#text"":""4080""}]}}"
864,14818,2023-08-19 01:17:52.0185999,5379,LogAlways,Microsoft-Windows-Security-Auditing,Security,616,656,Spookytown.spooky.domain,8,,,,,,,,,,,,False,D:\NTU\CTF\DeadFace\Misc\MALUM\Maybehere.evtx,Audit success,0,"{""EventData"":{""Data"":[{""@Name"":""SubjectUserSid"",""#text"":""S-1-5-18""},{""@Name"":""SubjectUserName"",""#text"":""SPOOKYTOWN$""},{""@Name"":""SubjectDomainName"",""#text"":""SPOOKY""},{""@Name"":""SubjectLogonId"",""#text"":""0x3E7""},{""@Name"":""TargetName"",""#text"":""WindowsLive:(token):name=02imkalddtoprujp;serviceuri=*""},{""@Name"":""Type"",""#text"":""0""},{""@Name"":""CountOfCredentialsReturned"",""#text"":""0""},{""@Name"":""ReadOperation"",""#text"":""%%8100""},{""@Name"":""ReturnCode"",""#text"":""3221226021""},{""@Name"":""ProcessCreationTime"",""#text"":""2023-08-19 01:14:42.7966629""},{""@Name"":""ClientProcessId"",""#text"":""4080""}]}}"
865,14819,2023-08-19 01:17:52.0187976,5379,LogAlways,Microsoft-Windows-Security-Auditing,Security,616,656,Spookytown.spooky.domain,8,,,,,,,,,,,,False,D:\NTU\CTF\DeadFace\Misc\MALUM\Maybehere.evtx,Audit success,0,"{""EventData"":{""Data"":[{""@Name"":""SubjectUserSid"",""#text"":""S-1-5-18""},{""@Name"":""SubjectUserName"",""#text"":""SPOOKYTOWN$""},{""@Name"":""SubjectDomainName"",""#text"":""SPOOKY""},{""@Name"":""SubjectLogonId"",""#text"":""0x3E7""},{""@Name"":""TargetName"",""#text"":""WindowsLive:(cert):name=02imkalddtoprujp;serviceuri=*""},{""@Name"":""Type"",""#text"":""0""},{""@Name"":""CountOfCredentialsReturned"",""#text"":""0""},{""@Name"":""ReadOperation"",""#text"":""%%8100""},{""@Name"":""ReturnCode"",""#text"":""3221226021""},{""@Name"":""ProcessCreationTime"",""#text"":""2023-08-19 01:14:42.7966629""},{""@Name"":""ClientProcessId"",""#text"":""4080""}]}}"
866,14820,2023-08-19 01:17:52.0215163,5379,LogAlways,Microsoft-Windows-Security-Auditing,Security,616,656,Spookytown.spooky.domain,8,,,,,,,,,,,,False,D:\NTU\CTF\DeadFace\Misc\MALUM\Maybehere.evtx,Audit success,0,"{""EventData"":{""Data"":[{""@Name"":""SubjectUserSid"",""#text"":""S-1-5-18""},{""@Name"":""SubjectUserName"",""#text"":""SPOOKYTOWN$""},{""@Name"":""SubjectDomainName"",""#text"":""SPOOKY""},{""@Name"":""SubjectLogonId"",""#text"":""0x3E7""},{""@Name"":""TargetName"",""#text"":""MicrosoftAccount:user=02imkalddtoprujp""},{""@Name"":""Type"",""#text"":""0""},{""@Name"":""CountOfCredentialsReturned"",""#text"":""0""},{""@Name"":""ReadOperation"",""#text"":""%%8100""},{""@Name"":""ReturnCode"",""#text"":""3221226021""},{""@Name"":""ProcessCreationTime"",""#text"":""2023-08-19 01:14:42.7966629""},{""@Name"":""ClientProcessId"",""#text"":""4080""}]}}"
867,14821,2023-08-19 01:17:52.0469928,5379,LogAlways,Microsoft-Windows-Security-Auditing,Security,616,656,Spookytown.spooky.domain,8,,,,,,,,,,,,False,D:\NTU\CTF\DeadFace\Misc\MALUM\Maybehere.evtx,Audit success,504,"{""EventData"":{""Data"":[{""@Name"":""SubjectUserSid"",""#text"":""S-1-5-18""},{""@Name"":""SubjectUserName"",""#text"":""SPOOKYTOWN$""},{""@Name"":""SubjectDomainName"",""#text"":""SPOOKY""},{""@Name"":""SubjectLogonId"",""#text"":""0x3E7""},{""@Name"":""TargetName"",""#text"":""MicrosoftAccount:user=02imkalddtoprujp""},{""@Name"":""Type"",""#text"":""0""},{""@Name"":""CountOfCredentialsReturned"",""#text"":""0""},{""@Name"":""ReadOperation"",""#text"":""%%8100""},{""@Name"":""ReturnCode"",""#text"":""3221226021""},{""@Name"":""ProcessCreationTime"",""#text"":""2023-08-19 01:14:42.7966629""},{""@Name"":""ClientProcessId"",""#text"":""4080""}]}}"
868,14822,2023-08-19 01:17:52.0470407,5379,LogAlways,Microsoft-Windows-Security-Auditing,Security,616,656,Spookytown.spooky.domain,8,,,,,,,,,,,,False,D:\NTU\CTF\DeadFace\Misc\MALUM\Maybehere.evtx,Audit success,0,"{""EventData"":{""Data"":[{""@Name"":""SubjectUserSid"",""#text"":""S-1-5-18""},{""@Name"":""SubjectUserName"",""#text"":""SPOOKYTOWN$""},{""@Name"":""SubjectDomainName"",""#text"":""SPOOKY""},{""@Name"":""SubjectLogonId"",""#text"":""0x3E7""},{""@Name"":""TargetName"",""#text"":""WindowsLive:(token):name=02imkalddtoprujp;serviceuri=*""},{""@Name"":""Type"",""#text"":""0""},{""@Name"":""CountOfCredentialsReturned"",""#text"":""0""},{""@Name"":""ReadOperation"",""#text"":""%%8100""},{""@Name"":""ReturnCode"",""#text"":""3221226021""},{""@Name"":""ProcessCreationTime"",""#text"":""2023-08-19 01:14:42.7966629""},{""@Name"":""ClientProcessId"",""#text"":""4080""}]}}"
869,14823,2023-08-19 01:17:52.0472446,5379,LogAlways,Microsoft-Windows-Security-Auditing,Security,616,656,Spookytown.spooky.domain,8,,,,,,,,,,,,False,D:\NTU\CTF\DeadFace\Misc\MALUM\Maybehere.evtx,Audit success,0,"{""EventData"":{""Data"":[{""@Name"":""SubjectUserSid"",""#text"":""S-1-5-18""},{""@Name"":""SubjectUserName"",""#text"":""SPOOKYTOWN$""},{""@Name"":""SubjectDomainName"",""#text"":""SPOOKY""},{""@Name"":""SubjectLogonId"",""#text"":""0x3E7""},{""@Name"":""TargetName"",""#text"":""WindowsLive:(cert):name=02imkalddtoprujp;serviceuri=*""},{""@Name"":""Type"",""#text"":""0""},{""@Name"":""CountOfCredentialsReturned"",""#text"":""0""},{""@Name"":""ReadOperation"",""#text"":""%%8100""},{""@Name"":""ReturnCode"",""#text"":""3221226021""},{""@Name"":""ProcessCreationTime"",""#text"":""2023-08-19 01:14:42.7966629""},{""@Name"":""ClientProcessId"",""#text"":""4080""}]}}"
870,14824,2023-08-19 01:17:52.0497092,5379,LogAlways,Microsoft-Windows-Security-Auditing,Security,616,656,Spookytown.spooky.domain,8,,,,,,,,,,,,False,D:\NTU\CTF\DeadFace\Misc\MALUM\Maybehere.evtx,Audit success,0,"{""EventData"":{""Data"":[{""@Name"":""SubjectUserSid"",""#text"":""S-1-5-18""},{""@Name"":""SubjectUserName"",""#text"":""SPOOKYTOWN$""},{""@Name"":""SubjectDomainName"",""#text"":""SPOOKY""},{""@Name"":""SubjectLogonId"",""#text"":""0x3E7""},{""@Name"":""TargetName"",""#text"":""MicrosoftAccount:user=02imkalddtoprujp""},{""@Name"":""Type"",""#text"":""0""},{""@Name"":""CountOfCredentialsReturned"",""#text"":""0""},{""@Name"":""ReadOperation"",""#text"":""%%8100""},{""@Name"":""ReturnCode"",""#text"":""3221226021""},{""@Name"":""ProcessCreationTime"",""#text"":""2023-08-19 01:14:42.7966629""},{""@Name"":""ClientProcessId"",""#text"":""4080""}]}}"
871,14825,2023-08-19 01:17:52.0767164,5379,LogAlways,Microsoft-Windows-Security-Auditing,Security,616,656,Spookytown.spooky.domain,8,,,,,,,,,,,,False,D:\NTU\CTF\DeadFace\Misc\MALUM\Maybehere.evtx,Audit success,0,"{""EventData"":{""Data"":[{""@Name"":""SubjectUserSid"",""#text"":""S-1-5-18""},{""@Name"":""SubjectUserName"",""#text"":""SPOOKYTOWN$""},{""@Name"":""SubjectDomainName"",""#text"":""SPOOKY""},{""@Name"":""SubjectLogonId"",""#text"":""0x3E7""},{""@Name"":""TargetName"",""#text"":""MicrosoftAccount:user=02imkalddtoprujp""},{""@Name"":""Type"",""#text"":""0""},{""@Name"":""CountOfCredentialsReturned"",""#text"":""0""},{""@Name"":""ReadOperation"",""#text"":""%%8100""},{""@Name"":""ReturnCode"",""#text"":""3221226021""},{""@Name"":""ProcessCreationTime"",""#text"":""2023-08-19 01:14:42.7966629""},{""@Name"":""ClientProcessId"",""#text"":""4080""}]}}"
872,14826,2023-08-19 01:17:52.0767655,5379,LogAlways,Microsoft-Windows-Security-Auditing,Security,616,656,Spookytown.spooky.domain,8,,,,,,,,,,,,False,D:\NTU\CTF\DeadFace\Misc\MALUM\Maybehere.evtx,Audit success,0,"{""EventData"":{""Data"":[{""@Name"":""SubjectUserSid"",""#text"":""S-1-5-18""},{""@Name"":""SubjectUserName"",""#text"":""SPOOKYTOWN$""},{""@Name"":""SubjectDomainName"",""#text"":""SPOOKY""},{""@Name"":""SubjectLogonId"",""#text"":""0x3E7""},{""@Name"":""TargetName"",""#text"":""WindowsLive:(token):name=02imkalddtoprujp;serviceuri=*""},{""@Name"":""Type"",""#text"":""0""},{""@Name"":""CountOfCredentialsReturned"",""#text"":""0""},{""@Name"":""ReadOperation"",""#text"":""%%8100""},{""@Name"":""ReturnCode"",""#text"":""3221226021""},{""@Name"":""ProcessCreationTime"",""#text"":""2023-08-19 01:14:42.7966629""},{""@Name"":""ClientProcessId"",""#text"":""4080""}]}}"
873,14827,2023-08-19 01:17:52.0769567,5379,LogAlways,Microsoft-Windows-Security-Auditing,Security,616,656,Spookytown.spooky.domain,8,,,,,,,,,,,,False,D:\NTU\CTF\DeadFace\Misc\MALUM\Maybehere.evtx,Audit success,0,"{""EventData"":{""Data"":[{""@Name"":""SubjectUserSid"",""#text"":""S-1-5-18""},{""@Name"":""SubjectUserName"",""#text"":""SPOOKYTOWN$""},{""@Name"":""SubjectDomainName"",""#text"":""SPOOKY""},{""@Name"":""SubjectLogonId"",""#text"":""0x3E7""},{""@Name"":""TargetName"",""#text"":""WindowsLive:(cert):name=02imkalddtoprujp;serviceuri=*""},{""@Name"":""Type"",""#text"":""0""},{""@Name"":""CountOfCredentialsReturned"",""#text"":""0""},{""@Name"":""ReadOperation"",""#text"":""%%8100""},{""@Name"":""ReturnCode"",""#text"":""3221226021""},{""@Name"":""ProcessCreationTime"",""#text"":""2023-08-19 01:14:42.7966629""},{""@Name"":""ClientProcessId"",""#text"":""4080""}]}}"
874,14828,2023-08-19 01:17:52.0794321,5379,LogAlways,Microsoft-Windows-Security-Auditing,Security,616,656,Spookytown.spooky.domain,8,,,,,,,,,,,,False,D:\NTU\CTF\DeadFace\Misc\MALUM\Maybehere.evtx,Audit success,0,"{""EventData"":{""Data"":[{""@Name"":""SubjectUserSid"",""#text"":""S-1-5-18""},{""@Name"":""SubjectUserName"",""#text"":""SPOOKYTOWN$""},{""@Name"":""SubjectDomainName"",""#text"":""SPOOKY""},{""@Name"":""SubjectLogonId"",""#text"":""0x3E7""},{""@Name"":""TargetName"",""#text"":""MicrosoftAccount:user=02imkalddtoprujp""},{""@Name"":""Type"",""#text"":""0""},{""@Name"":""CountOfCredentialsReturned"",""#text"":""0""},{""@Name"":""ReadOperation"",""#text"":""%%8100""},{""@Name"":""ReturnCode"",""#text"":""3221226021""},{""@Name"":""ProcessCreationTime"",""#text"":""2023-08-19 01:14:42.7966629""},{""@Name"":""ClientProcessId"",""#text"":""4080""}]}}"
