274,14228,2023-08-19 00:55:08.2098767,5379,LogAlways,Microsoft-Windows-Security-Auditing,Security,608,5408,Spookytown,2,,,,,,,,,,,,False,D:\NTU\CTF\DeadFace\Misc\MALUM\Maybehere.evtx,Audit success,0,"{""EventData"":{""Data"":[{""@Name"":""SubjectUserSid"",""#text"":""S-1-5-21-4166205599-1656642011-1382607969-1001""},{""@Name"":""SubjectUserName"",""#text"":""rp01""},{""@Name"":""SubjectDomainName"",""#text"":""SPOOKYTOWN""},{""@Name"":""SubjectLogonId"",""#text"":""0x835A6""},{""@Name"":""TargetName"",""#text"":""MicrosoftAccount:user=02sjbinrkdkvjgjl""},{""@Name"":""Type"",""#text"":""0""},{""@Name"":""CountOfCredentialsReturned"",""#text"":""0""},{""@Name"":""ReadOperation"",""#text"":""%%8100""},{""@Name"":""ReturnCode"",""#text"":""3221226021""},{""@Name"":""ProcessCreationTime"",""#text"":""2023-08-19 00:55:06.4652473""},{""@Name"":""ClientProcessId"",""#text"":""6740""}]}}"
275,14229,2023-08-19 00:55:08.2161050,5379,LogAlways,Microsoft-Windows-Security-Auditing,Security,608,5408,Spookytown,2,,,,,,,,,,,,False,D:\NTU\CTF\DeadFace\Misc\MALUM\Maybehere.evtx,Audit success,0,"{""EventData"":{""Data"":[{""@Name"":""SubjectUserSid"",""#text"":""S-1-5-21-4166205599-1656642011-1382607969-1001""},{""@Name"":""SubjectUserName"",""#text"":""rp01""},{""@Name"":""SubjectDomainName"",""#text"":""SPOOKYTOWN""},{""@Name"":""SubjectLogonId"",""#text"":""0x835A6""},{""@Name"":""TargetName"",""#text"":""MicrosoftAccount:user=02sjbinrkdkvjgjl""},{""@Name"":""Type"",""#text"":""0""},{""@Name"":""CountOfCredentialsReturned"",""#text"":""0""},{""@Name"":""ReadOperation"",""#text"":""%%8100""},{""@Name"":""ReturnCode"",""#text"":""3221226021""},{""@Name"":""ProcessCreationTime"",""#text"":""2023-08-19 00:55:06.4652473""},{""@Name"":""ClientProcessId"",""#text"":""6740""}]}}"
276,14230,2023-08-19 00:55:08.2161492,5379,LogAlways,Microsoft-Windows-Security-Auditing,Security,608,5408,Spookytown,2,,,,,,,,,,,,False,D:\NTU\CTF\DeadFace\Misc\MALUM\Maybehere.evtx,Audit success,0,"{""EventData"":{""Data"":[{""@Name"":""SubjectUserSid"",""#text"":""S-1-5-21-4166205599-1656642011-1382607969-1001""},{""@Name"":""SubjectUserName"",""#text"":""rp01""},{""@Name"":""SubjectDomainName"",""#text"":""SPOOKYTOWN""},{""@Name"":""SubjectLogonId"",""#text"":""0x835A6""},{""@Name"":""TargetName"",""#text"":""WindowsLive:(token):name=02sjbinrkdkvjgjl;serviceuri=*""},{""@Name"":""Type"",""#text"":""0""},{""@Name"":""CountOfCredentialsReturned"",""#text"":""0""},{""@Name"":""ReadOperation"",""#text"":""%%8100""},{""@Name"":""ReturnCode"",""#text"":""3221226021""},{""@Name"":""ProcessCreationTime"",""#text"":""2023-08-19 00:55:06.4652473""},{""@Name"":""ClientProcessId"",""#text"":""6740""}]}}"
277,14231,2023-08-19 00:55:08.2163113,5379,LogAlways,Microsoft-Windows-Security-Auditing,Security,608,5408,Spookytown,2,,,,,,,,,,,,False,D:\NTU\CTF\DeadFace\Misc\MALUM\Maybehere.evtx,Audit success,0,"{""EventData"":{""Data"":[{""@Name"":""SubjectUserSid"",""#text"":""S-1-5-21-4166205599-1656642011-1382607969-1001""},{""@Name"":""SubjectUserName"",""#text"":""rp01""},{""@Name"":""SubjectDomainName"",""#text"":""SPOOKYTOWN""},{""@Name"":""SubjectLogonId"",""#text"":""0x835A6""},{""@Name"":""TargetName"",""#text"":""WindowsLive:(cert):name=02sjbinrkdkvjgjl;serviceuri=*""},{""@Name"":""Type"",""#text"":""0""},{""@Name"":""CountOfCredentialsReturned"",""#text"":""0""},{""@Name"":""ReadOperation"",""#text"":""%%8100""},{""@Name"":""ReturnCode"",""#text"":""3221226021""},{""@Name"":""ProcessCreationTime"",""#text"":""2023-08-19 00:55:06.4652473""},{""@Name"":""ClientProcessId"",""#text"":""6740""}]}}"
278,14232,2023-08-19 00:55:08.2188000,5379,LogAlways,Microsoft-Windows-Security-Auditing,Security,608,5408,Spookytown,2,,,,,,,,,,,,False,D:\NTU\CTF\DeadFace\Misc\MALUM\Maybehere.evtx,Audit success,0,"{""EventData"":{""Data"":[{""@Name"":""SubjectUserSid"",""#text"":""S-1-5-21-4166205599-1656642011-1382607969-1001""},{""@Name"":""SubjectUserName"",""#text"":""rp01""},{""@Name"":""SubjectDomainName"",""#text"":""SPOOKYTOWN""},{""@Name"":""SubjectLogonId"",""#text"":""0x835A6""},{""@Name"":""TargetName"",""#text"":""MicrosoftAccount:user=02sjbinrkdkvjgjl""},{""@Name"":""Type"",""#text"":""0""},{""@Name"":""CountOfCredentialsReturned"",""#text"":""0""},{""@Name"":""ReadOperation"",""#text"":""%%8100""},{""@Name"":""ReturnCode"",""#text"":""3221226021""},{""@Name"":""ProcessCreationTime"",""#text"":""2023-08-19 00:55:06.4652473""},{""@Name"":""ClientProcessId"",""#text"":""6740""}]}}"
279,14233,2023-08-19 00:55:08.2230869,5379,LogAlways,Microsoft-Windows-Security-Auditing,Security,608,5408,Spookytown,2,,,,,,,,,,,,False,D:\NTU\CTF\DeadFace\Misc\MALUM\Maybehere.evtx,Audit success,0,"{""EventData"":{""Data"":[{""@Name"":""SubjectUserSid"",""#text"":""S-1-5-21-4166205599-1656642011-1382607969-1001""},{""@Name"":""SubjectUserName"",""#text"":""rp01""},{""@Name"":""SubjectDomainName"",""#text"":""SPOOKYTOWN""},{""@Name"":""SubjectLogonId"",""#text"":""0x835A6""},{""@Name"":""TargetName"",""#text"":""MicrosoftAccount:user=02sjbinrkdkvjgjl""},{""@Name"":""Type"",""#text"":""0""},{""@Name"":""CountOfCredentialsReturned"",""#text"":""0""},{""@Name"":""ReadOperation"",""#text"":""%%8100""},{""@Name"":""ReturnCode"",""#text"":""3221226021""},{""@Name"":""ProcessCreationTime"",""#text"":""2023-08-19 00:55:06.4652473""},{""@Name"":""ClientProcessId"",""#text"":""6740""}]}}"
280,14234,2023-08-19 00:55:08.2231425,5379,LogAlways,Microsoft-Windows-Security-Auditing,Security,608,5408,Spookytown,2,,,,,,,,,,,,False,D:\NTU\CTF\DeadFace\Misc\MALUM\Maybehere.evtx,Audit success,0,"{""EventData"":{""Data"":[{""@Name"":""SubjectUserSid"",""#text"":""S-1-5-21-4166205599-1656642011-1382607969-1001""},{""@Name"":""SubjectUserName"",""#text"":""rp01""},{""@Name"":""SubjectDomainName"",""#text"":""SPOOKYTOWN""},{""@Name"":""SubjectLogonId"",""#text"":""0x835A6""},{""@Name"":""TargetName"",""#text"":""WindowsLive:(token):name=02sjbinrkdkvjgjl;serviceuri=*""},{""@Name"":""Type"",""#text"":""0""},{""@Name"":""CountOfCredentialsReturned"",""#text"":""0""},{""@Name"":""ReadOperation"",""#text"":""%%8100""},{""@Name"":""ReturnCode"",""#text"":""3221226021""},{""@Name"":""ProcessCreationTime"",""#text"":""2023-08-19 00:55:06.4652473""},{""@Name"":""ClientProcessId"",""#text"":""6740""}]}}"
281,14235,2023-08-19 00:55:08.2233420,5379,LogAlways,Microsoft-Windows-Security-Auditing,Security,608,5408,Spookytown,2,,,,,,,,,,,,False,D:\NTU\CTF\DeadFace\Misc\MALUM\Maybehere.evtx,Audit success,0,"{""EventData"":{""Data"":[{""@Name"":""SubjectUserSid"",""#text"":""S-1-5-21-4166205599-1656642011-1382607969-1001""},{""@Name"":""SubjectUserName"",""#text"":""rp01""},{""@Name"":""SubjectDomainName"",""#text"":""SPOOKYTOWN""},{""@Name"":""SubjectLogonId"",""#text"":""0x835A6""},{""@Name"":""TargetName"",""#text"":""WindowsLive:(cert):name=02sjbinrkdkvjgjl;serviceuri=*""},{""@Name"":""Type"",""#text"":""0""},{""@Name"":""CountOfCredentialsReturned"",""#text"":""0""},{""@Name"":""ReadOperation"",""#text"":""%%8100""},{""@Name"":""ReturnCode"",""#text"":""3221226021""},{""@Name"":""ProcessCreationTime"",""#text"":""2023-08-19 00:55:06.4652473""},{""@Name"":""ClientProcessId"",""#text"":""6740""}]}}"
282,14236,2023-08-19 00:55:08.2259493,5379,LogAlways,Microsoft-Windows-Security-Auditing,Security,608,5408,Spookytown,2,,,,,,,,,,,,False,D:\NTU\CTF\DeadFace\Misc\MALUM\Maybehere.evtx,Audit success,0,"{""EventData"":{""Data"":[{""@Name"":""SubjectUserSid"",""#text"":""S-1-5-21-4166205599-1656642011-1382607969-1001""},{""@Name"":""SubjectUserName"",""#text"":""rp01""},{""@Name"":""SubjectDomainName"",""#text"":""SPOOKYTOWN""},{""@Name"":""SubjectLogonId"",""#text"":""0x835A6""},{""@Name"":""TargetName"",""#text"":""MicrosoftAccount:user=02sjbinrkdkvjgjl""},{""@Name"":""Type"",""#text"":""0""},{""@Name"":""CountOfCredentialsReturned"",""#text"":""0""},{""@Name"":""ReadOperation"",""#text"":""%%8100""},{""@Name"":""ReturnCode"",""#text"":""3221226021""},{""@Name"":""ProcessCreationTime"",""#text"":""2023-08-19 00:55:06.4652473""},{""@Name"":""ClientProcessId"",""#text"":""6740""}]}}"
283,14237,2023-08-19 00:55:08.2325604,5379,LogAlways,Microsoft-Windows-Security-Auditing,Security,608,5408,Spookytown,2,,,,,,,,,,,,False,D:\NTU\CTF\DeadFace\Misc\MALUM\Maybehere.evtx,Audit success,0,"{""EventData"":{""Data"":[{""@Name"":""SubjectUserSid"",""#text"":""S-1-5-21-4166205599-1656642011-1382607969-1001""},{""@Name"":""SubjectUserName"",""#text"":""rp01""},{""@Name"":""SubjectDomainName"",""#text"":""SPOOKYTOWN""},{""@Name"":""SubjectLogonId"",""#text"":""0x835A6""},{""@Name"":""TargetName"",""#text"":""MicrosoftAccount:user=02sjbinrkdkvjgjl""},{""@Name"":""Type"",""#text"":""0""},{""@Name"":""CountOfCredentialsReturned"",""#text"":""0""},{""@Name"":""ReadOperation"",""#text"":""%%8100""},{""@Name"":""ReturnCode"",""#text"":""3221226021""},{""@Name"":""ProcessCreationTime"",""#text"":""2023-08-19 00:55:06.4652473""},{""@Name"":""ClientProcessId"",""#text"":""6740""}]}}"
284,14238,2023-08-19 00:55:08.2326070,5379,LogAlways,Microsoft-Windows-Security-Auditing,Security,608,5408,Spookytown,2,,,,,,,,,,,,False,D:\NTU\CTF\DeadFace\Misc\MALUM\Maybehere.evtx,Audit success,0,"{""EventData"":{""Data"":[{""@Name"":""SubjectUserSid"",""#text"":""S-1-5-21-4166205599-1656642011-1382607969-1001""},{""@Name"":""SubjectUserName"",""#text"":""rp01""},{""@Name"":""SubjectDomainName"",""#text"":""SPOOKYTOWN""},{""@Name"":""SubjectLogonId"",""#text"":""0x835A6""},{""@Name"":""TargetName"",""#text"":""WindowsLive:(token):name=02sjbinrkdkvjgjl;serviceuri=*""},{""@Name"":""Type"",""#text"":""0""},{""@Name"":""CountOfCredentialsReturned"",""#text"":""0""},{""@Name"":""ReadOperation"",""#text"":""%%8100""},{""@Name"":""ReturnCode"",""#text"":""3221226021""},{""@Name"":""ProcessCreationTime"",""#text"":""2023-08-19 00:55:06.4652473""},{""@Name"":""ClientProcessId"",""#text"":""6740""}]}}"
285,14239,2023-08-19 00:55:08.2327860,5379,LogAlways,Microsoft-Windows-Security-Auditing,Security,608,5408,Spookytown,2,,,,,,,,,,,,False,D:\NTU\CTF\DeadFace\Misc\MALUM\Maybehere.evtx,Audit success,0,"{""EventData"":{""Data"":[{""@Name"":""SubjectUserSid"",""#text"":""S-1-5-21-4166205599-1656642011-1382607969-1001""},{""@Name"":""SubjectUserName"",""#text"":""rp01""},{""@Name"":""SubjectDomainName"",""#text"":""SPOOKYTOWN""},{""@Name"":""SubjectLogonId"",""#text"":""0x835A6""},{""@Name"":""TargetName"",""#text"":""WindowsLive:(cert):name=02sjbinrkdkvjgjl;serviceuri=*""},{""@Name"":""Type"",""#text"":""0""},{""@Name"":""CountOfCredentialsReturned"",""#text"":""0""},{""@Name"":""ReadOperation"",""#text"":""%%8100""},{""@Name"":""ReturnCode"",""#text"":""3221226021""},{""@Name"":""ProcessCreationTime"",""#text"":""2023-08-19 00:55:06.4652473""},{""@Name"":""ClientProcessId"",""#text"":""6740""}]}}"
286,14240,2023-08-19 00:55:08.2354624,5379,LogAlways,Microsoft-Windows-Security-Auditing,Security,608,5408,Spookytown,2,,,,,,,,,,,,False,D:\NTU\CTF\DeadFace\Misc\MALUM\Maybehere.evtx,Audit success,0,"{""EventData"":{""Data"":[{""@Name"":""SubjectUserSid"",""#text"":""S-1-5-21-4166205599-1656642011-1382607969-1001""},{""@Name"":""SubjectUserName"",""#text"":""rp01""},{""@Name"":""SubjectDomainName"",""#text"":""SPOOKYTOWN""},{""@Name"":""SubjectLogonId"",""#text"":""0x835A6""},{""@Name"":""TargetName"",""#text"":""MicrosoftAccount:user=02sjbinrkdkvjgjl""},{""@Name"":""Type"",""#text"":""0""},{""@Name"":""CountOfCredentialsReturned"",""#text"":""0""},{""@Name"":""ReadOperation"",""#text"":""%%8100""},{""@Name"":""ReturnCode"",""#text"":""3221226021""},{""@Name"":""ProcessCreationTime"",""#text"":""2023-08-19 00:55:06.4652473""},{""@Name"":""ClientProcessId"",""#text"":""6740""}]}}"
287,14241,2023-08-19 00:55:08.2398406,5379,LogAlways,Microsoft-Windows-Security-Auditing,Security,608,5408,Spookytown,2,,,,,,,,,,,,False,D:\NTU\CTF\DeadFace\Misc\MALUM\Maybehere.evtx,Audit success,0,"{""EventData"":{""Data"":[{""@Name"":""SubjectUserSid"",""#text"":""S-1-5-21-4166205599-1656642011-1382607969-1001""},{""@Name"":""SubjectUserName"",""#text"":""rp01""},{""@Name"":""SubjectDomainName"",""#text"":""SPOOKYTOWN""},{""@Name"":""SubjectLogonId"",""#text"":""0x835A6""},{""@Name"":""TargetName"",""#text"":""MicrosoftAccount:user=02sjbinrkdkvjgjl""},{""@Name"":""Type"",""#text"":""0""},{""@Name"":""CountOfCredentialsReturned"",""#text"":""0""},{""@Name"":""ReadOperation"",""#text"":""%%8100""},{""@Name"":""ReturnCode"",""#text"":""3221226021""},{""@Name"":""ProcessCreationTime"",""#text"":""2023-08-19 00:55:06.4652473""},{""@Name"":""ClientProcessId"",""#text"":""6740""}]}}"
288,14242,2023-08-19 00:55:08.2398900,5379,LogAlways,Microsoft-Windows-Security-Auditing,Security,608,5408,Spookytown,2,,,,,,,,,,,,False,D:\NTU\CTF\DeadFace\Misc\MALUM\Maybehere.evtx,Audit success,0,"{""EventData"":{""Data"":[{""@Name"":""SubjectUserSid"",""#text"":""S-1-5-21-4166205599-1656642011-1382607969-1001""},{""@Name"":""SubjectUserName"",""#text"":""rp01""},{""@Name"":""SubjectDomainName"",""#text"":""SPOOKYTOWN""},{""@Name"":""SubjectLogonId"",""#text"":""0x835A6""},{""@Name"":""TargetName"",""#text"":""WindowsLive:(token):name=02sjbinrkdkvjgjl;serviceuri=*""},{""@Name"":""Type"",""#text"":""0""},{""@Name"":""CountOfCredentialsReturned"",""#text"":""0""},{""@Name"":""ReadOperation"",""#text"":""%%8100""},{""@Name"":""ReturnCode"",""#text"":""3221226021""},{""@Name"":""ProcessCreationTime"",""#text"":""2023-08-19 00:55:06.4652473""},{""@Name"":""ClientProcessId"",""#text"":""6740""}]}}"
289,14243,2023-08-19 00:55:08.2400793,5379,LogAlways,Microsoft-Windows-Security-Auditing,Security,608,5408,Spookytown,2,,,,,,,,,,,,False,D:\NTU\CTF\DeadFace\Misc\MALUM\Maybehere.evtx,Audit success,0,"{""EventData"":{""Data"":[{""@Name"":""SubjectUserSid"",""#text"":""S-1-5-21-4166205599-1656642011-1382607969-1001""},{""@Name"":""SubjectUserName"",""#text"":""rp01""},{""@Name"":""SubjectDomainName"",""#text"":""SPOOKYTOWN""},{""@Name"":""SubjectLogonId"",""#text"":""0x835A6""},{""@Name"":""TargetName"",""#text"":""WindowsLive:(cert):name=02sjbinrkdkvjgjl;serviceuri=*""},{""@Name"":""Type"",""#text"":""0""},{""@Name"":""CountOfCredentialsReturned"",""#text"":""0""},{""@Name"":""ReadOperation"",""#text"":""%%8100""},{""@Name"":""ReturnCode"",""#text"":""3221226021""},{""@Name"":""ProcessCreationTime"",""#text"":""2023-08-19 00:55:06.4652473""},{""@Name"":""ClientProcessId"",""#text"":""6740""}]}}"
290,14244,2023-08-19 00:55:08.2426514,5379,LogAlways,Microsoft-Windows-Security-Auditing,Security,608,5408,Spookytown,2,,,,,,,,,,,,False,D:\NTU\CTF\DeadFace\Misc\MALUM\Maybehere.evtx,Audit success,0,"{""EventData"":{""Data"":[{""@Name"":""SubjectUserSid"",""#text"":""S-1-5-21-4166205599-1656642011-1382607969-1001""},{""@Name"":""SubjectUserName"",""#text"":""rp01""},{""@Name"":""SubjectDomainName"",""#text"":""SPOOKYTOWN""},{""@Name"":""SubjectLogonId"",""#text"":""0x835A6""},{""@Name"":""TargetName"",""#text"":""MicrosoftAccount:user=02sjbinrkdkvjgjl""},{""@Name"":""Type"",""#text"":""0""},{""@Name"":""CountOfCredentialsReturned"",""#text"":""0""},{""@Name"":""ReadOperation"",""#text"":""%%8100""},{""@Name"":""ReturnCode"",""#text"":""3221226021""},{""@Name"":""ProcessCreationTime"",""#text"":""2023-08-19 00:55:06.4652473""},{""@Name"":""ClientProcessId"",""#text"":""6740""}]}}"
291,14245,2023-08-19 00:55:08.2497142,5379,LogAlways,Microsoft-Windows-Security-Auditing,Security,608,5408,Spookytown,2,,,,,,,,,,,,False,D:\NTU\CTF\DeadFace\Misc\MALUM\Maybehere.evtx,Audit success,0,"{""EventData"":{""Data"":[{""@Name"":""SubjectUserSid"",""#text"":""S-1-5-21-4166205599-1656642011-1382607969-1001""},{""@Name"":""SubjectUserName"",""#text"":""rp01""},{""@Name"":""SubjectDomainName"",""#text"":""SPOOKYTOWN""},{""@Name"":""SubjectLogonId"",""#text"":""0x835A6""},{""@Name"":""TargetName"",""#text"":""MicrosoftAccount:user=02sjbinrkdkvjgjl""},{""@Name"":""Type"",""#text"":""0""},{""@Name"":""CountOfCredentialsReturned"",""#text"":""0""},{""@Name"":""ReadOperation"",""#text"":""%%8100""},{""@Name"":""ReturnCode"",""#text"":""3221226021""},{""@Name"":""ProcessCreationTime"",""#text"":""2023-08-19 00:55:06.4652473""},{""@Name"":""ClientProcessId"",""#text"":""6740""}]}}"
292,14246,2023-08-19 00:55:08.2497613,5379,LogAlways,Microsoft-Windows-Security-Auditing,Security,608,5408,Spookytown,2,,,,,,,,,,,,False,D:\NTU\CTF\DeadFace\Misc\MALUM\Maybehere.evtx,Audit success,0,"{""EventData"":{""Data"":[{""@Name"":""SubjectUserSid"",""#text"":""S-1-5-21-4166205599-1656642011-1382607969-1001""},{""@Name"":""SubjectUserName"",""#text"":""rp01""},{""@Name"":""SubjectDomainName"",""#text"":""SPOOKYTOWN""},{""@Name"":""SubjectLogonId"",""#text"":""0x835A6""},{""@Name"":""TargetName"",""#text"":""WindowsLive:(token):name=02sjbinrkdkvjgjl;serviceuri=*""},{""@Name"":""Type"",""#text"":""0""},{""@Name"":""CountOfCredentialsReturned"",""#text"":""0""},{""@Name"":""ReadOperation"",""#text"":""%%8100""},{""@Name"":""ReturnCode"",""#text"":""3221226021""},{""@Name"":""ProcessCreationTime"",""#text"":""2023-08-19 00:55:06.4652473""},{""@Name"":""ClientProcessId"",""#text"":""6740""}]}}"
293,14247,2023-08-19 00:55:08.2500396,5379,LogAlways,Microsoft-Windows-Security-Auditing,Security,608,5408,Spookytown,2,,,,,,,,,,,,False,D:\NTU\CTF\DeadFace\Misc\MALUM\Maybehere.evtx,Audit success,0,"{""EventData"":{""Data"":[{""@Name"":""SubjectUserSid"",""#text"":""S-1-5-21-4166205599-1656642011-1382607969-1001""},{""@Name"":""SubjectUserName"",""#text"":""rp01""},{""@Name"":""SubjectDomainName"",""#text"":""SPOOKYTOWN""},{""@Name"":""SubjectLogonId"",""#text"":""0x835A6""},{""@Name"":""TargetName"",""#text"":""WindowsLive:(cert):name=02sjbinrkdkvjgjl;serviceuri=*""},{""@Name"":""Type"",""#text"":""0""},{""@Name"":""CountOfCredentialsReturned"",""#text"":""0""},{""@Name"":""ReadOperation"",""#text"":""%%8100""},{""@Name"":""ReturnCode"",""#text"":""3221226021""},{""@Name"":""ProcessCreationTime"",""#text"":""2023-08-19 00:55:06.4652473""},{""@Name"":""ClientProcessId"",""#text"":""6740""}]}}"
294,14248,2023-08-19 00:55:08.2528866,5379,LogAlways,Microsoft-Windows-Security-Auditing,Security,608,5408,Spookytown,2,,,,,,,,,,,,False,D:\NTU\CTF\DeadFace\Misc\MALUM\Maybehere.evtx,Audit success,0,"{""EventData"":{""Data"":[{""@Name"":""SubjectUserSid"",""#text"":""S-1-5-21-4166205599-1656642011-1382607969-1001""},{""@Name"":""SubjectUserName"",""#text"":""rp01""},{""@Name"":""SubjectDomainName"",""#text"":""SPOOKYTOWN""},{""@Name"":""SubjectLogonId"",""#text"":""0x835A6""},{""@Name"":""TargetName"",""#text"":""MicrosoftAccount:user=02sjbinrkdkvjgjl""},{""@Name"":""Type"",""#text"":""0""},{""@Name"":""CountOfCredentialsReturned"",""#text"":""0""},{""@Name"":""ReadOperation"",""#text"":""%%8100""},{""@Name"":""ReturnCode"",""#text"":""3221226021""},{""@Name"":""ProcessCreationTime"",""#text"":""2023-08-19 00:55:06.4652473""},{""@Name"":""ClientProcessId"",""#text"":""6740""}]}}"
295,14249,2023-08-19 00:55:08.2572476,5379,LogAlways,Microsoft-Windows-Security-Auditing,Security,608,5408,Spookytown,2,,,,,,,,,,,,False,D:\NTU\CTF\DeadFace\Misc\MALUM\Maybehere.evtx,Audit success,0,"{""EventData"":{""Data"":[{""@Name"":""SubjectUserSid"",""#text"":""S-1-5-21-4166205599-1656642011-1382607969-1001""},{""@Name"":""SubjectUserName"",""#text"":""rp01""},{""@Name"":""SubjectDomainName"",""#text"":""SPOOKYTOWN""},{""@Name"":""SubjectLogonId"",""#text"":""0x835A6""},{""@Name"":""TargetName"",""#text"":""MicrosoftAccount:user=02sjbinrkdkvjgjl""},{""@Name"":""Type"",""#text"":""0""},{""@Name"":""CountOfCredentialsReturned"",""#text"":""0""},{""@Name"":""ReadOperation"",""#text"":""%%8100""},{""@Name"":""ReturnCode"",""#text"":""3221226021""},{""@Name"":""ProcessCreationTime"",""#text"":""2023-08-19 00:55:06.4652473""},{""@Name"":""ClientProcessId"",""#text"":""6740""}]}}"
296,14250,2023-08-19 00:55:08.2572936,5379,LogAlways,Microsoft-Windows-Security-Auditing,Security,608,5408,Spookytown,2,,,,,,,,,,,,False,D:\NTU\CTF\DeadFace\Misc\MALUM\Maybehere.evtx,Audit success,0,"{""EventData"":{""Data"":[{""@Name"":""SubjectUserSid"",""#text"":""S-1-5-21-4166205599-1656642011-1382607969-1001""},{""@Name"":""SubjectUserName"",""#text"":""rp01""},{""@Name"":""SubjectDomainName"",""#text"":""SPOOKYTOWN""},{""@Name"":""SubjectLogonId"",""#text"":""0x835A6""},{""@Name"":""TargetName"",""#text"":""WindowsLive:(token):name=02sjbinrkdkvjgjl;serviceuri=*""},{""@Name"":""Type"",""#text"":""0""},{""@Name"":""CountOfCredentialsReturned"",""#text"":""0""},{""@Name"":""ReadOperation"",""#text"":""%%8100""},{""@Name"":""ReturnCode"",""#text"":""3221226021""},{""@Name"":""ProcessCreationTime"",""#text"":""2023-08-19 00:55:06.4652473""},{""@Name"":""ClientProcessId"",""#text"":""6740""}]}}"
297,14251,2023-08-19 00:55:08.2574638,5379,LogAlways,Microsoft-Windows-Security-Auditing,Security,608,5408,Spookytown,2,,,,,,,,,,,,False,D:\NTU\CTF\DeadFace\Misc\MALUM\Maybehere.evtx,Audit success,0,"{""EventData"":{""Data"":[{""@Name"":""SubjectUserSid"",""#text"":""S-1-5-21-4166205599-1656642011-1382607969-1001""},{""@Name"":""SubjectUserName"",""#text"":""rp01""},{""@Name"":""SubjectDomainName"",""#text"":""SPOOKYTOWN""},{""@Name"":""SubjectLogonId"",""#text"":""0x835A6""},{""@Name"":""TargetName"",""#text"":""WindowsLive:(cert):name=02sjbinrkdkvjgjl;serviceuri=*""},{""@Name"":""Type"",""#text"":""0""},{""@Name"":""CountOfCredentialsReturned"",""#text"":""0""},{""@Name"":""ReadOperation"",""#text"":""%%8100""},{""@Name"":""ReturnCode"",""#text"":""3221226021""},{""@Name"":""ProcessCreationTime"",""#text"":""2023-08-19 00:55:06.4652473""},{""@Name"":""ClientProcessId"",""#text"":""6740""}]}}"
298,14252,2023-08-19 00:55:08.2602828,5379,LogAlways,Microsoft-Windows-Security-Auditing,Security,608,5408,Spookytown,2,,,,,,,,,,,,False,D:\NTU\CTF\DeadFace\Misc\MALUM\Maybehere.evtx,Audit success,0,"{""EventData"":{""Data"":[{""@Name"":""SubjectUserSid"",""#text"":""S-1-5-21-4166205599-1656642011-1382607969-1001""},{""@Name"":""SubjectUserName"",""#text"":""rp01""},{""@Name"":""SubjectDomainName"",""#text"":""SPOOKYTOWN""},{""@Name"":""SubjectLogonId"",""#text"":""0x835A6""},{""@Name"":""TargetName"",""#text"":""MicrosoftAccount:user=02sjbinrkdkvjgjl""},{""@Name"":""Type"",""#text"":""0""},{""@Name"":""CountOfCredentialsReturned"",""#text"":""0""},{""@Name"":""ReadOperation"",""#text"":""%%8100""},{""@Name"":""ReturnCode"",""#text"":""3221226021""},{""@Name"":""ProcessCreationTime"",""#text"":""2023-08-19 00:55:06.4652473""},{""@Name"":""ClientProcessId"",""#text"":""6740""}]}}"
299,14253,2023-08-19 00:55:08.2673000,5379,LogAlways,Microsoft-Windows-Security-Auditing,Security,608,5408,Spookytown,2,,,,,,,,,,,,False,D:\NTU\CTF\DeadFace\Misc\MALUM\Maybehere.evtx,Audit success,0,"{""EventData"":{""Data"":[{""@Name"":""SubjectUserSid"",""#text"":""S-1-5-21-4166205599-1656642011-1382607969-1001""},{""@Name"":""SubjectUserName"",""#text"":""rp01""},{""@Name"":""SubjectDomainName"",""#text"":""SPOOKYTOWN""},{""@Name"":""SubjectLogonId"",""#text"":""0x835A6""},{""@Name"":""TargetName"",""#text"":""MicrosoftAccount:user=02sjbinrkdkvjgjl""},{""@Name"":""Type"",""#text"":""0""},{""@Name"":""CountOfCredentialsReturned"",""#text"":""0""},{""@Name"":""ReadOperation"",""#text"":""%%8100""},{""@Name"":""ReturnCode"",""#text"":""3221226021""},{""@Name"":""ProcessCreationTime"",""#text"":""2023-08-19 00:55:06.4652473""},{""@Name"":""ClientProcessId"",""#text"":""6740""}]}}"
300,14254,2023-08-19 00:55:08.2673628,5379,LogAlways,Microsoft-Windows-Security-Auditing,Security,608,5408,Spookytown,2,,,,,,,,,,,,False,D:\NTU\CTF\DeadFace\Misc\MALUM\Maybehere.evtx,Audit success,0,"{""EventData"":{""Data"":[{""@Name"":""SubjectUserSid"",""#text"":""S-1-5-21-4166205599-1656642011-1382607969-1001""},{""@Name"":""SubjectUserName"",""#text"":""rp01""},{""@Name"":""SubjectDomainName"",""#text"":""SPOOKYTOWN""},{""@Name"":""SubjectLogonId"",""#text"":""0x835A6""},{""@Name"":""TargetName"",""#text"":""WindowsLive:(token):name=02sjbinrkdkvjgjl;serviceuri=*""},{""@Name"":""Type"",""#text"":""0""},{""@Name"":""CountOfCredentialsReturned"",""#text"":""0""},{""@Name"":""ReadOperation"",""#text"":""%%8100""},{""@Name"":""ReturnCode"",""#text"":""3221226021""},{""@Name"":""ProcessCreationTime"",""#text"":""2023-08-19 00:55:06.4652473""},{""@Name"":""ClientProcessId"",""#text"":""6740""}]}}"
301,14255,2023-08-19 00:55:08.2675479,5379,LogAlways,Microsoft-Windows-Security-Auditing,Security,608,5408,Spookytown,2,,,,,,,,,,,,False,D:\NTU\CTF\DeadFace\Misc\MALUM\Maybehere.evtx,Audit success,0,"{""EventData"":{""Data"":[{""@Name"":""SubjectUserSid"",""#text"":""S-1-5-21-4166205599-1656642011-1382607969-1001""},{""@Name"":""SubjectUserName"",""#text"":""rp01""},{""@Name"":""SubjectDomainName"",""#text"":""SPOOKYTOWN""},{""@Name"":""SubjectLogonId"",""#text"":""0x835A6""},{""@Name"":""TargetName"",""#text"":""WindowsLive:(cert):name=02sjbinrkdkvjgjl;serviceuri=*""},{""@Name"":""Type"",""#text"":""0""},{""@Name"":""CountOfCredentialsReturned"",""#text"":""0""},{""@Name"":""ReadOperation"",""#text"":""%%8100""},{""@Name"":""ReturnCode"",""#text"":""3221226021""},{""@Name"":""ProcessCreationTime"",""#text"":""2023-08-19 00:55:06.4652473""},{""@Name"":""ClientProcessId"",""#text"":""6740""}]}}"
302,14256,2023-08-19 00:55:08.2702043,5379,LogAlways,Microsoft-Windows-Security-Auditing,Security,608,5408,Spookytown,2,,,,,,,,,,,,False,D:\NTU\CTF\DeadFace\Misc\MALUM\Maybehere.evtx,Audit success,0,"{""EventData"":{""Data"":[{""@Name"":""SubjectUserSid"",""#text"":""S-1-5-21-4166205599-1656642011-1382607969-1001""},{""@Name"":""SubjectUserName"",""#text"":""rp01""},{""@Name"":""SubjectDomainName"",""#text"":""SPOOKYTOWN""},{""@Name"":""SubjectLogonId"",""#text"":""0x835A6""},{""@Name"":""TargetName"",""#text"":""MicrosoftAccount:user=02sjbinrkdkvjgjl""},{""@Name"":""Type"",""#text"":""0""},{""@Name"":""CountOfCredentialsReturned"",""#text"":""0""},{""@Name"":""ReadOperation"",""#text"":""%%8100""},{""@Name"":""ReturnCode"",""#text"":""3221226021""},{""@Name"":""ProcessCreationTime"",""#text"":""2023-08-19 00:55:06.4652473""},{""@Name"":""ClientProcessId"",""#text"":""6740""}]}}"
303,14257,2023-08-19 00:55:08.2746659,5379,LogAlways,Microsoft-Windows-Security-Auditing,Security,608,5408,Spookytown,2,,,,,,,,,,,,False,D:\NTU\CTF\DeadFace\Misc\MALUM\Maybehere.evtx,Audit success,0,"{""EventData"":{""Data"":[{""@Name"":""SubjectUserSid"",""#text"":""S-1-5-21-4166205599-1656642011-1382607969-1001""},{""@Name"":""SubjectUserName"",""#text"":""rp01""},{""@Name"":""SubjectDomainName"",""#text"":""SPOOKYTOWN""},{""@Name"":""SubjectLogonId"",""#text"":""0x835A6""},{""@Name"":""TargetName"",""#text"":""MicrosoftAccount:user=02sjbinrkdkvjgjl""},{""@Name"":""Type"",""#text"":""0""},{""@Name"":""CountOfCredentialsReturned"",""#text"":""0""},{""@Name"":""ReadOperation"",""#text"":""%%8100""},{""@Name"":""ReturnCode"",""#text"":""3221226021""},{""@Name"":""ProcessCreationTime"",""#text"":""2023-08-19 00:55:06.4652473""},{""@Name"":""ClientProcessId"",""#text"":""6740""}]}}"
304,14258,2023-08-19 00:55:08.2747133,5379,LogAlways,Microsoft-Windows-Security-Auditing,Security,608,5408,Spookytown,2,,,,,,,,,,,,False,D:\NTU\CTF\DeadFace\Misc\MALUM\Maybehere.evtx,Audit success,0,"{""EventData"":{""Data"":[{""@Name"":""SubjectUserSid"",""#text"":""S-1-5-21-4166205599-1656642011-1382607969-1001""},{""@Name"":""SubjectUserName"",""#text"":""rp01""},{""@Name"":""SubjectDomainName"",""#text"":""SPOOKYTOWN""},{""@Name"":""SubjectLogonId"",""#text"":""0x835A6""},{""@Name"":""TargetName"",""#text"":""WindowsLive:(token):name=02sjbinrkdkvjgjl;serviceuri=*""},{""@Name"":""Type"",""#text"":""0""},{""@Name"":""CountOfCredentialsReturned"",""#text"":""0""},{""@Name"":""ReadOperation"",""#text"":""%%8100""},{""@Name"":""ReturnCode"",""#text"":""3221226021""},{""@Name"":""ProcessCreationTime"",""#text"":""2023-08-19 00:55:06.4652473""},{""@Name"":""ClientProcessId"",""#text"":""6740""}]}}"
305,14259,2023-08-19 00:55:08.2749050,5379,LogAlways,Microsoft-Windows-Security-Auditing,Security,608,5408,Spookytown,2,,,,,,,,,,,,False,D:\NTU\CTF\DeadFace\Misc\MALUM\Maybehere.evtx,Audit success,0,"{""EventData"":{""Data"":[{""@Name"":""SubjectUserSid"",""#text"":""S-1-5-21-4166205599-1656642011-1382607969-1001""},{""@Name"":""SubjectUserName"",""#text"":""rp01""},{""@Name"":""SubjectDomainName"",""#text"":""SPOOKYTOWN""},{""@Name"":""SubjectLogonId"",""#text"":""0x835A6""},{""@Name"":""TargetName"",""#text"":""WindowsLive:(cert):name=02sjbinrkdkvjgjl;serviceuri=*""},{""@Name"":""Type"",""#text"":""0""},{""@Name"":""CountOfCredentialsReturned"",""#text"":""0""},{""@Name"":""ReadOperation"",""#text"":""%%8100""},{""@Name"":""ReturnCode"",""#text"":""3221226021""},{""@Name"":""ProcessCreationTime"",""#text"":""2023-08-19 00:55:06.4652473""},{""@Name"":""ClientProcessId"",""#text"":""6740""}]}}"
306,14260,2023-08-19 00:55:08.2776058,5379,LogAlways,Microsoft-Windows-Security-Auditing,Security,608,5408,Spookytown,2,,,,,,,,,,,,False,D:\NTU\CTF\DeadFace\Misc\MALUM\Maybehere.evtx,Audit success,0,"{""EventData"":{""Data"":[{""@Name"":""SubjectUserSid"",""#text"":""S-1-5-21-4166205599-1656642011-1382607969-1001""},{""@Name"":""SubjectUserName"",""#text"":""rp01""},{""@Name"":""SubjectDomainName"",""#text"":""SPOOKYTOWN""},{""@Name"":""SubjectLogonId"",""#text"":""0x835A6""},{""@Name"":""TargetName"",""#text"":""MicrosoftAccount:user=02sjbinrkdkvjgjl""},{""@Name"":""Type"",""#text"":""0""},{""@Name"":""CountOfCredentialsReturned"",""#text"":""0""},{""@Name"":""ReadOperation"",""#text"":""%%8100""},{""@Name"":""ReturnCode"",""#text"":""3221226021""},{""@Name"":""ProcessCreationTime"",""#text"":""2023-08-19 00:55:06.4652473""},{""@Name"":""ClientProcessId"",""#text"":""6740""}]}}"
307,14261,2023-08-19 00:55:08.2852498,5379,LogAlways,Microsoft-Windows-Security-Auditing,Security,608,5408,Spookytown,2,,,,,,,,,,,,False,D:\NTU\CTF\DeadFace\Misc\MALUM\Maybehere.evtx,Audit success,0,"{""EventData"":{""Data"":[{""@Name"":""SubjectUserSid"",""#text"":""S-1-5-21-4166205599-1656642011-1382607969-1001""},{""@Name"":""SubjectUserName"",""#text"":""rp01""},{""@Name"":""SubjectDomainName"",""#text"":""SPOOKYTOWN""},{""@Name"":""SubjectLogonId"",""#text"":""0x835A6""},{""@Name"":""TargetName"",""#text"":""MicrosoftAccount:user=02sjbinrkdkvjgjl""},{""@Name"":""Type"",""#text"":""0""},{""@Name"":""CountOfCredentialsReturned"",""#text"":""0""},{""@Name"":""ReadOperation"",""#text"":""%%8100""},{""@Name"":""ReturnCode"",""#text"":""3221226021""},{""@Name"":""ProcessCreationTime"",""#text"":""2023-08-19 00:55:06.4652473""},{""@Name"":""ClientProcessId"",""#text"":""6740""}]}}"
308,14262,2023-08-19 00:55:08.2852969,5379,LogAlways,Microsoft-Windows-Security-Auditing,Security,608,5408,Spookytown,2,,,,,,,,,,,,False,D:\NTU\CTF\DeadFace\Misc\MALUM\Maybehere.evtx,Audit success,0,"{""EventData"":{""Data"":[{""@Name"":""SubjectUserSid"",""#text"":""S-1-5-21-4166205599-1656642011-1382607969-1001""},{""@Name"":""SubjectUserName"",""#text"":""rp01""},{""@Name"":""SubjectDomainName"",""#text"":""SPOOKYTOWN""},{""@Name"":""SubjectLogonId"",""#text"":""0x835A6""},{""@Name"":""TargetName"",""#text"":""WindowsLive:(token):name=02sjbinrkdkvjgjl;serviceuri=*""},{""@Name"":""Type"",""#text"":""0""},{""@Name"":""CountOfCredentialsReturned"",""#text"":""0""},{""@Name"":""ReadOperation"",""#text"":""%%8100""},{""@Name"":""ReturnCode"",""#text"":""3221226021""},{""@Name"":""ProcessCreationTime"",""#text"":""2023-08-19 00:55:06.4652473""},{""@Name"":""ClientProcessId"",""#text"":""6740""}]}}"
309,14263,2023-08-19 00:55:08.2854958,5379,LogAlways,Microsoft-Windows-Security-Auditing,Security,608,5408,Spookytown,2,,,,,,,,,,,,False,D:\NTU\CTF\DeadFace\Misc\MALUM\Maybehere.evtx,Audit success,0,"{""EventData"":{""Data"":[{""@Name"":""SubjectUserSid"",""#text"":""S-1-5-21-4166205599-1656642011-1382607969-1001""},{""@Name"":""SubjectUserName"",""#text"":""rp01""},{""@Name"":""SubjectDomainName"",""#text"":""SPOOKYTOWN""},{""@Name"":""SubjectLogonId"",""#text"":""0x835A6""},{""@Name"":""TargetName"",""#text"":""WindowsLive:(cert):name=02sjbinrkdkvjgjl;serviceuri=*""},{""@Name"":""Type"",""#text"":""0""},{""@Name"":""CountOfCredentialsReturned"",""#text"":""0""},{""@Name"":""ReadOperation"",""#text"":""%%8100""},{""@Name"":""ReturnCode"",""#text"":""3221226021""},{""@Name"":""ProcessCreationTime"",""#text"":""2023-08-19 00:55:06.4652473""},{""@Name"":""ClientProcessId"",""#text"":""6740""}]}}"
310,14264,2023-08-19 00:55:08.2883061,5379,LogAlways,Microsoft-Windows-Security-Auditing,Security,608,5408,Spookytown,2,,,,,,,,,,,,False,D:\NTU\CTF\DeadFace\Misc\MALUM\Maybehere.evtx,Audit success,0,"{""EventData"":{""Data"":[{""@Name"":""SubjectUserSid"",""#text"":""S-1-5-21-4166205599-1656642011-1382607969-1001""},{""@Name"":""SubjectUserName"",""#text"":""rp01""},{""@Name"":""SubjectDomainName"",""#text"":""SPOOKYTOWN""},{""@Name"":""SubjectLogonId"",""#text"":""0x835A6""},{""@Name"":""TargetName"",""#text"":""MicrosoftAccount:user=02sjbinrkdkvjgjl""},{""@Name"":""Type"",""#text"":""0""},{""@Name"":""CountOfCredentialsReturned"",""#text"":""0""},{""@Name"":""ReadOperation"",""#text"":""%%8100""},{""@Name"":""ReturnCode"",""#text"":""3221226021""},{""@Name"":""ProcessCreationTime"",""#text"":""2023-08-19 00:55:06.4652473""},{""@Name"":""ClientProcessId"",""#text"":""6740""}]}}"
311,14265,2023-08-19 00:55:08.2928635,5379,LogAlways,Microsoft-Windows-Security-Auditing,Security,608,5408,Spookytown,2,,,,,,,,,,,,False,D:\NTU\CTF\DeadFace\Misc\MALUM\Maybehere.evtx,Audit success,0,"{""EventData"":{""Data"":[{""@Name"":""SubjectUserSid"",""#text"":""S-1-5-21-4166205599-1656642011-1382607969-1001""},{""@Name"":""SubjectUserName"",""#text"":""rp01""},{""@Name"":""SubjectDomainName"",""#text"":""SPOOKYTOWN""},{""@Name"":""SubjectLogonId"",""#text"":""0x835A6""},{""@Name"":""TargetName"",""#text"":""MicrosoftAccount:user=02sjbinrkdkvjgjl""},{""@Name"":""Type"",""#text"":""0""},{""@Name"":""CountOfCredentialsReturned"",""#text"":""0""},{""@Name"":""ReadOperation"",""#text"":""%%8100""},{""@Name"":""ReturnCode"",""#text"":""3221226021""},{""@Name"":""ProcessCreationTime"",""#text"":""2023-08-19 00:55:06.4652473""},{""@Name"":""ClientProcessId"",""#text"":""6740""}]}}"
312,14266,2023-08-19 00:55:08.2929130,5379,LogAlways,Microsoft-Windows-Security-Auditing,Security,608,5408,Spookytown,2,,,,,,,,,,,,False,D:\NTU\CTF\DeadFace\Misc\MALUM\Maybehere.evtx,Audit success,0,"{""EventData"":{""Data"":[{""@Name"":""SubjectUserSid"",""#text"":""S-1-5-21-4166205599-1656642011-1382607969-1001""},{""@Name"":""SubjectUserName"",""#text"":""rp01""},{""@Name"":""SubjectDomainName"",""#text"":""SPOOKYTOWN""},{""@Name"":""SubjectLogonId"",""#text"":""0x835A6""},{""@Name"":""TargetName"",""#text"":""WindowsLive:(token):name=02sjbinrkdkvjgjl;serviceuri=*""},{""@Name"":""Type"",""#text"":""0""},{""@Name"":""CountOfCredentialsReturned"",""#text"":""0""},{""@Name"":""ReadOperation"",""#text"":""%%8100""},{""@Name"":""ReturnCode"",""#text"":""3221226021""},{""@Name"":""ProcessCreationTime"",""#text"":""2023-08-19 00:55:06.4652473""},{""@Name"":""ClientProcessId"",""#text"":""6740""}]}}"
313,14267,2023-08-19 00:55:08.2931170,5379,LogAlways,Microsoft-Windows-Security-Auditing,Security,608,5408,Spookytown,2,,,,,,,,,,,,False,D:\NTU\CTF\DeadFace\Misc\MALUM\Maybehere.evtx,Audit success,0,"{""EventData"":{""Data"":[{""@Name"":""SubjectUserSid"",""#text"":""S-1-5-21-4166205599-1656642011-1382607969-1001""},{""@Name"":""SubjectUserName"",""#text"":""rp01""},{""@Name"":""SubjectDomainName"",""#text"":""SPOOKYTOWN""},{""@Name"":""SubjectLogonId"",""#text"":""0x835A6""},{""@Name"":""TargetName"",""#text"":""WindowsLive:(cert):name=02sjbinrkdkvjgjl;serviceuri=*""},{""@Name"":""Type"",""#text"":""0""},{""@Name"":""CountOfCredentialsReturned"",""#text"":""0""},{""@Name"":""ReadOperation"",""#text"":""%%8100""},{""@Name"":""ReturnCode"",""#text"":""3221226021""},{""@Name"":""ProcessCreationTime"",""#text"":""2023-08-19 00:55:06.4652473""},{""@Name"":""ClientProcessId"",""#text"":""6740""}]}}"
314,14268,2023-08-19 00:55:08.2957584,5379,LogAlways,Microsoft-Windows-Security-Auditing,Security,608,5408,Spookytown,2,,,,,,,,,,,,False,D:\NTU\CTF\DeadFace\Misc\MALUM\Maybehere.evtx,Audit success,0,"{""EventData"":{""Data"":[{""@Name"":""SubjectUserSid"",""#text"":""S-1-5-21-4166205599-1656642011-1382607969-1001""},{""@Name"":""SubjectUserName"",""#text"":""rp01""},{""@Name"":""SubjectDomainName"",""#text"":""SPOOKYTOWN""},{""@Name"":""SubjectLogonId"",""#text"":""0x835A6""},{""@Name"":""TargetName"",""#text"":""MicrosoftAccount:user=02sjbinrkdkvjgjl""},{""@Name"":""Type"",""#text"":""0""},{""@Name"":""CountOfCredentialsReturned"",""#text"":""0""},{""@Name"":""ReadOperation"",""#text"":""%%8100""},{""@Name"":""ReturnCode"",""#text"":""3221226021""},{""@Name"":""ProcessCreationTime"",""#text"":""2023-08-19 00:55:06.4652473""},{""@Name"":""ClientProcessId"",""#text"":""6740""}]}}"
315,14269,2023-08-19 00:55:08.3023194,5379,LogAlways,Microsoft-Windows-Security-Auditing,Security,608,5408,Spookytown,2,,,,,,,,,,,,False,D:\NTU\CTF\DeadFace\Misc\MALUM\Maybehere.evtx,Audit success,0,"{""EventData"":{""Data"":[{""@Name"":""SubjectUserSid"",""#text"":""S-1-5-21-4166205599-1656642011-1382607969-1001""},{""@Name"":""SubjectUserName"",""#text"":""rp01""},{""@Name"":""SubjectDomainName"",""#text"":""SPOOKYTOWN""},{""@Name"":""SubjectLogonId"",""#text"":""0x835A6""},{""@Name"":""TargetName"",""#text"":""MicrosoftAccount:user=02sjbinrkdkvjgjl""},{""@Name"":""Type"",""#text"":""0""},{""@Name"":""CountOfCredentialsReturned"",""#text"":""0""},{""@Name"":""ReadOperation"",""#text"":""%%8100""},{""@Name"":""ReturnCode"",""#text"":""3221226021""},{""@Name"":""ProcessCreationTime"",""#text"":""2023-08-19 00:55:06.4652473""},{""@Name"":""ClientProcessId"",""#text"":""6740""}]}}"
316,14270,2023-08-19 00:55:08.3023814,5379,LogAlways,Microsoft-Windows-Security-Auditing,Security,608,5408,Spookytown,2,,,,,,,,,,,,False,D:\NTU\CTF\DeadFace\Misc\MALUM\Maybehere.evtx,Audit success,0,"{""EventData"":{""Data"":[{""@Name"":""SubjectUserSid"",""#text"":""S-1-5-21-4166205599-1656642011-1382607969-1001""},{""@Name"":""SubjectUserName"",""#text"":""rp01""},{""@Name"":""SubjectDomainName"",""#text"":""SPOOKYTOWN""},{""@Name"":""SubjectLogonId"",""#text"":""0x835A6""},{""@Name"":""TargetName"",""#text"":""WindowsLive:(token):name=02sjbinrkdkvjgjl;serviceuri=*""},{""@Name"":""Type"",""#text"":""0""},{""@Name"":""CountOfCredentialsReturned"",""#text"":""0""},{""@Name"":""ReadOperation"",""#text"":""%%8100""},{""@Name"":""ReturnCode"",""#text"":""3221226021""},{""@Name"":""ProcessCreationTime"",""#text"":""2023-08-19 00:55:06.4652473""},{""@Name"":""ClientProcessId"",""#text"":""6740""}]}}"
317,14271,2023-08-19 00:55:08.3025663,5379,LogAlways,Microsoft-Windows-Security-Auditing,Security,608,5408,Spookytown,2,,,,,,,,,,,,False,D:\NTU\CTF\DeadFace\Misc\MALUM\Maybehere.evtx,Audit success,0,"{""EventData"":{""Data"":[{""@Name"":""SubjectUserSid"",""#text"":""S-1-5-21-4166205599-1656642011-1382607969-1001""},{""@Name"":""SubjectUserName"",""#text"":""rp01""},{""@Name"":""SubjectDomainName"",""#text"":""SPOOKYTOWN""},{""@Name"":""SubjectLogonId"",""#text"":""0x835A6""},{""@Name"":""TargetName"",""#text"":""WindowsLive:(cert):name=02sjbinrkdkvjgjl;serviceuri=*""},{""@Name"":""Type"",""#text"":""0""},{""@Name"":""CountOfCredentialsReturned"",""#text"":""0""},{""@Name"":""ReadOperation"",""#text"":""%%8100""},{""@Name"":""ReturnCode"",""#text"":""3221226021""},{""@Name"":""ProcessCreationTime"",""#text"":""2023-08-19 00:55:06.4652473""},{""@Name"":""ClientProcessId"",""#text"":""6740""}]}}"
318,14272,2023-08-19 00:55:08.3051362,5379,LogAlways,Microsoft-Windows-Security-Auditing,Security,608,5408,Spookytown,2,,,,,,,,,,,,False,D:\NTU\CTF\DeadFace\Misc\MALUM\Maybehere.evtx,Audit success,0,"{""EventData"":{""Data"":[{""@Name"":""SubjectUserSid"",""#text"":""S-1-5-21-4166205599-1656642011-1382607969-1001""},{""@Name"":""SubjectUserName"",""#text"":""rp01""},{""@Name"":""SubjectDomainName"",""#text"":""SPOOKYTOWN""},{""@Name"":""SubjectLogonId"",""#text"":""0x835A6""},{""@Name"":""TargetName"",""#text"":""MicrosoftAccount:user=02sjbinrkdkvjgjl""},{""@Name"":""Type"",""#text"":""0""},{""@Name"":""CountOfCredentialsReturned"",""#text"":""0""},{""@Name"":""ReadOperation"",""#text"":""%%8100""},{""@Name"":""ReturnCode"",""#text"":""3221226021""},{""@Name"":""ProcessCreationTime"",""#text"":""2023-08-19 00:55:06.4652473""},{""@Name"":""ClientProcessId"",""#text"":""6740""}]}}"
319,14273,2023-08-19 00:55:08.3094393,5379,LogAlways,Microsoft-Windows-Security-Auditing,Security,608,5408,Spookytown,2,,,,,,,,,,,,False,D:\NTU\CTF\DeadFace\Misc\MALUM\Maybehere.evtx,Audit success,0,"{""EventData"":{""Data"":[{""@Name"":""SubjectUserSid"",""#text"":""S-1-5-21-4166205599-1656642011-1382607969-1001""},{""@Name"":""SubjectUserName"",""#text"":""rp01""},{""@Name"":""SubjectDomainName"",""#text"":""SPOOKYTOWN""},{""@Name"":""SubjectLogonId"",""#text"":""0x835A6""},{""@Name"":""TargetName"",""#text"":""MicrosoftAccount:user=02sjbinrkdkvjgjl""},{""@Name"":""Type"",""#text"":""0""},{""@Name"":""CountOfCredentialsReturned"",""#text"":""0""},{""@Name"":""ReadOperation"",""#text"":""%%8100""},{""@Name"":""ReturnCode"",""#text"":""3221226021""},{""@Name"":""ProcessCreationTime"",""#text"":""2023-08-19 00:55:06.4652473""},{""@Name"":""ClientProcessId"",""#text"":""6740""}]}}"
320,14274,2023-08-19 00:55:08.3094852,5379,LogAlways,Microsoft-Windows-Security-Auditing,Security,608,5408,Spookytown,2,,,,,,,,,,,,False,D:\NTU\CTF\DeadFace\Misc\MALUM\Maybehere.evtx,Audit success,0,"{""EventData"":{""Data"":[{""@Name"":""SubjectUserSid"",""#text"":""S-1-5-21-4166205599-1656642011-1382607969-1001""},{""@Name"":""SubjectUserName"",""#text"":""rp01""},{""@Name"":""SubjectDomainName"",""#text"":""SPOOKYTOWN""},{""@Name"":""SubjectLogonId"",""#text"":""0x835A6""},{""@Name"":""TargetName"",""#text"":""WindowsLive:(token):name=02sjbinrkdkvjgjl;serviceuri=*""},{""@Name"":""Type"",""#text"":""0""},{""@Name"":""CountOfCredentialsReturned"",""#text"":""0""},{""@Name"":""ReadOperation"",""#text"":""%%8100""},{""@Name"":""ReturnCode"",""#text"":""3221226021""},{""@Name"":""ProcessCreationTime"",""#text"":""2023-08-19 00:55:06.4652473""},{""@Name"":""ClientProcessId"",""#text"":""6740""}]}}"
321,14275,2023-08-19 00:55:08.3096517,5379,LogAlways,Microsoft-Windows-Security-Auditing,Security,608,5408,Spookytown,2,,,,,,,,,,,,False,D:\NTU\CTF\DeadFace\Misc\MALUM\Maybehere.evtx,Audit success,0,"{""EventData"":{""Data"":[{""@Name"":""SubjectUserSid"",""#text"":""S-1-5-21-4166205599-1656642011-1382607969-1001""},{""@Name"":""SubjectUserName"",""#text"":""rp01""},{""@Name"":""SubjectDomainName"",""#text"":""SPOOKYTOWN""},{""@Name"":""SubjectLogonId"",""#text"":""0x835A6""},{""@Name"":""TargetName"",""#text"":""WindowsLive:(cert):name=02sjbinrkdkvjgjl;serviceuri=*""},{""@Name"":""Type"",""#text"":""0""},{""@Name"":""CountOfCredentialsReturned"",""#text"":""0""},{""@Name"":""ReadOperation"",""#text"":""%%8100""},{""@Name"":""ReturnCode"",""#text"":""3221226021""},{""@Name"":""ProcessCreationTime"",""#text"":""2023-08-19 00:55:06.4652473""},{""@Name"":""ClientProcessId"",""#text"":""6740""}]}}"
322,14276,2023-08-19 00:55:08.3121441,5379,LogAlways,Microsoft-Windows-Security-Auditing,Security,608,5408,Spookytown,2,,,,,,,,,,,,False,D:\NTU\CTF\DeadFace\Misc\MALUM\Maybehere.evtx,Audit success,0,"{""EventData"":{""Data"":[{""@Name"":""SubjectUserSid"",""#text"":""S-1-5-21-4166205599-1656642011-1382607969-1001""},{""@Name"":""SubjectUserName"",""#text"":""rp01""},{""@Name"":""SubjectDomainName"",""#text"":""SPOOKYTOWN""},{""@Name"":""SubjectLogonId"",""#text"":""0x835A6""},{""@Name"":""TargetName"",""#text"":""MicrosoftAccount:user=02sjbinrkdkvjgjl""},{""@Name"":""Type"",""#text"":""0""},{""@Name"":""CountOfCredentialsReturned"",""#text"":""0""},{""@Name"":""ReadOperation"",""#text"":""%%8100""},{""@Name"":""ReturnCode"",""#text"":""3221226021""},{""@Name"":""ProcessCreationTime"",""#text"":""2023-08-19 00:55:06.4652473""},{""@Name"":""ClientProcessId"",""#text"":""6740""}]}}"
323,14277,2023-08-19 00:55:08.5163716,4624,LogAlways,Microsoft-Windows-Security-Auditing,Security,608,656,Spookytown,2,,,,,,,,,,,,False,D:\NTU\CTF\DeadFace\Misc\MALUM\Maybehere.evtx,Audit success,0,"{""EventData"":{""Data"":[{""@Name"":""SubjectUserSid"",""#text"":""S-1-5-18""},{""@Name"":""SubjectUserName"",""#text"":""SPOOKYTOWN$""},{""@Name"":""SubjectDomainName"",""#text"":""SPOOKY""},{""@Name"":""SubjectLogonId"",""#text"":""0x3E7""},{""@Name"":""TargetUserSid"",""#text"":""S-1-5-18""},{""@Name"":""TargetUserName"",""#text"":""SYSTEM""},{""@Name"":""TargetDomainName"",""#text"":""NT AUTHORITY""},{""@Name"":""TargetLogonId"",""#text"":""0x3E7""},{""@Name"":""LogonType"",""#text"":""5""},{""@Name"":""LogonProcessName"",""#text"":""Advapi  ""},{""@Name"":""AuthenticationPackageName"",""#text"":""Negotiate""},{""@Name"":""WorkstationName"",""#text"":""-""},{""@Name"":""LogonGuid"",""#text"":""00000000-0000-0000-0000-000000000000""},{""@Name"":""TransmittedServices"",""#text"":""-""},{""@Name"":""LmPackageName"",""#text"":""-""},{""@Name"":""KeyLength"",""#text"":""0""},{""@Name"":""ProcessId"",""#text"":""0x238""},{""@Name"":""ProcessName"",""#text"":""C:\\Windows\\System32\\services.exe""},{""@Name"":""IpAddress"",""#text"":""-""},{""@Name"":""IpPort"",""#text"":""-""},{""@Name"":""ImpersonationLevel"",""#text"":""%%1833""},{""@Name"":""RestrictedAdminMode"",""#text"":""-""},{""@Name"":""TargetOutboundUserName"",""#text"":""-""},{""@Name"":""TargetOutboundDomainName"",""#text"":""-""},{""@Name"":""VirtualAccount"",""#text"":""%%1843""},{""@Name"":""TargetLinkedLogonId"",""#text"":""0x0""},{""@Name"":""ElevatedToken"",""#text"":""%%1842""}]}}"
324,14278,2023-08-19 00:55:08.5163754,4672,LogAlways,Microsoft-Windows-Security-Auditing,Security,608,656,Spookytown,2,,,,,,,,,,,,False,D:\NTU\CTF\DeadFace\Misc\MALUM\Maybehere.evtx,Audit success,0,"{""EventData"":{""Data"":[{""@Name"":""SubjectUserSid"",""#text"":""S-1-5-18""},{""@Name"":""SubjectUserName"",""#text"":""SYSTEM""},{""@Name"":""SubjectDomainName"",""#text"":""NT AUTHORITY""},{""@Name"":""SubjectLogonId"",""#text"":""0x3E7""},{""@Name"":""PrivilegeList"",""#text"":""SeAssignPrimaryTokenPrivilege, SeTcbPrivilege, SeSecurityPrivilege, SeTakeOwnershipPrivilege, SeLoadDriverPrivilege, SeBackupPrivilege, SeRestorePrivilege, SeDebugPrivilege, SeAuditPrivilege, SeSystemEnvironmentPrivilege, SeImpersonatePrivilege, SeDelegateSessionUserImpersonatePrivilege""}]}}"
325,14279,2023-08-19 00:55:26.9537978,4624,LogAlways,Microsoft-Windows-Security-Auditing,Security,608,656,Spookytown,2,,,,,,,,,,,,False,D:\NTU\CTF\DeadFace\Misc\MALUM\Maybehere.evtx,Audit success,0,"{""EventData"":{""Data"":[{""@Name"":""SubjectUserSid"",""#text"":""S-1-5-18""},{""@Name"":""SubjectUserName"",""#text"":""SPOOKYTOWN$""},{""@Name"":""SubjectDomainName"",""#text"":""SPOOKY""},{""@Name"":""SubjectLogonId"",""#text"":""0x3E7""},{""@Name"":""TargetUserSid"",""#text"":""S-1-5-18""},{""@Name"":""TargetUserName"",""#text"":""SYSTEM""},{""@Name"":""TargetDomainName"",""#text"":""NT AUTHORITY""},{""@Name"":""TargetLogonId"",""#text"":""0x3E7""},{""@Name"":""LogonType"",""#text"":""5""},{""@Name"":""LogonProcessName"",""#text"":""Advapi  ""},{""@Name"":""AuthenticationPackageName"",""#text"":""Negotiate""},{""@Name"":""WorkstationName"",""#text"":""-""},{""@Name"":""LogonGuid"",""#text"":""00000000-0000-0000-0000-000000000000""},{""@Name"":""TransmittedServices"",""#text"":""-""},{""@Name"":""LmPackageName"",""#text"":""-""},{""@Name"":""KeyLength"",""#text"":""0""},{""@Name"":""ProcessId"",""#text"":""0x238""},{""@Name"":""ProcessName"",""#text"":""C:\\Windows\\System32\\services.exe""},{""@Name"":""IpAddress"",""#text"":""-""},{""@Name"":""IpPort"",""#text"":""-""},{""@Name"":""ImpersonationLevel"",""#text"":""%%1833""},{""@Name"":""RestrictedAdminMode"",""#text"":""-""},{""@Name"":""TargetOutboundUserName"",""#text"":""-""},{""@Name"":""TargetOutboundDomainName"",""#text"":""-""},{""@Name"":""VirtualAccount"",""#text"":""%%1843""},{""@Name"":""TargetLinkedLogonId"",""#text"":""0x0""},{""@Name"":""ElevatedToken"",""#text"":""%%1842""}]}}"
326,14280,2023-08-19 00:55:26.9538012,4672,LogAlways,Microsoft-Windows-Security-Auditing,Security,608,656,Spookytown,2,,,,,,,,,,,,False,D:\NTU\CTF\DeadFace\Misc\MALUM\Maybehere.evtx,Audit success,0,"{""EventData"":{""Data"":[{""@Name"":""SubjectUserSid"",""#text"":""S-1-5-18""},{""@Name"":""SubjectUserName"",""#text"":""SYSTEM""},{""@Name"":""SubjectDomainName"",""#text"":""NT AUTHORITY""},{""@Name"":""SubjectLogonId"",""#text"":""0x3E7""},{""@Name"":""PrivilegeList"",""#text"":""SeAssignPrimaryTokenPrivilege, SeTcbPrivilege, SeSecurityPrivilege, SeTakeOwnershipPrivilege, SeLoadDriverPrivilege, SeBackupPrivilege, SeRestorePrivilege, SeDebugPrivilege, SeAuditPrivilege, SeSystemEnvironmentPrivilege, SeImpersonatePrivilege, SeDelegateSessionUserImpersonatePrivilege""}]}}"
