1446,1446,2016-06-21 12:03:43.1056222,4797,LogAlways,Microsoft-Windows-Security-Auditing,Security,552,5332,4orensics,12,,An attempt was made to query the existence of a blank password for an account,4orensics\Hunter (S-1-5-21-2489440558-2754304563-710705792-1001),,Target: 4orensics\Administrator,SubjectLogonId: 0x28D50,Workstation: 4ORENSICS,,,,,False,D:\Software\CTF\Misc\EvtxECmd\Security.evtx,Audit success,0,"{""EventData"":{""Data"":[{""@Name"":""SubjectUserSid"",""#text"":""S-1-5-21-2489440558-2754304563-710705792-1001""},{""@Name"":""SubjectUserName"",""#text"":""Hunter""},{""@Name"":""SubjectDomainName"",""#text"":""4orensics""},{""@Name"":""SubjectLogonId"",""#text"":""0x28D50""},{""@Name"":""Workstation"",""#text"":""4ORENSICS""},{""@Name"":""TargetUserName"",""#text"":""Administrator""},{""@Name"":""TargetDomainName"",""#text"":""4orensics""}]}}"
1447,1447,2016-06-21 12:03:43.1069278,4797,LogAlways,Microsoft-Windows-Security-Auditing,Security,552,5332,4orensics,12,,An attempt was made to query the existence of a blank password for an account,4orensics\Hunter (S-1-5-21-2489440558-2754304563-710705792-1001),,Target: 4orensics\Guest,SubjectLogonId: 0x28D50,Workstation: 4ORENSICS,,,,,False,D:\Software\CTF\Misc\EvtxECmd\Security.evtx,Audit success,0,"{""EventData"":{""Data"":[{""@Name"":""SubjectUserSid"",""#text"":""S-1-5-21-2489440558-2754304563-710705792-1001""},{""@Name"":""SubjectUserName"",""#text"":""Hunter""},{""@Name"":""SubjectDomainName"",""#text"":""4orensics""},{""@Name"":""SubjectLogonId"",""#text"":""0x28D50""},{""@Name"":""Workstation"",""#text"":""4ORENSICS""},{""@Name"":""TargetUserName"",""#text"":""Guest""},{""@Name"":""TargetDomainName"",""#text"":""4orensics""}]}}"
1448,1448,2016-06-21 12:03:43.1069278,4797,LogAlways,Microsoft-Windows-Security-Auditing,Security,552,5332,4orensics,12,,An attempt was made to query the existence of a blank password for an account,4orensics\Hunter (S-1-5-21-2489440558-2754304563-710705792-1001),,Target: 4orensics\HomeGroupUser$,SubjectLogonId: 0x28D50,Workstation: 4ORENSICS,,,,,False,D:\Software\CTF\Misc\EvtxECmd\Security.evtx,Audit success,0,"{""EventData"":{""Data"":[{""@Name"":""SubjectUserSid"",""#text"":""S-1-5-21-2489440558-2754304563-710705792-1001""},{""@Name"":""SubjectUserName"",""#text"":""Hunter""},{""@Name"":""SubjectDomainName"",""#text"":""4orensics""},{""@Name"":""SubjectLogonId"",""#text"":""0x28D50""},{""@Name"":""Workstation"",""#text"":""4ORENSICS""},{""@Name"":""TargetUserName"",""#text"":""HomeGroupUser$""},{""@Name"":""TargetDomainName"",""#text"":""4orensics""}]}}"
1449,1449,2016-06-21 12:04:14.1984852,4797,LogAlways,Microsoft-Windows-Security-Auditing,Security,552,2620,4orensics,12,,An attempt was made to query the existence of a blank password for an account,4orensics\Hunter (S-1-5-21-2489440558-2754304563-710705792-1001),,Target: 4orensics\Administrator,SubjectLogonId: 0x28D50,Workstation: 4ORENSICS,,,,,False,D:\Software\CTF\Misc\EvtxECmd\Security.evtx,Audit success,0,"{""EventData"":{""Data"":[{""@Name"":""SubjectUserSid"",""#text"":""S-1-5-21-2489440558-2754304563-710705792-1001""},{""@Name"":""SubjectUserName"",""#text"":""Hunter""},{""@Name"":""SubjectDomainName"",""#text"":""4orensics""},{""@Name"":""SubjectLogonId"",""#text"":""0x28D50""},{""@Name"":""Workstation"",""#text"":""4ORENSICS""},{""@Name"":""TargetUserName"",""#text"":""Administrator""},{""@Name"":""TargetDomainName"",""#text"":""4orensics""}]}}"
1450,1450,2016-06-21 12:04:14.1984852,4797,LogAlways,Microsoft-Windows-Security-Auditing,Security,552,2620,4orensics,12,,An attempt was made to query the existence of a blank password for an account,4orensics\Hunter (S-1-5-21-2489440558-2754304563-710705792-1001),,Target: 4orensics\Guest,SubjectLogonId: 0x28D50,Workstation: 4ORENSICS,,,,,False,D:\Software\CTF\Misc\EvtxECmd\Security.evtx,Audit success,0,"{""EventData"":{""Data"":[{""@Name"":""SubjectUserSid"",""#text"":""S-1-5-21-2489440558-2754304563-710705792-1001""},{""@Name"":""SubjectUserName"",""#text"":""Hunter""},{""@Name"":""SubjectDomainName"",""#text"":""4orensics""},{""@Name"":""SubjectLogonId"",""#text"":""0x28D50""},{""@Name"":""Workstation"",""#text"":""4ORENSICS""},{""@Name"":""TargetUserName"",""#text"":""Guest""},{""@Name"":""TargetDomainName"",""#text"":""4orensics""}]}}"
1451,1451,2016-06-21 12:04:14.1994647,4797,LogAlways,Microsoft-Windows-Security-Auditing,Security,552,2620,4orensics,12,,An attempt was made to query the existence of a blank password for an account,4orensics\Hunter (S-1-5-21-2489440558-2754304563-710705792-1001),,Target: 4orensics\HomeGroupUser$,SubjectLogonId: 0x28D50,Workstation: 4ORENSICS,,,,,False,D:\Software\CTF\Misc\EvtxECmd\Security.evtx,Audit success,0,"{""EventData"":{""Data"":[{""@Name"":""SubjectUserSid"",""#text"":""S-1-5-21-2489440558-2754304563-710705792-1001""},{""@Name"":""SubjectUserName"",""#text"":""Hunter""},{""@Name"":""SubjectDomainName"",""#text"":""4orensics""},{""@Name"":""SubjectLogonId"",""#text"":""0x28D50""},{""@Name"":""Workstation"",""#text"":""4ORENSICS""},{""@Name"":""TargetUserName"",""#text"":""HomeGroupUser$""},{""@Name"":""TargetDomainName"",""#text"":""4orensics""}]}}"
1452,1452,2016-06-21 12:18:14.1713700,4797,LogAlways,Microsoft-Windows-Security-Auditing,Security,552,4652,4orensics,12,,An attempt was made to query the existence of a blank password for an account,4orensics\Hunter (S-1-5-21-2489440558-2754304563-710705792-1001),,Target: 4orensics\Administrator,SubjectLogonId: 0x28D50,Workstation: 4ORENSICS,,,,,False,D:\Software\CTF\Misc\EvtxECmd\Security.evtx,Audit success,0,"{""EventData"":{""Data"":[{""@Name"":""SubjectUserSid"",""#text"":""S-1-5-21-2489440558-2754304563-710705792-1001""},{""@Name"":""SubjectUserName"",""#text"":""Hunter""},{""@Name"":""SubjectDomainName"",""#text"":""4orensics""},{""@Name"":""SubjectLogonId"",""#text"":""0x28D50""},{""@Name"":""Workstation"",""#text"":""4ORENSICS""},{""@Name"":""TargetUserName"",""#text"":""Administrator""},{""@Name"":""TargetDomainName"",""#text"":""4orensics""}]}}"
1453,1453,2016-06-21 12:18:14.1743885,4797,LogAlways,Microsoft-Windows-Security-Auditing,Security,552,4652,4orensics,12,,An attempt was made to query the existence of a blank password for an account,4orensics\Hunter (S-1-5-21-2489440558-2754304563-710705792-1001),,Target: 4orensics\Guest,SubjectLogonId: 0x28D50,Workstation: 4ORENSICS,,,,,False,D:\Software\CTF\Misc\EvtxECmd\Security.evtx,Audit success,0,"{""EventData"":{""Data"":[{""@Name"":""SubjectUserSid"",""#text"":""S-1-5-21-2489440558-2754304563-710705792-1001""},{""@Name"":""SubjectUserName"",""#text"":""Hunter""},{""@Name"":""SubjectDomainName"",""#text"":""4orensics""},{""@Name"":""SubjectLogonId"",""#text"":""0x28D50""},{""@Name"":""Workstation"",""#text"":""4ORENSICS""},{""@Name"":""TargetUserName"",""#text"":""Guest""},{""@Name"":""TargetDomainName"",""#text"":""4orensics""}]}}"
1454,1454,2016-06-21 12:18:14.1753682,4797,LogAlways,Microsoft-Windows-Security-Auditing,Security,552,4652,4orensics,12,,An attempt was made to query the existence of a blank password for an account,4orensics\Hunter (S-1-5-21-2489440558-2754304563-710705792-1001),,Target: 4orensics\HomeGroupUser$,SubjectLogonId: 0x28D50,Workstation: 4ORENSICS,,,,,False,D:\Software\CTF\Misc\EvtxECmd\Security.evtx,Audit success,0,"{""EventData"":{""Data"":[{""@Name"":""SubjectUserSid"",""#text"":""S-1-5-21-2489440558-2754304563-710705792-1001""},{""@Name"":""SubjectUserName"",""#text"":""Hunter""},{""@Name"":""SubjectDomainName"",""#text"":""4orensics""},{""@Name"":""SubjectLogonId"",""#text"":""0x28D50""},{""@Name"":""Workstation"",""#text"":""4ORENSICS""},{""@Name"":""TargetUserName"",""#text"":""HomeGroupUser$""},{""@Name"":""TargetDomainName"",""#text"":""4orensics""}]}}"
1455,1455,2016-06-21 12:18:14.3167840,4797,LogAlways,Microsoft-Windows-Security-Auditing,Security,552,2620,4orensics,12,,An attempt was made to query the existence of a blank password for an account,4orensics\Hunter (S-1-5-21-2489440558-2754304563-710705792-1001),,Target: 4orensics\Administrator,SubjectLogonId: 0x28D50,Workstation: 4ORENSICS,,,,,False,D:\Software\CTF\Misc\EvtxECmd\Security.evtx,Audit success,0,"{""EventData"":{""Data"":[{""@Name"":""SubjectUserSid"",""#text"":""S-1-5-21-2489440558-2754304563-710705792-1001""},{""@Name"":""SubjectUserName"",""#text"":""Hunter""},{""@Name"":""SubjectDomainName"",""#text"":""4orensics""},{""@Name"":""SubjectLogonId"",""#text"":""0x28D50""},{""@Name"":""Workstation"",""#text"":""4ORENSICS""},{""@Name"":""TargetUserName"",""#text"":""Administrator""},{""@Name"":""TargetDomainName"",""#text"":""4orensics""}]}}"
1456,1456,2016-06-21 12:18:14.3186718,4797,LogAlways,Microsoft-Windows-Security-Auditing,Security,552,2620,4orensics,12,,An attempt was made to query the existence of a blank password for an account,4orensics\Hunter (S-1-5-21-2489440558-2754304563-710705792-1001),,Target: 4orensics\Guest,SubjectLogonId: 0x28D50,Workstation: 4ORENSICS,,,,,False,D:\Software\CTF\Misc\EvtxECmd\Security.evtx,Audit success,0,"{""EventData"":{""Data"":[{""@Name"":""SubjectUserSid"",""#text"":""S-1-5-21-2489440558-2754304563-710705792-1001""},{""@Name"":""SubjectUserName"",""#text"":""Hunter""},{""@Name"":""SubjectDomainName"",""#text"":""4orensics""},{""@Name"":""SubjectLogonId"",""#text"":""0x28D50""},{""@Name"":""Workstation"",""#text"":""4ORENSICS""},{""@Name"":""TargetUserName"",""#text"":""Guest""},{""@Name"":""TargetDomainName"",""#text"":""4orensics""}]}}"
1457,1457,2016-06-21 12:18:14.3186718,4797,LogAlways,Microsoft-Windows-Security-Auditing,Security,552,2620,4orensics,12,,An attempt was made to query the existence of a blank password for an account,4orensics\Hunter (S-1-5-21-2489440558-2754304563-710705792-1001),,Target: 4orensics\HomeGroupUser$,SubjectLogonId: 0x28D50,Workstation: 4ORENSICS,,,,,False,D:\Software\CTF\Misc\EvtxECmd\Security.evtx,Audit success,0,"{""EventData"":{""Data"":[{""@Name"":""SubjectUserSid"",""#text"":""S-1-5-21-2489440558-2754304563-710705792-1001""},{""@Name"":""SubjectUserName"",""#text"":""Hunter""},{""@Name"":""SubjectDomainName"",""#text"":""4orensics""},{""@Name"":""SubjectLogonId"",""#text"":""0x28D50""},{""@Name"":""Workstation"",""#text"":""4ORENSICS""},{""@Name"":""TargetUserName"",""#text"":""HomeGroupUser$""},{""@Name"":""TargetDomainName"",""#text"":""4orensics""}]}}"
1458,1458,2016-06-21 12:18:36.1428803,4624,LogAlways,Microsoft-Windows-Security-Auditing,Security,552,2620,4orensics,12,,Successful logon,WORKGROUP\4ORENSICS$," (-)",Target: NT AUTHORITY\SYSTEM,LogonType 5,LogonId: 0x3E7,AuthenticationPackageName: Negotiate,"LogonProcessName: Advapi  ",,C:\Windows\System32\services.exe,False,D:\Software\CTF\Misc\EvtxECmd\Security.evtx,Audit success,0,"{""EventData"":{""Data"":[{""@Name"":""SubjectUserSid"",""#text"":""S-1-5-18""},{""@Name"":""SubjectUserName"",""#text"":""4ORENSICS$""},{""@Name"":""SubjectDomainName"",""#text"":""WORKGROUP""},{""@Name"":""SubjectLogonId"",""#text"":""0x3E7""},{""@Name"":""TargetUserSid"",""#text"":""S-1-5-18""},{""@Name"":""TargetUserName"",""#text"":""SYSTEM""},{""@Name"":""TargetDomainName"",""#text"":""NT AUTHORITY""},{""@Name"":""TargetLogonId"",""#text"":""0x3E7""},{""@Name"":""LogonType"",""#text"":""5""},{""@Name"":""LogonProcessName"",""#text"":""Advapi  ""},{""@Name"":""AuthenticationPackageName"",""#text"":""Negotiate""},{""@Name"":""WorkstationName""},{""@Name"":""LogonGuid"",""#text"":""00000000-0000-0000-0000-000000000000""},{""@Name"":""TransmittedServices"",""#text"":""-""},{""@Name"":""LmPackageName"",""#text"":""-""},{""@Name"":""KeyLength"",""#text"":""0""},{""@Name"":""ProcessId"",""#text"":""0x220""},{""@Name"":""ProcessName"",""#text"":""C:\\Windows\\System32\\services.exe""},{""@Name"":""IpAddress"",""#text"":""-""},{""@Name"":""IpPort"",""#text"":""-""},{""@Name"":""ImpersonationLevel"",""#text"":""%%1833""}]}}"
1459,1459,2016-06-21 12:18:36.1428803,4672,LogAlways,Microsoft-Windows-Security-Auditing,Security,552,2620,4orensics,12,,Administrative logon,NT AUTHORITY\SYSTEM (S-1-5-18),,"PrivilegeList: SeAssignPrimaryTokenPrivilege, SeTcbPrivilege, SeSecurityPrivilege, SeTakeOwnershipPrivilege, SeLoadDriverPrivilege, SeBackupPrivilege, SeRestorePrivilege, SeDebugPrivilege, SeAuditPrivilege, SeSystemEnvironmentPrivilege, SeImpersonatePrivilege",LogonId: 0x3E7,,,,,,False,D:\Software\CTF\Misc\EvtxECmd\Security.evtx,Audit success,0,"{""EventData"":{""Data"":[{""@Name"":""SubjectUserSid"",""#text"":""S-1-5-18""},{""@Name"":""SubjectUserName"",""#text"":""SYSTEM""},{""@Name"":""SubjectDomainName"",""#text"":""NT AUTHORITY""},{""@Name"":""SubjectLogonId"",""#text"":""0x3E7""},{""@Name"":""PrivilegeList"",""#text"":""SeAssignPrimaryTokenPrivilege, SeTcbPrivilege, SeSecurityPrivilege, SeTakeOwnershipPrivilege, SeLoadDriverPrivilege, SeBackupPrivilege, SeRestorePrivilege, SeDebugPrivilege, SeAuditPrivilege, SeSystemEnvironmentPrivilege, SeImpersonatePrivilege""}]}}"
1460,1460,2016-06-21 12:19:27.7232137,4797,LogAlways,Microsoft-Windows-Security-Auditing,Security,552,2620,4orensics,12,,An attempt was made to query the existence of a blank password for an account,4orensics\Hunter (S-1-5-21-2489440558-2754304563-710705792-1001),,Target: 4orensics\Administrator,SubjectLogonId: 0x28D50,Workstation: 4ORENSICS,,,,,False,D:\Software\CTF\Misc\EvtxECmd\Security.evtx,Audit success,0,"{""EventData"":{""Data"":[{""@Name"":""SubjectUserSid"",""#text"":""S-1-5-21-2489440558-2754304563-710705792-1001""},{""@Name"":""SubjectUserName"",""#text"":""Hunter""},{""@Name"":""SubjectDomainName"",""#text"":""4orensics""},{""@Name"":""SubjectLogonId"",""#text"":""0x28D50""},{""@Name"":""Workstation"",""#text"":""4ORENSICS""},{""@Name"":""TargetUserName"",""#text"":""Administrator""},{""@Name"":""TargetDomainName"",""#text"":""4orensics""}]}}"
1461,1461,2016-06-21 12:19:27.7242018,4797,LogAlways,Microsoft-Windows-Security-Auditing,Security,552,2620,4orensics,12,,An attempt was made to query the existence of a blank password for an account,4orensics\Hunter (S-1-5-21-2489440558-2754304563-710705792-1001),,Target: 4orensics\Guest,SubjectLogonId: 0x28D50,Workstation: 4ORENSICS,,,,,False,D:\Software\CTF\Misc\EvtxECmd\Security.evtx,Audit success,0,"{""EventData"":{""Data"":[{""@Name"":""SubjectUserSid"",""#text"":""S-1-5-21-2489440558-2754304563-710705792-1001""},{""@Name"":""SubjectUserName"",""#text"":""Hunter""},{""@Name"":""SubjectDomainName"",""#text"":""4orensics""},{""@Name"":""SubjectLogonId"",""#text"":""0x28D50""},{""@Name"":""Workstation"",""#text"":""4ORENSICS""},{""@Name"":""TargetUserName"",""#text"":""Guest""},{""@Name"":""TargetDomainName"",""#text"":""4orensics""}]}}"
1462,1462,2016-06-21 12:19:27.7242018,4797,LogAlways,Microsoft-Windows-Security-Auditing,Security,552,2620,4orensics,12,,An attempt was made to query the existence of a blank password for an account,4orensics\Hunter (S-1-5-21-2489440558-2754304563-710705792-1001),,Target: 4orensics\HomeGroupUser$,SubjectLogonId: 0x28D50,Workstation: 4ORENSICS,,,,,False,D:\Software\CTF\Misc\EvtxECmd\Security.evtx,Audit success,0,"{""EventData"":{""Data"":[{""@Name"":""SubjectUserSid"",""#text"":""S-1-5-21-2489440558-2754304563-710705792-1001""},{""@Name"":""SubjectUserName"",""#text"":""Hunter""},{""@Name"":""SubjectDomainName"",""#text"":""4orensics""},{""@Name"":""SubjectLogonId"",""#text"":""0x28D50""},{""@Name"":""Workstation"",""#text"":""4ORENSICS""},{""@Name"":""TargetUserName"",""#text"":""HomeGroupUser$""},{""@Name"":""TargetDomainName"",""#text"":""4orensics""}]}}"
1463,1463,2016-06-21 12:19:27.7338635,4797,LogAlways,Microsoft-Windows-Security-Auditing,Security,552,2620,4orensics,12,,An attempt was made to query the existence of a blank password for an account,4orensics\Hunter (S-1-5-21-2489440558-2754304563-710705792-1001),,Target: 4orensics\Administrator,SubjectLogonId: 0x28D50,Workstation: 4ORENSICS,,,,,False,D:\Software\CTF\Misc\EvtxECmd\Security.evtx,Audit success,0,"{""EventData"":{""Data"":[{""@Name"":""SubjectUserSid"",""#text"":""S-1-5-21-2489440558-2754304563-710705792-1001""},{""@Name"":""SubjectUserName"",""#text"":""Hunter""},{""@Name"":""SubjectDomainName"",""#text"":""4orensics""},{""@Name"":""SubjectLogonId"",""#text"":""0x28D50""},{""@Name"":""Workstation"",""#text"":""4ORENSICS""},{""@Name"":""TargetUserName"",""#text"":""Administrator""},{""@Name"":""TargetDomainName"",""#text"":""4orensics""}]}}"
1464,1464,2016-06-21 12:19:27.7348576,4797,LogAlways,Microsoft-Windows-Security-Auditing,Security,552,2620,4orensics,12,,An attempt was made to query the existence of a blank password for an account,4orensics\Hunter (S-1-5-21-2489440558-2754304563-710705792-1001),,Target: 4orensics\Guest,SubjectLogonId: 0x28D50,Workstation: 4ORENSICS,,,,,False,D:\Software\CTF\Misc\EvtxECmd\Security.evtx,Audit success,0,"{""EventData"":{""Data"":[{""@Name"":""SubjectUserSid"",""#text"":""S-1-5-21-2489440558-2754304563-710705792-1001""},{""@Name"":""SubjectUserName"",""#text"":""Hunter""},{""@Name"":""SubjectDomainName"",""#text"":""4orensics""},{""@Name"":""SubjectLogonId"",""#text"":""0x28D50""},{""@Name"":""Workstation"",""#text"":""4ORENSICS""},{""@Name"":""TargetUserName"",""#text"":""Guest""},{""@Name"":""TargetDomainName"",""#text"":""4orensics""}]}}"
1465,1465,2016-06-21 12:19:27.7348576,4797,LogAlways,Microsoft-Windows-Security-Auditing,Security,552,2620,4orensics,12,,An attempt was made to query the existence of a blank password for an account,4orensics\Hunter (S-1-5-21-2489440558-2754304563-710705792-1001),,Target: 4orensics\HomeGroupUser$,SubjectLogonId: 0x28D50,Workstation: 4ORENSICS,,,,,False,D:\Software\CTF\Misc\EvtxECmd\Security.evtx,Audit success,0,"{""EventData"":{""Data"":[{""@Name"":""SubjectUserSid"",""#text"":""S-1-5-21-2489440558-2754304563-710705792-1001""},{""@Name"":""SubjectUserName"",""#text"":""Hunter""},{""@Name"":""SubjectDomainName"",""#text"":""4orensics""},{""@Name"":""SubjectLogonId"",""#text"":""0x28D50""},{""@Name"":""Workstation"",""#text"":""4ORENSICS""},{""@Name"":""TargetUserName"",""#text"":""HomeGroupUser$""},{""@Name"":""TargetDomainName"",""#text"":""4orensics""}]}}"
1466,1466,2016-06-21 12:21:58.7925960,4797,LogAlways,Microsoft-Windows-Security-Auditing,Security,552,6060,4orensics,12,,An attempt was made to query the existence of a blank password for an account,4orensics\Hunter (S-1-5-21-2489440558-2754304563-710705792-1001),,Target: 4orensics\Administrator,SubjectLogonId: 0x28D50,Workstation: 4ORENSICS,,,,,False,D:\Software\CTF\Misc\EvtxECmd\Security.evtx,Audit success,0,"{""EventData"":{""Data"":[{""@Name"":""SubjectUserSid"",""#text"":""S-1-5-21-2489440558-2754304563-710705792-1001""},{""@Name"":""SubjectUserName"",""#text"":""Hunter""},{""@Name"":""SubjectDomainName"",""#text"":""4orensics""},{""@Name"":""SubjectLogonId"",""#text"":""0x28D50""},{""@Name"":""Workstation"",""#text"":""4ORENSICS""},{""@Name"":""TargetUserName"",""#text"":""Administrator""},{""@Name"":""TargetDomainName"",""#text"":""4orensics""}]}}"
1467,1467,2016-06-21 12:21:58.7925960,4797,LogAlways,Microsoft-Windows-Security-Auditing,Security,552,6060,4orensics,12,,An attempt was made to query the existence of a blank password for an account,4orensics\Hunter (S-1-5-21-2489440558-2754304563-710705792-1001),,Target: 4orensics\Guest,SubjectLogonId: 0x28D50,Workstation: 4ORENSICS,,,,,False,D:\Software\CTF\Misc\EvtxECmd\Security.evtx,Audit success,0,"{""EventData"":{""Data"":[{""@Name"":""SubjectUserSid"",""#text"":""S-1-5-21-2489440558-2754304563-710705792-1001""},{""@Name"":""SubjectUserName"",""#text"":""Hunter""},{""@Name"":""SubjectDomainName"",""#text"":""4orensics""},{""@Name"":""SubjectLogonId"",""#text"":""0x28D50""},{""@Name"":""Workstation"",""#text"":""4ORENSICS""},{""@Name"":""TargetUserName"",""#text"":""Guest""},{""@Name"":""TargetDomainName"",""#text"":""4orensics""}]}}"
1468,1468,2016-06-21 12:21:58.7925960,4797,LogAlways,Microsoft-Windows-Security-Auditing,Security,552,6060,4orensics,12,,An attempt was made to query the existence of a blank password for an account,4orensics\Hunter (S-1-5-21-2489440558-2754304563-710705792-1001),,Target: 4orensics\HomeGroupUser$,SubjectLogonId: 0x28D50,Workstation: 4ORENSICS,,,,,False,D:\Software\CTF\Misc\EvtxECmd\Security.evtx,Audit success,0,"{""EventData"":{""Data"":[{""@Name"":""SubjectUserSid"",""#text"":""S-1-5-21-2489440558-2754304563-710705792-1001""},{""@Name"":""SubjectUserName"",""#text"":""Hunter""},{""@Name"":""SubjectDomainName"",""#text"":""4orensics""},{""@Name"":""SubjectLogonId"",""#text"":""0x28D50""},{""@Name"":""Workstation"",""#text"":""4ORENSICS""},{""@Name"":""TargetUserName"",""#text"":""HomeGroupUser$""},{""@Name"":""TargetDomainName"",""#text"":""4orensics""}]}}"
1469,1469,2016-06-21 12:22:15.1030003,4797,LogAlways,Microsoft-Windows-Security-Auditing,Security,552,4312,4orensics,12,,An attempt was made to query the existence of a blank password for an account,4orensics\Hunter (S-1-5-21-2489440558-2754304563-710705792-1001),,Target: 4orensics\Administrator,SubjectLogonId: 0x28D50,Workstation: 4ORENSICS,,,,,False,D:\Software\CTF\Misc\EvtxECmd\Security.evtx,Audit success,0,"{""EventData"":{""Data"":[{""@Name"":""SubjectUserSid"",""#text"":""S-1-5-21-2489440558-2754304563-710705792-1001""},{""@Name"":""SubjectUserName"",""#text"":""Hunter""},{""@Name"":""SubjectDomainName"",""#text"":""4orensics""},{""@Name"":""SubjectLogonId"",""#text"":""0x28D50""},{""@Name"":""Workstation"",""#text"":""4ORENSICS""},{""@Name"":""TargetUserName"",""#text"":""Administrator""},{""@Name"":""TargetDomainName"",""#text"":""4orensics""}]}}"
1470,1470,2016-06-21 12:22:15.1041505,4797,LogAlways,Microsoft-Windows-Security-Auditing,Security,552,4312,4orensics,12,,An attempt was made to query the existence of a blank password for an account,4orensics\Hunter (S-1-5-21-2489440558-2754304563-710705792-1001),,Target: 4orensics\Guest,SubjectLogonId: 0x28D50,Workstation: 4ORENSICS,,,,,False,D:\Software\CTF\Misc\EvtxECmd\Security.evtx,Audit success,0,"{""EventData"":{""Data"":[{""@Name"":""SubjectUserSid"",""#text"":""S-1-5-21-2489440558-2754304563-710705792-1001""},{""@Name"":""SubjectUserName"",""#text"":""Hunter""},{""@Name"":""SubjectDomainName"",""#text"":""4orensics""},{""@Name"":""SubjectLogonId"",""#text"":""0x28D50""},{""@Name"":""Workstation"",""#text"":""4ORENSICS""},{""@Name"":""TargetUserName"",""#text"":""Guest""},{""@Name"":""TargetDomainName"",""#text"":""4orensics""}]}}"
1471,1471,2016-06-21 12:22:15.1041505,4797,LogAlways,Microsoft-Windows-Security-Auditing,Security,552,4312,4orensics,12,,An attempt was made to query the existence of a blank password for an account,4orensics\Hunter (S-1-5-21-2489440558-2754304563-710705792-1001),,Target: 4orensics\HomeGroupUser$,SubjectLogonId: 0x28D50,Workstation: 4ORENSICS,,,,,False,D:\Software\CTF\Misc\EvtxECmd\Security.evtx,Audit success,0,"{""EventData"":{""Data"":[{""@Name"":""SubjectUserSid"",""#text"":""S-1-5-21-2489440558-2754304563-710705792-1001""},{""@Name"":""SubjectUserName"",""#text"":""Hunter""},{""@Name"":""SubjectDomainName"",""#text"":""4orensics""},{""@Name"":""SubjectLogonId"",""#text"":""0x28D50""},{""@Name"":""Workstation"",""#text"":""4ORENSICS""},{""@Name"":""TargetUserName"",""#text"":""HomeGroupUser$""},{""@Name"":""TargetDomainName"",""#text"":""4orensics""}]}}"
1472,1472,2016-06-21 12:22:20.5105548,4797,LogAlways,Microsoft-Windows-Security-Auditing,Security,552,2620,4orensics,12,,An attempt was made to query the existence of a blank password for an account,4orensics\Hunter (S-1-5-21-2489440558-2754304563-710705792-1001),,Target: 4orensics\Administrator,SubjectLogonId: 0x28D50,Workstation: 4ORENSICS,,,,,False,D:\Software\CTF\Misc\EvtxECmd\Security.evtx,Audit success,0,"{""EventData"":{""Data"":[{""@Name"":""SubjectUserSid"",""#text"":""S-1-5-21-2489440558-2754304563-710705792-1001""},{""@Name"":""SubjectUserName"",""#text"":""Hunter""},{""@Name"":""SubjectDomainName"",""#text"":""4orensics""},{""@Name"":""SubjectLogonId"",""#text"":""0x28D50""},{""@Name"":""Workstation"",""#text"":""4ORENSICS""},{""@Name"":""TargetUserName"",""#text"":""Administrator""},{""@Name"":""TargetDomainName"",""#text"":""4orensics""}]}}"
1473,1473,2016-06-21 12:22:20.5105548,4797,LogAlways,Microsoft-Windows-Security-Auditing,Security,552,2620,4orensics,12,,An attempt was made to query the existence of a blank password for an account,4orensics\Hunter (S-1-5-21-2489440558-2754304563-710705792-1001),,Target: 4orensics\Guest,SubjectLogonId: 0x28D50,Workstation: 4ORENSICS,,,,,False,D:\Software\CTF\Misc\EvtxECmd\Security.evtx,Audit success,0,"{""EventData"":{""Data"":[{""@Name"":""SubjectUserSid"",""#text"":""S-1-5-21-2489440558-2754304563-710705792-1001""},{""@Name"":""SubjectUserName"",""#text"":""Hunter""},{""@Name"":""SubjectDomainName"",""#text"":""4orensics""},{""@Name"":""SubjectLogonId"",""#text"":""0x28D50""},{""@Name"":""Workstation"",""#text"":""4ORENSICS""},{""@Name"":""TargetUserName"",""#text"":""Guest""},{""@Name"":""TargetDomainName"",""#text"":""4orensics""}]}}"
1474,1474,2016-06-21 12:22:20.5117502,4797,LogAlways,Microsoft-Windows-Security-Auditing,Security,552,2620,4orensics,12,,An attempt was made to query the existence of a blank password for an account,4orensics\Hunter (S-1-5-21-2489440558-2754304563-710705792-1001),,Target: 4orensics\HomeGroupUser$,SubjectLogonId: 0x28D50,Workstation: 4ORENSICS,,,,,False,D:\Software\CTF\Misc\EvtxECmd\Security.evtx,Audit success,0,"{""EventData"":{""Data"":[{""@Name"":""SubjectUserSid"",""#text"":""S-1-5-21-2489440558-2754304563-710705792-1001""},{""@Name"":""SubjectUserName"",""#text"":""Hunter""},{""@Name"":""SubjectDomainName"",""#text"":""4orensics""},{""@Name"":""SubjectLogonId"",""#text"":""0x28D50""},{""@Name"":""Workstation"",""#text"":""4ORENSICS""},{""@Name"":""TargetUserName"",""#text"":""HomeGroupUser$""},{""@Name"":""TargetDomainName"",""#text"":""4orensics""}]}}"
1475,1475,2016-06-21 12:22:21.0142080,4797,LogAlways,Microsoft-Windows-Security-Auditing,Security,552,2620,4orensics,12,,An attempt was made to query the existence of a blank password for an account,4orensics\Hunter (S-1-5-21-2489440558-2754304563-710705792-1001),,Target: 4orensics\Administrator,SubjectLogonId: 0x28D50,Workstation: 4ORENSICS,,,,,False,D:\Software\CTF\Misc\EvtxECmd\Security.evtx,Audit success,0,"{""EventData"":{""Data"":[{""@Name"":""SubjectUserSid"",""#text"":""S-1-5-21-2489440558-2754304563-710705792-1001""},{""@Name"":""SubjectUserName"",""#text"":""Hunter""},{""@Name"":""SubjectDomainName"",""#text"":""4orensics""},{""@Name"":""SubjectLogonId"",""#text"":""0x28D50""},{""@Name"":""Workstation"",""#text"":""4ORENSICS""},{""@Name"":""TargetUserName"",""#text"":""Administrator""},{""@Name"":""TargetDomainName"",""#text"":""4orensics""}]}}"
1476,1476,2016-06-21 12:22:21.0142080,4797,LogAlways,Microsoft-Windows-Security-Auditing,Security,552,2620,4orensics,12,,An attempt was made to query the existence of a blank password for an account,4orensics\Hunter (S-1-5-21-2489440558-2754304563-710705792-1001),,Target: 4orensics\Guest,SubjectLogonId: 0x28D50,Workstation: 4ORENSICS,,,,,False,D:\Software\CTF\Misc\EvtxECmd\Security.evtx,Audit success,0,"{""EventData"":{""Data"":[{""@Name"":""SubjectUserSid"",""#text"":""S-1-5-21-2489440558-2754304563-710705792-1001""},{""@Name"":""SubjectUserName"",""#text"":""Hunter""},{""@Name"":""SubjectDomainName"",""#text"":""4orensics""},{""@Name"":""SubjectLogonId"",""#text"":""0x28D50""},{""@Name"":""Workstation"",""#text"":""4ORENSICS""},{""@Name"":""TargetUserName"",""#text"":""Guest""},{""@Name"":""TargetDomainName"",""#text"":""4orensics""}]}}"
1477,1477,2016-06-21 12:22:21.0142080,4797,LogAlways,Microsoft-Windows-Security-Auditing,Security,552,2620,4orensics,12,,An attempt was made to query the existence of a blank password for an account,4orensics\Hunter (S-1-5-21-2489440558-2754304563-710705792-1001),,Target: 4orensics\HomeGroupUser$,SubjectLogonId: 0x28D50,Workstation: 4ORENSICS,,,,,False,D:\Software\CTF\Misc\EvtxECmd\Security.evtx,Audit success,0,"{""EventData"":{""Data"":[{""@Name"":""SubjectUserSid"",""#text"":""S-1-5-21-2489440558-2754304563-710705792-1001""},{""@Name"":""SubjectUserName"",""#text"":""Hunter""},{""@Name"":""SubjectDomainName"",""#text"":""4orensics""},{""@Name"":""SubjectLogonId"",""#text"":""0x28D50""},{""@Name"":""Workstation"",""#text"":""4ORENSICS""},{""@Name"":""TargetUserName"",""#text"":""HomeGroupUser$""},{""@Name"":""TargetDomainName"",""#text"":""4orensics""}]}}"
1478,1478,2016-06-21 12:22:26.0379092,4797,LogAlways,Microsoft-Windows-Security-Auditing,Security,552,2620,4orensics,12,,An attempt was made to query the existence of a blank password for an account,4orensics\Hunter (S-1-5-21-2489440558-2754304563-710705792-1001),,Target: 4orensics\Administrator,SubjectLogonId: 0x28D50,Workstation: 4ORENSICS,,,,,False,D:\Software\CTF\Misc\EvtxECmd\Security.evtx,Audit success,0,"{""EventData"":{""Data"":[{""@Name"":""SubjectUserSid"",""#text"":""S-1-5-21-2489440558-2754304563-710705792-1001""},{""@Name"":""SubjectUserName"",""#text"":""Hunter""},{""@Name"":""SubjectDomainName"",""#text"":""4orensics""},{""@Name"":""SubjectLogonId"",""#text"":""0x28D50""},{""@Name"":""Workstation"",""#text"":""4ORENSICS""},{""@Name"":""TargetUserName"",""#text"":""Administrator""},{""@Name"":""TargetDomainName"",""#text"":""4orensics""}]}}"
1479,1479,2016-06-21 12:22:26.0392305,4797,LogAlways,Microsoft-Windows-Security-Auditing,Security,552,2620,4orensics,12,,An attempt was made to query the existence of a blank password for an account,4orensics\Hunter (S-1-5-21-2489440558-2754304563-710705792-1001),,Target: 4orensics\Guest,SubjectLogonId: 0x28D50,Workstation: 4ORENSICS,,,,,False,D:\Software\CTF\Misc\EvtxECmd\Security.evtx,Audit success,0,"{""EventData"":{""Data"":[{""@Name"":""SubjectUserSid"",""#text"":""S-1-5-21-2489440558-2754304563-710705792-1001""},{""@Name"":""SubjectUserName"",""#text"":""Hunter""},{""@Name"":""SubjectDomainName"",""#text"":""4orensics""},{""@Name"":""SubjectLogonId"",""#text"":""0x28D50""},{""@Name"":""Workstation"",""#text"":""4ORENSICS""},{""@Name"":""TargetUserName"",""#text"":""Guest""},{""@Name"":""TargetDomainName"",""#text"":""4orensics""}]}}"
1480,1480,2016-06-21 12:22:26.0392305,4797,LogAlways,Microsoft-Windows-Security-Auditing,Security,552,2620,4orensics,12,,An attempt was made to query the existence of a blank password for an account,4orensics\Hunter (S-1-5-21-2489440558-2754304563-710705792-1001),,Target: 4orensics\HomeGroupUser$,SubjectLogonId: 0x28D50,Workstation: 4ORENSICS,,,,,False,D:\Software\CTF\Misc\EvtxECmd\Security.evtx,Audit success,0,"{""EventData"":{""Data"":[{""@Name"":""SubjectUserSid"",""#text"":""S-1-5-21-2489440558-2754304563-710705792-1001""},{""@Name"":""SubjectUserName"",""#text"":""Hunter""},{""@Name"":""SubjectDomainName"",""#text"":""4orensics""},{""@Name"":""SubjectLogonId"",""#text"":""0x28D50""},{""@Name"":""Workstation"",""#text"":""4ORENSICS""},{""@Name"":""TargetUserName"",""#text"":""HomeGroupUser$""},{""@Name"":""TargetDomainName"",""#text"":""4orensics""}]}}"
1481,1481,2016-06-21 12:25:49.1424637,4797,LogAlways,Microsoft-Windows-Security-Auditing,Security,552,2620,4orensics,12,,An attempt was made to query the existence of a blank password for an account,4orensics\Hunter (S-1-5-21-2489440558-2754304563-710705792-1001),,Target: 4orensics\Administrator,SubjectLogonId: 0x28D50,Workstation: 4ORENSICS,,,,,False,D:\Software\CTF\Misc\EvtxECmd\Security.evtx,Audit success,0,"{""EventData"":{""Data"":[{""@Name"":""SubjectUserSid"",""#text"":""S-1-5-21-2489440558-2754304563-710705792-1001""},{""@Name"":""SubjectUserName"",""#text"":""Hunter""},{""@Name"":""SubjectDomainName"",""#text"":""4orensics""},{""@Name"":""SubjectLogonId"",""#text"":""0x28D50""},{""@Name"":""Workstation"",""#text"":""4ORENSICS""},{""@Name"":""TargetUserName"",""#text"":""Administrator""},{""@Name"":""TargetDomainName"",""#text"":""4orensics""}]}}"
1482,1482,2016-06-21 12:25:49.1437706,4797,LogAlways,Microsoft-Windows-Security-Auditing,Security,552,2620,4orensics,12,,An attempt was made to query the existence of a blank password for an account,4orensics\Hunter (S-1-5-21-2489440558-2754304563-710705792-1001),,Target: 4orensics\Guest,SubjectLogonId: 0x28D50,Workstation: 4ORENSICS,,,,,False,D:\Software\CTF\Misc\EvtxECmd\Security.evtx,Audit success,0,"{""EventData"":{""Data"":[{""@Name"":""SubjectUserSid"",""#text"":""S-1-5-21-2489440558-2754304563-710705792-1001""},{""@Name"":""SubjectUserName"",""#text"":""Hunter""},{""@Name"":""SubjectDomainName"",""#text"":""4orensics""},{""@Name"":""SubjectLogonId"",""#text"":""0x28D50""},{""@Name"":""Workstation"",""#text"":""4ORENSICS""},{""@Name"":""TargetUserName"",""#text"":""Guest""},{""@Name"":""TargetDomainName"",""#text"":""4orensics""}]}}"
1483,1483,2016-06-21 12:25:49.1450670,4797,LogAlways,Microsoft-Windows-Security-Auditing,Security,552,2620,4orensics,12,,An attempt was made to query the existence of a blank password for an account,4orensics\Hunter (S-1-5-21-2489440558-2754304563-710705792-1001),,Target: 4orensics\HomeGroupUser$,SubjectLogonId: 0x28D50,Workstation: 4ORENSICS,,,,,False,D:\Software\CTF\Misc\EvtxECmd\Security.evtx,Audit success,0,"{""EventData"":{""Data"":[{""@Name"":""SubjectUserSid"",""#text"":""S-1-5-21-2489440558-2754304563-710705792-1001""},{""@Name"":""SubjectUserName"",""#text"":""Hunter""},{""@Name"":""SubjectDomainName"",""#text"":""4orensics""},{""@Name"":""SubjectLogonId"",""#text"":""0x28D50""},{""@Name"":""Workstation"",""#text"":""4ORENSICS""},{""@Name"":""TargetUserName"",""#text"":""HomeGroupUser$""},{""@Name"":""TargetDomainName"",""#text"":""4orensics""}]}}"
1484,1484,2016-06-21 12:27:36.1758044,4797,LogAlways,Microsoft-Windows-Security-Auditing,Security,552,4312,4orensics,12,,An attempt was made to query the existence of a blank password for an account,4orensics\Hunter (S-1-5-21-2489440558-2754304563-710705792-1001),,Target: 4orensics\Administrator,SubjectLogonId: 0x28D50,Workstation: 4ORENSICS,,,,,False,D:\Software\CTF\Misc\EvtxECmd\Security.evtx,Audit success,0,"{""EventData"":{""Data"":[{""@Name"":""SubjectUserSid"",""#text"":""S-1-5-21-2489440558-2754304563-710705792-1001""},{""@Name"":""SubjectUserName"",""#text"":""Hunter""},{""@Name"":""SubjectDomainName"",""#text"":""4orensics""},{""@Name"":""SubjectLogonId"",""#text"":""0x28D50""},{""@Name"":""Workstation"",""#text"":""4ORENSICS""},{""@Name"":""TargetUserName"",""#text"":""Administrator""},{""@Name"":""TargetDomainName"",""#text"":""4orensics""}]}}"
1485,1485,2016-06-21 12:27:36.1764815,4797,LogAlways,Microsoft-Windows-Security-Auditing,Security,552,4312,4orensics,12,,An attempt was made to query the existence of a blank password for an account,4orensics\Hunter (S-1-5-21-2489440558-2754304563-710705792-1001),,Target: 4orensics\Guest,SubjectLogonId: 0x28D50,Workstation: 4ORENSICS,,,,,False,D:\Software\CTF\Misc\EvtxECmd\Security.evtx,Audit success,0,"{""EventData"":{""Data"":[{""@Name"":""SubjectUserSid"",""#text"":""S-1-5-21-2489440558-2754304563-710705792-1001""},{""@Name"":""SubjectUserName"",""#text"":""Hunter""},{""@Name"":""SubjectDomainName"",""#text"":""4orensics""},{""@Name"":""SubjectLogonId"",""#text"":""0x28D50""},{""@Name"":""Workstation"",""#text"":""4ORENSICS""},{""@Name"":""TargetUserName"",""#text"":""Guest""},{""@Name"":""TargetDomainName"",""#text"":""4orensics""}]}}"
1486,1486,2016-06-21 12:27:36.1771776,4797,LogAlways,Microsoft-Windows-Security-Auditing,Security,552,4312,4orensics,12,,An attempt was made to query the existence of a blank password for an account,4orensics\Hunter (S-1-5-21-2489440558-2754304563-710705792-1001),,Target: 4orensics\HomeGroupUser$,SubjectLogonId: 0x28D50,Workstation: 4ORENSICS,,,,,False,D:\Software\CTF\Misc\EvtxECmd\Security.evtx,Audit success,0,"{""EventData"":{""Data"":[{""@Name"":""SubjectUserSid"",""#text"":""S-1-5-21-2489440558-2754304563-710705792-1001""},{""@Name"":""SubjectUserName"",""#text"":""Hunter""},{""@Name"":""SubjectDomainName"",""#text"":""4orensics""},{""@Name"":""SubjectLogonId"",""#text"":""0x28D50""},{""@Name"":""Workstation"",""#text"":""4ORENSICS""},{""@Name"":""TargetUserName"",""#text"":""HomeGroupUser$""},{""@Name"":""TargetDomainName"",""#text"":""4orensics""}]}}"
1487,1487,2016-06-21 12:27:36.3673922,4797,LogAlways,Microsoft-Windows-Security-Auditing,Security,552,2620,4orensics,12,,An attempt was made to query the existence of a blank password for an account,4orensics\Hunter (S-1-5-21-2489440558-2754304563-710705792-1001),,Target: 4orensics\Administrator,SubjectLogonId: 0x28D50,Workstation: 4ORENSICS,,,,,False,D:\Software\CTF\Misc\EvtxECmd\Security.evtx,Audit success,0,"{""EventData"":{""Data"":[{""@Name"":""SubjectUserSid"",""#text"":""S-1-5-21-2489440558-2754304563-710705792-1001""},{""@Name"":""SubjectUserName"",""#text"":""Hunter""},{""@Name"":""SubjectDomainName"",""#text"":""4orensics""},{""@Name"":""SubjectLogonId"",""#text"":""0x28D50""},{""@Name"":""Workstation"",""#text"":""4ORENSICS""},{""@Name"":""TargetUserName"",""#text"":""Administrator""},{""@Name"":""TargetDomainName"",""#text"":""4orensics""}]}}"
1488,1488,2016-06-21 12:27:36.3681130,4797,LogAlways,Microsoft-Windows-Security-Auditing,Security,552,2620,4orensics,12,,An attempt was made to query the existence of a blank password for an account,4orensics\Hunter (S-1-5-21-2489440558-2754304563-710705792-1001),,Target: 4orensics\Guest,SubjectLogonId: 0x28D50,Workstation: 4ORENSICS,,,,,False,D:\Software\CTF\Misc\EvtxECmd\Security.evtx,Audit success,0,"{""EventData"":{""Data"":[{""@Name"":""SubjectUserSid"",""#text"":""S-1-5-21-2489440558-2754304563-710705792-1001""},{""@Name"":""SubjectUserName"",""#text"":""Hunter""},{""@Name"":""SubjectDomainName"",""#text"":""4orensics""},{""@Name"":""SubjectLogonId"",""#text"":""0x28D50""},{""@Name"":""Workstation"",""#text"":""4ORENSICS""},{""@Name"":""TargetUserName"",""#text"":""Guest""},{""@Name"":""TargetDomainName"",""#text"":""4orensics""}]}}"
1489,1489,2016-06-21 12:27:36.3684763,4797,LogAlways,Microsoft-Windows-Security-Auditing,Security,552,2620,4orensics,12,,An attempt was made to query the existence of a blank password for an account,4orensics\Hunter (S-1-5-21-2489440558-2754304563-710705792-1001),,Target: 4orensics\HomeGroupUser$,SubjectLogonId: 0x28D50,Workstation: 4ORENSICS,,,,,False,D:\Software\CTF\Misc\EvtxECmd\Security.evtx,Audit success,0,"{""EventData"":{""Data"":[{""@Name"":""SubjectUserSid"",""#text"":""S-1-5-21-2489440558-2754304563-710705792-1001""},{""@Name"":""SubjectUserName"",""#text"":""Hunter""},{""@Name"":""SubjectDomainName"",""#text"":""4orensics""},{""@Name"":""SubjectLogonId"",""#text"":""0x28D50""},{""@Name"":""Workstation"",""#text"":""4ORENSICS""},{""@Name"":""TargetUserName"",""#text"":""HomeGroupUser$""},{""@Name"":""TargetDomainName"",""#text"":""4orensics""}]}}"
1490,1490,2016-06-21 12:27:48.4044728,4797,LogAlways,Microsoft-Windows-Security-Auditing,Security,552,2620,4orensics,12,,An attempt was made to query the existence of a blank password for an account,4orensics\Hunter (S-1-5-21-2489440558-2754304563-710705792-1001),,Target: 4orensics\Administrator,SubjectLogonId: 0x28D50,Workstation: 4ORENSICS,,,,,False,D:\Software\CTF\Misc\EvtxECmd\Security.evtx,Audit success,0,"{""EventData"":{""Data"":[{""@Name"":""SubjectUserSid"",""#text"":""S-1-5-21-2489440558-2754304563-710705792-1001""},{""@Name"":""SubjectUserName"",""#text"":""Hunter""},{""@Name"":""SubjectDomainName"",""#text"":""4orensics""},{""@Name"":""SubjectLogonId"",""#text"":""0x28D50""},{""@Name"":""Workstation"",""#text"":""4ORENSICS""},{""@Name"":""TargetUserName"",""#text"":""Administrator""},{""@Name"":""TargetDomainName"",""#text"":""4orensics""}]}}"
1491,1491,2016-06-21 12:27:48.4044728,4797,LogAlways,Microsoft-Windows-Security-Auditing,Security,552,2620,4orensics,12,,An attempt was made to query the existence of a blank password for an account,4orensics\Hunter (S-1-5-21-2489440558-2754304563-710705792-1001),,Target: 4orensics\Guest,SubjectLogonId: 0x28D50,Workstation: 4ORENSICS,,,,,False,D:\Software\CTF\Misc\EvtxECmd\Security.evtx,Audit success,0,"{""EventData"":{""Data"":[{""@Name"":""SubjectUserSid"",""#text"":""S-1-5-21-2489440558-2754304563-710705792-1001""},{""@Name"":""SubjectUserName"",""#text"":""Hunter""},{""@Name"":""SubjectDomainName"",""#text"":""4orensics""},{""@Name"":""SubjectLogonId"",""#text"":""0x28D50""},{""@Name"":""Workstation"",""#text"":""4ORENSICS""},{""@Name"":""TargetUserName"",""#text"":""Guest""},{""@Name"":""TargetDomainName"",""#text"":""4orensics""}]}}"
1492,1492,2016-06-21 12:27:48.4051749,4797,LogAlways,Microsoft-Windows-Security-Auditing,Security,552,2620,4orensics,12,,An attempt was made to query the existence of a blank password for an account,4orensics\Hunter (S-1-5-21-2489440558-2754304563-710705792-1001),,Target: 4orensics\HomeGroupUser$,SubjectLogonId: 0x28D50,Workstation: 4ORENSICS,,,,,False,D:\Software\CTF\Misc\EvtxECmd\Security.evtx,Audit success,0,"{""EventData"":{""Data"":[{""@Name"":""SubjectUserSid"",""#text"":""S-1-5-21-2489440558-2754304563-710705792-1001""},{""@Name"":""SubjectUserName"",""#text"":""Hunter""},{""@Name"":""SubjectDomainName"",""#text"":""4orensics""},{""@Name"":""SubjectLogonId"",""#text"":""0x28D50""},{""@Name"":""Workstation"",""#text"":""4ORENSICS""},{""@Name"":""TargetUserName"",""#text"":""HomeGroupUser$""},{""@Name"":""TargetDomainName"",""#text"":""4orensics""}]}}"
1493,1493,2016-06-21 12:29:44.8979102,4797,LogAlways,Microsoft-Windows-Security-Auditing,Security,552,4768,4orensics,12,,An attempt was made to query the existence of a blank password for an account,4orensics\Hunter (S-1-5-21-2489440558-2754304563-710705792-1001),,Target: 4orensics\Administrator,SubjectLogonId: 0x28D50,Workstation: 4ORENSICS,,,,,False,D:\Software\CTF\Misc\EvtxECmd\Security.evtx,Audit success,0,"{""EventData"":{""Data"":[{""@Name"":""SubjectUserSid"",""#text"":""S-1-5-21-2489440558-2754304563-710705792-1001""},{""@Name"":""SubjectUserName"",""#text"":""Hunter""},{""@Name"":""SubjectDomainName"",""#text"":""4orensics""},{""@Name"":""SubjectLogonId"",""#text"":""0x28D50""},{""@Name"":""Workstation"",""#text"":""4ORENSICS""},{""@Name"":""TargetUserName"",""#text"":""Administrator""},{""@Name"":""TargetDomainName"",""#text"":""4orensics""}]}}"
1494,1494,2016-06-21 12:29:44.8979102,4797,LogAlways,Microsoft-Windows-Security-Auditing,Security,552,4768,4orensics,12,,An attempt was made to query the existence of a blank password for an account,4orensics\Hunter (S-1-5-21-2489440558-2754304563-710705792-1001),,Target: 4orensics\Guest,SubjectLogonId: 0x28D50,Workstation: 4ORENSICS,,,,,False,D:\Software\CTF\Misc\EvtxECmd\Security.evtx,Audit success,0,"{""EventData"":{""Data"":[{""@Name"":""SubjectUserSid"",""#text"":""S-1-5-21-2489440558-2754304563-710705792-1001""},{""@Name"":""SubjectUserName"",""#text"":""Hunter""},{""@Name"":""SubjectDomainName"",""#text"":""4orensics""},{""@Name"":""SubjectLogonId"",""#text"":""0x28D50""},{""@Name"":""Workstation"",""#text"":""4ORENSICS""},{""@Name"":""TargetUserName"",""#text"":""Guest""},{""@Name"":""TargetDomainName"",""#text"":""4orensics""}]}}"
1495,1495,2016-06-21 12:29:44.8993168,4797,LogAlways,Microsoft-Windows-Security-Auditing,Security,552,4768,4orensics,12,,An attempt was made to query the existence of a blank password for an account,4orensics\Hunter (S-1-5-21-2489440558-2754304563-710705792-1001),,Target: 4orensics\HomeGroupUser$,SubjectLogonId: 0x28D50,Workstation: 4ORENSICS,,,,,False,D:\Software\CTF\Misc\EvtxECmd\Security.evtx,Audit success,0,"{""EventData"":{""Data"":[{""@Name"":""SubjectUserSid"",""#text"":""S-1-5-21-2489440558-2754304563-710705792-1001""},{""@Name"":""SubjectUserName"",""#text"":""Hunter""},{""@Name"":""SubjectDomainName"",""#text"":""4orensics""},{""@Name"":""SubjectLogonId"",""#text"":""0x28D50""},{""@Name"":""Workstation"",""#text"":""4ORENSICS""},{""@Name"":""TargetUserName"",""#text"":""HomeGroupUser$""},{""@Name"":""TargetDomainName"",""#text"":""4orensics""}]}}"
1496,1496,2016-06-21 12:29:45.0635694,4797,LogAlways,Microsoft-Windows-Security-Auditing,Security,552,4768,4orensics,12,,An attempt was made to query the existence of a blank password for an account,4orensics\Hunter (S-1-5-21-2489440558-2754304563-710705792-1001),,Target: 4orensics\Administrator,SubjectLogonId: 0x28D50,Workstation: 4ORENSICS,,,,,False,D:\Software\CTF\Misc\EvtxECmd\Security.evtx,Audit success,0,"{""EventData"":{""Data"":[{""@Name"":""SubjectUserSid"",""#text"":""S-1-5-21-2489440558-2754304563-710705792-1001""},{""@Name"":""SubjectUserName"",""#text"":""Hunter""},{""@Name"":""SubjectDomainName"",""#text"":""4orensics""},{""@Name"":""SubjectLogonId"",""#text"":""0x28D50""},{""@Name"":""Workstation"",""#text"":""4ORENSICS""},{""@Name"":""TargetUserName"",""#text"":""Administrator""},{""@Name"":""TargetDomainName"",""#text"":""4orensics""}]}}"
1497,1497,2016-06-21 12:29:45.0650598,4797,LogAlways,Microsoft-Windows-Security-Auditing,Security,552,4768,4orensics,12,,An attempt was made to query the existence of a blank password for an account,4orensics\Hunter (S-1-5-21-2489440558-2754304563-710705792-1001),,Target: 4orensics\Guest,SubjectLogonId: 0x28D50,Workstation: 4ORENSICS,,,,,False,D:\Software\CTF\Misc\EvtxECmd\Security.evtx,Audit success,0,"{""EventData"":{""Data"":[{""@Name"":""SubjectUserSid"",""#text"":""S-1-5-21-2489440558-2754304563-710705792-1001""},{""@Name"":""SubjectUserName"",""#text"":""Hunter""},{""@Name"":""SubjectDomainName"",""#text"":""4orensics""},{""@Name"":""SubjectLogonId"",""#text"":""0x28D50""},{""@Name"":""Workstation"",""#text"":""4ORENSICS""},{""@Name"":""TargetUserName"",""#text"":""Guest""},{""@Name"":""TargetDomainName"",""#text"":""4orensics""}]}}"
1498,1498,2016-06-21 12:29:45.0650598,4797,LogAlways,Microsoft-Windows-Security-Auditing,Security,552,4768,4orensics,12,,An attempt was made to query the existence of a blank password for an account,4orensics\Hunter (S-1-5-21-2489440558-2754304563-710705792-1001),,Target: 4orensics\HomeGroupUser$,SubjectLogonId: 0x28D50,Workstation: 4ORENSICS,,,,,False,D:\Software\CTF\Misc\EvtxECmd\Security.evtx,Audit success,0,"{""EventData"":{""Data"":[{""@Name"":""SubjectUserSid"",""#text"":""S-1-5-21-2489440558-2754304563-710705792-1001""},{""@Name"":""SubjectUserName"",""#text"":""Hunter""},{""@Name"":""SubjectDomainName"",""#text"":""4orensics""},{""@Name"":""SubjectLogonId"",""#text"":""0x28D50""},{""@Name"":""Workstation"",""#text"":""4ORENSICS""},{""@Name"":""TargetUserName"",""#text"":""HomeGroupUser$""},{""@Name"":""TargetDomainName"",""#text"":""4orensics""}]}}"
1499,1499,2016-06-21 12:30:43.9306617,4797,LogAlways,Microsoft-Windows-Security-Auditing,Security,552,4768,4orensics,12,,An attempt was made to query the existence of a blank password for an account,4orensics\Hunter (S-1-5-21-2489440558-2754304563-710705792-1001),,Target: 4orensics\Administrator,SubjectLogonId: 0x28D50,Workstation: 4ORENSICS,,,,,False,D:\Software\CTF\Misc\EvtxECmd\Security.evtx,Audit success,0,"{""EventData"":{""Data"":[{""@Name"":""SubjectUserSid"",""#text"":""S-1-5-21-2489440558-2754304563-710705792-1001""},{""@Name"":""SubjectUserName"",""#text"":""Hunter""},{""@Name"":""SubjectDomainName"",""#text"":""4orensics""},{""@Name"":""SubjectLogonId"",""#text"":""0x28D50""},{""@Name"":""Workstation"",""#text"":""4ORENSICS""},{""@Name"":""TargetUserName"",""#text"":""Administrator""},{""@Name"":""TargetDomainName"",""#text"":""4orensics""}]}}"
1500,1500,2016-06-21 12:30:43.9314959,4797,LogAlways,Microsoft-Windows-Security-Auditing,Security,552,4768,4orensics,12,,An attempt was made to query the existence of a blank password for an account,4orensics\Hunter (S-1-5-21-2489440558-2754304563-710705792-1001),,Target: 4orensics\Guest,SubjectLogonId: 0x28D50,Workstation: 4ORENSICS,,,,,False,D:\Software\CTF\Misc\EvtxECmd\Security.evtx,Audit success,0,"{""EventData"":{""Data"":[{""@Name"":""SubjectUserSid"",""#text"":""S-1-5-21-2489440558-2754304563-710705792-1001""},{""@Name"":""SubjectUserName"",""#text"":""Hunter""},{""@Name"":""SubjectDomainName"",""#text"":""4orensics""},{""@Name"":""SubjectLogonId"",""#text"":""0x28D50""},{""@Name"":""Workstation"",""#text"":""4ORENSICS""},{""@Name"":""TargetUserName"",""#text"":""Guest""},{""@Name"":""TargetDomainName"",""#text"":""4orensics""}]}}"
1501,1501,2016-06-21 12:30:43.9314959,4797,LogAlways,Microsoft-Windows-Security-Auditing,Security,552,4768,4orensics,12,,An attempt was made to query the existence of a blank password for an account,4orensics\Hunter (S-1-5-21-2489440558-2754304563-710705792-1001),,Target: 4orensics\HomeGroupUser$,SubjectLogonId: 0x28D50,Workstation: 4ORENSICS,,,,,False,D:\Software\CTF\Misc\EvtxECmd\Security.evtx,Audit success,0,"{""EventData"":{""Data"":[{""@Name"":""SubjectUserSid"",""#text"":""S-1-5-21-2489440558-2754304563-710705792-1001""},{""@Name"":""SubjectUserName"",""#text"":""Hunter""},{""@Name"":""SubjectDomainName"",""#text"":""4orensics""},{""@Name"":""SubjectLogonId"",""#text"":""0x28D50""},{""@Name"":""Workstation"",""#text"":""4ORENSICS""},{""@Name"":""TargetUserName"",""#text"":""HomeGroupUser$""},{""@Name"":""TargetDomainName"",""#text"":""4orensics""}]}}"
