777,777,2016-06-21 01:42:46.6056353,4797,LogAlways,Microsoft-Windows-Security-Auditing,Security,552,584,4orensics,6,,An attempt was made to query the existence of a blank password for an account,NT AUTHORITY\LOCAL SERVICE (S-1-5-19),,Target: 4orensics\HomeGroupUser$,SubjectLogonId: 0x3E5,Workstation: 4ORENSICS,,,,,False,D:\Software\CTF\Misc\EvtxECmd\Security.evtx,Audit success,0,"{""EventData"":{""Data"":[{""@Name"":""SubjectUserSid"",""#text"":""S-1-5-19""},{""@Name"":""SubjectUserName"",""#text"":""LOCAL SERVICE""},{""@Name"":""SubjectDomainName"",""#text"":""NT AUTHORITY""},{""@Name"":""SubjectLogonId"",""#text"":""0x3E5""},{""@Name"":""Workstation"",""#text"":""4ORENSICS""},{""@Name"":""TargetUserName"",""#text"":""HomeGroupUser$""},{""@Name"":""TargetDomainName"",""#text"":""4orensics""}]}}"
778,778,2016-06-21 01:42:46.6056353,4797,LogAlways,Microsoft-Windows-Security-Auditing,Security,552,584,4orensics,6,,An attempt was made to query the existence of a blank password for an account,NT AUTHORITY\LOCAL SERVICE (S-1-5-19),,Target: 4orensics\Hunter,SubjectLogonId: 0x3E5,Workstation: 4ORENSICS,,,,,False,D:\Software\CTF\Misc\EvtxECmd\Security.evtx,Audit success,0,"{""EventData"":{""Data"":[{""@Name"":""SubjectUserSid"",""#text"":""S-1-5-19""},{""@Name"":""SubjectUserName"",""#text"":""LOCAL SERVICE""},{""@Name"":""SubjectDomainName"",""#text"":""NT AUTHORITY""},{""@Name"":""SubjectLogonId"",""#text"":""0x3E5""},{""@Name"":""Workstation"",""#text"":""4ORENSICS""},{""@Name"":""TargetUserName"",""#text"":""Hunter""},{""@Name"":""TargetDomainName"",""#text"":""4orensics""}]}}"
779,779,2016-06-21 01:42:46.6056353,4797,LogAlways,Microsoft-Windows-Security-Auditing,Security,552,584,4orensics,6,,An attempt was made to query the existence of a blank password for an account,NT AUTHORITY\LOCAL SERVICE (S-1-5-19),,Target: 4orensics\Administrator,SubjectLogonId: 0x3E5,Workstation: 4ORENSICS,,,,,False,D:\Software\CTF\Misc\EvtxECmd\Security.evtx,Audit success,0,"{""EventData"":{""Data"":[{""@Name"":""SubjectUserSid"",""#text"":""S-1-5-19""},{""@Name"":""SubjectUserName"",""#text"":""LOCAL SERVICE""},{""@Name"":""SubjectDomainName"",""#text"":""NT AUTHORITY""},{""@Name"":""SubjectLogonId"",""#text"":""0x3E5""},{""@Name"":""Workstation"",""#text"":""4ORENSICS""},{""@Name"":""TargetUserName"",""#text"":""Administrator""},{""@Name"":""TargetDomainName"",""#text"":""4orensics""}]}}"
780,780,2016-06-21 01:42:46.6056353,4797,LogAlways,Microsoft-Windows-Security-Auditing,Security,552,584,4orensics,6,,An attempt was made to query the existence of a blank password for an account,NT AUTHORITY\LOCAL SERVICE (S-1-5-19),,Target: 4orensics\HomeGroupUser$,SubjectLogonId: 0x3E5,Workstation: 4ORENSICS,,,,,False,D:\Software\CTF\Misc\EvtxECmd\Security.evtx,Audit success,0,"{""EventData"":{""Data"":[{""@Name"":""SubjectUserSid"",""#text"":""S-1-5-19""},{""@Name"":""SubjectUserName"",""#text"":""LOCAL SERVICE""},{""@Name"":""SubjectDomainName"",""#text"":""NT AUTHORITY""},{""@Name"":""SubjectLogonId"",""#text"":""0x3E5""},{""@Name"":""Workstation"",""#text"":""4ORENSICS""},{""@Name"":""TargetUserName"",""#text"":""HomeGroupUser$""},{""@Name"":""TargetDomainName"",""#text"":""4orensics""}]}}"
781,781,2016-06-21 01:42:46.6056353,4797,LogAlways,Microsoft-Windows-Security-Auditing,Security,552,584,4orensics,7,,An attempt was made to query the existence of a blank password for an account,NT AUTHORITY\LOCAL SERVICE (S-1-5-19),,Target: 4orensics\Hunter,SubjectLogonId: 0x3E5,Workstation: 4ORENSICS,,,,,False,D:\Software\CTF\Misc\EvtxECmd\Security.evtx,Audit success,0,"{""EventData"":{""Data"":[{""@Name"":""SubjectUserSid"",""#text"":""S-1-5-19""},{""@Name"":""SubjectUserName"",""#text"":""LOCAL SERVICE""},{""@Name"":""SubjectDomainName"",""#text"":""NT AUTHORITY""},{""@Name"":""SubjectLogonId"",""#text"":""0x3E5""},{""@Name"":""Workstation"",""#text"":""4ORENSICS""},{""@Name"":""TargetUserName"",""#text"":""Hunter""},{""@Name"":""TargetDomainName"",""#text"":""4orensics""}]}}"
782,782,2016-06-21 01:42:46.6365294,4797,LogAlways,Microsoft-Windows-Security-Auditing,Security,552,2620,4orensics,7,,An attempt was made to query the existence of a blank password for an account,NT AUTHORITY\LOCAL SERVICE (S-1-5-19),,Target: 4orensics\Administrator,SubjectLogonId: 0x3E5,Workstation: 4ORENSICS,,,,,False,D:\Software\CTF\Misc\EvtxECmd\Security.evtx,Audit success,0,"{""EventData"":{""Data"":[{""@Name"":""SubjectUserSid"",""#text"":""S-1-5-19""},{""@Name"":""SubjectUserName"",""#text"":""LOCAL SERVICE""},{""@Name"":""SubjectDomainName"",""#text"":""NT AUTHORITY""},{""@Name"":""SubjectLogonId"",""#text"":""0x3E5""},{""@Name"":""Workstation"",""#text"":""4ORENSICS""},{""@Name"":""TargetUserName"",""#text"":""Administrator""},{""@Name"":""TargetDomainName"",""#text"":""4orensics""}]}}"
783,783,2016-06-21 01:42:46.6365294,4797,LogAlways,Microsoft-Windows-Security-Auditing,Security,552,2620,4orensics,7,,An attempt was made to query the existence of a blank password for an account,NT AUTHORITY\LOCAL SERVICE (S-1-5-19),,Target: 4orensics\Guest,SubjectLogonId: 0x3E5,Workstation: 4ORENSICS,,,,,False,D:\Software\CTF\Misc\EvtxECmd\Security.evtx,Audit success,0,"{""EventData"":{""Data"":[{""@Name"":""SubjectUserSid"",""#text"":""S-1-5-19""},{""@Name"":""SubjectUserName"",""#text"":""LOCAL SERVICE""},{""@Name"":""SubjectDomainName"",""#text"":""NT AUTHORITY""},{""@Name"":""SubjectLogonId"",""#text"":""0x3E5""},{""@Name"":""Workstation"",""#text"":""4ORENSICS""},{""@Name"":""TargetUserName"",""#text"":""Guest""},{""@Name"":""TargetDomainName"",""#text"":""4orensics""}]}}"
784,784,2016-06-21 01:42:46.6365294,4797,LogAlways,Microsoft-Windows-Security-Auditing,Security,552,2620,4orensics,7,,An attempt was made to query the existence of a blank password for an account,NT AUTHORITY\LOCAL SERVICE (S-1-5-19),,Target: 4orensics\HomeGroupUser$,SubjectLogonId: 0x3E5,Workstation: 4ORENSICS,,,,,False,D:\Software\CTF\Misc\EvtxECmd\Security.evtx,Audit success,0,"{""EventData"":{""Data"":[{""@Name"":""SubjectUserSid"",""#text"":""S-1-5-19""},{""@Name"":""SubjectUserName"",""#text"":""LOCAL SERVICE""},{""@Name"":""SubjectDomainName"",""#text"":""NT AUTHORITY""},{""@Name"":""SubjectLogonId"",""#text"":""0x3E5""},{""@Name"":""Workstation"",""#text"":""4ORENSICS""},{""@Name"":""TargetUserName"",""#text"":""HomeGroupUser$""},{""@Name"":""TargetDomainName"",""#text"":""4orensics""}]}}"
785,785,2016-06-21 01:42:46.6365294,4797,LogAlways,Microsoft-Windows-Security-Auditing,Security,552,2620,4orensics,7,,An attempt was made to query the existence of a blank password for an account,NT AUTHORITY\LOCAL SERVICE (S-1-5-19),,Target: 4orensics\Hunter,SubjectLogonId: 0x3E5,Workstation: 4ORENSICS,,,,,False,D:\Software\CTF\Misc\EvtxECmd\Security.evtx,Audit success,0,"{""EventData"":{""Data"":[{""@Name"":""SubjectUserSid"",""#text"":""S-1-5-19""},{""@Name"":""SubjectUserName"",""#text"":""LOCAL SERVICE""},{""@Name"":""SubjectDomainName"",""#text"":""NT AUTHORITY""},{""@Name"":""SubjectLogonId"",""#text"":""0x3E5""},{""@Name"":""Workstation"",""#text"":""4ORENSICS""},{""@Name"":""TargetUserName"",""#text"":""Hunter""},{""@Name"":""TargetDomainName"",""#text"":""4orensics""}]}}"
786,786,2016-06-21 01:42:46.6365294,4797,LogAlways,Microsoft-Windows-Security-Auditing,Security,552,2620,4orensics,7,,An attempt was made to query the existence of a blank password for an account,NT AUTHORITY\LOCAL SERVICE (S-1-5-19),,Target: 4orensics\Hunter,SubjectLogonId: 0x3E5,Workstation: 4ORENSICS,,,,,False,D:\Software\CTF\Misc\EvtxECmd\Security.evtx,Audit success,0,"{""EventData"":{""Data"":[{""@Name"":""SubjectUserSid"",""#text"":""S-1-5-19""},{""@Name"":""SubjectUserName"",""#text"":""LOCAL SERVICE""},{""@Name"":""SubjectDomainName"",""#text"":""NT AUTHORITY""},{""@Name"":""SubjectLogonId"",""#text"":""0x3E5""},{""@Name"":""Workstation"",""#text"":""4ORENSICS""},{""@Name"":""TargetUserName"",""#text"":""Hunter""},{""@Name"":""TargetDomainName"",""#text"":""4orensics""}]}}"
787,787,2016-06-21 01:42:46.6836869,4797,LogAlways,Microsoft-Windows-Security-Auditing,Security,552,576,4orensics,7,,An attempt was made to query the existence of a blank password for an account,NT AUTHORITY\LOCAL SERVICE (S-1-5-19),,Target: 4orensics\Administrator,SubjectLogonId: 0x3E5,Workstation: 4ORENSICS,,,,,False,D:\Software\CTF\Misc\EvtxECmd\Security.evtx,Audit success,0,"{""EventData"":{""Data"":[{""@Name"":""SubjectUserSid"",""#text"":""S-1-5-19""},{""@Name"":""SubjectUserName"",""#text"":""LOCAL SERVICE""},{""@Name"":""SubjectDomainName"",""#text"":""NT AUTHORITY""},{""@Name"":""SubjectLogonId"",""#text"":""0x3E5""},{""@Name"":""Workstation"",""#text"":""4ORENSICS""},{""@Name"":""TargetUserName"",""#text"":""Administrator""},{""@Name"":""TargetDomainName"",""#text"":""4orensics""}]}}"
788,788,2016-06-21 01:42:46.6836869,4797,LogAlways,Microsoft-Windows-Security-Auditing,Security,552,576,4orensics,7,,An attempt was made to query the existence of a blank password for an account,NT AUTHORITY\LOCAL SERVICE (S-1-5-19),,Target: 4orensics\Guest,SubjectLogonId: 0x3E5,Workstation: 4ORENSICS,,,,,False,D:\Software\CTF\Misc\EvtxECmd\Security.evtx,Audit success,0,"{""EventData"":{""Data"":[{""@Name"":""SubjectUserSid"",""#text"":""S-1-5-19""},{""@Name"":""SubjectUserName"",""#text"":""LOCAL SERVICE""},{""@Name"":""SubjectDomainName"",""#text"":""NT AUTHORITY""},{""@Name"":""SubjectLogonId"",""#text"":""0x3E5""},{""@Name"":""Workstation"",""#text"":""4ORENSICS""},{""@Name"":""TargetUserName"",""#text"":""Guest""},{""@Name"":""TargetDomainName"",""#text"":""4orensics""}]}}"
789,789,2016-06-21 01:42:46.6836869,4797,LogAlways,Microsoft-Windows-Security-Auditing,Security,552,576,4orensics,7,,An attempt was made to query the existence of a blank password for an account,NT AUTHORITY\LOCAL SERVICE (S-1-5-19),,Target: 4orensics\HomeGroupUser$,SubjectLogonId: 0x3E5,Workstation: 4ORENSICS,,,,,False,D:\Software\CTF\Misc\EvtxECmd\Security.evtx,Audit success,0,"{""EventData"":{""Data"":[{""@Name"":""SubjectUserSid"",""#text"":""S-1-5-19""},{""@Name"":""SubjectUserName"",""#text"":""LOCAL SERVICE""},{""@Name"":""SubjectDomainName"",""#text"":""NT AUTHORITY""},{""@Name"":""SubjectLogonId"",""#text"":""0x3E5""},{""@Name"":""Workstation"",""#text"":""4ORENSICS""},{""@Name"":""TargetUserName"",""#text"":""HomeGroupUser$""},{""@Name"":""TargetDomainName"",""#text"":""4orensics""}]}}"
790,790,2016-06-21 01:42:46.6836869,4797,LogAlways,Microsoft-Windows-Security-Auditing,Security,552,576,4orensics,7,,An attempt was made to query the existence of a blank password for an account,NT AUTHORITY\LOCAL SERVICE (S-1-5-19),,Target: 4orensics\Hunter,SubjectLogonId: 0x3E5,Workstation: 4ORENSICS,,,,,False,D:\Software\CTF\Misc\EvtxECmd\Security.evtx,Audit success,0,"{""EventData"":{""Data"":[{""@Name"":""SubjectUserSid"",""#text"":""S-1-5-19""},{""@Name"":""SubjectUserName"",""#text"":""LOCAL SERVICE""},{""@Name"":""SubjectDomainName"",""#text"":""NT AUTHORITY""},{""@Name"":""SubjectLogonId"",""#text"":""0x3E5""},{""@Name"":""Workstation"",""#text"":""4ORENSICS""},{""@Name"":""TargetUserName"",""#text"":""Hunter""},{""@Name"":""TargetDomainName"",""#text"":""4orensics""}]}}"
791,791,2016-06-21 01:42:46.6994898,4797,LogAlways,Microsoft-Windows-Security-Auditing,Security,552,576,4orensics,7,,An attempt was made to query the existence of a blank password for an account,NT AUTHORITY\LOCAL SERVICE (S-1-5-19),,Target: 4orensics\Hunter,SubjectLogonId: 0x3E5,Workstation: 4ORENSICS,,,,,False,D:\Software\CTF\Misc\EvtxECmd\Security.evtx,Audit success,0,"{""EventData"":{""Data"":[{""@Name"":""SubjectUserSid"",""#text"":""S-1-5-19""},{""@Name"":""SubjectUserName"",""#text"":""LOCAL SERVICE""},{""@Name"":""SubjectDomainName"",""#text"":""NT AUTHORITY""},{""@Name"":""SubjectLogonId"",""#text"":""0x3E5""},{""@Name"":""Workstation"",""#text"":""4ORENSICS""},{""@Name"":""TargetUserName"",""#text"":""Hunter""},{""@Name"":""TargetDomainName"",""#text"":""4orensics""}]}}"
792,792,2016-06-21 01:42:46.6994898,4797,LogAlways,Microsoft-Windows-Security-Auditing,Security,552,576,4orensics,7,,An attempt was made to query the existence of a blank password for an account,4orensics\Hunter (S-1-5-21-2489440558-2754304563-710705792-1001),,Target: 4orensics\Administrator,SubjectLogonId: 0x28D50,Workstation: 4ORENSICS,,,,,False,D:\Software\CTF\Misc\EvtxECmd\Security.evtx,Audit success,0,"{""EventData"":{""Data"":[{""@Name"":""SubjectUserSid"",""#text"":""S-1-5-21-2489440558-2754304563-710705792-1001""},{""@Name"":""SubjectUserName"",""#text"":""Hunter""},{""@Name"":""SubjectDomainName"",""#text"":""4orensics""},{""@Name"":""SubjectLogonId"",""#text"":""0x28D50""},{""@Name"":""Workstation"",""#text"":""4ORENSICS""},{""@Name"":""TargetUserName"",""#text"":""Administrator""},{""@Name"":""TargetDomainName"",""#text"":""4orensics""}]}}"
793,793,2016-06-21 01:42:46.6994898,4797,LogAlways,Microsoft-Windows-Security-Auditing,Security,552,576,4orensics,7,,An attempt was made to query the existence of a blank password for an account,4orensics\Hunter (S-1-5-21-2489440558-2754304563-710705792-1001),,Target: 4orensics\Guest,SubjectLogonId: 0x28D50,Workstation: 4ORENSICS,,,,,False,D:\Software\CTF\Misc\EvtxECmd\Security.evtx,Audit success,0,"{""EventData"":{""Data"":[{""@Name"":""SubjectUserSid"",""#text"":""S-1-5-21-2489440558-2754304563-710705792-1001""},{""@Name"":""SubjectUserName"",""#text"":""Hunter""},{""@Name"":""SubjectDomainName"",""#text"":""4orensics""},{""@Name"":""SubjectLogonId"",""#text"":""0x28D50""},{""@Name"":""Workstation"",""#text"":""4ORENSICS""},{""@Name"":""TargetUserName"",""#text"":""Guest""},{""@Name"":""TargetDomainName"",""#text"":""4orensics""}]}}"
794,794,2016-06-21 01:42:46.6994898,4797,LogAlways,Microsoft-Windows-Security-Auditing,Security,552,576,4orensics,7,,An attempt was made to query the existence of a blank password for an account,4orensics\Hunter (S-1-5-21-2489440558-2754304563-710705792-1001),,Target: 4orensics\HomeGroupUser$,SubjectLogonId: 0x28D50,Workstation: 4ORENSICS,,,,,False,D:\Software\CTF\Misc\EvtxECmd\Security.evtx,Audit success,0,"{""EventData"":{""Data"":[{""@Name"":""SubjectUserSid"",""#text"":""S-1-5-21-2489440558-2754304563-710705792-1001""},{""@Name"":""SubjectUserName"",""#text"":""Hunter""},{""@Name"":""SubjectDomainName"",""#text"":""4orensics""},{""@Name"":""SubjectLogonId"",""#text"":""0x28D50""},{""@Name"":""Workstation"",""#text"":""4ORENSICS""},{""@Name"":""TargetUserName"",""#text"":""HomeGroupUser$""},{""@Name"":""TargetDomainName"",""#text"":""4orensics""}]}}"
795,795,2016-06-21 01:42:46.7152304,4797,LogAlways,Microsoft-Windows-Security-Auditing,Security,552,728,4orensics,7,,An attempt was made to query the existence of a blank password for an account,4orensics\Hunter (S-1-5-21-2489440558-2754304563-710705792-1001),,Target: 4orensics\Administrator,SubjectLogonId: 0x28D50,Workstation: 4ORENSICS,,,,,False,D:\Software\CTF\Misc\EvtxECmd\Security.evtx,Audit success,0,"{""EventData"":{""Data"":[{""@Name"":""SubjectUserSid"",""#text"":""S-1-5-21-2489440558-2754304563-710705792-1001""},{""@Name"":""SubjectUserName"",""#text"":""Hunter""},{""@Name"":""SubjectDomainName"",""#text"":""4orensics""},{""@Name"":""SubjectLogonId"",""#text"":""0x28D50""},{""@Name"":""Workstation"",""#text"":""4ORENSICS""},{""@Name"":""TargetUserName"",""#text"":""Administrator""},{""@Name"":""TargetDomainName"",""#text"":""4orensics""}]}}"
796,796,2016-06-21 01:42:46.7152304,4797,LogAlways,Microsoft-Windows-Security-Auditing,Security,552,728,4orensics,7,,An attempt was made to query the existence of a blank password for an account,4orensics\Hunter (S-1-5-21-2489440558-2754304563-710705792-1001),,Target: 4orensics\Guest,SubjectLogonId: 0x28D50,Workstation: 4ORENSICS,,,,,False,D:\Software\CTF\Misc\EvtxECmd\Security.evtx,Audit success,0,"{""EventData"":{""Data"":[{""@Name"":""SubjectUserSid"",""#text"":""S-1-5-21-2489440558-2754304563-710705792-1001""},{""@Name"":""SubjectUserName"",""#text"":""Hunter""},{""@Name"":""SubjectDomainName"",""#text"":""4orensics""},{""@Name"":""SubjectLogonId"",""#text"":""0x28D50""},{""@Name"":""Workstation"",""#text"":""4ORENSICS""},{""@Name"":""TargetUserName"",""#text"":""Guest""},{""@Name"":""TargetDomainName"",""#text"":""4orensics""}]}}"
797,797,2016-06-21 01:42:46.7152304,4797,LogAlways,Microsoft-Windows-Security-Auditing,Security,552,728,4orensics,7,,An attempt was made to query the existence of a blank password for an account,4orensics\Hunter (S-1-5-21-2489440558-2754304563-710705792-1001),,Target: 4orensics\HomeGroupUser$,SubjectLogonId: 0x28D50,Workstation: 4ORENSICS,,,,,False,D:\Software\CTF\Misc\EvtxECmd\Security.evtx,Audit success,0,"{""EventData"":{""Data"":[{""@Name"":""SubjectUserSid"",""#text"":""S-1-5-21-2489440558-2754304563-710705792-1001""},{""@Name"":""SubjectUserName"",""#text"":""Hunter""},{""@Name"":""SubjectDomainName"",""#text"":""4orensics""},{""@Name"":""SubjectLogonId"",""#text"":""0x28D50""},{""@Name"":""Workstation"",""#text"":""4ORENSICS""},{""@Name"":""TargetUserName"",""#text"":""HomeGroupUser$""},{""@Name"":""TargetDomainName"",""#text"":""4orensics""}]}}"
798,798,2016-06-21 01:42:46.8400876,4797,LogAlways,Microsoft-Windows-Security-Auditing,Security,552,728,4orensics,7,,An attempt was made to query the existence of a blank password for an account,NT AUTHORITY\LOCAL SERVICE (S-1-5-19),,Target: 4orensics\Administrator,SubjectLogonId: 0x3E5,Workstation: 4ORENSICS,,,,,False,D:\Software\CTF\Misc\EvtxECmd\Security.evtx,Audit success,0,"{""EventData"":{""Data"":[{""@Name"":""SubjectUserSid"",""#text"":""S-1-5-19""},{""@Name"":""SubjectUserName"",""#text"":""LOCAL SERVICE""},{""@Name"":""SubjectDomainName"",""#text"":""NT AUTHORITY""},{""@Name"":""SubjectLogonId"",""#text"":""0x3E5""},{""@Name"":""Workstation"",""#text"":""4ORENSICS""},{""@Name"":""TargetUserName"",""#text"":""Administrator""},{""@Name"":""TargetDomainName"",""#text"":""4orensics""}]}}"
799,799,2016-06-21 01:42:46.8400876,4797,LogAlways,Microsoft-Windows-Security-Auditing,Security,552,728,4orensics,7,,An attempt was made to query the existence of a blank password for an account,NT AUTHORITY\LOCAL SERVICE (S-1-5-19),,Target: 4orensics\Guest,SubjectLogonId: 0x3E5,Workstation: 4ORENSICS,,,,,False,D:\Software\CTF\Misc\EvtxECmd\Security.evtx,Audit success,0,"{""EventData"":{""Data"":[{""@Name"":""SubjectUserSid"",""#text"":""S-1-5-19""},{""@Name"":""SubjectUserName"",""#text"":""LOCAL SERVICE""},{""@Name"":""SubjectDomainName"",""#text"":""NT AUTHORITY""},{""@Name"":""SubjectLogonId"",""#text"":""0x3E5""},{""@Name"":""Workstation"",""#text"":""4ORENSICS""},{""@Name"":""TargetUserName"",""#text"":""Guest""},{""@Name"":""TargetDomainName"",""#text"":""4orensics""}]}}"
800,800,2016-06-21 01:42:46.8400876,4797,LogAlways,Microsoft-Windows-Security-Auditing,Security,552,576,4orensics,7,,An attempt was made to query the existence of a blank password for an account,NT AUTHORITY\LOCAL SERVICE (S-1-5-19),,Target: 4orensics\HomeGroupUser$,SubjectLogonId: 0x3E5,Workstation: 4ORENSICS,,,,,False,D:\Software\CTF\Misc\EvtxECmd\Security.evtx,Audit success,0,"{""EventData"":{""Data"":[{""@Name"":""SubjectUserSid"",""#text"":""S-1-5-19""},{""@Name"":""SubjectUserName"",""#text"":""LOCAL SERVICE""},{""@Name"":""SubjectDomainName"",""#text"":""NT AUTHORITY""},{""@Name"":""SubjectLogonId"",""#text"":""0x3E5""},{""@Name"":""Workstation"",""#text"":""4ORENSICS""},{""@Name"":""TargetUserName"",""#text"":""HomeGroupUser$""},{""@Name"":""TargetDomainName"",""#text"":""4orensics""}]}}"
801,801,2016-06-21 01:42:46.8400876,4797,LogAlways,Microsoft-Windows-Security-Auditing,Security,552,576,4orensics,7,,An attempt was made to query the existence of a blank password for an account,NT AUTHORITY\LOCAL SERVICE (S-1-5-19),,Target: 4orensics\Hunter,SubjectLogonId: 0x3E5,Workstation: 4ORENSICS,,,,,False,D:\Software\CTF\Misc\EvtxECmd\Security.evtx,Audit success,0,"{""EventData"":{""Data"":[{""@Name"":""SubjectUserSid"",""#text"":""S-1-5-19""},{""@Name"":""SubjectUserName"",""#text"":""LOCAL SERVICE""},{""@Name"":""SubjectDomainName"",""#text"":""NT AUTHORITY""},{""@Name"":""SubjectLogonId"",""#text"":""0x3E5""},{""@Name"":""Workstation"",""#text"":""4ORENSICS""},{""@Name"":""TargetUserName"",""#text"":""Hunter""},{""@Name"":""TargetDomainName"",""#text"":""4orensics""}]}}"
802,802,2016-06-21 01:42:46.8400876,4797,LogAlways,Microsoft-Windows-Security-Auditing,Security,552,576,4orensics,7,,An attempt was made to query the existence of a blank password for an account,NT AUTHORITY\LOCAL SERVICE (S-1-5-19),,Target: 4orensics\Hunter,SubjectLogonId: 0x3E5,Workstation: 4ORENSICS,,,,,False,D:\Software\CTF\Misc\EvtxECmd\Security.evtx,Audit success,0,"{""EventData"":{""Data"":[{""@Name"":""SubjectUserSid"",""#text"":""S-1-5-19""},{""@Name"":""SubjectUserName"",""#text"":""LOCAL SERVICE""},{""@Name"":""SubjectDomainName"",""#text"":""NT AUTHORITY""},{""@Name"":""SubjectLogonId"",""#text"":""0x3E5""},{""@Name"":""Workstation"",""#text"":""4ORENSICS""},{""@Name"":""TargetUserName"",""#text"":""Hunter""},{""@Name"":""TargetDomainName"",""#text"":""4orensics""}]}}"
803,803,2016-06-21 01:42:46.8557767,4797,LogAlways,Microsoft-Windows-Security-Auditing,Security,552,576,4orensics,7,,An attempt was made to query the existence of a blank password for an account,4orensics\Hunter (S-1-5-21-2489440558-2754304563-710705792-1001),,Target: 4orensics\Administrator,SubjectLogonId: 0x28D50,Workstation: 4ORENSICS,,,,,False,D:\Software\CTF\Misc\EvtxECmd\Security.evtx,Audit success,0,"{""EventData"":{""Data"":[{""@Name"":""SubjectUserSid"",""#text"":""S-1-5-21-2489440558-2754304563-710705792-1001""},{""@Name"":""SubjectUserName"",""#text"":""Hunter""},{""@Name"":""SubjectDomainName"",""#text"":""4orensics""},{""@Name"":""SubjectLogonId"",""#text"":""0x28D50""},{""@Name"":""Workstation"",""#text"":""4ORENSICS""},{""@Name"":""TargetUserName"",""#text"":""Administrator""},{""@Name"":""TargetDomainName"",""#text"":""4orensics""}]}}"
804,804,2016-06-21 01:42:46.8557767,4797,LogAlways,Microsoft-Windows-Security-Auditing,Security,552,576,4orensics,7,,An attempt was made to query the existence of a blank password for an account,4orensics\Hunter (S-1-5-21-2489440558-2754304563-710705792-1001),,Target: 4orensics\Guest,SubjectLogonId: 0x28D50,Workstation: 4ORENSICS,,,,,False,D:\Software\CTF\Misc\EvtxECmd\Security.evtx,Audit success,0,"{""EventData"":{""Data"":[{""@Name"":""SubjectUserSid"",""#text"":""S-1-5-21-2489440558-2754304563-710705792-1001""},{""@Name"":""SubjectUserName"",""#text"":""Hunter""},{""@Name"":""SubjectDomainName"",""#text"":""4orensics""},{""@Name"":""SubjectLogonId"",""#text"":""0x28D50""},{""@Name"":""Workstation"",""#text"":""4ORENSICS""},{""@Name"":""TargetUserName"",""#text"":""Guest""},{""@Name"":""TargetDomainName"",""#text"":""4orensics""}]}}"
805,805,2016-06-21 01:42:46.8557767,4797,LogAlways,Microsoft-Windows-Security-Auditing,Security,552,576,4orensics,7,,An attempt was made to query the existence of a blank password for an account,4orensics\Hunter (S-1-5-21-2489440558-2754304563-710705792-1001),,Target: 4orensics\HomeGroupUser$,SubjectLogonId: 0x28D50,Workstation: 4ORENSICS,,,,,False,D:\Software\CTF\Misc\EvtxECmd\Security.evtx,Audit success,0,"{""EventData"":{""Data"":[{""@Name"":""SubjectUserSid"",""#text"":""S-1-5-21-2489440558-2754304563-710705792-1001""},{""@Name"":""SubjectUserName"",""#text"":""Hunter""},{""@Name"":""SubjectDomainName"",""#text"":""4orensics""},{""@Name"":""SubjectLogonId"",""#text"":""0x28D50""},{""@Name"":""Workstation"",""#text"":""4ORENSICS""},{""@Name"":""TargetUserName"",""#text"":""HomeGroupUser$""},{""@Name"":""TargetDomainName"",""#text"":""4orensics""}]}}"
806,806,2016-06-21 01:42:46.8557767,4797,LogAlways,Microsoft-Windows-Security-Auditing,Security,552,576,4orensics,7,,An attempt was made to query the existence of a blank password for an account,4orensics\Hunter (S-1-5-21-2489440558-2754304563-710705792-1001),,Target: 4orensics\Administrator,SubjectLogonId: 0x28D50,Workstation: 4ORENSICS,,,,,False,D:\Software\CTF\Misc\EvtxECmd\Security.evtx,Audit success,0,"{""EventData"":{""Data"":[{""@Name"":""SubjectUserSid"",""#text"":""S-1-5-21-2489440558-2754304563-710705792-1001""},{""@Name"":""SubjectUserName"",""#text"":""Hunter""},{""@Name"":""SubjectDomainName"",""#text"":""4orensics""},{""@Name"":""SubjectLogonId"",""#text"":""0x28D50""},{""@Name"":""Workstation"",""#text"":""4ORENSICS""},{""@Name"":""TargetUserName"",""#text"":""Administrator""},{""@Name"":""TargetDomainName"",""#text"":""4orensics""}]}}"
807,807,2016-06-21 01:42:46.8557767,4797,LogAlways,Microsoft-Windows-Security-Auditing,Security,552,576,4orensics,7,,An attempt was made to query the existence of a blank password for an account,4orensics\Hunter (S-1-5-21-2489440558-2754304563-710705792-1001),,Target: 4orensics\Guest,SubjectLogonId: 0x28D50,Workstation: 4ORENSICS,,,,,False,D:\Software\CTF\Misc\EvtxECmd\Security.evtx,Audit success,0,"{""EventData"":{""Data"":[{""@Name"":""SubjectUserSid"",""#text"":""S-1-5-21-2489440558-2754304563-710705792-1001""},{""@Name"":""SubjectUserName"",""#text"":""Hunter""},{""@Name"":""SubjectDomainName"",""#text"":""4orensics""},{""@Name"":""SubjectLogonId"",""#text"":""0x28D50""},{""@Name"":""Workstation"",""#text"":""4ORENSICS""},{""@Name"":""TargetUserName"",""#text"":""Guest""},{""@Name"":""TargetDomainName"",""#text"":""4orensics""}]}}"
808,808,2016-06-21 01:42:46.8557767,4797,LogAlways,Microsoft-Windows-Security-Auditing,Security,552,576,4orensics,7,,An attempt was made to query the existence of a blank password for an account,4orensics\Hunter (S-1-5-21-2489440558-2754304563-710705792-1001),,Target: 4orensics\HomeGroupUser$,SubjectLogonId: 0x28D50,Workstation: 4ORENSICS,,,,,False,D:\Software\CTF\Misc\EvtxECmd\Security.evtx,Audit success,0,"{""EventData"":{""Data"":[{""@Name"":""SubjectUserSid"",""#text"":""S-1-5-21-2489440558-2754304563-710705792-1001""},{""@Name"":""SubjectUserName"",""#text"":""Hunter""},{""@Name"":""SubjectDomainName"",""#text"":""4orensics""},{""@Name"":""SubjectLogonId"",""#text"":""0x28D50""},{""@Name"":""Workstation"",""#text"":""4ORENSICS""},{""@Name"":""TargetUserName"",""#text"":""HomeGroupUser$""},{""@Name"":""TargetDomainName"",""#text"":""4orensics""}]}}"
809,809,2016-06-21 01:42:46.8557767,4797,LogAlways,Microsoft-Windows-Security-Auditing,Security,552,576,4orensics,7,,An attempt was made to query the existence of a blank password for an account,4orensics\Hunter (S-1-5-21-2489440558-2754304563-710705792-1001),,Target: 4orensics\Administrator,SubjectLogonId: 0x28D50,Workstation: 4ORENSICS,,,,,False,D:\Software\CTF\Misc\EvtxECmd\Security.evtx,Audit success,0,"{""EventData"":{""Data"":[{""@Name"":""SubjectUserSid"",""#text"":""S-1-5-21-2489440558-2754304563-710705792-1001""},{""@Name"":""SubjectUserName"",""#text"":""Hunter""},{""@Name"":""SubjectDomainName"",""#text"":""4orensics""},{""@Name"":""SubjectLogonId"",""#text"":""0x28D50""},{""@Name"":""Workstation"",""#text"":""4ORENSICS""},{""@Name"":""TargetUserName"",""#text"":""Administrator""},{""@Name"":""TargetDomainName"",""#text"":""4orensics""}]}}"
810,810,2016-06-21 01:42:46.8557767,4797,LogAlways,Microsoft-Windows-Security-Auditing,Security,552,576,4orensics,7,,An attempt was made to query the existence of a blank password for an account,4orensics\Hunter (S-1-5-21-2489440558-2754304563-710705792-1001),,Target: 4orensics\Guest,SubjectLogonId: 0x28D50,Workstation: 4ORENSICS,,,,,False,D:\Software\CTF\Misc\EvtxECmd\Security.evtx,Audit success,0,"{""EventData"":{""Data"":[{""@Name"":""SubjectUserSid"",""#text"":""S-1-5-21-2489440558-2754304563-710705792-1001""},{""@Name"":""SubjectUserName"",""#text"":""Hunter""},{""@Name"":""SubjectDomainName"",""#text"":""4orensics""},{""@Name"":""SubjectLogonId"",""#text"":""0x28D50""},{""@Name"":""Workstation"",""#text"":""4ORENSICS""},{""@Name"":""TargetUserName"",""#text"":""Guest""},{""@Name"":""TargetDomainName"",""#text"":""4orensics""}]}}"
811,811,2016-06-21 01:42:46.8557767,4797,LogAlways,Microsoft-Windows-Security-Auditing,Security,552,576,4orensics,7,,An attempt was made to query the existence of a blank password for an account,4orensics\Hunter (S-1-5-21-2489440558-2754304563-710705792-1001),,Target: 4orensics\HomeGroupUser$,SubjectLogonId: 0x28D50,Workstation: 4ORENSICS,,,,,False,D:\Software\CTF\Misc\EvtxECmd\Security.evtx,Audit success,0,"{""EventData"":{""Data"":[{""@Name"":""SubjectUserSid"",""#text"":""S-1-5-21-2489440558-2754304563-710705792-1001""},{""@Name"":""SubjectUserName"",""#text"":""Hunter""},{""@Name"":""SubjectDomainName"",""#text"":""4orensics""},{""@Name"":""SubjectLogonId"",""#text"":""0x28D50""},{""@Name"":""Workstation"",""#text"":""4ORENSICS""},{""@Name"":""TargetUserName"",""#text"":""HomeGroupUser$""},{""@Name"":""TargetDomainName"",""#text"":""4orensics""}]}}"
812,812,2016-06-21 01:42:46.8719531,4797,LogAlways,Microsoft-Windows-Security-Auditing,Security,552,576,4orensics,7,,An attempt was made to query the existence of a blank password for an account,4orensics\Hunter (S-1-5-21-2489440558-2754304563-710705792-1001),,Target: 4orensics\Administrator,SubjectLogonId: 0x28D50,Workstation: 4ORENSICS,,,,,False,D:\Software\CTF\Misc\EvtxECmd\Security.evtx,Audit success,0,"{""EventData"":{""Data"":[{""@Name"":""SubjectUserSid"",""#text"":""S-1-5-21-2489440558-2754304563-710705792-1001""},{""@Name"":""SubjectUserName"",""#text"":""Hunter""},{""@Name"":""SubjectDomainName"",""#text"":""4orensics""},{""@Name"":""SubjectLogonId"",""#text"":""0x28D50""},{""@Name"":""Workstation"",""#text"":""4ORENSICS""},{""@Name"":""TargetUserName"",""#text"":""Administrator""},{""@Name"":""TargetDomainName"",""#text"":""4orensics""}]}}"
813,813,2016-06-21 01:42:46.8719531,4797,LogAlways,Microsoft-Windows-Security-Auditing,Security,552,576,4orensics,7,,An attempt was made to query the existence of a blank password for an account,4orensics\Hunter (S-1-5-21-2489440558-2754304563-710705792-1001),,Target: 4orensics\Guest,SubjectLogonId: 0x28D50,Workstation: 4ORENSICS,,,,,False,D:\Software\CTF\Misc\EvtxECmd\Security.evtx,Audit success,0,"{""EventData"":{""Data"":[{""@Name"":""SubjectUserSid"",""#text"":""S-1-5-21-2489440558-2754304563-710705792-1001""},{""@Name"":""SubjectUserName"",""#text"":""Hunter""},{""@Name"":""SubjectDomainName"",""#text"":""4orensics""},{""@Name"":""SubjectLogonId"",""#text"":""0x28D50""},{""@Name"":""Workstation"",""#text"":""4ORENSICS""},{""@Name"":""TargetUserName"",""#text"":""Guest""},{""@Name"":""TargetDomainName"",""#text"":""4orensics""}]}}"
814,814,2016-06-21 01:42:46.8719531,4797,LogAlways,Microsoft-Windows-Security-Auditing,Security,552,576,4orensics,7,,An attempt was made to query the existence of a blank password for an account,4orensics\Hunter (S-1-5-21-2489440558-2754304563-710705792-1001),,Target: 4orensics\HomeGroupUser$,SubjectLogonId: 0x28D50,Workstation: 4ORENSICS,,,,,False,D:\Software\CTF\Misc\EvtxECmd\Security.evtx,Audit success,0,"{""EventData"":{""Data"":[{""@Name"":""SubjectUserSid"",""#text"":""S-1-5-21-2489440558-2754304563-710705792-1001""},{""@Name"":""SubjectUserName"",""#text"":""Hunter""},{""@Name"":""SubjectDomainName"",""#text"":""4orensics""},{""@Name"":""SubjectLogonId"",""#text"":""0x28D50""},{""@Name"":""Workstation"",""#text"":""4ORENSICS""},{""@Name"":""TargetUserName"",""#text"":""HomeGroupUser$""},{""@Name"":""TargetDomainName"",""#text"":""4orensics""}]}}"
815,815,2016-06-21 01:44:35.4967009,4624,LogAlways,Microsoft-Windows-Security-Auditing,Security,552,2072,4orensics,7,,Successful logon,WORKGROUP\4ORENSICS$," (-)",Target: NT AUTHORITY\SYSTEM,LogonType 5,LogonId: 0x3E7,AuthenticationPackageName: Negotiate,"LogonProcessName: Advapi  ",,C:\Windows\System32\services.exe,False,D:\Software\CTF\Misc\EvtxECmd\Security.evtx,Audit success,0,"{""EventData"":{""Data"":[{""@Name"":""SubjectUserSid"",""#text"":""S-1-5-18""},{""@Name"":""SubjectUserName"",""#text"":""4ORENSICS$""},{""@Name"":""SubjectDomainName"",""#text"":""WORKGROUP""},{""@Name"":""SubjectLogonId"",""#text"":""0x3E7""},{""@Name"":""TargetUserSid"",""#text"":""S-1-5-18""},{""@Name"":""TargetUserName"",""#text"":""SYSTEM""},{""@Name"":""TargetDomainName"",""#text"":""NT AUTHORITY""},{""@Name"":""TargetLogonId"",""#text"":""0x3E7""},{""@Name"":""LogonType"",""#text"":""5""},{""@Name"":""LogonProcessName"",""#text"":""Advapi  ""},{""@Name"":""AuthenticationPackageName"",""#text"":""Negotiate""},{""@Name"":""WorkstationName""},{""@Name"":""LogonGuid"",""#text"":""00000000-0000-0000-0000-000000000000""},{""@Name"":""TransmittedServices"",""#text"":""-""},{""@Name"":""LmPackageName"",""#text"":""-""},{""@Name"":""KeyLength"",""#text"":""0""},{""@Name"":""ProcessId"",""#text"":""0x220""},{""@Name"":""ProcessName"",""#text"":""C:\\Windows\\System32\\services.exe""},{""@Name"":""IpAddress"",""#text"":""-""},{""@Name"":""IpPort"",""#text"":""-""},{""@Name"":""ImpersonationLevel"",""#text"":""%%1833""}]}}"
816,816,2016-06-21 01:44:35.4967009,4672,LogAlways,Microsoft-Windows-Security-Auditing,Security,552,2072,4orensics,7,,Administrative logon,NT AUTHORITY\SYSTEM (S-1-5-18),,"PrivilegeList: SeAssignPrimaryTokenPrivilege, SeTcbPrivilege, SeSecurityPrivilege, SeTakeOwnershipPrivilege, SeLoadDriverPrivilege, SeBackupPrivilege, SeRestorePrivilege, SeDebugPrivilege, SeAuditPrivilege, SeSystemEnvironmentPrivilege, SeImpersonatePrivilege",LogonId: 0x3E7,,,,,,False,D:\Software\CTF\Misc\EvtxECmd\Security.evtx,Audit success,0,"{""EventData"":{""Data"":[{""@Name"":""SubjectUserSid"",""#text"":""S-1-5-18""},{""@Name"":""SubjectUserName"",""#text"":""SYSTEM""},{""@Name"":""SubjectDomainName"",""#text"":""NT AUTHORITY""},{""@Name"":""SubjectLogonId"",""#text"":""0x3E7""},{""@Name"":""PrivilegeList"",""#text"":""SeAssignPrimaryTokenPrivilege, SeTcbPrivilege, SeSecurityPrivilege, SeTakeOwnershipPrivilege, SeLoadDriverPrivilege, SeBackupPrivilege, SeRestorePrivilege, SeDebugPrivilege, SeAuditPrivilege, SeSystemEnvironmentPrivilege, SeImpersonatePrivilege""}]}}"
817,817,2016-06-21 01:45:52.0586516,4797,LogAlways,Microsoft-Windows-Security-Auditing,Security,552,576,4orensics,7,,An attempt was made to query the existence of a blank password for an account,4orensics\Hunter (S-1-5-21-2489440558-2754304563-710705792-1001),,Target: 4orensics\Administrator,SubjectLogonId: 0x28D50,Workstation: 4ORENSICS,,,,,False,D:\Software\CTF\Misc\EvtxECmd\Security.evtx,Audit success,0,"{""EventData"":{""Data"":[{""@Name"":""SubjectUserSid"",""#text"":""S-1-5-21-2489440558-2754304563-710705792-1001""},{""@Name"":""SubjectUserName"",""#text"":""Hunter""},{""@Name"":""SubjectDomainName"",""#text"":""4orensics""},{""@Name"":""SubjectLogonId"",""#text"":""0x28D50""},{""@Name"":""Workstation"",""#text"":""4ORENSICS""},{""@Name"":""TargetUserName"",""#text"":""Administrator""},{""@Name"":""TargetDomainName"",""#text"":""4orensics""}]}}"
818,818,2016-06-21 01:45:52.0586516,4797,LogAlways,Microsoft-Windows-Security-Auditing,Security,552,576,4orensics,7,,An attempt was made to query the existence of a blank password for an account,4orensics\Hunter (S-1-5-21-2489440558-2754304563-710705792-1001),,Target: 4orensics\Guest,SubjectLogonId: 0x28D50,Workstation: 4ORENSICS,,,,,False,D:\Software\CTF\Misc\EvtxECmd\Security.evtx,Audit success,0,"{""EventData"":{""Data"":[{""@Name"":""SubjectUserSid"",""#text"":""S-1-5-21-2489440558-2754304563-710705792-1001""},{""@Name"":""SubjectUserName"",""#text"":""Hunter""},{""@Name"":""SubjectDomainName"",""#text"":""4orensics""},{""@Name"":""SubjectLogonId"",""#text"":""0x28D50""},{""@Name"":""Workstation"",""#text"":""4ORENSICS""},{""@Name"":""TargetUserName"",""#text"":""Guest""},{""@Name"":""TargetDomainName"",""#text"":""4orensics""}]}}"
819,819,2016-06-21 01:45:52.0748613,4797,LogAlways,Microsoft-Windows-Security-Auditing,Security,552,576,4orensics,7,,An attempt was made to query the existence of a blank password for an account,4orensics\Hunter (S-1-5-21-2489440558-2754304563-710705792-1001),,Target: 4orensics\HomeGroupUser$,SubjectLogonId: 0x28D50,Workstation: 4ORENSICS,,,,,False,D:\Software\CTF\Misc\EvtxECmd\Security.evtx,Audit success,0,"{""EventData"":{""Data"":[{""@Name"":""SubjectUserSid"",""#text"":""S-1-5-21-2489440558-2754304563-710705792-1001""},{""@Name"":""SubjectUserName"",""#text"":""Hunter""},{""@Name"":""SubjectDomainName"",""#text"":""4orensics""},{""@Name"":""SubjectLogonId"",""#text"":""0x28D50""},{""@Name"":""Workstation"",""#text"":""4ORENSICS""},{""@Name"":""TargetUserName"",""#text"":""HomeGroupUser$""},{""@Name"":""TargetDomainName"",""#text"":""4orensics""}]}}"
820,820,2016-06-21 01:45:52.1057519,4797,LogAlways,Microsoft-Windows-Security-Auditing,Security,552,2072,4orensics,7,,An attempt was made to query the existence of a blank password for an account,4orensics\Hunter (S-1-5-21-2489440558-2754304563-710705792-1001),,Target: 4orensics\Administrator,SubjectLogonId: 0x28D50,Workstation: 4ORENSICS,,,,,False,D:\Software\CTF\Misc\EvtxECmd\Security.evtx,Audit success,0,"{""EventData"":{""Data"":[{""@Name"":""SubjectUserSid"",""#text"":""S-1-5-21-2489440558-2754304563-710705792-1001""},{""@Name"":""SubjectUserName"",""#text"":""Hunter""},{""@Name"":""SubjectDomainName"",""#text"":""4orensics""},{""@Name"":""SubjectLogonId"",""#text"":""0x28D50""},{""@Name"":""Workstation"",""#text"":""4ORENSICS""},{""@Name"":""TargetUserName"",""#text"":""Administrator""},{""@Name"":""TargetDomainName"",""#text"":""4orensics""}]}}"
821,821,2016-06-21 01:45:52.1057519,4797,LogAlways,Microsoft-Windows-Security-Auditing,Security,552,2072,4orensics,7,,An attempt was made to query the existence of a blank password for an account,4orensics\Hunter (S-1-5-21-2489440558-2754304563-710705792-1001),,Target: 4orensics\Guest,SubjectLogonId: 0x28D50,Workstation: 4ORENSICS,,,,,False,D:\Software\CTF\Misc\EvtxECmd\Security.evtx,Audit success,0,"{""EventData"":{""Data"":[{""@Name"":""SubjectUserSid"",""#text"":""S-1-5-21-2489440558-2754304563-710705792-1001""},{""@Name"":""SubjectUserName"",""#text"":""Hunter""},{""@Name"":""SubjectDomainName"",""#text"":""4orensics""},{""@Name"":""SubjectLogonId"",""#text"":""0x28D50""},{""@Name"":""Workstation"",""#text"":""4ORENSICS""},{""@Name"":""TargetUserName"",""#text"":""Guest""},{""@Name"":""TargetDomainName"",""#text"":""4orensics""}]}}"
822,822,2016-06-21 01:45:52.1057519,4797,LogAlways,Microsoft-Windows-Security-Auditing,Security,552,2072,4orensics,7,,An attempt was made to query the existence of a blank password for an account,4orensics\Hunter (S-1-5-21-2489440558-2754304563-710705792-1001),,Target: 4orensics\HomeGroupUser$,SubjectLogonId: 0x28D50,Workstation: 4ORENSICS,,,,,False,D:\Software\CTF\Misc\EvtxECmd\Security.evtx,Audit success,0,"{""EventData"":{""Data"":[{""@Name"":""SubjectUserSid"",""#text"":""S-1-5-21-2489440558-2754304563-710705792-1001""},{""@Name"":""SubjectUserName"",""#text"":""Hunter""},{""@Name"":""SubjectDomainName"",""#text"":""4orensics""},{""@Name"":""SubjectLogonId"",""#text"":""0x28D50""},{""@Name"":""Workstation"",""#text"":""4ORENSICS""},{""@Name"":""TargetUserName"",""#text"":""HomeGroupUser$""},{""@Name"":""TargetDomainName"",""#text"":""4orensics""}]}}"
823,823,2016-06-21 01:47:20.1524827,4797,LogAlways,Microsoft-Windows-Security-Auditing,Security,552,2620,4orensics,7,,An attempt was made to query the existence of a blank password for an account,NT AUTHORITY\LOCAL SERVICE (S-1-5-19),,Target: 4orensics\Administrator,SubjectLogonId: 0x3E5,Workstation: 4ORENSICS,,,,,False,D:\Software\CTF\Misc\EvtxECmd\Security.evtx,Audit success,0,"{""EventData"":{""Data"":[{""@Name"":""SubjectUserSid"",""#text"":""S-1-5-19""},{""@Name"":""SubjectUserName"",""#text"":""LOCAL SERVICE""},{""@Name"":""SubjectDomainName"",""#text"":""NT AUTHORITY""},{""@Name"":""SubjectLogonId"",""#text"":""0x3E5""},{""@Name"":""Workstation"",""#text"":""4ORENSICS""},{""@Name"":""TargetUserName"",""#text"":""Administrator""},{""@Name"":""TargetDomainName"",""#text"":""4orensics""}]}}"
824,824,2016-06-21 01:47:20.1524827,4797,LogAlways,Microsoft-Windows-Security-Auditing,Security,552,2620,4orensics,7,,An attempt was made to query the existence of a blank password for an account,NT AUTHORITY\LOCAL SERVICE (S-1-5-19),,Target: 4orensics\Guest,SubjectLogonId: 0x3E5,Workstation: 4ORENSICS,,,,,False,D:\Software\CTF\Misc\EvtxECmd\Security.evtx,Audit success,0,"{""EventData"":{""Data"":[{""@Name"":""SubjectUserSid"",""#text"":""S-1-5-19""},{""@Name"":""SubjectUserName"",""#text"":""LOCAL SERVICE""},{""@Name"":""SubjectDomainName"",""#text"":""NT AUTHORITY""},{""@Name"":""SubjectLogonId"",""#text"":""0x3E5""},{""@Name"":""Workstation"",""#text"":""4ORENSICS""},{""@Name"":""TargetUserName"",""#text"":""Guest""},{""@Name"":""TargetDomainName"",""#text"":""4orensics""}]}}"
825,825,2016-06-21 01:47:20.1524827,4797,LogAlways,Microsoft-Windows-Security-Auditing,Security,552,2620,4orensics,7,,An attempt was made to query the existence of a blank password for an account,NT AUTHORITY\LOCAL SERVICE (S-1-5-19),,Target: 4orensics\HomeGroupUser$,SubjectLogonId: 0x3E5,Workstation: 4ORENSICS,,,,,False,D:\Software\CTF\Misc\EvtxECmd\Security.evtx,Audit success,0,"{""EventData"":{""Data"":[{""@Name"":""SubjectUserSid"",""#text"":""S-1-5-19""},{""@Name"":""SubjectUserName"",""#text"":""LOCAL SERVICE""},{""@Name"":""SubjectDomainName"",""#text"":""NT AUTHORITY""},{""@Name"":""SubjectLogonId"",""#text"":""0x3E5""},{""@Name"":""Workstation"",""#text"":""4ORENSICS""},{""@Name"":""TargetUserName"",""#text"":""HomeGroupUser$""},{""@Name"":""TargetDomainName"",""#text"":""4orensics""}]}}"
826,826,2016-06-21 01:47:20.1524827,4797,LogAlways,Microsoft-Windows-Security-Auditing,Security,552,2620,4orensics,7,,An attempt was made to query the existence of a blank password for an account,NT AUTHORITY\LOCAL SERVICE (S-1-5-19),,Target: 4orensics\Hunter,SubjectLogonId: 0x3E5,Workstation: 4ORENSICS,,,,,False,D:\Software\CTF\Misc\EvtxECmd\Security.evtx,Audit success,0,"{""EventData"":{""Data"":[{""@Name"":""SubjectUserSid"",""#text"":""S-1-5-19""},{""@Name"":""SubjectUserName"",""#text"":""LOCAL SERVICE""},{""@Name"":""SubjectDomainName"",""#text"":""NT AUTHORITY""},{""@Name"":""SubjectLogonId"",""#text"":""0x3E5""},{""@Name"":""Workstation"",""#text"":""4ORENSICS""},{""@Name"":""TargetUserName"",""#text"":""Hunter""},{""@Name"":""TargetDomainName"",""#text"":""4orensics""}]}}"
827,827,2016-06-21 01:47:20.1524827,4797,LogAlways,Microsoft-Windows-Security-Auditing,Security,552,2620,4orensics,7,,An attempt was made to query the existence of a blank password for an account,NT AUTHORITY\LOCAL SERVICE (S-1-5-19),,Target: 4orensics\Hunter,SubjectLogonId: 0x3E5,Workstation: 4ORENSICS,,,,,False,D:\Software\CTF\Misc\EvtxECmd\Security.evtx,Audit success,0,"{""EventData"":{""Data"":[{""@Name"":""SubjectUserSid"",""#text"":""S-1-5-19""},{""@Name"":""SubjectUserName"",""#text"":""LOCAL SERVICE""},{""@Name"":""SubjectDomainName"",""#text"":""NT AUTHORITY""},{""@Name"":""SubjectLogonId"",""#text"":""0x3E5""},{""@Name"":""Workstation"",""#text"":""4ORENSICS""},{""@Name"":""TargetUserName"",""#text"":""Hunter""},{""@Name"":""TargetDomainName"",""#text"":""4orensics""}]}}"
828,828,2016-06-21 01:47:20.1524827,4797,LogAlways,Microsoft-Windows-Security-Auditing,Security,552,2620,4orensics,7,,An attempt was made to query the existence of a blank password for an account,NT AUTHORITY\LOCAL SERVICE (S-1-5-19),,Target: 4orensics\Administrator,SubjectLogonId: 0x3E5,Workstation: 4ORENSICS,,,,,False,D:\Software\CTF\Misc\EvtxECmd\Security.evtx,Audit success,0,"{""EventData"":{""Data"":[{""@Name"":""SubjectUserSid"",""#text"":""S-1-5-19""},{""@Name"":""SubjectUserName"",""#text"":""LOCAL SERVICE""},{""@Name"":""SubjectDomainName"",""#text"":""NT AUTHORITY""},{""@Name"":""SubjectLogonId"",""#text"":""0x3E5""},{""@Name"":""Workstation"",""#text"":""4ORENSICS""},{""@Name"":""TargetUserName"",""#text"":""Administrator""},{""@Name"":""TargetDomainName"",""#text"":""4orensics""}]}}"
829,829,2016-06-21 01:47:20.1524827,4797,LogAlways,Microsoft-Windows-Security-Auditing,Security,552,2620,4orensics,7,,An attempt was made to query the existence of a blank password for an account,NT AUTHORITY\LOCAL SERVICE (S-1-5-19),,Target: 4orensics\Guest,SubjectLogonId: 0x3E5,Workstation: 4ORENSICS,,,,,False,D:\Software\CTF\Misc\EvtxECmd\Security.evtx,Audit success,0,"{""EventData"":{""Data"":[{""@Name"":""SubjectUserSid"",""#text"":""S-1-5-19""},{""@Name"":""SubjectUserName"",""#text"":""LOCAL SERVICE""},{""@Name"":""SubjectDomainName"",""#text"":""NT AUTHORITY""},{""@Name"":""SubjectLogonId"",""#text"":""0x3E5""},{""@Name"":""Workstation"",""#text"":""4ORENSICS""},{""@Name"":""TargetUserName"",""#text"":""Guest""},{""@Name"":""TargetDomainName"",""#text"":""4orensics""}]}}"
830,830,2016-06-21 01:47:20.1524827,4797,LogAlways,Microsoft-Windows-Security-Auditing,Security,552,2620,4orensics,7,,An attempt was made to query the existence of a blank password for an account,NT AUTHORITY\LOCAL SERVICE (S-1-5-19),,Target: 4orensics\HomeGroupUser$,SubjectLogonId: 0x3E5,Workstation: 4ORENSICS,,,,,False,D:\Software\CTF\Misc\EvtxECmd\Security.evtx,Audit success,0,"{""EventData"":{""Data"":[{""@Name"":""SubjectUserSid"",""#text"":""S-1-5-19""},{""@Name"":""SubjectUserName"",""#text"":""LOCAL SERVICE""},{""@Name"":""SubjectDomainName"",""#text"":""NT AUTHORITY""},{""@Name"":""SubjectLogonId"",""#text"":""0x3E5""},{""@Name"":""Workstation"",""#text"":""4ORENSICS""},{""@Name"":""TargetUserName"",""#text"":""HomeGroupUser$""},{""@Name"":""TargetDomainName"",""#text"":""4orensics""}]}}"
831,831,2016-06-21 01:47:20.1524827,4797,LogAlways,Microsoft-Windows-Security-Auditing,Security,552,2620,4orensics,7,,An attempt was made to query the existence of a blank password for an account,NT AUTHORITY\LOCAL SERVICE (S-1-5-19),,Target: 4orensics\Hunter,SubjectLogonId: 0x3E5,Workstation: 4ORENSICS,,,,,False,D:\Software\CTF\Misc\EvtxECmd\Security.evtx,Audit success,0,"{""EventData"":{""Data"":[{""@Name"":""SubjectUserSid"",""#text"":""S-1-5-19""},{""@Name"":""SubjectUserName"",""#text"":""LOCAL SERVICE""},{""@Name"":""SubjectDomainName"",""#text"":""NT AUTHORITY""},{""@Name"":""SubjectLogonId"",""#text"":""0x3E5""},{""@Name"":""Workstation"",""#text"":""4ORENSICS""},{""@Name"":""TargetUserName"",""#text"":""Hunter""},{""@Name"":""TargetDomainName"",""#text"":""4orensics""}]}}"
832,832,2016-06-21 01:47:20.1524827,4797,LogAlways,Microsoft-Windows-Security-Auditing,Security,552,2620,4orensics,7,,An attempt was made to query the existence of a blank password for an account,NT AUTHORITY\LOCAL SERVICE (S-1-5-19),,Target: 4orensics\Administrator,SubjectLogonId: 0x3E5,Workstation: 4ORENSICS,,,,,False,D:\Software\CTF\Misc\EvtxECmd\Security.evtx,Audit success,0,"{""EventData"":{""Data"":[{""@Name"":""SubjectUserSid"",""#text"":""S-1-5-19""},{""@Name"":""SubjectUserName"",""#text"":""LOCAL SERVICE""},{""@Name"":""SubjectDomainName"",""#text"":""NT AUTHORITY""},{""@Name"":""SubjectLogonId"",""#text"":""0x3E5""},{""@Name"":""Workstation"",""#text"":""4ORENSICS""},{""@Name"":""TargetUserName"",""#text"":""Administrator""},{""@Name"":""TargetDomainName"",""#text"":""4orensics""}]}}"
833,833,2016-06-21 01:47:20.1524827,4797,LogAlways,Microsoft-Windows-Security-Auditing,Security,552,2620,4orensics,7,,An attempt was made to query the existence of a blank password for an account,NT AUTHORITY\LOCAL SERVICE (S-1-5-19),,Target: 4orensics\HomeGroupUser$,SubjectLogonId: 0x3E5,Workstation: 4ORENSICS,,,,,False,D:\Software\CTF\Misc\EvtxECmd\Security.evtx,Audit success,0,"{""EventData"":{""Data"":[{""@Name"":""SubjectUserSid"",""#text"":""S-1-5-19""},{""@Name"":""SubjectUserName"",""#text"":""LOCAL SERVICE""},{""@Name"":""SubjectDomainName"",""#text"":""NT AUTHORITY""},{""@Name"":""SubjectLogonId"",""#text"":""0x3E5""},{""@Name"":""Workstation"",""#text"":""4ORENSICS""},{""@Name"":""TargetUserName"",""#text"":""HomeGroupUser$""},{""@Name"":""TargetDomainName"",""#text"":""4orensics""}]}}"
834,834,2016-06-21 01:47:20.1524827,4797,LogAlways,Microsoft-Windows-Security-Auditing,Security,552,2620,4orensics,7,,An attempt was made to query the existence of a blank password for an account,NT AUTHORITY\LOCAL SERVICE (S-1-5-19),,Target: 4orensics\Hunter,SubjectLogonId: 0x3E5,Workstation: 4ORENSICS,,,,,False,D:\Software\CTF\Misc\EvtxECmd\Security.evtx,Audit success,0,"{""EventData"":{""Data"":[{""@Name"":""SubjectUserSid"",""#text"":""S-1-5-19""},{""@Name"":""SubjectUserName"",""#text"":""LOCAL SERVICE""},{""@Name"":""SubjectDomainName"",""#text"":""NT AUTHORITY""},{""@Name"":""SubjectLogonId"",""#text"":""0x3E5""},{""@Name"":""Workstation"",""#text"":""4ORENSICS""},{""@Name"":""TargetUserName"",""#text"":""Hunter""},{""@Name"":""TargetDomainName"",""#text"":""4orensics""}]}}"
835,835,2016-06-21 01:47:20.1681112,4797,LogAlways,Microsoft-Windows-Security-Auditing,Security,552,2620,4orensics,7,,An attempt was made to query the existence of a blank password for an account,NT AUTHORITY\LOCAL SERVICE (S-1-5-19),,Target: 4orensics\Administrator,SubjectLogonId: 0x3E5,Workstation: 4ORENSICS,,,,,False,D:\Software\CTF\Misc\EvtxECmd\Security.evtx,Audit success,0,"{""EventData"":{""Data"":[{""@Name"":""SubjectUserSid"",""#text"":""S-1-5-19""},{""@Name"":""SubjectUserName"",""#text"":""LOCAL SERVICE""},{""@Name"":""SubjectDomainName"",""#text"":""NT AUTHORITY""},{""@Name"":""SubjectLogonId"",""#text"":""0x3E5""},{""@Name"":""Workstation"",""#text"":""4ORENSICS""},{""@Name"":""TargetUserName"",""#text"":""Administrator""},{""@Name"":""TargetDomainName"",""#text"":""4orensics""}]}}"
