1066,1066,2016-06-21 02:04:47.0351298,4797,LogAlways,Microsoft-Windows-Security-Auditing,Security,552,2900,4orensics,9,,An attempt was made to query the existence of a blank password for an account,4orensics\Hunter (S-1-5-21-2489440558-2754304563-710705792-1001),,Target: 4orensics\Administrator,SubjectLogonId: 0x28D50,Workstation: 4ORENSICS,,,,,False,D:\Software\CTF\Misc\EvtxECmd\Security.evtx,Audit success,0,"{""EventData"":{""Data"":[{""@Name"":""SubjectUserSid"",""#text"":""S-1-5-21-2489440558-2754304563-710705792-1001""},{""@Name"":""SubjectUserName"",""#text"":""Hunter""},{""@Name"":""SubjectDomainName"",""#text"":""4orensics""},{""@Name"":""SubjectLogonId"",""#text"":""0x28D50""},{""@Name"":""Workstation"",""#text"":""4ORENSICS""},{""@Name"":""TargetUserName"",""#text"":""Administrator""},{""@Name"":""TargetDomainName"",""#text"":""4orensics""}]}}"
1067,1067,2016-06-21 02:04:47.0360775,4797,LogAlways,Microsoft-Windows-Security-Auditing,Security,552,2900,4orensics,9,,An attempt was made to query the existence of a blank password for an account,4orensics\Hunter (S-1-5-21-2489440558-2754304563-710705792-1001),,Target: 4orensics\Guest,SubjectLogonId: 0x28D50,Workstation: 4ORENSICS,,,,,False,D:\Software\CTF\Misc\EvtxECmd\Security.evtx,Audit success,0,"{""EventData"":{""Data"":[{""@Name"":""SubjectUserSid"",""#text"":""S-1-5-21-2489440558-2754304563-710705792-1001""},{""@Name"":""SubjectUserName"",""#text"":""Hunter""},{""@Name"":""SubjectDomainName"",""#text"":""4orensics""},{""@Name"":""SubjectLogonId"",""#text"":""0x28D50""},{""@Name"":""Workstation"",""#text"":""4ORENSICS""},{""@Name"":""TargetUserName"",""#text"":""Guest""},{""@Name"":""TargetDomainName"",""#text"":""4orensics""}]}}"
1068,1068,2016-06-21 02:04:47.0360775,4797,LogAlways,Microsoft-Windows-Security-Auditing,Security,552,2900,4orensics,9,,An attempt was made to query the existence of a blank password for an account,4orensics\Hunter (S-1-5-21-2489440558-2754304563-710705792-1001),,Target: 4orensics\HomeGroupUser$,SubjectLogonId: 0x28D50,Workstation: 4ORENSICS,,,,,False,D:\Software\CTF\Misc\EvtxECmd\Security.evtx,Audit success,0,"{""EventData"":{""Data"":[{""@Name"":""SubjectUserSid"",""#text"":""S-1-5-21-2489440558-2754304563-710705792-1001""},{""@Name"":""SubjectUserName"",""#text"":""Hunter""},{""@Name"":""SubjectDomainName"",""#text"":""4orensics""},{""@Name"":""SubjectLogonId"",""#text"":""0x28D50""},{""@Name"":""Workstation"",""#text"":""4ORENSICS""},{""@Name"":""TargetUserName"",""#text"":""HomeGroupUser$""},{""@Name"":""TargetDomainName"",""#text"":""4orensics""}]}}"
1069,1069,2016-06-21 02:04:47.0416969,4797,LogAlways,Microsoft-Windows-Security-Auditing,Security,552,4656,4orensics,9,,An attempt was made to query the existence of a blank password for an account,4orensics\Hunter (S-1-5-21-2489440558-2754304563-710705792-1001),,Target: 4orensics\Administrator,SubjectLogonId: 0x28D50,Workstation: 4ORENSICS,,,,,False,D:\Software\CTF\Misc\EvtxECmd\Security.evtx,Audit success,0,"{""EventData"":{""Data"":[{""@Name"":""SubjectUserSid"",""#text"":""S-1-5-21-2489440558-2754304563-710705792-1001""},{""@Name"":""SubjectUserName"",""#text"":""Hunter""},{""@Name"":""SubjectDomainName"",""#text"":""4orensics""},{""@Name"":""SubjectLogonId"",""#text"":""0x28D50""},{""@Name"":""Workstation"",""#text"":""4ORENSICS""},{""@Name"":""TargetUserName"",""#text"":""Administrator""},{""@Name"":""TargetDomainName"",""#text"":""4orensics""}]}}"
1070,1070,2016-06-21 02:04:47.0416969,4797,LogAlways,Microsoft-Windows-Security-Auditing,Security,552,4656,4orensics,9,,An attempt was made to query the existence of a blank password for an account,4orensics\Hunter (S-1-5-21-2489440558-2754304563-710705792-1001),,Target: 4orensics\Guest,SubjectLogonId: 0x28D50,Workstation: 4ORENSICS,,,,,False,D:\Software\CTF\Misc\EvtxECmd\Security.evtx,Audit success,0,"{""EventData"":{""Data"":[{""@Name"":""SubjectUserSid"",""#text"":""S-1-5-21-2489440558-2754304563-710705792-1001""},{""@Name"":""SubjectUserName"",""#text"":""Hunter""},{""@Name"":""SubjectDomainName"",""#text"":""4orensics""},{""@Name"":""SubjectLogonId"",""#text"":""0x28D50""},{""@Name"":""Workstation"",""#text"":""4ORENSICS""},{""@Name"":""TargetUserName"",""#text"":""Guest""},{""@Name"":""TargetDomainName"",""#text"":""4orensics""}]}}"
1071,1071,2016-06-21 02:04:47.0426386,4797,LogAlways,Microsoft-Windows-Security-Auditing,Security,552,4656,4orensics,9,,An attempt was made to query the existence of a blank password for an account,4orensics\Hunter (S-1-5-21-2489440558-2754304563-710705792-1001),,Target: 4orensics\HomeGroupUser$,SubjectLogonId: 0x28D50,Workstation: 4ORENSICS,,,,,False,D:\Software\CTF\Misc\EvtxECmd\Security.evtx,Audit success,0,"{""EventData"":{""Data"":[{""@Name"":""SubjectUserSid"",""#text"":""S-1-5-21-2489440558-2754304563-710705792-1001""},{""@Name"":""SubjectUserName"",""#text"":""Hunter""},{""@Name"":""SubjectDomainName"",""#text"":""4orensics""},{""@Name"":""SubjectLogonId"",""#text"":""0x28D50""},{""@Name"":""Workstation"",""#text"":""4ORENSICS""},{""@Name"":""TargetUserName"",""#text"":""HomeGroupUser$""},{""@Name"":""TargetDomainName"",""#text"":""4orensics""}]}}"
1072,1072,2016-06-21 02:04:48.9606771,4797,LogAlways,Microsoft-Windows-Security-Auditing,Security,552,4656,4orensics,9,,An attempt was made to query the existence of a blank password for an account,4orensics\Hunter (S-1-5-21-2489440558-2754304563-710705792-1001),,Target: 4orensics\Administrator,SubjectLogonId: 0x28D50,Workstation: 4ORENSICS,,,,,False,D:\Software\CTF\Misc\EvtxECmd\Security.evtx,Audit success,0,"{""EventData"":{""Data"":[{""@Name"":""SubjectUserSid"",""#text"":""S-1-5-21-2489440558-2754304563-710705792-1001""},{""@Name"":""SubjectUserName"",""#text"":""Hunter""},{""@Name"":""SubjectDomainName"",""#text"":""4orensics""},{""@Name"":""SubjectLogonId"",""#text"":""0x28D50""},{""@Name"":""Workstation"",""#text"":""4ORENSICS""},{""@Name"":""TargetUserName"",""#text"":""Administrator""},{""@Name"":""TargetDomainName"",""#text"":""4orensics""}]}}"
1073,1073,2016-06-21 02:04:48.9613403,4797,LogAlways,Microsoft-Windows-Security-Auditing,Security,552,4656,4orensics,9,,An attempt was made to query the existence of a blank password for an account,4orensics\Hunter (S-1-5-21-2489440558-2754304563-710705792-1001),,Target: 4orensics\Guest,SubjectLogonId: 0x28D50,Workstation: 4ORENSICS,,,,,False,D:\Software\CTF\Misc\EvtxECmd\Security.evtx,Audit success,0,"{""EventData"":{""Data"":[{""@Name"":""SubjectUserSid"",""#text"":""S-1-5-21-2489440558-2754304563-710705792-1001""},{""@Name"":""SubjectUserName"",""#text"":""Hunter""},{""@Name"":""SubjectDomainName"",""#text"":""4orensics""},{""@Name"":""SubjectLogonId"",""#text"":""0x28D50""},{""@Name"":""Workstation"",""#text"":""4ORENSICS""},{""@Name"":""TargetUserName"",""#text"":""Guest""},{""@Name"":""TargetDomainName"",""#text"":""4orensics""}]}}"
1074,1074,2016-06-21 02:04:48.9621124,4797,LogAlways,Microsoft-Windows-Security-Auditing,Security,552,4656,4orensics,9,,An attempt was made to query the existence of a blank password for an account,4orensics\Hunter (S-1-5-21-2489440558-2754304563-710705792-1001),,Target: 4orensics\HomeGroupUser$,SubjectLogonId: 0x28D50,Workstation: 4ORENSICS,,,,,False,D:\Software\CTF\Misc\EvtxECmd\Security.evtx,Audit success,0,"{""EventData"":{""Data"":[{""@Name"":""SubjectUserSid"",""#text"":""S-1-5-21-2489440558-2754304563-710705792-1001""},{""@Name"":""SubjectUserName"",""#text"":""Hunter""},{""@Name"":""SubjectDomainName"",""#text"":""4orensics""},{""@Name"":""SubjectLogonId"",""#text"":""0x28D50""},{""@Name"":""Workstation"",""#text"":""4ORENSICS""},{""@Name"":""TargetUserName"",""#text"":""HomeGroupUser$""},{""@Name"":""TargetDomainName"",""#text"":""4orensics""}]}}"
1075,1075,2016-06-21 02:05:48.3534851,4797,LogAlways,Microsoft-Windows-Security-Auditing,Security,552,4656,4orensics,9,,An attempt was made to query the existence of a blank password for an account,4orensics\Hunter (S-1-5-21-2489440558-2754304563-710705792-1001),,Target: 4orensics\Administrator,SubjectLogonId: 0x28D50,Workstation: 4ORENSICS,,,,,False,D:\Software\CTF\Misc\EvtxECmd\Security.evtx,Audit success,0,"{""EventData"":{""Data"":[{""@Name"":""SubjectUserSid"",""#text"":""S-1-5-21-2489440558-2754304563-710705792-1001""},{""@Name"":""SubjectUserName"",""#text"":""Hunter""},{""@Name"":""SubjectDomainName"",""#text"":""4orensics""},{""@Name"":""SubjectLogonId"",""#text"":""0x28D50""},{""@Name"":""Workstation"",""#text"":""4ORENSICS""},{""@Name"":""TargetUserName"",""#text"":""Administrator""},{""@Name"":""TargetDomainName"",""#text"":""4orensics""}]}}"
1076,1076,2016-06-21 02:05:48.3549436,4797,LogAlways,Microsoft-Windows-Security-Auditing,Security,552,4656,4orensics,9,,An attempt was made to query the existence of a blank password for an account,4orensics\Hunter (S-1-5-21-2489440558-2754304563-710705792-1001),,Target: 4orensics\Guest,SubjectLogonId: 0x28D50,Workstation: 4ORENSICS,,,,,False,D:\Software\CTF\Misc\EvtxECmd\Security.evtx,Audit success,0,"{""EventData"":{""Data"":[{""@Name"":""SubjectUserSid"",""#text"":""S-1-5-21-2489440558-2754304563-710705792-1001""},{""@Name"":""SubjectUserName"",""#text"":""Hunter""},{""@Name"":""SubjectDomainName"",""#text"":""4orensics""},{""@Name"":""SubjectLogonId"",""#text"":""0x28D50""},{""@Name"":""Workstation"",""#text"":""4ORENSICS""},{""@Name"":""TargetUserName"",""#text"":""Guest""},{""@Name"":""TargetDomainName"",""#text"":""4orensics""}]}}"
1077,1077,2016-06-21 02:05:48.3549436,4797,LogAlways,Microsoft-Windows-Security-Auditing,Security,552,4656,4orensics,9,,An attempt was made to query the existence of a blank password for an account,4orensics\Hunter (S-1-5-21-2489440558-2754304563-710705792-1001),,Target: 4orensics\HomeGroupUser$,SubjectLogonId: 0x28D50,Workstation: 4ORENSICS,,,,,False,D:\Software\CTF\Misc\EvtxECmd\Security.evtx,Audit success,0,"{""EventData"":{""Data"":[{""@Name"":""SubjectUserSid"",""#text"":""S-1-5-21-2489440558-2754304563-710705792-1001""},{""@Name"":""SubjectUserName"",""#text"":""Hunter""},{""@Name"":""SubjectDomainName"",""#text"":""4orensics""},{""@Name"":""SubjectLogonId"",""#text"":""0x28D50""},{""@Name"":""Workstation"",""#text"":""4ORENSICS""},{""@Name"":""TargetUserName"",""#text"":""HomeGroupUser$""},{""@Name"":""TargetDomainName"",""#text"":""4orensics""}]}}"
1078,1078,2016-06-21 02:05:52.8894948,4797,LogAlways,Microsoft-Windows-Security-Auditing,Security,552,4656,4orensics,9,,An attempt was made to query the existence of a blank password for an account,4orensics\Hunter (S-1-5-21-2489440558-2754304563-710705792-1001),,Target: 4orensics\Administrator,SubjectLogonId: 0x28D50,Workstation: 4ORENSICS,,,,,False,D:\Software\CTF\Misc\EvtxECmd\Security.evtx,Audit success,0,"{""EventData"":{""Data"":[{""@Name"":""SubjectUserSid"",""#text"":""S-1-5-21-2489440558-2754304563-710705792-1001""},{""@Name"":""SubjectUserName"",""#text"":""Hunter""},{""@Name"":""SubjectDomainName"",""#text"":""4orensics""},{""@Name"":""SubjectLogonId"",""#text"":""0x28D50""},{""@Name"":""Workstation"",""#text"":""4ORENSICS""},{""@Name"":""TargetUserName"",""#text"":""Administrator""},{""@Name"":""TargetDomainName"",""#text"":""4orensics""}]}}"
1079,1079,2016-06-21 02:05:52.8908203,4797,LogAlways,Microsoft-Windows-Security-Auditing,Security,552,4656,4orensics,9,,An attempt was made to query the existence of a blank password for an account,4orensics\Hunter (S-1-5-21-2489440558-2754304563-710705792-1001),,Target: 4orensics\Guest,SubjectLogonId: 0x28D50,Workstation: 4ORENSICS,,,,,False,D:\Software\CTF\Misc\EvtxECmd\Security.evtx,Audit success,0,"{""EventData"":{""Data"":[{""@Name"":""SubjectUserSid"",""#text"":""S-1-5-21-2489440558-2754304563-710705792-1001""},{""@Name"":""SubjectUserName"",""#text"":""Hunter""},{""@Name"":""SubjectDomainName"",""#text"":""4orensics""},{""@Name"":""SubjectLogonId"",""#text"":""0x28D50""},{""@Name"":""Workstation"",""#text"":""4ORENSICS""},{""@Name"":""TargetUserName"",""#text"":""Guest""},{""@Name"":""TargetDomainName"",""#text"":""4orensics""}]}}"
1080,1080,2016-06-21 02:05:52.8921374,4797,LogAlways,Microsoft-Windows-Security-Auditing,Security,552,4656,4orensics,9,,An attempt was made to query the existence of a blank password for an account,4orensics\Hunter (S-1-5-21-2489440558-2754304563-710705792-1001),,Target: 4orensics\HomeGroupUser$,SubjectLogonId: 0x28D50,Workstation: 4ORENSICS,,,,,False,D:\Software\CTF\Misc\EvtxECmd\Security.evtx,Audit success,0,"{""EventData"":{""Data"":[{""@Name"":""SubjectUserSid"",""#text"":""S-1-5-21-2489440558-2754304563-710705792-1001""},{""@Name"":""SubjectUserName"",""#text"":""Hunter""},{""@Name"":""SubjectDomainName"",""#text"":""4orensics""},{""@Name"":""SubjectLogonId"",""#text"":""0x28D50""},{""@Name"":""Workstation"",""#text"":""4ORENSICS""},{""@Name"":""TargetUserName"",""#text"":""HomeGroupUser$""},{""@Name"":""TargetDomainName"",""#text"":""4orensics""}]}}"
1081,1081,2016-06-21 02:05:52.8992366,4797,LogAlways,Microsoft-Windows-Security-Auditing,Security,552,2900,4orensics,9,,An attempt was made to query the existence of a blank password for an account,4orensics\Hunter (S-1-5-21-2489440558-2754304563-710705792-1001),,Target: 4orensics\Administrator,SubjectLogonId: 0x28D50,Workstation: 4ORENSICS,,,,,False,D:\Software\CTF\Misc\EvtxECmd\Security.evtx,Audit success,0,"{""EventData"":{""Data"":[{""@Name"":""SubjectUserSid"",""#text"":""S-1-5-21-2489440558-2754304563-710705792-1001""},{""@Name"":""SubjectUserName"",""#text"":""Hunter""},{""@Name"":""SubjectDomainName"",""#text"":""4orensics""},{""@Name"":""SubjectLogonId"",""#text"":""0x28D50""},{""@Name"":""Workstation"",""#text"":""4ORENSICS""},{""@Name"":""TargetUserName"",""#text"":""Administrator""},{""@Name"":""TargetDomainName"",""#text"":""4orensics""}]}}"
1082,1082,2016-06-21 02:05:52.8992366,4797,LogAlways,Microsoft-Windows-Security-Auditing,Security,552,2900,4orensics,9,,An attempt was made to query the existence of a blank password for an account,4orensics\Hunter (S-1-5-21-2489440558-2754304563-710705792-1001),,Target: 4orensics\Guest,SubjectLogonId: 0x28D50,Workstation: 4ORENSICS,,,,,False,D:\Software\CTF\Misc\EvtxECmd\Security.evtx,Audit success,0,"{""EventData"":{""Data"":[{""@Name"":""SubjectUserSid"",""#text"":""S-1-5-21-2489440558-2754304563-710705792-1001""},{""@Name"":""SubjectUserName"",""#text"":""Hunter""},{""@Name"":""SubjectDomainName"",""#text"":""4orensics""},{""@Name"":""SubjectLogonId"",""#text"":""0x28D50""},{""@Name"":""Workstation"",""#text"":""4ORENSICS""},{""@Name"":""TargetUserName"",""#text"":""Guest""},{""@Name"":""TargetDomainName"",""#text"":""4orensics""}]}}"
1083,1083,2016-06-21 02:05:52.9005596,4797,LogAlways,Microsoft-Windows-Security-Auditing,Security,552,2900,4orensics,9,,An attempt was made to query the existence of a blank password for an account,4orensics\Hunter (S-1-5-21-2489440558-2754304563-710705792-1001),,Target: 4orensics\HomeGroupUser$,SubjectLogonId: 0x28D50,Workstation: 4ORENSICS,,,,,False,D:\Software\CTF\Misc\EvtxECmd\Security.evtx,Audit success,0,"{""EventData"":{""Data"":[{""@Name"":""SubjectUserSid"",""#text"":""S-1-5-21-2489440558-2754304563-710705792-1001""},{""@Name"":""SubjectUserName"",""#text"":""Hunter""},{""@Name"":""SubjectDomainName"",""#text"":""4orensics""},{""@Name"":""SubjectLogonId"",""#text"":""0x28D50""},{""@Name"":""Workstation"",""#text"":""4ORENSICS""},{""@Name"":""TargetUserName"",""#text"":""HomeGroupUser$""},{""@Name"":""TargetDomainName"",""#text"":""4orensics""}]}}"
1084,1084,2016-06-21 02:05:57.0088025,4797,LogAlways,Microsoft-Windows-Security-Auditing,Security,552,2900,4orensics,9,,An attempt was made to query the existence of a blank password for an account,4orensics\Hunter (S-1-5-21-2489440558-2754304563-710705792-1001),,Target: 4orensics\Administrator,SubjectLogonId: 0x28D50,Workstation: 4ORENSICS,,,,,False,D:\Software\CTF\Misc\EvtxECmd\Security.evtx,Audit success,0,"{""EventData"":{""Data"":[{""@Name"":""SubjectUserSid"",""#text"":""S-1-5-21-2489440558-2754304563-710705792-1001""},{""@Name"":""SubjectUserName"",""#text"":""Hunter""},{""@Name"":""SubjectDomainName"",""#text"":""4orensics""},{""@Name"":""SubjectLogonId"",""#text"":""0x28D50""},{""@Name"":""Workstation"",""#text"":""4ORENSICS""},{""@Name"":""TargetUserName"",""#text"":""Administrator""},{""@Name"":""TargetDomainName"",""#text"":""4orensics""}]}}"
1085,1085,2016-06-21 02:05:57.0088025,4797,LogAlways,Microsoft-Windows-Security-Auditing,Security,552,2900,4orensics,9,,An attempt was made to query the existence of a blank password for an account,4orensics\Hunter (S-1-5-21-2489440558-2754304563-710705792-1001),,Target: 4orensics\Guest,SubjectLogonId: 0x28D50,Workstation: 4ORENSICS,,,,,False,D:\Software\CTF\Misc\EvtxECmd\Security.evtx,Audit success,0,"{""EventData"":{""Data"":[{""@Name"":""SubjectUserSid"",""#text"":""S-1-5-21-2489440558-2754304563-710705792-1001""},{""@Name"":""SubjectUserName"",""#text"":""Hunter""},{""@Name"":""SubjectDomainName"",""#text"":""4orensics""},{""@Name"":""SubjectLogonId"",""#text"":""0x28D50""},{""@Name"":""Workstation"",""#text"":""4ORENSICS""},{""@Name"":""TargetUserName"",""#text"":""Guest""},{""@Name"":""TargetDomainName"",""#text"":""4orensics""}]}}"
1086,1086,2016-06-21 02:05:57.0103283,4797,LogAlways,Microsoft-Windows-Security-Auditing,Security,552,2900,4orensics,9,,An attempt was made to query the existence of a blank password for an account,4orensics\Hunter (S-1-5-21-2489440558-2754304563-710705792-1001),,Target: 4orensics\HomeGroupUser$,SubjectLogonId: 0x28D50,Workstation: 4ORENSICS,,,,,False,D:\Software\CTF\Misc\EvtxECmd\Security.evtx,Audit success,0,"{""EventData"":{""Data"":[{""@Name"":""SubjectUserSid"",""#text"":""S-1-5-21-2489440558-2754304563-710705792-1001""},{""@Name"":""SubjectUserName"",""#text"":""Hunter""},{""@Name"":""SubjectDomainName"",""#text"":""4orensics""},{""@Name"":""SubjectLogonId"",""#text"":""0x28D50""},{""@Name"":""Workstation"",""#text"":""4ORENSICS""},{""@Name"":""TargetUserName"",""#text"":""HomeGroupUser$""},{""@Name"":""TargetDomainName"",""#text"":""4orensics""}]}}"
1087,1087,2016-06-21 02:06:01.7567175,4797,LogAlways,Microsoft-Windows-Security-Auditing,Security,552,2900,4orensics,9,,An attempt was made to query the existence of a blank password for an account,4orensics\Hunter (S-1-5-21-2489440558-2754304563-710705792-1001),,Target: 4orensics\Administrator,SubjectLogonId: 0x28D50,Workstation: 4ORENSICS,,,,,False,D:\Software\CTF\Misc\EvtxECmd\Security.evtx,Audit success,0,"{""EventData"":{""Data"":[{""@Name"":""SubjectUserSid"",""#text"":""S-1-5-21-2489440558-2754304563-710705792-1001""},{""@Name"":""SubjectUserName"",""#text"":""Hunter""},{""@Name"":""SubjectDomainName"",""#text"":""4orensics""},{""@Name"":""SubjectLogonId"",""#text"":""0x28D50""},{""@Name"":""Workstation"",""#text"":""4ORENSICS""},{""@Name"":""TargetUserName"",""#text"":""Administrator""},{""@Name"":""TargetDomainName"",""#text"":""4orensics""}]}}"
1088,1088,2016-06-21 02:06:01.7581306,4797,LogAlways,Microsoft-Windows-Security-Auditing,Security,552,2900,4orensics,9,,An attempt was made to query the existence of a blank password for an account,4orensics\Hunter (S-1-5-21-2489440558-2754304563-710705792-1001),,Target: 4orensics\Guest,SubjectLogonId: 0x28D50,Workstation: 4ORENSICS,,,,,False,D:\Software\CTF\Misc\EvtxECmd\Security.evtx,Audit success,0,"{""EventData"":{""Data"":[{""@Name"":""SubjectUserSid"",""#text"":""S-1-5-21-2489440558-2754304563-710705792-1001""},{""@Name"":""SubjectUserName"",""#text"":""Hunter""},{""@Name"":""SubjectDomainName"",""#text"":""4orensics""},{""@Name"":""SubjectLogonId"",""#text"":""0x28D50""},{""@Name"":""Workstation"",""#text"":""4ORENSICS""},{""@Name"":""TargetUserName"",""#text"":""Guest""},{""@Name"":""TargetDomainName"",""#text"":""4orensics""}]}}"
1089,1089,2016-06-21 02:06:01.7581306,4797,LogAlways,Microsoft-Windows-Security-Auditing,Security,552,2900,4orensics,9,,An attempt was made to query the existence of a blank password for an account,4orensics\Hunter (S-1-5-21-2489440558-2754304563-710705792-1001),,Target: 4orensics\HomeGroupUser$,SubjectLogonId: 0x28D50,Workstation: 4ORENSICS,,,,,False,D:\Software\CTF\Misc\EvtxECmd\Security.evtx,Audit success,0,"{""EventData"":{""Data"":[{""@Name"":""SubjectUserSid"",""#text"":""S-1-5-21-2489440558-2754304563-710705792-1001""},{""@Name"":""SubjectUserName"",""#text"":""Hunter""},{""@Name"":""SubjectDomainName"",""#text"":""4orensics""},{""@Name"":""SubjectLogonId"",""#text"":""0x28D50""},{""@Name"":""Workstation"",""#text"":""4ORENSICS""},{""@Name"":""TargetUserName"",""#text"":""HomeGroupUser$""},{""@Name"":""TargetDomainName"",""#text"":""4orensics""}]}}"
1090,1090,2016-06-21 02:24:07.4135124,4797,LogAlways,Microsoft-Windows-Security-Auditing,Security,552,652,4orensics,9,,An attempt was made to query the existence of a blank password for an account,4orensics\Hunter (S-1-5-21-2489440558-2754304563-710705792-1001),,Target: 4orensics\Administrator,SubjectLogonId: 0x28D50,Workstation: 4ORENSICS,,,,,False,D:\Software\CTF\Misc\EvtxECmd\Security.evtx,Audit success,0,"{""EventData"":{""Data"":[{""@Name"":""SubjectUserSid"",""#text"":""S-1-5-21-2489440558-2754304563-710705792-1001""},{""@Name"":""SubjectUserName"",""#text"":""Hunter""},{""@Name"":""SubjectDomainName"",""#text"":""4orensics""},{""@Name"":""SubjectLogonId"",""#text"":""0x28D50""},{""@Name"":""Workstation"",""#text"":""4ORENSICS""},{""@Name"":""TargetUserName"",""#text"":""Administrator""},{""@Name"":""TargetDomainName"",""#text"":""4orensics""}]}}"
1091,1091,2016-06-21 02:24:07.4161391,4797,LogAlways,Microsoft-Windows-Security-Auditing,Security,552,652,4orensics,9,,An attempt was made to query the existence of a blank password for an account,4orensics\Hunter (S-1-5-21-2489440558-2754304563-710705792-1001),,Target: 4orensics\Guest,SubjectLogonId: 0x28D50,Workstation: 4ORENSICS,,,,,False,D:\Software\CTF\Misc\EvtxECmd\Security.evtx,Audit success,0,"{""EventData"":{""Data"":[{""@Name"":""SubjectUserSid"",""#text"":""S-1-5-21-2489440558-2754304563-710705792-1001""},{""@Name"":""SubjectUserName"",""#text"":""Hunter""},{""@Name"":""SubjectDomainName"",""#text"":""4orensics""},{""@Name"":""SubjectLogonId"",""#text"":""0x28D50""},{""@Name"":""Workstation"",""#text"":""4ORENSICS""},{""@Name"":""TargetUserName"",""#text"":""Guest""},{""@Name"":""TargetDomainName"",""#text"":""4orensics""}]}}"
1092,1092,2016-06-21 02:24:07.4166642,4797,LogAlways,Microsoft-Windows-Security-Auditing,Security,552,652,4orensics,9,,An attempt was made to query the existence of a blank password for an account,4orensics\Hunter (S-1-5-21-2489440558-2754304563-710705792-1001),,Target: 4orensics\HomeGroupUser$,SubjectLogonId: 0x28D50,Workstation: 4ORENSICS,,,,,False,D:\Software\CTF\Misc\EvtxECmd\Security.evtx,Audit success,0,"{""EventData"":{""Data"":[{""@Name"":""SubjectUserSid"",""#text"":""S-1-5-21-2489440558-2754304563-710705792-1001""},{""@Name"":""SubjectUserName"",""#text"":""Hunter""},{""@Name"":""SubjectDomainName"",""#text"":""4orensics""},{""@Name"":""SubjectLogonId"",""#text"":""0x28D50""},{""@Name"":""Workstation"",""#text"":""4ORENSICS""},{""@Name"":""TargetUserName"",""#text"":""HomeGroupUser$""},{""@Name"":""TargetDomainName"",""#text"":""4orensics""}]}}"
1093,1093,2016-06-21 02:24:07.4228260,4797,LogAlways,Microsoft-Windows-Security-Auditing,Security,552,2620,4orensics,9,,An attempt was made to query the existence of a blank password for an account,4orensics\Hunter (S-1-5-21-2489440558-2754304563-710705792-1001),,Target: 4orensics\Administrator,SubjectLogonId: 0x28D50,Workstation: 4ORENSICS,,,,,False,D:\Software\CTF\Misc\EvtxECmd\Security.evtx,Audit success,0,"{""EventData"":{""Data"":[{""@Name"":""SubjectUserSid"",""#text"":""S-1-5-21-2489440558-2754304563-710705792-1001""},{""@Name"":""SubjectUserName"",""#text"":""Hunter""},{""@Name"":""SubjectDomainName"",""#text"":""4orensics""},{""@Name"":""SubjectLogonId"",""#text"":""0x28D50""},{""@Name"":""Workstation"",""#text"":""4ORENSICS""},{""@Name"":""TargetUserName"",""#text"":""Administrator""},{""@Name"":""TargetDomainName"",""#text"":""4orensics""}]}}"
1094,1094,2016-06-21 02:24:07.4233326,4797,LogAlways,Microsoft-Windows-Security-Auditing,Security,552,2620,4orensics,9,,An attempt was made to query the existence of a blank password for an account,4orensics\Hunter (S-1-5-21-2489440558-2754304563-710705792-1001),,Target: 4orensics\Guest,SubjectLogonId: 0x28D50,Workstation: 4ORENSICS,,,,,False,D:\Software\CTF\Misc\EvtxECmd\Security.evtx,Audit success,0,"{""EventData"":{""Data"":[{""@Name"":""SubjectUserSid"",""#text"":""S-1-5-21-2489440558-2754304563-710705792-1001""},{""@Name"":""SubjectUserName"",""#text"":""Hunter""},{""@Name"":""SubjectDomainName"",""#text"":""4orensics""},{""@Name"":""SubjectLogonId"",""#text"":""0x28D50""},{""@Name"":""Workstation"",""#text"":""4ORENSICS""},{""@Name"":""TargetUserName"",""#text"":""Guest""},{""@Name"":""TargetDomainName"",""#text"":""4orensics""}]}}"
1095,1095,2016-06-21 02:24:07.4238463,4797,LogAlways,Microsoft-Windows-Security-Auditing,Security,552,2620,4orensics,9,,An attempt was made to query the existence of a blank password for an account,4orensics\Hunter (S-1-5-21-2489440558-2754304563-710705792-1001),,Target: 4orensics\HomeGroupUser$,SubjectLogonId: 0x28D50,Workstation: 4ORENSICS,,,,,False,D:\Software\CTF\Misc\EvtxECmd\Security.evtx,Audit success,0,"{""EventData"":{""Data"":[{""@Name"":""SubjectUserSid"",""#text"":""S-1-5-21-2489440558-2754304563-710705792-1001""},{""@Name"":""SubjectUserName"",""#text"":""Hunter""},{""@Name"":""SubjectDomainName"",""#text"":""4orensics""},{""@Name"":""SubjectLogonId"",""#text"":""0x28D50""},{""@Name"":""Workstation"",""#text"":""4ORENSICS""},{""@Name"":""TargetUserName"",""#text"":""HomeGroupUser$""},{""@Name"":""TargetDomainName"",""#text"":""4orensics""}]}}"
1096,1096,2016-06-21 10:40:33.5948384,4616,LogAlways,Microsoft-Windows-Security-Auditing,Security,4,180,4orensics,9,,The system time was changed,WORKGROUP\4ORENSICS$ (S-1-5-18),,Previous Time: 2016-06-21 02:24:13.2919990,New Time: 2016-06-21 10:40:33.5940000,LogonId: 0x3E7,,,,C:\Windows\System32\VBoxService.exe,False,D:\Software\CTF\Misc\EvtxECmd\Security.evtx,Audit success,0,"{""EventData"":{""Data"":[{""@Name"":""SubjectUserSid"",""#text"":""S-1-5-18""},{""@Name"":""SubjectUserName"",""#text"":""4ORENSICS$""},{""@Name"":""SubjectDomainName"",""#text"":""WORKGROUP""},{""@Name"":""SubjectLogonId"",""#text"":""0x3E7""},{""@Name"":""PreviousTime"",""#text"":""2016-06-21 02:24:13.2919990""},{""@Name"":""NewTime"",""#text"":""2016-06-21 10:40:33.5940000""},{""@Name"":""ProcessId"",""#text"":""0x310""},{""@Name"":""ProcessName"",""#text"":""C:\\Windows\\System32\\VBoxService.exe""}]}}"
1097,1097,2016-06-21 10:40:34.7741909,5058,LogAlways,Microsoft-Windows-Security-Auditing,Security,552,652,4orensics,9,,,,,,,,,,,,False,D:\Software\CTF\Misc\EvtxECmd\Security.evtx,Audit success,0,"{""EventData"":{""Data"":[{""@Name"":""SubjectUserSid"",""#text"":""S-1-5-19""},{""@Name"":""SubjectUserName"",""#text"":""LOCAL SERVICE""},{""@Name"":""SubjectDomainName"",""#text"":""NT AUTHORITY""},{""@Name"":""SubjectLogonId"",""#text"":""0x3E5""},{""@Name"":""ProviderName"",""#text"":""Microsoft Software Key Storage Provider""},{""@Name"":""AlgorithmName"",""#text"":""UNKNOWN""},{""@Name"":""KeyName"",""#text"":""e88023d6-5817-4baf-adba-50dedef4b51c""},{""@Name"":""KeyType"",""#text"":""%%2499""},{""@Name"":""KeyFilePath"",""#text"":""C:\\ProgramData\\Microsoft\\Crypto\\RSA\\MachineKeys\\6f0f6a84b4ba6b526d61f29171ca39de_d9c2a8ce-f7d7-45e5-b8e6-d5bc43da1b57""},{""@Name"":""Operation"",""#text"":""%%2458""},{""@Name"":""ReturnCode"",""#text"":""0x0""}]}}"
1098,1098,2016-06-21 10:40:34.7741909,5061,LogAlways,Microsoft-Windows-Security-Auditing,Security,552,2620,4orensics,9,,,,,,,,,,,,False,D:\Software\CTF\Misc\EvtxECmd\Security.evtx,Audit success,0,"{""EventData"":{""Data"":[{""@Name"":""SubjectUserSid"",""#text"":""S-1-5-19""},{""@Name"":""SubjectUserName"",""#text"":""LOCAL SERVICE""},{""@Name"":""SubjectDomainName"",""#text"":""NT AUTHORITY""},{""@Name"":""SubjectLogonId"",""#text"":""0x3E5""},{""@Name"":""ProviderName"",""#text"":""Microsoft Software Key Storage Provider""},{""@Name"":""AlgorithmName"",""#text"":""RSA""},{""@Name"":""KeyName"",""#text"":""e88023d6-5817-4baf-adba-50dedef4b51c""},{""@Name"":""KeyType"",""#text"":""%%2499""},{""@Name"":""Operation"",""#text"":""%%2480""},{""@Name"":""ReturnCode"",""#text"":""0x0""}]}}"
1099,1099,2016-06-21 10:40:35.3435404,4797,LogAlways,Microsoft-Windows-Security-Auditing,Security,552,652,4orensics,9,,An attempt was made to query the existence of a blank password for an account,4orensics\Hunter (S-1-5-21-2489440558-2754304563-710705792-1001),,Target: 4orensics\Administrator,SubjectLogonId: 0x28D50,Workstation: 4ORENSICS,,,,,False,D:\Software\CTF\Misc\EvtxECmd\Security.evtx,Audit success,0,"{""EventData"":{""Data"":[{""@Name"":""SubjectUserSid"",""#text"":""S-1-5-21-2489440558-2754304563-710705792-1001""},{""@Name"":""SubjectUserName"",""#text"":""Hunter""},{""@Name"":""SubjectDomainName"",""#text"":""4orensics""},{""@Name"":""SubjectLogonId"",""#text"":""0x28D50""},{""@Name"":""Workstation"",""#text"":""4ORENSICS""},{""@Name"":""TargetUserName"",""#text"":""Administrator""},{""@Name"":""TargetDomainName"",""#text"":""4orensics""}]}}"
1100,1100,2016-06-21 10:40:35.3444395,4797,LogAlways,Microsoft-Windows-Security-Auditing,Security,552,652,4orensics,9,,An attempt was made to query the existence of a blank password for an account,4orensics\Hunter (S-1-5-21-2489440558-2754304563-710705792-1001),,Target: 4orensics\Guest,SubjectLogonId: 0x28D50,Workstation: 4ORENSICS,,,,,False,D:\Software\CTF\Misc\EvtxECmd\Security.evtx,Audit success,0,"{""EventData"":{""Data"":[{""@Name"":""SubjectUserSid"",""#text"":""S-1-5-21-2489440558-2754304563-710705792-1001""},{""@Name"":""SubjectUserName"",""#text"":""Hunter""},{""@Name"":""SubjectDomainName"",""#text"":""4orensics""},{""@Name"":""SubjectLogonId"",""#text"":""0x28D50""},{""@Name"":""Workstation"",""#text"":""4ORENSICS""},{""@Name"":""TargetUserName"",""#text"":""Guest""},{""@Name"":""TargetDomainName"",""#text"":""4orensics""}]}}"
1101,1101,2016-06-21 10:40:35.3444395,4797,LogAlways,Microsoft-Windows-Security-Auditing,Security,552,652,4orensics,9,,An attempt was made to query the existence of a blank password for an account,4orensics\Hunter (S-1-5-21-2489440558-2754304563-710705792-1001),,Target: 4orensics\HomeGroupUser$,SubjectLogonId: 0x28D50,Workstation: 4ORENSICS,,,,,False,D:\Software\CTF\Misc\EvtxECmd\Security.evtx,Audit success,0,"{""EventData"":{""Data"":[{""@Name"":""SubjectUserSid"",""#text"":""S-1-5-21-2489440558-2754304563-710705792-1001""},{""@Name"":""SubjectUserName"",""#text"":""Hunter""},{""@Name"":""SubjectDomainName"",""#text"":""4orensics""},{""@Name"":""SubjectLogonId"",""#text"":""0x28D50""},{""@Name"":""Workstation"",""#text"":""4ORENSICS""},{""@Name"":""TargetUserName"",""#text"":""HomeGroupUser$""},{""@Name"":""TargetDomainName"",""#text"":""4orensics""}]}}"
1102,1102,2016-06-21 10:40:35.3519978,5058,LogAlways,Microsoft-Windows-Security-Auditing,Security,552,912,4orensics,9,,,,,,,,,,,,False,D:\Software\CTF\Misc\EvtxECmd\Security.evtx,Audit success,0,"{""EventData"":{""Data"":[{""@Name"":""SubjectUserSid"",""#text"":""S-1-5-18""},{""@Name"":""SubjectUserName"",""#text"":""4ORENSICS$""},{""@Name"":""SubjectDomainName"",""#text"":""WORKGROUP""},{""@Name"":""SubjectLogonId"",""#text"":""0x3E7""},{""@Name"":""ProviderName"",""#text"":""Microsoft Software Key Storage Provider""},{""@Name"":""AlgorithmName"",""#text"":""UNKNOWN""},{""@Name"":""KeyName"",""#text"":""{5792FEC4-E7E9-4143-BE55-B4545BB0AFE7}""},{""@Name"":""KeyType"",""#text"":""%%2499""},{""@Name"":""KeyFilePath"",""#text"":""C:\\ProgramData\\Microsoft\\Crypto\\Keys\\4417d2ec10b335a1c00e99ec3f632bbb_d9c2a8ce-f7d7-45e5-b8e6-d5bc43da1b57""},{""@Name"":""Operation"",""#text"":""%%2458""},{""@Name"":""ReturnCode"",""#text"":""0x0""}]}}"
1103,1103,2016-06-21 10:40:35.3529965,5061,LogAlways,Microsoft-Windows-Security-Auditing,Security,552,912,4orensics,9,,,,,,,,,,,,False,D:\Software\CTF\Misc\EvtxECmd\Security.evtx,Audit success,0,"{""EventData"":{""Data"":[{""@Name"":""SubjectUserSid"",""#text"":""S-1-5-18""},{""@Name"":""SubjectUserName"",""#text"":""4ORENSICS$""},{""@Name"":""SubjectDomainName"",""#text"":""WORKGROUP""},{""@Name"":""SubjectLogonId"",""#text"":""0x3E7""},{""@Name"":""ProviderName"",""#text"":""Microsoft Software Key Storage Provider""},{""@Name"":""AlgorithmName"",""#text"":""RSA""},{""@Name"":""KeyName"",""#text"":""{5792FEC4-E7E9-4143-BE55-B4545BB0AFE7}""},{""@Name"":""KeyType"",""#text"":""%%2499""},{""@Name"":""Operation"",""#text"":""%%2480""},{""@Name"":""ReturnCode"",""#text"":""0x0""}]}}"
1104,1104,2016-06-21 10:40:35.3669765,4797,LogAlways,Microsoft-Windows-Security-Auditing,Security,552,3792,4orensics,9,,An attempt was made to query the existence of a blank password for an account,4orensics\Hunter (S-1-5-21-2489440558-2754304563-710705792-1001),,Target: 4orensics\Administrator,SubjectLogonId: 0x28D50,Workstation: 4ORENSICS,,,,,False,D:\Software\CTF\Misc\EvtxECmd\Security.evtx,Audit success,0,"{""EventData"":{""Data"":[{""@Name"":""SubjectUserSid"",""#text"":""S-1-5-21-2489440558-2754304563-710705792-1001""},{""@Name"":""SubjectUserName"",""#text"":""Hunter""},{""@Name"":""SubjectDomainName"",""#text"":""4orensics""},{""@Name"":""SubjectLogonId"",""#text"":""0x28D50""},{""@Name"":""Workstation"",""#text"":""4ORENSICS""},{""@Name"":""TargetUserName"",""#text"":""Administrator""},{""@Name"":""TargetDomainName"",""#text"":""4orensics""}]}}"
1105,1105,2016-06-21 10:40:35.3677074,4797,LogAlways,Microsoft-Windows-Security-Auditing,Security,552,3792,4orensics,9,,An attempt was made to query the existence of a blank password for an account,4orensics\Hunter (S-1-5-21-2489440558-2754304563-710705792-1001),,Target: 4orensics\Guest,SubjectLogonId: 0x28D50,Workstation: 4ORENSICS,,,,,False,D:\Software\CTF\Misc\EvtxECmd\Security.evtx,Audit success,0,"{""EventData"":{""Data"":[{""@Name"":""SubjectUserSid"",""#text"":""S-1-5-21-2489440558-2754304563-710705792-1001""},{""@Name"":""SubjectUserName"",""#text"":""Hunter""},{""@Name"":""SubjectDomainName"",""#text"":""4orensics""},{""@Name"":""SubjectLogonId"",""#text"":""0x28D50""},{""@Name"":""Workstation"",""#text"":""4ORENSICS""},{""@Name"":""TargetUserName"",""#text"":""Guest""},{""@Name"":""TargetDomainName"",""#text"":""4orensics""}]}}"
1106,1106,2016-06-21 10:40:35.3686839,4797,LogAlways,Microsoft-Windows-Security-Auditing,Security,552,3792,4orensics,9,,An attempt was made to query the existence of a blank password for an account,4orensics\Hunter (S-1-5-21-2489440558-2754304563-710705792-1001),,Target: 4orensics\HomeGroupUser$,SubjectLogonId: 0x28D50,Workstation: 4ORENSICS,,,,,False,D:\Software\CTF\Misc\EvtxECmd\Security.evtx,Audit success,0,"{""EventData"":{""Data"":[{""@Name"":""SubjectUserSid"",""#text"":""S-1-5-21-2489440558-2754304563-710705792-1001""},{""@Name"":""SubjectUserName"",""#text"":""Hunter""},{""@Name"":""SubjectDomainName"",""#text"":""4orensics""},{""@Name"":""SubjectLogonId"",""#text"":""0x28D50""},{""@Name"":""Workstation"",""#text"":""4ORENSICS""},{""@Name"":""TargetUserName"",""#text"":""HomeGroupUser$""},{""@Name"":""TargetDomainName"",""#text"":""4orensics""}]}}"
1107,1107,2016-06-21 10:40:35.3725717,4797,LogAlways,Microsoft-Windows-Security-Auditing,Security,552,3792,4orensics,9,,An attempt was made to query the existence of a blank password for an account,4orensics\Hunter (S-1-5-21-2489440558-2754304563-710705792-1001),,Target: 4orensics\Administrator,SubjectLogonId: 0x28D50,Workstation: 4ORENSICS,,,,,False,D:\Software\CTF\Misc\EvtxECmd\Security.evtx,Audit success,0,"{""EventData"":{""Data"":[{""@Name"":""SubjectUserSid"",""#text"":""S-1-5-21-2489440558-2754304563-710705792-1001""},{""@Name"":""SubjectUserName"",""#text"":""Hunter""},{""@Name"":""SubjectDomainName"",""#text"":""4orensics""},{""@Name"":""SubjectLogonId"",""#text"":""0x28D50""},{""@Name"":""Workstation"",""#text"":""4ORENSICS""},{""@Name"":""TargetUserName"",""#text"":""Administrator""},{""@Name"":""TargetDomainName"",""#text"":""4orensics""}]}}"
1108,1108,2016-06-21 10:40:35.3737149,4797,LogAlways,Microsoft-Windows-Security-Auditing,Security,552,3792,4orensics,9,,An attempt was made to query the existence of a blank password for an account,4orensics\Hunter (S-1-5-21-2489440558-2754304563-710705792-1001),,Target: 4orensics\Guest,SubjectLogonId: 0x28D50,Workstation: 4ORENSICS,,,,,False,D:\Software\CTF\Misc\EvtxECmd\Security.evtx,Audit success,0,"{""EventData"":{""Data"":[{""@Name"":""SubjectUserSid"",""#text"":""S-1-5-21-2489440558-2754304563-710705792-1001""},{""@Name"":""SubjectUserName"",""#text"":""Hunter""},{""@Name"":""SubjectDomainName"",""#text"":""4orensics""},{""@Name"":""SubjectLogonId"",""#text"":""0x28D50""},{""@Name"":""Workstation"",""#text"":""4ORENSICS""},{""@Name"":""TargetUserName"",""#text"":""Guest""},{""@Name"":""TargetDomainName"",""#text"":""4orensics""}]}}"
1109,1109,2016-06-21 10:40:35.3737149,4797,LogAlways,Microsoft-Windows-Security-Auditing,Security,552,3792,4orensics,9,,An attempt was made to query the existence of a blank password for an account,4orensics\Hunter (S-1-5-21-2489440558-2754304563-710705792-1001),,Target: 4orensics\HomeGroupUser$,SubjectLogonId: 0x28D50,Workstation: 4ORENSICS,,,,,False,D:\Software\CTF\Misc\EvtxECmd\Security.evtx,Audit success,0,"{""EventData"":{""Data"":[{""@Name"":""SubjectUserSid"",""#text"":""S-1-5-21-2489440558-2754304563-710705792-1001""},{""@Name"":""SubjectUserName"",""#text"":""Hunter""},{""@Name"":""SubjectDomainName"",""#text"":""4orensics""},{""@Name"":""SubjectLogonId"",""#text"":""0x28D50""},{""@Name"":""Workstation"",""#text"":""4ORENSICS""},{""@Name"":""TargetUserName"",""#text"":""HomeGroupUser$""},{""@Name"":""TargetDomainName"",""#text"":""4orensics""}]}}"
1110,1110,2016-06-21 10:40:35.3876235,4797,LogAlways,Microsoft-Windows-Security-Auditing,Security,552,2620,4orensics,9,,An attempt was made to query the existence of a blank password for an account,4orensics\Hunter (S-1-5-21-2489440558-2754304563-710705792-1001),,Target: 4orensics\Administrator,SubjectLogonId: 0x28D50,Workstation: 4ORENSICS,,,,,False,D:\Software\CTF\Misc\EvtxECmd\Security.evtx,Audit success,0,"{""EventData"":{""Data"":[{""@Name"":""SubjectUserSid"",""#text"":""S-1-5-21-2489440558-2754304563-710705792-1001""},{""@Name"":""SubjectUserName"",""#text"":""Hunter""},{""@Name"":""SubjectDomainName"",""#text"":""4orensics""},{""@Name"":""SubjectLogonId"",""#text"":""0x28D50""},{""@Name"":""Workstation"",""#text"":""4ORENSICS""},{""@Name"":""TargetUserName"",""#text"":""Administrator""},{""@Name"":""TargetDomainName"",""#text"":""4orensics""}]}}"
1111,1111,2016-06-21 10:40:35.3885727,4797,LogAlways,Microsoft-Windows-Security-Auditing,Security,552,2620,4orensics,9,,An attempt was made to query the existence of a blank password for an account,4orensics\Hunter (S-1-5-21-2489440558-2754304563-710705792-1001),,Target: 4orensics\Guest,SubjectLogonId: 0x28D50,Workstation: 4ORENSICS,,,,,False,D:\Software\CTF\Misc\EvtxECmd\Security.evtx,Audit success,0,"{""EventData"":{""Data"":[{""@Name"":""SubjectUserSid"",""#text"":""S-1-5-21-2489440558-2754304563-710705792-1001""},{""@Name"":""SubjectUserName"",""#text"":""Hunter""},{""@Name"":""SubjectDomainName"",""#text"":""4orensics""},{""@Name"":""SubjectLogonId"",""#text"":""0x28D50""},{""@Name"":""Workstation"",""#text"":""4ORENSICS""},{""@Name"":""TargetUserName"",""#text"":""Guest""},{""@Name"":""TargetDomainName"",""#text"":""4orensics""}]}}"
1112,1112,2016-06-21 10:40:35.3895216,4797,LogAlways,Microsoft-Windows-Security-Auditing,Security,552,2620,4orensics,9,,An attempt was made to query the existence of a blank password for an account,4orensics\Hunter (S-1-5-21-2489440558-2754304563-710705792-1001),,Target: 4orensics\HomeGroupUser$,SubjectLogonId: 0x28D50,Workstation: 4ORENSICS,,,,,False,D:\Software\CTF\Misc\EvtxECmd\Security.evtx,Audit success,0,"{""EventData"":{""Data"":[{""@Name"":""SubjectUserSid"",""#text"":""S-1-5-21-2489440558-2754304563-710705792-1001""},{""@Name"":""SubjectUserName"",""#text"":""Hunter""},{""@Name"":""SubjectDomainName"",""#text"":""4orensics""},{""@Name"":""SubjectLogonId"",""#text"":""0x28D50""},{""@Name"":""Workstation"",""#text"":""4ORENSICS""},{""@Name"":""TargetUserName"",""#text"":""HomeGroupUser$""},{""@Name"":""TargetDomainName"",""#text"":""4orensics""}]}}"
1113,1113,2016-06-21 10:40:35.3934571,4797,LogAlways,Microsoft-Windows-Security-Auditing,Security,552,2620,4orensics,9,,An attempt was made to query the existence of a blank password for an account,4orensics\Hunter (S-1-5-21-2489440558-2754304563-710705792-1001),,Target: 4orensics\Administrator,SubjectLogonId: 0x28D50,Workstation: 4ORENSICS,,,,,False,D:\Software\CTF\Misc\EvtxECmd\Security.evtx,Audit success,0,"{""EventData"":{""Data"":[{""@Name"":""SubjectUserSid"",""#text"":""S-1-5-21-2489440558-2754304563-710705792-1001""},{""@Name"":""SubjectUserName"",""#text"":""Hunter""},{""@Name"":""SubjectDomainName"",""#text"":""4orensics""},{""@Name"":""SubjectLogonId"",""#text"":""0x28D50""},{""@Name"":""Workstation"",""#text"":""4ORENSICS""},{""@Name"":""TargetUserName"",""#text"":""Administrator""},{""@Name"":""TargetDomainName"",""#text"":""4orensics""}]}}"
1114,1114,2016-06-21 10:40:35.3934571,4797,LogAlways,Microsoft-Windows-Security-Auditing,Security,552,2620,4orensics,9,,An attempt was made to query the existence of a blank password for an account,4orensics\Hunter (S-1-5-21-2489440558-2754304563-710705792-1001),,Target: 4orensics\Guest,SubjectLogonId: 0x28D50,Workstation: 4ORENSICS,,,,,False,D:\Software\CTF\Misc\EvtxECmd\Security.evtx,Audit success,0,"{""EventData"":{""Data"":[{""@Name"":""SubjectUserSid"",""#text"":""S-1-5-21-2489440558-2754304563-710705792-1001""},{""@Name"":""SubjectUserName"",""#text"":""Hunter""},{""@Name"":""SubjectDomainName"",""#text"":""4orensics""},{""@Name"":""SubjectLogonId"",""#text"":""0x28D50""},{""@Name"":""Workstation"",""#text"":""4ORENSICS""},{""@Name"":""TargetUserName"",""#text"":""Guest""},{""@Name"":""TargetDomainName"",""#text"":""4orensics""}]}}"
1115,1115,2016-06-21 10:40:35.3946349,4797,LogAlways,Microsoft-Windows-Security-Auditing,Security,552,2620,4orensics,9,,An attempt was made to query the existence of a blank password for an account,4orensics\Hunter (S-1-5-21-2489440558-2754304563-710705792-1001),,Target: 4orensics\HomeGroupUser$,SubjectLogonId: 0x28D50,Workstation: 4ORENSICS,,,,,False,D:\Software\CTF\Misc\EvtxECmd\Security.evtx,Audit success,0,"{""EventData"":{""Data"":[{""@Name"":""SubjectUserSid"",""#text"":""S-1-5-21-2489440558-2754304563-710705792-1001""},{""@Name"":""SubjectUserName"",""#text"":""Hunter""},{""@Name"":""SubjectDomainName"",""#text"":""4orensics""},{""@Name"":""SubjectLogonId"",""#text"":""0x28D50""},{""@Name"":""Workstation"",""#text"":""4ORENSICS""},{""@Name"":""TargetUserName"",""#text"":""HomeGroupUser$""},{""@Name"":""TargetDomainName"",""#text"":""4orensics""}]}}"
1116,1116,2016-06-21 10:40:35.3974627,4797,LogAlways,Microsoft-Windows-Security-Auditing,Security,552,2620,4orensics,9,,An attempt was made to query the existence of a blank password for an account,4orensics\Hunter (S-1-5-21-2489440558-2754304563-710705792-1001),,Target: 4orensics\Administrator,SubjectLogonId: 0x28D50,Workstation: 4ORENSICS,,,,,False,D:\Software\CTF\Misc\EvtxECmd\Security.evtx,Audit success,0,"{""EventData"":{""Data"":[{""@Name"":""SubjectUserSid"",""#text"":""S-1-5-21-2489440558-2754304563-710705792-1001""},{""@Name"":""SubjectUserName"",""#text"":""Hunter""},{""@Name"":""SubjectDomainName"",""#text"":""4orensics""},{""@Name"":""SubjectLogonId"",""#text"":""0x28D50""},{""@Name"":""Workstation"",""#text"":""4ORENSICS""},{""@Name"":""TargetUserName"",""#text"":""Administrator""},{""@Name"":""TargetDomainName"",""#text"":""4orensics""}]}}"
1117,1117,2016-06-21 10:40:35.3984469,4797,LogAlways,Microsoft-Windows-Security-Auditing,Security,552,2620,4orensics,9,,An attempt was made to query the existence of a blank password for an account,4orensics\Hunter (S-1-5-21-2489440558-2754304563-710705792-1001),,Target: 4orensics\Guest,SubjectLogonId: 0x28D50,Workstation: 4ORENSICS,,,,,False,D:\Software\CTF\Misc\EvtxECmd\Security.evtx,Audit success,0,"{""EventData"":{""Data"":[{""@Name"":""SubjectUserSid"",""#text"":""S-1-5-21-2489440558-2754304563-710705792-1001""},{""@Name"":""SubjectUserName"",""#text"":""Hunter""},{""@Name"":""SubjectDomainName"",""#text"":""4orensics""},{""@Name"":""SubjectLogonId"",""#text"":""0x28D50""},{""@Name"":""Workstation"",""#text"":""4ORENSICS""},{""@Name"":""TargetUserName"",""#text"":""Guest""},{""@Name"":""TargetDomainName"",""#text"":""4orensics""}]}}"
1118,1118,2016-06-21 10:40:35.3984469,4797,LogAlways,Microsoft-Windows-Security-Auditing,Security,552,2620,4orensics,9,,An attempt was made to query the existence of a blank password for an account,4orensics\Hunter (S-1-5-21-2489440558-2754304563-710705792-1001),,Target: 4orensics\HomeGroupUser$,SubjectLogonId: 0x28D50,Workstation: 4ORENSICS,,,,,False,D:\Software\CTF\Misc\EvtxECmd\Security.evtx,Audit success,0,"{""EventData"":{""Data"":[{""@Name"":""SubjectUserSid"",""#text"":""S-1-5-21-2489440558-2754304563-710705792-1001""},{""@Name"":""SubjectUserName"",""#text"":""Hunter""},{""@Name"":""SubjectDomainName"",""#text"":""4orensics""},{""@Name"":""SubjectLogonId"",""#text"":""0x28D50""},{""@Name"":""Workstation"",""#text"":""4ORENSICS""},{""@Name"":""TargetUserName"",""#text"":""HomeGroupUser$""},{""@Name"":""TargetDomainName"",""#text"":""4orensics""}]}}"
1119,1119,2016-06-21 10:40:35.4026367,4797,LogAlways,Microsoft-Windows-Security-Auditing,Security,552,2620,4orensics,9,,An attempt was made to query the existence of a blank password for an account,4orensics\Hunter (S-1-5-21-2489440558-2754304563-710705792-1001),,Target: 4orensics\Administrator,SubjectLogonId: 0x28D50,Workstation: 4ORENSICS,,,,,False,D:\Software\CTF\Misc\EvtxECmd\Security.evtx,Audit success,0,"{""EventData"":{""Data"":[{""@Name"":""SubjectUserSid"",""#text"":""S-1-5-21-2489440558-2754304563-710705792-1001""},{""@Name"":""SubjectUserName"",""#text"":""Hunter""},{""@Name"":""SubjectDomainName"",""#text"":""4orensics""},{""@Name"":""SubjectLogonId"",""#text"":""0x28D50""},{""@Name"":""Workstation"",""#text"":""4ORENSICS""},{""@Name"":""TargetUserName"",""#text"":""Administrator""},{""@Name"":""TargetDomainName"",""#text"":""4orensics""}]}}"
1120,1120,2016-06-21 10:40:35.4035784,4797,LogAlways,Microsoft-Windows-Security-Auditing,Security,552,2620,4orensics,9,,An attempt was made to query the existence of a blank password for an account,4orensics\Hunter (S-1-5-21-2489440558-2754304563-710705792-1001),,Target: 4orensics\Guest,SubjectLogonId: 0x28D50,Workstation: 4ORENSICS,,,,,False,D:\Software\CTF\Misc\EvtxECmd\Security.evtx,Audit success,0,"{""EventData"":{""Data"":[{""@Name"":""SubjectUserSid"",""#text"":""S-1-5-21-2489440558-2754304563-710705792-1001""},{""@Name"":""SubjectUserName"",""#text"":""Hunter""},{""@Name"":""SubjectDomainName"",""#text"":""4orensics""},{""@Name"":""SubjectLogonId"",""#text"":""0x28D50""},{""@Name"":""Workstation"",""#text"":""4ORENSICS""},{""@Name"":""TargetUserName"",""#text"":""Guest""},{""@Name"":""TargetDomainName"",""#text"":""4orensics""}]}}"
1121,1121,2016-06-21 10:40:35.4045205,4797,LogAlways,Microsoft-Windows-Security-Auditing,Security,552,2620,4orensics,9,,An attempt was made to query the existence of a blank password for an account,4orensics\Hunter (S-1-5-21-2489440558-2754304563-710705792-1001),,Target: 4orensics\HomeGroupUser$,SubjectLogonId: 0x28D50,Workstation: 4ORENSICS,,,,,False,D:\Software\CTF\Misc\EvtxECmd\Security.evtx,Audit success,0,"{""EventData"":{""Data"":[{""@Name"":""SubjectUserSid"",""#text"":""S-1-5-21-2489440558-2754304563-710705792-1001""},{""@Name"":""SubjectUserName"",""#text"":""Hunter""},{""@Name"":""SubjectDomainName"",""#text"":""4orensics""},{""@Name"":""SubjectLogonId"",""#text"":""0x28D50""},{""@Name"":""Workstation"",""#text"":""4ORENSICS""},{""@Name"":""TargetUserName"",""#text"":""HomeGroupUser$""},{""@Name"":""TargetDomainName"",""#text"":""4orensics""}]}}"
1122,1122,2016-06-21 10:40:35.8727084,4797,LogAlways,Microsoft-Windows-Security-Auditing,Security,552,2620,4orensics,9,,An attempt was made to query the existence of a blank password for an account,4orensics\Hunter (S-1-5-21-2489440558-2754304563-710705792-1001),,Target: 4orensics\Administrator,SubjectLogonId: 0x28D50,Workstation: 4ORENSICS,,,,,False,D:\Software\CTF\Misc\EvtxECmd\Security.evtx,Audit success,0,"{""EventData"":{""Data"":[{""@Name"":""SubjectUserSid"",""#text"":""S-1-5-21-2489440558-2754304563-710705792-1001""},{""@Name"":""SubjectUserName"",""#text"":""Hunter""},{""@Name"":""SubjectDomainName"",""#text"":""4orensics""},{""@Name"":""SubjectLogonId"",""#text"":""0x28D50""},{""@Name"":""Workstation"",""#text"":""4ORENSICS""},{""@Name"":""TargetUserName"",""#text"":""Administrator""},{""@Name"":""TargetDomainName"",""#text"":""4orensics""}]}}"
