1391,1391,2016-06-21 11:54:51.0185846,4797,LogAlways,Microsoft-Windows-Security-Auditing,Security,552,2620,4orensics,11,,An attempt was made to query the existence of a blank password for an account,4orensics\Hunter (S-1-5-21-2489440558-2754304563-710705792-1001),,Target: 4orensics\Administrator,SubjectLogonId: 0x28D50,Workstation: 4ORENSICS,,,,,False,D:\Software\CTF\Misc\EvtxECmd\Security.evtx,Audit success,0,"{""EventData"":{""Data"":[{""@Name"":""SubjectUserSid"",""#text"":""S-1-5-21-2489440558-2754304563-710705792-1001""},{""@Name"":""SubjectUserName"",""#text"":""Hunter""},{""@Name"":""SubjectDomainName"",""#text"":""4orensics""},{""@Name"":""SubjectLogonId"",""#text"":""0x28D50""},{""@Name"":""Workstation"",""#text"":""4ORENSICS""},{""@Name"":""TargetUserName"",""#text"":""Administrator""},{""@Name"":""TargetDomainName"",""#text"":""4orensics""}]}}"
1392,1392,2016-06-21 11:54:51.0195739,4797,LogAlways,Microsoft-Windows-Security-Auditing,Security,552,2620,4orensics,11,,An attempt was made to query the existence of a blank password for an account,4orensics\Hunter (S-1-5-21-2489440558-2754304563-710705792-1001),,Target: 4orensics\Guest,SubjectLogonId: 0x28D50,Workstation: 4ORENSICS,,,,,False,D:\Software\CTF\Misc\EvtxECmd\Security.evtx,Audit success,0,"{""EventData"":{""Data"":[{""@Name"":""SubjectUserSid"",""#text"":""S-1-5-21-2489440558-2754304563-710705792-1001""},{""@Name"":""SubjectUserName"",""#text"":""Hunter""},{""@Name"":""SubjectDomainName"",""#text"":""4orensics""},{""@Name"":""SubjectLogonId"",""#text"":""0x28D50""},{""@Name"":""Workstation"",""#text"":""4ORENSICS""},{""@Name"":""TargetUserName"",""#text"":""Guest""},{""@Name"":""TargetDomainName"",""#text"":""4orensics""}]}}"
1393,1393,2016-06-21 11:54:51.0195739,4797,LogAlways,Microsoft-Windows-Security-Auditing,Security,552,2620,4orensics,11,,An attempt was made to query the existence of a blank password for an account,4orensics\Hunter (S-1-5-21-2489440558-2754304563-710705792-1001),,Target: 4orensics\HomeGroupUser$,SubjectLogonId: 0x28D50,Workstation: 4ORENSICS,,,,,False,D:\Software\CTF\Misc\EvtxECmd\Security.evtx,Audit success,0,"{""EventData"":{""Data"":[{""@Name"":""SubjectUserSid"",""#text"":""S-1-5-21-2489440558-2754304563-710705792-1001""},{""@Name"":""SubjectUserName"",""#text"":""Hunter""},{""@Name"":""SubjectDomainName"",""#text"":""4orensics""},{""@Name"":""SubjectLogonId"",""#text"":""0x28D50""},{""@Name"":""Workstation"",""#text"":""4ORENSICS""},{""@Name"":""TargetUserName"",""#text"":""HomeGroupUser$""},{""@Name"":""TargetDomainName"",""#text"":""4orensics""}]}}"
1394,1394,2016-06-21 12:00:52.1222451,4797,LogAlways,Microsoft-Windows-Security-Auditing,Security,552,5148,4orensics,11,,An attempt was made to query the existence of a blank password for an account,4orensics\Hunter (S-1-5-21-2489440558-2754304563-710705792-1001),,Target: 4orensics\Administrator,SubjectLogonId: 0x28D50,Workstation: 4ORENSICS,,,,,False,D:\Software\CTF\Misc\EvtxECmd\Security.evtx,Audit success,0,"{""EventData"":{""Data"":[{""@Name"":""SubjectUserSid"",""#text"":""S-1-5-21-2489440558-2754304563-710705792-1001""},{""@Name"":""SubjectUserName"",""#text"":""Hunter""},{""@Name"":""SubjectDomainName"",""#text"":""4orensics""},{""@Name"":""SubjectLogonId"",""#text"":""0x28D50""},{""@Name"":""Workstation"",""#text"":""4ORENSICS""},{""@Name"":""TargetUserName"",""#text"":""Administrator""},{""@Name"":""TargetDomainName"",""#text"":""4orensics""}]}}"
1395,1395,2016-06-21 12:00:52.1232210,4797,LogAlways,Microsoft-Windows-Security-Auditing,Security,552,5148,4orensics,11,,An attempt was made to query the existence of a blank password for an account,4orensics\Hunter (S-1-5-21-2489440558-2754304563-710705792-1001),,Target: 4orensics\Guest,SubjectLogonId: 0x28D50,Workstation: 4ORENSICS,,,,,False,D:\Software\CTF\Misc\EvtxECmd\Security.evtx,Audit success,0,"{""EventData"":{""Data"":[{""@Name"":""SubjectUserSid"",""#text"":""S-1-5-21-2489440558-2754304563-710705792-1001""},{""@Name"":""SubjectUserName"",""#text"":""Hunter""},{""@Name"":""SubjectDomainName"",""#text"":""4orensics""},{""@Name"":""SubjectLogonId"",""#text"":""0x28D50""},{""@Name"":""Workstation"",""#text"":""4ORENSICS""},{""@Name"":""TargetUserName"",""#text"":""Guest""},{""@Name"":""TargetDomainName"",""#text"":""4orensics""}]}}"
1396,1396,2016-06-21 12:00:52.1232210,4797,LogAlways,Microsoft-Windows-Security-Auditing,Security,552,5148,4orensics,11,,An attempt was made to query the existence of a blank password for an account,4orensics\Hunter (S-1-5-21-2489440558-2754304563-710705792-1001),,Target: 4orensics\HomeGroupUser$,SubjectLogonId: 0x28D50,Workstation: 4ORENSICS,,,,,False,D:\Software\CTF\Misc\EvtxECmd\Security.evtx,Audit success,0,"{""EventData"":{""Data"":[{""@Name"":""SubjectUserSid"",""#text"":""S-1-5-21-2489440558-2754304563-710705792-1001""},{""@Name"":""SubjectUserName"",""#text"":""Hunter""},{""@Name"":""SubjectDomainName"",""#text"":""4orensics""},{""@Name"":""SubjectLogonId"",""#text"":""0x28D50""},{""@Name"":""Workstation"",""#text"":""4ORENSICS""},{""@Name"":""TargetUserName"",""#text"":""HomeGroupUser$""},{""@Name"":""TargetDomainName"",""#text"":""4orensics""}]}}"
1397,1397,2016-06-21 12:01:06.8673909,4624,LogAlways,Microsoft-Windows-Security-Auditing,Security,552,2620,4orensics,11,,Successful logon,WORKGROUP\4ORENSICS$," (-)",Target: NT AUTHORITY\SYSTEM,LogonType 5,LogonId: 0x3E7,AuthenticationPackageName: Negotiate,"LogonProcessName: Advapi  ",,C:\Windows\System32\services.exe,False,D:\Software\CTF\Misc\EvtxECmd\Security.evtx,Audit success,0,"{""EventData"":{""Data"":[{""@Name"":""SubjectUserSid"",""#text"":""S-1-5-18""},{""@Name"":""SubjectUserName"",""#text"":""4ORENSICS$""},{""@Name"":""SubjectDomainName"",""#text"":""WORKGROUP""},{""@Name"":""SubjectLogonId"",""#text"":""0x3E7""},{""@Name"":""TargetUserSid"",""#text"":""S-1-5-18""},{""@Name"":""TargetUserName"",""#text"":""SYSTEM""},{""@Name"":""TargetDomainName"",""#text"":""NT AUTHORITY""},{""@Name"":""TargetLogonId"",""#text"":""0x3E7""},{""@Name"":""LogonType"",""#text"":""5""},{""@Name"":""LogonProcessName"",""#text"":""Advapi  ""},{""@Name"":""AuthenticationPackageName"",""#text"":""Negotiate""},{""@Name"":""WorkstationName""},{""@Name"":""LogonGuid"",""#text"":""00000000-0000-0000-0000-000000000000""},{""@Name"":""TransmittedServices"",""#text"":""-""},{""@Name"":""LmPackageName"",""#text"":""-""},{""@Name"":""KeyLength"",""#text"":""0""},{""@Name"":""ProcessId"",""#text"":""0x220""},{""@Name"":""ProcessName"",""#text"":""C:\\Windows\\System32\\services.exe""},{""@Name"":""IpAddress"",""#text"":""-""},{""@Name"":""IpPort"",""#text"":""-""},{""@Name"":""ImpersonationLevel"",""#text"":""%%1833""}]}}"
1398,1398,2016-06-21 12:01:06.8673909,4672,LogAlways,Microsoft-Windows-Security-Auditing,Security,552,2620,4orensics,11,,Administrative logon,NT AUTHORITY\SYSTEM (S-1-5-18),,"PrivilegeList: SeAssignPrimaryTokenPrivilege, SeTcbPrivilege, SeSecurityPrivilege, SeTakeOwnershipPrivilege, SeLoadDriverPrivilege, SeBackupPrivilege, SeRestorePrivilege, SeDebugPrivilege, SeAuditPrivilege, SeSystemEnvironmentPrivilege, SeImpersonatePrivilege",LogonId: 0x3E7,,,,,,False,D:\Software\CTF\Misc\EvtxECmd\Security.evtx,Audit success,0,"{""EventData"":{""Data"":[{""@Name"":""SubjectUserSid"",""#text"":""S-1-5-18""},{""@Name"":""SubjectUserName"",""#text"":""SYSTEM""},{""@Name"":""SubjectDomainName"",""#text"":""NT AUTHORITY""},{""@Name"":""SubjectLogonId"",""#text"":""0x3E7""},{""@Name"":""PrivilegeList"",""#text"":""SeAssignPrimaryTokenPrivilege, SeTcbPrivilege, SeSecurityPrivilege, SeTakeOwnershipPrivilege, SeLoadDriverPrivilege, SeBackupPrivilege, SeRestorePrivilege, SeDebugPrivilege, SeAuditPrivilege, SeSystemEnvironmentPrivilege, SeImpersonatePrivilege""}]}}"
1399,1399,2016-06-21 12:01:06.8907339,4624,LogAlways,Microsoft-Windows-Security-Auditing,Security,552,2620,4orensics,11,,Successful logon,WORKGROUP\4ORENSICS$," (-)",Target: NT AUTHORITY\SYSTEM,LogonType 5,LogonId: 0x3E7,AuthenticationPackageName: Negotiate,"LogonProcessName: Advapi  ",,C:\Windows\System32\services.exe,False,D:\Software\CTF\Misc\EvtxECmd\Security.evtx,Audit success,0,"{""EventData"":{""Data"":[{""@Name"":""SubjectUserSid"",""#text"":""S-1-5-18""},{""@Name"":""SubjectUserName"",""#text"":""4ORENSICS$""},{""@Name"":""SubjectDomainName"",""#text"":""WORKGROUP""},{""@Name"":""SubjectLogonId"",""#text"":""0x3E7""},{""@Name"":""TargetUserSid"",""#text"":""S-1-5-18""},{""@Name"":""TargetUserName"",""#text"":""SYSTEM""},{""@Name"":""TargetDomainName"",""#text"":""NT AUTHORITY""},{""@Name"":""TargetLogonId"",""#text"":""0x3E7""},{""@Name"":""LogonType"",""#text"":""5""},{""@Name"":""LogonProcessName"",""#text"":""Advapi  ""},{""@Name"":""AuthenticationPackageName"",""#text"":""Negotiate""},{""@Name"":""WorkstationName""},{""@Name"":""LogonGuid"",""#text"":""00000000-0000-0000-0000-000000000000""},{""@Name"":""TransmittedServices"",""#text"":""-""},{""@Name"":""LmPackageName"",""#text"":""-""},{""@Name"":""KeyLength"",""#text"":""0""},{""@Name"":""ProcessId"",""#text"":""0x220""},{""@Name"":""ProcessName"",""#text"":""C:\\Windows\\System32\\services.exe""},{""@Name"":""IpAddress"",""#text"":""-""},{""@Name"":""IpPort"",""#text"":""-""},{""@Name"":""ImpersonationLevel"",""#text"":""%%1833""}]}}"
1400,1400,2016-06-21 12:01:06.8907339,4672,LogAlways,Microsoft-Windows-Security-Auditing,Security,552,2620,4orensics,11,,Administrative logon,NT AUTHORITY\SYSTEM (S-1-5-18),,"PrivilegeList: SeAssignPrimaryTokenPrivilege, SeTcbPrivilege, SeSecurityPrivilege, SeTakeOwnershipPrivilege, SeLoadDriverPrivilege, SeBackupPrivilege, SeRestorePrivilege, SeDebugPrivilege, SeAuditPrivilege, SeSystemEnvironmentPrivilege, SeImpersonatePrivilege",LogonId: 0x3E7,,,,,,False,D:\Software\CTF\Misc\EvtxECmd\Security.evtx,Audit success,0,"{""EventData"":{""Data"":[{""@Name"":""SubjectUserSid"",""#text"":""S-1-5-18""},{""@Name"":""SubjectUserName"",""#text"":""SYSTEM""},{""@Name"":""SubjectDomainName"",""#text"":""NT AUTHORITY""},{""@Name"":""SubjectLogonId"",""#text"":""0x3E7""},{""@Name"":""PrivilegeList"",""#text"":""SeAssignPrimaryTokenPrivilege, SeTcbPrivilege, SeSecurityPrivilege, SeTakeOwnershipPrivilege, SeLoadDriverPrivilege, SeBackupPrivilege, SeRestorePrivilege, SeDebugPrivilege, SeAuditPrivilege, SeSystemEnvironmentPrivilege, SeImpersonatePrivilege""}]}}"
1401,1401,2016-06-21 12:01:09.7822166,4797,LogAlways,Microsoft-Windows-Security-Auditing,Security,552,2500,4orensics,11,,An attempt was made to query the existence of a blank password for an account,4orensics\Hunter (S-1-5-21-2489440558-2754304563-710705792-1001),,Target: 4orensics\Administrator,SubjectLogonId: 0x28D50,Workstation: 4ORENSICS,,,,,False,D:\Software\CTF\Misc\EvtxECmd\Security.evtx,Audit success,0,"{""EventData"":{""Data"":[{""@Name"":""SubjectUserSid"",""#text"":""S-1-5-21-2489440558-2754304563-710705792-1001""},{""@Name"":""SubjectUserName"",""#text"":""Hunter""},{""@Name"":""SubjectDomainName"",""#text"":""4orensics""},{""@Name"":""SubjectLogonId"",""#text"":""0x28D50""},{""@Name"":""Workstation"",""#text"":""4ORENSICS""},{""@Name"":""TargetUserName"",""#text"":""Administrator""},{""@Name"":""TargetDomainName"",""#text"":""4orensics""}]}}"
1402,1402,2016-06-21 12:01:09.7829063,4797,LogAlways,Microsoft-Windows-Security-Auditing,Security,552,2500,4orensics,11,,An attempt was made to query the existence of a blank password for an account,4orensics\Hunter (S-1-5-21-2489440558-2754304563-710705792-1001),,Target: 4orensics\Guest,SubjectLogonId: 0x28D50,Workstation: 4ORENSICS,,,,,False,D:\Software\CTF\Misc\EvtxECmd\Security.evtx,Audit success,0,"{""EventData"":{""Data"":[{""@Name"":""SubjectUserSid"",""#text"":""S-1-5-21-2489440558-2754304563-710705792-1001""},{""@Name"":""SubjectUserName"",""#text"":""Hunter""},{""@Name"":""SubjectDomainName"",""#text"":""4orensics""},{""@Name"":""SubjectLogonId"",""#text"":""0x28D50""},{""@Name"":""Workstation"",""#text"":""4ORENSICS""},{""@Name"":""TargetUserName"",""#text"":""Guest""},{""@Name"":""TargetDomainName"",""#text"":""4orensics""}]}}"
1403,1403,2016-06-21 12:01:09.7829063,4797,LogAlways,Microsoft-Windows-Security-Auditing,Security,552,2500,4orensics,11,,An attempt was made to query the existence of a blank password for an account,4orensics\Hunter (S-1-5-21-2489440558-2754304563-710705792-1001),,Target: 4orensics\HomeGroupUser$,SubjectLogonId: 0x28D50,Workstation: 4ORENSICS,,,,,False,D:\Software\CTF\Misc\EvtxECmd\Security.evtx,Audit success,0,"{""EventData"":{""Data"":[{""@Name"":""SubjectUserSid"",""#text"":""S-1-5-21-2489440558-2754304563-710705792-1001""},{""@Name"":""SubjectUserName"",""#text"":""Hunter""},{""@Name"":""SubjectDomainName"",""#text"":""4orensics""},{""@Name"":""SubjectLogonId"",""#text"":""0x28D50""},{""@Name"":""Workstation"",""#text"":""4ORENSICS""},{""@Name"":""TargetUserName"",""#text"":""HomeGroupUser$""},{""@Name"":""TargetDomainName"",""#text"":""4orensics""}]}}"
1404,1404,2016-06-21 12:01:12.5607237,4797,LogAlways,Microsoft-Windows-Security-Auditing,Security,552,2500,4orensics,11,,An attempt was made to query the existence of a blank password for an account,4orensics\Hunter (S-1-5-21-2489440558-2754304563-710705792-1001),,Target: 4orensics\Administrator,SubjectLogonId: 0x28D50,Workstation: 4ORENSICS,,,,,False,D:\Software\CTF\Misc\EvtxECmd\Security.evtx,Audit success,0,"{""EventData"":{""Data"":[{""@Name"":""SubjectUserSid"",""#text"":""S-1-5-21-2489440558-2754304563-710705792-1001""},{""@Name"":""SubjectUserName"",""#text"":""Hunter""},{""@Name"":""SubjectDomainName"",""#text"":""4orensics""},{""@Name"":""SubjectLogonId"",""#text"":""0x28D50""},{""@Name"":""Workstation"",""#text"":""4ORENSICS""},{""@Name"":""TargetUserName"",""#text"":""Administrator""},{""@Name"":""TargetDomainName"",""#text"":""4orensics""}]}}"
1405,1405,2016-06-21 12:01:12.5607237,4797,LogAlways,Microsoft-Windows-Security-Auditing,Security,552,2500,4orensics,11,,An attempt was made to query the existence of a blank password for an account,4orensics\Hunter (S-1-5-21-2489440558-2754304563-710705792-1001),,Target: 4orensics\Guest,SubjectLogonId: 0x28D50,Workstation: 4ORENSICS,,,,,False,D:\Software\CTF\Misc\EvtxECmd\Security.evtx,Audit success,0,"{""EventData"":{""Data"":[{""@Name"":""SubjectUserSid"",""#text"":""S-1-5-21-2489440558-2754304563-710705792-1001""},{""@Name"":""SubjectUserName"",""#text"":""Hunter""},{""@Name"":""SubjectDomainName"",""#text"":""4orensics""},{""@Name"":""SubjectLogonId"",""#text"":""0x28D50""},{""@Name"":""Workstation"",""#text"":""4ORENSICS""},{""@Name"":""TargetUserName"",""#text"":""Guest""},{""@Name"":""TargetDomainName"",""#text"":""4orensics""}]}}"
1406,1406,2016-06-21 12:01:12.5615105,4797,LogAlways,Microsoft-Windows-Security-Auditing,Security,552,2500,4orensics,11,,An attempt was made to query the existence of a blank password for an account,4orensics\Hunter (S-1-5-21-2489440558-2754304563-710705792-1001),,Target: 4orensics\HomeGroupUser$,SubjectLogonId: 0x28D50,Workstation: 4ORENSICS,,,,,False,D:\Software\CTF\Misc\EvtxECmd\Security.evtx,Audit success,0,"{""EventData"":{""Data"":[{""@Name"":""SubjectUserSid"",""#text"":""S-1-5-21-2489440558-2754304563-710705792-1001""},{""@Name"":""SubjectUserName"",""#text"":""Hunter""},{""@Name"":""SubjectDomainName"",""#text"":""4orensics""},{""@Name"":""SubjectLogonId"",""#text"":""0x28D50""},{""@Name"":""Workstation"",""#text"":""4ORENSICS""},{""@Name"":""TargetUserName"",""#text"":""HomeGroupUser$""},{""@Name"":""TargetDomainName"",""#text"":""4orensics""}]}}"
1407,1407,2016-06-21 12:01:16.4252842,4797,LogAlways,Microsoft-Windows-Security-Auditing,Security,552,2500,4orensics,11,,An attempt was made to query the existence of a blank password for an account,4orensics\Hunter (S-1-5-21-2489440558-2754304563-710705792-1001),,Target: 4orensics\Administrator,SubjectLogonId: 0x28D50,Workstation: 4ORENSICS,,,,,False,D:\Software\CTF\Misc\EvtxECmd\Security.evtx,Audit success,0,"{""EventData"":{""Data"":[{""@Name"":""SubjectUserSid"",""#text"":""S-1-5-21-2489440558-2754304563-710705792-1001""},{""@Name"":""SubjectUserName"",""#text"":""Hunter""},{""@Name"":""SubjectDomainName"",""#text"":""4orensics""},{""@Name"":""SubjectLogonId"",""#text"":""0x28D50""},{""@Name"":""Workstation"",""#text"":""4ORENSICS""},{""@Name"":""TargetUserName"",""#text"":""Administrator""},{""@Name"":""TargetDomainName"",""#text"":""4orensics""}]}}"
1408,1408,2016-06-21 12:01:16.4252842,4797,LogAlways,Microsoft-Windows-Security-Auditing,Security,552,2500,4orensics,11,,An attempt was made to query the existence of a blank password for an account,4orensics\Hunter (S-1-5-21-2489440558-2754304563-710705792-1001),,Target: 4orensics\Guest,SubjectLogonId: 0x28D50,Workstation: 4ORENSICS,,,,,False,D:\Software\CTF\Misc\EvtxECmd\Security.evtx,Audit success,0,"{""EventData"":{""Data"":[{""@Name"":""SubjectUserSid"",""#text"":""S-1-5-21-2489440558-2754304563-710705792-1001""},{""@Name"":""SubjectUserName"",""#text"":""Hunter""},{""@Name"":""SubjectDomainName"",""#text"":""4orensics""},{""@Name"":""SubjectLogonId"",""#text"":""0x28D50""},{""@Name"":""Workstation"",""#text"":""4ORENSICS""},{""@Name"":""TargetUserName"",""#text"":""Guest""},{""@Name"":""TargetDomainName"",""#text"":""4orensics""}]}}"
1409,1409,2016-06-21 12:01:16.4252842,4797,LogAlways,Microsoft-Windows-Security-Auditing,Security,552,2500,4orensics,11,,An attempt was made to query the existence of a blank password for an account,4orensics\Hunter (S-1-5-21-2489440558-2754304563-710705792-1001),,Target: 4orensics\HomeGroupUser$,SubjectLogonId: 0x28D50,Workstation: 4ORENSICS,,,,,False,D:\Software\CTF\Misc\EvtxECmd\Security.evtx,Audit success,0,"{""EventData"":{""Data"":[{""@Name"":""SubjectUserSid"",""#text"":""S-1-5-21-2489440558-2754304563-710705792-1001""},{""@Name"":""SubjectUserName"",""#text"":""Hunter""},{""@Name"":""SubjectDomainName"",""#text"":""4orensics""},{""@Name"":""SubjectLogonId"",""#text"":""0x28D50""},{""@Name"":""Workstation"",""#text"":""4ORENSICS""},{""@Name"":""TargetUserName"",""#text"":""HomeGroupUser$""},{""@Name"":""TargetDomainName"",""#text"":""4orensics""}]}}"
1410,1410,2016-06-21 12:01:24.7307916,4797,LogAlways,Microsoft-Windows-Security-Auditing,Security,552,2500,4orensics,11,,An attempt was made to query the existence of a blank password for an account,4orensics\Hunter (S-1-5-21-2489440558-2754304563-710705792-1001),,Target: 4orensics\Administrator,SubjectLogonId: 0x28D50,Workstation: 4ORENSICS,,,,,False,D:\Software\CTF\Misc\EvtxECmd\Security.evtx,Audit success,0,"{""EventData"":{""Data"":[{""@Name"":""SubjectUserSid"",""#text"":""S-1-5-21-2489440558-2754304563-710705792-1001""},{""@Name"":""SubjectUserName"",""#text"":""Hunter""},{""@Name"":""SubjectDomainName"",""#text"":""4orensics""},{""@Name"":""SubjectLogonId"",""#text"":""0x28D50""},{""@Name"":""Workstation"",""#text"":""4ORENSICS""},{""@Name"":""TargetUserName"",""#text"":""Administrator""},{""@Name"":""TargetDomainName"",""#text"":""4orensics""}]}}"
1411,1411,2016-06-21 12:01:24.7314099,4797,LogAlways,Microsoft-Windows-Security-Auditing,Security,552,2500,4orensics,11,,An attempt was made to query the existence of a blank password for an account,4orensics\Hunter (S-1-5-21-2489440558-2754304563-710705792-1001),,Target: 4orensics\Guest,SubjectLogonId: 0x28D50,Workstation: 4ORENSICS,,,,,False,D:\Software\CTF\Misc\EvtxECmd\Security.evtx,Audit success,0,"{""EventData"":{""Data"":[{""@Name"":""SubjectUserSid"",""#text"":""S-1-5-21-2489440558-2754304563-710705792-1001""},{""@Name"":""SubjectUserName"",""#text"":""Hunter""},{""@Name"":""SubjectDomainName"",""#text"":""4orensics""},{""@Name"":""SubjectLogonId"",""#text"":""0x28D50""},{""@Name"":""Workstation"",""#text"":""4ORENSICS""},{""@Name"":""TargetUserName"",""#text"":""Guest""},{""@Name"":""TargetDomainName"",""#text"":""4orensics""}]}}"
1412,1412,2016-06-21 12:01:24.7314099,4797,LogAlways,Microsoft-Windows-Security-Auditing,Security,552,2500,4orensics,11,,An attempt was made to query the existence of a blank password for an account,4orensics\Hunter (S-1-5-21-2489440558-2754304563-710705792-1001),,Target: 4orensics\HomeGroupUser$,SubjectLogonId: 0x28D50,Workstation: 4ORENSICS,,,,,False,D:\Software\CTF\Misc\EvtxECmd\Security.evtx,Audit success,0,"{""EventData"":{""Data"":[{""@Name"":""SubjectUserSid"",""#text"":""S-1-5-21-2489440558-2754304563-710705792-1001""},{""@Name"":""SubjectUserName"",""#text"":""Hunter""},{""@Name"":""SubjectDomainName"",""#text"":""4orensics""},{""@Name"":""SubjectLogonId"",""#text"":""0x28D50""},{""@Name"":""Workstation"",""#text"":""4ORENSICS""},{""@Name"":""TargetUserName"",""#text"":""HomeGroupUser$""},{""@Name"":""TargetDomainName"",""#text"":""4orensics""}]}}"
1413,1413,2016-06-21 12:01:30.9980617,4797,LogAlways,Microsoft-Windows-Security-Auditing,Security,552,2500,4orensics,11,,An attempt was made to query the existence of a blank password for an account,4orensics\Hunter (S-1-5-21-2489440558-2754304563-710705792-1001),,Target: 4orensics\Administrator,SubjectLogonId: 0x28D50,Workstation: 4ORENSICS,,,,,False,D:\Software\CTF\Misc\EvtxECmd\Security.evtx,Audit success,0,"{""EventData"":{""Data"":[{""@Name"":""SubjectUserSid"",""#text"":""S-1-5-21-2489440558-2754304563-710705792-1001""},{""@Name"":""SubjectUserName"",""#text"":""Hunter""},{""@Name"":""SubjectDomainName"",""#text"":""4orensics""},{""@Name"":""SubjectLogonId"",""#text"":""0x28D50""},{""@Name"":""Workstation"",""#text"":""4ORENSICS""},{""@Name"":""TargetUserName"",""#text"":""Administrator""},{""@Name"":""TargetDomainName"",""#text"":""4orensics""}]}}"
1414,1414,2016-06-21 12:01:30.9980617,4797,LogAlways,Microsoft-Windows-Security-Auditing,Security,552,2500,4orensics,11,,An attempt was made to query the existence of a blank password for an account,4orensics\Hunter (S-1-5-21-2489440558-2754304563-710705792-1001),,Target: 4orensics\Guest,SubjectLogonId: 0x28D50,Workstation: 4ORENSICS,,,,,False,D:\Software\CTF\Misc\EvtxECmd\Security.evtx,Audit success,0,"{""EventData"":{""Data"":[{""@Name"":""SubjectUserSid"",""#text"":""S-1-5-21-2489440558-2754304563-710705792-1001""},{""@Name"":""SubjectUserName"",""#text"":""Hunter""},{""@Name"":""SubjectDomainName"",""#text"":""4orensics""},{""@Name"":""SubjectLogonId"",""#text"":""0x28D50""},{""@Name"":""Workstation"",""#text"":""4ORENSICS""},{""@Name"":""TargetUserName"",""#text"":""Guest""},{""@Name"":""TargetDomainName"",""#text"":""4orensics""}]}}"
1415,1415,2016-06-21 12:01:30.9986090,4797,LogAlways,Microsoft-Windows-Security-Auditing,Security,552,2500,4orensics,11,,An attempt was made to query the existence of a blank password for an account,4orensics\Hunter (S-1-5-21-2489440558-2754304563-710705792-1001),,Target: 4orensics\HomeGroupUser$,SubjectLogonId: 0x28D50,Workstation: 4ORENSICS,,,,,False,D:\Software\CTF\Misc\EvtxECmd\Security.evtx,Audit success,0,"{""EventData"":{""Data"":[{""@Name"":""SubjectUserSid"",""#text"":""S-1-5-21-2489440558-2754304563-710705792-1001""},{""@Name"":""SubjectUserName"",""#text"":""Hunter""},{""@Name"":""SubjectDomainName"",""#text"":""4orensics""},{""@Name"":""SubjectLogonId"",""#text"":""0x28D50""},{""@Name"":""Workstation"",""#text"":""4ORENSICS""},{""@Name"":""TargetUserName"",""#text"":""HomeGroupUser$""},{""@Name"":""TargetDomainName"",""#text"":""4orensics""}]}}"
1416,1416,2016-06-21 12:01:36.9472482,4797,LogAlways,Microsoft-Windows-Security-Auditing,Security,552,2500,4orensics,11,,An attempt was made to query the existence of a blank password for an account,4orensics\Hunter (S-1-5-21-2489440558-2754304563-710705792-1001),,Target: 4orensics\Administrator,SubjectLogonId: 0x28D50,Workstation: 4ORENSICS,,,,,False,D:\Software\CTF\Misc\EvtxECmd\Security.evtx,Audit success,0,"{""EventData"":{""Data"":[{""@Name"":""SubjectUserSid"",""#text"":""S-1-5-21-2489440558-2754304563-710705792-1001""},{""@Name"":""SubjectUserName"",""#text"":""Hunter""},{""@Name"":""SubjectDomainName"",""#text"":""4orensics""},{""@Name"":""SubjectLogonId"",""#text"":""0x28D50""},{""@Name"":""Workstation"",""#text"":""4ORENSICS""},{""@Name"":""TargetUserName"",""#text"":""Administrator""},{""@Name"":""TargetDomainName"",""#text"":""4orensics""}]}}"
1417,1417,2016-06-21 12:01:36.9478897,4797,LogAlways,Microsoft-Windows-Security-Auditing,Security,552,2500,4orensics,11,,An attempt was made to query the existence of a blank password for an account,4orensics\Hunter (S-1-5-21-2489440558-2754304563-710705792-1001),,Target: 4orensics\Guest,SubjectLogonId: 0x28D50,Workstation: 4ORENSICS,,,,,False,D:\Software\CTF\Misc\EvtxECmd\Security.evtx,Audit success,0,"{""EventData"":{""Data"":[{""@Name"":""SubjectUserSid"",""#text"":""S-1-5-21-2489440558-2754304563-710705792-1001""},{""@Name"":""SubjectUserName"",""#text"":""Hunter""},{""@Name"":""SubjectDomainName"",""#text"":""4orensics""},{""@Name"":""SubjectLogonId"",""#text"":""0x28D50""},{""@Name"":""Workstation"",""#text"":""4ORENSICS""},{""@Name"":""TargetUserName"",""#text"":""Guest""},{""@Name"":""TargetDomainName"",""#text"":""4orensics""}]}}"
1418,1418,2016-06-21 12:01:36.9478897,4797,LogAlways,Microsoft-Windows-Security-Auditing,Security,552,2500,4orensics,11,,An attempt was made to query the existence of a blank password for an account,4orensics\Hunter (S-1-5-21-2489440558-2754304563-710705792-1001),,Target: 4orensics\HomeGroupUser$,SubjectLogonId: 0x28D50,Workstation: 4ORENSICS,,,,,False,D:\Software\CTF\Misc\EvtxECmd\Security.evtx,Audit success,0,"{""EventData"":{""Data"":[{""@Name"":""SubjectUserSid"",""#text"":""S-1-5-21-2489440558-2754304563-710705792-1001""},{""@Name"":""SubjectUserName"",""#text"":""Hunter""},{""@Name"":""SubjectDomainName"",""#text"":""4orensics""},{""@Name"":""SubjectLogonId"",""#text"":""0x28D50""},{""@Name"":""Workstation"",""#text"":""4ORENSICS""},{""@Name"":""TargetUserName"",""#text"":""HomeGroupUser$""},{""@Name"":""TargetDomainName"",""#text"":""4orensics""}]}}"
1419,1419,2016-06-21 12:01:38.7359547,4797,LogAlways,Microsoft-Windows-Security-Auditing,Security,552,2500,4orensics,12,,An attempt was made to query the existence of a blank password for an account,4orensics\Hunter (S-1-5-21-2489440558-2754304563-710705792-1001),,Target: 4orensics\Administrator,SubjectLogonId: 0x28D50,Workstation: 4ORENSICS,,,,,False,D:\Software\CTF\Misc\EvtxECmd\Security.evtx,Audit success,0,"{""EventData"":{""Data"":[{""@Name"":""SubjectUserSid"",""#text"":""S-1-5-21-2489440558-2754304563-710705792-1001""},{""@Name"":""SubjectUserName"",""#text"":""Hunter""},{""@Name"":""SubjectDomainName"",""#text"":""4orensics""},{""@Name"":""SubjectLogonId"",""#text"":""0x28D50""},{""@Name"":""Workstation"",""#text"":""4ORENSICS""},{""@Name"":""TargetUserName"",""#text"":""Administrator""},{""@Name"":""TargetDomainName"",""#text"":""4orensics""}]}}"
1420,1420,2016-06-21 12:01:38.7359547,4797,LogAlways,Microsoft-Windows-Security-Auditing,Security,552,2500,4orensics,12,,An attempt was made to query the existence of a blank password for an account,4orensics\Hunter (S-1-5-21-2489440558-2754304563-710705792-1001),,Target: 4orensics\Guest,SubjectLogonId: 0x28D50,Workstation: 4ORENSICS,,,,,False,D:\Software\CTF\Misc\EvtxECmd\Security.evtx,Audit success,0,"{""EventData"":{""Data"":[{""@Name"":""SubjectUserSid"",""#text"":""S-1-5-21-2489440558-2754304563-710705792-1001""},{""@Name"":""SubjectUserName"",""#text"":""Hunter""},{""@Name"":""SubjectDomainName"",""#text"":""4orensics""},{""@Name"":""SubjectLogonId"",""#text"":""0x28D50""},{""@Name"":""Workstation"",""#text"":""4ORENSICS""},{""@Name"":""TargetUserName"",""#text"":""Guest""},{""@Name"":""TargetDomainName"",""#text"":""4orensics""}]}}"
1421,1421,2016-06-21 12:01:38.7359547,4797,LogAlways,Microsoft-Windows-Security-Auditing,Security,552,2500,4orensics,12,,An attempt was made to query the existence of a blank password for an account,4orensics\Hunter (S-1-5-21-2489440558-2754304563-710705792-1001),,Target: 4orensics\HomeGroupUser$,SubjectLogonId: 0x28D50,Workstation: 4ORENSICS,,,,,False,D:\Software\CTF\Misc\EvtxECmd\Security.evtx,Audit success,0,"{""EventData"":{""Data"":[{""@Name"":""SubjectUserSid"",""#text"":""S-1-5-21-2489440558-2754304563-710705792-1001""},{""@Name"":""SubjectUserName"",""#text"":""Hunter""},{""@Name"":""SubjectDomainName"",""#text"":""4orensics""},{""@Name"":""SubjectLogonId"",""#text"":""0x28D50""},{""@Name"":""Workstation"",""#text"":""4ORENSICS""},{""@Name"":""TargetUserName"",""#text"":""HomeGroupUser$""},{""@Name"":""TargetDomainName"",""#text"":""4orensics""}]}}"
1422,1422,2016-06-21 12:02:00.0376235,4797,LogAlways,Microsoft-Windows-Security-Auditing,Security,552,2500,4orensics,12,,An attempt was made to query the existence of a blank password for an account,4orensics\Hunter (S-1-5-21-2489440558-2754304563-710705792-1001),,Target: 4orensics\Administrator,SubjectLogonId: 0x28D50,Workstation: 4ORENSICS,,,,,False,D:\Software\CTF\Misc\EvtxECmd\Security.evtx,Audit success,0,"{""EventData"":{""Data"":[{""@Name"":""SubjectUserSid"",""#text"":""S-1-5-21-2489440558-2754304563-710705792-1001""},{""@Name"":""SubjectUserName"",""#text"":""Hunter""},{""@Name"":""SubjectDomainName"",""#text"":""4orensics""},{""@Name"":""SubjectLogonId"",""#text"":""0x28D50""},{""@Name"":""Workstation"",""#text"":""4ORENSICS""},{""@Name"":""TargetUserName"",""#text"":""Administrator""},{""@Name"":""TargetDomainName"",""#text"":""4orensics""}]}}"
1423,1423,2016-06-21 12:02:00.0384655,4797,LogAlways,Microsoft-Windows-Security-Auditing,Security,552,2500,4orensics,12,,An attempt was made to query the existence of a blank password for an account,4orensics\Hunter (S-1-5-21-2489440558-2754304563-710705792-1001),,Target: 4orensics\Guest,SubjectLogonId: 0x28D50,Workstation: 4ORENSICS,,,,,False,D:\Software\CTF\Misc\EvtxECmd\Security.evtx,Audit success,0,"{""EventData"":{""Data"":[{""@Name"":""SubjectUserSid"",""#text"":""S-1-5-21-2489440558-2754304563-710705792-1001""},{""@Name"":""SubjectUserName"",""#text"":""Hunter""},{""@Name"":""SubjectDomainName"",""#text"":""4orensics""},{""@Name"":""SubjectLogonId"",""#text"":""0x28D50""},{""@Name"":""Workstation"",""#text"":""4ORENSICS""},{""@Name"":""TargetUserName"",""#text"":""Guest""},{""@Name"":""TargetDomainName"",""#text"":""4orensics""}]}}"
1424,1424,2016-06-21 12:02:00.0384655,4797,LogAlways,Microsoft-Windows-Security-Auditing,Security,552,2500,4orensics,12,,An attempt was made to query the existence of a blank password for an account,4orensics\Hunter (S-1-5-21-2489440558-2754304563-710705792-1001),,Target: 4orensics\HomeGroupUser$,SubjectLogonId: 0x28D50,Workstation: 4ORENSICS,,,,,False,D:\Software\CTF\Misc\EvtxECmd\Security.evtx,Audit success,0,"{""EventData"":{""Data"":[{""@Name"":""SubjectUserSid"",""#text"":""S-1-5-21-2489440558-2754304563-710705792-1001""},{""@Name"":""SubjectUserName"",""#text"":""Hunter""},{""@Name"":""SubjectDomainName"",""#text"":""4orensics""},{""@Name"":""SubjectLogonId"",""#text"":""0x28D50""},{""@Name"":""Workstation"",""#text"":""4ORENSICS""},{""@Name"":""TargetUserName"",""#text"":""HomeGroupUser$""},{""@Name"":""TargetDomainName"",""#text"":""4orensics""}]}}"
1425,1425,2016-06-21 12:02:10.8435197,4797,LogAlways,Microsoft-Windows-Security-Auditing,Security,552,2500,4orensics,12,,An attempt was made to query the existence of a blank password for an account,4orensics\Hunter (S-1-5-21-2489440558-2754304563-710705792-1001),,Target: 4orensics\Administrator,SubjectLogonId: 0x28D50,Workstation: 4ORENSICS,,,,,False,D:\Software\CTF\Misc\EvtxECmd\Security.evtx,Audit success,0,"{""EventData"":{""Data"":[{""@Name"":""SubjectUserSid"",""#text"":""S-1-5-21-2489440558-2754304563-710705792-1001""},{""@Name"":""SubjectUserName"",""#text"":""Hunter""},{""@Name"":""SubjectDomainName"",""#text"":""4orensics""},{""@Name"":""SubjectLogonId"",""#text"":""0x28D50""},{""@Name"":""Workstation"",""#text"":""4ORENSICS""},{""@Name"":""TargetUserName"",""#text"":""Administrator""},{""@Name"":""TargetDomainName"",""#text"":""4orensics""}]}}"
1426,1426,2016-06-21 12:02:10.8435197,4797,LogAlways,Microsoft-Windows-Security-Auditing,Security,552,2500,4orensics,12,,An attempt was made to query the existence of a blank password for an account,4orensics\Hunter (S-1-5-21-2489440558-2754304563-710705792-1001),,Target: 4orensics\Guest,SubjectLogonId: 0x28D50,Workstation: 4ORENSICS,,,,,False,D:\Software\CTF\Misc\EvtxECmd\Security.evtx,Audit success,0,"{""EventData"":{""Data"":[{""@Name"":""SubjectUserSid"",""#text"":""S-1-5-21-2489440558-2754304563-710705792-1001""},{""@Name"":""SubjectUserName"",""#text"":""Hunter""},{""@Name"":""SubjectDomainName"",""#text"":""4orensics""},{""@Name"":""SubjectLogonId"",""#text"":""0x28D50""},{""@Name"":""Workstation"",""#text"":""4ORENSICS""},{""@Name"":""TargetUserName"",""#text"":""Guest""},{""@Name"":""TargetDomainName"",""#text"":""4orensics""}]}}"
1427,1427,2016-06-21 12:02:10.8444089,4797,LogAlways,Microsoft-Windows-Security-Auditing,Security,552,2500,4orensics,12,,An attempt was made to query the existence of a blank password for an account,4orensics\Hunter (S-1-5-21-2489440558-2754304563-710705792-1001),,Target: 4orensics\HomeGroupUser$,SubjectLogonId: 0x28D50,Workstation: 4ORENSICS,,,,,False,D:\Software\CTF\Misc\EvtxECmd\Security.evtx,Audit success,0,"{""EventData"":{""Data"":[{""@Name"":""SubjectUserSid"",""#text"":""S-1-5-21-2489440558-2754304563-710705792-1001""},{""@Name"":""SubjectUserName"",""#text"":""Hunter""},{""@Name"":""SubjectDomainName"",""#text"":""4orensics""},{""@Name"":""SubjectLogonId"",""#text"":""0x28D50""},{""@Name"":""Workstation"",""#text"":""4ORENSICS""},{""@Name"":""TargetUserName"",""#text"":""HomeGroupUser$""},{""@Name"":""TargetDomainName"",""#text"":""4orensics""}]}}"
1428,1428,2016-06-21 12:02:11.1418460,4797,LogAlways,Microsoft-Windows-Security-Auditing,Security,552,2620,4orensics,12,,An attempt was made to query the existence of a blank password for an account,4orensics\Hunter (S-1-5-21-2489440558-2754304563-710705792-1001),,Target: 4orensics\Administrator,SubjectLogonId: 0x28D50,Workstation: 4ORENSICS,,,,,False,D:\Software\CTF\Misc\EvtxECmd\Security.evtx,Audit success,0,"{""EventData"":{""Data"":[{""@Name"":""SubjectUserSid"",""#text"":""S-1-5-21-2489440558-2754304563-710705792-1001""},{""@Name"":""SubjectUserName"",""#text"":""Hunter""},{""@Name"":""SubjectDomainName"",""#text"":""4orensics""},{""@Name"":""SubjectLogonId"",""#text"":""0x28D50""},{""@Name"":""Workstation"",""#text"":""4ORENSICS""},{""@Name"":""TargetUserName"",""#text"":""Administrator""},{""@Name"":""TargetDomainName"",""#text"":""4orensics""}]}}"
1429,1429,2016-06-21 12:02:11.1418460,4797,LogAlways,Microsoft-Windows-Security-Auditing,Security,552,2620,4orensics,12,,An attempt was made to query the existence of a blank password for an account,4orensics\Hunter (S-1-5-21-2489440558-2754304563-710705792-1001),,Target: 4orensics\Guest,SubjectLogonId: 0x28D50,Workstation: 4ORENSICS,,,,,False,D:\Software\CTF\Misc\EvtxECmd\Security.evtx,Audit success,0,"{""EventData"":{""Data"":[{""@Name"":""SubjectUserSid"",""#text"":""S-1-5-21-2489440558-2754304563-710705792-1001""},{""@Name"":""SubjectUserName"",""#text"":""Hunter""},{""@Name"":""SubjectDomainName"",""#text"":""4orensics""},{""@Name"":""SubjectLogonId"",""#text"":""0x28D50""},{""@Name"":""Workstation"",""#text"":""4ORENSICS""},{""@Name"":""TargetUserName"",""#text"":""Guest""},{""@Name"":""TargetDomainName"",""#text"":""4orensics""}]}}"
1430,1430,2016-06-21 12:02:11.1418460,4797,LogAlways,Microsoft-Windows-Security-Auditing,Security,552,2620,4orensics,12,,An attempt was made to query the existence of a blank password for an account,4orensics\Hunter (S-1-5-21-2489440558-2754304563-710705792-1001),,Target: 4orensics\HomeGroupUser$,SubjectLogonId: 0x28D50,Workstation: 4ORENSICS,,,,,False,D:\Software\CTF\Misc\EvtxECmd\Security.evtx,Audit success,0,"{""EventData"":{""Data"":[{""@Name"":""SubjectUserSid"",""#text"":""S-1-5-21-2489440558-2754304563-710705792-1001""},{""@Name"":""SubjectUserName"",""#text"":""Hunter""},{""@Name"":""SubjectDomainName"",""#text"":""4orensics""},{""@Name"":""SubjectLogonId"",""#text"":""0x28D50""},{""@Name"":""Workstation"",""#text"":""4ORENSICS""},{""@Name"":""TargetUserName"",""#text"":""HomeGroupUser$""},{""@Name"":""TargetDomainName"",""#text"":""4orensics""}]}}"
1431,1431,2016-06-21 12:02:25.9708192,4797,LogAlways,Microsoft-Windows-Security-Auditing,Security,552,2620,4orensics,12,,An attempt was made to query the existence of a blank password for an account,4orensics\Hunter (S-1-5-21-2489440558-2754304563-710705792-1001),,Target: 4orensics\Administrator,SubjectLogonId: 0x28D50,Workstation: 4ORENSICS,,,,,False,D:\Software\CTF\Misc\EvtxECmd\Security.evtx,Audit success,0,"{""EventData"":{""Data"":[{""@Name"":""SubjectUserSid"",""#text"":""S-1-5-21-2489440558-2754304563-710705792-1001""},{""@Name"":""SubjectUserName"",""#text"":""Hunter""},{""@Name"":""SubjectDomainName"",""#text"":""4orensics""},{""@Name"":""SubjectLogonId"",""#text"":""0x28D50""},{""@Name"":""Workstation"",""#text"":""4ORENSICS""},{""@Name"":""TargetUserName"",""#text"":""Administrator""},{""@Name"":""TargetDomainName"",""#text"":""4orensics""}]}}"
1432,1432,2016-06-21 12:02:25.9719476,4797,LogAlways,Microsoft-Windows-Security-Auditing,Security,552,2620,4orensics,12,,An attempt was made to query the existence of a blank password for an account,4orensics\Hunter (S-1-5-21-2489440558-2754304563-710705792-1001),,Target: 4orensics\Guest,SubjectLogonId: 0x28D50,Workstation: 4ORENSICS,,,,,False,D:\Software\CTF\Misc\EvtxECmd\Security.evtx,Audit success,0,"{""EventData"":{""Data"":[{""@Name"":""SubjectUserSid"",""#text"":""S-1-5-21-2489440558-2754304563-710705792-1001""},{""@Name"":""SubjectUserName"",""#text"":""Hunter""},{""@Name"":""SubjectDomainName"",""#text"":""4orensics""},{""@Name"":""SubjectLogonId"",""#text"":""0x28D50""},{""@Name"":""Workstation"",""#text"":""4ORENSICS""},{""@Name"":""TargetUserName"",""#text"":""Guest""},{""@Name"":""TargetDomainName"",""#text"":""4orensics""}]}}"
1433,1433,2016-06-21 12:02:25.9719476,4797,LogAlways,Microsoft-Windows-Security-Auditing,Security,552,2620,4orensics,12,,An attempt was made to query the existence of a blank password for an account,4orensics\Hunter (S-1-5-21-2489440558-2754304563-710705792-1001),,Target: 4orensics\HomeGroupUser$,SubjectLogonId: 0x28D50,Workstation: 4ORENSICS,,,,,False,D:\Software\CTF\Misc\EvtxECmd\Security.evtx,Audit success,0,"{""EventData"":{""Data"":[{""@Name"":""SubjectUserSid"",""#text"":""S-1-5-21-2489440558-2754304563-710705792-1001""},{""@Name"":""SubjectUserName"",""#text"":""Hunter""},{""@Name"":""SubjectDomainName"",""#text"":""4orensics""},{""@Name"":""SubjectLogonId"",""#text"":""0x28D50""},{""@Name"":""Workstation"",""#text"":""4ORENSICS""},{""@Name"":""TargetUserName"",""#text"":""HomeGroupUser$""},{""@Name"":""TargetDomainName"",""#text"":""4orensics""}]}}"
1434,1434,2016-06-21 12:02:50.2464926,4797,LogAlways,Microsoft-Windows-Security-Auditing,Security,552,5332,4orensics,12,,An attempt was made to query the existence of a blank password for an account,4orensics\Hunter (S-1-5-21-2489440558-2754304563-710705792-1001),,Target: 4orensics\Administrator,SubjectLogonId: 0x28D50,Workstation: 4ORENSICS,,,,,False,D:\Software\CTF\Misc\EvtxECmd\Security.evtx,Audit success,0,"{""EventData"":{""Data"":[{""@Name"":""SubjectUserSid"",""#text"":""S-1-5-21-2489440558-2754304563-710705792-1001""},{""@Name"":""SubjectUserName"",""#text"":""Hunter""},{""@Name"":""SubjectDomainName"",""#text"":""4orensics""},{""@Name"":""SubjectLogonId"",""#text"":""0x28D50""},{""@Name"":""Workstation"",""#text"":""4ORENSICS""},{""@Name"":""TargetUserName"",""#text"":""Administrator""},{""@Name"":""TargetDomainName"",""#text"":""4orensics""}]}}"
1435,1435,2016-06-21 12:02:50.2478537,4797,LogAlways,Microsoft-Windows-Security-Auditing,Security,552,5332,4orensics,12,,An attempt was made to query the existence of a blank password for an account,4orensics\Hunter (S-1-5-21-2489440558-2754304563-710705792-1001),,Target: 4orensics\Guest,SubjectLogonId: 0x28D50,Workstation: 4ORENSICS,,,,,False,D:\Software\CTF\Misc\EvtxECmd\Security.evtx,Audit success,0,"{""EventData"":{""Data"":[{""@Name"":""SubjectUserSid"",""#text"":""S-1-5-21-2489440558-2754304563-710705792-1001""},{""@Name"":""SubjectUserName"",""#text"":""Hunter""},{""@Name"":""SubjectDomainName"",""#text"":""4orensics""},{""@Name"":""SubjectLogonId"",""#text"":""0x28D50""},{""@Name"":""Workstation"",""#text"":""4ORENSICS""},{""@Name"":""TargetUserName"",""#text"":""Guest""},{""@Name"":""TargetDomainName"",""#text"":""4orensics""}]}}"
1436,1436,2016-06-21 12:02:50.2478537,4797,LogAlways,Microsoft-Windows-Security-Auditing,Security,552,5332,4orensics,12,,An attempt was made to query the existence of a blank password for an account,4orensics\Hunter (S-1-5-21-2489440558-2754304563-710705792-1001),,Target: 4orensics\HomeGroupUser$,SubjectLogonId: 0x28D50,Workstation: 4ORENSICS,,,,,False,D:\Software\CTF\Misc\EvtxECmd\Security.evtx,Audit success,0,"{""EventData"":{""Data"":[{""@Name"":""SubjectUserSid"",""#text"":""S-1-5-21-2489440558-2754304563-710705792-1001""},{""@Name"":""SubjectUserName"",""#text"":""Hunter""},{""@Name"":""SubjectDomainName"",""#text"":""4orensics""},{""@Name"":""SubjectLogonId"",""#text"":""0x28D50""},{""@Name"":""Workstation"",""#text"":""4ORENSICS""},{""@Name"":""TargetUserName"",""#text"":""HomeGroupUser$""},{""@Name"":""TargetDomainName"",""#text"":""4orensics""}]}}"
1437,1437,2016-06-21 12:02:54.0792616,4797,LogAlways,Microsoft-Windows-Security-Auditing,Security,552,2620,4orensics,12,,An attempt was made to query the existence of a blank password for an account,4orensics\Hunter (S-1-5-21-2489440558-2754304563-710705792-1001),,Target: 4orensics\Administrator,SubjectLogonId: 0x28D50,Workstation: 4ORENSICS,,,,,False,D:\Software\CTF\Misc\EvtxECmd\Security.evtx,Audit success,0,"{""EventData"":{""Data"":[{""@Name"":""SubjectUserSid"",""#text"":""S-1-5-21-2489440558-2754304563-710705792-1001""},{""@Name"":""SubjectUserName"",""#text"":""Hunter""},{""@Name"":""SubjectDomainName"",""#text"":""4orensics""},{""@Name"":""SubjectLogonId"",""#text"":""0x28D50""},{""@Name"":""Workstation"",""#text"":""4ORENSICS""},{""@Name"":""TargetUserName"",""#text"":""Administrator""},{""@Name"":""TargetDomainName"",""#text"":""4orensics""}]}}"
1438,1438,2016-06-21 12:02:54.0806372,4797,LogAlways,Microsoft-Windows-Security-Auditing,Security,552,2620,4orensics,12,,An attempt was made to query the existence of a blank password for an account,4orensics\Hunter (S-1-5-21-2489440558-2754304563-710705792-1001),,Target: 4orensics\Guest,SubjectLogonId: 0x28D50,Workstation: 4ORENSICS,,,,,False,D:\Software\CTF\Misc\EvtxECmd\Security.evtx,Audit success,0,"{""EventData"":{""Data"":[{""@Name"":""SubjectUserSid"",""#text"":""S-1-5-21-2489440558-2754304563-710705792-1001""},{""@Name"":""SubjectUserName"",""#text"":""Hunter""},{""@Name"":""SubjectDomainName"",""#text"":""4orensics""},{""@Name"":""SubjectLogonId"",""#text"":""0x28D50""},{""@Name"":""Workstation"",""#text"":""4ORENSICS""},{""@Name"":""TargetUserName"",""#text"":""Guest""},{""@Name"":""TargetDomainName"",""#text"":""4orensics""}]}}"
1439,1439,2016-06-21 12:02:54.0806372,4797,LogAlways,Microsoft-Windows-Security-Auditing,Security,552,2620,4orensics,12,,An attempt was made to query the existence of a blank password for an account,4orensics\Hunter (S-1-5-21-2489440558-2754304563-710705792-1001),,Target: 4orensics\HomeGroupUser$,SubjectLogonId: 0x28D50,Workstation: 4ORENSICS,,,,,False,D:\Software\CTF\Misc\EvtxECmd\Security.evtx,Audit success,0,"{""EventData"":{""Data"":[{""@Name"":""SubjectUserSid"",""#text"":""S-1-5-21-2489440558-2754304563-710705792-1001""},{""@Name"":""SubjectUserName"",""#text"":""Hunter""},{""@Name"":""SubjectDomainName"",""#text"":""4orensics""},{""@Name"":""SubjectLogonId"",""#text"":""0x28D50""},{""@Name"":""Workstation"",""#text"":""4ORENSICS""},{""@Name"":""TargetUserName"",""#text"":""HomeGroupUser$""},{""@Name"":""TargetDomainName"",""#text"":""4orensics""}]}}"
1440,1440,2016-06-21 12:03:03.0096461,4797,LogAlways,Microsoft-Windows-Security-Auditing,Security,552,2620,4orensics,12,,An attempt was made to query the existence of a blank password for an account,4orensics\Hunter (S-1-5-21-2489440558-2754304563-710705792-1001),,Target: 4orensics\Administrator,SubjectLogonId: 0x28D50,Workstation: 4ORENSICS,,,,,False,D:\Software\CTF\Misc\EvtxECmd\Security.evtx,Audit success,0,"{""EventData"":{""Data"":[{""@Name"":""SubjectUserSid"",""#text"":""S-1-5-21-2489440558-2754304563-710705792-1001""},{""@Name"":""SubjectUserName"",""#text"":""Hunter""},{""@Name"":""SubjectDomainName"",""#text"":""4orensics""},{""@Name"":""SubjectLogonId"",""#text"":""0x28D50""},{""@Name"":""Workstation"",""#text"":""4ORENSICS""},{""@Name"":""TargetUserName"",""#text"":""Administrator""},{""@Name"":""TargetDomainName"",""#text"":""4orensics""}]}}"
1441,1441,2016-06-21 12:03:03.0111381,4797,LogAlways,Microsoft-Windows-Security-Auditing,Security,552,2620,4orensics,12,,An attempt was made to query the existence of a blank password for an account,4orensics\Hunter (S-1-5-21-2489440558-2754304563-710705792-1001),,Target: 4orensics\Guest,SubjectLogonId: 0x28D50,Workstation: 4ORENSICS,,,,,False,D:\Software\CTF\Misc\EvtxECmd\Security.evtx,Audit success,0,"{""EventData"":{""Data"":[{""@Name"":""SubjectUserSid"",""#text"":""S-1-5-21-2489440558-2754304563-710705792-1001""},{""@Name"":""SubjectUserName"",""#text"":""Hunter""},{""@Name"":""SubjectDomainName"",""#text"":""4orensics""},{""@Name"":""SubjectLogonId"",""#text"":""0x28D50""},{""@Name"":""Workstation"",""#text"":""4ORENSICS""},{""@Name"":""TargetUserName"",""#text"":""Guest""},{""@Name"":""TargetDomainName"",""#text"":""4orensics""}]}}"
1442,1442,2016-06-21 12:03:03.0126421,4797,LogAlways,Microsoft-Windows-Security-Auditing,Security,552,2620,4orensics,12,,An attempt was made to query the existence of a blank password for an account,4orensics\Hunter (S-1-5-21-2489440558-2754304563-710705792-1001),,Target: 4orensics\HomeGroupUser$,SubjectLogonId: 0x28D50,Workstation: 4ORENSICS,,,,,False,D:\Software\CTF\Misc\EvtxECmd\Security.evtx,Audit success,0,"{""EventData"":{""Data"":[{""@Name"":""SubjectUserSid"",""#text"":""S-1-5-21-2489440558-2754304563-710705792-1001""},{""@Name"":""SubjectUserName"",""#text"":""Hunter""},{""@Name"":""SubjectDomainName"",""#text"":""4orensics""},{""@Name"":""SubjectLogonId"",""#text"":""0x28D50""},{""@Name"":""Workstation"",""#text"":""4ORENSICS""},{""@Name"":""TargetUserName"",""#text"":""HomeGroupUser$""},{""@Name"":""TargetDomainName"",""#text"":""4orensics""}]}}"
1443,1443,2016-06-21 12:03:31.7064947,4797,LogAlways,Microsoft-Windows-Security-Auditing,Security,552,5332,4orensics,12,,An attempt was made to query the existence of a blank password for an account,4orensics\Hunter (S-1-5-21-2489440558-2754304563-710705792-1001),,Target: 4orensics\Administrator,SubjectLogonId: 0x28D50,Workstation: 4ORENSICS,,,,,False,D:\Software\CTF\Misc\EvtxECmd\Security.evtx,Audit success,0,"{""EventData"":{""Data"":[{""@Name"":""SubjectUserSid"",""#text"":""S-1-5-21-2489440558-2754304563-710705792-1001""},{""@Name"":""SubjectUserName"",""#text"":""Hunter""},{""@Name"":""SubjectDomainName"",""#text"":""4orensics""},{""@Name"":""SubjectLogonId"",""#text"":""0x28D50""},{""@Name"":""Workstation"",""#text"":""4ORENSICS""},{""@Name"":""TargetUserName"",""#text"":""Administrator""},{""@Name"":""TargetDomainName"",""#text"":""4orensics""}]}}"
1444,1444,2016-06-21 12:03:31.7064947,4797,LogAlways,Microsoft-Windows-Security-Auditing,Security,552,5332,4orensics,12,,An attempt was made to query the existence of a blank password for an account,4orensics\Hunter (S-1-5-21-2489440558-2754304563-710705792-1001),,Target: 4orensics\Guest,SubjectLogonId: 0x28D50,Workstation: 4ORENSICS,,,,,False,D:\Software\CTF\Misc\EvtxECmd\Security.evtx,Audit success,0,"{""EventData"":{""Data"":[{""@Name"":""SubjectUserSid"",""#text"":""S-1-5-21-2489440558-2754304563-710705792-1001""},{""@Name"":""SubjectUserName"",""#text"":""Hunter""},{""@Name"":""SubjectDomainName"",""#text"":""4orensics""},{""@Name"":""SubjectLogonId"",""#text"":""0x28D50""},{""@Name"":""Workstation"",""#text"":""4ORENSICS""},{""@Name"":""TargetUserName"",""#text"":""Guest""},{""@Name"":""TargetDomainName"",""#text"":""4orensics""}]}}"
1445,1445,2016-06-21 12:03:31.7081845,4797,LogAlways,Microsoft-Windows-Security-Auditing,Security,552,5332,4orensics,12,,An attempt was made to query the existence of a blank password for an account,4orensics\Hunter (S-1-5-21-2489440558-2754304563-710705792-1001),,Target: 4orensics\HomeGroupUser$,SubjectLogonId: 0x28D50,Workstation: 4ORENSICS,,,,,False,D:\Software\CTF\Misc\EvtxECmd\Security.evtx,Audit success,0,"{""EventData"":{""Data"":[{""@Name"":""SubjectUserSid"",""#text"":""S-1-5-21-2489440558-2754304563-710705792-1001""},{""@Name"":""SubjectUserName"",""#text"":""Hunter""},{""@Name"":""SubjectDomainName"",""#text"":""4orensics""},{""@Name"":""SubjectLogonId"",""#text"":""0x28D50""},{""@Name"":""Workstation"",""#text"":""4ORENSICS""},{""@Name"":""TargetUserName"",""#text"":""HomeGroupUser$""},{""@Name"":""TargetDomainName"",""#text"":""4orensics""}]}}"
