727,727,2016-06-21 11:41:04.3871559,4648,LogAlways,Microsoft-Windows-Security-Auditing,Security,552,576,4orensics,6,,A logon was attempted using explicit credentials,WORKGROUP\4ORENSICS$,-:-,Target: Window Manager\DWM-1,TargetServerName: localhost,PID: 0x1F0,TargetInfo: localhost,,,C:\Windows\System32\winlogon.exe,False,D:\Software\CTF\Misc\EvtxECmd\Security.evtx,Audit success,0,"{""EventData"":{""Data"":[{""@Name"":""SubjectUserSid"",""#text"":""S-1-5-18""},{""@Name"":""SubjectUserName"",""#text"":""4ORENSICS$""},{""@Name"":""SubjectDomainName"",""#text"":""WORKGROUP""},{""@Name"":""SubjectLogonId"",""#text"":""0x3E7""},{""@Name"":""LogonGuid"",""#text"":""00000000-0000-0000-0000-000000000000""},{""@Name"":""TargetUserName"",""#text"":""DWM-1""},{""@Name"":""TargetDomainName"",""#text"":""Window Manager""},{""@Name"":""TargetLogonGuid"",""#text"":""00000000-0000-0000-0000-000000000000""},{""@Name"":""TargetServerName"",""#text"":""localhost""},{""@Name"":""TargetInfo"",""#text"":""localhost""},{""@Name"":""ProcessId"",""#text"":""0x1F0""},{""@Name"":""ProcessName"",""#text"":""C:\\Windows\\System32\\winlogon.exe""},{""@Name"":""IpAddress"",""#text"":""-""},{""@Name"":""IpPort"",""#text"":""-""}]}}"
728,728,2016-06-21 11:41:04.3871559,4624,LogAlways,Microsoft-Windows-Security-Auditing,Security,552,576,4orensics,6,,Successful logon,WORKGROUP\4ORENSICS$," (-)",Target: Window Manager\DWM-1,LogonType 2,LogonId: 0xA2F4,AuthenticationPackageName: Negotiate,"LogonProcessName: Advapi  ",,C:\Windows\System32\winlogon.exe,False,D:\Software\CTF\Misc\EvtxECmd\Security.evtx,Audit success,0,"{""EventData"":{""Data"":[{""@Name"":""SubjectUserSid"",""#text"":""S-1-5-18""},{""@Name"":""SubjectUserName"",""#text"":""4ORENSICS$""},{""@Name"":""SubjectDomainName"",""#text"":""WORKGROUP""},{""@Name"":""SubjectLogonId"",""#text"":""0x3E7""},{""@Name"":""TargetUserSid"",""#text"":""S-1-5-90-1""},{""@Name"":""TargetUserName"",""#text"":""DWM-1""},{""@Name"":""TargetDomainName"",""#text"":""Window Manager""},{""@Name"":""TargetLogonId"",""#text"":""0xA2F4""},{""@Name"":""LogonType"",""#text"":""2""},{""@Name"":""LogonProcessName"",""#text"":""Advapi  ""},{""@Name"":""AuthenticationPackageName"",""#text"":""Negotiate""},{""@Name"":""WorkstationName""},{""@Name"":""LogonGuid"",""#text"":""00000000-0000-0000-0000-000000000000""},{""@Name"":""TransmittedServices"",""#text"":""-""},{""@Name"":""LmPackageName"",""#text"":""-""},{""@Name"":""KeyLength"",""#text"":""0""},{""@Name"":""ProcessId"",""#text"":""0x1F0""},{""@Name"":""ProcessName"",""#text"":""C:\\Windows\\System32\\winlogon.exe""},{""@Name"":""IpAddress"",""#text"":""-""},{""@Name"":""IpPort"",""#text"":""-""},{""@Name"":""ImpersonationLevel"",""#text"":""%%1833""}]}}"
729,729,2016-06-21 11:41:04.3871559,4624,LogAlways,Microsoft-Windows-Security-Auditing,Security,552,576,4orensics,6,,Successful logon,WORKGROUP\4ORENSICS$," (-)",Target: Window Manager\DWM-1,LogonType 2,LogonId: 0xA509,AuthenticationPackageName: Negotiate,"LogonProcessName: Advapi  ",,C:\Windows\System32\winlogon.exe,False,D:\Software\CTF\Misc\EvtxECmd\Security.evtx,Audit success,0,"{""EventData"":{""Data"":[{""@Name"":""SubjectUserSid"",""#text"":""S-1-5-18""},{""@Name"":""SubjectUserName"",""#text"":""4ORENSICS$""},{""@Name"":""SubjectDomainName"",""#text"":""WORKGROUP""},{""@Name"":""SubjectLogonId"",""#text"":""0x3E7""},{""@Name"":""TargetUserSid"",""#text"":""S-1-5-90-1""},{""@Name"":""TargetUserName"",""#text"":""DWM-1""},{""@Name"":""TargetDomainName"",""#text"":""Window Manager""},{""@Name"":""TargetLogonId"",""#text"":""0xA509""},{""@Name"":""LogonType"",""#text"":""2""},{""@Name"":""LogonProcessName"",""#text"":""Advapi  ""},{""@Name"":""AuthenticationPackageName"",""#text"":""Negotiate""},{""@Name"":""WorkstationName""},{""@Name"":""LogonGuid"",""#text"":""00000000-0000-0000-0000-000000000000""},{""@Name"":""TransmittedServices"",""#text"":""-""},{""@Name"":""LmPackageName"",""#text"":""-""},{""@Name"":""KeyLength"",""#text"":""0""},{""@Name"":""ProcessId"",""#text"":""0x1F0""},{""@Name"":""ProcessName"",""#text"":""C:\\Windows\\System32\\winlogon.exe""},{""@Name"":""IpAddress"",""#text"":""-""},{""@Name"":""IpPort"",""#text"":""-""},{""@Name"":""ImpersonationLevel"",""#text"":""%%1833""}]}}"
730,730,2016-06-21 11:41:04.3871559,4672,LogAlways,Microsoft-Windows-Security-Auditing,Security,552,576,4orensics,6,,Administrative logon,Window Manager\DWM-1 (S-1-5-90-1),,"PrivilegeList: SeAssignPrimaryTokenPrivilege, SeAuditPrivilege, SeImpersonatePrivilege",LogonId: 0xA2F4,,,,,,False,D:\Software\CTF\Misc\EvtxECmd\Security.evtx,Audit success,0,"{""EventData"":{""Data"":[{""@Name"":""SubjectUserSid"",""#text"":""S-1-5-90-1""},{""@Name"":""SubjectUserName"",""#text"":""DWM-1""},{""@Name"":""SubjectDomainName"",""#text"":""Window Manager""},{""@Name"":""SubjectLogonId"",""#text"":""0xA2F4""},{""@Name"":""PrivilegeList"",""#text"":""SeAssignPrimaryTokenPrivilege, SeAuditPrivilege, SeImpersonatePrivilege""}]}}"
731,731,2016-06-21 11:41:04.3871559,4672,LogAlways,Microsoft-Windows-Security-Auditing,Security,552,576,4orensics,6,,Administrative logon,Window Manager\DWM-1 (S-1-5-90-1),,"PrivilegeList: SeAssignPrimaryTokenPrivilege, SeAuditPrivilege",LogonId: 0xA509,,,,,,False,D:\Software\CTF\Misc\EvtxECmd\Security.evtx,Audit success,0,"{""EventData"":{""Data"":[{""@Name"":""SubjectUserSid"",""#text"":""S-1-5-90-1""},{""@Name"":""SubjectUserName"",""#text"":""DWM-1""},{""@Name"":""SubjectDomainName"",""#text"":""Window Manager""},{""@Name"":""SubjectLogonId"",""#text"":""0xA509""},{""@Name"":""PrivilegeList"",""#text"":""SeAssignPrimaryTokenPrivilege, SeAuditPrivilege""}]}}"
732,732,2016-06-21 01:41:06.3256183,4616,LogAlways,Microsoft-Windows-Security-Auditing,Security,4,176,4orensics,6,,The system time was changed,WORKGROUP\4ORENSICS$ (S-1-5-18),,Previous Time: 2016-06-21 11:41:04.6540607,New Time: 2016-06-21 01:41:06.3270000,LogonId: 0x3E7,,,,C:\Windows\System32\VBoxService.exe,False,D:\Software\CTF\Misc\EvtxECmd\Security.evtx,Audit success,0,"{""EventData"":{""Data"":[{""@Name"":""SubjectUserSid"",""#text"":""S-1-5-18""},{""@Name"":""SubjectUserName"",""#text"":""4ORENSICS$""},{""@Name"":""SubjectDomainName"",""#text"":""WORKGROUP""},{""@Name"":""SubjectLogonId"",""#text"":""0x3E7""},{""@Name"":""PreviousTime"",""#text"":""2016-06-21 11:41:04.6540607""},{""@Name"":""NewTime"",""#text"":""2016-06-21 01:41:06.3270000""},{""@Name"":""ProcessId"",""#text"":""0x310""},{""@Name"":""ProcessName"",""#text"":""C:\\Windows\\System32\\VBoxService.exe""}]}}"
733,733,2016-06-21 01:41:06.3256183,4624,LogAlways,Microsoft-Windows-Security-Auditing,Security,552,576,4orensics,6,,Successful logon,WORKGROUP\4ORENSICS$," (-)",Target: NT AUTHORITY\LOCAL SERVICE,LogonType 5,LogonId: 0x3E5,AuthenticationPackageName: Negotiate,"LogonProcessName: Advapi  ",,C:\Windows\System32\services.exe,False,D:\Software\CTF\Misc\EvtxECmd\Security.evtx,Audit success,0,"{""EventData"":{""Data"":[{""@Name"":""SubjectUserSid"",""#text"":""S-1-5-18""},{""@Name"":""SubjectUserName"",""#text"":""4ORENSICS$""},{""@Name"":""SubjectDomainName"",""#text"":""WORKGROUP""},{""@Name"":""SubjectLogonId"",""#text"":""0x3E7""},{""@Name"":""TargetUserSid"",""#text"":""S-1-5-19""},{""@Name"":""TargetUserName"",""#text"":""LOCAL SERVICE""},{""@Name"":""TargetDomainName"",""#text"":""NT AUTHORITY""},{""@Name"":""TargetLogonId"",""#text"":""0x3E5""},{""@Name"":""LogonType"",""#text"":""5""},{""@Name"":""LogonProcessName"",""#text"":""Advapi  ""},{""@Name"":""AuthenticationPackageName"",""#text"":""Negotiate""},{""@Name"":""WorkstationName""},{""@Name"":""LogonGuid"",""#text"":""00000000-0000-0000-0000-000000000000""},{""@Name"":""TransmittedServices"",""#text"":""-""},{""@Name"":""LmPackageName"",""#text"":""-""},{""@Name"":""KeyLength"",""#text"":""0""},{""@Name"":""ProcessId"",""#text"":""0x220""},{""@Name"":""ProcessName"",""#text"":""C:\\Windows\\System32\\services.exe""},{""@Name"":""IpAddress"",""#text"":""-""},{""@Name"":""IpPort"",""#text"":""-""},{""@Name"":""ImpersonationLevel"",""#text"":""%%1833""}]}}"
734,734,2016-06-21 01:41:06.3256183,4672,LogAlways,Microsoft-Windows-Security-Auditing,Security,552,576,4orensics,6,,Administrative logon,NT AUTHORITY\LOCAL SERVICE (S-1-5-19),,"PrivilegeList: SeAssignPrimaryTokenPrivilege, SeAuditPrivilege, SeImpersonatePrivilege",LogonId: 0x3E5,,,,,,False,D:\Software\CTF\Misc\EvtxECmd\Security.evtx,Audit success,0,"{""EventData"":{""Data"":[{""@Name"":""SubjectUserSid"",""#text"":""S-1-5-19""},{""@Name"":""SubjectUserName"",""#text"":""LOCAL SERVICE""},{""@Name"":""SubjectDomainName"",""#text"":""NT AUTHORITY""},{""@Name"":""SubjectLogonId"",""#text"":""0x3E5""},{""@Name"":""PrivilegeList"",""#text"":""SeAssignPrimaryTokenPrivilege, SeAuditPrivilege, SeImpersonatePrivilege""}]}}"
735,735,2016-06-21 01:41:07.0122057,4624,LogAlways,Microsoft-Windows-Security-Auditing,Security,552,728,4orensics,6,,Successful logon,WORKGROUP\4ORENSICS$," (-)",Target: NT AUTHORITY\SYSTEM,LogonType 5,LogonId: 0x3E7,AuthenticationPackageName: Negotiate,"LogonProcessName: Advapi  ",,C:\Windows\System32\services.exe,False,D:\Software\CTF\Misc\EvtxECmd\Security.evtx,Audit success,0,"{""EventData"":{""Data"":[{""@Name"":""SubjectUserSid"",""#text"":""S-1-5-18""},{""@Name"":""SubjectUserName"",""#text"":""4ORENSICS$""},{""@Name"":""SubjectDomainName"",""#text"":""WORKGROUP""},{""@Name"":""SubjectLogonId"",""#text"":""0x3E7""},{""@Name"":""TargetUserSid"",""#text"":""S-1-5-18""},{""@Name"":""TargetUserName"",""#text"":""SYSTEM""},{""@Name"":""TargetDomainName"",""#text"":""NT AUTHORITY""},{""@Name"":""TargetLogonId"",""#text"":""0x3E7""},{""@Name"":""LogonType"",""#text"":""5""},{""@Name"":""LogonProcessName"",""#text"":""Advapi  ""},{""@Name"":""AuthenticationPackageName"",""#text"":""Negotiate""},{""@Name"":""WorkstationName""},{""@Name"":""LogonGuid"",""#text"":""00000000-0000-0000-0000-000000000000""},{""@Name"":""TransmittedServices"",""#text"":""-""},{""@Name"":""LmPackageName"",""#text"":""-""},{""@Name"":""KeyLength"",""#text"":""0""},{""@Name"":""ProcessId"",""#text"":""0x220""},{""@Name"":""ProcessName"",""#text"":""C:\\Windows\\System32\\services.exe""},{""@Name"":""IpAddress"",""#text"":""-""},{""@Name"":""IpPort"",""#text"":""-""},{""@Name"":""ImpersonationLevel"",""#text"":""%%1833""}]}}"
736,736,2016-06-21 01:41:07.0122057,4672,LogAlways,Microsoft-Windows-Security-Auditing,Security,552,728,4orensics,6,,Administrative logon,NT AUTHORITY\SYSTEM (S-1-5-18),,"PrivilegeList: SeAssignPrimaryTokenPrivilege, SeTcbPrivilege, SeSecurityPrivilege, SeTakeOwnershipPrivilege, SeLoadDriverPrivilege, SeBackupPrivilege, SeRestorePrivilege, SeDebugPrivilege, SeAuditPrivilege, SeSystemEnvironmentPrivilege, SeImpersonatePrivilege",LogonId: 0x3E7,,,,,,False,D:\Software\CTF\Misc\EvtxECmd\Security.evtx,Audit success,0,"{""EventData"":{""Data"":[{""@Name"":""SubjectUserSid"",""#text"":""S-1-5-18""},{""@Name"":""SubjectUserName"",""#text"":""SYSTEM""},{""@Name"":""SubjectDomainName"",""#text"":""NT AUTHORITY""},{""@Name"":""SubjectLogonId"",""#text"":""0x3E7""},{""@Name"":""PrivilegeList"",""#text"":""SeAssignPrimaryTokenPrivilege, SeTcbPrivilege, SeSecurityPrivilege, SeTakeOwnershipPrivilege, SeLoadDriverPrivilege, SeBackupPrivilege, SeRestorePrivilege, SeDebugPrivilege, SeAuditPrivilege, SeSystemEnvironmentPrivilege, SeImpersonatePrivilege""}]}}"
737,737,2016-06-21 01:41:07.3245032,4624,LogAlways,Microsoft-Windows-Security-Auditing,Security,552,576,4orensics,6,,Successful logon,WORKGROUP\4ORENSICS$," (-)",Target: NT AUTHORITY\SYSTEM,LogonType 5,LogonId: 0x3E7,AuthenticationPackageName: Negotiate,"LogonProcessName: Advapi  ",,C:\Windows\System32\services.exe,False,D:\Software\CTF\Misc\EvtxECmd\Security.evtx,Audit success,0,"{""EventData"":{""Data"":[{""@Name"":""SubjectUserSid"",""#text"":""S-1-5-18""},{""@Name"":""SubjectUserName"",""#text"":""4ORENSICS$""},{""@Name"":""SubjectDomainName"",""#text"":""WORKGROUP""},{""@Name"":""SubjectLogonId"",""#text"":""0x3E7""},{""@Name"":""TargetUserSid"",""#text"":""S-1-5-18""},{""@Name"":""TargetUserName"",""#text"":""SYSTEM""},{""@Name"":""TargetDomainName"",""#text"":""NT AUTHORITY""},{""@Name"":""TargetLogonId"",""#text"":""0x3E7""},{""@Name"":""LogonType"",""#text"":""5""},{""@Name"":""LogonProcessName"",""#text"":""Advapi  ""},{""@Name"":""AuthenticationPackageName"",""#text"":""Negotiate""},{""@Name"":""WorkstationName""},{""@Name"":""LogonGuid"",""#text"":""00000000-0000-0000-0000-000000000000""},{""@Name"":""TransmittedServices"",""#text"":""-""},{""@Name"":""LmPackageName"",""#text"":""-""},{""@Name"":""KeyLength"",""#text"":""0""},{""@Name"":""ProcessId"",""#text"":""0x220""},{""@Name"":""ProcessName"",""#text"":""C:\\Windows\\System32\\services.exe""},{""@Name"":""IpAddress"",""#text"":""-""},{""@Name"":""IpPort"",""#text"":""-""},{""@Name"":""ImpersonationLevel"",""#text"":""%%1833""}]}}"
738,738,2016-06-21 01:41:07.3245032,4672,LogAlways,Microsoft-Windows-Security-Auditing,Security,552,576,4orensics,6,,Administrative logon,NT AUTHORITY\SYSTEM (S-1-5-18),,"PrivilegeList: SeAssignPrimaryTokenPrivilege, SeTcbPrivilege, SeSecurityPrivilege, SeTakeOwnershipPrivilege, SeLoadDriverPrivilege, SeBackupPrivilege, SeRestorePrivilege, SeDebugPrivilege, SeAuditPrivilege, SeSystemEnvironmentPrivilege, SeImpersonatePrivilege",LogonId: 0x3E7,,,,,,False,D:\Software\CTF\Misc\EvtxECmd\Security.evtx,Audit success,0,"{""EventData"":{""Data"":[{""@Name"":""SubjectUserSid"",""#text"":""S-1-5-18""},{""@Name"":""SubjectUserName"",""#text"":""SYSTEM""},{""@Name"":""SubjectDomainName"",""#text"":""NT AUTHORITY""},{""@Name"":""SubjectLogonId"",""#text"":""0x3E7""},{""@Name"":""PrivilegeList"",""#text"":""SeAssignPrimaryTokenPrivilege, SeTcbPrivilege, SeSecurityPrivilege, SeTakeOwnershipPrivilege, SeLoadDriverPrivilege, SeBackupPrivilege, SeRestorePrivilege, SeDebugPrivilege, SeAuditPrivilege, SeSystemEnvironmentPrivilege, SeImpersonatePrivilege""}]}}"
739,739,2016-06-21 01:41:09.5740819,4624,LogAlways,Microsoft-Windows-Security-Auditing,Security,552,576,4orensics,6,,Successful logon,WORKGROUP\4ORENSICS$," (-)",Target: NT AUTHORITY\SYSTEM,LogonType 5,LogonId: 0x3E7,AuthenticationPackageName: Negotiate,"LogonProcessName: Advapi  ",,C:\Windows\System32\services.exe,False,D:\Software\CTF\Misc\EvtxECmd\Security.evtx,Audit success,0,"{""EventData"":{""Data"":[{""@Name"":""SubjectUserSid"",""#text"":""S-1-5-18""},{""@Name"":""SubjectUserName"",""#text"":""4ORENSICS$""},{""@Name"":""SubjectDomainName"",""#text"":""WORKGROUP""},{""@Name"":""SubjectLogonId"",""#text"":""0x3E7""},{""@Name"":""TargetUserSid"",""#text"":""S-1-5-18""},{""@Name"":""TargetUserName"",""#text"":""SYSTEM""},{""@Name"":""TargetDomainName"",""#text"":""NT AUTHORITY""},{""@Name"":""TargetLogonId"",""#text"":""0x3E7""},{""@Name"":""LogonType"",""#text"":""5""},{""@Name"":""LogonProcessName"",""#text"":""Advapi  ""},{""@Name"":""AuthenticationPackageName"",""#text"":""Negotiate""},{""@Name"":""WorkstationName""},{""@Name"":""LogonGuid"",""#text"":""00000000-0000-0000-0000-000000000000""},{""@Name"":""TransmittedServices"",""#text"":""-""},{""@Name"":""LmPackageName"",""#text"":""-""},{""@Name"":""KeyLength"",""#text"":""0""},{""@Name"":""ProcessId"",""#text"":""0x220""},{""@Name"":""ProcessName"",""#text"":""C:\\Windows\\System32\\services.exe""},{""@Name"":""IpAddress"",""#text"":""-""},{""@Name"":""IpPort"",""#text"":""-""},{""@Name"":""ImpersonationLevel"",""#text"":""%%1833""}]}}"
740,740,2016-06-21 01:41:09.5740819,4672,LogAlways,Microsoft-Windows-Security-Auditing,Security,552,576,4orensics,6,,Administrative logon,NT AUTHORITY\SYSTEM (S-1-5-18),,"PrivilegeList: SeAssignPrimaryTokenPrivilege, SeTcbPrivilege, SeSecurityPrivilege, SeTakeOwnershipPrivilege, SeLoadDriverPrivilege, SeBackupPrivilege, SeRestorePrivilege, SeDebugPrivilege, SeAuditPrivilege, SeSystemEnvironmentPrivilege, SeImpersonatePrivilege",LogonId: 0x3E7,,,,,,False,D:\Software\CTF\Misc\EvtxECmd\Security.evtx,Audit success,0,"{""EventData"":{""Data"":[{""@Name"":""SubjectUserSid"",""#text"":""S-1-5-18""},{""@Name"":""SubjectUserName"",""#text"":""SYSTEM""},{""@Name"":""SubjectDomainName"",""#text"":""NT AUTHORITY""},{""@Name"":""SubjectLogonId"",""#text"":""0x3E7""},{""@Name"":""PrivilegeList"",""#text"":""SeAssignPrimaryTokenPrivilege, SeTcbPrivilege, SeSecurityPrivilege, SeTakeOwnershipPrivilege, SeLoadDriverPrivilege, SeBackupPrivilege, SeRestorePrivilege, SeDebugPrivilege, SeAuditPrivilege, SeSystemEnvironmentPrivilege, SeImpersonatePrivilege""}]}}"
741,741,2016-06-21 01:41:09.6371977,5033,LogAlways,Microsoft-Windows-Security-Auditing,Security,4,176,4orensics,6,,,,,,,,,,,,False,D:\Software\CTF\Misc\EvtxECmd\Security.evtx,Audit success,0,"{""EventData"":""""}"
742,742,2016-06-21 01:41:09.8714909,5024,LogAlways,Microsoft-Windows-Security-Auditing,Security,552,576,4orensics,6,,,,,,,,,,,,False,D:\Software\CTF\Misc\EvtxECmd\Security.evtx,Audit success,0,"{""EventData"":""""}"
743,743,2016-06-21 01:41:15.0115326,4624,LogAlways,Microsoft-Windows-Security-Auditing,Security,552,576,4orensics,6,,Successful logon,WORKGROUP\4ORENSICS$," (-)",Target: NT AUTHORITY\SYSTEM,LogonType 5,LogonId: 0x3E7,AuthenticationPackageName: Negotiate,"LogonProcessName: Advapi  ",,C:\Windows\System32\services.exe,False,D:\Software\CTF\Misc\EvtxECmd\Security.evtx,Audit success,0,"{""EventData"":{""Data"":[{""@Name"":""SubjectUserSid"",""#text"":""S-1-5-18""},{""@Name"":""SubjectUserName"",""#text"":""4ORENSICS$""},{""@Name"":""SubjectDomainName"",""#text"":""WORKGROUP""},{""@Name"":""SubjectLogonId"",""#text"":""0x3E7""},{""@Name"":""TargetUserSid"",""#text"":""S-1-5-18""},{""@Name"":""TargetUserName"",""#text"":""SYSTEM""},{""@Name"":""TargetDomainName"",""#text"":""NT AUTHORITY""},{""@Name"":""TargetLogonId"",""#text"":""0x3E7""},{""@Name"":""LogonType"",""#text"":""5""},{""@Name"":""LogonProcessName"",""#text"":""Advapi  ""},{""@Name"":""AuthenticationPackageName"",""#text"":""Negotiate""},{""@Name"":""WorkstationName""},{""@Name"":""LogonGuid"",""#text"":""00000000-0000-0000-0000-000000000000""},{""@Name"":""TransmittedServices"",""#text"":""-""},{""@Name"":""LmPackageName"",""#text"":""-""},{""@Name"":""KeyLength"",""#text"":""0""},{""@Name"":""ProcessId"",""#text"":""0x220""},{""@Name"":""ProcessName"",""#text"":""C:\\Windows\\System32\\services.exe""},{""@Name"":""IpAddress"",""#text"":""-""},{""@Name"":""IpPort"",""#text"":""-""},{""@Name"":""ImpersonationLevel"",""#text"":""%%1833""}]}}"
744,744,2016-06-21 01:41:15.0115326,4672,LogAlways,Microsoft-Windows-Security-Auditing,Security,552,576,4orensics,6,,Administrative logon,NT AUTHORITY\SYSTEM (S-1-5-18),,"PrivilegeList: SeAssignPrimaryTokenPrivilege, SeTcbPrivilege, SeSecurityPrivilege, SeTakeOwnershipPrivilege, SeLoadDriverPrivilege, SeBackupPrivilege, SeRestorePrivilege, SeDebugPrivilege, SeAuditPrivilege, SeSystemEnvironmentPrivilege, SeImpersonatePrivilege",LogonId: 0x3E7,,,,,,False,D:\Software\CTF\Misc\EvtxECmd\Security.evtx,Audit success,0,"{""EventData"":{""Data"":[{""@Name"":""SubjectUserSid"",""#text"":""S-1-5-18""},{""@Name"":""SubjectUserName"",""#text"":""SYSTEM""},{""@Name"":""SubjectDomainName"",""#text"":""NT AUTHORITY""},{""@Name"":""SubjectLogonId"",""#text"":""0x3E7""},{""@Name"":""PrivilegeList"",""#text"":""SeAssignPrimaryTokenPrivilege, SeTcbPrivilege, SeSecurityPrivilege, SeTakeOwnershipPrivilege, SeLoadDriverPrivilege, SeBackupPrivilege, SeRestorePrivilege, SeDebugPrivilege, SeAuditPrivilege, SeSystemEnvironmentPrivilege, SeImpersonatePrivilege""}]}}"
745,745,2016-06-21 01:41:16.8244694,4624,LogAlways,Microsoft-Windows-Security-Auditing,Security,552,576,4orensics,6,,Successful logon,-\-," (-)",Target: NT AUTHORITY\ANONYMOUS LOGON,LogonType 3,LogonId: 0x16712,AuthenticationPackageName: NTLM,"LogonProcessName: NtLmSsp ",,-,False,D:\Software\CTF\Misc\EvtxECmd\Security.evtx,Audit success,0,"{""EventData"":{""Data"":[{""@Name"":""SubjectUserSid"",""#text"":""S-1-0-0""},{""@Name"":""SubjectUserName"",""#text"":""-""},{""@Name"":""SubjectDomainName"",""#text"":""-""},{""@Name"":""SubjectLogonId"",""#text"":""0x0""},{""@Name"":""TargetUserSid"",""#text"":""S-1-5-7""},{""@Name"":""TargetUserName"",""#text"":""ANONYMOUS LOGON""},{""@Name"":""TargetDomainName"",""#text"":""NT AUTHORITY""},{""@Name"":""TargetLogonId"",""#text"":""0x16712""},{""@Name"":""LogonType"",""#text"":""3""},{""@Name"":""LogonProcessName"",""#text"":""NtLmSsp ""},{""@Name"":""AuthenticationPackageName"",""#text"":""NTLM""},{""@Name"":""WorkstationName""},{""@Name"":""LogonGuid"",""#text"":""00000000-0000-0000-0000-000000000000""},{""@Name"":""TransmittedServices"",""#text"":""-""},{""@Name"":""LmPackageName"",""#text"":""NTLM V1""},{""@Name"":""KeyLength"",""#text"":""0""},{""@Name"":""ProcessId"",""#text"":""0x0""},{""@Name"":""ProcessName"",""#text"":""-""},{""@Name"":""IpAddress"",""#text"":""-""},{""@Name"":""IpPort"",""#text"":""-""},{""@Name"":""ImpersonationLevel"",""#text"":""%%1833""}]}}"
746,746,2016-06-21 01:41:41.1685945,4797,LogAlways,Microsoft-Windows-Security-Auditing,Security,552,576,4orensics,6,,An attempt was made to query the existence of a blank password for an account,NT AUTHORITY\LOCAL SERVICE (S-1-5-19),,Target: 4orensics\Administrator,SubjectLogonId: 0x3E5,Workstation: 4ORENSICS,,,,,False,D:\Software\CTF\Misc\EvtxECmd\Security.evtx,Audit success,0,"{""EventData"":{""Data"":[{""@Name"":""SubjectUserSid"",""#text"":""S-1-5-19""},{""@Name"":""SubjectUserName"",""#text"":""LOCAL SERVICE""},{""@Name"":""SubjectDomainName"",""#text"":""NT AUTHORITY""},{""@Name"":""SubjectLogonId"",""#text"":""0x3E5""},{""@Name"":""Workstation"",""#text"":""4ORENSICS""},{""@Name"":""TargetUserName"",""#text"":""Administrator""},{""@Name"":""TargetDomainName"",""#text"":""4orensics""}]}}"
747,747,2016-06-21 01:41:41.1685945,4797,LogAlways,Microsoft-Windows-Security-Auditing,Security,552,728,4orensics,6,,An attempt was made to query the existence of a blank password for an account,NT AUTHORITY\LOCAL SERVICE (S-1-5-19),,Target: 4orensics\Guest,SubjectLogonId: 0x3E5,Workstation: 4ORENSICS,,,,,False,D:\Software\CTF\Misc\EvtxECmd\Security.evtx,Audit success,0,"{""EventData"":{""Data"":[{""@Name"":""SubjectUserSid"",""#text"":""S-1-5-19""},{""@Name"":""SubjectUserName"",""#text"":""LOCAL SERVICE""},{""@Name"":""SubjectDomainName"",""#text"":""NT AUTHORITY""},{""@Name"":""SubjectLogonId"",""#text"":""0x3E5""},{""@Name"":""Workstation"",""#text"":""4ORENSICS""},{""@Name"":""TargetUserName"",""#text"":""Guest""},{""@Name"":""TargetDomainName"",""#text"":""4orensics""}]}}"
748,748,2016-06-21 01:41:41.1685945,4797,LogAlways,Microsoft-Windows-Security-Auditing,Security,552,584,4orensics,6,,An attempt was made to query the existence of a blank password for an account,NT AUTHORITY\LOCAL SERVICE (S-1-5-19),,Target: 4orensics\HomeGroupUser$,SubjectLogonId: 0x3E5,Workstation: 4ORENSICS,,,,,False,D:\Software\CTF\Misc\EvtxECmd\Security.evtx,Audit success,0,"{""EventData"":{""Data"":[{""@Name"":""SubjectUserSid"",""#text"":""S-1-5-19""},{""@Name"":""SubjectUserName"",""#text"":""LOCAL SERVICE""},{""@Name"":""SubjectDomainName"",""#text"":""NT AUTHORITY""},{""@Name"":""SubjectLogonId"",""#text"":""0x3E5""},{""@Name"":""Workstation"",""#text"":""4ORENSICS""},{""@Name"":""TargetUserName"",""#text"":""HomeGroupUser$""},{""@Name"":""TargetDomainName"",""#text"":""4orensics""}]}}"
749,749,2016-06-21 01:41:41.1685945,4797,LogAlways,Microsoft-Windows-Security-Auditing,Security,552,576,4orensics,6,,An attempt was made to query the existence of a blank password for an account,NT AUTHORITY\LOCAL SERVICE (S-1-5-19),,Target: 4orensics\Hunter,SubjectLogonId: 0x3E5,Workstation: 4ORENSICS,,,,,False,D:\Software\CTF\Misc\EvtxECmd\Security.evtx,Audit success,0,"{""EventData"":{""Data"":[{""@Name"":""SubjectUserSid"",""#text"":""S-1-5-19""},{""@Name"":""SubjectUserName"",""#text"":""LOCAL SERVICE""},{""@Name"":""SubjectDomainName"",""#text"":""NT AUTHORITY""},{""@Name"":""SubjectLogonId"",""#text"":""0x3E5""},{""@Name"":""Workstation"",""#text"":""4ORENSICS""},{""@Name"":""TargetUserName"",""#text"":""Hunter""},{""@Name"":""TargetDomainName"",""#text"":""4orensics""}]}}"
750,750,2016-06-21 01:41:41.1685945,4797,LogAlways,Microsoft-Windows-Security-Auditing,Security,552,728,4orensics,6,,An attempt was made to query the existence of a blank password for an account,NT AUTHORITY\LOCAL SERVICE (S-1-5-19),,Target: 4orensics\Administrator,SubjectLogonId: 0x3E5,Workstation: 4ORENSICS,,,,,False,D:\Software\CTF\Misc\EvtxECmd\Security.evtx,Audit success,0,"{""EventData"":{""Data"":[{""@Name"":""SubjectUserSid"",""#text"":""S-1-5-19""},{""@Name"":""SubjectUserName"",""#text"":""LOCAL SERVICE""},{""@Name"":""SubjectDomainName"",""#text"":""NT AUTHORITY""},{""@Name"":""SubjectLogonId"",""#text"":""0x3E5""},{""@Name"":""Workstation"",""#text"":""4ORENSICS""},{""@Name"":""TargetUserName"",""#text"":""Administrator""},{""@Name"":""TargetDomainName"",""#text"":""4orensics""}]}}"
751,751,2016-06-21 01:41:41.1685945,4797,LogAlways,Microsoft-Windows-Security-Auditing,Security,552,584,4orensics,6,,An attempt was made to query the existence of a blank password for an account,NT AUTHORITY\LOCAL SERVICE (S-1-5-19),,Target: 4orensics\HomeGroupUser$,SubjectLogonId: 0x3E5,Workstation: 4ORENSICS,,,,,False,D:\Software\CTF\Misc\EvtxECmd\Security.evtx,Audit success,0,"{""EventData"":{""Data"":[{""@Name"":""SubjectUserSid"",""#text"":""S-1-5-19""},{""@Name"":""SubjectUserName"",""#text"":""LOCAL SERVICE""},{""@Name"":""SubjectDomainName"",""#text"":""NT AUTHORITY""},{""@Name"":""SubjectLogonId"",""#text"":""0x3E5""},{""@Name"":""Workstation"",""#text"":""4ORENSICS""},{""@Name"":""TargetUserName"",""#text"":""HomeGroupUser$""},{""@Name"":""TargetDomainName"",""#text"":""4orensics""}]}}"
752,752,2016-06-21 01:41:41.1685945,4797,LogAlways,Microsoft-Windows-Security-Auditing,Security,552,576,4orensics,6,,An attempt was made to query the existence of a blank password for an account,NT AUTHORITY\LOCAL SERVICE (S-1-5-19),,Target: 4orensics\Hunter,SubjectLogonId: 0x3E5,Workstation: 4ORENSICS,,,,,False,D:\Software\CTF\Misc\EvtxECmd\Security.evtx,Audit success,0,"{""EventData"":{""Data"":[{""@Name"":""SubjectUserSid"",""#text"":""S-1-5-19""},{""@Name"":""SubjectUserName"",""#text"":""LOCAL SERVICE""},{""@Name"":""SubjectDomainName"",""#text"":""NT AUTHORITY""},{""@Name"":""SubjectLogonId"",""#text"":""0x3E5""},{""@Name"":""Workstation"",""#text"":""4ORENSICS""},{""@Name"":""TargetUserName"",""#text"":""Hunter""},{""@Name"":""TargetDomainName"",""#text"":""4orensics""}]}}"
753,753,2016-06-21 01:41:41.1685945,4797,LogAlways,Microsoft-Windows-Security-Auditing,Security,552,728,4orensics,6,,An attempt was made to query the existence of a blank password for an account,NT AUTHORITY\LOCAL SERVICE (S-1-5-19),,Target: 4orensics\Guest,SubjectLogonId: 0x3E5,Workstation: 4ORENSICS,,,,,False,D:\Software\CTF\Misc\EvtxECmd\Security.evtx,Audit success,0,"{""EventData"":{""Data"":[{""@Name"":""SubjectUserSid"",""#text"":""S-1-5-19""},{""@Name"":""SubjectUserName"",""#text"":""LOCAL SERVICE""},{""@Name"":""SubjectDomainName"",""#text"":""NT AUTHORITY""},{""@Name"":""SubjectLogonId"",""#text"":""0x3E5""},{""@Name"":""Workstation"",""#text"":""4ORENSICS""},{""@Name"":""TargetUserName"",""#text"":""Guest""},{""@Name"":""TargetDomainName"",""#text"":""4orensics""}]}}"
754,754,2016-06-21 01:41:41.3089265,5058,LogAlways,Microsoft-Windows-Security-Auditing,Security,552,576,4orensics,6,,,,,,,,,,,,False,D:\Software\CTF\Misc\EvtxECmd\Security.evtx,Audit success,0,"{""EventData"":{""Data"":[{""@Name"":""SubjectUserSid"",""#text"":""S-1-5-18""},{""@Name"":""SubjectUserName"",""#text"":""4ORENSICS$""},{""@Name"":""SubjectDomainName"",""#text"":""WORKGROUP""},{""@Name"":""SubjectLogonId"",""#text"":""0x3E7""},{""@Name"":""ProviderName"",""#text"":""Microsoft Software Key Storage Provider""},{""@Name"":""AlgorithmName"",""#text"":""UNKNOWN""},{""@Name"":""KeyName"",""#text"":""{5792FEC4-E7E9-4143-BE55-B4545BB0AFE7}""},{""@Name"":""KeyType"",""#text"":""%%2499""},{""@Name"":""KeyFilePath"",""#text"":""C:\\ProgramData\\Microsoft\\Crypto\\Keys\\4417d2ec10b335a1c00e99ec3f632bbb_d9c2a8ce-f7d7-45e5-b8e6-d5bc43da1b57""},{""@Name"":""Operation"",""#text"":""%%2458""},{""@Name"":""ReturnCode"",""#text"":""0x0""}]}}"
755,755,2016-06-21 01:41:41.3089265,5061,LogAlways,Microsoft-Windows-Security-Auditing,Security,552,576,4orensics,6,,,,,,,,,,,,False,D:\Software\CTF\Misc\EvtxECmd\Security.evtx,Audit success,0,"{""EventData"":{""Data"":[{""@Name"":""SubjectUserSid"",""#text"":""S-1-5-18""},{""@Name"":""SubjectUserName"",""#text"":""4ORENSICS$""},{""@Name"":""SubjectDomainName"",""#text"":""WORKGROUP""},{""@Name"":""SubjectLogonId"",""#text"":""0x3E7""},{""@Name"":""ProviderName"",""#text"":""Microsoft Software Key Storage Provider""},{""@Name"":""AlgorithmName"",""#text"":""RSA""},{""@Name"":""KeyName"",""#text"":""{5792FEC4-E7E9-4143-BE55-B4545BB0AFE7}""},{""@Name"":""KeyType"",""#text"":""%%2499""},{""@Name"":""Operation"",""#text"":""%%2480""},{""@Name"":""ReturnCode"",""#text"":""0x0""}]}}"
756,756,2016-06-21 01:42:40.5274264,4648,LogAlways,Microsoft-Windows-Security-Auditing,Security,552,584,4orensics,6,,A logon was attempted using explicit credentials,WORKGROUP\4ORENSICS$,127.0.0.1:0,Target: 4orensics\Hunter,TargetServerName: localhost,PID: 0x1F0,TargetInfo: localhost,,,C:\Windows\System32\winlogon.exe,False,D:\Software\CTF\Misc\EvtxECmd\Security.evtx,Audit success,0,"{""EventData"":{""Data"":[{""@Name"":""SubjectUserSid"",""#text"":""S-1-5-18""},{""@Name"":""SubjectUserName"",""#text"":""4ORENSICS$""},{""@Name"":""SubjectDomainName"",""#text"":""WORKGROUP""},{""@Name"":""SubjectLogonId"",""#text"":""0x3E7""},{""@Name"":""LogonGuid"",""#text"":""00000000-0000-0000-0000-000000000000""},{""@Name"":""TargetUserName"",""#text"":""Hunter""},{""@Name"":""TargetDomainName"",""#text"":""4orensics""},{""@Name"":""TargetLogonGuid"",""#text"":""00000000-0000-0000-0000-000000000000""},{""@Name"":""TargetServerName"",""#text"":""localhost""},{""@Name"":""TargetInfo"",""#text"":""localhost""},{""@Name"":""ProcessId"",""#text"":""0x1F0""},{""@Name"":""ProcessName"",""#text"":""C:\\Windows\\System32\\winlogon.exe""},{""@Name"":""IpAddress"",""#text"":""127.0.0.1""},{""@Name"":""IpPort"",""#text"":""0""}]}}"
757,757,2016-06-21 01:42:40.5274264,4624,LogAlways,Microsoft-Windows-Security-Auditing,Security,552,584,4orensics,6,,Successful logon,WORKGROUP\4ORENSICS$,4ORENSICS (127.0.0.1),Target: 4orensics\Hunter,LogonType 2,LogonId: 0x28D2E,AuthenticationPackageName: Negotiate,"LogonProcessName: User32 ",,C:\Windows\System32\winlogon.exe,False,D:\Software\CTF\Misc\EvtxECmd\Security.evtx,Audit success,0,"{""EventData"":{""Data"":[{""@Name"":""SubjectUserSid"",""#text"":""S-1-5-18""},{""@Name"":""SubjectUserName"",""#text"":""4ORENSICS$""},{""@Name"":""SubjectDomainName"",""#text"":""WORKGROUP""},{""@Name"":""SubjectLogonId"",""#text"":""0x3E7""},{""@Name"":""TargetUserSid"",""#text"":""S-1-5-21-2489440558-2754304563-710705792-1001""},{""@Name"":""TargetUserName"",""#text"":""Hunter""},{""@Name"":""TargetDomainName"",""#text"":""4orensics""},{""@Name"":""TargetLogonId"",""#text"":""0x28D2E""},{""@Name"":""LogonType"",""#text"":""2""},{""@Name"":""LogonProcessName"",""#text"":""User32 ""},{""@Name"":""AuthenticationPackageName"",""#text"":""Negotiate""},{""@Name"":""WorkstationName"",""#text"":""4ORENSICS""},{""@Name"":""LogonGuid"",""#text"":""00000000-0000-0000-0000-000000000000""},{""@Name"":""TransmittedServices"",""#text"":""-""},{""@Name"":""LmPackageName"",""#text"":""-""},{""@Name"":""KeyLength"",""#text"":""0""},{""@Name"":""ProcessId"",""#text"":""0x1F0""},{""@Name"":""ProcessName"",""#text"":""C:\\Windows\\System32\\winlogon.exe""},{""@Name"":""IpAddress"",""#text"":""127.0.0.1""},{""@Name"":""IpPort"",""#text"":""0""},{""@Name"":""ImpersonationLevel"",""#text"":""%%1833""}]}}"
758,758,2016-06-21 01:42:40.5274264,4624,LogAlways,Microsoft-Windows-Security-Auditing,Security,552,584,4orensics,6,,Successful logon,WORKGROUP\4ORENSICS$,4ORENSICS (127.0.0.1),Target: 4orensics\Hunter,LogonType 2,LogonId: 0x28D50,AuthenticationPackageName: Negotiate,"LogonProcessName: User32 ",,C:\Windows\System32\winlogon.exe,False,D:\Software\CTF\Misc\EvtxECmd\Security.evtx,Audit success,0,"{""EventData"":{""Data"":[{""@Name"":""SubjectUserSid"",""#text"":""S-1-5-18""},{""@Name"":""SubjectUserName"",""#text"":""4ORENSICS$""},{""@Name"":""SubjectDomainName"",""#text"":""WORKGROUP""},{""@Name"":""SubjectLogonId"",""#text"":""0x3E7""},{""@Name"":""TargetUserSid"",""#text"":""S-1-5-21-2489440558-2754304563-710705792-1001""},{""@Name"":""TargetUserName"",""#text"":""Hunter""},{""@Name"":""TargetDomainName"",""#text"":""4orensics""},{""@Name"":""TargetLogonId"",""#text"":""0x28D50""},{""@Name"":""LogonType"",""#text"":""2""},{""@Name"":""LogonProcessName"",""#text"":""User32 ""},{""@Name"":""AuthenticationPackageName"",""#text"":""Negotiate""},{""@Name"":""WorkstationName"",""#text"":""4ORENSICS""},{""@Name"":""LogonGuid"",""#text"":""00000000-0000-0000-0000-000000000000""},{""@Name"":""TransmittedServices"",""#text"":""-""},{""@Name"":""LmPackageName"",""#text"":""-""},{""@Name"":""KeyLength"",""#text"":""0""},{""@Name"":""ProcessId"",""#text"":""0x1F0""},{""@Name"":""ProcessName"",""#text"":""C:\\Windows\\System32\\winlogon.exe""},{""@Name"":""IpAddress"",""#text"":""127.0.0.1""},{""@Name"":""IpPort"",""#text"":""0""},{""@Name"":""ImpersonationLevel"",""#text"":""%%1833""}]}}"
759,759,2016-06-21 01:42:40.5274264,4672,LogAlways,Microsoft-Windows-Security-Auditing,Security,552,584,4orensics,6,,Administrative logon,4orensics\Hunter (S-1-5-21-2489440558-2754304563-710705792-1001),,"PrivilegeList: SeSecurityPrivilege, SeTakeOwnershipPrivilege, SeLoadDriverPrivilege, SeBackupPrivilege, SeRestorePrivilege, SeDebugPrivilege, SeSystemEnvironmentPrivilege, SeImpersonatePrivilege",LogonId: 0x28D2E,,,,,,False,D:\Software\CTF\Misc\EvtxECmd\Security.evtx,Audit success,0,"{""EventData"":{""Data"":[{""@Name"":""SubjectUserSid"",""#text"":""S-1-5-21-2489440558-2754304563-710705792-1001""},{""@Name"":""SubjectUserName"",""#text"":""Hunter""},{""@Name"":""SubjectDomainName"",""#text"":""4orensics""},{""@Name"":""SubjectLogonId"",""#text"":""0x28D2E""},{""@Name"":""PrivilegeList"",""#text"":""SeSecurityPrivilege, SeTakeOwnershipPrivilege, SeLoadDriverPrivilege, SeBackupPrivilege, SeRestorePrivilege, SeDebugPrivilege, SeSystemEnvironmentPrivilege, SeImpersonatePrivilege""}]}}"
760,760,2016-06-21 01:42:41.3248307,5058,LogAlways,Microsoft-Windows-Security-Auditing,Security,552,728,4orensics,6,,,,,,,,,,,,False,D:\Software\CTF\Misc\EvtxECmd\Security.evtx,Audit success,0,"{""EventData"":{""Data"":[{""@Name"":""SubjectUserSid"",""#text"":""S-1-5-18""},{""@Name"":""SubjectUserName"",""#text"":""4ORENSICS$""},{""@Name"":""SubjectDomainName"",""#text"":""WORKGROUP""},{""@Name"":""SubjectLogonId"",""#text"":""0x3E7""},{""@Name"":""ProviderName"",""#text"":""Microsoft Software Key Storage Provider""},{""@Name"":""AlgorithmName"",""#text"":""UNKNOWN""},{""@Name"":""KeyName"",""#text"":""{5792FEC4-E7E9-4143-BE55-B4545BB0AFE7}""},{""@Name"":""KeyType"",""#text"":""%%2499""},{""@Name"":""KeyFilePath"",""#text"":""C:\\ProgramData\\Microsoft\\Crypto\\Keys\\4417d2ec10b335a1c00e99ec3f632bbb_d9c2a8ce-f7d7-45e5-b8e6-d5bc43da1b57""},{""@Name"":""Operation"",""#text"":""%%2458""},{""@Name"":""ReturnCode"",""#text"":""0x0""}]}}"
761,761,2016-06-21 01:42:41.3248307,5061,LogAlways,Microsoft-Windows-Security-Auditing,Security,552,584,4orensics,6,,,,,,,,,,,,False,D:\Software\CTF\Misc\EvtxECmd\Security.evtx,Audit success,0,"{""EventData"":{""Data"":[{""@Name"":""SubjectUserSid"",""#text"":""S-1-5-18""},{""@Name"":""SubjectUserName"",""#text"":""4ORENSICS$""},{""@Name"":""SubjectDomainName"",""#text"":""WORKGROUP""},{""@Name"":""SubjectLogonId"",""#text"":""0x3E7""},{""@Name"":""ProviderName"",""#text"":""Microsoft Software Key Storage Provider""},{""@Name"":""AlgorithmName"",""#text"":""RSA""},{""@Name"":""KeyName"",""#text"":""{5792FEC4-E7E9-4143-BE55-B4545BB0AFE7}""},{""@Name"":""KeyType"",""#text"":""%%2499""},{""@Name"":""Operation"",""#text"":""%%2480""},{""@Name"":""ReturnCode"",""#text"":""0x0""}]}}"
762,762,2016-06-21 01:42:44.5745717,4797,LogAlways,Microsoft-Windows-Security-Auditing,Security,552,584,4orensics,6,,An attempt was made to query the existence of a blank password for an account,4orensics\Hunter (S-1-5-21-2489440558-2754304563-710705792-1001),,Target: 4orensics\Administrator,SubjectLogonId: 0x28D50,Workstation: 4ORENSICS,,,,,False,D:\Software\CTF\Misc\EvtxECmd\Security.evtx,Audit success,0,"{""EventData"":{""Data"":[{""@Name"":""SubjectUserSid"",""#text"":""S-1-5-21-2489440558-2754304563-710705792-1001""},{""@Name"":""SubjectUserName"",""#text"":""Hunter""},{""@Name"":""SubjectDomainName"",""#text"":""4orensics""},{""@Name"":""SubjectLogonId"",""#text"":""0x28D50""},{""@Name"":""Workstation"",""#text"":""4ORENSICS""},{""@Name"":""TargetUserName"",""#text"":""Administrator""},{""@Name"":""TargetDomainName"",""#text"":""4orensics""}]}}"
763,763,2016-06-21 01:42:44.5745717,4797,LogAlways,Microsoft-Windows-Security-Auditing,Security,552,584,4orensics,6,,An attempt was made to query the existence of a blank password for an account,4orensics\Hunter (S-1-5-21-2489440558-2754304563-710705792-1001),,Target: 4orensics\Guest,SubjectLogonId: 0x28D50,Workstation: 4ORENSICS,,,,,False,D:\Software\CTF\Misc\EvtxECmd\Security.evtx,Audit success,0,"{""EventData"":{""Data"":[{""@Name"":""SubjectUserSid"",""#text"":""S-1-5-21-2489440558-2754304563-710705792-1001""},{""@Name"":""SubjectUserName"",""#text"":""Hunter""},{""@Name"":""SubjectDomainName"",""#text"":""4orensics""},{""@Name"":""SubjectLogonId"",""#text"":""0x28D50""},{""@Name"":""Workstation"",""#text"":""4ORENSICS""},{""@Name"":""TargetUserName"",""#text"":""Guest""},{""@Name"":""TargetDomainName"",""#text"":""4orensics""}]}}"
764,764,2016-06-21 01:42:44.5745717,4797,LogAlways,Microsoft-Windows-Security-Auditing,Security,552,584,4orensics,6,,An attempt was made to query the existence of a blank password for an account,4orensics\Hunter (S-1-5-21-2489440558-2754304563-710705792-1001),,Target: 4orensics\HomeGroupUser$,SubjectLogonId: 0x28D50,Workstation: 4ORENSICS,,,,,False,D:\Software\CTF\Misc\EvtxECmd\Security.evtx,Audit success,0,"{""EventData"":{""Data"":[{""@Name"":""SubjectUserSid"",""#text"":""S-1-5-21-2489440558-2754304563-710705792-1001""},{""@Name"":""SubjectUserName"",""#text"":""Hunter""},{""@Name"":""SubjectDomainName"",""#text"":""4orensics""},{""@Name"":""SubjectLogonId"",""#text"":""0x28D50""},{""@Name"":""Workstation"",""#text"":""4ORENSICS""},{""@Name"":""TargetUserName"",""#text"":""HomeGroupUser$""},{""@Name"":""TargetDomainName"",""#text"":""4orensics""}]}}"
765,765,2016-06-21 01:42:44.5745717,4797,LogAlways,Microsoft-Windows-Security-Auditing,Security,552,584,4orensics,6,,An attempt was made to query the existence of a blank password for an account,4orensics\Hunter (S-1-5-21-2489440558-2754304563-710705792-1001),,Target: 4orensics\Administrator,SubjectLogonId: 0x28D50,Workstation: 4ORENSICS,,,,,False,D:\Software\CTF\Misc\EvtxECmd\Security.evtx,Audit success,0,"{""EventData"":{""Data"":[{""@Name"":""SubjectUserSid"",""#text"":""S-1-5-21-2489440558-2754304563-710705792-1001""},{""@Name"":""SubjectUserName"",""#text"":""Hunter""},{""@Name"":""SubjectDomainName"",""#text"":""4orensics""},{""@Name"":""SubjectLogonId"",""#text"":""0x28D50""},{""@Name"":""Workstation"",""#text"":""4ORENSICS""},{""@Name"":""TargetUserName"",""#text"":""Administrator""},{""@Name"":""TargetDomainName"",""#text"":""4orensics""}]}}"
766,766,2016-06-21 01:42:44.5902542,4797,LogAlways,Microsoft-Windows-Security-Auditing,Security,552,584,4orensics,6,,An attempt was made to query the existence of a blank password for an account,4orensics\Hunter (S-1-5-21-2489440558-2754304563-710705792-1001),,Target: 4orensics\HomeGroupUser$,SubjectLogonId: 0x28D50,Workstation: 4ORENSICS,,,,,False,D:\Software\CTF\Misc\EvtxECmd\Security.evtx,Audit success,0,"{""EventData"":{""Data"":[{""@Name"":""SubjectUserSid"",""#text"":""S-1-5-21-2489440558-2754304563-710705792-1001""},{""@Name"":""SubjectUserName"",""#text"":""Hunter""},{""@Name"":""SubjectDomainName"",""#text"":""4orensics""},{""@Name"":""SubjectLogonId"",""#text"":""0x28D50""},{""@Name"":""Workstation"",""#text"":""4ORENSICS""},{""@Name"":""TargetUserName"",""#text"":""HomeGroupUser$""},{""@Name"":""TargetDomainName"",""#text"":""4orensics""}]}}"
767,767,2016-06-21 01:42:44.5902542,4797,LogAlways,Microsoft-Windows-Security-Auditing,Security,552,584,4orensics,6,,An attempt was made to query the existence of a blank password for an account,4orensics\Hunter (S-1-5-21-2489440558-2754304563-710705792-1001),,Target: 4orensics\Guest,SubjectLogonId: 0x28D50,Workstation: 4ORENSICS,,,,,False,D:\Software\CTF\Misc\EvtxECmd\Security.evtx,Audit success,0,"{""EventData"":{""Data"":[{""@Name"":""SubjectUserSid"",""#text"":""S-1-5-21-2489440558-2754304563-710705792-1001""},{""@Name"":""SubjectUserName"",""#text"":""Hunter""},{""@Name"":""SubjectDomainName"",""#text"":""4orensics""},{""@Name"":""SubjectLogonId"",""#text"":""0x28D50""},{""@Name"":""Workstation"",""#text"":""4ORENSICS""},{""@Name"":""TargetUserName"",""#text"":""Guest""},{""@Name"":""TargetDomainName"",""#text"":""4orensics""}]}}"
768,768,2016-06-21 01:42:44.6059658,4624,LogAlways,Microsoft-Windows-Security-Auditing,Security,552,584,4orensics,6,,Successful logon,WORKGROUP\4ORENSICS$," (-)",Target: NT AUTHORITY\SYSTEM,LogonType 5,LogonId: 0x3E7,AuthenticationPackageName: Negotiate,"LogonProcessName: Advapi  ",,C:\Windows\System32\services.exe,False,D:\Software\CTF\Misc\EvtxECmd\Security.evtx,Audit success,0,"{""EventData"":{""Data"":[{""@Name"":""SubjectUserSid"",""#text"":""S-1-5-18""},{""@Name"":""SubjectUserName"",""#text"":""4ORENSICS$""},{""@Name"":""SubjectDomainName"",""#text"":""WORKGROUP""},{""@Name"":""SubjectLogonId"",""#text"":""0x3E7""},{""@Name"":""TargetUserSid"",""#text"":""S-1-5-18""},{""@Name"":""TargetUserName"",""#text"":""SYSTEM""},{""@Name"":""TargetDomainName"",""#text"":""NT AUTHORITY""},{""@Name"":""TargetLogonId"",""#text"":""0x3E7""},{""@Name"":""LogonType"",""#text"":""5""},{""@Name"":""LogonProcessName"",""#text"":""Advapi  ""},{""@Name"":""AuthenticationPackageName"",""#text"":""Negotiate""},{""@Name"":""WorkstationName""},{""@Name"":""LogonGuid"",""#text"":""00000000-0000-0000-0000-000000000000""},{""@Name"":""TransmittedServices"",""#text"":""-""},{""@Name"":""LmPackageName"",""#text"":""-""},{""@Name"":""KeyLength"",""#text"":""0""},{""@Name"":""ProcessId"",""#text"":""0x220""},{""@Name"":""ProcessName"",""#text"":""C:\\Windows\\System32\\services.exe""},{""@Name"":""IpAddress"",""#text"":""-""},{""@Name"":""IpPort"",""#text"":""-""},{""@Name"":""ImpersonationLevel"",""#text"":""%%1833""}]}}"
769,769,2016-06-21 01:42:44.6059658,4672,LogAlways,Microsoft-Windows-Security-Auditing,Security,552,584,4orensics,6,,Administrative logon,NT AUTHORITY\SYSTEM (S-1-5-18),,"PrivilegeList: SeAssignPrimaryTokenPrivilege, SeTcbPrivilege, SeSecurityPrivilege, SeTakeOwnershipPrivilege, SeLoadDriverPrivilege, SeBackupPrivilege, SeRestorePrivilege, SeDebugPrivilege, SeAuditPrivilege, SeSystemEnvironmentPrivilege, SeImpersonatePrivilege",LogonId: 0x3E7,,,,,,False,D:\Software\CTF\Misc\EvtxECmd\Security.evtx,Audit success,0,"{""EventData"":{""Data"":[{""@Name"":""SubjectUserSid"",""#text"":""S-1-5-18""},{""@Name"":""SubjectUserName"",""#text"":""SYSTEM""},{""@Name"":""SubjectDomainName"",""#text"":""NT AUTHORITY""},{""@Name"":""SubjectLogonId"",""#text"":""0x3E7""},{""@Name"":""PrivilegeList"",""#text"":""SeAssignPrimaryTokenPrivilege, SeTcbPrivilege, SeSecurityPrivilege, SeTakeOwnershipPrivilege, SeLoadDriverPrivilege, SeBackupPrivilege, SeRestorePrivilege, SeDebugPrivilege, SeAuditPrivilege, SeSystemEnvironmentPrivilege, SeImpersonatePrivilege""}]}}"
770,770,2016-06-21 01:42:46.6056353,4797,LogAlways,Microsoft-Windows-Security-Auditing,Security,552,584,4orensics,6,,An attempt was made to query the existence of a blank password for an account,NT AUTHORITY\LOCAL SERVICE (S-1-5-19),,Target: 4orensics\Administrator,SubjectLogonId: 0x3E5,Workstation: 4ORENSICS,,,,,False,D:\Software\CTF\Misc\EvtxECmd\Security.evtx,Audit success,0,"{""EventData"":{""Data"":[{""@Name"":""SubjectUserSid"",""#text"":""S-1-5-19""},{""@Name"":""SubjectUserName"",""#text"":""LOCAL SERVICE""},{""@Name"":""SubjectDomainName"",""#text"":""NT AUTHORITY""},{""@Name"":""SubjectLogonId"",""#text"":""0x3E5""},{""@Name"":""Workstation"",""#text"":""4ORENSICS""},{""@Name"":""TargetUserName"",""#text"":""Administrator""},{""@Name"":""TargetDomainName"",""#text"":""4orensics""}]}}"
771,771,2016-06-21 01:42:46.6056353,4797,LogAlways,Microsoft-Windows-Security-Auditing,Security,552,584,4orensics,6,,An attempt was made to query the existence of a blank password for an account,NT AUTHORITY\LOCAL SERVICE (S-1-5-19),,Target: 4orensics\Guest,SubjectLogonId: 0x3E5,Workstation: 4ORENSICS,,,,,False,D:\Software\CTF\Misc\EvtxECmd\Security.evtx,Audit success,0,"{""EventData"":{""Data"":[{""@Name"":""SubjectUserSid"",""#text"":""S-1-5-19""},{""@Name"":""SubjectUserName"",""#text"":""LOCAL SERVICE""},{""@Name"":""SubjectDomainName"",""#text"":""NT AUTHORITY""},{""@Name"":""SubjectLogonId"",""#text"":""0x3E5""},{""@Name"":""Workstation"",""#text"":""4ORENSICS""},{""@Name"":""TargetUserName"",""#text"":""Guest""},{""@Name"":""TargetDomainName"",""#text"":""4orensics""}]}}"
772,772,2016-06-21 01:42:46.6056353,4797,LogAlways,Microsoft-Windows-Security-Auditing,Security,552,584,4orensics,6,,An attempt was made to query the existence of a blank password for an account,NT AUTHORITY\LOCAL SERVICE (S-1-5-19),,Target: 4orensics\HomeGroupUser$,SubjectLogonId: 0x3E5,Workstation: 4ORENSICS,,,,,False,D:\Software\CTF\Misc\EvtxECmd\Security.evtx,Audit success,0,"{""EventData"":{""Data"":[{""@Name"":""SubjectUserSid"",""#text"":""S-1-5-19""},{""@Name"":""SubjectUserName"",""#text"":""LOCAL SERVICE""},{""@Name"":""SubjectDomainName"",""#text"":""NT AUTHORITY""},{""@Name"":""SubjectLogonId"",""#text"":""0x3E5""},{""@Name"":""Workstation"",""#text"":""4ORENSICS""},{""@Name"":""TargetUserName"",""#text"":""HomeGroupUser$""},{""@Name"":""TargetDomainName"",""#text"":""4orensics""}]}}"
773,773,2016-06-21 01:42:46.6056353,4797,LogAlways,Microsoft-Windows-Security-Auditing,Security,552,584,4orensics,6,,An attempt was made to query the existence of a blank password for an account,NT AUTHORITY\LOCAL SERVICE (S-1-5-19),,Target: 4orensics\Hunter,SubjectLogonId: 0x3E5,Workstation: 4ORENSICS,,,,,False,D:\Software\CTF\Misc\EvtxECmd\Security.evtx,Audit success,0,"{""EventData"":{""Data"":[{""@Name"":""SubjectUserSid"",""#text"":""S-1-5-19""},{""@Name"":""SubjectUserName"",""#text"":""LOCAL SERVICE""},{""@Name"":""SubjectDomainName"",""#text"":""NT AUTHORITY""},{""@Name"":""SubjectLogonId"",""#text"":""0x3E5""},{""@Name"":""Workstation"",""#text"":""4ORENSICS""},{""@Name"":""TargetUserName"",""#text"":""Hunter""},{""@Name"":""TargetDomainName"",""#text"":""4orensics""}]}}"
774,774,2016-06-21 01:42:46.6056353,4797,LogAlways,Microsoft-Windows-Security-Auditing,Security,552,584,4orensics,6,,An attempt was made to query the existence of a blank password for an account,NT AUTHORITY\LOCAL SERVICE (S-1-5-19),,Target: 4orensics\Hunter,SubjectLogonId: 0x3E5,Workstation: 4ORENSICS,,,,,False,D:\Software\CTF\Misc\EvtxECmd\Security.evtx,Audit success,0,"{""EventData"":{""Data"":[{""@Name"":""SubjectUserSid"",""#text"":""S-1-5-19""},{""@Name"":""SubjectUserName"",""#text"":""LOCAL SERVICE""},{""@Name"":""SubjectDomainName"",""#text"":""NT AUTHORITY""},{""@Name"":""SubjectLogonId"",""#text"":""0x3E5""},{""@Name"":""Workstation"",""#text"":""4ORENSICS""},{""@Name"":""TargetUserName"",""#text"":""Hunter""},{""@Name"":""TargetDomainName"",""#text"":""4orensics""}]}}"
775,775,2016-06-21 01:42:46.6056353,4797,LogAlways,Microsoft-Windows-Security-Auditing,Security,552,584,4orensics,6,,An attempt was made to query the existence of a blank password for an account,NT AUTHORITY\LOCAL SERVICE (S-1-5-19),,Target: 4orensics\Administrator,SubjectLogonId: 0x3E5,Workstation: 4ORENSICS,,,,,False,D:\Software\CTF\Misc\EvtxECmd\Security.evtx,Audit success,0,"{""EventData"":{""Data"":[{""@Name"":""SubjectUserSid"",""#text"":""S-1-5-19""},{""@Name"":""SubjectUserName"",""#text"":""LOCAL SERVICE""},{""@Name"":""SubjectDomainName"",""#text"":""NT AUTHORITY""},{""@Name"":""SubjectLogonId"",""#text"":""0x3E5""},{""@Name"":""Workstation"",""#text"":""4ORENSICS""},{""@Name"":""TargetUserName"",""#text"":""Administrator""},{""@Name"":""TargetDomainName"",""#text"":""4orensics""}]}}"
776,776,2016-06-21 01:42:46.6056353,4797,LogAlways,Microsoft-Windows-Security-Auditing,Security,552,584,4orensics,6,,An attempt was made to query the existence of a blank password for an account,NT AUTHORITY\LOCAL SERVICE (S-1-5-19),,Target: 4orensics\Guest,SubjectLogonId: 0x3E5,Workstation: 4ORENSICS,,,,,False,D:\Software\CTF\Misc\EvtxECmd\Security.evtx,Audit success,0,"{""EventData"":{""Data"":[{""@Name"":""SubjectUserSid"",""#text"":""S-1-5-19""},{""@Name"":""SubjectUserName"",""#text"":""LOCAL SERVICE""},{""@Name"":""SubjectDomainName"",""#text"":""NT AUTHORITY""},{""@Name"":""SubjectLogonId"",""#text"":""0x3E5""},{""@Name"":""Workstation"",""#text"":""4ORENSICS""},{""@Name"":""TargetUserName"",""#text"":""Guest""},{""@Name"":""TargetDomainName"",""#text"":""4orensics""}]}}"
