749,749,2020-09-18 04:58:09.2140538,5379,LogAlways,Microsoft-Windows-Security-Auditing,Security,664,3716,DESKTOP-SDN1RPT,8,,Credential Manager credentials were read,WIN-2IH1TBB9I4Q$,,SID: S-1-5-18,Domain: WORKGROUP,LogonID: 0x3E7,CountOfCredentialsReturned: 0,,ActivityID: 089e13a3-8d7f-0001-4b14-9e087f8dd601,MicrosoftAccount:user=02mxskfvpzuazrtt,False,D:\Software\CTF\Misc\EvtxECmd\Security.evtx,Audit success,0,"{""EventData"":{""Data"":[{""@Name"":""SubjectUserSid"",""#text"":""S-1-5-18""},{""@Name"":""SubjectUserName"",""#text"":""WIN-2IH1TBB9I4Q$""},{""@Name"":""SubjectDomainName"",""#text"":""WORKGROUP""},{""@Name"":""SubjectLogonId"",""#text"":""0x3E7""},{""@Name"":""TargetName"",""#text"":""MicrosoftAccount:user=02mxskfvpzuazrtt""},{""@Name"":""Type"",""#text"":""0""},{""@Name"":""CountOfCredentialsReturned"",""#text"":""0""},{""@Name"":""ReadOperation"",""#text"":""%%8100""},{""@Name"":""ReturnCode"",""#text"":""3221226021""},{""@Name"":""ProcessCreationTime"",""#text"":""2020-09-18 05:46:31.7903713""},{""@Name"":""ClientProcessId"",""#text"":""60""}]}}"
750,750,2020-09-18 04:58:09.2153173,5379,LogAlways,Microsoft-Windows-Security-Auditing,Security,664,3716,DESKTOP-SDN1RPT,8,,Credential Manager credentials were read,WIN-2IH1TBB9I4Q$,,SID: S-1-5-18,Domain: WORKGROUP,LogonID: 0x3E7,CountOfCredentialsReturned: 0,,ActivityID: 089e13a3-8d7f-0001-4b14-9e087f8dd601,MicrosoftAccount:user=02mxskfvpzuazrtt,False,D:\Software\CTF\Misc\EvtxECmd\Security.evtx,Audit success,0,"{""EventData"":{""Data"":[{""@Name"":""SubjectUserSid"",""#text"":""S-1-5-18""},{""@Name"":""SubjectUserName"",""#text"":""WIN-2IH1TBB9I4Q$""},{""@Name"":""SubjectDomainName"",""#text"":""WORKGROUP""},{""@Name"":""SubjectLogonId"",""#text"":""0x3E7""},{""@Name"":""TargetName"",""#text"":""MicrosoftAccount:user=02mxskfvpzuazrtt""},{""@Name"":""Type"",""#text"":""0""},{""@Name"":""CountOfCredentialsReturned"",""#text"":""0""},{""@Name"":""ReadOperation"",""#text"":""%%8100""},{""@Name"":""ReturnCode"",""#text"":""3221226021""},{""@Name"":""ProcessCreationTime"",""#text"":""2020-09-18 05:46:31.7903713""},{""@Name"":""ClientProcessId"",""#text"":""60""}]}}"
751,751,2020-09-18 04:58:09.3839289,5379,LogAlways,Microsoft-Windows-Security-Auditing,Security,664,720,DESKTOP-SDN1RPT,8,,Credential Manager credentials were read,LOCAL SERVICE,,SID: S-1-5-19,Domain: NT AUTHORITY,LogonID: 0x3E5,CountOfCredentialsReturned: 0,,ActivityID: 089e13a3-8d7f-0001-4b14-9e087f8dd601,MicrosoftAccount:user=02hlechteeinehgx,False,D:\Software\CTF\Misc\EvtxECmd\Security.evtx,Audit success,0,"{""EventData"":{""Data"":[{""@Name"":""SubjectUserSid"",""#text"":""S-1-5-19""},{""@Name"":""SubjectUserName"",""#text"":""LOCAL SERVICE""},{""@Name"":""SubjectDomainName"",""#text"":""NT AUTHORITY""},{""@Name"":""SubjectLogonId"",""#text"":""0x3E5""},{""@Name"":""TargetName"",""#text"":""MicrosoftAccount:user=02hlechteeinehgx""},{""@Name"":""Type"",""#text"":""0""},{""@Name"":""CountOfCredentialsReturned"",""#text"":""0""},{""@Name"":""ReadOperation"",""#text"":""%%8100""},{""@Name"":""ReturnCode"",""#text"":""3221226021""},{""@Name"":""ProcessCreationTime"",""#text"":""2020-09-18 05:46:31.7903713""},{""@Name"":""ClientProcessId"",""#text"":""60""}]}}"
752,752,2020-09-18 04:58:09.4068644,5379,LogAlways,Microsoft-Windows-Security-Auditing,Security,664,720,DESKTOP-SDN1RPT,8,,Credential Manager credentials were read,LOCAL SERVICE,,SID: S-1-5-19,Domain: NT AUTHORITY,LogonID: 0x3E5,CountOfCredentialsReturned: 0,,ActivityID: 089e13a3-8d7f-0001-4b14-9e087f8dd601,MicrosoftAccount:user=02hlechteeinehgx,False,D:\Software\CTF\Misc\EvtxECmd\Security.evtx,Audit success,0,"{""EventData"":{""Data"":[{""@Name"":""SubjectUserSid"",""#text"":""S-1-5-19""},{""@Name"":""SubjectUserName"",""#text"":""LOCAL SERVICE""},{""@Name"":""SubjectDomainName"",""#text"":""NT AUTHORITY""},{""@Name"":""SubjectLogonId"",""#text"":""0x3E5""},{""@Name"":""TargetName"",""#text"":""MicrosoftAccount:user=02hlechteeinehgx""},{""@Name"":""Type"",""#text"":""0""},{""@Name"":""CountOfCredentialsReturned"",""#text"":""0""},{""@Name"":""ReadOperation"",""#text"":""%%8100""},{""@Name"":""ReturnCode"",""#text"":""3221226021""},{""@Name"":""ProcessCreationTime"",""#text"":""2020-09-18 05:46:31.7903713""},{""@Name"":""ClientProcessId"",""#text"":""60""}]}}"
753,753,2020-09-18 04:58:09.4442254,5379,LogAlways,Microsoft-Windows-Security-Auditing,Security,664,720,DESKTOP-SDN1RPT,8,,Credential Manager credentials were read,LOCAL SERVICE,,SID: S-1-5-19,Domain: NT AUTHORITY,LogonID: 0x3E5,CountOfCredentialsReturned: 0,,ActivityID: 089e13a3-8d7f-0001-4b14-9e087f8dd601,MicrosoftAccount:user=02hlechteeinehgx,False,D:\Software\CTF\Misc\EvtxECmd\Security.evtx,Audit success,0,"{""EventData"":{""Data"":[{""@Name"":""SubjectUserSid"",""#text"":""S-1-5-19""},{""@Name"":""SubjectUserName"",""#text"":""LOCAL SERVICE""},{""@Name"":""SubjectDomainName"",""#text"":""NT AUTHORITY""},{""@Name"":""SubjectLogonId"",""#text"":""0x3E5""},{""@Name"":""TargetName"",""#text"":""MicrosoftAccount:user=02hlechteeinehgx""},{""@Name"":""Type"",""#text"":""0""},{""@Name"":""CountOfCredentialsReturned"",""#text"":""0""},{""@Name"":""ReadOperation"",""#text"":""%%8100""},{""@Name"":""ReturnCode"",""#text"":""3221226021""},{""@Name"":""ProcessCreationTime"",""#text"":""2020-09-18 05:46:31.7903713""},{""@Name"":""ClientProcessId"",""#text"":""60""}]}}"
754,754,2020-09-18 04:58:09.4443995,5379,LogAlways,Microsoft-Windows-Security-Auditing,Security,664,720,DESKTOP-SDN1RPT,8,,Credential Manager credentials were read,LOCAL SERVICE,,SID: S-1-5-19,Domain: NT AUTHORITY,LogonID: 0x3E5,CountOfCredentialsReturned: 0,,ActivityID: 089e13a3-8d7f-0001-4b14-9e087f8dd601,MicrosoftAccount:user=02hlechteeinehgx,False,D:\Software\CTF\Misc\EvtxECmd\Security.evtx,Audit success,0,"{""EventData"":{""Data"":[{""@Name"":""SubjectUserSid"",""#text"":""S-1-5-19""},{""@Name"":""SubjectUserName"",""#text"":""LOCAL SERVICE""},{""@Name"":""SubjectDomainName"",""#text"":""NT AUTHORITY""},{""@Name"":""SubjectLogonId"",""#text"":""0x3E5""},{""@Name"":""TargetName"",""#text"":""MicrosoftAccount:user=02hlechteeinehgx""},{""@Name"":""Type"",""#text"":""0""},{""@Name"":""CountOfCredentialsReturned"",""#text"":""0""},{""@Name"":""ReadOperation"",""#text"":""%%8100""},{""@Name"":""ReturnCode"",""#text"":""3221226021""},{""@Name"":""ProcessCreationTime"",""#text"":""2020-09-18 05:46:31.7903713""},{""@Name"":""ClientProcessId"",""#text"":""60""}]}}"
755,755,2020-09-18 04:58:19.5833302,5379,LogAlways,Microsoft-Windows-Security-Auditing,Security,664,1492,DESKTOP-SDN1RPT,8,,Credential Manager credentials were read,Admin,,SID: S-1-5-21-41211245-796119838-3940169921-1001,Domain: DESKTOP-SDN1RPT,LogonID: 0xDDCC1,CountOfCredentialsReturned: 0,,ActivityID: 089e13a3-8d7f-0001-4b14-9e087f8dd601,WindowsLive:(token):name=02joorodvnvrsxxx;serviceuri=*,False,D:\Software\CTF\Misc\EvtxECmd\Security.evtx,Audit success,0,"{""EventData"":{""Data"":[{""@Name"":""SubjectUserSid"",""#text"":""S-1-5-21-41211245-796119838-3940169921-1001""},{""@Name"":""SubjectUserName"",""#text"":""Admin""},{""@Name"":""SubjectDomainName"",""#text"":""DESKTOP-SDN1RPT""},{""@Name"":""SubjectLogonId"",""#text"":""0xDDCC1""},{""@Name"":""TargetName"",""#text"":""WindowsLive:(token):name=02joorodvnvrsxxx;serviceuri=*""},{""@Name"":""Type"",""#text"":""0""},{""@Name"":""CountOfCredentialsReturned"",""#text"":""0""},{""@Name"":""ReadOperation"",""#text"":""%%8100""},{""@Name"":""ReturnCode"",""#text"":""3221226021""},{""@Name"":""ProcessCreationTime"",""#text"":""2020-09-18 05:46:31.7903713""},{""@Name"":""ClientProcessId"",""#text"":""60""}]}}"
756,756,2020-09-18 04:58:19.5838608,5379,LogAlways,Microsoft-Windows-Security-Auditing,Security,664,1492,DESKTOP-SDN1RPT,8,,Credential Manager credentials were read,Admin,,SID: S-1-5-21-41211245-796119838-3940169921-1001,Domain: DESKTOP-SDN1RPT,LogonID: 0xDDCC1,CountOfCredentialsReturned: 0,,ActivityID: 089e13a3-8d7f-0001-4b14-9e087f8dd601,WindowsLive:(cert):name=02joorodvnvrsxxx;serviceuri=*,False,D:\Software\CTF\Misc\EvtxECmd\Security.evtx,Audit success,0,"{""EventData"":{""Data"":[{""@Name"":""SubjectUserSid"",""#text"":""S-1-5-21-41211245-796119838-3940169921-1001""},{""@Name"":""SubjectUserName"",""#text"":""Admin""},{""@Name"":""SubjectDomainName"",""#text"":""DESKTOP-SDN1RPT""},{""@Name"":""SubjectLogonId"",""#text"":""0xDDCC1""},{""@Name"":""TargetName"",""#text"":""WindowsLive:(cert):name=02joorodvnvrsxxx;serviceuri=*""},{""@Name"":""Type"",""#text"":""0""},{""@Name"":""CountOfCredentialsReturned"",""#text"":""0""},{""@Name"":""ReadOperation"",""#text"":""%%8100""},{""@Name"":""ReturnCode"",""#text"":""3221226021""},{""@Name"":""ProcessCreationTime"",""#text"":""2020-09-18 05:46:31.7903713""},{""@Name"":""ClientProcessId"",""#text"":""60""}]}}"
757,757,2020-09-18 04:58:19.5840024,5379,LogAlways,Microsoft-Windows-Security-Auditing,Security,664,1492,DESKTOP-SDN1RPT,8,,Credential Manager credentials were read,Admin,,SID: S-1-5-21-41211245-796119838-3940169921-1001,Domain: DESKTOP-SDN1RPT,LogonID: 0xDDCC1,CountOfCredentialsReturned: 0,,ActivityID: 089e13a3-8d7f-0001-4b14-9e087f8dd601,WindowsLive:target=virtualapp/didlogical,False,D:\Software\CTF\Misc\EvtxECmd\Security.evtx,Audit success,0,"{""EventData"":{""Data"":[{""@Name"":""SubjectUserSid"",""#text"":""S-1-5-21-41211245-796119838-3940169921-1001""},{""@Name"":""SubjectUserName"",""#text"":""Admin""},{""@Name"":""SubjectDomainName"",""#text"":""DESKTOP-SDN1RPT""},{""@Name"":""SubjectLogonId"",""#text"":""0xDDCC1""},{""@Name"":""TargetName"",""#text"":""WindowsLive:target=virtualapp/didlogical""},{""@Name"":""Type"",""#text"":""0""},{""@Name"":""CountOfCredentialsReturned"",""#text"":""0""},{""@Name"":""ReadOperation"",""#text"":""%%8100""},{""@Name"":""ReturnCode"",""#text"":""3221226021""},{""@Name"":""ProcessCreationTime"",""#text"":""2020-09-18 05:46:31.7903713""},{""@Name"":""ClientProcessId"",""#text"":""60""}]}}"
758,758,2020-09-18 04:58:19.8386866,5379,LogAlways,Microsoft-Windows-Security-Auditing,Security,664,3716,DESKTOP-SDN1RPT,8,,Credential Manager credentials were read,Admin,,SID: S-1-5-21-41211245-796119838-3940169921-1001,Domain: DESKTOP-SDN1RPT,LogonID: 0xDDCC1,CountOfCredentialsReturned: 0,,ActivityID: 089e13a3-8d7f-0001-4b14-9e087f8dd601,MicrosoftAccount:user=02joorodvnvrsxxx,False,D:\Software\CTF\Misc\EvtxECmd\Security.evtx,Audit success,0,"{""EventData"":{""Data"":[{""@Name"":""SubjectUserSid"",""#text"":""S-1-5-21-41211245-796119838-3940169921-1001""},{""@Name"":""SubjectUserName"",""#text"":""Admin""},{""@Name"":""SubjectDomainName"",""#text"":""DESKTOP-SDN1RPT""},{""@Name"":""SubjectLogonId"",""#text"":""0xDDCC1""},{""@Name"":""TargetName"",""#text"":""MicrosoftAccount:user=02joorodvnvrsxxx""},{""@Name"":""Type"",""#text"":""0""},{""@Name"":""CountOfCredentialsReturned"",""#text"":""0""},{""@Name"":""ReadOperation"",""#text"":""%%8100""},{""@Name"":""ReturnCode"",""#text"":""3221226021""},{""@Name"":""ProcessCreationTime"",""#text"":""2020-09-18 05:46:31.7903713""},{""@Name"":""ClientProcessId"",""#text"":""60""}]}}"
759,759,2020-09-18 04:58:19.8399401,5058,LogAlways,Microsoft-Windows-Security-Auditing,Security,664,3716,DESKTOP-SDN1RPT,8,,,,,,,,,,,,False,D:\Software\CTF\Misc\EvtxECmd\Security.evtx,Audit success,0,"{""EventData"":{""Data"":[{""@Name"":""SubjectUserSid"",""#text"":""S-1-5-18""},{""@Name"":""SubjectUserName"",""#text"":""WIN-2IH1TBB9I4Q$""},{""@Name"":""SubjectDomainName"",""#text"":""WORKGROUP""},{""@Name"":""SubjectLogonId"",""#text"":""0x3E7""},{""@Name"":""ClientProcessId"",""#text"":""60""},{""@Name"":""ClientCreationTime"",""#text"":""2020-09-18 05:46:31.7903713""},{""@Name"":""ProviderName"",""#text"":""Microsoft Software Key Storage Provider""},{""@Name"":""AlgorithmName"",""#text"":""UNKNOWN""},{""@Name"":""KeyName"",""#text"":""023096d3-e7ca-f220-df84-c43a15f89bcb""},{""@Name"":""KeyType"",""#text"":""%%2500""},{""@Name"":""KeyFilePath"",""#text"":""C:\\ProgramData\\Microsoft\\Crypto\\SystemKeys\\e86d09730aabb28b0a01e0ba60a7cfef_511cefa6-2706-41b2-b1d8-b70acd58c1f3""},{""@Name"":""Operation"",""#text"":""%%2458""},{""@Name"":""ReturnCode"",""#text"":""0x0""}]}}"
760,760,2020-09-18 04:58:19.8402551,5061,LogAlways,Microsoft-Windows-Security-Auditing,Security,664,3716,DESKTOP-SDN1RPT,8,,,,,,,,,,,,False,D:\Software\CTF\Misc\EvtxECmd\Security.evtx,Audit success,0,"{""EventData"":{""Data"":[{""@Name"":""SubjectUserSid"",""#text"":""S-1-5-18""},{""@Name"":""SubjectUserName"",""#text"":""WIN-2IH1TBB9I4Q$""},{""@Name"":""SubjectDomainName"",""#text"":""WORKGROUP""},{""@Name"":""SubjectLogonId"",""#text"":""0x3E7""},{""@Name"":""ProviderName"",""#text"":""Microsoft Software Key Storage Provider""},{""@Name"":""AlgorithmName"",""#text"":""RSA""},{""@Name"":""KeyName"",""#text"":""023096d3-e7ca-f220-df84-c43a15f89bcb""},{""@Name"":""KeyType"",""#text"":""%%2500""},{""@Name"":""Operation"",""#text"":""%%2480""},{""@Name"":""ReturnCode"",""#text"":""0x0""}]}}"
761,761,2020-09-18 04:58:19.8450696,5379,LogAlways,Microsoft-Windows-Security-Auditing,Security,664,3716,DESKTOP-SDN1RPT,8,,Credential Manager credentials were read,Admin,,SID: S-1-5-21-41211245-796119838-3940169921-1001,Domain: DESKTOP-SDN1RPT,LogonID: 0xDDCC1,CountOfCredentialsReturned: 1,,ActivityID: 089e13a3-8d7f-0001-4b14-9e087f8dd601,MicrosoftAccount:user=02joorodvnvrsxxx,False,D:\Software\CTF\Misc\EvtxECmd\Security.evtx,Audit success,0,"{""EventData"":{""Data"":[{""@Name"":""SubjectUserSid"",""#text"":""S-1-5-21-41211245-796119838-3940169921-1001""},{""@Name"":""SubjectUserName"",""#text"":""Admin""},{""@Name"":""SubjectDomainName"",""#text"":""DESKTOP-SDN1RPT""},{""@Name"":""SubjectLogonId"",""#text"":""0xDDCC1""},{""@Name"":""TargetName"",""#text"":""MicrosoftAccount:user=02joorodvnvrsxxx""},{""@Name"":""Type"",""#text"":""1""},{""@Name"":""CountOfCredentialsReturned"",""#text"":""1""},{""@Name"":""ReadOperation"",""#text"":""%%8099""},{""@Name"":""ReturnCode"",""#text"":""3221226021""},{""@Name"":""ProcessCreationTime"",""#text"":""2020-09-18 05:46:31.7903713""},{""@Name"":""ClientProcessId"",""#text"":""60""}]}}"
762,762,2020-09-18 04:58:19.8527300,5379,LogAlways,Microsoft-Windows-Security-Auditing,Security,664,3716,DESKTOP-SDN1RPT,8,,Credential Manager credentials were read,Admin,,SID: S-1-5-21-41211245-796119838-3940169921-1001,Domain: DESKTOP-SDN1RPT,LogonID: 0xDDCC1,CountOfCredentialsReturned: 0,,ActivityID: 089e13a3-8d7f-0001-4b14-9e087f8dd601,MicrosoftAccount:user=02joorodvnvrsxxx,False,D:\Software\CTF\Misc\EvtxECmd\Security.evtx,Audit success,0,"{""EventData"":{""Data"":[{""@Name"":""SubjectUserSid"",""#text"":""S-1-5-21-41211245-796119838-3940169921-1001""},{""@Name"":""SubjectUserName"",""#text"":""Admin""},{""@Name"":""SubjectDomainName"",""#text"":""DESKTOP-SDN1RPT""},{""@Name"":""SubjectLogonId"",""#text"":""0xDDCC1""},{""@Name"":""TargetName"",""#text"":""MicrosoftAccount:user=02joorodvnvrsxxx""},{""@Name"":""Type"",""#text"":""0""},{""@Name"":""CountOfCredentialsReturned"",""#text"":""0""},{""@Name"":""ReadOperation"",""#text"":""%%8100""},{""@Name"":""ReturnCode"",""#text"":""3221226021""},{""@Name"":""ProcessCreationTime"",""#text"":""2020-09-18 05:46:31.7903713""},{""@Name"":""ClientProcessId"",""#text"":""60""}]}}"
763,763,2020-09-18 04:58:19.8533866,5379,LogAlways,Microsoft-Windows-Security-Auditing,Security,664,3716,DESKTOP-SDN1RPT,8,,Credential Manager credentials were read,Admin,,SID: S-1-5-21-41211245-796119838-3940169921-1001,Domain: DESKTOP-SDN1RPT,LogonID: 0xDDCC1,CountOfCredentialsReturned: 0,,ActivityID: 089e13a3-8d7f-0001-4b14-9e087f8dd601,WindowsLive:target=virtualapp/didlogical,False,D:\Software\CTF\Misc\EvtxECmd\Security.evtx,Audit success,0,"{""EventData"":{""Data"":[{""@Name"":""SubjectUserSid"",""#text"":""S-1-5-21-41211245-796119838-3940169921-1001""},{""@Name"":""SubjectUserName"",""#text"":""Admin""},{""@Name"":""SubjectDomainName"",""#text"":""DESKTOP-SDN1RPT""},{""@Name"":""SubjectLogonId"",""#text"":""0xDDCC1""},{""@Name"":""TargetName"",""#text"":""WindowsLive:target=virtualapp/didlogical""},{""@Name"":""Type"",""#text"":""0""},{""@Name"":""CountOfCredentialsReturned"",""#text"":""0""},{""@Name"":""ReadOperation"",""#text"":""%%8100""},{""@Name"":""ReturnCode"",""#text"":""3221226021""},{""@Name"":""ProcessCreationTime"",""#text"":""2020-09-18 05:46:31.7903713""},{""@Name"":""ClientProcessId"",""#text"":""60""}]}}"
764,764,2020-09-18 04:58:19.8648512,5379,LogAlways,Microsoft-Windows-Security-Auditing,Security,664,3716,DESKTOP-SDN1RPT,8,,Credential Manager credentials were read,Admin,,SID: S-1-5-21-41211245-796119838-3940169921-1001,Domain: DESKTOP-SDN1RPT,LogonID: 0xDDCC1,CountOfCredentialsReturned: 0,,ActivityID: 089e13a3-8d7f-0001-4b14-9e087f8dd601,MicrosoftAccount:user=02joorodvnvrsxxx,False,D:\Software\CTF\Misc\EvtxECmd\Security.evtx,Audit success,0,"{""EventData"":{""Data"":[{""@Name"":""SubjectUserSid"",""#text"":""S-1-5-21-41211245-796119838-3940169921-1001""},{""@Name"":""SubjectUserName"",""#text"":""Admin""},{""@Name"":""SubjectDomainName"",""#text"":""DESKTOP-SDN1RPT""},{""@Name"":""SubjectLogonId"",""#text"":""0xDDCC1""},{""@Name"":""TargetName"",""#text"":""MicrosoftAccount:user=02joorodvnvrsxxx""},{""@Name"":""Type"",""#text"":""0""},{""@Name"":""CountOfCredentialsReturned"",""#text"":""0""},{""@Name"":""ReadOperation"",""#text"":""%%8100""},{""@Name"":""ReturnCode"",""#text"":""3221226021""},{""@Name"":""ProcessCreationTime"",""#text"":""2020-09-18 05:46:31.7903713""},{""@Name"":""ClientProcessId"",""#text"":""60""}]}}"
765,765,2020-09-18 04:58:19.8661149,5379,LogAlways,Microsoft-Windows-Security-Auditing,Security,664,3716,DESKTOP-SDN1RPT,8,,Credential Manager credentials were read,Admin,,SID: S-1-5-21-41211245-796119838-3940169921-1001,Domain: DESKTOP-SDN1RPT,LogonID: 0xDDCC1,CountOfCredentialsReturned: 0,,ActivityID: 089e13a3-8d7f-0001-4b14-9e087f8dd601,WindowsLive:(token):name=02joorodvnvrsxxx;serviceuri=*,False,D:\Software\CTF\Misc\EvtxECmd\Security.evtx,Audit success,0,"{""EventData"":{""Data"":[{""@Name"":""SubjectUserSid"",""#text"":""S-1-5-21-41211245-796119838-3940169921-1001""},{""@Name"":""SubjectUserName"",""#text"":""Admin""},{""@Name"":""SubjectDomainName"",""#text"":""DESKTOP-SDN1RPT""},{""@Name"":""SubjectLogonId"",""#text"":""0xDDCC1""},{""@Name"":""TargetName"",""#text"":""WindowsLive:(token):name=02joorodvnvrsxxx;serviceuri=*""},{""@Name"":""Type"",""#text"":""0""},{""@Name"":""CountOfCredentialsReturned"",""#text"":""0""},{""@Name"":""ReadOperation"",""#text"":""%%8100""},{""@Name"":""ReturnCode"",""#text"":""3221226021""},{""@Name"":""ProcessCreationTime"",""#text"":""2020-09-18 05:46:31.7903713""},{""@Name"":""ClientProcessId"",""#text"":""60""}]}}"
766,766,2020-09-18 04:58:19.8669851,5379,LogAlways,Microsoft-Windows-Security-Auditing,Security,664,3716,DESKTOP-SDN1RPT,8,,Credential Manager credentials were read,Admin,,SID: S-1-5-21-41211245-796119838-3940169921-1001,Domain: DESKTOP-SDN1RPT,LogonID: 0xDDCC1,CountOfCredentialsReturned: 0,,ActivityID: 089e13a3-8d7f-0001-4b14-9e087f8dd601,WindowsLive:(cert):name=02joorodvnvrsxxx;serviceuri=*,False,D:\Software\CTF\Misc\EvtxECmd\Security.evtx,Audit success,0,"{""EventData"":{""Data"":[{""@Name"":""SubjectUserSid"",""#text"":""S-1-5-21-41211245-796119838-3940169921-1001""},{""@Name"":""SubjectUserName"",""#text"":""Admin""},{""@Name"":""SubjectDomainName"",""#text"":""DESKTOP-SDN1RPT""},{""@Name"":""SubjectLogonId"",""#text"":""0xDDCC1""},{""@Name"":""TargetName"",""#text"":""WindowsLive:(cert):name=02joorodvnvrsxxx;serviceuri=*""},{""@Name"":""Type"",""#text"":""0""},{""@Name"":""CountOfCredentialsReturned"",""#text"":""0""},{""@Name"":""ReadOperation"",""#text"":""%%8100""},{""@Name"":""ReturnCode"",""#text"":""3221226021""},{""@Name"":""ProcessCreationTime"",""#text"":""2020-09-18 05:46:31.7903713""},{""@Name"":""ClientProcessId"",""#text"":""60""}]}}"
767,767,2020-09-18 04:58:20.0068756,5379,LogAlways,Microsoft-Windows-Security-Auditing,Security,664,3716,DESKTOP-SDN1RPT,8,,Credential Manager credentials were read,Admin,,SID: S-1-5-21-41211245-796119838-3940169921-1001,Domain: DESKTOP-SDN1RPT,LogonID: 0xDDCC1,CountOfCredentialsReturned: 0,,ActivityID: 089e13a3-8d7f-0001-4b14-9e087f8dd601,MicrosoftAccount:user=02joorodvnvrsxxx,False,D:\Software\CTF\Misc\EvtxECmd\Security.evtx,Audit success,0,"{""EventData"":{""Data"":[{""@Name"":""SubjectUserSid"",""#text"":""S-1-5-21-41211245-796119838-3940169921-1001""},{""@Name"":""SubjectUserName"",""#text"":""Admin""},{""@Name"":""SubjectDomainName"",""#text"":""DESKTOP-SDN1RPT""},{""@Name"":""SubjectLogonId"",""#text"":""0xDDCC1""},{""@Name"":""TargetName"",""#text"":""MicrosoftAccount:user=02joorodvnvrsxxx""},{""@Name"":""Type"",""#text"":""0""},{""@Name"":""CountOfCredentialsReturned"",""#text"":""0""},{""@Name"":""ReadOperation"",""#text"":""%%8100""},{""@Name"":""ReturnCode"",""#text"":""3221226021""},{""@Name"":""ProcessCreationTime"",""#text"":""2020-09-18 05:46:31.7903713""},{""@Name"":""ClientProcessId"",""#text"":""60""}]}}"
768,768,2020-09-18 04:58:20.0182118,5379,LogAlways,Microsoft-Windows-Security-Auditing,Security,664,3716,DESKTOP-SDN1RPT,8,,Credential Manager credentials were read,Admin,,SID: S-1-5-21-41211245-796119838-3940169921-1001,Domain: DESKTOP-SDN1RPT,LogonID: 0xDDCC1,CountOfCredentialsReturned: 0,,ActivityID: 089e13a3-8d7f-0001-4b14-9e087f8dd601,MicrosoftAccount:user=02joorodvnvrsxxx,False,D:\Software\CTF\Misc\EvtxECmd\Security.evtx,Audit success,0,"{""EventData"":{""Data"":[{""@Name"":""SubjectUserSid"",""#text"":""S-1-5-21-41211245-796119838-3940169921-1001""},{""@Name"":""SubjectUserName"",""#text"":""Admin""},{""@Name"":""SubjectDomainName"",""#text"":""DESKTOP-SDN1RPT""},{""@Name"":""SubjectLogonId"",""#text"":""0xDDCC1""},{""@Name"":""TargetName"",""#text"":""MicrosoftAccount:user=02joorodvnvrsxxx""},{""@Name"":""Type"",""#text"":""0""},{""@Name"":""CountOfCredentialsReturned"",""#text"":""0""},{""@Name"":""ReadOperation"",""#text"":""%%8100""},{""@Name"":""ReturnCode"",""#text"":""3221226021""},{""@Name"":""ProcessCreationTime"",""#text"":""2020-09-18 05:46:31.7903713""},{""@Name"":""ClientProcessId"",""#text"":""60""}]}}"
769,769,2020-09-18 04:58:20.0212663,5379,LogAlways,Microsoft-Windows-Security-Auditing,Security,664,3716,DESKTOP-SDN1RPT,8,,Credential Manager credentials were read,Admin,,SID: S-1-5-21-41211245-796119838-3940169921-1001,Domain: DESKTOP-SDN1RPT,LogonID: 0xDDCC1,CountOfCredentialsReturned: 0,,ActivityID: 089e13a3-8d7f-0001-4b14-9e087f8dd601,MicrosoftAccount:user=02joorodvnvrsxxx,False,D:\Software\CTF\Misc\EvtxECmd\Security.evtx,Audit success,0,"{""EventData"":{""Data"":[{""@Name"":""SubjectUserSid"",""#text"":""S-1-5-21-41211245-796119838-3940169921-1001""},{""@Name"":""SubjectUserName"",""#text"":""Admin""},{""@Name"":""SubjectDomainName"",""#text"":""DESKTOP-SDN1RPT""},{""@Name"":""SubjectLogonId"",""#text"":""0xDDCC1""},{""@Name"":""TargetName"",""#text"":""MicrosoftAccount:user=02joorodvnvrsxxx""},{""@Name"":""Type"",""#text"":""0""},{""@Name"":""CountOfCredentialsReturned"",""#text"":""0""},{""@Name"":""ReadOperation"",""#text"":""%%8100""},{""@Name"":""ReturnCode"",""#text"":""3221226021""},{""@Name"":""ProcessCreationTime"",""#text"":""2020-09-18 05:46:31.7903713""},{""@Name"":""ClientProcessId"",""#text"":""60""}]}}"
770,770,2020-09-18 04:58:20.0214479,5379,LogAlways,Microsoft-Windows-Security-Auditing,Security,664,3716,DESKTOP-SDN1RPT,8,,Credential Manager credentials were read,Admin,,SID: S-1-5-21-41211245-796119838-3940169921-1001,Domain: DESKTOP-SDN1RPT,LogonID: 0xDDCC1,CountOfCredentialsReturned: 0,,ActivityID: 089e13a3-8d7f-0001-4b14-9e087f8dd601,MicrosoftAccount:user=02joorodvnvrsxxx,False,D:\Software\CTF\Misc\EvtxECmd\Security.evtx,Audit success,0,"{""EventData"":{""Data"":[{""@Name"":""SubjectUserSid"",""#text"":""S-1-5-21-41211245-796119838-3940169921-1001""},{""@Name"":""SubjectUserName"",""#text"":""Admin""},{""@Name"":""SubjectDomainName"",""#text"":""DESKTOP-SDN1RPT""},{""@Name"":""SubjectLogonId"",""#text"":""0xDDCC1""},{""@Name"":""TargetName"",""#text"":""MicrosoftAccount:user=02joorodvnvrsxxx""},{""@Name"":""Type"",""#text"":""0""},{""@Name"":""CountOfCredentialsReturned"",""#text"":""0""},{""@Name"":""ReadOperation"",""#text"":""%%8100""},{""@Name"":""ReturnCode"",""#text"":""3221226021""},{""@Name"":""ProcessCreationTime"",""#text"":""2020-09-18 05:46:31.7903713""},{""@Name"":""ClientProcessId"",""#text"":""60""}]}}"
771,771,2020-09-18 04:58:21.2891103,5379,LogAlways,Microsoft-Windows-Security-Auditing,Security,664,716,DESKTOP-SDN1RPT,8,,Credential Manager credentials were read,Admin,,SID: S-1-5-21-41211245-796119838-3940169921-1001,Domain: DESKTOP-SDN1RPT,LogonID: 0xDDCC1,CountOfCredentialsReturned: 0,,ActivityID: 089e13a3-8d7f-0001-4b14-9e087f8dd601,MicrosoftAccount:user=02joorodvnvrsxxx,False,D:\Software\CTF\Misc\EvtxECmd\Security.evtx,Audit success,0,"{""EventData"":{""Data"":[{""@Name"":""SubjectUserSid"",""#text"":""S-1-5-21-41211245-796119838-3940169921-1001""},{""@Name"":""SubjectUserName"",""#text"":""Admin""},{""@Name"":""SubjectDomainName"",""#text"":""DESKTOP-SDN1RPT""},{""@Name"":""SubjectLogonId"",""#text"":""0xDDCC1""},{""@Name"":""TargetName"",""#text"":""MicrosoftAccount:user=02joorodvnvrsxxx""},{""@Name"":""Type"",""#text"":""0""},{""@Name"":""CountOfCredentialsReturned"",""#text"":""0""},{""@Name"":""ReadOperation"",""#text"":""%%8100""},{""@Name"":""ReturnCode"",""#text"":""3221226021""},{""@Name"":""ProcessCreationTime"",""#text"":""2020-09-18 05:46:31.7903713""},{""@Name"":""ClientProcessId"",""#text"":""60""}]}}"
772,772,2020-09-18 04:58:21.2892708,5379,LogAlways,Microsoft-Windows-Security-Auditing,Security,664,716,DESKTOP-SDN1RPT,8,,Credential Manager credentials were read,Admin,,SID: S-1-5-21-41211245-796119838-3940169921-1001,Domain: DESKTOP-SDN1RPT,LogonID: 0xDDCC1,CountOfCredentialsReturned: 0,,ActivityID: 089e13a3-8d7f-0001-4b14-9e087f8dd601,WindowsLive:(token):name=02joorodvnvrsxxx;serviceuri=*,False,D:\Software\CTF\Misc\EvtxECmd\Security.evtx,Audit success,0,"{""EventData"":{""Data"":[{""@Name"":""SubjectUserSid"",""#text"":""S-1-5-21-41211245-796119838-3940169921-1001""},{""@Name"":""SubjectUserName"",""#text"":""Admin""},{""@Name"":""SubjectDomainName"",""#text"":""DESKTOP-SDN1RPT""},{""@Name"":""SubjectLogonId"",""#text"":""0xDDCC1""},{""@Name"":""TargetName"",""#text"":""WindowsLive:(token):name=02joorodvnvrsxxx;serviceuri=*""},{""@Name"":""Type"",""#text"":""0""},{""@Name"":""CountOfCredentialsReturned"",""#text"":""0""},{""@Name"":""ReadOperation"",""#text"":""%%8100""},{""@Name"":""ReturnCode"",""#text"":""3221226021""},{""@Name"":""ProcessCreationTime"",""#text"":""2020-09-18 05:46:31.7903713""},{""@Name"":""ClientProcessId"",""#text"":""60""}]}}"
773,773,2020-09-18 04:58:21.2898192,5379,LogAlways,Microsoft-Windows-Security-Auditing,Security,664,716,DESKTOP-SDN1RPT,8,,Credential Manager credentials were read,Admin,,SID: S-1-5-21-41211245-796119838-3940169921-1001,Domain: DESKTOP-SDN1RPT,LogonID: 0xDDCC1,CountOfCredentialsReturned: 0,,ActivityID: 089e13a3-8d7f-0001-4b14-9e087f8dd601,WindowsLive:(cert):name=02joorodvnvrsxxx;serviceuri=*,False,D:\Software\CTF\Misc\EvtxECmd\Security.evtx,Audit success,0,"{""EventData"":{""Data"":[{""@Name"":""SubjectUserSid"",""#text"":""S-1-5-21-41211245-796119838-3940169921-1001""},{""@Name"":""SubjectUserName"",""#text"":""Admin""},{""@Name"":""SubjectDomainName"",""#text"":""DESKTOP-SDN1RPT""},{""@Name"":""SubjectLogonId"",""#text"":""0xDDCC1""},{""@Name"":""TargetName"",""#text"":""WindowsLive:(cert):name=02joorodvnvrsxxx;serviceuri=*""},{""@Name"":""Type"",""#text"":""0""},{""@Name"":""CountOfCredentialsReturned"",""#text"":""0""},{""@Name"":""ReadOperation"",""#text"":""%%8100""},{""@Name"":""ReturnCode"",""#text"":""3221226021""},{""@Name"":""ProcessCreationTime"",""#text"":""2020-09-18 05:46:31.7903713""},{""@Name"":""ClientProcessId"",""#text"":""60""}]}}"
774,774,2020-09-18 04:58:21.4432746,5379,LogAlways,Microsoft-Windows-Security-Auditing,Security,664,716,DESKTOP-SDN1RPT,8,,Credential Manager credentials were read,Admin,,SID: S-1-5-21-41211245-796119838-3940169921-1001,Domain: DESKTOP-SDN1RPT,LogonID: 0xDDCC1,CountOfCredentialsReturned: 0,,ActivityID: 089e13a3-8d7f-0001-4b14-9e087f8dd601,MicrosoftAccount:user=02joorodvnvrsxxx,False,D:\Software\CTF\Misc\EvtxECmd\Security.evtx,Audit success,0,"{""EventData"":{""Data"":[{""@Name"":""SubjectUserSid"",""#text"":""S-1-5-21-41211245-796119838-3940169921-1001""},{""@Name"":""SubjectUserName"",""#text"":""Admin""},{""@Name"":""SubjectDomainName"",""#text"":""DESKTOP-SDN1RPT""},{""@Name"":""SubjectLogonId"",""#text"":""0xDDCC1""},{""@Name"":""TargetName"",""#text"":""MicrosoftAccount:user=02joorodvnvrsxxx""},{""@Name"":""Type"",""#text"":""0""},{""@Name"":""CountOfCredentialsReturned"",""#text"":""0""},{""@Name"":""ReadOperation"",""#text"":""%%8100""},{""@Name"":""ReturnCode"",""#text"":""3221226021""},{""@Name"":""ProcessCreationTime"",""#text"":""2020-09-18 05:46:31.7903713""},{""@Name"":""ClientProcessId"",""#text"":""60""}]}}"
775,775,2020-09-18 04:58:21.4528688,5379,LogAlways,Microsoft-Windows-Security-Auditing,Security,664,716,DESKTOP-SDN1RPT,8,,Credential Manager credentials were read,Admin,,SID: S-1-5-21-41211245-796119838-3940169921-1001,Domain: DESKTOP-SDN1RPT,LogonID: 0xDDCC1,CountOfCredentialsReturned: 0,,ActivityID: 089e13a3-8d7f-0001-4b14-9e087f8dd601,MicrosoftAccount:user=02joorodvnvrsxxx,False,D:\Software\CTF\Misc\EvtxECmd\Security.evtx,Audit success,0,"{""EventData"":{""Data"":[{""@Name"":""SubjectUserSid"",""#text"":""S-1-5-21-41211245-796119838-3940169921-1001""},{""@Name"":""SubjectUserName"",""#text"":""Admin""},{""@Name"":""SubjectDomainName"",""#text"":""DESKTOP-SDN1RPT""},{""@Name"":""SubjectLogonId"",""#text"":""0xDDCC1""},{""@Name"":""TargetName"",""#text"":""MicrosoftAccount:user=02joorodvnvrsxxx""},{""@Name"":""Type"",""#text"":""0""},{""@Name"":""CountOfCredentialsReturned"",""#text"":""0""},{""@Name"":""ReadOperation"",""#text"":""%%8100""},{""@Name"":""ReturnCode"",""#text"":""3221226021""},{""@Name"":""ProcessCreationTime"",""#text"":""2020-09-18 05:46:31.7903713""},{""@Name"":""ClientProcessId"",""#text"":""60""}]}}"
776,776,2020-09-18 04:58:21.4617645,5379,LogAlways,Microsoft-Windows-Security-Auditing,Security,664,3716,DESKTOP-SDN1RPT,8,,Credential Manager credentials were read,Admin,,SID: S-1-5-21-41211245-796119838-3940169921-1001,Domain: DESKTOP-SDN1RPT,LogonID: 0xDDCC1,CountOfCredentialsReturned: 0,,ActivityID: 089e13a3-8d7f-0001-4b14-9e087f8dd601,MicrosoftAccount:user=02joorodvnvrsxxx,False,D:\Software\CTF\Misc\EvtxECmd\Security.evtx,Audit success,0,"{""EventData"":{""Data"":[{""@Name"":""SubjectUserSid"",""#text"":""S-1-5-21-41211245-796119838-3940169921-1001""},{""@Name"":""SubjectUserName"",""#text"":""Admin""},{""@Name"":""SubjectDomainName"",""#text"":""DESKTOP-SDN1RPT""},{""@Name"":""SubjectLogonId"",""#text"":""0xDDCC1""},{""@Name"":""TargetName"",""#text"":""MicrosoftAccount:user=02joorodvnvrsxxx""},{""@Name"":""Type"",""#text"":""0""},{""@Name"":""CountOfCredentialsReturned"",""#text"":""0""},{""@Name"":""ReadOperation"",""#text"":""%%8100""},{""@Name"":""ReturnCode"",""#text"":""3221226021""},{""@Name"":""ProcessCreationTime"",""#text"":""2020-09-18 05:46:31.7903713""},{""@Name"":""ClientProcessId"",""#text"":""60""}]}}"
777,777,2020-09-18 04:58:21.4622087,5379,LogAlways,Microsoft-Windows-Security-Auditing,Security,664,3716,DESKTOP-SDN1RPT,8,,Credential Manager credentials were read,Admin,,SID: S-1-5-21-41211245-796119838-3940169921-1001,Domain: DESKTOP-SDN1RPT,LogonID: 0xDDCC1,CountOfCredentialsReturned: 0,,ActivityID: 089e13a3-8d7f-0001-4b14-9e087f8dd601,MicrosoftAccount:user=02joorodvnvrsxxx,False,D:\Software\CTF\Misc\EvtxECmd\Security.evtx,Audit success,0,"{""EventData"":{""Data"":[{""@Name"":""SubjectUserSid"",""#text"":""S-1-5-21-41211245-796119838-3940169921-1001""},{""@Name"":""SubjectUserName"",""#text"":""Admin""},{""@Name"":""SubjectDomainName"",""#text"":""DESKTOP-SDN1RPT""},{""@Name"":""SubjectLogonId"",""#text"":""0xDDCC1""},{""@Name"":""TargetName"",""#text"":""MicrosoftAccount:user=02joorodvnvrsxxx""},{""@Name"":""Type"",""#text"":""0""},{""@Name"":""CountOfCredentialsReturned"",""#text"":""0""},{""@Name"":""ReadOperation"",""#text"":""%%8100""},{""@Name"":""ReturnCode"",""#text"":""3221226021""},{""@Name"":""ProcessCreationTime"",""#text"":""2020-09-18 05:46:31.7903713""},{""@Name"":""ClientProcessId"",""#text"":""60""}]}}"
778,778,2020-09-18 04:58:23.1072923,5058,LogAlways,Microsoft-Windows-Security-Auditing,Security,664,3716,DESKTOP-SDN1RPT,8,,,,,,,,,,,,False,D:\Software\CTF\Misc\EvtxECmd\Security.evtx,Audit success,0,"{""EventData"":{""Data"":[{""@Name"":""SubjectUserSid"",""#text"":""S-1-5-21-41211245-796119838-3940169921-1001""},{""@Name"":""SubjectUserName"",""#text"":""Admin""},{""@Name"":""SubjectDomainName"",""#text"":""DESKTOP-SDN1RPT""},{""@Name"":""SubjectLogonId"",""#text"":""0xDDCC1""},{""@Name"":""ClientProcessId"",""#text"":""3724""},{""@Name"":""ClientCreationTime"",""#text"":""2020-09-18 04:58:05.1180574""},{""@Name"":""ProviderName"",""#text"":""Microsoft Software Key Storage Provider""},{""@Name"":""AlgorithmName"",""#text"":""ECDSA_P256""},{""@Name"":""KeyName"",""#text"":""TB_2_xboxservices.com""},{""@Name"":""KeyType"",""#text"":""%%2500""},{""@Name"":""KeyFilePath"",""#text"":""C:\\Users\\Admin\\AppData\\Local\\Packages\\microsoft.windowsstore_8wekyb3d8bbwe\\AC\\Microsoft\\Crypto\\TokenBindingKeys\\Keys\\fb05207e35d4b5cae4684dea762a3e51_511cefa6-2706-41b2-b1d8-b70acd58c1f3_e29d869b8a2c2dd89501c0d9482cf666""},{""@Name"":""Operation"",""#text"":""%%2459""},{""@Name"":""ReturnCode"",""#text"":""0x0""}]}}"
779,779,2020-09-18 04:58:23.1085565,5061,LogAlways,Microsoft-Windows-Security-Auditing,Security,664,3716,DESKTOP-SDN1RPT,8,,,,,,,,,,,,False,D:\Software\CTF\Misc\EvtxECmd\Security.evtx,Audit success,0,"{""EventData"":{""Data"":[{""@Name"":""SubjectUserSid"",""#text"":""S-1-5-21-41211245-796119838-3940169921-1001""},{""@Name"":""SubjectUserName"",""#text"":""Admin""},{""@Name"":""SubjectDomainName"",""#text"":""DESKTOP-SDN1RPT""},{""@Name"":""SubjectLogonId"",""#text"":""0xDDCC1""},{""@Name"":""ProviderName"",""#text"":""Microsoft Software Key Storage Provider""},{""@Name"":""AlgorithmName"",""#text"":""ECDSA_P256""},{""@Name"":""KeyName"",""#text"":""TB_2_xboxservices.com""},{""@Name"":""KeyType"",""#text"":""%%2500""},{""@Name"":""Operation"",""#text"":""%%2481""},{""@Name"":""ReturnCode"",""#text"":""0x0""}]}}"
780,780,2020-09-18 04:58:23.1089149,5059,LogAlways,Microsoft-Windows-Security-Auditing,Security,664,3716,DESKTOP-SDN1RPT,9,,,,,,,,,,,,False,D:\Software\CTF\Misc\EvtxECmd\Security.evtx,Audit success,0,"{""EventData"":{""Data"":[{""@Name"":""SubjectUserSid"",""#text"":""S-1-5-21-41211245-796119838-3940169921-1001""},{""@Name"":""SubjectUserName"",""#text"":""Admin""},{""@Name"":""SubjectDomainName"",""#text"":""DESKTOP-SDN1RPT""},{""@Name"":""SubjectLogonId"",""#text"":""0xDDCC1""},{""@Name"":""ClientProcessId"",""#text"":""3724""},{""@Name"":""ClientCreationTime"",""#text"":""2020-09-18 04:58:05.1180574""},{""@Name"":""ProviderName"",""#text"":""Microsoft Software Key Storage Provider""},{""@Name"":""AlgorithmName"",""#text"":""ECDSA_P256""},{""@Name"":""KeyName"",""#text"":""TB_2_xboxservices.com""},{""@Name"":""KeyType"",""#text"":""%%2500""},{""@Name"":""Operation"",""#text"":""%%2464""},{""@Name"":""ReturnCode"",""#text"":""0x0""}]}}"
781,781,2020-09-18 04:58:32.7778552,4647,LogAlways,Microsoft-Windows-Security-Auditing,Security,664,716,DESKTOP-SDN1RPT,9,,User initiated logoff,Target: DESKTOP-SDN1RPT\Admin,,,,LogonId: 0xDDCC1,,,,,False,D:\Software\CTF\Misc\EvtxECmd\Security.evtx,Audit success,0,"{""EventData"":{""Data"":[{""@Name"":""TargetUserSid"",""#text"":""S-1-5-21-41211245-796119838-3940169921-1001""},{""@Name"":""TargetUserName"",""#text"":""Admin""},{""@Name"":""TargetDomainName"",""#text"":""DESKTOP-SDN1RPT""},{""@Name"":""TargetLogonId"",""#text"":""0xDDCC1""}]}}"
782,782,2020-09-18 04:58:34.3509900,4798,LogAlways,Microsoft-Windows-Security-Auditing,Security,664,720,DESKTOP-SDN1RPT,9,,A user's local group membership was enumerated,WORKGROUP\WIN-2IH1TBB9I4Q$ (S-1-5-18),,Target: DESKTOP-SDN1RPT\Admin (S-1-5-21-41211245-796119838-3940169921-1001),SubjectLogonId: 0x3E7,CallerProcessName: C:\Windows\System32\svchost.exe,CallerProcessId: 0x3C,,,,False,D:\Software\CTF\Misc\EvtxECmd\Security.evtx,Audit success,0,"{""EventData"":{""Data"":[{""@Name"":""TargetUserName"",""#text"":""Admin""},{""@Name"":""TargetDomainName"",""#text"":""DESKTOP-SDN1RPT""},{""@Name"":""TargetSid"",""#text"":""S-1-5-21-41211245-796119838-3940169921-1001""},{""@Name"":""SubjectUserSid"",""#text"":""S-1-5-18""},{""@Name"":""SubjectUserName"",""#text"":""WIN-2IH1TBB9I4Q$""},{""@Name"":""SubjectDomainName"",""#text"":""WORKGROUP""},{""@Name"":""SubjectLogonId"",""#text"":""0x3E7""},{""@Name"":""CallerProcessId"",""#text"":""0x3C""},{""@Name"":""CallerProcessName"",""#text"":""C:\\Windows\\System32\\svchost.exe""}]}}"
783,783,2020-09-18 04:58:34.3515070,4798,LogAlways,Microsoft-Windows-Security-Auditing,Security,664,720,DESKTOP-SDN1RPT,9,,A user's local group membership was enumerated,WORKGROUP\WIN-2IH1TBB9I4Q$ (S-1-5-18),,Target: DESKTOP-SDN1RPT\Administrator (S-1-5-21-41211245-796119838-3940169921-500),SubjectLogonId: 0x3E7,CallerProcessName: C:\Windows\System32\svchost.exe,CallerProcessId: 0x3C,,,,False,D:\Software\CTF\Misc\EvtxECmd\Security.evtx,Audit success,0,"{""EventData"":{""Data"":[{""@Name"":""TargetUserName"",""#text"":""Administrator""},{""@Name"":""TargetDomainName"",""#text"":""DESKTOP-SDN1RPT""},{""@Name"":""TargetSid"",""#text"":""S-1-5-21-41211245-796119838-3940169921-500""},{""@Name"":""SubjectUserSid"",""#text"":""S-1-5-18""},{""@Name"":""SubjectUserName"",""#text"":""WIN-2IH1TBB9I4Q$""},{""@Name"":""SubjectDomainName"",""#text"":""WORKGROUP""},{""@Name"":""SubjectLogonId"",""#text"":""0x3E7""},{""@Name"":""CallerProcessId"",""#text"":""0x3C""},{""@Name"":""CallerProcessName"",""#text"":""C:\\Windows\\System32\\svchost.exe""}]}}"
784,784,2020-09-18 04:58:34.3520440,4798,LogAlways,Microsoft-Windows-Security-Auditing,Security,664,720,DESKTOP-SDN1RPT,9,,A user's local group membership was enumerated,WORKGROUP\WIN-2IH1TBB9I4Q$ (S-1-5-18),,Target: DESKTOP-SDN1RPT\DefaultAccount (S-1-5-21-41211245-796119838-3940169921-503),SubjectLogonId: 0x3E7,CallerProcessName: C:\Windows\System32\svchost.exe,CallerProcessId: 0x3C,,,,False,D:\Software\CTF\Misc\EvtxECmd\Security.evtx,Audit success,0,"{""EventData"":{""Data"":[{""@Name"":""TargetUserName"",""#text"":""DefaultAccount""},{""@Name"":""TargetDomainName"",""#text"":""DESKTOP-SDN1RPT""},{""@Name"":""TargetSid"",""#text"":""S-1-5-21-41211245-796119838-3940169921-503""},{""@Name"":""SubjectUserSid"",""#text"":""S-1-5-18""},{""@Name"":""SubjectUserName"",""#text"":""WIN-2IH1TBB9I4Q$""},{""@Name"":""SubjectDomainName"",""#text"":""WORKGROUP""},{""@Name"":""SubjectLogonId"",""#text"":""0x3E7""},{""@Name"":""CallerProcessId"",""#text"":""0x3C""},{""@Name"":""CallerProcessName"",""#text"":""C:\\Windows\\System32\\svchost.exe""}]}}"
785,785,2020-09-18 04:58:34.3527320,4798,LogAlways,Microsoft-Windows-Security-Auditing,Security,664,720,DESKTOP-SDN1RPT,9,,A user's local group membership was enumerated,WORKGROUP\WIN-2IH1TBB9I4Q$ (S-1-5-18),,Target: DESKTOP-SDN1RPT\defaultuser0 (S-1-5-21-41211245-796119838-3940169921-1000),SubjectLogonId: 0x3E7,CallerProcessName: C:\Windows\System32\svchost.exe,CallerProcessId: 0x3C,,,,False,D:\Software\CTF\Misc\EvtxECmd\Security.evtx,Audit success,0,"{""EventData"":{""Data"":[{""@Name"":""TargetUserName"",""#text"":""defaultuser0""},{""@Name"":""TargetDomainName"",""#text"":""DESKTOP-SDN1RPT""},{""@Name"":""TargetSid"",""#text"":""S-1-5-21-41211245-796119838-3940169921-1000""},{""@Name"":""SubjectUserSid"",""#text"":""S-1-5-18""},{""@Name"":""SubjectUserName"",""#text"":""WIN-2IH1TBB9I4Q$""},{""@Name"":""SubjectDomainName"",""#text"":""WORKGROUP""},{""@Name"":""SubjectLogonId"",""#text"":""0x3E7""},{""@Name"":""CallerProcessId"",""#text"":""0x3C""},{""@Name"":""CallerProcessName"",""#text"":""C:\\Windows\\System32\\svchost.exe""}]}}"
786,786,2020-09-18 04:58:34.3531330,4798,LogAlways,Microsoft-Windows-Security-Auditing,Security,664,720,DESKTOP-SDN1RPT,9,,A user's local group membership was enumerated,WORKGROUP\WIN-2IH1TBB9I4Q$ (S-1-5-18),,Target: DESKTOP-SDN1RPT\Guest (S-1-5-21-41211245-796119838-3940169921-501),SubjectLogonId: 0x3E7,CallerProcessName: C:\Windows\System32\svchost.exe,CallerProcessId: 0x3C,,,,False,D:\Software\CTF\Misc\EvtxECmd\Security.evtx,Audit success,0,"{""EventData"":{""Data"":[{""@Name"":""TargetUserName"",""#text"":""Guest""},{""@Name"":""TargetDomainName"",""#text"":""DESKTOP-SDN1RPT""},{""@Name"":""TargetSid"",""#text"":""S-1-5-21-41211245-796119838-3940169921-501""},{""@Name"":""SubjectUserSid"",""#text"":""S-1-5-18""},{""@Name"":""SubjectUserName"",""#text"":""WIN-2IH1TBB9I4Q$""},{""@Name"":""SubjectDomainName"",""#text"":""WORKGROUP""},{""@Name"":""SubjectLogonId"",""#text"":""0x3E7""},{""@Name"":""CallerProcessId"",""#text"":""0x3C""},{""@Name"":""CallerProcessName"",""#text"":""C:\\Windows\\System32\\svchost.exe""}]}}"
787,787,2020-09-18 04:58:34.3536930,4798,LogAlways,Microsoft-Windows-Security-Auditing,Security,664,720,DESKTOP-SDN1RPT,9,,A user's local group membership was enumerated,WORKGROUP\WIN-2IH1TBB9I4Q$ (S-1-5-18),,Target: DESKTOP-SDN1RPT\WDAGUtilityAccount (S-1-5-21-41211245-796119838-3940169921-504),SubjectLogonId: 0x3E7,CallerProcessName: C:\Windows\System32\svchost.exe,CallerProcessId: 0x3C,,,,False,D:\Software\CTF\Misc\EvtxECmd\Security.evtx,Audit success,0,"{""EventData"":{""Data"":[{""@Name"":""TargetUserName"",""#text"":""WDAGUtilityAccount""},{""@Name"":""TargetDomainName"",""#text"":""DESKTOP-SDN1RPT""},{""@Name"":""TargetSid"",""#text"":""S-1-5-21-41211245-796119838-3940169921-504""},{""@Name"":""SubjectUserSid"",""#text"":""S-1-5-18""},{""@Name"":""SubjectUserName"",""#text"":""WIN-2IH1TBB9I4Q$""},{""@Name"":""SubjectDomainName"",""#text"":""WORKGROUP""},{""@Name"":""SubjectLogonId"",""#text"":""0x3E7""},{""@Name"":""CallerProcessId"",""#text"":""0x3C""},{""@Name"":""CallerProcessName"",""#text"":""C:\\Windows\\System32\\svchost.exe""}]}}"
788,788,2020-09-18 04:58:39.3347005,5379,LogAlways,Microsoft-Windows-Security-Auditing,Security,664,720,DESKTOP-SDN1RPT,9,,Credential Manager credentials were read,WIN-2IH1TBB9I4Q$,,SID: S-1-5-18,Domain: WORKGROUP,LogonID: 0x3E7,CountOfCredentialsReturned: 0,,ActivityID: 089e13a3-8d7f-0001-4b14-9e087f8dd601,MicrosoftAccount:user=02mxskfvpzuazrtt,False,D:\Software\CTF\Misc\EvtxECmd\Security.evtx,Audit success,0,"{""EventData"":{""Data"":[{""@Name"":""SubjectUserSid"",""#text"":""S-1-5-18""},{""@Name"":""SubjectUserName"",""#text"":""WIN-2IH1TBB9I4Q$""},{""@Name"":""SubjectDomainName"",""#text"":""WORKGROUP""},{""@Name"":""SubjectLogonId"",""#text"":""0x3E7""},{""@Name"":""TargetName"",""#text"":""MicrosoftAccount:user=02mxskfvpzuazrtt""},{""@Name"":""Type"",""#text"":""0""},{""@Name"":""CountOfCredentialsReturned"",""#text"":""0""},{""@Name"":""ReadOperation"",""#text"":""%%8100""},{""@Name"":""ReturnCode"",""#text"":""3221226021""},{""@Name"":""ProcessCreationTime"",""#text"":""2020-09-18 05:46:31.7903713""},{""@Name"":""ClientProcessId"",""#text"":""60""}]}}"
789,789,2020-09-18 04:58:39.3348479,5379,LogAlways,Microsoft-Windows-Security-Auditing,Security,664,720,DESKTOP-SDN1RPT,9,,Credential Manager credentials were read,WIN-2IH1TBB9I4Q$,,SID: S-1-5-18,Domain: WORKGROUP,LogonID: 0x3E7,CountOfCredentialsReturned: 0,,ActivityID: 089e13a3-8d7f-0001-4b14-9e087f8dd601,WindowsLive:(token):name=02mxskfvpzuazrtt;serviceuri=*,False,D:\Software\CTF\Misc\EvtxECmd\Security.evtx,Audit success,0,"{""EventData"":{""Data"":[{""@Name"":""SubjectUserSid"",""#text"":""S-1-5-18""},{""@Name"":""SubjectUserName"",""#text"":""WIN-2IH1TBB9I4Q$""},{""@Name"":""SubjectDomainName"",""#text"":""WORKGROUP""},{""@Name"":""SubjectLogonId"",""#text"":""0x3E7""},{""@Name"":""TargetName"",""#text"":""WindowsLive:(token):name=02mxskfvpzuazrtt;serviceuri=*""},{""@Name"":""Type"",""#text"":""0""},{""@Name"":""CountOfCredentialsReturned"",""#text"":""0""},{""@Name"":""ReadOperation"",""#text"":""%%8100""},{""@Name"":""ReturnCode"",""#text"":""3221226021""},{""@Name"":""ProcessCreationTime"",""#text"":""2020-09-18 05:46:31.7903713""},{""@Name"":""ClientProcessId"",""#text"":""60""}]}}"
790,790,2020-09-18 04:58:39.3356343,5379,LogAlways,Microsoft-Windows-Security-Auditing,Security,664,720,DESKTOP-SDN1RPT,9,,Credential Manager credentials were read,WIN-2IH1TBB9I4Q$,,SID: S-1-5-18,Domain: WORKGROUP,LogonID: 0x3E7,CountOfCredentialsReturned: 0,,ActivityID: 089e13a3-8d7f-0001-4b14-9e087f8dd601,WindowsLive:(cert):name=02mxskfvpzuazrtt;serviceuri=*,False,D:\Software\CTF\Misc\EvtxECmd\Security.evtx,Audit success,0,"{""EventData"":{""Data"":[{""@Name"":""SubjectUserSid"",""#text"":""S-1-5-18""},{""@Name"":""SubjectUserName"",""#text"":""WIN-2IH1TBB9I4Q$""},{""@Name"":""SubjectDomainName"",""#text"":""WORKGROUP""},{""@Name"":""SubjectLogonId"",""#text"":""0x3E7""},{""@Name"":""TargetName"",""#text"":""WindowsLive:(cert):name=02mxskfvpzuazrtt;serviceuri=*""},{""@Name"":""Type"",""#text"":""0""},{""@Name"":""CountOfCredentialsReturned"",""#text"":""0""},{""@Name"":""ReadOperation"",""#text"":""%%8100""},{""@Name"":""ReturnCode"",""#text"":""3221226021""},{""@Name"":""ProcessCreationTime"",""#text"":""2020-09-18 05:46:31.7903713""},{""@Name"":""ClientProcessId"",""#text"":""60""}]}}"
791,791,2020-09-18 04:58:39.7753299,5379,LogAlways,Microsoft-Windows-Security-Auditing,Security,664,720,DESKTOP-SDN1RPT,9,,Credential Manager credentials were read,WIN-2IH1TBB9I4Q$,,SID: S-1-5-18,Domain: WORKGROUP,LogonID: 0x3E7,CountOfCredentialsReturned: 0,,ActivityID: 089e13a3-8d7f-0001-4b14-9e087f8dd601,MicrosoftAccount:user=02mxskfvpzuazrtt,False,D:\Software\CTF\Misc\EvtxECmd\Security.evtx,Audit success,0,"{""EventData"":{""Data"":[{""@Name"":""SubjectUserSid"",""#text"":""S-1-5-18""},{""@Name"":""SubjectUserName"",""#text"":""WIN-2IH1TBB9I4Q$""},{""@Name"":""SubjectDomainName"",""#text"":""WORKGROUP""},{""@Name"":""SubjectLogonId"",""#text"":""0x3E7""},{""@Name"":""TargetName"",""#text"":""MicrosoftAccount:user=02mxskfvpzuazrtt""},{""@Name"":""Type"",""#text"":""0""},{""@Name"":""CountOfCredentialsReturned"",""#text"":""0""},{""@Name"":""ReadOperation"",""#text"":""%%8100""},{""@Name"":""ReturnCode"",""#text"":""3221226021""},{""@Name"":""ProcessCreationTime"",""#text"":""2020-09-18 05:46:31.7903713""},{""@Name"":""ClientProcessId"",""#text"":""60""}]}}"
792,792,2020-09-18 04:58:39.7762215,5379,LogAlways,Microsoft-Windows-Security-Auditing,Security,664,720,DESKTOP-SDN1RPT,9,,Credential Manager credentials were read,WIN-2IH1TBB9I4Q$,,SID: S-1-5-18,Domain: WORKGROUP,LogonID: 0x3E7,CountOfCredentialsReturned: 0,,ActivityID: 089e13a3-8d7f-0001-4b14-9e087f8dd601,MicrosoftAccount:user=02mxskfvpzuazrtt,False,D:\Software\CTF\Misc\EvtxECmd\Security.evtx,Audit success,0,"{""EventData"":{""Data"":[{""@Name"":""SubjectUserSid"",""#text"":""S-1-5-18""},{""@Name"":""SubjectUserName"",""#text"":""WIN-2IH1TBB9I4Q$""},{""@Name"":""SubjectDomainName"",""#text"":""WORKGROUP""},{""@Name"":""SubjectLogonId"",""#text"":""0x3E7""},{""@Name"":""TargetName"",""#text"":""MicrosoftAccount:user=02mxskfvpzuazrtt""},{""@Name"":""Type"",""#text"":""0""},{""@Name"":""CountOfCredentialsReturned"",""#text"":""0""},{""@Name"":""ReadOperation"",""#text"":""%%8100""},{""@Name"":""ReturnCode"",""#text"":""3221226021""},{""@Name"":""ProcessCreationTime"",""#text"":""2020-09-18 05:46:31.7903713""},{""@Name"":""ClientProcessId"",""#text"":""60""}]}}"
793,793,2020-09-18 04:58:39.7785363,5379,LogAlways,Microsoft-Windows-Security-Auditing,Security,664,720,DESKTOP-SDN1RPT,9,,Credential Manager credentials were read,WIN-2IH1TBB9I4Q$,,SID: S-1-5-18,Domain: WORKGROUP,LogonID: 0x3E7,CountOfCredentialsReturned: 0,,ActivityID: 089e13a3-8d7f-0001-4b14-9e087f8dd601,MicrosoftAccount:user=02mxskfvpzuazrtt,False,D:\Software\CTF\Misc\EvtxECmd\Security.evtx,Audit success,0,"{""EventData"":{""Data"":[{""@Name"":""SubjectUserSid"",""#text"":""S-1-5-18""},{""@Name"":""SubjectUserName"",""#text"":""WIN-2IH1TBB9I4Q$""},{""@Name"":""SubjectDomainName"",""#text"":""WORKGROUP""},{""@Name"":""SubjectLogonId"",""#text"":""0x3E7""},{""@Name"":""TargetName"",""#text"":""MicrosoftAccount:user=02mxskfvpzuazrtt""},{""@Name"":""Type"",""#text"":""0""},{""@Name"":""CountOfCredentialsReturned"",""#text"":""0""},{""@Name"":""ReadOperation"",""#text"":""%%8100""},{""@Name"":""ReturnCode"",""#text"":""3221226021""},{""@Name"":""ProcessCreationTime"",""#text"":""2020-09-18 05:46:31.7903713""},{""@Name"":""ClientProcessId"",""#text"":""60""}]}}"
794,794,2020-09-18 04:58:39.7787065,5379,LogAlways,Microsoft-Windows-Security-Auditing,Security,664,720,DESKTOP-SDN1RPT,9,,Credential Manager credentials were read,WIN-2IH1TBB9I4Q$,,SID: S-1-5-18,Domain: WORKGROUP,LogonID: 0x3E7,CountOfCredentialsReturned: 0,,ActivityID: 089e13a3-8d7f-0001-4b14-9e087f8dd601,MicrosoftAccount:user=02mxskfvpzuazrtt,False,D:\Software\CTF\Misc\EvtxECmd\Security.evtx,Audit success,0,"{""EventData"":{""Data"":[{""@Name"":""SubjectUserSid"",""#text"":""S-1-5-18""},{""@Name"":""SubjectUserName"",""#text"":""WIN-2IH1TBB9I4Q$""},{""@Name"":""SubjectDomainName"",""#text"":""WORKGROUP""},{""@Name"":""SubjectLogonId"",""#text"":""0x3E7""},{""@Name"":""TargetName"",""#text"":""MicrosoftAccount:user=02mxskfvpzuazrtt""},{""@Name"":""Type"",""#text"":""0""},{""@Name"":""CountOfCredentialsReturned"",""#text"":""0""},{""@Name"":""ReadOperation"",""#text"":""%%8100""},{""@Name"":""ReturnCode"",""#text"":""3221226021""},{""@Name"":""ProcessCreationTime"",""#text"":""2020-09-18 05:46:31.7903713""},{""@Name"":""ClientProcessId"",""#text"":""60""}]}}"
