515,515,2020-09-18 05:50:21.4556791,5059,LogAlways,Microsoft-Windows-Security-Auditing,Security,664,716,DESKTOP-SDN1RPT,6,,,,,,,,,,,,False,D:\Software\CTF\Misc\EvtxECmd\Security.evtx,Audit success,0,"{""EventData"":{""Data"":[{""@Name"":""SubjectUserSid"",""#text"":""S-1-5-18""},{""@Name"":""SubjectUserName"",""#text"":""WIN-2IH1TBB9I4Q$""},{""@Name"":""SubjectDomainName"",""#text"":""WORKGROUP""},{""@Name"":""SubjectLogonId"",""#text"":""0x3E7""},{""@Name"":""ClientProcessId"",""#text"":""60""},{""@Name"":""ClientCreationTime"",""#text"":""2020-09-18 05:46:31.7903713""},{""@Name"":""ProviderName"",""#text"":""Microsoft Software Key Storage Provider""},{""@Name"":""AlgorithmName"",""#text"":""RSA""},{""@Name"":""KeyName"",""#text"":""023096d3-e7ca-f220-df84-c43a15f89bcb""},{""@Name"":""KeyType"",""#text"":""%%2500""},{""@Name"":""Operation"",""#text"":""%%2464""},{""@Name"":""ReturnCode"",""#text"":""0x0""}]}}"
516,516,2020-09-18 05:51:32.0121672,4624,LogAlways,Microsoft-Windows-Security-Auditing,Security,664,716,DESKTOP-SDN1RPT,6,,Successful logon,WORKGROUP\WIN-2IH1TBB9I4Q$,- (-),Target: NT AUTHORITY\SYSTEM,LogonType 5,LogonId: 0x3E7,AuthenticationPackageName: Negotiate,"LogonProcessName: Advapi  ",,C:\Windows\System32\services.exe,False,D:\Software\CTF\Misc\EvtxECmd\Security.evtx,Audit success,0,"{""EventData"":{""Data"":[{""@Name"":""SubjectUserSid"",""#text"":""S-1-5-18""},{""@Name"":""SubjectUserName"",""#text"":""WIN-2IH1TBB9I4Q$""},{""@Name"":""SubjectDomainName"",""#text"":""WORKGROUP""},{""@Name"":""SubjectLogonId"",""#text"":""0x3E7""},{""@Name"":""TargetUserSid"",""#text"":""S-1-5-18""},{""@Name"":""TargetUserName"",""#text"":""SYSTEM""},{""@Name"":""TargetDomainName"",""#text"":""NT AUTHORITY""},{""@Name"":""TargetLogonId"",""#text"":""0x3E7""},{""@Name"":""LogonType"",""#text"":""5""},{""@Name"":""LogonProcessName"",""#text"":""Advapi  ""},{""@Name"":""AuthenticationPackageName"",""#text"":""Negotiate""},{""@Name"":""WorkstationName"",""#text"":""-""},{""@Name"":""LogonGuid"",""#text"":""00000000-0000-0000-0000-000000000000""},{""@Name"":""TransmittedServices"",""#text"":""-""},{""@Name"":""LmPackageName"",""#text"":""-""},{""@Name"":""KeyLength"",""#text"":""0""},{""@Name"":""ProcessId"",""#text"":""0x284""},{""@Name"":""ProcessName"",""#text"":""C:\\Windows\\System32\\services.exe""},{""@Name"":""IpAddress"",""#text"":""-""},{""@Name"":""IpPort"",""#text"":""-""},{""@Name"":""ImpersonationLevel"",""#text"":""%%1833""},{""@Name"":""RestrictedAdminMode"",""#text"":""-""},{""@Name"":""TargetOutboundUserName"",""#text"":""-""},{""@Name"":""TargetOutboundDomainName"",""#text"":""-""},{""@Name"":""VirtualAccount"",""#text"":""%%1843""},{""@Name"":""TargetLinkedLogonId"",""#text"":""0x0""},{""@Name"":""ElevatedToken"",""#text"":""%%1842""}]}}"
517,517,2020-09-18 05:51:32.0121790,4672,LogAlways,Microsoft-Windows-Security-Auditing,Security,664,716,DESKTOP-SDN1RPT,6,,Administrative logon,NT AUTHORITY\SYSTEM (S-1-5-18),,"PrivilegeList: SeAssignPrimaryTokenPrivilege, SeTcbPrivilege, SeSecurityPrivilege, SeTakeOwnershipPrivilege, SeLoadDriverPrivilege, SeBackupPrivilege, SeRestorePrivilege, SeDebugPrivilege, SeAuditPrivilege, SeSystemEnvironmentPrivilege, SeImpersonatePrivilege, SeDelegateSessionUserImpersonatePrivilege",LogonId: 0x3E7,,,,,,False,D:\Software\CTF\Misc\EvtxECmd\Security.evtx,Audit success,0,"{""EventData"":{""Data"":[{""@Name"":""SubjectUserSid"",""#text"":""S-1-5-18""},{""@Name"":""SubjectUserName"",""#text"":""SYSTEM""},{""@Name"":""SubjectDomainName"",""#text"":""NT AUTHORITY""},{""@Name"":""SubjectLogonId"",""#text"":""0x3E7""},{""@Name"":""PrivilegeList"",""#text"":""SeAssignPrimaryTokenPrivilege, SeTcbPrivilege, SeSecurityPrivilege, SeTakeOwnershipPrivilege, SeLoadDriverPrivilege, SeBackupPrivilege, SeRestorePrivilege, SeDebugPrivilege, SeAuditPrivilege, SeSystemEnvironmentPrivilege, SeImpersonatePrivilege, SeDelegateSessionUserImpersonatePrivilege""}]}}"
518,518,2020-09-18 05:51:33.2084069,5382,LogAlways,Microsoft-Windows-Security-Auditing,Security,664,720,DESKTOP-SDN1RPT,6,,,,,,,,,,,,False,D:\Software\CTF\Misc\EvtxECmd\Security.evtx,Audit success,0,"{""EventData"":{""Data"":[{""@Name"":""SubjectUserSid"",""#text"":""S-1-5-18""},{""@Name"":""SubjectUserName"",""#text"":""WIN-2IH1TBB9I4Q$""},{""@Name"":""SubjectDomainName"",""#text"":""WORKGROUP""},{""@Name"":""SubjectLogonId"",""#text"":""0x3E7""},{""@Name"":""SchemaFriendlyName"",""#text"":""NGC Local Accoount Logon Vault Resource Schema""},{""@Name"":""Schema"",""#text"":""1d4350a3-330d-4af9-b3ff-a927a45998ac""},{""@Name"":""Resource"",""#text"":""NGC Local Accoount Logon Vault Resource""},{""@Name"":""Identity"",""#text"":""0105000000000005150000006DD574021ED3732FC138DAEAE9030000""},{""@Name"":""PackageSid""},{""@Name"":""Flags"",""#text"":""0""},{""@Name"":""ReturnCode"",""#text"":""1168""},{""@Name"":""ProcessCreationTime"",""#text"":""2020-09-18 05:46:36.5196861""},{""@Name"":""ClientProcessId"",""#text"":""1100""}]}}"
519,519,2020-09-18 05:51:42.1361727,5379,LogAlways,Microsoft-Windows-Security-Auditing,Security,664,720,DESKTOP-SDN1RPT,6,,Credential Manager credentials were read,LOCAL SERVICE,,SID: S-1-5-19,Domain: NT AUTHORITY,LogonID: 0x3E5,CountOfCredentialsReturned: 0,,ActivityID: 089e13a3-8d7f-0001-4b14-9e087f8dd601,WindowsLive:(token):name=02gcofjztiisdiou;serviceuri=*,False,D:\Software\CTF\Misc\EvtxECmd\Security.evtx,Audit success,0,"{""EventData"":{""Data"":[{""@Name"":""SubjectUserSid"",""#text"":""S-1-5-19""},{""@Name"":""SubjectUserName"",""#text"":""LOCAL SERVICE""},{""@Name"":""SubjectDomainName"",""#text"":""NT AUTHORITY""},{""@Name"":""SubjectLogonId"",""#text"":""0x3E5""},{""@Name"":""TargetName"",""#text"":""WindowsLive:(token):name=02gcofjztiisdiou;serviceuri=*""},{""@Name"":""Type"",""#text"":""0""},{""@Name"":""CountOfCredentialsReturned"",""#text"":""0""},{""@Name"":""ReadOperation"",""#text"":""%%8100""},{""@Name"":""ReturnCode"",""#text"":""3221226021""},{""@Name"":""ProcessCreationTime"",""#text"":""2020-09-18 05:46:31.7903713""},{""@Name"":""ClientProcessId"",""#text"":""60""}]}}"
520,520,2020-09-18 05:51:42.1370070,5379,LogAlways,Microsoft-Windows-Security-Auditing,Security,664,720,DESKTOP-SDN1RPT,6,,Credential Manager credentials were read,LOCAL SERVICE,,SID: S-1-5-19,Domain: NT AUTHORITY,LogonID: 0x3E5,CountOfCredentialsReturned: 0,,ActivityID: 089e13a3-8d7f-0001-4b14-9e087f8dd601,WindowsLive:(cert):name=02gcofjztiisdiou;serviceuri=*,False,D:\Software\CTF\Misc\EvtxECmd\Security.evtx,Audit success,0,"{""EventData"":{""Data"":[{""@Name"":""SubjectUserSid"",""#text"":""S-1-5-19""},{""@Name"":""SubjectUserName"",""#text"":""LOCAL SERVICE""},{""@Name"":""SubjectDomainName"",""#text"":""NT AUTHORITY""},{""@Name"":""SubjectLogonId"",""#text"":""0x3E5""},{""@Name"":""TargetName"",""#text"":""WindowsLive:(cert):name=02gcofjztiisdiou;serviceuri=*""},{""@Name"":""Type"",""#text"":""0""},{""@Name"":""CountOfCredentialsReturned"",""#text"":""0""},{""@Name"":""ReadOperation"",""#text"":""%%8100""},{""@Name"":""ReturnCode"",""#text"":""3221226021""},{""@Name"":""ProcessCreationTime"",""#text"":""2020-09-18 05:46:31.7903713""},{""@Name"":""ClientProcessId"",""#text"":""60""}]}}"
521,521,2020-09-18 05:51:42.1372073,5379,LogAlways,Microsoft-Windows-Security-Auditing,Security,664,720,DESKTOP-SDN1RPT,6,,Credential Manager credentials were read,LOCAL SERVICE,,SID: S-1-5-19,Domain: NT AUTHORITY,LogonID: 0x3E5,CountOfCredentialsReturned: 0,,ActivityID: 089e13a3-8d7f-0001-4b14-9e087f8dd601,WindowsLive:target=virtualapp/didlogical,False,D:\Software\CTF\Misc\EvtxECmd\Security.evtx,Audit success,0,"{""EventData"":{""Data"":[{""@Name"":""SubjectUserSid"",""#text"":""S-1-5-19""},{""@Name"":""SubjectUserName"",""#text"":""LOCAL SERVICE""},{""@Name"":""SubjectDomainName"",""#text"":""NT AUTHORITY""},{""@Name"":""SubjectLogonId"",""#text"":""0x3E5""},{""@Name"":""TargetName"",""#text"":""WindowsLive:target=virtualapp/didlogical""},{""@Name"":""Type"",""#text"":""0""},{""@Name"":""CountOfCredentialsReturned"",""#text"":""0""},{""@Name"":""ReadOperation"",""#text"":""%%8100""},{""@Name"":""ReturnCode"",""#text"":""3221226021""},{""@Name"":""ProcessCreationTime"",""#text"":""2020-09-18 05:46:31.7903713""},{""@Name"":""ClientProcessId"",""#text"":""60""}]}}"
522,522,2020-09-18 05:51:42.1423559,5379,LogAlways,Microsoft-Windows-Security-Auditing,Security,664,720,DESKTOP-SDN1RPT,6,,Credential Manager credentials were read,Admin,,SID: S-1-5-21-41211245-796119838-3940169921-1001,Domain: DESKTOP-SDN1RPT,LogonID: 0xDDCC1,CountOfCredentialsReturned: 0,,ActivityID: 089e13a3-8d7f-0001-4b14-9e087f8dd601,WindowsLive:(token):name=02qhdnmeimodqmka;serviceuri=*,False,D:\Software\CTF\Misc\EvtxECmd\Security.evtx,Audit success,0,"{""EventData"":{""Data"":[{""@Name"":""SubjectUserSid"",""#text"":""S-1-5-21-41211245-796119838-3940169921-1001""},{""@Name"":""SubjectUserName"",""#text"":""Admin""},{""@Name"":""SubjectDomainName"",""#text"":""DESKTOP-SDN1RPT""},{""@Name"":""SubjectLogonId"",""#text"":""0xDDCC1""},{""@Name"":""TargetName"",""#text"":""WindowsLive:(token):name=02qhdnmeimodqmka;serviceuri=*""},{""@Name"":""Type"",""#text"":""0""},{""@Name"":""CountOfCredentialsReturned"",""#text"":""0""},{""@Name"":""ReadOperation"",""#text"":""%%8100""},{""@Name"":""ReturnCode"",""#text"":""3221226021""},{""@Name"":""ProcessCreationTime"",""#text"":""2020-09-18 05:46:31.7903713""},{""@Name"":""ClientProcessId"",""#text"":""60""}]}}"
523,523,2020-09-18 05:51:42.1428319,5379,LogAlways,Microsoft-Windows-Security-Auditing,Security,664,720,DESKTOP-SDN1RPT,6,,Credential Manager credentials were read,Admin,,SID: S-1-5-21-41211245-796119838-3940169921-1001,Domain: DESKTOP-SDN1RPT,LogonID: 0xDDCC1,CountOfCredentialsReturned: 0,,ActivityID: 089e13a3-8d7f-0001-4b14-9e087f8dd601,WindowsLive:(cert):name=02qhdnmeimodqmka;serviceuri=*,False,D:\Software\CTF\Misc\EvtxECmd\Security.evtx,Audit success,0,"{""EventData"":{""Data"":[{""@Name"":""SubjectUserSid"",""#text"":""S-1-5-21-41211245-796119838-3940169921-1001""},{""@Name"":""SubjectUserName"",""#text"":""Admin""},{""@Name"":""SubjectDomainName"",""#text"":""DESKTOP-SDN1RPT""},{""@Name"":""SubjectLogonId"",""#text"":""0xDDCC1""},{""@Name"":""TargetName"",""#text"":""WindowsLive:(cert):name=02qhdnmeimodqmka;serviceuri=*""},{""@Name"":""Type"",""#text"":""0""},{""@Name"":""CountOfCredentialsReturned"",""#text"":""0""},{""@Name"":""ReadOperation"",""#text"":""%%8100""},{""@Name"":""ReturnCode"",""#text"":""3221226021""},{""@Name"":""ProcessCreationTime"",""#text"":""2020-09-18 05:46:31.7903713""},{""@Name"":""ClientProcessId"",""#text"":""60""}]}}"
524,524,2020-09-18 05:51:42.1429894,5379,LogAlways,Microsoft-Windows-Security-Auditing,Security,664,720,DESKTOP-SDN1RPT,6,,Credential Manager credentials were read,Admin,,SID: S-1-5-21-41211245-796119838-3940169921-1001,Domain: DESKTOP-SDN1RPT,LogonID: 0xDDCC1,CountOfCredentialsReturned: 0,,ActivityID: 089e13a3-8d7f-0001-4b14-9e087f8dd601,WindowsLive:target=virtualapp/didlogical,False,D:\Software\CTF\Misc\EvtxECmd\Security.evtx,Audit success,0,"{""EventData"":{""Data"":[{""@Name"":""SubjectUserSid"",""#text"":""S-1-5-21-41211245-796119838-3940169921-1001""},{""@Name"":""SubjectUserName"",""#text"":""Admin""},{""@Name"":""SubjectDomainName"",""#text"":""DESKTOP-SDN1RPT""},{""@Name"":""SubjectLogonId"",""#text"":""0xDDCC1""},{""@Name"":""TargetName"",""#text"":""WindowsLive:target=virtualapp/didlogical""},{""@Name"":""Type"",""#text"":""0""},{""@Name"":""CountOfCredentialsReturned"",""#text"":""0""},{""@Name"":""ReadOperation"",""#text"":""%%8100""},{""@Name"":""ReturnCode"",""#text"":""3221226021""},{""@Name"":""ProcessCreationTime"",""#text"":""2020-09-18 05:46:31.7903713""},{""@Name"":""ClientProcessId"",""#text"":""60""}]}}"
525,525,2020-09-18 05:51:54.4812427,5379,LogAlways,Microsoft-Windows-Security-Auditing,Security,664,716,DESKTOP-SDN1RPT,6,,Credential Manager credentials were read,WIN-2IH1TBB9I4Q$,,SID: S-1-5-18,Domain: WORKGROUP,LogonID: 0x3E7,CountOfCredentialsReturned: 0,,ActivityID: 089e13a3-8d7f-0001-4b14-9e087f8dd601,WindowsLive:(token):name=02torvichulqcnib;serviceuri=*,False,D:\Software\CTF\Misc\EvtxECmd\Security.evtx,Audit success,0,"{""EventData"":{""Data"":[{""@Name"":""SubjectUserSid"",""#text"":""S-1-5-18""},{""@Name"":""SubjectUserName"",""#text"":""WIN-2IH1TBB9I4Q$""},{""@Name"":""SubjectDomainName"",""#text"":""WORKGROUP""},{""@Name"":""SubjectLogonId"",""#text"":""0x3E7""},{""@Name"":""TargetName"",""#text"":""WindowsLive:(token):name=02torvichulqcnib;serviceuri=*""},{""@Name"":""Type"",""#text"":""0""},{""@Name"":""CountOfCredentialsReturned"",""#text"":""0""},{""@Name"":""ReadOperation"",""#text"":""%%8100""},{""@Name"":""ReturnCode"",""#text"":""3221226021""},{""@Name"":""ProcessCreationTime"",""#text"":""2020-09-18 05:46:31.7903713""},{""@Name"":""ClientProcessId"",""#text"":""60""}]}}"
526,526,2020-09-18 05:51:54.4858471,5379,LogAlways,Microsoft-Windows-Security-Auditing,Security,664,716,DESKTOP-SDN1RPT,6,,Credential Manager credentials were read,WIN-2IH1TBB9I4Q$,,SID: S-1-5-18,Domain: WORKGROUP,LogonID: 0x3E7,CountOfCredentialsReturned: 0,,ActivityID: 089e13a3-8d7f-0001-4b14-9e087f8dd601,WindowsLive:(cert):name=02torvichulqcnib;serviceuri=*,False,D:\Software\CTF\Misc\EvtxECmd\Security.evtx,Audit success,0,"{""EventData"":{""Data"":[{""@Name"":""SubjectUserSid"",""#text"":""S-1-5-18""},{""@Name"":""SubjectUserName"",""#text"":""WIN-2IH1TBB9I4Q$""},{""@Name"":""SubjectDomainName"",""#text"":""WORKGROUP""},{""@Name"":""SubjectLogonId"",""#text"":""0x3E7""},{""@Name"":""TargetName"",""#text"":""WindowsLive:(cert):name=02torvichulqcnib;serviceuri=*""},{""@Name"":""Type"",""#text"":""0""},{""@Name"":""CountOfCredentialsReturned"",""#text"":""0""},{""@Name"":""ReadOperation"",""#text"":""%%8100""},{""@Name"":""ReturnCode"",""#text"":""3221226021""},{""@Name"":""ProcessCreationTime"",""#text"":""2020-09-18 05:46:31.7903713""},{""@Name"":""ClientProcessId"",""#text"":""60""}]}}"
527,527,2020-09-18 05:51:54.4861746,5379,LogAlways,Microsoft-Windows-Security-Auditing,Security,664,716,DESKTOP-SDN1RPT,6,,Credential Manager credentials were read,WIN-2IH1TBB9I4Q$,,SID: S-1-5-18,Domain: WORKGROUP,LogonID: 0x3E7,CountOfCredentialsReturned: 0,,ActivityID: 089e13a3-8d7f-0001-4b14-9e087f8dd601,WindowsLive:target=virtualapp/didlogical,False,D:\Software\CTF\Misc\EvtxECmd\Security.evtx,Audit success,0,"{""EventData"":{""Data"":[{""@Name"":""SubjectUserSid"",""#text"":""S-1-5-18""},{""@Name"":""SubjectUserName"",""#text"":""WIN-2IH1TBB9I4Q$""},{""@Name"":""SubjectDomainName"",""#text"":""WORKGROUP""},{""@Name"":""SubjectLogonId"",""#text"":""0x3E7""},{""@Name"":""TargetName"",""#text"":""WindowsLive:target=virtualapp/didlogical""},{""@Name"":""Type"",""#text"":""0""},{""@Name"":""CountOfCredentialsReturned"",""#text"":""0""},{""@Name"":""ReadOperation"",""#text"":""%%8100""},{""@Name"":""ReturnCode"",""#text"":""3221226021""},{""@Name"":""ProcessCreationTime"",""#text"":""2020-09-18 05:46:31.7903713""},{""@Name"":""ClientProcessId"",""#text"":""60""}]}}"
528,528,2020-09-18 05:51:54.5577965,5058,LogAlways,Microsoft-Windows-Security-Auditing,Security,664,716,DESKTOP-SDN1RPT,6,,,,,,,,,,,,False,D:\Software\CTF\Misc\EvtxECmd\Security.evtx,Audit success,0,"{""EventData"":{""Data"":[{""@Name"":""SubjectUserSid"",""#text"":""S-1-5-18""},{""@Name"":""SubjectUserName"",""#text"":""WIN-2IH1TBB9I4Q$""},{""@Name"":""SubjectDomainName"",""#text"":""WORKGROUP""},{""@Name"":""SubjectLogonId"",""#text"":""0x3E7""},{""@Name"":""ClientProcessId"",""#text"":""60""},{""@Name"":""ClientCreationTime"",""#text"":""2020-09-18 05:46:31.7903713""},{""@Name"":""ProviderName"",""#text"":""Microsoft Software Key Storage Provider""},{""@Name"":""AlgorithmName"",""#text"":""UNKNOWN""},{""@Name"":""KeyName"",""#text"":""023096d3-e7ca-f220-df84-c43a15f89bcb""},{""@Name"":""KeyType"",""#text"":""%%2500""},{""@Name"":""KeyFilePath"",""#text"":""C:\\ProgramData\\Microsoft\\Crypto\\SystemKeys\\e86d09730aabb28b0a01e0ba60a7cfef_511cefa6-2706-41b2-b1d8-b70acd58c1f3""},{""@Name"":""Operation"",""#text"":""%%2458""},{""@Name"":""ReturnCode"",""#text"":""0x0""}]}}"
529,529,2020-09-18 05:51:54.5585710,5061,LogAlways,Microsoft-Windows-Security-Auditing,Security,664,716,DESKTOP-SDN1RPT,6,,,,,,,,,,,,False,D:\Software\CTF\Misc\EvtxECmd\Security.evtx,Audit success,0,"{""EventData"":{""Data"":[{""@Name"":""SubjectUserSid"",""#text"":""S-1-5-18""},{""@Name"":""SubjectUserName"",""#text"":""WIN-2IH1TBB9I4Q$""},{""@Name"":""SubjectDomainName"",""#text"":""WORKGROUP""},{""@Name"":""SubjectLogonId"",""#text"":""0x3E7""},{""@Name"":""ProviderName"",""#text"":""Microsoft Software Key Storage Provider""},{""@Name"":""AlgorithmName"",""#text"":""RSA""},{""@Name"":""KeyName"",""#text"":""023096d3-e7ca-f220-df84-c43a15f89bcb""},{""@Name"":""KeyType"",""#text"":""%%2500""},{""@Name"":""Operation"",""#text"":""%%2480""},{""@Name"":""ReturnCode"",""#text"":""0x0""}]}}"
530,530,2020-09-18 05:51:54.5595027,5058,LogAlways,Microsoft-Windows-Security-Auditing,Security,664,716,DESKTOP-SDN1RPT,6,,,,,,,,,,,,False,D:\Software\CTF\Misc\EvtxECmd\Security.evtx,Audit success,0,"{""EventData"":{""Data"":[{""@Name"":""SubjectUserSid"",""#text"":""S-1-5-18""},{""@Name"":""SubjectUserName"",""#text"":""WIN-2IH1TBB9I4Q$""},{""@Name"":""SubjectDomainName"",""#text"":""WORKGROUP""},{""@Name"":""SubjectLogonId"",""#text"":""0x3E7""},{""@Name"":""ClientProcessId"",""#text"":""60""},{""@Name"":""ClientCreationTime"",""#text"":""2020-09-18 05:46:31.7903713""},{""@Name"":""ProviderName"",""#text"":""Microsoft Software Key Storage Provider""},{""@Name"":""AlgorithmName"",""#text"":""UNKNOWN""},{""@Name"":""KeyName"",""#text"":""023096d3-e7ca-f220-df84-c43a15f89bcb""},{""@Name"":""KeyType"",""#text"":""%%2500""},{""@Name"":""KeyFilePath"",""#text"":""C:\\ProgramData\\Microsoft\\Crypto\\SystemKeys\\e86d09730aabb28b0a01e0ba60a7cfef_511cefa6-2706-41b2-b1d8-b70acd58c1f3""},{""@Name"":""Operation"",""#text"":""%%2458""},{""@Name"":""ReturnCode"",""#text"":""0x0""}]}}"
531,531,2020-09-18 05:51:54.5598792,5061,LogAlways,Microsoft-Windows-Security-Auditing,Security,664,716,DESKTOP-SDN1RPT,6,,,,,,,,,,,,False,D:\Software\CTF\Misc\EvtxECmd\Security.evtx,Audit success,0,"{""EventData"":{""Data"":[{""@Name"":""SubjectUserSid"",""#text"":""S-1-5-18""},{""@Name"":""SubjectUserName"",""#text"":""WIN-2IH1TBB9I4Q$""},{""@Name"":""SubjectDomainName"",""#text"":""WORKGROUP""},{""@Name"":""SubjectLogonId"",""#text"":""0x3E7""},{""@Name"":""ProviderName"",""#text"":""Microsoft Software Key Storage Provider""},{""@Name"":""AlgorithmName"",""#text"":""RSA""},{""@Name"":""KeyName"",""#text"":""023096d3-e7ca-f220-df84-c43a15f89bcb""},{""@Name"":""KeyType"",""#text"":""%%2500""},{""@Name"":""Operation"",""#text"":""%%2480""},{""@Name"":""ReturnCode"",""#text"":""0x0""}]}}"
532,532,2020-09-18 05:51:54.5599920,5059,LogAlways,Microsoft-Windows-Security-Auditing,Security,664,716,DESKTOP-SDN1RPT,6,,,,,,,,,,,,False,D:\Software\CTF\Misc\EvtxECmd\Security.evtx,Audit success,0,"{""EventData"":{""Data"":[{""@Name"":""SubjectUserSid"",""#text"":""S-1-5-18""},{""@Name"":""SubjectUserName"",""#text"":""WIN-2IH1TBB9I4Q$""},{""@Name"":""SubjectDomainName"",""#text"":""WORKGROUP""},{""@Name"":""SubjectLogonId"",""#text"":""0x3E7""},{""@Name"":""ClientProcessId"",""#text"":""60""},{""@Name"":""ClientCreationTime"",""#text"":""2020-09-18 05:46:31.7903713""},{""@Name"":""ProviderName"",""#text"":""Microsoft Software Key Storage Provider""},{""@Name"":""AlgorithmName"",""#text"":""RSA""},{""@Name"":""KeyName"",""#text"":""023096d3-e7ca-f220-df84-c43a15f89bcb""},{""@Name"":""KeyType"",""#text"":""%%2500""},{""@Name"":""Operation"",""#text"":""%%2464""},{""@Name"":""ReturnCode"",""#text"":""0x0""}]}}"
533,533,2020-09-18 05:52:15.6118038,4624,LogAlways,Microsoft-Windows-Security-Auditing,Security,664,716,DESKTOP-SDN1RPT,6,,Successful logon,WORKGROUP\WIN-2IH1TBB9I4Q$,- (-),Target: NT AUTHORITY\SYSTEM,LogonType 5,LogonId: 0x3E7,AuthenticationPackageName: Negotiate,"LogonProcessName: Advapi  ",,C:\Windows\System32\services.exe,False,D:\Software\CTF\Misc\EvtxECmd\Security.evtx,Audit success,0,"{""EventData"":{""Data"":[{""@Name"":""SubjectUserSid"",""#text"":""S-1-5-18""},{""@Name"":""SubjectUserName"",""#text"":""WIN-2IH1TBB9I4Q$""},{""@Name"":""SubjectDomainName"",""#text"":""WORKGROUP""},{""@Name"":""SubjectLogonId"",""#text"":""0x3E7""},{""@Name"":""TargetUserSid"",""#text"":""S-1-5-18""},{""@Name"":""TargetUserName"",""#text"":""SYSTEM""},{""@Name"":""TargetDomainName"",""#text"":""NT AUTHORITY""},{""@Name"":""TargetLogonId"",""#text"":""0x3E7""},{""@Name"":""LogonType"",""#text"":""5""},{""@Name"":""LogonProcessName"",""#text"":""Advapi  ""},{""@Name"":""AuthenticationPackageName"",""#text"":""Negotiate""},{""@Name"":""WorkstationName"",""#text"":""-""},{""@Name"":""LogonGuid"",""#text"":""00000000-0000-0000-0000-000000000000""},{""@Name"":""TransmittedServices"",""#text"":""-""},{""@Name"":""LmPackageName"",""#text"":""-""},{""@Name"":""KeyLength"",""#text"":""0""},{""@Name"":""ProcessId"",""#text"":""0x284""},{""@Name"":""ProcessName"",""#text"":""C:\\Windows\\System32\\services.exe""},{""@Name"":""IpAddress"",""#text"":""-""},{""@Name"":""IpPort"",""#text"":""-""},{""@Name"":""ImpersonationLevel"",""#text"":""%%1833""},{""@Name"":""RestrictedAdminMode"",""#text"":""-""},{""@Name"":""TargetOutboundUserName"",""#text"":""-""},{""@Name"":""TargetOutboundDomainName"",""#text"":""-""},{""@Name"":""VirtualAccount"",""#text"":""%%1843""},{""@Name"":""TargetLinkedLogonId"",""#text"":""0x0""},{""@Name"":""ElevatedToken"",""#text"":""%%1842""}]}}"
534,534,2020-09-18 05:52:15.6118121,4672,LogAlways,Microsoft-Windows-Security-Auditing,Security,664,716,DESKTOP-SDN1RPT,6,,Administrative logon,NT AUTHORITY\SYSTEM (S-1-5-18),,"PrivilegeList: SeAssignPrimaryTokenPrivilege, SeTcbPrivilege, SeSecurityPrivilege, SeTakeOwnershipPrivilege, SeLoadDriverPrivilege, SeBackupPrivilege, SeRestorePrivilege, SeDebugPrivilege, SeAuditPrivilege, SeSystemEnvironmentPrivilege, SeImpersonatePrivilege, SeDelegateSessionUserImpersonatePrivilege",LogonId: 0x3E7,,,,,,False,D:\Software\CTF\Misc\EvtxECmd\Security.evtx,Audit success,0,"{""EventData"":{""Data"":[{""@Name"":""SubjectUserSid"",""#text"":""S-1-5-18""},{""@Name"":""SubjectUserName"",""#text"":""SYSTEM""},{""@Name"":""SubjectDomainName"",""#text"":""NT AUTHORITY""},{""@Name"":""SubjectLogonId"",""#text"":""0x3E7""},{""@Name"":""PrivilegeList"",""#text"":""SeAssignPrimaryTokenPrivilege, SeTcbPrivilege, SeSecurityPrivilege, SeTakeOwnershipPrivilege, SeLoadDriverPrivilege, SeBackupPrivilege, SeRestorePrivilege, SeDebugPrivilege, SeAuditPrivilege, SeSystemEnvironmentPrivilege, SeImpersonatePrivilege, SeDelegateSessionUserImpersonatePrivilege""}]}}"
535,535,2020-09-18 05:53:51.6855005,4624,LogAlways,Microsoft-Windows-Security-Auditing,Security,664,720,DESKTOP-SDN1RPT,6,,Successful logon,WORKGROUP\WIN-2IH1TBB9I4Q$,- (-),Target: NT AUTHORITY\SYSTEM,LogonType 5,LogonId: 0x3E7,AuthenticationPackageName: Negotiate,"LogonProcessName: Advapi  ",,C:\Windows\System32\services.exe,False,D:\Software\CTF\Misc\EvtxECmd\Security.evtx,Audit success,0,"{""EventData"":{""Data"":[{""@Name"":""SubjectUserSid"",""#text"":""S-1-5-18""},{""@Name"":""SubjectUserName"",""#text"":""WIN-2IH1TBB9I4Q$""},{""@Name"":""SubjectDomainName"",""#text"":""WORKGROUP""},{""@Name"":""SubjectLogonId"",""#text"":""0x3E7""},{""@Name"":""TargetUserSid"",""#text"":""S-1-5-18""},{""@Name"":""TargetUserName"",""#text"":""SYSTEM""},{""@Name"":""TargetDomainName"",""#text"":""NT AUTHORITY""},{""@Name"":""TargetLogonId"",""#text"":""0x3E7""},{""@Name"":""LogonType"",""#text"":""5""},{""@Name"":""LogonProcessName"",""#text"":""Advapi  ""},{""@Name"":""AuthenticationPackageName"",""#text"":""Negotiate""},{""@Name"":""WorkstationName"",""#text"":""-""},{""@Name"":""LogonGuid"",""#text"":""00000000-0000-0000-0000-000000000000""},{""@Name"":""TransmittedServices"",""#text"":""-""},{""@Name"":""LmPackageName"",""#text"":""-""},{""@Name"":""KeyLength"",""#text"":""0""},{""@Name"":""ProcessId"",""#text"":""0x284""},{""@Name"":""ProcessName"",""#text"":""C:\\Windows\\System32\\services.exe""},{""@Name"":""IpAddress"",""#text"":""-""},{""@Name"":""IpPort"",""#text"":""-""},{""@Name"":""ImpersonationLevel"",""#text"":""%%1833""},{""@Name"":""RestrictedAdminMode"",""#text"":""-""},{""@Name"":""TargetOutboundUserName"",""#text"":""-""},{""@Name"":""TargetOutboundDomainName"",""#text"":""-""},{""@Name"":""VirtualAccount"",""#text"":""%%1843""},{""@Name"":""TargetLinkedLogonId"",""#text"":""0x0""},{""@Name"":""ElevatedToken"",""#text"":""%%1842""}]}}"
536,536,2020-09-18 05:53:51.6855137,4672,LogAlways,Microsoft-Windows-Security-Auditing,Security,664,720,DESKTOP-SDN1RPT,6,,Administrative logon,NT AUTHORITY\SYSTEM (S-1-5-18),,"PrivilegeList: SeAssignPrimaryTokenPrivilege, SeTcbPrivilege, SeSecurityPrivilege, SeTakeOwnershipPrivilege, SeLoadDriverPrivilege, SeBackupPrivilege, SeRestorePrivilege, SeDebugPrivilege, SeAuditPrivilege, SeSystemEnvironmentPrivilege, SeImpersonatePrivilege, SeDelegateSessionUserImpersonatePrivilege",LogonId: 0x3E7,,,,,,False,D:\Software\CTF\Misc\EvtxECmd\Security.evtx,Audit success,0,"{""EventData"":{""Data"":[{""@Name"":""SubjectUserSid"",""#text"":""S-1-5-18""},{""@Name"":""SubjectUserName"",""#text"":""SYSTEM""},{""@Name"":""SubjectDomainName"",""#text"":""NT AUTHORITY""},{""@Name"":""SubjectLogonId"",""#text"":""0x3E7""},{""@Name"":""PrivilegeList"",""#text"":""SeAssignPrimaryTokenPrivilege, SeTcbPrivilege, SeSecurityPrivilege, SeTakeOwnershipPrivilege, SeLoadDriverPrivilege, SeBackupPrivilege, SeRestorePrivilege, SeDebugPrivilege, SeAuditPrivilege, SeSystemEnvironmentPrivilege, SeImpersonatePrivilege, SeDelegateSessionUserImpersonatePrivilege""}]}}"
537,537,2020-09-18 05:53:59.0327115,5379,LogAlways,Microsoft-Windows-Security-Auditing,Security,664,720,DESKTOP-SDN1RPT,6,,Credential Manager credentials were read,Admin,,SID: S-1-5-21-41211245-796119838-3940169921-1001,Domain: DESKTOP-SDN1RPT,LogonID: 0xDDCC1,CountOfCredentialsReturned: 0,,ActivityID: 089e13a3-8d7f-0001-4b14-9e087f8dd601,WindowsLive:(token):name=02fkqbxumxhyhfeb;serviceuri=*,False,D:\Software\CTF\Misc\EvtxECmd\Security.evtx,Audit success,0,"{""EventData"":{""Data"":[{""@Name"":""SubjectUserSid"",""#text"":""S-1-5-21-41211245-796119838-3940169921-1001""},{""@Name"":""SubjectUserName"",""#text"":""Admin""},{""@Name"":""SubjectDomainName"",""#text"":""DESKTOP-SDN1RPT""},{""@Name"":""SubjectLogonId"",""#text"":""0xDDCC1""},{""@Name"":""TargetName"",""#text"":""WindowsLive:(token):name=02fkqbxumxhyhfeb;serviceuri=*""},{""@Name"":""Type"",""#text"":""0""},{""@Name"":""CountOfCredentialsReturned"",""#text"":""0""},{""@Name"":""ReadOperation"",""#text"":""%%8100""},{""@Name"":""ReturnCode"",""#text"":""3221226021""},{""@Name"":""ProcessCreationTime"",""#text"":""2020-09-18 05:46:31.7903713""},{""@Name"":""ClientProcessId"",""#text"":""60""}]}}"
538,538,2020-09-18 05:53:59.1028480,5379,LogAlways,Microsoft-Windows-Security-Auditing,Security,664,720,DESKTOP-SDN1RPT,6,,Credential Manager credentials were read,Admin,,SID: S-1-5-21-41211245-796119838-3940169921-1001,Domain: DESKTOP-SDN1RPT,LogonID: 0xDDCC1,CountOfCredentialsReturned: 0,,ActivityID: 089e13a3-8d7f-0001-4b14-9e087f8dd601,WindowsLive:(cert):name=02fkqbxumxhyhfeb;serviceuri=*,False,D:\Software\CTF\Misc\EvtxECmd\Security.evtx,Audit success,0,"{""EventData"":{""Data"":[{""@Name"":""SubjectUserSid"",""#text"":""S-1-5-21-41211245-796119838-3940169921-1001""},{""@Name"":""SubjectUserName"",""#text"":""Admin""},{""@Name"":""SubjectDomainName"",""#text"":""DESKTOP-SDN1RPT""},{""@Name"":""SubjectLogonId"",""#text"":""0xDDCC1""},{""@Name"":""TargetName"",""#text"":""WindowsLive:(cert):name=02fkqbxumxhyhfeb;serviceuri=*""},{""@Name"":""Type"",""#text"":""0""},{""@Name"":""CountOfCredentialsReturned"",""#text"":""0""},{""@Name"":""ReadOperation"",""#text"":""%%8100""},{""@Name"":""ReturnCode"",""#text"":""3221226021""},{""@Name"":""ProcessCreationTime"",""#text"":""2020-09-18 05:46:31.7903713""},{""@Name"":""ClientProcessId"",""#text"":""60""}]}}"
539,539,2020-09-18 05:53:59.1030347,5379,LogAlways,Microsoft-Windows-Security-Auditing,Security,664,720,DESKTOP-SDN1RPT,6,,Credential Manager credentials were read,Admin,,SID: S-1-5-21-41211245-796119838-3940169921-1001,Domain: DESKTOP-SDN1RPT,LogonID: 0xDDCC1,CountOfCredentialsReturned: 0,,ActivityID: 089e13a3-8d7f-0001-4b14-9e087f8dd601,WindowsLive:target=virtualapp/didlogical,False,D:\Software\CTF\Misc\EvtxECmd\Security.evtx,Audit success,0,"{""EventData"":{""Data"":[{""@Name"":""SubjectUserSid"",""#text"":""S-1-5-21-41211245-796119838-3940169921-1001""},{""@Name"":""SubjectUserName"",""#text"":""Admin""},{""@Name"":""SubjectDomainName"",""#text"":""DESKTOP-SDN1RPT""},{""@Name"":""SubjectLogonId"",""#text"":""0xDDCC1""},{""@Name"":""TargetName"",""#text"":""WindowsLive:target=virtualapp/didlogical""},{""@Name"":""Type"",""#text"":""0""},{""@Name"":""CountOfCredentialsReturned"",""#text"":""0""},{""@Name"":""ReadOperation"",""#text"":""%%8100""},{""@Name"":""ReturnCode"",""#text"":""3221226021""},{""@Name"":""ProcessCreationTime"",""#text"":""2020-09-18 05:46:31.7903713""},{""@Name"":""ClientProcessId"",""#text"":""60""}]}}"
540,540,2020-09-18 05:54:01.1703683,5890,LogAlways,Microsoft-Windows-Security-Auditing,Security,664,1492,DESKTOP-SDN1RPT,6,,,,,,,,,,,,False,D:\Software\CTF\Misc\EvtxECmd\Security.evtx,Audit success,0,"{""EventData"":{""Data"":[{""@Name"":""SubjectUserSid"",""#text"":""S-1-5-18""},{""@Name"":""SubjectUserName"",""#text"":""SYSTEM""},{""@Name"":""SubjectUserDomainName"",""#text"":""NT AUTHORITY""},{""@Name"":""SubjectLogonId"",""#text"":""999""},{""@Name"":""ObjectCollectionName"",""#text"":""Applications""},{""@Name"":""ObjectIdentifyingProperties"",""#text"":"", ID = {5284A5F4-4472-4C81-BB06-C9CD496ED172}, AppPartitionID = {41E90F3E-56C1-4633-81C3-6E8BAC8BDD70}""},{""@Name"":""ObjectProperties"",""#text"":"", Name = VMware Snapshot Provider, ApplicationProxyServerName = , ProcessType = 2, CommandLine = , ServiceName = , RunAsUserType = 1, Identity = Interactive User, Description = VMware Snapshot Provider, IsSystem = N, Authentication = 6, ShutdownAfter = 3, RunForever = N, Password = ********, Activation = Local, Changeable = Y, Deleteable = Y, CreatedBy = , AccessChecksLevel = 1, ApplicationAccessChecksEnabled = 0, cCOL_SecurityDescriptor = &lt;Opaque&gt;, ImpersonationLevel = 2, AuthenticationCapability = 2, CRMEnabled = 0, 3GigSupportEnabled = 0, QueuingEnabled = 0, QueueListenerEnabled = N, EventsEnabled = 1, ProcessFlags = 0, ThreadMax = 0, ApplicationProxy = 0, CRMLogFile = , DumpEnabled = 0, DumpOnException = 0, DumpOnFailfast = 0, MaxDumpCount = 5, DumpPath = %systemroot%\\system32\\com\\dmp, IsEnabled = 1, ConcurrentApps = 1, RecycleLifetimeLimit = 0, RecycleCallLimit = 0, RecycleActivationLimit = 0, RecycleMemoryLimit = 0, RecycleExpirationTimeout = 15, QCListenerMaxThreads = 0, QCAuthenticateMsgs = 0, ApplicationDirectory = , SRPTrustLevel = 262144, SRPEnabled = 0, SoapActivated = 0, SoapVRoot = , SoapMailTo = , SoapBaseUrl = , Replicable = 1""}]}}"
541,541,2020-09-18 05:54:02.8027020,5890,LogAlways,Microsoft-Windows-Security-Auditing,Security,664,720,DESKTOP-SDN1RPT,6,,,,,,,,,,,,False,D:\Software\CTF\Misc\EvtxECmd\Security.evtx,Audit success,0,"{""EventData"":{""Data"":[{""@Name"":""SubjectUserSid"",""#text"":""S-1-5-18""},{""@Name"":""SubjectUserName"",""#text"":""SYSTEM""},{""@Name"":""SubjectUserDomainName"",""#text"":""NT AUTHORITY""},{""@Name"":""SubjectLogonId"",""#text"":""999""},{""@Name"":""ObjectCollectionName"",""#text"":""Roles""},{""@Name"":""ObjectIdentifyingProperties"",""#text"":"", ApplId = {5284A5F4-4472-4C81-BB06-C9CD496ED172}, Name = Administrators""},{""@Name"":""ObjectProperties"",""#text"":"", Description = Administrators group""}]}}"
542,542,2020-09-18 05:54:03.1578036,4798,LogAlways,Microsoft-Windows-Security-Auditing,Security,664,1492,DESKTOP-SDN1RPT,6,,A user's local group membership was enumerated,WORKGROUP\WIN-2IH1TBB9I4Q$ (S-1-5-18),,Target: DESKTOP-SDN1RPT\Admin (S-1-5-21-41211245-796119838-3940169921-1001),SubjectLogonId: 0x3E7,CallerProcessName: C:\Windows\System32\wbem\WmiPrvSE.exe,CallerProcessId: 0x17A8,,,,False,D:\Software\CTF\Misc\EvtxECmd\Security.evtx,Audit success,0,"{""EventData"":{""Data"":[{""@Name"":""TargetUserName"",""#text"":""Admin""},{""@Name"":""TargetDomainName"",""#text"":""DESKTOP-SDN1RPT""},{""@Name"":""TargetSid"",""#text"":""S-1-5-21-41211245-796119838-3940169921-1001""},{""@Name"":""SubjectUserSid"",""#text"":""S-1-5-18""},{""@Name"":""SubjectUserName"",""#text"":""WIN-2IH1TBB9I4Q$""},{""@Name"":""SubjectDomainName"",""#text"":""WORKGROUP""},{""@Name"":""SubjectLogonId"",""#text"":""0x3E7""},{""@Name"":""CallerProcessId"",""#text"":""0x17A8""},{""@Name"":""CallerProcessName"",""#text"":""C:\\Windows\\System32\\wbem\\WmiPrvSE.exe""}]}}"
543,543,2020-09-18 05:54:03.1595007,4798,LogAlways,Microsoft-Windows-Security-Auditing,Security,664,720,DESKTOP-SDN1RPT,6,,A user's local group membership was enumerated,WORKGROUP\WIN-2IH1TBB9I4Q$ (S-1-5-18),,Target: DESKTOP-SDN1RPT\Administrator (S-1-5-21-41211245-796119838-3940169921-500),SubjectLogonId: 0x3E7,CallerProcessName: C:\Windows\System32\wbem\WmiPrvSE.exe,CallerProcessId: 0x17A8,,,,False,D:\Software\CTF\Misc\EvtxECmd\Security.evtx,Audit success,0,"{""EventData"":{""Data"":[{""@Name"":""TargetUserName"",""#text"":""Administrator""},{""@Name"":""TargetDomainName"",""#text"":""DESKTOP-SDN1RPT""},{""@Name"":""TargetSid"",""#text"":""S-1-5-21-41211245-796119838-3940169921-500""},{""@Name"":""SubjectUserSid"",""#text"":""S-1-5-18""},{""@Name"":""SubjectUserName"",""#text"":""WIN-2IH1TBB9I4Q$""},{""@Name"":""SubjectDomainName"",""#text"":""WORKGROUP""},{""@Name"":""SubjectLogonId"",""#text"":""0x3E7""},{""@Name"":""CallerProcessId"",""#text"":""0x17A8""},{""@Name"":""CallerProcessName"",""#text"":""C:\\Windows\\System32\\wbem\\WmiPrvSE.exe""}]}}"
544,544,2020-09-18 05:54:03.1600275,4798,LogAlways,Microsoft-Windows-Security-Auditing,Security,664,1492,DESKTOP-SDN1RPT,6,,A user's local group membership was enumerated,WORKGROUP\WIN-2IH1TBB9I4Q$ (S-1-5-18),,Target: DESKTOP-SDN1RPT\DefaultAccount (S-1-5-21-41211245-796119838-3940169921-503),SubjectLogonId: 0x3E7,CallerProcessName: C:\Windows\System32\wbem\WmiPrvSE.exe,CallerProcessId: 0x17A8,,,,False,D:\Software\CTF\Misc\EvtxECmd\Security.evtx,Audit success,0,"{""EventData"":{""Data"":[{""@Name"":""TargetUserName"",""#text"":""DefaultAccount""},{""@Name"":""TargetDomainName"",""#text"":""DESKTOP-SDN1RPT""},{""@Name"":""TargetSid"",""#text"":""S-1-5-21-41211245-796119838-3940169921-503""},{""@Name"":""SubjectUserSid"",""#text"":""S-1-5-18""},{""@Name"":""SubjectUserName"",""#text"":""WIN-2IH1TBB9I4Q$""},{""@Name"":""SubjectDomainName"",""#text"":""WORKGROUP""},{""@Name"":""SubjectLogonId"",""#text"":""0x3E7""},{""@Name"":""CallerProcessId"",""#text"":""0x17A8""},{""@Name"":""CallerProcessName"",""#text"":""C:\\Windows\\System32\\wbem\\WmiPrvSE.exe""}]}}"
545,545,2020-09-18 05:54:03.1607931,4798,LogAlways,Microsoft-Windows-Security-Auditing,Security,664,1492,DESKTOP-SDN1RPT,6,,A user's local group membership was enumerated,WORKGROUP\WIN-2IH1TBB9I4Q$ (S-1-5-18),,Target: DESKTOP-SDN1RPT\defaultuser0 (S-1-5-21-41211245-796119838-3940169921-1000),SubjectLogonId: 0x3E7,CallerProcessName: C:\Windows\System32\wbem\WmiPrvSE.exe,CallerProcessId: 0x17A8,,,,False,D:\Software\CTF\Misc\EvtxECmd\Security.evtx,Audit success,0,"{""EventData"":{""Data"":[{""@Name"":""TargetUserName"",""#text"":""defaultuser0""},{""@Name"":""TargetDomainName"",""#text"":""DESKTOP-SDN1RPT""},{""@Name"":""TargetSid"",""#text"":""S-1-5-21-41211245-796119838-3940169921-1000""},{""@Name"":""SubjectUserSid"",""#text"":""S-1-5-18""},{""@Name"":""SubjectUserName"",""#text"":""WIN-2IH1TBB9I4Q$""},{""@Name"":""SubjectDomainName"",""#text"":""WORKGROUP""},{""@Name"":""SubjectLogonId"",""#text"":""0x3E7""},{""@Name"":""CallerProcessId"",""#text"":""0x17A8""},{""@Name"":""CallerProcessName"",""#text"":""C:\\Windows\\System32\\wbem\\WmiPrvSE.exe""}]}}"
546,546,2020-09-18 05:54:03.1611815,4798,LogAlways,Microsoft-Windows-Security-Auditing,Security,664,1492,DESKTOP-SDN1RPT,6,,A user's local group membership was enumerated,WORKGROUP\WIN-2IH1TBB9I4Q$ (S-1-5-18),,Target: DESKTOP-SDN1RPT\Guest (S-1-5-21-41211245-796119838-3940169921-501),SubjectLogonId: 0x3E7,CallerProcessName: C:\Windows\System32\wbem\WmiPrvSE.exe,CallerProcessId: 0x17A8,,,,False,D:\Software\CTF\Misc\EvtxECmd\Security.evtx,Audit success,0,"{""EventData"":{""Data"":[{""@Name"":""TargetUserName"",""#text"":""Guest""},{""@Name"":""TargetDomainName"",""#text"":""DESKTOP-SDN1RPT""},{""@Name"":""TargetSid"",""#text"":""S-1-5-21-41211245-796119838-3940169921-501""},{""@Name"":""SubjectUserSid"",""#text"":""S-1-5-18""},{""@Name"":""SubjectUserName"",""#text"":""WIN-2IH1TBB9I4Q$""},{""@Name"":""SubjectDomainName"",""#text"":""WORKGROUP""},{""@Name"":""SubjectLogonId"",""#text"":""0x3E7""},{""@Name"":""CallerProcessId"",""#text"":""0x17A8""},{""@Name"":""CallerProcessName"",""#text"":""C:\\Windows\\System32\\wbem\\WmiPrvSE.exe""}]}}"
547,547,2020-09-18 05:54:03.1619361,4798,LogAlways,Microsoft-Windows-Security-Auditing,Security,664,720,DESKTOP-SDN1RPT,6,,A user's local group membership was enumerated,WORKGROUP\WIN-2IH1TBB9I4Q$ (S-1-5-18),,Target: DESKTOP-SDN1RPT\WDAGUtilityAccount (S-1-5-21-41211245-796119838-3940169921-504),SubjectLogonId: 0x3E7,CallerProcessName: C:\Windows\System32\wbem\WmiPrvSE.exe,CallerProcessId: 0x17A8,,,,False,D:\Software\CTF\Misc\EvtxECmd\Security.evtx,Audit success,0,"{""EventData"":{""Data"":[{""@Name"":""TargetUserName"",""#text"":""WDAGUtilityAccount""},{""@Name"":""TargetDomainName"",""#text"":""DESKTOP-SDN1RPT""},{""@Name"":""TargetSid"",""#text"":""S-1-5-21-41211245-796119838-3940169921-504""},{""@Name"":""SubjectUserSid"",""#text"":""S-1-5-18""},{""@Name"":""SubjectUserName"",""#text"":""WIN-2IH1TBB9I4Q$""},{""@Name"":""SubjectDomainName"",""#text"":""WORKGROUP""},{""@Name"":""SubjectLogonId"",""#text"":""0x3E7""},{""@Name"":""CallerProcessId"",""#text"":""0x17A8""},{""@Name"":""CallerProcessName"",""#text"":""C:\\Windows\\System32\\wbem\\WmiPrvSE.exe""}]}}"
548,548,2020-09-18 05:54:03.3507209,4798,LogAlways,Microsoft-Windows-Security-Auditing,Security,664,720,DESKTOP-SDN1RPT,6,,A user's local group membership was enumerated,WORKGROUP\WIN-2IH1TBB9I4Q$ (S-1-5-18),,Target: DESKTOP-SDN1RPT\Admin (S-1-5-21-41211245-796119838-3940169921-1001),SubjectLogonId: 0x3E7,CallerProcessName: C:\Windows\System32\wbem\WmiPrvSE.exe,CallerProcessId: 0x17A8,,,,False,D:\Software\CTF\Misc\EvtxECmd\Security.evtx,Audit success,0,"{""EventData"":{""Data"":[{""@Name"":""TargetUserName"",""#text"":""Admin""},{""@Name"":""TargetDomainName"",""#text"":""DESKTOP-SDN1RPT""},{""@Name"":""TargetSid"",""#text"":""S-1-5-21-41211245-796119838-3940169921-1001""},{""@Name"":""SubjectUserSid"",""#text"":""S-1-5-18""},{""@Name"":""SubjectUserName"",""#text"":""WIN-2IH1TBB9I4Q$""},{""@Name"":""SubjectDomainName"",""#text"":""WORKGROUP""},{""@Name"":""SubjectLogonId"",""#text"":""0x3E7""},{""@Name"":""CallerProcessId"",""#text"":""0x17A8""},{""@Name"":""CallerProcessName"",""#text"":""C:\\Windows\\System32\\wbem\\WmiPrvSE.exe""}]}}"
549,549,2020-09-18 05:54:03.3511196,4798,LogAlways,Microsoft-Windows-Security-Auditing,Security,664,720,DESKTOP-SDN1RPT,6,,A user's local group membership was enumerated,WORKGROUP\WIN-2IH1TBB9I4Q$ (S-1-5-18),,Target: DESKTOP-SDN1RPT\Administrator (S-1-5-21-41211245-796119838-3940169921-500),SubjectLogonId: 0x3E7,CallerProcessName: C:\Windows\System32\wbem\WmiPrvSE.exe,CallerProcessId: 0x17A8,,,,False,D:\Software\CTF\Misc\EvtxECmd\Security.evtx,Audit success,0,"{""EventData"":{""Data"":[{""@Name"":""TargetUserName"",""#text"":""Administrator""},{""@Name"":""TargetDomainName"",""#text"":""DESKTOP-SDN1RPT""},{""@Name"":""TargetSid"",""#text"":""S-1-5-21-41211245-796119838-3940169921-500""},{""@Name"":""SubjectUserSid"",""#text"":""S-1-5-18""},{""@Name"":""SubjectUserName"",""#text"":""WIN-2IH1TBB9I4Q$""},{""@Name"":""SubjectDomainName"",""#text"":""WORKGROUP""},{""@Name"":""SubjectLogonId"",""#text"":""0x3E7""},{""@Name"":""CallerProcessId"",""#text"":""0x17A8""},{""@Name"":""CallerProcessName"",""#text"":""C:\\Windows\\System32\\wbem\\WmiPrvSE.exe""}]}}"
550,550,2020-09-18 05:54:03.3514952,4798,LogAlways,Microsoft-Windows-Security-Auditing,Security,664,720,DESKTOP-SDN1RPT,6,,A user's local group membership was enumerated,WORKGROUP\WIN-2IH1TBB9I4Q$ (S-1-5-18),,Target: DESKTOP-SDN1RPT\DefaultAccount (S-1-5-21-41211245-796119838-3940169921-503),SubjectLogonId: 0x3E7,CallerProcessName: C:\Windows\System32\wbem\WmiPrvSE.exe,CallerProcessId: 0x17A8,,,,False,D:\Software\CTF\Misc\EvtxECmd\Security.evtx,Audit success,0,"{""EventData"":{""Data"":[{""@Name"":""TargetUserName"",""#text"":""DefaultAccount""},{""@Name"":""TargetDomainName"",""#text"":""DESKTOP-SDN1RPT""},{""@Name"":""TargetSid"",""#text"":""S-1-5-21-41211245-796119838-3940169921-503""},{""@Name"":""SubjectUserSid"",""#text"":""S-1-5-18""},{""@Name"":""SubjectUserName"",""#text"":""WIN-2IH1TBB9I4Q$""},{""@Name"":""SubjectDomainName"",""#text"":""WORKGROUP""},{""@Name"":""SubjectLogonId"",""#text"":""0x3E7""},{""@Name"":""CallerProcessId"",""#text"":""0x17A8""},{""@Name"":""CallerProcessName"",""#text"":""C:\\Windows\\System32\\wbem\\WmiPrvSE.exe""}]}}"
551,551,2020-09-18 05:54:03.3518932,4798,LogAlways,Microsoft-Windows-Security-Auditing,Security,664,720,DESKTOP-SDN1RPT,6,,A user's local group membership was enumerated,WORKGROUP\WIN-2IH1TBB9I4Q$ (S-1-5-18),,Target: DESKTOP-SDN1RPT\defaultuser0 (S-1-5-21-41211245-796119838-3940169921-1000),SubjectLogonId: 0x3E7,CallerProcessName: C:\Windows\System32\wbem\WmiPrvSE.exe,CallerProcessId: 0x17A8,,,,False,D:\Software\CTF\Misc\EvtxECmd\Security.evtx,Audit success,0,"{""EventData"":{""Data"":[{""@Name"":""TargetUserName"",""#text"":""defaultuser0""},{""@Name"":""TargetDomainName"",""#text"":""DESKTOP-SDN1RPT""},{""@Name"":""TargetSid"",""#text"":""S-1-5-21-41211245-796119838-3940169921-1000""},{""@Name"":""SubjectUserSid"",""#text"":""S-1-5-18""},{""@Name"":""SubjectUserName"",""#text"":""WIN-2IH1TBB9I4Q$""},{""@Name"":""SubjectDomainName"",""#text"":""WORKGROUP""},{""@Name"":""SubjectLogonId"",""#text"":""0x3E7""},{""@Name"":""CallerProcessId"",""#text"":""0x17A8""},{""@Name"":""CallerProcessName"",""#text"":""C:\\Windows\\System32\\wbem\\WmiPrvSE.exe""}]}}"
552,552,2020-09-18 05:54:03.3522395,4798,LogAlways,Microsoft-Windows-Security-Auditing,Security,664,720,DESKTOP-SDN1RPT,6,,A user's local group membership was enumerated,WORKGROUP\WIN-2IH1TBB9I4Q$ (S-1-5-18),,Target: DESKTOP-SDN1RPT\Guest (S-1-5-21-41211245-796119838-3940169921-501),SubjectLogonId: 0x3E7,CallerProcessName: C:\Windows\System32\wbem\WmiPrvSE.exe,CallerProcessId: 0x17A8,,,,False,D:\Software\CTF\Misc\EvtxECmd\Security.evtx,Audit success,0,"{""EventData"":{""Data"":[{""@Name"":""TargetUserName"",""#text"":""Guest""},{""@Name"":""TargetDomainName"",""#text"":""DESKTOP-SDN1RPT""},{""@Name"":""TargetSid"",""#text"":""S-1-5-21-41211245-796119838-3940169921-501""},{""@Name"":""SubjectUserSid"",""#text"":""S-1-5-18""},{""@Name"":""SubjectUserName"",""#text"":""WIN-2IH1TBB9I4Q$""},{""@Name"":""SubjectDomainName"",""#text"":""WORKGROUP""},{""@Name"":""SubjectLogonId"",""#text"":""0x3E7""},{""@Name"":""CallerProcessId"",""#text"":""0x17A8""},{""@Name"":""CallerProcessName"",""#text"":""C:\\Windows\\System32\\wbem\\WmiPrvSE.exe""}]}}"
553,553,2020-09-18 05:54:03.3526661,4798,LogAlways,Microsoft-Windows-Security-Auditing,Security,664,720,DESKTOP-SDN1RPT,6,,A user's local group membership was enumerated,WORKGROUP\WIN-2IH1TBB9I4Q$ (S-1-5-18),,Target: DESKTOP-SDN1RPT\WDAGUtilityAccount (S-1-5-21-41211245-796119838-3940169921-504),SubjectLogonId: 0x3E7,CallerProcessName: C:\Windows\System32\wbem\WmiPrvSE.exe,CallerProcessId: 0x17A8,,,,False,D:\Software\CTF\Misc\EvtxECmd\Security.evtx,Audit success,0,"{""EventData"":{""Data"":[{""@Name"":""TargetUserName"",""#text"":""WDAGUtilityAccount""},{""@Name"":""TargetDomainName"",""#text"":""DESKTOP-SDN1RPT""},{""@Name"":""TargetSid"",""#text"":""S-1-5-21-41211245-796119838-3940169921-504""},{""@Name"":""SubjectUserSid"",""#text"":""S-1-5-18""},{""@Name"":""SubjectUserName"",""#text"":""WIN-2IH1TBB9I4Q$""},{""@Name"":""SubjectDomainName"",""#text"":""WORKGROUP""},{""@Name"":""SubjectLogonId"",""#text"":""0x3E7""},{""@Name"":""CallerProcessId"",""#text"":""0x17A8""},{""@Name"":""CallerProcessName"",""#text"":""C:\\Windows\\System32\\wbem\\WmiPrvSE.exe""}]}}"
554,554,2020-09-18 05:54:03.4210476,5890,LogAlways,Microsoft-Windows-Security-Auditing,Security,664,1492,DESKTOP-SDN1RPT,6,,,,,,,,,,,,False,D:\Software\CTF\Misc\EvtxECmd\Security.evtx,Audit success,632,"{""EventData"":{""Data"":[{""@Name"":""SubjectUserSid"",""#text"":""S-1-5-18""},{""@Name"":""SubjectUserName"",""#text"":""SYSTEM""},{""@Name"":""SubjectUserDomainName"",""#text"":""NT AUTHORITY""},{""@Name"":""SubjectLogonId"",""#text"":""999""},{""@Name"":""ObjectCollectionName"",""#text"":""UsersInRole""},{""@Name"":""ObjectIdentifyingProperties"",""#text"":"", ApplId = {5284A5F4-4472-4C81-BB06-C9CD496ED172}, Name = Administrators, User = .\\Administrators""},{""@Name"":""ObjectProperties"",""#text"":"", &lt;null&gt;""}]}}"
555,555,2020-09-18 05:54:03.4212092,5890,LogAlways,Microsoft-Windows-Security-Auditing,Security,664,1492,DESKTOP-SDN1RPT,6,,,,,,,,,,,,False,D:\Software\CTF\Misc\EvtxECmd\Security.evtx,Audit success,0,"{""EventData"":{""Data"":[{""@Name"":""SubjectUserSid"",""#text"":""S-1-5-18""},{""@Name"":""SubjectUserName"",""#text"":""SYSTEM""},{""@Name"":""SubjectUserDomainName"",""#text"":""NT AUTHORITY""},{""@Name"":""SubjectLogonId"",""#text"":""999""},{""@Name"":""ObjectCollectionName"",""#text"":""UsersInRole""},{""@Name"":""ObjectIdentifyingProperties"",""#text"":"", ApplId = {5284A5F4-4472-4C81-BB06-C9CD496ED172}, Name = Administrators, User = SYSTEM""},{""@Name"":""ObjectProperties"",""#text"":"", &lt;null&gt;""}]}}"
556,556,2020-09-18 05:54:05.3253917,5379,LogAlways,Microsoft-Windows-Security-Auditing,Security,664,720,DESKTOP-SDN1RPT,6,,Credential Manager credentials were read,Admin,,SID: S-1-5-21-41211245-796119838-3940169921-1001,Domain: DESKTOP-SDN1RPT,LogonID: 0xDDCC1,CountOfCredentialsReturned: 0,,ActivityID: 089e13a3-8d7f-0001-4b14-9e087f8dd601,WindowsLive:(token):name=02vrxofhrekivpek;serviceuri=*,False,D:\Software\CTF\Misc\EvtxECmd\Security.evtx,Audit success,0,"{""EventData"":{""Data"":[{""@Name"":""SubjectUserSid"",""#text"":""S-1-5-21-41211245-796119838-3940169921-1001""},{""@Name"":""SubjectUserName"",""#text"":""Admin""},{""@Name"":""SubjectDomainName"",""#text"":""DESKTOP-SDN1RPT""},{""@Name"":""SubjectLogonId"",""#text"":""0xDDCC1""},{""@Name"":""TargetName"",""#text"":""WindowsLive:(token):name=02vrxofhrekivpek;serviceuri=*""},{""@Name"":""Type"",""#text"":""0""},{""@Name"":""CountOfCredentialsReturned"",""#text"":""0""},{""@Name"":""ReadOperation"",""#text"":""%%8100""},{""@Name"":""ReturnCode"",""#text"":""3221226021""},{""@Name"":""ProcessCreationTime"",""#text"":""2020-09-18 05:46:31.7903713""},{""@Name"":""ClientProcessId"",""#text"":""60""}]}}"
557,557,2020-09-18 05:54:05.3261426,5379,LogAlways,Microsoft-Windows-Security-Auditing,Security,664,720,DESKTOP-SDN1RPT,6,,Credential Manager credentials were read,Admin,,SID: S-1-5-21-41211245-796119838-3940169921-1001,Domain: DESKTOP-SDN1RPT,LogonID: 0xDDCC1,CountOfCredentialsReturned: 0,,ActivityID: 089e13a3-8d7f-0001-4b14-9e087f8dd601,WindowsLive:(cert):name=02vrxofhrekivpek;serviceuri=*,False,D:\Software\CTF\Misc\EvtxECmd\Security.evtx,Audit success,0,"{""EventData"":{""Data"":[{""@Name"":""SubjectUserSid"",""#text"":""S-1-5-21-41211245-796119838-3940169921-1001""},{""@Name"":""SubjectUserName"",""#text"":""Admin""},{""@Name"":""SubjectDomainName"",""#text"":""DESKTOP-SDN1RPT""},{""@Name"":""SubjectLogonId"",""#text"":""0xDDCC1""},{""@Name"":""TargetName"",""#text"":""WindowsLive:(cert):name=02vrxofhrekivpek;serviceuri=*""},{""@Name"":""Type"",""#text"":""0""},{""@Name"":""CountOfCredentialsReturned"",""#text"":""0""},{""@Name"":""ReadOperation"",""#text"":""%%8100""},{""@Name"":""ReturnCode"",""#text"":""3221226021""},{""@Name"":""ProcessCreationTime"",""#text"":""2020-09-18 05:46:31.7903713""},{""@Name"":""ClientProcessId"",""#text"":""60""}]}}"
558,558,2020-09-18 05:54:05.3263169,5379,LogAlways,Microsoft-Windows-Security-Auditing,Security,664,720,DESKTOP-SDN1RPT,6,,Credential Manager credentials were read,Admin,,SID: S-1-5-21-41211245-796119838-3940169921-1001,Domain: DESKTOP-SDN1RPT,LogonID: 0xDDCC1,CountOfCredentialsReturned: 0,,ActivityID: 089e13a3-8d7f-0001-4b14-9e087f8dd601,WindowsLive:target=virtualapp/didlogical,False,D:\Software\CTF\Misc\EvtxECmd\Security.evtx,Audit success,0,"{""EventData"":{""Data"":[{""@Name"":""SubjectUserSid"",""#text"":""S-1-5-21-41211245-796119838-3940169921-1001""},{""@Name"":""SubjectUserName"",""#text"":""Admin""},{""@Name"":""SubjectDomainName"",""#text"":""DESKTOP-SDN1RPT""},{""@Name"":""SubjectLogonId"",""#text"":""0xDDCC1""},{""@Name"":""TargetName"",""#text"":""WindowsLive:target=virtualapp/didlogical""},{""@Name"":""Type"",""#text"":""0""},{""@Name"":""CountOfCredentialsReturned"",""#text"":""0""},{""@Name"":""ReadOperation"",""#text"":""%%8100""},{""@Name"":""ReturnCode"",""#text"":""3221226021""},{""@Name"":""ProcessCreationTime"",""#text"":""2020-09-18 05:46:31.7903713""},{""@Name"":""ClientProcessId"",""#text"":""60""}]}}"
