1301,1301,2020-09-18 22:47:49.7265519,5379,LogAlways,Microsoft-Windows-Security-Auditing,Security,648,708,DESKTOP-SDN1RPT.C137.local,14,,Credential Manager credentials were read,mortysmith,,SID: S-1-5-21-2232410529-1445159330-2725690660-1108,Domain: C137,LogonID: 0x270257,CountOfCredentialsReturned: 0,,ActivityID: 9f37c062-8e04-0000-f2c0-379f048ed601,OneDrive Cached Credential*,False,D:\Software\CTF\Misc\EvtxECmd\Security.evtx,Audit success,0,"{""EventData"":{""Data"":[{""@Name"":""SubjectUserSid"",""#text"":""S-1-5-21-2232410529-1445159330-2725690660-1108""},{""@Name"":""SubjectUserName"",""#text"":""mortysmith""},{""@Name"":""SubjectDomainName"",""#text"":""C137""},{""@Name"":""SubjectLogonId"",""#text"":""0x270257""},{""@Name"":""TargetName"",""#text"":""OneDrive Cached Credential*""},{""@Name"":""Type"",""#text"":""0""},{""@Name"":""CountOfCredentialsReturned"",""#text"":""0""},{""@Name"":""ReadOperation"",""#text"":""%%8100""},{""@Name"":""ReturnCode"",""#text"":""3221226021""},{""@Name"":""ProcessCreationTime"",""#text"":""2020-09-18 22:47:48.9760490""},{""@Name"":""ClientProcessId"",""#text"":""6828""}]}}"
1302,1302,2020-09-18 22:47:50.1453195,5379,LogAlways,Microsoft-Windows-Security-Auditing,Security,648,708,DESKTOP-SDN1RPT.C137.local,14,,Credential Manager credentials were read,mortysmith,,SID: S-1-5-21-2232410529-1445159330-2725690660-1108,Domain: C137,LogonID: 0x270257,CountOfCredentialsReturned: 0,,ActivityID: 9f37c062-8e04-0000-f2c0-379f048ed601,OneDrive Cached Credential,False,D:\Software\CTF\Misc\EvtxECmd\Security.evtx,Audit success,0,"{""EventData"":{""Data"":[{""@Name"":""SubjectUserSid"",""#text"":""S-1-5-21-2232410529-1445159330-2725690660-1108""},{""@Name"":""SubjectUserName"",""#text"":""mortysmith""},{""@Name"":""SubjectDomainName"",""#text"":""C137""},{""@Name"":""SubjectLogonId"",""#text"":""0x270257""},{""@Name"":""TargetName"",""#text"":""OneDrive Cached Credential""},{""@Name"":""Type"",""#text"":""0""},{""@Name"":""CountOfCredentialsReturned"",""#text"":""0""},{""@Name"":""ReadOperation"",""#text"":""%%8100""},{""@Name"":""ReturnCode"",""#text"":""3221226021""},{""@Name"":""ProcessCreationTime"",""#text"":""2020-09-18 22:47:48.9760490""},{""@Name"":""ClientProcessId"",""#text"":""6828""}]}}"
1303,1303,2020-09-18 22:47:50.9373113,5379,LogAlways,Microsoft-Windows-Security-Auditing,Security,648,708,DESKTOP-SDN1RPT.C137.local,14,,Credential Manager credentials were read,mortysmith,,SID: S-1-5-21-2232410529-1445159330-2725690660-1108,Domain: C137,LogonID: 0x270257,CountOfCredentialsReturned: 0,,ActivityID: 9f37c062-8e04-0000-f2c0-379f048ed601,MicrosoftOffice*,False,D:\Software\CTF\Misc\EvtxECmd\Security.evtx,Audit success,0,"{""EventData"":{""Data"":[{""@Name"":""SubjectUserSid"",""#text"":""S-1-5-21-2232410529-1445159330-2725690660-1108""},{""@Name"":""SubjectUserName"",""#text"":""mortysmith""},{""@Name"":""SubjectDomainName"",""#text"":""C137""},{""@Name"":""SubjectLogonId"",""#text"":""0x270257""},{""@Name"":""TargetName"",""#text"":""MicrosoftOffice*""},{""@Name"":""Type"",""#text"":""0""},{""@Name"":""CountOfCredentialsReturned"",""#text"":""0""},{""@Name"":""ReadOperation"",""#text"":""%%8100""},{""@Name"":""ReturnCode"",""#text"":""3221226021""},{""@Name"":""ProcessCreationTime"",""#text"":""2020-09-18 22:47:48.9760490""},{""@Name"":""ClientProcessId"",""#text"":""6828""}]}}"
1304,1304,2020-09-18 22:47:54.1152687,4797,LogAlways,Microsoft-Windows-Security-Auditing,Security,648,704,DESKTOP-SDN1RPT.C137.local,14,,An attempt was made to query the existence of a blank password for an account,C137\mortysmith (S-1-5-21-2232410529-1445159330-2725690660-1108),,Target: DESKTOP-SDN1RPT\Admin,SubjectLogonId: 0x270257,Workstation: DESKTOP-SDN1RPT,,,,,False,D:\Software\CTF\Misc\EvtxECmd\Security.evtx,Audit success,0,"{""EventData"":{""Data"":[{""@Name"":""SubjectUserSid"",""#text"":""S-1-5-21-2232410529-1445159330-2725690660-1108""},{""@Name"":""SubjectUserName"",""#text"":""mortysmith""},{""@Name"":""SubjectDomainName"",""#text"":""C137""},{""@Name"":""SubjectLogonId"",""#text"":""0x270257""},{""@Name"":""Workstation"",""#text"":""DESKTOP-SDN1RPT""},{""@Name"":""TargetUserName"",""#text"":""Admin""},{""@Name"":""TargetDomainName"",""#text"":""DESKTOP-SDN1RPT""}]}}"
1305,1305,2020-09-18 22:47:54.1166383,4797,LogAlways,Microsoft-Windows-Security-Auditing,Security,648,704,DESKTOP-SDN1RPT.C137.local,14,,An attempt was made to query the existence of a blank password for an account,C137\mortysmith (S-1-5-21-2232410529-1445159330-2725690660-1108),,Target: DESKTOP-SDN1RPT\Administrator,SubjectLogonId: 0x270257,Workstation: DESKTOP-SDN1RPT,,,,,False,D:\Software\CTF\Misc\EvtxECmd\Security.evtx,Audit success,0,"{""EventData"":{""Data"":[{""@Name"":""SubjectUserSid"",""#text"":""S-1-5-21-2232410529-1445159330-2725690660-1108""},{""@Name"":""SubjectUserName"",""#text"":""mortysmith""},{""@Name"":""SubjectDomainName"",""#text"":""C137""},{""@Name"":""SubjectLogonId"",""#text"":""0x270257""},{""@Name"":""Workstation"",""#text"":""DESKTOP-SDN1RPT""},{""@Name"":""TargetUserName"",""#text"":""Administrator""},{""@Name"":""TargetDomainName"",""#text"":""DESKTOP-SDN1RPT""}]}}"
1306,1306,2020-09-18 22:47:54.1176308,4797,LogAlways,Microsoft-Windows-Security-Auditing,Security,648,704,DESKTOP-SDN1RPT.C137.local,14,,An attempt was made to query the existence of a blank password for an account,C137\mortysmith (S-1-5-21-2232410529-1445159330-2725690660-1108),,Target: DESKTOP-SDN1RPT\DefaultAccount,SubjectLogonId: 0x270257,Workstation: DESKTOP-SDN1RPT,,,,,False,D:\Software\CTF\Misc\EvtxECmd\Security.evtx,Audit success,0,"{""EventData"":{""Data"":[{""@Name"":""SubjectUserSid"",""#text"":""S-1-5-21-2232410529-1445159330-2725690660-1108""},{""@Name"":""SubjectUserName"",""#text"":""mortysmith""},{""@Name"":""SubjectDomainName"",""#text"":""C137""},{""@Name"":""SubjectLogonId"",""#text"":""0x270257""},{""@Name"":""Workstation"",""#text"":""DESKTOP-SDN1RPT""},{""@Name"":""TargetUserName"",""#text"":""DefaultAccount""},{""@Name"":""TargetDomainName"",""#text"":""DESKTOP-SDN1RPT""}]}}"
1307,1307,2020-09-18 22:47:54.1186506,4797,LogAlways,Microsoft-Windows-Security-Auditing,Security,648,704,DESKTOP-SDN1RPT.C137.local,15,,An attempt was made to query the existence of a blank password for an account,C137\mortysmith (S-1-5-21-2232410529-1445159330-2725690660-1108),,Target: DESKTOP-SDN1RPT\Guest,SubjectLogonId: 0x270257,Workstation: DESKTOP-SDN1RPT,,,,,False,D:\Software\CTF\Misc\EvtxECmd\Security.evtx,Audit success,0,"{""EventData"":{""Data"":[{""@Name"":""SubjectUserSid"",""#text"":""S-1-5-21-2232410529-1445159330-2725690660-1108""},{""@Name"":""SubjectUserName"",""#text"":""mortysmith""},{""@Name"":""SubjectDomainName"",""#text"":""C137""},{""@Name"":""SubjectLogonId"",""#text"":""0x270257""},{""@Name"":""Workstation"",""#text"":""DESKTOP-SDN1RPT""},{""@Name"":""TargetUserName"",""#text"":""Guest""},{""@Name"":""TargetDomainName"",""#text"":""DESKTOP-SDN1RPT""}]}}"
1308,1308,2020-09-18 22:47:54.1206991,4797,LogAlways,Microsoft-Windows-Security-Auditing,Security,648,704,DESKTOP-SDN1RPT.C137.local,15,,An attempt was made to query the existence of a blank password for an account,C137\mortysmith (S-1-5-21-2232410529-1445159330-2725690660-1108),,Target: DESKTOP-SDN1RPT\WDAGUtilityAccount,SubjectLogonId: 0x270257,Workstation: DESKTOP-SDN1RPT,,,,,False,D:\Software\CTF\Misc\EvtxECmd\Security.evtx,Audit success,0,"{""EventData"":{""Data"":[{""@Name"":""SubjectUserSid"",""#text"":""S-1-5-21-2232410529-1445159330-2725690660-1108""},{""@Name"":""SubjectUserName"",""#text"":""mortysmith""},{""@Name"":""SubjectDomainName"",""#text"":""C137""},{""@Name"":""SubjectLogonId"",""#text"":""0x270257""},{""@Name"":""Workstation"",""#text"":""DESKTOP-SDN1RPT""},{""@Name"":""TargetUserName"",""#text"":""WDAGUtilityAccount""},{""@Name"":""TargetDomainName"",""#text"":""DESKTOP-SDN1RPT""}]}}"
1309,1309,2020-09-18 22:51:19.6068706,5382,LogAlways,Microsoft-Windows-Security-Auditing,Security,648,624,DESKTOP-SDN1RPT.C137.local,15,,,,,,,,,,,,False,D:\Software\CTF\Misc\EvtxECmd\Security.evtx,Audit success,0,"{""EventData"":{""Data"":[{""@Name"":""SubjectUserSid"",""#text"":""S-1-5-18""},{""@Name"":""SubjectUserName"",""#text"":""DESKTOP-SDN1RPT$""},{""@Name"":""SubjectDomainName"",""#text"":""C137""},{""@Name"":""SubjectLogonId"",""#text"":""0x3E7""},{""@Name"":""SchemaFriendlyName"",""#text"":""NGC Local Accoount Logon Vault Resource Schema""},{""@Name"":""Schema"",""#text"":""1d4350a3-330d-4af9-b3ff-a927a45998ac""},{""@Name"":""Resource"",""#text"":""NGC Local Accoount Logon Vault Resource""},{""@Name"":""Identity"",""#text"":""010500000000000515000000A1E10F85A261235624BD76A254040000""},{""@Name"":""PackageSid""},{""@Name"":""Flags"",""#text"":""0""},{""@Name"":""ReturnCode"",""#text"":""1168""},{""@Name"":""ProcessCreationTime"",""#text"":""2020-09-18 21:42:39.6868401""},{""@Name"":""ClientProcessId"",""#text"":""1060""}]}}"
1310,1310,2020-09-18 22:51:19.6163251,5382,LogAlways,Microsoft-Windows-Security-Auditing,Security,648,624,DESKTOP-SDN1RPT.C137.local,15,,,,,,,,,,,,False,D:\Software\CTF\Misc\EvtxECmd\Security.evtx,Audit success,0,"{""EventData"":{""Data"":[{""@Name"":""SubjectUserSid"",""#text"":""S-1-5-18""},{""@Name"":""SubjectUserName"",""#text"":""DESKTOP-SDN1RPT$""},{""@Name"":""SubjectDomainName"",""#text"":""C137""},{""@Name"":""SubjectLogonId"",""#text"":""0x3E7""},{""@Name"":""SchemaFriendlyName"",""#text"":""NGC Local Accoount Logon Vault Resource Schema""},{""@Name"":""Schema"",""#text"":""1d4350a3-330d-4af9-b3ff-a927a45998ac""},{""@Name"":""Resource"",""#text"":""NGC Local Accoount Logon Vault Resource""},{""@Name"":""Identity"",""#text"":""010500000000000515000000A1E10F85A261235624BD76A254040000""},{""@Name"":""PackageSid""},{""@Name"":""Flags"",""#text"":""0""},{""@Name"":""ReturnCode"",""#text"":""1168""},{""@Name"":""ProcessCreationTime"",""#text"":""2020-09-18 21:42:39.6868401""},{""@Name"":""ClientProcessId"",""#text"":""1060""}]}}"
1311,1311,2020-09-18 22:52:30.9383432,4647,LogAlways,Microsoft-Windows-Security-Auditing,Security,648,688,DESKTOP-SDN1RPT.C137.local,15,,User initiated logoff,Target: C137\mortysmith,,,,LogonId: 0x270257,,,,,False,D:\Software\CTF\Misc\EvtxECmd\Security.evtx,Audit success,0,"{""EventData"":{""Data"":[{""@Name"":""TargetUserSid"",""#text"":""S-1-5-21-2232410529-1445159330-2725690660-1108""},{""@Name"":""TargetUserName"",""#text"":""mortysmith""},{""@Name"":""TargetDomainName"",""#text"":""C137""},{""@Name"":""TargetLogonId"",""#text"":""0x270257""}]}}"
1312,1312,2020-09-18 22:52:31.0135716,4798,LogAlways,Microsoft-Windows-Security-Auditing,Security,648,704,DESKTOP-SDN1RPT.C137.local,15,,A user's local group membership was enumerated,C137\DESKTOP-SDN1RPT$ (S-1-5-18),,Target: DESKTOP-SDN1RPT\Admin (S-1-5-21-41211245-796119838-3940169921-1001),SubjectLogonId: 0x3E7,CallerProcessName: C:\Windows\System32\svchost.exe,CallerProcessId: 0x1C0,,,,False,D:\Software\CTF\Misc\EvtxECmd\Security.evtx,Audit success,0,"{""EventData"":{""Data"":[{""@Name"":""TargetUserName"",""#text"":""Admin""},{""@Name"":""TargetDomainName"",""#text"":""DESKTOP-SDN1RPT""},{""@Name"":""TargetSid"",""#text"":""S-1-5-21-41211245-796119838-3940169921-1001""},{""@Name"":""SubjectUserSid"",""#text"":""S-1-5-18""},{""@Name"":""SubjectUserName"",""#text"":""DESKTOP-SDN1RPT$""},{""@Name"":""SubjectDomainName"",""#text"":""C137""},{""@Name"":""SubjectLogonId"",""#text"":""0x3E7""},{""@Name"":""CallerProcessId"",""#text"":""0x1C0""},{""@Name"":""CallerProcessName"",""#text"":""C:\\Windows\\System32\\svchost.exe""}]}}"
1313,1313,2020-09-18 22:52:31.0138045,4798,LogAlways,Microsoft-Windows-Security-Auditing,Security,648,704,DESKTOP-SDN1RPT.C137.local,15,,A user's local group membership was enumerated,C137\DESKTOP-SDN1RPT$ (S-1-5-18),,Target: DESKTOP-SDN1RPT\Administrator (S-1-5-21-41211245-796119838-3940169921-500),SubjectLogonId: 0x3E7,CallerProcessName: C:\Windows\System32\svchost.exe,CallerProcessId: 0x1C0,,,,False,D:\Software\CTF\Misc\EvtxECmd\Security.evtx,Audit success,0,"{""EventData"":{""Data"":[{""@Name"":""TargetUserName"",""#text"":""Administrator""},{""@Name"":""TargetDomainName"",""#text"":""DESKTOP-SDN1RPT""},{""@Name"":""TargetSid"",""#text"":""S-1-5-21-41211245-796119838-3940169921-500""},{""@Name"":""SubjectUserSid"",""#text"":""S-1-5-18""},{""@Name"":""SubjectUserName"",""#text"":""DESKTOP-SDN1RPT$""},{""@Name"":""SubjectDomainName"",""#text"":""C137""},{""@Name"":""SubjectLogonId"",""#text"":""0x3E7""},{""@Name"":""CallerProcessId"",""#text"":""0x1C0""},{""@Name"":""CallerProcessName"",""#text"":""C:\\Windows\\System32\\svchost.exe""}]}}"
1314,1314,2020-09-18 22:52:31.0140325,4798,LogAlways,Microsoft-Windows-Security-Auditing,Security,648,704,DESKTOP-SDN1RPT.C137.local,15,,A user's local group membership was enumerated,C137\DESKTOP-SDN1RPT$ (S-1-5-18),,Target: DESKTOP-SDN1RPT\DefaultAccount (S-1-5-21-41211245-796119838-3940169921-503),SubjectLogonId: 0x3E7,CallerProcessName: C:\Windows\System32\svchost.exe,CallerProcessId: 0x1C0,,,,False,D:\Software\CTF\Misc\EvtxECmd\Security.evtx,Audit success,0,"{""EventData"":{""Data"":[{""@Name"":""TargetUserName"",""#text"":""DefaultAccount""},{""@Name"":""TargetDomainName"",""#text"":""DESKTOP-SDN1RPT""},{""@Name"":""TargetSid"",""#text"":""S-1-5-21-41211245-796119838-3940169921-503""},{""@Name"":""SubjectUserSid"",""#text"":""S-1-5-18""},{""@Name"":""SubjectUserName"",""#text"":""DESKTOP-SDN1RPT$""},{""@Name"":""SubjectDomainName"",""#text"":""C137""},{""@Name"":""SubjectLogonId"",""#text"":""0x3E7""},{""@Name"":""CallerProcessId"",""#text"":""0x1C0""},{""@Name"":""CallerProcessName"",""#text"":""C:\\Windows\\System32\\svchost.exe""}]}}"
1315,1315,2020-09-18 22:52:31.0142392,4798,LogAlways,Microsoft-Windows-Security-Auditing,Security,648,704,DESKTOP-SDN1RPT.C137.local,15,,A user's local group membership was enumerated,C137\DESKTOP-SDN1RPT$ (S-1-5-18),,Target: DESKTOP-SDN1RPT\Guest (S-1-5-21-41211245-796119838-3940169921-501),SubjectLogonId: 0x3E7,CallerProcessName: C:\Windows\System32\svchost.exe,CallerProcessId: 0x1C0,,,,False,D:\Software\CTF\Misc\EvtxECmd\Security.evtx,Audit success,0,"{""EventData"":{""Data"":[{""@Name"":""TargetUserName"",""#text"":""Guest""},{""@Name"":""TargetDomainName"",""#text"":""DESKTOP-SDN1RPT""},{""@Name"":""TargetSid"",""#text"":""S-1-5-21-41211245-796119838-3940169921-501""},{""@Name"":""SubjectUserSid"",""#text"":""S-1-5-18""},{""@Name"":""SubjectUserName"",""#text"":""DESKTOP-SDN1RPT$""},{""@Name"":""SubjectDomainName"",""#text"":""C137""},{""@Name"":""SubjectLogonId"",""#text"":""0x3E7""},{""@Name"":""CallerProcessId"",""#text"":""0x1C0""},{""@Name"":""CallerProcessName"",""#text"":""C:\\Windows\\System32\\svchost.exe""}]}}"
1316,1316,2020-09-18 22:52:31.0144708,4798,LogAlways,Microsoft-Windows-Security-Auditing,Security,648,704,DESKTOP-SDN1RPT.C137.local,15,,A user's local group membership was enumerated,C137\DESKTOP-SDN1RPT$ (S-1-5-18),,Target: DESKTOP-SDN1RPT\WDAGUtilityAccount (S-1-5-21-41211245-796119838-3940169921-504),SubjectLogonId: 0x3E7,CallerProcessName: C:\Windows\System32\svchost.exe,CallerProcessId: 0x1C0,,,,False,D:\Software\CTF\Misc\EvtxECmd\Security.evtx,Audit success,0,"{""EventData"":{""Data"":[{""@Name"":""TargetUserName"",""#text"":""WDAGUtilityAccount""},{""@Name"":""TargetDomainName"",""#text"":""DESKTOP-SDN1RPT""},{""@Name"":""TargetSid"",""#text"":""S-1-5-21-41211245-796119838-3940169921-504""},{""@Name"":""SubjectUserSid"",""#text"":""S-1-5-18""},{""@Name"":""SubjectUserName"",""#text"":""DESKTOP-SDN1RPT$""},{""@Name"":""SubjectDomainName"",""#text"":""C137""},{""@Name"":""SubjectLogonId"",""#text"":""0x3E7""},{""@Name"":""CallerProcessId"",""#text"":""0x1C0""},{""@Name"":""CallerProcessName"",""#text"":""C:\\Windows\\System32\\svchost.exe""}]}}"
1317,1317,2020-09-18 22:52:31.3517540,4634,LogAlways,Microsoft-Windows-Security-Auditing,Security,648,704,DESKTOP-SDN1RPT.C137.local,15,,An account was logged off,,,Target: Font Driver Host\UMFD-2,LogonType 2,LogonId: 0x268B9B,,,,,False,D:\Software\CTF\Misc\EvtxECmd\Security.evtx,Audit success,0,"{""EventData"":{""Data"":[{""@Name"":""TargetUserSid"",""#text"":""S-1-5-96-0-2""},{""@Name"":""TargetUserName"",""#text"":""UMFD-2""},{""@Name"":""TargetDomainName"",""#text"":""Font Driver Host""},{""@Name"":""TargetLogonId"",""#text"":""0x268B9B""},{""@Name"":""LogonType"",""#text"":""2""}]}}"
1318,1318,2020-09-18 22:52:31.4397918,4648,LogAlways,Microsoft-Windows-Security-Auditing,Security,648,688,DESKTOP-SDN1RPT.C137.local,15,,A logon was attempted using explicit credentials,C137\DESKTOP-SDN1RPT$,-:-,Target: Font Driver Host\UMFD-3,TargetServerName: localhost,PID: 0x1920,TargetInfo: localhost,,,C:\Windows\System32\winlogon.exe,False,D:\Software\CTF\Misc\EvtxECmd\Security.evtx,Audit success,0,"{""EventData"":{""Data"":[{""@Name"":""SubjectUserSid"",""#text"":""S-1-5-18""},{""@Name"":""SubjectUserName"",""#text"":""DESKTOP-SDN1RPT$""},{""@Name"":""SubjectDomainName"",""#text"":""C137""},{""@Name"":""SubjectLogonId"",""#text"":""0x3E7""},{""@Name"":""LogonGuid"",""#text"":""00000000-0000-0000-0000-000000000000""},{""@Name"":""TargetUserName"",""#text"":""UMFD-3""},{""@Name"":""TargetDomainName"",""#text"":""Font Driver Host""},{""@Name"":""TargetLogonGuid"",""#text"":""00000000-0000-0000-0000-000000000000""},{""@Name"":""TargetServerName"",""#text"":""localhost""},{""@Name"":""TargetInfo"",""#text"":""localhost""},{""@Name"":""ProcessId"",""#text"":""0x1920""},{""@Name"":""ProcessName"",""#text"":""C:\\Windows\\System32\\winlogon.exe""},{""@Name"":""IpAddress"",""#text"":""-""},{""@Name"":""IpPort"",""#text"":""-""}]}}"
1319,1319,2020-09-18 22:52:31.4398189,4624,LogAlways,Microsoft-Windows-Security-Auditing,Security,648,688,DESKTOP-SDN1RPT.C137.local,15,,Successful logon,C137\DESKTOP-SDN1RPT$,- (-),Target: Font Driver Host\UMFD-3,LogonType 2,LogonId: 0x423DDB,AuthenticationPackageName: Negotiate,"LogonProcessName: Advapi  ",,C:\Windows\System32\winlogon.exe,False,D:\Software\CTF\Misc\EvtxECmd\Security.evtx,Audit success,0,"{""EventData"":{""Data"":[{""@Name"":""SubjectUserSid"",""#text"":""S-1-5-18""},{""@Name"":""SubjectUserName"",""#text"":""DESKTOP-SDN1RPT$""},{""@Name"":""SubjectDomainName"",""#text"":""C137""},{""@Name"":""SubjectLogonId"",""#text"":""0x3E7""},{""@Name"":""TargetUserSid"",""#text"":""S-1-5-96-0-3""},{""@Name"":""TargetUserName"",""#text"":""UMFD-3""},{""@Name"":""TargetDomainName"",""#text"":""Font Driver Host""},{""@Name"":""TargetLogonId"",""#text"":""0x423DDB""},{""@Name"":""LogonType"",""#text"":""2""},{""@Name"":""LogonProcessName"",""#text"":""Advapi  ""},{""@Name"":""AuthenticationPackageName"",""#text"":""Negotiate""},{""@Name"":""WorkstationName"",""#text"":""-""},{""@Name"":""LogonGuid"",""#text"":""00000000-0000-0000-0000-000000000000""},{""@Name"":""TransmittedServices"",""#text"":""-""},{""@Name"":""LmPackageName"",""#text"":""-""},{""@Name"":""KeyLength"",""#text"":""0""},{""@Name"":""ProcessId"",""#text"":""0x1920""},{""@Name"":""ProcessName"",""#text"":""C:\\Windows\\System32\\winlogon.exe""},{""@Name"":""IpAddress"",""#text"":""-""},{""@Name"":""IpPort"",""#text"":""-""},{""@Name"":""ImpersonationLevel"",""#text"":""%%1833""},{""@Name"":""RestrictedAdminMode"",""#text"":""-""},{""@Name"":""TargetOutboundUserName"",""#text"":""-""},{""@Name"":""TargetOutboundDomainName"",""#text"":""-""},{""@Name"":""VirtualAccount"",""#text"":""%%1842""},{""@Name"":""TargetLinkedLogonId"",""#text"":""0x0""},{""@Name"":""ElevatedToken"",""#text"":""%%1843""}]}}"
1320,1320,2020-09-18 22:52:31.4906415,4648,LogAlways,Microsoft-Windows-Security-Auditing,Security,648,688,DESKTOP-SDN1RPT.C137.local,15,,A logon was attempted using explicit credentials,C137\DESKTOP-SDN1RPT$,-:-,Target: Window Manager\DWM-3,TargetServerName: localhost,PID: 0x1920,TargetInfo: localhost,,,C:\Windows\System32\winlogon.exe,False,D:\Software\CTF\Misc\EvtxECmd\Security.evtx,Audit success,0,"{""EventData"":{""Data"":[{""@Name"":""SubjectUserSid"",""#text"":""S-1-5-18""},{""@Name"":""SubjectUserName"",""#text"":""DESKTOP-SDN1RPT$""},{""@Name"":""SubjectDomainName"",""#text"":""C137""},{""@Name"":""SubjectLogonId"",""#text"":""0x3E7""},{""@Name"":""LogonGuid"",""#text"":""00000000-0000-0000-0000-000000000000""},{""@Name"":""TargetUserName"",""#text"":""DWM-3""},{""@Name"":""TargetDomainName"",""#text"":""Window Manager""},{""@Name"":""TargetLogonGuid"",""#text"":""00000000-0000-0000-0000-000000000000""},{""@Name"":""TargetServerName"",""#text"":""localhost""},{""@Name"":""TargetInfo"",""#text"":""localhost""},{""@Name"":""ProcessId"",""#text"":""0x1920""},{""@Name"":""ProcessName"",""#text"":""C:\\Windows\\System32\\winlogon.exe""},{""@Name"":""IpAddress"",""#text"":""-""},{""@Name"":""IpPort"",""#text"":""-""}]}}"
1321,1321,2020-09-18 22:52:31.4906603,4624,LogAlways,Microsoft-Windows-Security-Auditing,Security,648,688,DESKTOP-SDN1RPT.C137.local,15,,Successful logon,C137\DESKTOP-SDN1RPT$,- (-),Target: Window Manager\DWM-3,LogonType 2,LogonId: 0x42422B,AuthenticationPackageName: Negotiate,"LogonProcessName: Advapi  ",,C:\Windows\System32\winlogon.exe,False,D:\Software\CTF\Misc\EvtxECmd\Security.evtx,Audit success,0,"{""EventData"":{""Data"":[{""@Name"":""SubjectUserSid"",""#text"":""S-1-5-18""},{""@Name"":""SubjectUserName"",""#text"":""DESKTOP-SDN1RPT$""},{""@Name"":""SubjectDomainName"",""#text"":""C137""},{""@Name"":""SubjectLogonId"",""#text"":""0x3E7""},{""@Name"":""TargetUserSid"",""#text"":""S-1-5-90-0-3""},{""@Name"":""TargetUserName"",""#text"":""DWM-3""},{""@Name"":""TargetDomainName"",""#text"":""Window Manager""},{""@Name"":""TargetLogonId"",""#text"":""0x42422B""},{""@Name"":""LogonType"",""#text"":""2""},{""@Name"":""LogonProcessName"",""#text"":""Advapi  ""},{""@Name"":""AuthenticationPackageName"",""#text"":""Negotiate""},{""@Name"":""WorkstationName"",""#text"":""-""},{""@Name"":""LogonGuid"",""#text"":""00000000-0000-0000-0000-000000000000""},{""@Name"":""TransmittedServices"",""#text"":""-""},{""@Name"":""LmPackageName"",""#text"":""-""},{""@Name"":""KeyLength"",""#text"":""0""},{""@Name"":""ProcessId"",""#text"":""0x1920""},{""@Name"":""ProcessName"",""#text"":""C:\\Windows\\System32\\winlogon.exe""},{""@Name"":""IpAddress"",""#text"":""-""},{""@Name"":""IpPort"",""#text"":""-""},{""@Name"":""ImpersonationLevel"",""#text"":""%%1833""},{""@Name"":""RestrictedAdminMode"",""#text"":""-""},{""@Name"":""TargetOutboundUserName"",""#text"":""-""},{""@Name"":""TargetOutboundDomainName"",""#text"":""-""},{""@Name"":""VirtualAccount"",""#text"":""%%1842""},{""@Name"":""TargetLinkedLogonId"",""#text"":""0x424403""},{""@Name"":""ElevatedToken"",""#text"":""%%1842""}]}}"
1322,1322,2020-09-18 22:52:31.4906768,4624,LogAlways,Microsoft-Windows-Security-Auditing,Security,648,688,DESKTOP-SDN1RPT.C137.local,15,,Successful logon,C137\DESKTOP-SDN1RPT$,- (-),Target: Window Manager\DWM-3,LogonType 2,LogonId: 0x424403,AuthenticationPackageName: Negotiate,"LogonProcessName: Advapi  ",,C:\Windows\System32\winlogon.exe,False,D:\Software\CTF\Misc\EvtxECmd\Security.evtx,Audit success,0,"{""EventData"":{""Data"":[{""@Name"":""SubjectUserSid"",""#text"":""S-1-5-18""},{""@Name"":""SubjectUserName"",""#text"":""DESKTOP-SDN1RPT$""},{""@Name"":""SubjectDomainName"",""#text"":""C137""},{""@Name"":""SubjectLogonId"",""#text"":""0x3E7""},{""@Name"":""TargetUserSid"",""#text"":""S-1-5-90-0-3""},{""@Name"":""TargetUserName"",""#text"":""DWM-3""},{""@Name"":""TargetDomainName"",""#text"":""Window Manager""},{""@Name"":""TargetLogonId"",""#text"":""0x424403""},{""@Name"":""LogonType"",""#text"":""2""},{""@Name"":""LogonProcessName"",""#text"":""Advapi  ""},{""@Name"":""AuthenticationPackageName"",""#text"":""Negotiate""},{""@Name"":""WorkstationName"",""#text"":""-""},{""@Name"":""LogonGuid"",""#text"":""00000000-0000-0000-0000-000000000000""},{""@Name"":""TransmittedServices"",""#text"":""-""},{""@Name"":""LmPackageName"",""#text"":""-""},{""@Name"":""KeyLength"",""#text"":""0""},{""@Name"":""ProcessId"",""#text"":""0x1920""},{""@Name"":""ProcessName"",""#text"":""C:\\Windows\\System32\\winlogon.exe""},{""@Name"":""IpAddress"",""#text"":""-""},{""@Name"":""IpPort"",""#text"":""-""},{""@Name"":""ImpersonationLevel"",""#text"":""%%1833""},{""@Name"":""RestrictedAdminMode"",""#text"":""-""},{""@Name"":""TargetOutboundUserName"",""#text"":""-""},{""@Name"":""TargetOutboundDomainName"",""#text"":""-""},{""@Name"":""VirtualAccount"",""#text"":""%%1842""},{""@Name"":""TargetLinkedLogonId"",""#text"":""0x42422B""},{""@Name"":""ElevatedToken"",""#text"":""%%1843""}]}}"
1323,1323,2020-09-18 22:52:31.4906818,4672,LogAlways,Microsoft-Windows-Security-Auditing,Security,648,688,DESKTOP-SDN1RPT.C137.local,15,,Administrative logon,Window Manager\DWM-3 (S-1-5-90-0-3),,"PrivilegeList: SeAssignPrimaryTokenPrivilege, SeAuditPrivilege, SeImpersonatePrivilege",LogonId: 0x42422B,,,,,,False,D:\Software\CTF\Misc\EvtxECmd\Security.evtx,Audit success,0,"{""EventData"":{""Data"":[{""@Name"":""SubjectUserSid"",""#text"":""S-1-5-90-0-3""},{""@Name"":""SubjectUserName"",""#text"":""DWM-3""},{""@Name"":""SubjectDomainName"",""#text"":""Window Manager""},{""@Name"":""SubjectLogonId"",""#text"":""0x42422B""},{""@Name"":""PrivilegeList"",""#text"":""SeAssignPrimaryTokenPrivilege, SeAuditPrivilege, SeImpersonatePrivilege""}]}}"
1324,1324,2020-09-18 22:52:31.4906835,4672,LogAlways,Microsoft-Windows-Security-Auditing,Security,648,688,DESKTOP-SDN1RPT.C137.local,15,,Administrative logon,Window Manager\DWM-3 (S-1-5-90-0-3),,"PrivilegeList: SeAssignPrimaryTokenPrivilege, SeAuditPrivilege",LogonId: 0x424403,,,,,,False,D:\Software\CTF\Misc\EvtxECmd\Security.evtx,Audit success,0,"{""EventData"":{""Data"":[{""@Name"":""SubjectUserSid"",""#text"":""S-1-5-90-0-3""},{""@Name"":""SubjectUserName"",""#text"":""DWM-3""},{""@Name"":""SubjectDomainName"",""#text"":""Window Manager""},{""@Name"":""SubjectLogonId"",""#text"":""0x424403""},{""@Name"":""PrivilegeList"",""#text"":""SeAssignPrimaryTokenPrivilege, SeAuditPrivilege""}]}}"
1325,1325,2020-09-18 22:52:31.5316120,4624,LogAlways,Microsoft-Windows-Security-Auditing,Security,648,688,DESKTOP-SDN1RPT.C137.local,15,,Successful logon,C137\DESKTOP-SDN1RPT$,- (-),Target: NT AUTHORITY\SYSTEM,LogonType 5,LogonId: 0x3E7,AuthenticationPackageName: Negotiate,"LogonProcessName: Advapi  ",,C:\Windows\System32\services.exe,False,D:\Software\CTF\Misc\EvtxECmd\Security.evtx,Audit success,0,"{""EventData"":{""Data"":[{""@Name"":""SubjectUserSid"",""#text"":""S-1-5-18""},{""@Name"":""SubjectUserName"",""#text"":""DESKTOP-SDN1RPT$""},{""@Name"":""SubjectDomainName"",""#text"":""C137""},{""@Name"":""SubjectLogonId"",""#text"":""0x3E7""},{""@Name"":""TargetUserSid"",""#text"":""S-1-5-18""},{""@Name"":""TargetUserName"",""#text"":""SYSTEM""},{""@Name"":""TargetDomainName"",""#text"":""NT AUTHORITY""},{""@Name"":""TargetLogonId"",""#text"":""0x3E7""},{""@Name"":""LogonType"",""#text"":""5""},{""@Name"":""LogonProcessName"",""#text"":""Advapi  ""},{""@Name"":""AuthenticationPackageName"",""#text"":""Negotiate""},{""@Name"":""WorkstationName"",""#text"":""-""},{""@Name"":""LogonGuid"",""#text"":""00000000-0000-0000-0000-000000000000""},{""@Name"":""TransmittedServices"",""#text"":""-""},{""@Name"":""LmPackageName"",""#text"":""-""},{""@Name"":""KeyLength"",""#text"":""0""},{""@Name"":""ProcessId"",""#text"":""0x280""},{""@Name"":""ProcessName"",""#text"":""C:\\Windows\\System32\\services.exe""},{""@Name"":""IpAddress"",""#text"":""-""},{""@Name"":""IpPort"",""#text"":""-""},{""@Name"":""ImpersonationLevel"",""#text"":""%%1833""},{""@Name"":""RestrictedAdminMode"",""#text"":""-""},{""@Name"":""TargetOutboundUserName"",""#text"":""-""},{""@Name"":""TargetOutboundDomainName"",""#text"":""-""},{""@Name"":""VirtualAccount"",""#text"":""%%1843""},{""@Name"":""TargetLinkedLogonId"",""#text"":""0x0""},{""@Name"":""ElevatedToken"",""#text"":""%%1842""}]}}"
1326,1326,2020-09-18 22:52:31.5316170,4672,LogAlways,Microsoft-Windows-Security-Auditing,Security,648,688,DESKTOP-SDN1RPT.C137.local,15,,Administrative logon,NT AUTHORITY\SYSTEM (S-1-5-18),,"PrivilegeList: SeAssignPrimaryTokenPrivilege, SeTcbPrivilege, SeSecurityPrivilege, SeTakeOwnershipPrivilege, SeLoadDriverPrivilege, SeBackupPrivilege, SeRestorePrivilege, SeDebugPrivilege, SeAuditPrivilege, SeSystemEnvironmentPrivilege, SeImpersonatePrivilege, SeDelegateSessionUserImpersonatePrivilege",LogonId: 0x3E7,,,,,,False,D:\Software\CTF\Misc\EvtxECmd\Security.evtx,Audit success,0,"{""EventData"":{""Data"":[{""@Name"":""SubjectUserSid"",""#text"":""S-1-5-18""},{""@Name"":""SubjectUserName"",""#text"":""SYSTEM""},{""@Name"":""SubjectDomainName"",""#text"":""NT AUTHORITY""},{""@Name"":""SubjectLogonId"",""#text"":""0x3E7""},{""@Name"":""PrivilegeList"",""#text"":""SeAssignPrimaryTokenPrivilege, SeTcbPrivilege, SeSecurityPrivilege, SeTakeOwnershipPrivilege, SeLoadDriverPrivilege, SeBackupPrivilege, SeRestorePrivilege, SeDebugPrivilege, SeAuditPrivilege, SeSystemEnvironmentPrivilege, SeImpersonatePrivilege, SeDelegateSessionUserImpersonatePrivilege""}]}}"
1327,1327,2020-09-18 22:52:31.9367638,5382,LogAlways,Microsoft-Windows-Security-Auditing,Security,648,624,DESKTOP-SDN1RPT.C137.local,15,,,,,,,,,,,,False,D:\Software\CTF\Misc\EvtxECmd\Security.evtx,Audit success,0,"{""EventData"":{""Data"":[{""@Name"":""SubjectUserSid"",""#text"":""S-1-5-18""},{""@Name"":""SubjectUserName"",""#text"":""DESKTOP-SDN1RPT$""},{""@Name"":""SubjectDomainName"",""#text"":""C137""},{""@Name"":""SubjectLogonId"",""#text"":""0x3E7""},{""@Name"":""SchemaFriendlyName"",""#text"":""NGC Local Accoount Logon Vault Resource Schema""},{""@Name"":""Schema"",""#text"":""1d4350a3-330d-4af9-b3ff-a927a45998ac""},{""@Name"":""Resource"",""#text"":""NGC Local Accoount Logon Vault Resource""},{""@Name"":""Identity"",""#text"":""010500000000000515000000A1E10F85A261235624BD76A254040000""},{""@Name"":""PackageSid""},{""@Name"":""Flags"",""#text"":""0""},{""@Name"":""ReturnCode"",""#text"":""1168""},{""@Name"":""ProcessCreationTime"",""#text"":""2020-09-18 21:42:39.6868401""},{""@Name"":""ClientProcessId"",""#text"":""1060""}]}}"
1328,1328,2020-09-18 22:52:32.6194972,4634,LogAlways,Microsoft-Windows-Security-Auditing,Security,648,688,DESKTOP-SDN1RPT.C137.local,15,,An account was logged off,,,Target: Window Manager\DWM-2,LogonType 2,LogonId: 0x268FEA,,,,,False,D:\Software\CTF\Misc\EvtxECmd\Security.evtx,Audit success,0,"{""EventData"":{""Data"":[{""@Name"":""TargetUserSid"",""#text"":""S-1-5-90-0-2""},{""@Name"":""TargetUserName"",""#text"":""DWM-2""},{""@Name"":""TargetDomainName"",""#text"":""Window Manager""},{""@Name"":""TargetLogonId"",""#text"":""0x268FEA""},{""@Name"":""LogonType"",""#text"":""2""}]}}"
1329,1329,2020-09-18 22:52:32.6195619,4634,LogAlways,Microsoft-Windows-Security-Auditing,Security,648,688,DESKTOP-SDN1RPT.C137.local,15,,An account was logged off,,,Target: Window Manager\DWM-2,LogonType 2,LogonId: 0x268FD2,,,,,False,D:\Software\CTF\Misc\EvtxECmd\Security.evtx,Audit success,0,"{""EventData"":{""Data"":[{""@Name"":""TargetUserSid"",""#text"":""S-1-5-90-0-2""},{""@Name"":""TargetUserName"",""#text"":""DWM-2""},{""@Name"":""TargetDomainName"",""#text"":""Window Manager""},{""@Name"":""TargetLogonId"",""#text"":""0x268FD2""},{""@Name"":""LogonType"",""#text"":""2""}]}}"
1330,1330,2020-09-18 22:52:49.5886350,4648,LogAlways,Microsoft-Windows-Security-Auditing,Security,648,624,DESKTOP-SDN1RPT.C137.local,15,,A logon was attempted using explicit credentials,C137\DESKTOP-SDN1RPT$,127.0.0.1:0,Target: C137\ricksanchez,TargetServerName: localhost,PID: 0x1C0,TargetInfo: localhost,,,C:\Windows\System32\svchost.exe,False,D:\Software\CTF\Misc\EvtxECmd\Security.evtx,Audit success,0,"{""EventData"":{""Data"":[{""@Name"":""SubjectUserSid"",""#text"":""S-1-5-18""},{""@Name"":""SubjectUserName"",""#text"":""DESKTOP-SDN1RPT$""},{""@Name"":""SubjectDomainName"",""#text"":""C137""},{""@Name"":""SubjectLogonId"",""#text"":""0x3E7""},{""@Name"":""LogonGuid"",""#text"":""00000000-0000-0000-0000-000000000000""},{""@Name"":""TargetUserName"",""#text"":""ricksanchez""},{""@Name"":""TargetDomainName"",""#text"":""C137""},{""@Name"":""TargetLogonGuid"",""#text"":""ff43343d-d78b-df73-57ac-cb1338a5e9e5""},{""@Name"":""TargetServerName"",""#text"":""localhost""},{""@Name"":""TargetInfo"",""#text"":""localhost""},{""@Name"":""ProcessId"",""#text"":""0x1C0""},{""@Name"":""ProcessName"",""#text"":""C:\\Windows\\System32\\svchost.exe""},{""@Name"":""IpAddress"",""#text"":""127.0.0.1""},{""@Name"":""IpPort"",""#text"":""0""}]}}"
1331,1331,2020-09-18 22:52:49.5886491,4624,LogAlways,Microsoft-Windows-Security-Auditing,Security,648,624,DESKTOP-SDN1RPT.C137.local,15,,Successful logon,C137\DESKTOP-SDN1RPT$,DESKTOP-SDN1RPT (127.0.0.1),Target: C137\ricksanchez,LogonType 2,LogonId: 0x438E75,AuthenticationPackageName: Negotiate,"LogonProcessName: User32 ",,C:\Windows\System32\svchost.exe,False,D:\Software\CTF\Misc\EvtxECmd\Security.evtx,Audit success,0,"{""EventData"":{""Data"":[{""@Name"":""SubjectUserSid"",""#text"":""S-1-5-18""},{""@Name"":""SubjectUserName"",""#text"":""DESKTOP-SDN1RPT$""},{""@Name"":""SubjectDomainName"",""#text"":""C137""},{""@Name"":""SubjectLogonId"",""#text"":""0x3E7""},{""@Name"":""TargetUserSid"",""#text"":""S-1-5-21-2232410529-1445159330-2725690660-1106""},{""@Name"":""TargetUserName"",""#text"":""ricksanchez""},{""@Name"":""TargetDomainName"",""#text"":""C137""},{""@Name"":""TargetLogonId"",""#text"":""0x438E75""},{""@Name"":""LogonType"",""#text"":""2""},{""@Name"":""LogonProcessName"",""#text"":""User32 ""},{""@Name"":""AuthenticationPackageName"",""#text"":""Negotiate""},{""@Name"":""WorkstationName"",""#text"":""DESKTOP-SDN1RPT""},{""@Name"":""LogonGuid"",""#text"":""ff43343d-d78b-df73-57ac-cb1338a5e9e5""},{""@Name"":""TransmittedServices"",""#text"":""-""},{""@Name"":""LmPackageName"",""#text"":""-""},{""@Name"":""KeyLength"",""#text"":""0""},{""@Name"":""ProcessId"",""#text"":""0x1C0""},{""@Name"":""ProcessName"",""#text"":""C:\\Windows\\System32\\svchost.exe""},{""@Name"":""IpAddress"",""#text"":""127.0.0.1""},{""@Name"":""IpPort"",""#text"":""0""},{""@Name"":""ImpersonationLevel"",""#text"":""%%1833""},{""@Name"":""RestrictedAdminMode"",""#text"":""-""},{""@Name"":""TargetOutboundUserName"",""#text"":""-""},{""@Name"":""TargetOutboundDomainName"",""#text"":""-""},{""@Name"":""VirtualAccount"",""#text"":""%%1843""},{""@Name"":""TargetLinkedLogonId"",""#text"":""0x438EA2""},{""@Name"":""ElevatedToken"",""#text"":""%%1842""}]}}"
1332,1332,2020-09-18 22:52:49.5886603,4624,LogAlways,Microsoft-Windows-Security-Auditing,Security,648,624,DESKTOP-SDN1RPT.C137.local,15,,Successful logon,C137\DESKTOP-SDN1RPT$,DESKTOP-SDN1RPT (127.0.0.1),Target: C137\ricksanchez,LogonType 2,LogonId: 0x438EA2,AuthenticationPackageName: Negotiate,"LogonProcessName: User32 ",,C:\Windows\System32\svchost.exe,False,D:\Software\CTF\Misc\EvtxECmd\Security.evtx,Audit success,0,"{""EventData"":{""Data"":[{""@Name"":""SubjectUserSid"",""#text"":""S-1-5-18""},{""@Name"":""SubjectUserName"",""#text"":""DESKTOP-SDN1RPT$""},{""@Name"":""SubjectDomainName"",""#text"":""C137""},{""@Name"":""SubjectLogonId"",""#text"":""0x3E7""},{""@Name"":""TargetUserSid"",""#text"":""S-1-5-21-2232410529-1445159330-2725690660-1106""},{""@Name"":""TargetUserName"",""#text"":""ricksanchez""},{""@Name"":""TargetDomainName"",""#text"":""C137""},{""@Name"":""TargetLogonId"",""#text"":""0x438EA2""},{""@Name"":""LogonType"",""#text"":""2""},{""@Name"":""LogonProcessName"",""#text"":""User32 ""},{""@Name"":""AuthenticationPackageName"",""#text"":""Negotiate""},{""@Name"":""WorkstationName"",""#text"":""DESKTOP-SDN1RPT""},{""@Name"":""LogonGuid"",""#text"":""00000000-0000-0000-0000-000000000000""},{""@Name"":""TransmittedServices"",""#text"":""-""},{""@Name"":""LmPackageName"",""#text"":""-""},{""@Name"":""KeyLength"",""#text"":""0""},{""@Name"":""ProcessId"",""#text"":""0x1C0""},{""@Name"":""ProcessName"",""#text"":""C:\\Windows\\System32\\svchost.exe""},{""@Name"":""IpAddress"",""#text"":""127.0.0.1""},{""@Name"":""IpPort"",""#text"":""0""},{""@Name"":""ImpersonationLevel"",""#text"":""%%1833""},{""@Name"":""RestrictedAdminMode"",""#text"":""-""},{""@Name"":""TargetOutboundUserName"",""#text"":""-""},{""@Name"":""TargetOutboundDomainName"",""#text"":""-""},{""@Name"":""VirtualAccount"",""#text"":""%%1843""},{""@Name"":""TargetLinkedLogonId"",""#text"":""0x438E75""},{""@Name"":""ElevatedToken"",""#text"":""%%1843""}]}}"
1333,1333,2020-09-18 22:52:49.5886644,4672,LogAlways,Microsoft-Windows-Security-Auditing,Security,648,624,DESKTOP-SDN1RPT.C137.local,15,,Administrative logon,C137\ricksanchez (S-1-5-21-2232410529-1445159330-2725690660-1106),,"PrivilegeList: SeSecurityPrivilege, SeTakeOwnershipPrivilege, SeLoadDriverPrivilege, SeBackupPrivilege, SeRestorePrivilege, SeDebugPrivilege, SeSystemEnvironmentPrivilege, SeImpersonatePrivilege, SeDelegateSessionUserImpersonatePrivilege",LogonId: 0x438E75,,,,,,False,D:\Software\CTF\Misc\EvtxECmd\Security.evtx,Audit success,0,"{""EventData"":{""Data"":[{""@Name"":""SubjectUserSid"",""#text"":""S-1-5-21-2232410529-1445159330-2725690660-1106""},{""@Name"":""SubjectUserName"",""#text"":""ricksanchez""},{""@Name"":""SubjectDomainName"",""#text"":""C137""},{""@Name"":""SubjectLogonId"",""#text"":""0x438E75""},{""@Name"":""PrivilegeList"",""#text"":""SeSecurityPrivilege, SeTakeOwnershipPrivilege, SeLoadDriverPrivilege, SeBackupPrivilege, SeRestorePrivilege, SeDebugPrivilege, SeSystemEnvironmentPrivilege, SeImpersonatePrivilege, SeDelegateSessionUserImpersonatePrivilege""}]}}"
1334,1334,2020-09-18 22:52:49.6276675,4799,LogAlways,Microsoft-Windows-Security-Auditing,Security,648,704,DESKTOP-SDN1RPT.C137.local,15,,A security-enabled local group membership was enumerated,C137\DESKTOP-SDN1RPT$ (S-1-5-18),,Target: Builtin\Administrators (S-1-5-32-544),SubjectLogonId: 0x3E7,CallerProcessName: C:\Windows\System32\svchost.exe,CallerProcessId: 0x1C0,,,,False,D:\Software\CTF\Misc\EvtxECmd\Security.evtx,Audit success,0,"{""EventData"":{""Data"":[{""@Name"":""TargetUserName"",""#text"":""Administrators""},{""@Name"":""TargetDomainName"",""#text"":""Builtin""},{""@Name"":""TargetSid"",""#text"":""S-1-5-32-544""},{""@Name"":""SubjectUserSid"",""#text"":""S-1-5-18""},{""@Name"":""SubjectUserName"",""#text"":""DESKTOP-SDN1RPT$""},{""@Name"":""SubjectDomainName"",""#text"":""C137""},{""@Name"":""SubjectLogonId"",""#text"":""0x3E7""},{""@Name"":""CallerProcessId"",""#text"":""0x1C0""},{""@Name"":""CallerProcessName"",""#text"":""C:\\Windows\\System32\\svchost.exe""}]}}"
1335,1335,2020-09-18 22:52:49.9002802,5058,LogAlways,Microsoft-Windows-Security-Auditing,Security,648,704,DESKTOP-SDN1RPT.C137.local,15,,,,,,,,,,,,False,D:\Software\CTF\Misc\EvtxECmd\Security.evtx,Audit success,0,"{""EventData"":{""Data"":[{""@Name"":""SubjectUserSid"",""#text"":""S-1-5-21-2232410529-1445159330-2725690660-1106""},{""@Name"":""SubjectUserName"",""#text"":""ricksanchez""},{""@Name"":""SubjectDomainName"",""#text"":""C137""},{""@Name"":""SubjectLogonId"",""#text"":""0x438EA2""},{""@Name"":""ClientProcessId"",""#text"":""5912""},{""@Name"":""ClientCreationTime"",""#text"":""2020-09-18 22:52:49.6985199""},{""@Name"":""ProviderName"",""#text"":""Microsoft Software Key Storage Provider""},{""@Name"":""AlgorithmName"",""#text"":""UNKNOWN""},{""@Name"":""KeyName"",""#text"":""Microsoft Connected Devices Platform device certificate""},{""@Name"":""KeyType"",""#text"":""%%2500""},{""@Name"":""KeyFilePath"",""#text"":""C:\\Users\\ricksanchez\\AppData\\Roaming\\Microsoft\\Crypto\\Keys\\de7cf8a7901d2ad13e5c67c29e5d1662_511cefa6-2706-41b2-b1d8-b70acd58c1f3""},{""@Name"":""Operation"",""#text"":""%%2458""},{""@Name"":""ReturnCode"",""#text"":""0x0""}]}}"
1336,1336,2020-09-18 22:52:49.9005756,5061,LogAlways,Microsoft-Windows-Security-Auditing,Security,648,704,DESKTOP-SDN1RPT.C137.local,15,,,,,,,,,,,,False,D:\Software\CTF\Misc\EvtxECmd\Security.evtx,Audit success,0,"{""EventData"":{""Data"":[{""@Name"":""SubjectUserSid"",""#text"":""S-1-5-21-2232410529-1445159330-2725690660-1106""},{""@Name"":""SubjectUserName"",""#text"":""ricksanchez""},{""@Name"":""SubjectDomainName"",""#text"":""C137""},{""@Name"":""SubjectLogonId"",""#text"":""0x438EA2""},{""@Name"":""ProviderName"",""#text"":""Microsoft Software Key Storage Provider""},{""@Name"":""AlgorithmName"",""#text"":""ECDSA_P256""},{""@Name"":""KeyName"",""#text"":""Microsoft Connected Devices Platform device certificate""},{""@Name"":""KeyType"",""#text"":""%%2500""},{""@Name"":""Operation"",""#text"":""%%2480""},{""@Name"":""ReturnCode"",""#text"":""0x0""}]}}"
1337,1337,2020-09-18 22:52:49.9009138,5059,LogAlways,Microsoft-Windows-Security-Auditing,Security,648,704,DESKTOP-SDN1RPT.C137.local,15,,,,,,,,,,,,False,D:\Software\CTF\Misc\EvtxECmd\Security.evtx,Audit success,0,"{""EventData"":{""Data"":[{""@Name"":""SubjectUserSid"",""#text"":""S-1-5-21-2232410529-1445159330-2725690660-1106""},{""@Name"":""SubjectUserName"",""#text"":""ricksanchez""},{""@Name"":""SubjectDomainName"",""#text"":""C137""},{""@Name"":""SubjectLogonId"",""#text"":""0x438EA2""},{""@Name"":""ClientProcessId"",""#text"":""5912""},{""@Name"":""ClientCreationTime"",""#text"":""2020-09-18 22:52:49.6985199""},{""@Name"":""ProviderName"",""#text"":""Microsoft Software Key Storage Provider""},{""@Name"":""AlgorithmName"",""#text"":""ECDSA_P256""},{""@Name"":""KeyName"",""#text"":""Microsoft Connected Devices Platform device certificate""},{""@Name"":""KeyType"",""#text"":""%%2500""},{""@Name"":""Operation"",""#text"":""%%2464""},{""@Name"":""ReturnCode"",""#text"":""0x0""}]}}"
1338,1338,2020-09-18 22:52:51.6059508,4624,LogAlways,Microsoft-Windows-Security-Auditing,Security,648,624,DESKTOP-SDN1RPT.C137.local,15,,Successful logon,C137\DESKTOP-SDN1RPT$,- (-),Target: NT AUTHORITY\SYSTEM,LogonType 5,LogonId: 0x3E7,AuthenticationPackageName: Negotiate,"LogonProcessName: Advapi  ",,C:\Windows\System32\services.exe,False,D:\Software\CTF\Misc\EvtxECmd\Security.evtx,Audit success,0,"{""EventData"":{""Data"":[{""@Name"":""SubjectUserSid"",""#text"":""S-1-5-18""},{""@Name"":""SubjectUserName"",""#text"":""DESKTOP-SDN1RPT$""},{""@Name"":""SubjectDomainName"",""#text"":""C137""},{""@Name"":""SubjectLogonId"",""#text"":""0x3E7""},{""@Name"":""TargetUserSid"",""#text"":""S-1-5-18""},{""@Name"":""TargetUserName"",""#text"":""SYSTEM""},{""@Name"":""TargetDomainName"",""#text"":""NT AUTHORITY""},{""@Name"":""TargetLogonId"",""#text"":""0x3E7""},{""@Name"":""LogonType"",""#text"":""5""},{""@Name"":""LogonProcessName"",""#text"":""Advapi  ""},{""@Name"":""AuthenticationPackageName"",""#text"":""Negotiate""},{""@Name"":""WorkstationName"",""#text"":""-""},{""@Name"":""LogonGuid"",""#text"":""00000000-0000-0000-0000-000000000000""},{""@Name"":""TransmittedServices"",""#text"":""-""},{""@Name"":""LmPackageName"",""#text"":""-""},{""@Name"":""KeyLength"",""#text"":""0""},{""@Name"":""ProcessId"",""#text"":""0x280""},{""@Name"":""ProcessName"",""#text"":""C:\\Windows\\System32\\services.exe""},{""@Name"":""IpAddress"",""#text"":""-""},{""@Name"":""IpPort"",""#text"":""-""},{""@Name"":""ImpersonationLevel"",""#text"":""%%1833""},{""@Name"":""RestrictedAdminMode"",""#text"":""-""},{""@Name"":""TargetOutboundUserName"",""#text"":""-""},{""@Name"":""TargetOutboundDomainName"",""#text"":""-""},{""@Name"":""VirtualAccount"",""#text"":""%%1843""},{""@Name"":""TargetLinkedLogonId"",""#text"":""0x0""},{""@Name"":""ElevatedToken"",""#text"":""%%1842""}]}}"
1339,1339,2020-09-18 22:52:51.6059594,4672,LogAlways,Microsoft-Windows-Security-Auditing,Security,648,624,DESKTOP-SDN1RPT.C137.local,15,,Administrative logon,NT AUTHORITY\SYSTEM (S-1-5-18),,"PrivilegeList: SeAssignPrimaryTokenPrivilege, SeTcbPrivilege, SeSecurityPrivilege, SeTakeOwnershipPrivilege, SeLoadDriverPrivilege, SeBackupPrivilege, SeRestorePrivilege, SeDebugPrivilege, SeAuditPrivilege, SeSystemEnvironmentPrivilege, SeImpersonatePrivilege, SeDelegateSessionUserImpersonatePrivilege",LogonId: 0x3E7,,,,,,False,D:\Software\CTF\Misc\EvtxECmd\Security.evtx,Audit success,0,"{""EventData"":{""Data"":[{""@Name"":""SubjectUserSid"",""#text"":""S-1-5-18""},{""@Name"":""SubjectUserName"",""#text"":""SYSTEM""},{""@Name"":""SubjectDomainName"",""#text"":""NT AUTHORITY""},{""@Name"":""SubjectLogonId"",""#text"":""0x3E7""},{""@Name"":""PrivilegeList"",""#text"":""SeAssignPrimaryTokenPrivilege, SeTcbPrivilege, SeSecurityPrivilege, SeTakeOwnershipPrivilege, SeLoadDriverPrivilege, SeBackupPrivilege, SeRestorePrivilege, SeDebugPrivilege, SeAuditPrivilege, SeSystemEnvironmentPrivilege, SeImpersonatePrivilege, SeDelegateSessionUserImpersonatePrivilege""}]}}"
1340,1340,2020-09-18 22:52:52.9939901,5058,LogAlways,Microsoft-Windows-Security-Auditing,Security,648,4612,DESKTOP-SDN1RPT.C137.local,15,,,,,,,,,,,,False,D:\Software\CTF\Misc\EvtxECmd\Security.evtx,Audit success,0,"{""EventData"":{""Data"":[{""@Name"":""SubjectUserSid"",""#text"":""S-1-5-21-2232410529-1445159330-2725690660-1106""},{""@Name"":""SubjectUserName"",""#text"":""ricksanchez""},{""@Name"":""SubjectDomainName"",""#text"":""C137""},{""@Name"":""SubjectLogonId"",""#text"":""0x438EA2""},{""@Name"":""ClientProcessId"",""#text"":""5208""},{""@Name"":""ClientCreationTime"",""#text"":""2020-09-18 22:52:51.9828993""},{""@Name"":""ProviderName"",""#text"":""Microsoft Software Key Storage Provider""},{""@Name"":""AlgorithmName"",""#text"":""UNKNOWN""},{""@Name"":""KeyName"",""#text"":""TB_2_bing.com""},{""@Name"":""KeyType"",""#text"":""%%2500""},{""@Name"":""KeyFilePath"",""#text"":""C:\\Users\\ricksanchez\\AppData\\Local\\Packages\\microsoft.windows.search_cw5n1h2txyewy\\AC\\Microsoft\\Crypto\\TokenBindingKeys\\Keys\\887a471fc5377c5cbe6e38ac87d5a40f_511cefa6-2706-41b2-b1d8-b70acd58c1f3_94010fb48af238f6ca3f233fc31d9c4f""},{""@Name"":""Operation"",""#text"":""%%2458""},{""@Name"":""ReturnCode"",""#text"":""0x0""}]}}"
1341,1341,2020-09-18 22:52:52.9942895,5061,LogAlways,Microsoft-Windows-Security-Auditing,Security,648,4612,DESKTOP-SDN1RPT.C137.local,15,,,,,,,,,,,,False,D:\Software\CTF\Misc\EvtxECmd\Security.evtx,Audit success,0,"{""EventData"":{""Data"":[{""@Name"":""SubjectUserSid"",""#text"":""S-1-5-21-2232410529-1445159330-2725690660-1106""},{""@Name"":""SubjectUserName"",""#text"":""ricksanchez""},{""@Name"":""SubjectDomainName"",""#text"":""C137""},{""@Name"":""SubjectLogonId"",""#text"":""0x438EA2""},{""@Name"":""ProviderName"",""#text"":""Microsoft Software Key Storage Provider""},{""@Name"":""AlgorithmName"",""#text"":""ECDSA_P256""},{""@Name"":""KeyName"",""#text"":""TB_2_bing.com""},{""@Name"":""KeyType"",""#text"":""%%2500""},{""@Name"":""Operation"",""#text"":""%%2480""},{""@Name"":""ReturnCode"",""#text"":""0x0""}]}}"
1342,1342,2020-09-18 22:52:52.9944758,5059,LogAlways,Microsoft-Windows-Security-Auditing,Security,648,4612,DESKTOP-SDN1RPT.C137.local,15,,,,,,,,,,,,False,D:\Software\CTF\Misc\EvtxECmd\Security.evtx,Audit success,0,"{""EventData"":{""Data"":[{""@Name"":""SubjectUserSid"",""#text"":""S-1-5-21-2232410529-1445159330-2725690660-1106""},{""@Name"":""SubjectUserName"",""#text"":""ricksanchez""},{""@Name"":""SubjectDomainName"",""#text"":""C137""},{""@Name"":""SubjectLogonId"",""#text"":""0x438EA2""},{""@Name"":""ClientProcessId"",""#text"":""5208""},{""@Name"":""ClientCreationTime"",""#text"":""2020-09-18 22:52:51.9828993""},{""@Name"":""ProviderName"",""#text"":""Microsoft Software Key Storage Provider""},{""@Name"":""AlgorithmName"",""#text"":""ECDSA_P256""},{""@Name"":""KeyName"",""#text"":""TB_2_bing.com""},{""@Name"":""KeyType"",""#text"":""%%2500""},{""@Name"":""Operation"",""#text"":""%%2464""},{""@Name"":""ReturnCode"",""#text"":""0x0""}]}}"
1343,1343,2020-09-18 22:52:57.0743088,4624,LogAlways,Microsoft-Windows-Security-Auditing,Security,648,4612,DESKTOP-SDN1RPT.C137.local,15,,Successful logon,C137\DESKTOP-SDN1RPT$,- (-),Target: NT AUTHORITY\SYSTEM,LogonType 5,LogonId: 0x3E7,AuthenticationPackageName: Negotiate,"LogonProcessName: Advapi  ",,C:\Windows\System32\services.exe,False,D:\Software\CTF\Misc\EvtxECmd\Security.evtx,Audit success,0,"{""EventData"":{""Data"":[{""@Name"":""SubjectUserSid"",""#text"":""S-1-5-18""},{""@Name"":""SubjectUserName"",""#text"":""DESKTOP-SDN1RPT$""},{""@Name"":""SubjectDomainName"",""#text"":""C137""},{""@Name"":""SubjectLogonId"",""#text"":""0x3E7""},{""@Name"":""TargetUserSid"",""#text"":""S-1-5-18""},{""@Name"":""TargetUserName"",""#text"":""SYSTEM""},{""@Name"":""TargetDomainName"",""#text"":""NT AUTHORITY""},{""@Name"":""TargetLogonId"",""#text"":""0x3E7""},{""@Name"":""LogonType"",""#text"":""5""},{""@Name"":""LogonProcessName"",""#text"":""Advapi  ""},{""@Name"":""AuthenticationPackageName"",""#text"":""Negotiate""},{""@Name"":""WorkstationName"",""#text"":""-""},{""@Name"":""LogonGuid"",""#text"":""00000000-0000-0000-0000-000000000000""},{""@Name"":""TransmittedServices"",""#text"":""-""},{""@Name"":""LmPackageName"",""#text"":""-""},{""@Name"":""KeyLength"",""#text"":""0""},{""@Name"":""ProcessId"",""#text"":""0x280""},{""@Name"":""ProcessName"",""#text"":""C:\\Windows\\System32\\services.exe""},{""@Name"":""IpAddress"",""#text"":""-""},{""@Name"":""IpPort"",""#text"":""-""},{""@Name"":""ImpersonationLevel"",""#text"":""%%1833""},{""@Name"":""RestrictedAdminMode"",""#text"":""-""},{""@Name"":""TargetOutboundUserName"",""#text"":""-""},{""@Name"":""TargetOutboundDomainName"",""#text"":""-""},{""@Name"":""VirtualAccount"",""#text"":""%%1843""},{""@Name"":""TargetLinkedLogonId"",""#text"":""0x0""},{""@Name"":""ElevatedToken"",""#text"":""%%1842""}]}}"
