1665,1665,2020-09-18 23:02:57.3057765,5061,LogAlways,Microsoft-Windows-Security-Auditing,Security,652,716,DESKTOP-SDN1RPT.C137.local,19,,,,,,,,,,,,False,D:\Software\CTF\Misc\EvtxECmd\Security.evtx,Audit success,0,"{""EventData"":{""Data"":[{""@Name"":""SubjectUserSid"",""#text"":""S-1-5-21-2232410529-1445159330-2725690660-1108""},{""@Name"":""SubjectUserName"",""#text"":""mortysmith""},{""@Name"":""SubjectDomainName"",""#text"":""C137""},{""@Name"":""SubjectLogonId"",""#text"":""0x5F667""},{""@Name"":""ProviderName"",""#text"":""Microsoft Software Key Storage Provider""},{""@Name"":""AlgorithmName"",""#text"":""ECDSA_P256""},{""@Name"":""KeyName"",""#text"":""TB_2_bing.com""},{""@Name"":""KeyType"",""#text"":""%%2500""},{""@Name"":""Operation"",""#text"":""%%2480""},{""@Name"":""ReturnCode"",""#text"":""0x0""}]}}"
1666,1666,2020-09-18 23:02:57.3059943,5059,LogAlways,Microsoft-Windows-Security-Auditing,Security,652,7596,DESKTOP-SDN1RPT.C137.local,19,,,,,,,,,,,,False,D:\Software\CTF\Misc\EvtxECmd\Security.evtx,Audit success,0,"{""EventData"":{""Data"":[{""@Name"":""SubjectUserSid"",""#text"":""S-1-5-21-2232410529-1445159330-2725690660-1108""},{""@Name"":""SubjectUserName"",""#text"":""mortysmith""},{""@Name"":""SubjectDomainName"",""#text"":""C137""},{""@Name"":""SubjectLogonId"",""#text"":""0x5F667""},{""@Name"":""ClientProcessId"",""#text"":""6452""},{""@Name"":""ClientCreationTime"",""#text"":""2020-09-18 23:02:52.8665019""},{""@Name"":""ProviderName"",""#text"":""Microsoft Software Key Storage Provider""},{""@Name"":""AlgorithmName"",""#text"":""ECDSA_P256""},{""@Name"":""KeyName"",""#text"":""TB_2_bing.com""},{""@Name"":""KeyType"",""#text"":""%%2500""},{""@Name"":""Operation"",""#text"":""%%2464""},{""@Name"":""ReturnCode"",""#text"":""0x0""}]}}"
1667,1667,2020-09-18 23:02:57.3060062,5059,LogAlways,Microsoft-Windows-Security-Auditing,Security,652,716,DESKTOP-SDN1RPT.C137.local,19,,,,,,,,,,,,False,D:\Software\CTF\Misc\EvtxECmd\Security.evtx,Audit success,0,"{""EventData"":{""Data"":[{""@Name"":""SubjectUserSid"",""#text"":""S-1-5-21-2232410529-1445159330-2725690660-1108""},{""@Name"":""SubjectUserName"",""#text"":""mortysmith""},{""@Name"":""SubjectDomainName"",""#text"":""C137""},{""@Name"":""SubjectLogonId"",""#text"":""0x5F667""},{""@Name"":""ClientProcessId"",""#text"":""6452""},{""@Name"":""ClientCreationTime"",""#text"":""2020-09-18 23:02:52.8665019""},{""@Name"":""ProviderName"",""#text"":""Microsoft Software Key Storage Provider""},{""@Name"":""AlgorithmName"",""#text"":""ECDSA_P256""},{""@Name"":""KeyName"",""#text"":""TB_2_bing.com""},{""@Name"":""KeyType"",""#text"":""%%2500""},{""@Name"":""Operation"",""#text"":""%%2464""},{""@Name"":""ReturnCode"",""#text"":""0x0""}]}}"
1668,1668,2020-09-18 23:02:57.5862488,5058,LogAlways,Microsoft-Windows-Security-Auditing,Security,652,716,DESKTOP-SDN1RPT.C137.local,19,,,,,,,,,,,,False,D:\Software\CTF\Misc\EvtxECmd\Security.evtx,Audit success,0,"{""EventData"":{""Data"":[{""@Name"":""SubjectUserSid"",""#text"":""S-1-5-21-2232410529-1445159330-2725690660-1108""},{""@Name"":""SubjectUserName"",""#text"":""mortysmith""},{""@Name"":""SubjectDomainName"",""#text"":""C137""},{""@Name"":""SubjectLogonId"",""#text"":""0x5F667""},{""@Name"":""ClientProcessId"",""#text"":""6452""},{""@Name"":""ClientCreationTime"",""#text"":""2020-09-18 23:02:52.8665019""},{""@Name"":""ProviderName"",""#text"":""Microsoft Software Key Storage Provider""},{""@Name"":""AlgorithmName"",""#text"":""UNKNOWN""},{""@Name"":""KeyName"",""#text"":""TB_2_msn.com""},{""@Name"":""KeyType"",""#text"":""%%2500""},{""@Name"":""KeyFilePath""},{""@Name"":""Operation"",""#text"":""%%2458""},{""@Name"":""ReturnCode"",""#text"":""0x0""}]}}"
1669,1669,2020-09-18 23:02:57.5863405,5058,LogAlways,Microsoft-Windows-Security-Auditing,Security,652,744,DESKTOP-SDN1RPT.C137.local,19,,,,,,,,,,,,False,D:\Software\CTF\Misc\EvtxECmd\Security.evtx,Audit success,0,"{""EventData"":{""Data"":[{""@Name"":""SubjectUserSid"",""#text"":""S-1-5-21-2232410529-1445159330-2725690660-1108""},{""@Name"":""SubjectUserName"",""#text"":""mortysmith""},{""@Name"":""SubjectDomainName"",""#text"":""C137""},{""@Name"":""SubjectLogonId"",""#text"":""0x5F667""},{""@Name"":""ClientProcessId"",""#text"":""6452""},{""@Name"":""ClientCreationTime"",""#text"":""2020-09-18 23:02:52.8665019""},{""@Name"":""ProviderName"",""#text"":""Microsoft Software Key Storage Provider""},{""@Name"":""AlgorithmName"",""#text"":""UNKNOWN""},{""@Name"":""KeyName"",""#text"":""TB_2_msn.com""},{""@Name"":""KeyType"",""#text"":""%%2500""},{""@Name"":""KeyFilePath""},{""@Name"":""Operation"",""#text"":""%%2458""},{""@Name"":""ReturnCode"",""#text"":""0x0""}]}}"
1670,1670,2020-09-18 23:02:57.5864521,5061,LogAlways,Microsoft-Windows-Security-Auditing,Security,652,716,DESKTOP-SDN1RPT.C137.local,19,,,,,,,,,,,,False,D:\Software\CTF\Misc\EvtxECmd\Security.evtx,Audit success,0,"{""EventData"":{""Data"":[{""@Name"":""SubjectUserSid"",""#text"":""S-1-5-21-2232410529-1445159330-2725690660-1108""},{""@Name"":""SubjectUserName"",""#text"":""mortysmith""},{""@Name"":""SubjectDomainName"",""#text"":""C137""},{""@Name"":""SubjectLogonId"",""#text"":""0x5F667""},{""@Name"":""ProviderName"",""#text"":""Microsoft Software Key Storage Provider""},{""@Name"":""AlgorithmName"",""#text"":""ECDSA_P256""},{""@Name"":""KeyName"",""#text"":""TB_2_msn.com""},{""@Name"":""KeyType"",""#text"":""%%2500""},{""@Name"":""Operation"",""#text"":""%%2480""},{""@Name"":""ReturnCode"",""#text"":""0x0""}]}}"
1671,1671,2020-09-18 23:02:57.5865203,5061,LogAlways,Microsoft-Windows-Security-Auditing,Security,652,744,DESKTOP-SDN1RPT.C137.local,19,,,,,,,,,,,,False,D:\Software\CTF\Misc\EvtxECmd\Security.evtx,Audit success,0,"{""EventData"":{""Data"":[{""@Name"":""SubjectUserSid"",""#text"":""S-1-5-21-2232410529-1445159330-2725690660-1108""},{""@Name"":""SubjectUserName"",""#text"":""mortysmith""},{""@Name"":""SubjectDomainName"",""#text"":""C137""},{""@Name"":""SubjectLogonId"",""#text"":""0x5F667""},{""@Name"":""ProviderName"",""#text"":""Microsoft Software Key Storage Provider""},{""@Name"":""AlgorithmName"",""#text"":""ECDSA_P256""},{""@Name"":""KeyName"",""#text"":""TB_2_msn.com""},{""@Name"":""KeyType"",""#text"":""%%2500""},{""@Name"":""Operation"",""#text"":""%%2480""},{""@Name"":""ReturnCode"",""#text"":""0x0""}]}}"
1672,1672,2020-09-18 23:02:57.5866440,5059,LogAlways,Microsoft-Windows-Security-Auditing,Security,652,7608,DESKTOP-SDN1RPT.C137.local,19,,,,,,,,,,,,False,D:\Software\CTF\Misc\EvtxECmd\Security.evtx,Audit success,0,"{""EventData"":{""Data"":[{""@Name"":""SubjectUserSid"",""#text"":""S-1-5-21-2232410529-1445159330-2725690660-1108""},{""@Name"":""SubjectUserName"",""#text"":""mortysmith""},{""@Name"":""SubjectDomainName"",""#text"":""C137""},{""@Name"":""SubjectLogonId"",""#text"":""0x5F667""},{""@Name"":""ClientProcessId"",""#text"":""6452""},{""@Name"":""ClientCreationTime"",""#text"":""2020-09-18 23:02:52.8665019""},{""@Name"":""ProviderName"",""#text"":""Microsoft Software Key Storage Provider""},{""@Name"":""AlgorithmName"",""#text"":""ECDSA_P256""},{""@Name"":""KeyName"",""#text"":""TB_2_msn.com""},{""@Name"":""KeyType"",""#text"":""%%2500""},{""@Name"":""Operation"",""#text"":""%%2464""},{""@Name"":""ReturnCode"",""#text"":""0x0""}]}}"
1673,1673,2020-09-18 23:02:57.5867069,5059,LogAlways,Microsoft-Windows-Security-Auditing,Security,652,744,DESKTOP-SDN1RPT.C137.local,19,,,,,,,,,,,,False,D:\Software\CTF\Misc\EvtxECmd\Security.evtx,Audit success,0,"{""EventData"":{""Data"":[{""@Name"":""SubjectUserSid"",""#text"":""S-1-5-21-2232410529-1445159330-2725690660-1108""},{""@Name"":""SubjectUserName"",""#text"":""mortysmith""},{""@Name"":""SubjectDomainName"",""#text"":""C137""},{""@Name"":""SubjectLogonId"",""#text"":""0x5F667""},{""@Name"":""ClientProcessId"",""#text"":""6452""},{""@Name"":""ClientCreationTime"",""#text"":""2020-09-18 23:02:52.8665019""},{""@Name"":""ProviderName"",""#text"":""Microsoft Software Key Storage Provider""},{""@Name"":""AlgorithmName"",""#text"":""ECDSA_P256""},{""@Name"":""KeyName"",""#text"":""TB_2_msn.com""},{""@Name"":""KeyType"",""#text"":""%%2500""},{""@Name"":""Operation"",""#text"":""%%2464""},{""@Name"":""ReturnCode"",""#text"":""0x0""}]}}"
1674,1674,2020-09-18 23:03:03.2285469,5058,LogAlways,Microsoft-Windows-Security-Auditing,Security,652,716,DESKTOP-SDN1RPT.C137.local,19,,,,,,,,,,,,False,D:\Software\CTF\Misc\EvtxECmd\Security.evtx,Audit success,0,"{""EventData"":{""Data"":[{""@Name"":""SubjectUserSid"",""#text"":""S-1-5-21-2232410529-1445159330-2725690660-1108""},{""@Name"":""SubjectUserName"",""#text"":""mortysmith""},{""@Name"":""SubjectDomainName"",""#text"":""C137""},{""@Name"":""SubjectLogonId"",""#text"":""0x5F667""},{""@Name"":""ClientProcessId"",""#text"":""8364""},{""@Name"":""ClientCreationTime"",""#text"":""2020-09-18 23:03:02.9235216""},{""@Name"":""ProviderName"",""#text"":""Microsoft Software Key Storage Provider""},{""@Name"":""AlgorithmName"",""#text"":""UNKNOWN""},{""@Name"":""KeyName"",""#text"":""TB_2_bing.com""},{""@Name"":""KeyType"",""#text"":""%%2500""},{""@Name"":""KeyFilePath""},{""@Name"":""Operation"",""#text"":""%%2458""},{""@Name"":""ReturnCode"",""#text"":""0x0""}]}}"
1675,1675,2020-09-18 23:03:03.2287778,5061,LogAlways,Microsoft-Windows-Security-Auditing,Security,652,716,DESKTOP-SDN1RPT.C137.local,19,,,,,,,,,,,,False,D:\Software\CTF\Misc\EvtxECmd\Security.evtx,Audit success,0,"{""EventData"":{""Data"":[{""@Name"":""SubjectUserSid"",""#text"":""S-1-5-21-2232410529-1445159330-2725690660-1108""},{""@Name"":""SubjectUserName"",""#text"":""mortysmith""},{""@Name"":""SubjectDomainName"",""#text"":""C137""},{""@Name"":""SubjectLogonId"",""#text"":""0x5F667""},{""@Name"":""ProviderName"",""#text"":""Microsoft Software Key Storage Provider""},{""@Name"":""AlgorithmName"",""#text"":""ECDSA_P256""},{""@Name"":""KeyName"",""#text"":""TB_2_bing.com""},{""@Name"":""KeyType"",""#text"":""%%2500""},{""@Name"":""Operation"",""#text"":""%%2480""},{""@Name"":""ReturnCode"",""#text"":""0x0""}]}}"
1676,1676,2020-09-18 23:03:03.2289793,5059,LogAlways,Microsoft-Windows-Security-Auditing,Security,652,716,DESKTOP-SDN1RPT.C137.local,19,,,,,,,,,,,,False,D:\Software\CTF\Misc\EvtxECmd\Security.evtx,Audit success,0,"{""EventData"":{""Data"":[{""@Name"":""SubjectUserSid"",""#text"":""S-1-5-21-2232410529-1445159330-2725690660-1108""},{""@Name"":""SubjectUserName"",""#text"":""mortysmith""},{""@Name"":""SubjectDomainName"",""#text"":""C137""},{""@Name"":""SubjectLogonId"",""#text"":""0x5F667""},{""@Name"":""ClientProcessId"",""#text"":""8364""},{""@Name"":""ClientCreationTime"",""#text"":""2020-09-18 23:03:02.9235216""},{""@Name"":""ProviderName"",""#text"":""Microsoft Software Key Storage Provider""},{""@Name"":""AlgorithmName"",""#text"":""ECDSA_P256""},{""@Name"":""KeyName"",""#text"":""TB_2_bing.com""},{""@Name"":""KeyType"",""#text"":""%%2500""},{""@Name"":""Operation"",""#text"":""%%2464""},{""@Name"":""ReturnCode"",""#text"":""0x0""}]}}"
1677,1677,2020-09-18 23:03:03.2318317,5058,LogAlways,Microsoft-Windows-Security-Auditing,Security,652,716,DESKTOP-SDN1RPT.C137.local,19,,,,,,,,,,,,False,D:\Software\CTF\Misc\EvtxECmd\Security.evtx,Audit success,0,"{""EventData"":{""Data"":[{""@Name"":""SubjectUserSid"",""#text"":""S-1-5-21-2232410529-1445159330-2725690660-1108""},{""@Name"":""SubjectUserName"",""#text"":""mortysmith""},{""@Name"":""SubjectDomainName"",""#text"":""C137""},{""@Name"":""SubjectLogonId"",""#text"":""0x5F667""},{""@Name"":""ClientProcessId"",""#text"":""8364""},{""@Name"":""ClientCreationTime"",""#text"":""2020-09-18 23:03:02.9235216""},{""@Name"":""ProviderName"",""#text"":""Microsoft Software Key Storage Provider""},{""@Name"":""AlgorithmName"",""#text"":""UNKNOWN""},{""@Name"":""KeyName"",""#text"":""TB_2_bing.com""},{""@Name"":""KeyType"",""#text"":""%%2500""},{""@Name"":""KeyFilePath""},{""@Name"":""Operation"",""#text"":""%%2458""},{""@Name"":""ReturnCode"",""#text"":""0x0""}]}}"
1678,1678,2020-09-18 23:03:03.2321257,5061,LogAlways,Microsoft-Windows-Security-Auditing,Security,652,716,DESKTOP-SDN1RPT.C137.local,19,,,,,,,,,,,,False,D:\Software\CTF\Misc\EvtxECmd\Security.evtx,Audit success,0,"{""EventData"":{""Data"":[{""@Name"":""SubjectUserSid"",""#text"":""S-1-5-21-2232410529-1445159330-2725690660-1108""},{""@Name"":""SubjectUserName"",""#text"":""mortysmith""},{""@Name"":""SubjectDomainName"",""#text"":""C137""},{""@Name"":""SubjectLogonId"",""#text"":""0x5F667""},{""@Name"":""ProviderName"",""#text"":""Microsoft Software Key Storage Provider""},{""@Name"":""AlgorithmName"",""#text"":""ECDSA_P256""},{""@Name"":""KeyName"",""#text"":""TB_2_bing.com""},{""@Name"":""KeyType"",""#text"":""%%2500""},{""@Name"":""Operation"",""#text"":""%%2480""},{""@Name"":""ReturnCode"",""#text"":""0x0""}]}}"
1679,1679,2020-09-18 23:03:03.2323345,5059,LogAlways,Microsoft-Windows-Security-Auditing,Security,652,716,DESKTOP-SDN1RPT.C137.local,19,,,,,,,,,,,,False,D:\Software\CTF\Misc\EvtxECmd\Security.evtx,Audit success,0,"{""EventData"":{""Data"":[{""@Name"":""SubjectUserSid"",""#text"":""S-1-5-21-2232410529-1445159330-2725690660-1108""},{""@Name"":""SubjectUserName"",""#text"":""mortysmith""},{""@Name"":""SubjectDomainName"",""#text"":""C137""},{""@Name"":""SubjectLogonId"",""#text"":""0x5F667""},{""@Name"":""ClientProcessId"",""#text"":""8364""},{""@Name"":""ClientCreationTime"",""#text"":""2020-09-18 23:03:02.9235216""},{""@Name"":""ProviderName"",""#text"":""Microsoft Software Key Storage Provider""},{""@Name"":""AlgorithmName"",""#text"":""ECDSA_P256""},{""@Name"":""KeyName"",""#text"":""TB_2_bing.com""},{""@Name"":""KeyType"",""#text"":""%%2500""},{""@Name"":""Operation"",""#text"":""%%2464""},{""@Name"":""ReturnCode"",""#text"":""0x0""}]}}"
1680,1680,2020-09-18 23:03:07.3394281,5058,LogAlways,Microsoft-Windows-Security-Auditing,Security,652,7596,DESKTOP-SDN1RPT.C137.local,19,,,,,,,,,,,,False,D:\Software\CTF\Misc\EvtxECmd\Security.evtx,Audit success,0,"{""EventData"":{""Data"":[{""@Name"":""SubjectUserSid"",""#text"":""S-1-5-21-2232410529-1445159330-2725690660-1108""},{""@Name"":""SubjectUserName"",""#text"":""mortysmith""},{""@Name"":""SubjectDomainName"",""#text"":""C137""},{""@Name"":""SubjectLogonId"",""#text"":""0x5F667""},{""@Name"":""ClientProcessId"",""#text"":""8888""},{""@Name"":""ClientCreationTime"",""#text"":""2020-09-18 23:03:06.9525539""},{""@Name"":""ProviderName"",""#text"":""Microsoft Software Key Storage Provider""},{""@Name"":""AlgorithmName"",""#text"":""UNKNOWN""},{""@Name"":""KeyName"",""#text"":""TB_2_msn.com""},{""@Name"":""KeyType"",""#text"":""%%2500""},{""@Name"":""KeyFilePath""},{""@Name"":""Operation"",""#text"":""%%2458""},{""@Name"":""ReturnCode"",""#text"":""0x0""}]}}"
1681,1681,2020-09-18 23:03:07.3397861,5061,LogAlways,Microsoft-Windows-Security-Auditing,Security,652,7596,DESKTOP-SDN1RPT.C137.local,19,,,,,,,,,,,,False,D:\Software\CTF\Misc\EvtxECmd\Security.evtx,Audit success,0,"{""EventData"":{""Data"":[{""@Name"":""SubjectUserSid"",""#text"":""S-1-5-21-2232410529-1445159330-2725690660-1108""},{""@Name"":""SubjectUserName"",""#text"":""mortysmith""},{""@Name"":""SubjectDomainName"",""#text"":""C137""},{""@Name"":""SubjectLogonId"",""#text"":""0x5F667""},{""@Name"":""ProviderName"",""#text"":""Microsoft Software Key Storage Provider""},{""@Name"":""AlgorithmName"",""#text"":""ECDSA_P256""},{""@Name"":""KeyName"",""#text"":""TB_2_msn.com""},{""@Name"":""KeyType"",""#text"":""%%2500""},{""@Name"":""Operation"",""#text"":""%%2480""},{""@Name"":""ReturnCode"",""#text"":""0x0""}]}}"
1682,1682,2020-09-18 23:03:07.3401287,5059,LogAlways,Microsoft-Windows-Security-Auditing,Security,652,7596,DESKTOP-SDN1RPT.C137.local,19,,,,,,,,,,,,False,D:\Software\CTF\Misc\EvtxECmd\Security.evtx,Audit success,0,"{""EventData"":{""Data"":[{""@Name"":""SubjectUserSid"",""#text"":""S-1-5-21-2232410529-1445159330-2725690660-1108""},{""@Name"":""SubjectUserName"",""#text"":""mortysmith""},{""@Name"":""SubjectDomainName"",""#text"":""C137""},{""@Name"":""SubjectLogonId"",""#text"":""0x5F667""},{""@Name"":""ClientProcessId"",""#text"":""8888""},{""@Name"":""ClientCreationTime"",""#text"":""2020-09-18 23:03:06.9525539""},{""@Name"":""ProviderName"",""#text"":""Microsoft Software Key Storage Provider""},{""@Name"":""AlgorithmName"",""#text"":""ECDSA_P256""},{""@Name"":""KeyName"",""#text"":""TB_2_msn.com""},{""@Name"":""KeyType"",""#text"":""%%2500""},{""@Name"":""Operation"",""#text"":""%%2464""},{""@Name"":""ReturnCode"",""#text"":""0x0""}]}}"
1683,1683,2020-09-18 23:03:07.3465990,5058,LogAlways,Microsoft-Windows-Security-Auditing,Security,652,7596,DESKTOP-SDN1RPT.C137.local,19,,,,,,,,,,,,False,D:\Software\CTF\Misc\EvtxECmd\Security.evtx,Audit success,0,"{""EventData"":{""Data"":[{""@Name"":""SubjectUserSid"",""#text"":""S-1-5-21-2232410529-1445159330-2725690660-1108""},{""@Name"":""SubjectUserName"",""#text"":""mortysmith""},{""@Name"":""SubjectDomainName"",""#text"":""C137""},{""@Name"":""SubjectLogonId"",""#text"":""0x5F667""},{""@Name"":""ClientProcessId"",""#text"":""8888""},{""@Name"":""ClientCreationTime"",""#text"":""2020-09-18 23:03:06.9525539""},{""@Name"":""ProviderName"",""#text"":""Microsoft Software Key Storage Provider""},{""@Name"":""AlgorithmName"",""#text"":""UNKNOWN""},{""@Name"":""KeyName"",""#text"":""TB_2_msn.com""},{""@Name"":""KeyType"",""#text"":""%%2500""},{""@Name"":""KeyFilePath""},{""@Name"":""Operation"",""#text"":""%%2458""},{""@Name"":""ReturnCode"",""#text"":""0x0""}]}}"
1684,1684,2020-09-18 23:03:07.3469235,5061,LogAlways,Microsoft-Windows-Security-Auditing,Security,652,7596,DESKTOP-SDN1RPT.C137.local,19,,,,,,,,,,,,False,D:\Software\CTF\Misc\EvtxECmd\Security.evtx,Audit success,0,"{""EventData"":{""Data"":[{""@Name"":""SubjectUserSid"",""#text"":""S-1-5-21-2232410529-1445159330-2725690660-1108""},{""@Name"":""SubjectUserName"",""#text"":""mortysmith""},{""@Name"":""SubjectDomainName"",""#text"":""C137""},{""@Name"":""SubjectLogonId"",""#text"":""0x5F667""},{""@Name"":""ProviderName"",""#text"":""Microsoft Software Key Storage Provider""},{""@Name"":""AlgorithmName"",""#text"":""ECDSA_P256""},{""@Name"":""KeyName"",""#text"":""TB_2_msn.com""},{""@Name"":""KeyType"",""#text"":""%%2500""},{""@Name"":""Operation"",""#text"":""%%2480""},{""@Name"":""ReturnCode"",""#text"":""0x0""}]}}"
1685,1685,2020-09-18 23:03:07.3472524,5059,LogAlways,Microsoft-Windows-Security-Auditing,Security,652,7596,DESKTOP-SDN1RPT.C137.local,19,,,,,,,,,,,,False,D:\Software\CTF\Misc\EvtxECmd\Security.evtx,Audit success,0,"{""EventData"":{""Data"":[{""@Name"":""SubjectUserSid"",""#text"":""S-1-5-21-2232410529-1445159330-2725690660-1108""},{""@Name"":""SubjectUserName"",""#text"":""mortysmith""},{""@Name"":""SubjectDomainName"",""#text"":""C137""},{""@Name"":""SubjectLogonId"",""#text"":""0x5F667""},{""@Name"":""ClientProcessId"",""#text"":""8888""},{""@Name"":""ClientCreationTime"",""#text"":""2020-09-18 23:03:06.9525539""},{""@Name"":""ProviderName"",""#text"":""Microsoft Software Key Storage Provider""},{""@Name"":""AlgorithmName"",""#text"":""ECDSA_P256""},{""@Name"":""KeyName"",""#text"":""TB_2_msn.com""},{""@Name"":""KeyType"",""#text"":""%%2500""},{""@Name"":""Operation"",""#text"":""%%2464""},{""@Name"":""ReturnCode"",""#text"":""0x0""}]}}"
1686,1686,2020-09-18 23:03:11.2563284,5058,LogAlways,Microsoft-Windows-Security-Auditing,Security,652,7596,DESKTOP-SDN1RPT.C137.local,19,,,,,,,,,,,,False,D:\Software\CTF\Misc\EvtxECmd\Security.evtx,Audit success,0,"{""EventData"":{""Data"":[{""@Name"":""SubjectUserSid"",""#text"":""S-1-5-21-2232410529-1445159330-2725690660-1108""},{""@Name"":""SubjectUserName"",""#text"":""mortysmith""},{""@Name"":""SubjectDomainName"",""#text"":""C137""},{""@Name"":""SubjectLogonId"",""#text"":""0x5F667""},{""@Name"":""ClientProcessId"",""#text"":""8888""},{""@Name"":""ClientCreationTime"",""#text"":""2020-09-18 23:03:06.9525539""},{""@Name"":""ProviderName"",""#text"":""Microsoft Software Key Storage Provider""},{""@Name"":""AlgorithmName"",""#text"":""UNKNOWN""},{""@Name"":""KeyName"",""#text"":""TB_2_bing.com""},{""@Name"":""KeyType"",""#text"":""%%2500""},{""@Name"":""KeyFilePath""},{""@Name"":""Operation"",""#text"":""%%2458""},{""@Name"":""ReturnCode"",""#text"":""0x0""}]}}"
1687,1687,2020-09-18 23:03:11.2577643,5061,LogAlways,Microsoft-Windows-Security-Auditing,Security,652,7596,DESKTOP-SDN1RPT.C137.local,19,,,,,,,,,,,,False,D:\Software\CTF\Misc\EvtxECmd\Security.evtx,Audit success,0,"{""EventData"":{""Data"":[{""@Name"":""SubjectUserSid"",""#text"":""S-1-5-21-2232410529-1445159330-2725690660-1108""},{""@Name"":""SubjectUserName"",""#text"":""mortysmith""},{""@Name"":""SubjectDomainName"",""#text"":""C137""},{""@Name"":""SubjectLogonId"",""#text"":""0x5F667""},{""@Name"":""ProviderName"",""#text"":""Microsoft Software Key Storage Provider""},{""@Name"":""AlgorithmName"",""#text"":""ECDSA_P256""},{""@Name"":""KeyName"",""#text"":""TB_2_bing.com""},{""@Name"":""KeyType"",""#text"":""%%2500""},{""@Name"":""Operation"",""#text"":""%%2480""},{""@Name"":""ReturnCode"",""#text"":""0x0""}]}}"
1688,1688,2020-09-18 23:03:11.2584116,5059,LogAlways,Microsoft-Windows-Security-Auditing,Security,652,744,DESKTOP-SDN1RPT.C137.local,19,,,,,,,,,,,,False,D:\Software\CTF\Misc\EvtxECmd\Security.evtx,Audit success,0,"{""EventData"":{""Data"":[{""@Name"":""SubjectUserSid"",""#text"":""S-1-5-21-2232410529-1445159330-2725690660-1108""},{""@Name"":""SubjectUserName"",""#text"":""mortysmith""},{""@Name"":""SubjectDomainName"",""#text"":""C137""},{""@Name"":""SubjectLogonId"",""#text"":""0x5F667""},{""@Name"":""ClientProcessId"",""#text"":""8888""},{""@Name"":""ClientCreationTime"",""#text"":""2020-09-18 23:03:06.9525539""},{""@Name"":""ProviderName"",""#text"":""Microsoft Software Key Storage Provider""},{""@Name"":""AlgorithmName"",""#text"":""ECDSA_P256""},{""@Name"":""KeyName"",""#text"":""TB_2_bing.com""},{""@Name"":""KeyType"",""#text"":""%%2500""},{""@Name"":""Operation"",""#text"":""%%2464""},{""@Name"":""ReturnCode"",""#text"":""0x0""}]}}"
1689,1689,2020-09-18 23:03:11.2587358,5058,LogAlways,Microsoft-Windows-Security-Auditing,Security,652,7596,DESKTOP-SDN1RPT.C137.local,19,,,,,,,,,,,,False,D:\Software\CTF\Misc\EvtxECmd\Security.evtx,Audit success,0,"{""EventData"":{""Data"":[{""@Name"":""SubjectUserSid"",""#text"":""S-1-5-21-2232410529-1445159330-2725690660-1108""},{""@Name"":""SubjectUserName"",""#text"":""mortysmith""},{""@Name"":""SubjectDomainName"",""#text"":""C137""},{""@Name"":""SubjectLogonId"",""#text"":""0x5F667""},{""@Name"":""ClientProcessId"",""#text"":""8888""},{""@Name"":""ClientCreationTime"",""#text"":""2020-09-18 23:03:06.9525539""},{""@Name"":""ProviderName"",""#text"":""Microsoft Software Key Storage Provider""},{""@Name"":""AlgorithmName"",""#text"":""UNKNOWN""},{""@Name"":""KeyName"",""#text"":""TB_2_bing.com""},{""@Name"":""KeyType"",""#text"":""%%2500""},{""@Name"":""KeyFilePath""},{""@Name"":""Operation"",""#text"":""%%2458""},{""@Name"":""ReturnCode"",""#text"":""0x0""}]}}"
1690,1690,2020-09-18 23:03:11.2591504,5061,LogAlways,Microsoft-Windows-Security-Auditing,Security,652,7596,DESKTOP-SDN1RPT.C137.local,19,,,,,,,,,,,,False,D:\Software\CTF\Misc\EvtxECmd\Security.evtx,Audit success,0,"{""EventData"":{""Data"":[{""@Name"":""SubjectUserSid"",""#text"":""S-1-5-21-2232410529-1445159330-2725690660-1108""},{""@Name"":""SubjectUserName"",""#text"":""mortysmith""},{""@Name"":""SubjectDomainName"",""#text"":""C137""},{""@Name"":""SubjectLogonId"",""#text"":""0x5F667""},{""@Name"":""ProviderName"",""#text"":""Microsoft Software Key Storage Provider""},{""@Name"":""AlgorithmName"",""#text"":""ECDSA_P256""},{""@Name"":""KeyName"",""#text"":""TB_2_bing.com""},{""@Name"":""KeyType"",""#text"":""%%2500""},{""@Name"":""Operation"",""#text"":""%%2480""},{""@Name"":""ReturnCode"",""#text"":""0x0""}]}}"
1691,1691,2020-09-18 23:03:11.2596337,5059,LogAlways,Microsoft-Windows-Security-Auditing,Security,652,744,DESKTOP-SDN1RPT.C137.local,19,,,,,,,,,,,,False,D:\Software\CTF\Misc\EvtxECmd\Security.evtx,Audit success,0,"{""EventData"":{""Data"":[{""@Name"":""SubjectUserSid"",""#text"":""S-1-5-21-2232410529-1445159330-2725690660-1108""},{""@Name"":""SubjectUserName"",""#text"":""mortysmith""},{""@Name"":""SubjectDomainName"",""#text"":""C137""},{""@Name"":""SubjectLogonId"",""#text"":""0x5F667""},{""@Name"":""ClientProcessId"",""#text"":""8888""},{""@Name"":""ClientCreationTime"",""#text"":""2020-09-18 23:03:06.9525539""},{""@Name"":""ProviderName"",""#text"":""Microsoft Software Key Storage Provider""},{""@Name"":""AlgorithmName"",""#text"":""ECDSA_P256""},{""@Name"":""KeyName"",""#text"":""TB_2_bing.com""},{""@Name"":""KeyType"",""#text"":""%%2500""},{""@Name"":""Operation"",""#text"":""%%2464""},{""@Name"":""ReturnCode"",""#text"":""0x0""}]}}"
1692,1692,2020-09-18 23:03:11.6130693,5058,LogAlways,Microsoft-Windows-Security-Auditing,Security,652,744,DESKTOP-SDN1RPT.C137.local,19,,,,,,,,,,,,False,D:\Software\CTF\Misc\EvtxECmd\Security.evtx,Audit success,0,"{""EventData"":{""Data"":[{""@Name"":""SubjectUserSid"",""#text"":""S-1-5-21-2232410529-1445159330-2725690660-1108""},{""@Name"":""SubjectUserName"",""#text"":""mortysmith""},{""@Name"":""SubjectDomainName"",""#text"":""C137""},{""@Name"":""SubjectLogonId"",""#text"":""0x5F667""},{""@Name"":""ClientProcessId"",""#text"":""8888""},{""@Name"":""ClientCreationTime"",""#text"":""2020-09-18 23:03:06.9525539""},{""@Name"":""ProviderName"",""#text"":""Microsoft Software Key Storage Provider""},{""@Name"":""AlgorithmName"",""#text"":""UNKNOWN""},{""@Name"":""KeyName"",""#text"":""TB_2_msn.com""},{""@Name"":""KeyType"",""#text"":""%%2500""},{""@Name"":""KeyFilePath""},{""@Name"":""Operation"",""#text"":""%%2458""},{""@Name"":""ReturnCode"",""#text"":""0x0""}]}}"
1693,1693,2020-09-18 23:03:11.6133359,5061,LogAlways,Microsoft-Windows-Security-Auditing,Security,652,744,DESKTOP-SDN1RPT.C137.local,19,,,,,,,,,,,,False,D:\Software\CTF\Misc\EvtxECmd\Security.evtx,Audit success,0,"{""EventData"":{""Data"":[{""@Name"":""SubjectUserSid"",""#text"":""S-1-5-21-2232410529-1445159330-2725690660-1108""},{""@Name"":""SubjectUserName"",""#text"":""mortysmith""},{""@Name"":""SubjectDomainName"",""#text"":""C137""},{""@Name"":""SubjectLogonId"",""#text"":""0x5F667""},{""@Name"":""ProviderName"",""#text"":""Microsoft Software Key Storage Provider""},{""@Name"":""AlgorithmName"",""#text"":""ECDSA_P256""},{""@Name"":""KeyName"",""#text"":""TB_2_msn.com""},{""@Name"":""KeyType"",""#text"":""%%2500""},{""@Name"":""Operation"",""#text"":""%%2480""},{""@Name"":""ReturnCode"",""#text"":""0x0""}]}}"
1694,1694,2020-09-18 23:03:11.6135675,5059,LogAlways,Microsoft-Windows-Security-Auditing,Security,652,744,DESKTOP-SDN1RPT.C137.local,19,,,,,,,,,,,,False,D:\Software\CTF\Misc\EvtxECmd\Security.evtx,Audit success,0,"{""EventData"":{""Data"":[{""@Name"":""SubjectUserSid"",""#text"":""S-1-5-21-2232410529-1445159330-2725690660-1108""},{""@Name"":""SubjectUserName"",""#text"":""mortysmith""},{""@Name"":""SubjectDomainName"",""#text"":""C137""},{""@Name"":""SubjectLogonId"",""#text"":""0x5F667""},{""@Name"":""ClientProcessId"",""#text"":""8888""},{""@Name"":""ClientCreationTime"",""#text"":""2020-09-18 23:03:06.9525539""},{""@Name"":""ProviderName"",""#text"":""Microsoft Software Key Storage Provider""},{""@Name"":""AlgorithmName"",""#text"":""ECDSA_P256""},{""@Name"":""KeyName"",""#text"":""TB_2_msn.com""},{""@Name"":""KeyType"",""#text"":""%%2500""},{""@Name"":""Operation"",""#text"":""%%2464""},{""@Name"":""ReturnCode"",""#text"":""0x0""}]}}"
1695,1695,2020-09-18 23:03:11.6170563,5058,LogAlways,Microsoft-Windows-Security-Auditing,Security,652,744,DESKTOP-SDN1RPT.C137.local,19,,,,,,,,,,,,False,D:\Software\CTF\Misc\EvtxECmd\Security.evtx,Audit success,0,"{""EventData"":{""Data"":[{""@Name"":""SubjectUserSid"",""#text"":""S-1-5-21-2232410529-1445159330-2725690660-1108""},{""@Name"":""SubjectUserName"",""#text"":""mortysmith""},{""@Name"":""SubjectDomainName"",""#text"":""C137""},{""@Name"":""SubjectLogonId"",""#text"":""0x5F667""},{""@Name"":""ClientProcessId"",""#text"":""8888""},{""@Name"":""ClientCreationTime"",""#text"":""2020-09-18 23:03:06.9525539""},{""@Name"":""ProviderName"",""#text"":""Microsoft Software Key Storage Provider""},{""@Name"":""AlgorithmName"",""#text"":""UNKNOWN""},{""@Name"":""KeyName"",""#text"":""TB_2_msn.com""},{""@Name"":""KeyType"",""#text"":""%%2500""},{""@Name"":""KeyFilePath""},{""@Name"":""Operation"",""#text"":""%%2458""},{""@Name"":""ReturnCode"",""#text"":""0x0""}]}}"
1696,1696,2020-09-18 23:03:11.6172643,5061,LogAlways,Microsoft-Windows-Security-Auditing,Security,652,744,DESKTOP-SDN1RPT.C137.local,19,,,,,,,,,,,,False,D:\Software\CTF\Misc\EvtxECmd\Security.evtx,Audit success,0,"{""EventData"":{""Data"":[{""@Name"":""SubjectUserSid"",""#text"":""S-1-5-21-2232410529-1445159330-2725690660-1108""},{""@Name"":""SubjectUserName"",""#text"":""mortysmith""},{""@Name"":""SubjectDomainName"",""#text"":""C137""},{""@Name"":""SubjectLogonId"",""#text"":""0x5F667""},{""@Name"":""ProviderName"",""#text"":""Microsoft Software Key Storage Provider""},{""@Name"":""AlgorithmName"",""#text"":""ECDSA_P256""},{""@Name"":""KeyName"",""#text"":""TB_2_msn.com""},{""@Name"":""KeyType"",""#text"":""%%2500""},{""@Name"":""Operation"",""#text"":""%%2480""},{""@Name"":""ReturnCode"",""#text"":""0x0""}]}}"
1697,1697,2020-09-18 23:03:11.6179121,5059,LogAlways,Microsoft-Windows-Security-Auditing,Security,652,744,DESKTOP-SDN1RPT.C137.local,19,,,,,,,,,,,,False,D:\Software\CTF\Misc\EvtxECmd\Security.evtx,Audit success,0,"{""EventData"":{""Data"":[{""@Name"":""SubjectUserSid"",""#text"":""S-1-5-21-2232410529-1445159330-2725690660-1108""},{""@Name"":""SubjectUserName"",""#text"":""mortysmith""},{""@Name"":""SubjectDomainName"",""#text"":""C137""},{""@Name"":""SubjectLogonId"",""#text"":""0x5F667""},{""@Name"":""ClientProcessId"",""#text"":""8888""},{""@Name"":""ClientCreationTime"",""#text"":""2020-09-18 23:03:06.9525539""},{""@Name"":""ProviderName"",""#text"":""Microsoft Software Key Storage Provider""},{""@Name"":""AlgorithmName"",""#text"":""ECDSA_P256""},{""@Name"":""KeyName"",""#text"":""TB_2_msn.com""},{""@Name"":""KeyType"",""#text"":""%%2500""},{""@Name"":""Operation"",""#text"":""%%2464""},{""@Name"":""ReturnCode"",""#text"":""0x0""}]}}"
1698,1698,2020-09-18 23:03:41.6369960,5058,LogAlways,Microsoft-Windows-Security-Auditing,Security,652,7608,DESKTOP-SDN1RPT.C137.local,19,,,,,,,,,,,,False,D:\Software\CTF\Misc\EvtxECmd\Security.evtx,Audit success,0,"{""EventData"":{""Data"":[{""@Name"":""SubjectUserSid"",""#text"":""S-1-5-21-2232410529-1445159330-2725690660-1108""},{""@Name"":""SubjectUserName"",""#text"":""mortysmith""},{""@Name"":""SubjectDomainName"",""#text"":""C137""},{""@Name"":""SubjectLogonId"",""#text"":""0x5F667""},{""@Name"":""ClientProcessId"",""#text"":""7944""},{""@Name"":""ClientCreationTime"",""#text"":""2020-09-18 23:00:29.3540584""},{""@Name"":""ProviderName"",""#text"":""Microsoft Software Key Storage Provider""},{""@Name"":""AlgorithmName"",""#text"":""UNKNOWN""},{""@Name"":""KeyName"",""#text"":""TB_2_bing.com""},{""@Name"":""KeyType"",""#text"":""%%2500""},{""@Name"":""KeyFilePath""},{""@Name"":""Operation"",""#text"":""%%2458""},{""@Name"":""ReturnCode"",""#text"":""0x0""}]}}"
1699,1699,2020-09-18 23:03:41.6395536,5061,LogAlways,Microsoft-Windows-Security-Auditing,Security,652,7608,DESKTOP-SDN1RPT.C137.local,19,,,,,,,,,,,,False,D:\Software\CTF\Misc\EvtxECmd\Security.evtx,Audit success,0,"{""EventData"":{""Data"":[{""@Name"":""SubjectUserSid"",""#text"":""S-1-5-21-2232410529-1445159330-2725690660-1108""},{""@Name"":""SubjectUserName"",""#text"":""mortysmith""},{""@Name"":""SubjectDomainName"",""#text"":""C137""},{""@Name"":""SubjectLogonId"",""#text"":""0x5F667""},{""@Name"":""ProviderName"",""#text"":""Microsoft Software Key Storage Provider""},{""@Name"":""AlgorithmName"",""#text"":""ECDSA_P256""},{""@Name"":""KeyName"",""#text"":""TB_2_bing.com""},{""@Name"":""KeyType"",""#text"":""%%2500""},{""@Name"":""Operation"",""#text"":""%%2480""},{""@Name"":""ReturnCode"",""#text"":""0x0""}]}}"
1700,1700,2020-09-18 23:03:41.6405278,5059,LogAlways,Microsoft-Windows-Security-Auditing,Security,652,7608,DESKTOP-SDN1RPT.C137.local,19,,,,,,,,,,,,False,D:\Software\CTF\Misc\EvtxECmd\Security.evtx,Audit success,0,"{""EventData"":{""Data"":[{""@Name"":""SubjectUserSid"",""#text"":""S-1-5-21-2232410529-1445159330-2725690660-1108""},{""@Name"":""SubjectUserName"",""#text"":""mortysmith""},{""@Name"":""SubjectDomainName"",""#text"":""C137""},{""@Name"":""SubjectLogonId"",""#text"":""0x5F667""},{""@Name"":""ClientProcessId"",""#text"":""7944""},{""@Name"":""ClientCreationTime"",""#text"":""2020-09-18 23:00:29.3540584""},{""@Name"":""ProviderName"",""#text"":""Microsoft Software Key Storage Provider""},{""@Name"":""AlgorithmName"",""#text"":""ECDSA_P256""},{""@Name"":""KeyName"",""#text"":""TB_2_bing.com""},{""@Name"":""KeyType"",""#text"":""%%2500""},{""@Name"":""Operation"",""#text"":""%%2464""},{""@Name"":""ReturnCode"",""#text"":""0x0""}]}}"
1701,1701,2020-09-18 23:03:41.6445792,5058,LogAlways,Microsoft-Windows-Security-Auditing,Security,652,8240,DESKTOP-SDN1RPT.C137.local,19,,,,,,,,,,,,False,D:\Software\CTF\Misc\EvtxECmd\Security.evtx,Audit success,0,"{""EventData"":{""Data"":[{""@Name"":""SubjectUserSid"",""#text"":""S-1-5-21-2232410529-1445159330-2725690660-1108""},{""@Name"":""SubjectUserName"",""#text"":""mortysmith""},{""@Name"":""SubjectDomainName"",""#text"":""C137""},{""@Name"":""SubjectLogonId"",""#text"":""0x5F667""},{""@Name"":""ClientProcessId"",""#text"":""7944""},{""@Name"":""ClientCreationTime"",""#text"":""2020-09-18 23:00:29.3540584""},{""@Name"":""ProviderName"",""#text"":""Microsoft Software Key Storage Provider""},{""@Name"":""AlgorithmName"",""#text"":""UNKNOWN""},{""@Name"":""KeyName"",""#text"":""TB_2_bing.com""},{""@Name"":""KeyType"",""#text"":""%%2500""},{""@Name"":""KeyFilePath""},{""@Name"":""Operation"",""#text"":""%%2458""},{""@Name"":""ReturnCode"",""#text"":""0x0""}]}}"
1702,1702,2020-09-18 23:03:41.6449402,5061,LogAlways,Microsoft-Windows-Security-Auditing,Security,652,8240,DESKTOP-SDN1RPT.C137.local,19,,,,,,,,,,,,False,D:\Software\CTF\Misc\EvtxECmd\Security.evtx,Audit success,0,"{""EventData"":{""Data"":[{""@Name"":""SubjectUserSid"",""#text"":""S-1-5-21-2232410529-1445159330-2725690660-1108""},{""@Name"":""SubjectUserName"",""#text"":""mortysmith""},{""@Name"":""SubjectDomainName"",""#text"":""C137""},{""@Name"":""SubjectLogonId"",""#text"":""0x5F667""},{""@Name"":""ProviderName"",""#text"":""Microsoft Software Key Storage Provider""},{""@Name"":""AlgorithmName"",""#text"":""ECDSA_P256""},{""@Name"":""KeyName"",""#text"":""TB_2_bing.com""},{""@Name"":""KeyType"",""#text"":""%%2500""},{""@Name"":""Operation"",""#text"":""%%2480""},{""@Name"":""ReturnCode"",""#text"":""0x0""}]}}"
1703,1703,2020-09-18 23:03:41.6452844,5059,LogAlways,Microsoft-Windows-Security-Auditing,Security,652,8240,DESKTOP-SDN1RPT.C137.local,19,,,,,,,,,,,,False,D:\Software\CTF\Misc\EvtxECmd\Security.evtx,Audit success,0,"{""EventData"":{""Data"":[{""@Name"":""SubjectUserSid"",""#text"":""S-1-5-21-2232410529-1445159330-2725690660-1108""},{""@Name"":""SubjectUserName"",""#text"":""mortysmith""},{""@Name"":""SubjectDomainName"",""#text"":""C137""},{""@Name"":""SubjectLogonId"",""#text"":""0x5F667""},{""@Name"":""ClientProcessId"",""#text"":""7944""},{""@Name"":""ClientCreationTime"",""#text"":""2020-09-18 23:00:29.3540584""},{""@Name"":""ProviderName"",""#text"":""Microsoft Software Key Storage Provider""},{""@Name"":""AlgorithmName"",""#text"":""ECDSA_P256""},{""@Name"":""KeyName"",""#text"":""TB_2_bing.com""},{""@Name"":""KeyType"",""#text"":""%%2500""},{""@Name"":""Operation"",""#text"":""%%2464""},{""@Name"":""ReturnCode"",""#text"":""0x0""}]}}"
1704,1704,2020-09-18 23:03:41.6557631,5058,LogAlways,Microsoft-Windows-Security-Auditing,Security,652,716,DESKTOP-SDN1RPT.C137.local,19,,,,,,,,,,,,False,D:\Software\CTF\Misc\EvtxECmd\Security.evtx,Audit success,0,"{""EventData"":{""Data"":[{""@Name"":""SubjectUserSid"",""#text"":""S-1-5-21-2232410529-1445159330-2725690660-1108""},{""@Name"":""SubjectUserName"",""#text"":""mortysmith""},{""@Name"":""SubjectDomainName"",""#text"":""C137""},{""@Name"":""SubjectLogonId"",""#text"":""0x5F667""},{""@Name"":""ClientProcessId"",""#text"":""7944""},{""@Name"":""ClientCreationTime"",""#text"":""2020-09-18 23:00:29.3540584""},{""@Name"":""ProviderName"",""#text"":""Microsoft Software Key Storage Provider""},{""@Name"":""AlgorithmName"",""#text"":""UNKNOWN""},{""@Name"":""KeyName"",""#text"":""TB_2_bing.com""},{""@Name"":""KeyType"",""#text"":""%%2500""},{""@Name"":""KeyFilePath""},{""@Name"":""Operation"",""#text"":""%%2458""},{""@Name"":""ReturnCode"",""#text"":""0x0""}]}}"
1705,1705,2020-09-18 23:03:41.6569980,5061,LogAlways,Microsoft-Windows-Security-Auditing,Security,652,716,DESKTOP-SDN1RPT.C137.local,19,,,,,,,,,,,,False,D:\Software\CTF\Misc\EvtxECmd\Security.evtx,Audit success,0,"{""EventData"":{""Data"":[{""@Name"":""SubjectUserSid"",""#text"":""S-1-5-21-2232410529-1445159330-2725690660-1108""},{""@Name"":""SubjectUserName"",""#text"":""mortysmith""},{""@Name"":""SubjectDomainName"",""#text"":""C137""},{""@Name"":""SubjectLogonId"",""#text"":""0x5F667""},{""@Name"":""ProviderName"",""#text"":""Microsoft Software Key Storage Provider""},{""@Name"":""AlgorithmName"",""#text"":""ECDSA_P256""},{""@Name"":""KeyName"",""#text"":""TB_2_bing.com""},{""@Name"":""KeyType"",""#text"":""%%2500""},{""@Name"":""Operation"",""#text"":""%%2480""},{""@Name"":""ReturnCode"",""#text"":""0x0""}]}}"
1706,1706,2020-09-18 23:03:41.6572123,5058,LogAlways,Microsoft-Windows-Security-Auditing,Security,652,7596,DESKTOP-SDN1RPT.C137.local,19,,,,,,,,,,,,False,D:\Software\CTF\Misc\EvtxECmd\Security.evtx,Audit success,0,"{""EventData"":{""Data"":[{""@Name"":""SubjectUserSid"",""#text"":""S-1-5-21-2232410529-1445159330-2725690660-1108""},{""@Name"":""SubjectUserName"",""#text"":""mortysmith""},{""@Name"":""SubjectDomainName"",""#text"":""C137""},{""@Name"":""SubjectLogonId"",""#text"":""0x5F667""},{""@Name"":""ClientProcessId"",""#text"":""7944""},{""@Name"":""ClientCreationTime"",""#text"":""2020-09-18 23:00:29.3540584""},{""@Name"":""ProviderName"",""#text"":""Microsoft Software Key Storage Provider""},{""@Name"":""AlgorithmName"",""#text"":""UNKNOWN""},{""@Name"":""KeyName"",""#text"":""TB_2_bing.com""},{""@Name"":""KeyType"",""#text"":""%%2500""},{""@Name"":""KeyFilePath""},{""@Name"":""Operation"",""#text"":""%%2458""},{""@Name"":""ReturnCode"",""#text"":""0x0""}]}}"
1707,1707,2020-09-18 23:03:41.6572391,5059,LogAlways,Microsoft-Windows-Security-Auditing,Security,652,716,DESKTOP-SDN1RPT.C137.local,19,,,,,,,,,,,,False,D:\Software\CTF\Misc\EvtxECmd\Security.evtx,Audit success,0,"{""EventData"":{""Data"":[{""@Name"":""SubjectUserSid"",""#text"":""S-1-5-21-2232410529-1445159330-2725690660-1108""},{""@Name"":""SubjectUserName"",""#text"":""mortysmith""},{""@Name"":""SubjectDomainName"",""#text"":""C137""},{""@Name"":""SubjectLogonId"",""#text"":""0x5F667""},{""@Name"":""ClientProcessId"",""#text"":""7944""},{""@Name"":""ClientCreationTime"",""#text"":""2020-09-18 23:00:29.3540584""},{""@Name"":""ProviderName"",""#text"":""Microsoft Software Key Storage Provider""},{""@Name"":""AlgorithmName"",""#text"":""ECDSA_P256""},{""@Name"":""KeyName"",""#text"":""TB_2_bing.com""},{""@Name"":""KeyType"",""#text"":""%%2500""},{""@Name"":""Operation"",""#text"":""%%2464""},{""@Name"":""ReturnCode"",""#text"":""0x0""}]}}"
1708,1708,2020-09-18 23:03:41.6574747,5061,LogAlways,Microsoft-Windows-Security-Auditing,Security,652,7596,DESKTOP-SDN1RPT.C137.local,19,,,,,,,,,,,,False,D:\Software\CTF\Misc\EvtxECmd\Security.evtx,Audit success,0,"{""EventData"":{""Data"":[{""@Name"":""SubjectUserSid"",""#text"":""S-1-5-21-2232410529-1445159330-2725690660-1108""},{""@Name"":""SubjectUserName"",""#text"":""mortysmith""},{""@Name"":""SubjectDomainName"",""#text"":""C137""},{""@Name"":""SubjectLogonId"",""#text"":""0x5F667""},{""@Name"":""ProviderName"",""#text"":""Microsoft Software Key Storage Provider""},{""@Name"":""AlgorithmName"",""#text"":""ECDSA_P256""},{""@Name"":""KeyName"",""#text"":""TB_2_bing.com""},{""@Name"":""KeyType"",""#text"":""%%2500""},{""@Name"":""Operation"",""#text"":""%%2480""},{""@Name"":""ReturnCode"",""#text"":""0x0""}]}}"
1709,1709,2020-09-18 23:03:41.6577952,5059,LogAlways,Microsoft-Windows-Security-Auditing,Security,652,7596,DESKTOP-SDN1RPT.C137.local,19,,,,,,,,,,,,False,D:\Software\CTF\Misc\EvtxECmd\Security.evtx,Audit success,0,"{""EventData"":{""Data"":[{""@Name"":""SubjectUserSid"",""#text"":""S-1-5-21-2232410529-1445159330-2725690660-1108""},{""@Name"":""SubjectUserName"",""#text"":""mortysmith""},{""@Name"":""SubjectDomainName"",""#text"":""C137""},{""@Name"":""SubjectLogonId"",""#text"":""0x5F667""},{""@Name"":""ClientProcessId"",""#text"":""7944""},{""@Name"":""ClientCreationTime"",""#text"":""2020-09-18 23:00:29.3540584""},{""@Name"":""ProviderName"",""#text"":""Microsoft Software Key Storage Provider""},{""@Name"":""AlgorithmName"",""#text"":""ECDSA_P256""},{""@Name"":""KeyName"",""#text"":""TB_2_bing.com""},{""@Name"":""KeyType"",""#text"":""%%2500""},{""@Name"":""Operation"",""#text"":""%%2464""},{""@Name"":""ReturnCode"",""#text"":""0x0""}]}}"
1710,1710,2020-09-18 23:03:56.0076937,5058,LogAlways,Microsoft-Windows-Security-Auditing,Security,652,7596,DESKTOP-SDN1RPT.C137.local,19,,,,,,,,,,,,False,D:\Software\CTF\Misc\EvtxECmd\Security.evtx,Audit success,0,"{""EventData"":{""Data"":[{""@Name"":""SubjectUserSid"",""#text"":""S-1-5-21-2232410529-1445159330-2725690660-1108""},{""@Name"":""SubjectUserName"",""#text"":""mortysmith""},{""@Name"":""SubjectDomainName"",""#text"":""C137""},{""@Name"":""SubjectLogonId"",""#text"":""0x5F667""},{""@Name"":""ClientProcessId"",""#text"":""6560""},{""@Name"":""ClientCreationTime"",""#text"":""2020-09-18 23:03:08.1627579""},{""@Name"":""ProviderName"",""#text"":""Microsoft Software Key Storage Provider""},{""@Name"":""AlgorithmName"",""#text"":""UNKNOWN""},{""@Name"":""KeyName"",""#text"":""TB_2_bing.com""},{""@Name"":""KeyType"",""#text"":""%%2500""},{""@Name"":""KeyFilePath""},{""@Name"":""Operation"",""#text"":""%%2458""},{""@Name"":""ReturnCode"",""#text"":""0x0""}]}}"
1711,1711,2020-09-18 23:03:56.0080501,5061,LogAlways,Microsoft-Windows-Security-Auditing,Security,652,7596,DESKTOP-SDN1RPT.C137.local,19,,,,,,,,,,,,False,D:\Software\CTF\Misc\EvtxECmd\Security.evtx,Audit success,0,"{""EventData"":{""Data"":[{""@Name"":""SubjectUserSid"",""#text"":""S-1-5-21-2232410529-1445159330-2725690660-1108""},{""@Name"":""SubjectUserName"",""#text"":""mortysmith""},{""@Name"":""SubjectDomainName"",""#text"":""C137""},{""@Name"":""SubjectLogonId"",""#text"":""0x5F667""},{""@Name"":""ProviderName"",""#text"":""Microsoft Software Key Storage Provider""},{""@Name"":""AlgorithmName"",""#text"":""ECDSA_P256""},{""@Name"":""KeyName"",""#text"":""TB_2_bing.com""},{""@Name"":""KeyType"",""#text"":""%%2500""},{""@Name"":""Operation"",""#text"":""%%2480""},{""@Name"":""ReturnCode"",""#text"":""0x0""}]}}"
1712,1712,2020-09-18 23:03:56.0083350,5059,LogAlways,Microsoft-Windows-Security-Auditing,Security,652,7596,DESKTOP-SDN1RPT.C137.local,19,,,,,,,,,,,,False,D:\Software\CTF\Misc\EvtxECmd\Security.evtx,Audit success,0,"{""EventData"":{""Data"":[{""@Name"":""SubjectUserSid"",""#text"":""S-1-5-21-2232410529-1445159330-2725690660-1108""},{""@Name"":""SubjectUserName"",""#text"":""mortysmith""},{""@Name"":""SubjectDomainName"",""#text"":""C137""},{""@Name"":""SubjectLogonId"",""#text"":""0x5F667""},{""@Name"":""ClientProcessId"",""#text"":""6560""},{""@Name"":""ClientCreationTime"",""#text"":""2020-09-18 23:03:08.1627579""},{""@Name"":""ProviderName"",""#text"":""Microsoft Software Key Storage Provider""},{""@Name"":""AlgorithmName"",""#text"":""ECDSA_P256""},{""@Name"":""KeyName"",""#text"":""TB_2_bing.com""},{""@Name"":""KeyType"",""#text"":""%%2500""},{""@Name"":""Operation"",""#text"":""%%2464""},{""@Name"":""ReturnCode"",""#text"":""0x0""}]}}"
1713,1713,2020-09-18 23:03:56.0120276,5058,LogAlways,Microsoft-Windows-Security-Auditing,Security,652,7596,DESKTOP-SDN1RPT.C137.local,19,,,,,,,,,,,,False,D:\Software\CTF\Misc\EvtxECmd\Security.evtx,Audit success,0,"{""EventData"":{""Data"":[{""@Name"":""SubjectUserSid"",""#text"":""S-1-5-21-2232410529-1445159330-2725690660-1108""},{""@Name"":""SubjectUserName"",""#text"":""mortysmith""},{""@Name"":""SubjectDomainName"",""#text"":""C137""},{""@Name"":""SubjectLogonId"",""#text"":""0x5F667""},{""@Name"":""ClientProcessId"",""#text"":""6560""},{""@Name"":""ClientCreationTime"",""#text"":""2020-09-18 23:03:08.1627579""},{""@Name"":""ProviderName"",""#text"":""Microsoft Software Key Storage Provider""},{""@Name"":""AlgorithmName"",""#text"":""UNKNOWN""},{""@Name"":""KeyName"",""#text"":""TB_2_bing.com""},{""@Name"":""KeyType"",""#text"":""%%2500""},{""@Name"":""KeyFilePath""},{""@Name"":""Operation"",""#text"":""%%2458""},{""@Name"":""ReturnCode"",""#text"":""0x0""}]}}"
1714,1714,2020-09-18 23:03:56.0122819,5061,LogAlways,Microsoft-Windows-Security-Auditing,Security,652,7596,DESKTOP-SDN1RPT.C137.local,19,,,,,,,,,,,,False,D:\Software\CTF\Misc\EvtxECmd\Security.evtx,Audit success,0,"{""EventData"":{""Data"":[{""@Name"":""SubjectUserSid"",""#text"":""S-1-5-21-2232410529-1445159330-2725690660-1108""},{""@Name"":""SubjectUserName"",""#text"":""mortysmith""},{""@Name"":""SubjectDomainName"",""#text"":""C137""},{""@Name"":""SubjectLogonId"",""#text"":""0x5F667""},{""@Name"":""ProviderName"",""#text"":""Microsoft Software Key Storage Provider""},{""@Name"":""AlgorithmName"",""#text"":""ECDSA_P256""},{""@Name"":""KeyName"",""#text"":""TB_2_bing.com""},{""@Name"":""KeyType"",""#text"":""%%2500""},{""@Name"":""Operation"",""#text"":""%%2480""},{""@Name"":""ReturnCode"",""#text"":""0x0""}]}}"
1715,1715,2020-09-18 23:03:56.0125332,5059,LogAlways,Microsoft-Windows-Security-Auditing,Security,652,7596,DESKTOP-SDN1RPT.C137.local,19,,,,,,,,,,,,False,D:\Software\CTF\Misc\EvtxECmd\Security.evtx,Audit success,0,"{""EventData"":{""Data"":[{""@Name"":""SubjectUserSid"",""#text"":""S-1-5-21-2232410529-1445159330-2725690660-1108""},{""@Name"":""SubjectUserName"",""#text"":""mortysmith""},{""@Name"":""SubjectDomainName"",""#text"":""C137""},{""@Name"":""SubjectLogonId"",""#text"":""0x5F667""},{""@Name"":""ClientProcessId"",""#text"":""6560""},{""@Name"":""ClientCreationTime"",""#text"":""2020-09-18 23:03:08.1627579""},{""@Name"":""ProviderName"",""#text"":""Microsoft Software Key Storage Provider""},{""@Name"":""AlgorithmName"",""#text"":""ECDSA_P256""},{""@Name"":""KeyName"",""#text"":""TB_2_bing.com""},{""@Name"":""KeyType"",""#text"":""%%2500""},{""@Name"":""Operation"",""#text"":""%%2464""},{""@Name"":""ReturnCode"",""#text"":""0x0""}]}}"
1716,1716,2020-09-18 23:04:09.4546582,5058,LogAlways,Microsoft-Windows-Security-Auditing,Security,652,7608,DESKTOP-SDN1RPT.C137.local,19,,,,,,,,,,,,False,D:\Software\CTF\Misc\EvtxECmd\Security.evtx,Audit success,0,"{""EventData"":{""Data"":[{""@Name"":""SubjectUserSid"",""#text"":""S-1-5-21-2232410529-1445159330-2725690660-1108""},{""@Name"":""SubjectUserName"",""#text"":""mortysmith""},{""@Name"":""SubjectDomainName"",""#text"":""C137""},{""@Name"":""SubjectLogonId"",""#text"":""0x5F667""},{""@Name"":""ClientProcessId"",""#text"":""8804""},{""@Name"":""ClientCreationTime"",""#text"":""2020-09-18 23:04:08.9914421""},{""@Name"":""ProviderName"",""#text"":""Microsoft Software Key Storage Provider""},{""@Name"":""AlgorithmName"",""#text"":""UNKNOWN""},{""@Name"":""KeyName"",""#text"":""TB_2_msn.com""},{""@Name"":""KeyType"",""#text"":""%%2500""},{""@Name"":""KeyFilePath""},{""@Name"":""Operation"",""#text"":""%%2458""},{""@Name"":""ReturnCode"",""#text"":""0x0""}]}}"
1717,1717,2020-09-18 23:04:09.4549535,5061,LogAlways,Microsoft-Windows-Security-Auditing,Security,652,7608,DESKTOP-SDN1RPT.C137.local,19,,,,,,,,,,,,False,D:\Software\CTF\Misc\EvtxECmd\Security.evtx,Audit success,0,"{""EventData"":{""Data"":[{""@Name"":""SubjectUserSid"",""#text"":""S-1-5-21-2232410529-1445159330-2725690660-1108""},{""@Name"":""SubjectUserName"",""#text"":""mortysmith""},{""@Name"":""SubjectDomainName"",""#text"":""C137""},{""@Name"":""SubjectLogonId"",""#text"":""0x5F667""},{""@Name"":""ProviderName"",""#text"":""Microsoft Software Key Storage Provider""},{""@Name"":""AlgorithmName"",""#text"":""ECDSA_P256""},{""@Name"":""KeyName"",""#text"":""TB_2_msn.com""},{""@Name"":""KeyType"",""#text"":""%%2500""},{""@Name"":""Operation"",""#text"":""%%2480""},{""@Name"":""ReturnCode"",""#text"":""0x0""}]}}"
1718,1718,2020-09-18 23:04:09.4552111,5059,LogAlways,Microsoft-Windows-Security-Auditing,Security,652,7608,DESKTOP-SDN1RPT.C137.local,19,,,,,,,,,,,,False,D:\Software\CTF\Misc\EvtxECmd\Security.evtx,Audit success,0,"{""EventData"":{""Data"":[{""@Name"":""SubjectUserSid"",""#text"":""S-1-5-21-2232410529-1445159330-2725690660-1108""},{""@Name"":""SubjectUserName"",""#text"":""mortysmith""},{""@Name"":""SubjectDomainName"",""#text"":""C137""},{""@Name"":""SubjectLogonId"",""#text"":""0x5F667""},{""@Name"":""ClientProcessId"",""#text"":""8804""},{""@Name"":""ClientCreationTime"",""#text"":""2020-09-18 23:04:08.9914421""},{""@Name"":""ProviderName"",""#text"":""Microsoft Software Key Storage Provider""},{""@Name"":""AlgorithmName"",""#text"":""ECDSA_P256""},{""@Name"":""KeyName"",""#text"":""TB_2_msn.com""},{""@Name"":""KeyType"",""#text"":""%%2500""},{""@Name"":""Operation"",""#text"":""%%2464""},{""@Name"":""ReturnCode"",""#text"":""0x0""}]}}"
