1127,1127,2020-09-18 22:44:12.8287985,4672,LogAlways,Microsoft-Windows-Security-Auditing,Security,648,2748,DESKTOP-SDN1RPT.C137.local,13,,Administrative logon,NT AUTHORITY\SYSTEM (S-1-5-18),,"PrivilegeList: SeAssignPrimaryTokenPrivilege, SeTcbPrivilege, SeSecurityPrivilege, SeTakeOwnershipPrivilege, SeLoadDriverPrivilege, SeBackupPrivilege, SeRestorePrivilege, SeDebugPrivilege, SeAuditPrivilege, SeSystemEnvironmentPrivilege, SeImpersonatePrivilege, SeDelegateSessionUserImpersonatePrivilege",LogonId: 0x3E7,,,,,,False,D:\Software\CTF\Misc\EvtxECmd\Security.evtx,Audit success,0,"{""EventData"":{""Data"":[{""@Name"":""SubjectUserSid"",""#text"":""S-1-5-18""},{""@Name"":""SubjectUserName"",""#text"":""SYSTEM""},{""@Name"":""SubjectDomainName"",""#text"":""NT AUTHORITY""},{""@Name"":""SubjectLogonId"",""#text"":""0x3E7""},{""@Name"":""PrivilegeList"",""#text"":""SeAssignPrimaryTokenPrivilege, SeTcbPrivilege, SeSecurityPrivilege, SeTakeOwnershipPrivilege, SeLoadDriverPrivilege, SeBackupPrivilege, SeRestorePrivilege, SeDebugPrivilege, SeAuditPrivilege, SeSystemEnvironmentPrivilege, SeImpersonatePrivilege, SeDelegateSessionUserImpersonatePrivilege""}]}}"
1128,1128,2020-09-18 22:44:13.1198319,5379,LogAlways,Microsoft-Windows-Security-Auditing,Security,648,688,DESKTOP-SDN1RPT.C137.local,13,,Credential Manager credentials were read,ricksanchez,,SID: S-1-5-21-2232410529-1445159330-2725690660-1106,Domain: C137,LogonID: 0x11D01F,CountOfCredentialsReturned: 0,,ActivityID: 9f37c062-8e04-0000-f2c0-379f048ed601,MicrosoftAccount:user=02zsaylarvlymasv,False,D:\Software\CTF\Misc\EvtxECmd\Security.evtx,Audit success,0,"{""EventData"":{""Data"":[{""@Name"":""SubjectUserSid"",""#text"":""S-1-5-21-2232410529-1445159330-2725690660-1106""},{""@Name"":""SubjectUserName"",""#text"":""ricksanchez""},{""@Name"":""SubjectDomainName"",""#text"":""C137""},{""@Name"":""SubjectLogonId"",""#text"":""0x11D01F""},{""@Name"":""TargetName"",""#text"":""MicrosoftAccount:user=02zsaylarvlymasv""},{""@Name"":""Type"",""#text"":""0""},{""@Name"":""CountOfCredentialsReturned"",""#text"":""0""},{""@Name"":""ReadOperation"",""#text"":""%%8100""},{""@Name"":""ReturnCode"",""#text"":""3221226021""},{""@Name"":""ProcessCreationTime"",""#text"":""2020-09-18 21:42:39.6472675""},{""@Name"":""ClientProcessId"",""#text"":""448""}]}}"
1129,1129,2020-09-18 22:44:13.1623944,5058,LogAlways,Microsoft-Windows-Security-Auditing,Security,648,688,DESKTOP-SDN1RPT.C137.local,13,,,,,,,,,,,,False,D:\Software\CTF\Misc\EvtxECmd\Security.evtx,Audit success,0,"{""EventData"":{""Data"":[{""@Name"":""SubjectUserSid"",""#text"":""S-1-5-18""},{""@Name"":""SubjectUserName"",""#text"":""DESKTOP-SDN1RPT$""},{""@Name"":""SubjectDomainName"",""#text"":""C137""},{""@Name"":""SubjectLogonId"",""#text"":""0x3E7""},{""@Name"":""ClientProcessId"",""#text"":""448""},{""@Name"":""ClientCreationTime"",""#text"":""2020-09-18 21:42:39.6472675""},{""@Name"":""ProviderName"",""#text"":""Microsoft Software Key Storage Provider""},{""@Name"":""AlgorithmName"",""#text"":""UNKNOWN""},{""@Name"":""KeyName"",""#text"":""023096d3-e7ca-f220-df84-c43a15f89bcb""},{""@Name"":""KeyType"",""#text"":""%%2500""},{""@Name"":""KeyFilePath"",""#text"":""C:\\ProgramData\\Microsoft\\Crypto\\SystemKeys\\e86d09730aabb28b0a01e0ba60a7cfef_511cefa6-2706-41b2-b1d8-b70acd58c1f3""},{""@Name"":""Operation"",""#text"":""%%2458""},{""@Name"":""ReturnCode"",""#text"":""0x0""}]}}"
1130,1130,2020-09-18 22:44:13.1626105,5061,LogAlways,Microsoft-Windows-Security-Auditing,Security,648,688,DESKTOP-SDN1RPT.C137.local,13,,,,,,,,,,,,False,D:\Software\CTF\Misc\EvtxECmd\Security.evtx,Audit success,0,"{""EventData"":{""Data"":[{""@Name"":""SubjectUserSid"",""#text"":""S-1-5-18""},{""@Name"":""SubjectUserName"",""#text"":""DESKTOP-SDN1RPT$""},{""@Name"":""SubjectDomainName"",""#text"":""C137""},{""@Name"":""SubjectLogonId"",""#text"":""0x3E7""},{""@Name"":""ProviderName"",""#text"":""Microsoft Software Key Storage Provider""},{""@Name"":""AlgorithmName"",""#text"":""RSA""},{""@Name"":""KeyName"",""#text"":""023096d3-e7ca-f220-df84-c43a15f89bcb""},{""@Name"":""KeyType"",""#text"":""%%2500""},{""@Name"":""Operation"",""#text"":""%%2480""},{""@Name"":""ReturnCode"",""#text"":""0x0""}]}}"
1131,1131,2020-09-18 22:44:13.1727607,5061,LogAlways,Microsoft-Windows-Security-Auditing,Security,648,2748,DESKTOP-SDN1RPT.C137.local,13,,,,,,,,,,,,False,D:\Software\CTF\Misc\EvtxECmd\Security.evtx,Audit failure,640,"{""EventData"":{""Data"":[{""@Name"":""SubjectUserSid"",""#text"":""S-1-5-21-2232410529-1445159330-2725690660-1106""},{""@Name"":""SubjectUserName"",""#text"":""ricksanchez""},{""@Name"":""SubjectDomainName"",""#text"":""C137""},{""@Name"":""SubjectLogonId"",""#text"":""0x11D01F""},{""@Name"":""ProviderName"",""#text"":""Microsoft Software Key Storage Provider""},{""@Name"":""AlgorithmName"",""#text"":""UNKNOWN""},{""@Name"":""KeyName"",""#text"":""Microsoft Connected Devices Platform device certificate""},{""@Name"":""KeyType"",""#text"":""%%2500""},{""@Name"":""Operation"",""#text"":""%%2480""},{""@Name"":""ReturnCode"",""#text"":""0x80090016""}]}}"
1132,1132,2020-09-18 22:44:13.1736925,5061,LogAlways,Microsoft-Windows-Security-Auditing,Security,648,2748,DESKTOP-SDN1RPT.C137.local,13,,,,,,,,,,,,False,D:\Software\CTF\Misc\EvtxECmd\Security.evtx,Audit failure,0,"{""EventData"":{""Data"":[{""@Name"":""SubjectUserSid"",""#text"":""S-1-5-21-2232410529-1445159330-2725690660-1106""},{""@Name"":""SubjectUserName"",""#text"":""ricksanchez""},{""@Name"":""SubjectDomainName"",""#text"":""C137""},{""@Name"":""SubjectLogonId"",""#text"":""0x11D01F""},{""@Name"":""ProviderName"",""#text"":""Microsoft Software Key Storage Provider""},{""@Name"":""AlgorithmName"",""#text"":""UNKNOWN""},{""@Name"":""KeyName"",""#text"":""Microsoft Connected Devices Platform device certificate""},{""@Name"":""KeyType"",""#text"":""%%2500""},{""@Name"":""Operation"",""#text"":""%%2480""},{""@Name"":""ReturnCode"",""#text"":""0x80090016""}]}}"
1133,1133,2020-09-18 22:44:13.1755244,5061,LogAlways,Microsoft-Windows-Security-Auditing,Security,648,2748,DESKTOP-SDN1RPT.C137.local,13,,,,,,,,,,,,False,D:\Software\CTF\Misc\EvtxECmd\Security.evtx,Audit failure,0,"{""EventData"":{""Data"":[{""@Name"":""SubjectUserSid"",""#text"":""S-1-5-21-2232410529-1445159330-2725690660-1106""},{""@Name"":""SubjectUserName"",""#text"":""ricksanchez""},{""@Name"":""SubjectDomainName"",""#text"":""C137""},{""@Name"":""SubjectLogonId"",""#text"":""0x11D01F""},{""@Name"":""ProviderName"",""#text"":""Microsoft Software Key Storage Provider""},{""@Name"":""AlgorithmName"",""#text"":""UNKNOWN""},{""@Name"":""KeyName"",""#text"":""Microsoft Connected Devices Platform device certificate""},{""@Name"":""KeyType"",""#text"":""%%2500""},{""@Name"":""Operation"",""#text"":""%%2480""},{""@Name"":""ReturnCode"",""#text"":""0x80090016""}]}}"
1134,1134,2020-09-18 22:44:13.1788242,5379,LogAlways,Microsoft-Windows-Security-Auditing,Security,648,688,DESKTOP-SDN1RPT.C137.local,13,,Credential Manager credentials were read,ricksanchez,,SID: S-1-5-21-2232410529-1445159330-2725690660-1106,Domain: C137,LogonID: 0x11D01F,CountOfCredentialsReturned: 1,,ActivityID: 9f37c062-8e04-0000-f2c0-379f048ed601,MicrosoftAccount:user=02zsaylarvlymasv,False,D:\Software\CTF\Misc\EvtxECmd\Security.evtx,Audit success,0,"{""EventData"":{""Data"":[{""@Name"":""SubjectUserSid"",""#text"":""S-1-5-21-2232410529-1445159330-2725690660-1106""},{""@Name"":""SubjectUserName"",""#text"":""ricksanchez""},{""@Name"":""SubjectDomainName"",""#text"":""C137""},{""@Name"":""SubjectLogonId"",""#text"":""0x11D01F""},{""@Name"":""TargetName"",""#text"":""MicrosoftAccount:user=02zsaylarvlymasv""},{""@Name"":""Type"",""#text"":""1""},{""@Name"":""CountOfCredentialsReturned"",""#text"":""1""},{""@Name"":""ReadOperation"",""#text"":""%%8099""},{""@Name"":""ReturnCode"",""#text"":""3221226021""},{""@Name"":""ProcessCreationTime"",""#text"":""2020-09-18 21:42:39.6472675""},{""@Name"":""ClientProcessId"",""#text"":""448""}]}}"
1135,1135,2020-09-18 22:44:13.1815543,5379,LogAlways,Microsoft-Windows-Security-Auditing,Security,648,688,DESKTOP-SDN1RPT.C137.local,13,,Credential Manager credentials were read,ricksanchez,,SID: S-1-5-21-2232410529-1445159330-2725690660-1106,Domain: C137,LogonID: 0x11D01F,CountOfCredentialsReturned: 0,,ActivityID: 9f37c062-8e04-0000-f2c0-379f048ed601,MicrosoftAccount:user=02zsaylarvlymasv,False,D:\Software\CTF\Misc\EvtxECmd\Security.evtx,Audit success,0,"{""EventData"":{""Data"":[{""@Name"":""SubjectUserSid"",""#text"":""S-1-5-21-2232410529-1445159330-2725690660-1106""},{""@Name"":""SubjectUserName"",""#text"":""ricksanchez""},{""@Name"":""SubjectDomainName"",""#text"":""C137""},{""@Name"":""SubjectLogonId"",""#text"":""0x11D01F""},{""@Name"":""TargetName"",""#text"":""MicrosoftAccount:user=02zsaylarvlymasv""},{""@Name"":""Type"",""#text"":""0""},{""@Name"":""CountOfCredentialsReturned"",""#text"":""0""},{""@Name"":""ReadOperation"",""#text"":""%%8100""},{""@Name"":""ReturnCode"",""#text"":""3221226021""},{""@Name"":""ProcessCreationTime"",""#text"":""2020-09-18 21:42:39.6472675""},{""@Name"":""ClientProcessId"",""#text"":""448""}]}}"
1136,1136,2020-09-18 22:44:13.1821962,5379,LogAlways,Microsoft-Windows-Security-Auditing,Security,648,688,DESKTOP-SDN1RPT.C137.local,13,,Credential Manager credentials were read,ricksanchez,,SID: S-1-5-21-2232410529-1445159330-2725690660-1106,Domain: C137,LogonID: 0x11D01F,CountOfCredentialsReturned: 0,,ActivityID: 9f37c062-8e04-0000-f2c0-379f048ed601,WindowsLive:target=virtualapp/didlogical,False,D:\Software\CTF\Misc\EvtxECmd\Security.evtx,Audit success,0,"{""EventData"":{""Data"":[{""@Name"":""SubjectUserSid"",""#text"":""S-1-5-21-2232410529-1445159330-2725690660-1106""},{""@Name"":""SubjectUserName"",""#text"":""ricksanchez""},{""@Name"":""SubjectDomainName"",""#text"":""C137""},{""@Name"":""SubjectLogonId"",""#text"":""0x11D01F""},{""@Name"":""TargetName"",""#text"":""WindowsLive:target=virtualapp/didlogical""},{""@Name"":""Type"",""#text"":""0""},{""@Name"":""CountOfCredentialsReturned"",""#text"":""0""},{""@Name"":""ReadOperation"",""#text"":""%%8100""},{""@Name"":""ReturnCode"",""#text"":""3221226021""},{""@Name"":""ProcessCreationTime"",""#text"":""2020-09-18 21:42:39.6472675""},{""@Name"":""ClientProcessId"",""#text"":""448""}]}}"
1137,1137,2020-09-18 22:44:13.2709236,5058,LogAlways,Microsoft-Windows-Security-Auditing,Security,648,2748,DESKTOP-SDN1RPT.C137.local,13,,,,,,,,,,,,False,D:\Software\CTF\Misc\EvtxECmd\Security.evtx,Audit success,0,"{""EventData"":{""Data"":[{""@Name"":""SubjectUserSid"",""#text"":""S-1-5-21-2232410529-1445159330-2725690660-1106""},{""@Name"":""SubjectUserName"",""#text"":""ricksanchez""},{""@Name"":""SubjectDomainName"",""#text"":""C137""},{""@Name"":""SubjectLogonId"",""#text"":""0x11D01F""},{""@Name"":""ClientProcessId"",""#text"":""3388""},{""@Name"":""ClientCreationTime"",""#text"":""2020-09-18 22:44:12.7945692""},{""@Name"":""ProviderName"",""#text"":""Microsoft Software Key Storage Provider""},{""@Name"":""AlgorithmName"",""#text"":""ECDSA_P256""},{""@Name"":""KeyName"",""#text"":""Microsoft Connected Devices Platform device certificate""},{""@Name"":""KeyType"",""#text"":""%%2500""},{""@Name"":""KeyFilePath"",""#text"":""C:\\Users\\ricksanchez\\AppData\\Roaming\\Microsoft\\Crypto\\Keys\\de7cf8a7901d2ad13e5c67c29e5d1662_511cefa6-2706-41b2-b1d8-b70acd58c1f3""},{""@Name"":""Operation"",""#text"":""%%2459""},{""@Name"":""ReturnCode"",""#text"":""0x0""}]}}"
1138,1138,2020-09-18 22:44:13.2716822,5061,LogAlways,Microsoft-Windows-Security-Auditing,Security,648,2748,DESKTOP-SDN1RPT.C137.local,13,,,,,,,,,,,,False,D:\Software\CTF\Misc\EvtxECmd\Security.evtx,Audit success,0,"{""EventData"":{""Data"":[{""@Name"":""SubjectUserSid"",""#text"":""S-1-5-21-2232410529-1445159330-2725690660-1106""},{""@Name"":""SubjectUserName"",""#text"":""ricksanchez""},{""@Name"":""SubjectDomainName"",""#text"":""C137""},{""@Name"":""SubjectLogonId"",""#text"":""0x11D01F""},{""@Name"":""ProviderName"",""#text"":""Microsoft Software Key Storage Provider""},{""@Name"":""AlgorithmName"",""#text"":""ECDSA_P256""},{""@Name"":""KeyName"",""#text"":""Microsoft Connected Devices Platform device certificate""},{""@Name"":""KeyType"",""#text"":""%%2500""},{""@Name"":""Operation"",""#text"":""%%2481""},{""@Name"":""ReturnCode"",""#text"":""0x0""}]}}"
1139,1139,2020-09-18 22:44:13.2931999,5058,LogAlways,Microsoft-Windows-Security-Auditing,Security,648,704,DESKTOP-SDN1RPT.C137.local,13,,,,,,,,,,,,False,D:\Software\CTF\Misc\EvtxECmd\Security.evtx,Audit success,0,"{""EventData"":{""Data"":[{""@Name"":""SubjectUserSid"",""#text"":""S-1-5-21-2232410529-1445159330-2725690660-1106""},{""@Name"":""SubjectUserName"",""#text"":""ricksanchez""},{""@Name"":""SubjectDomainName"",""#text"":""C137""},{""@Name"":""SubjectLogonId"",""#text"":""0x11D01F""},{""@Name"":""ClientProcessId"",""#text"":""3388""},{""@Name"":""ClientCreationTime"",""#text"":""2020-09-18 22:44:12.7945692""},{""@Name"":""ProviderName"",""#text"":""Microsoft Software Key Storage Provider""},{""@Name"":""AlgorithmName"",""#text"":""UNKNOWN""},{""@Name"":""KeyName"",""#text"":""Microsoft Connected Devices Platform device certificate""},{""@Name"":""KeyType"",""#text"":""%%2500""},{""@Name"":""KeyFilePath"",""#text"":""C:\\Users\\ricksanchez\\AppData\\Roaming\\Microsoft\\Crypto\\Keys\\de7cf8a7901d2ad13e5c67c29e5d1662_511cefa6-2706-41b2-b1d8-b70acd58c1f3""},{""@Name"":""Operation"",""#text"":""%%2458""},{""@Name"":""ReturnCode"",""#text"":""0x0""}]}}"
1140,1140,2020-09-18 22:44:13.2935544,5061,LogAlways,Microsoft-Windows-Security-Auditing,Security,648,704,DESKTOP-SDN1RPT.C137.local,13,,,,,,,,,,,,False,D:\Software\CTF\Misc\EvtxECmd\Security.evtx,Audit success,0,"{""EventData"":{""Data"":[{""@Name"":""SubjectUserSid"",""#text"":""S-1-5-21-2232410529-1445159330-2725690660-1106""},{""@Name"":""SubjectUserName"",""#text"":""ricksanchez""},{""@Name"":""SubjectDomainName"",""#text"":""C137""},{""@Name"":""SubjectLogonId"",""#text"":""0x11D01F""},{""@Name"":""ProviderName"",""#text"":""Microsoft Software Key Storage Provider""},{""@Name"":""AlgorithmName"",""#text"":""ECDSA_P256""},{""@Name"":""KeyName"",""#text"":""Microsoft Connected Devices Platform device certificate""},{""@Name"":""KeyType"",""#text"":""%%2500""},{""@Name"":""Operation"",""#text"":""%%2480""},{""@Name"":""ReturnCode"",""#text"":""0x0""}]}}"
1141,1141,2020-09-18 22:44:13.2945393,5059,LogAlways,Microsoft-Windows-Security-Auditing,Security,648,704,DESKTOP-SDN1RPT.C137.local,13,,,,,,,,,,,,False,D:\Software\CTF\Misc\EvtxECmd\Security.evtx,Audit success,0,"{""EventData"":{""Data"":[{""@Name"":""SubjectUserSid"",""#text"":""S-1-5-21-2232410529-1445159330-2725690660-1106""},{""@Name"":""SubjectUserName"",""#text"":""ricksanchez""},{""@Name"":""SubjectDomainName"",""#text"":""C137""},{""@Name"":""SubjectLogonId"",""#text"":""0x11D01F""},{""@Name"":""ClientProcessId"",""#text"":""3388""},{""@Name"":""ClientCreationTime"",""#text"":""2020-09-18 22:44:12.7945692""},{""@Name"":""ProviderName"",""#text"":""Microsoft Software Key Storage Provider""},{""@Name"":""AlgorithmName"",""#text"":""ECDSA_P256""},{""@Name"":""KeyName"",""#text"":""Microsoft Connected Devices Platform device certificate""},{""@Name"":""KeyType"",""#text"":""%%2500""},{""@Name"":""Operation"",""#text"":""%%2464""},{""@Name"":""ReturnCode"",""#text"":""0x0""}]}}"
1142,1142,2020-09-18 22:44:13.2954277,5059,LogAlways,Microsoft-Windows-Security-Auditing,Security,648,704,DESKTOP-SDN1RPT.C137.local,13,,,,,,,,,,,,False,D:\Software\CTF\Misc\EvtxECmd\Security.evtx,Audit success,0,"{""EventData"":{""Data"":[{""@Name"":""SubjectUserSid"",""#text"":""S-1-5-21-2232410529-1445159330-2725690660-1106""},{""@Name"":""SubjectUserName"",""#text"":""ricksanchez""},{""@Name"":""SubjectDomainName"",""#text"":""C137""},{""@Name"":""SubjectLogonId"",""#text"":""0x11D01F""},{""@Name"":""ClientProcessId"",""#text"":""3388""},{""@Name"":""ClientCreationTime"",""#text"":""2020-09-18 22:44:12.7945692""},{""@Name"":""ProviderName"",""#text"":""Microsoft Software Key Storage Provider""},{""@Name"":""AlgorithmName"",""#text"":""ECDSA_P256""},{""@Name"":""KeyName"",""#text"":""Microsoft Connected Devices Platform device certificate""},{""@Name"":""KeyType"",""#text"":""%%2500""},{""@Name"":""Operation"",""#text"":""%%2464""},{""@Name"":""ReturnCode"",""#text"":""0x0""}]}}"
1143,1143,2020-09-18 22:44:13.2998912,5059,LogAlways,Microsoft-Windows-Security-Auditing,Security,648,704,DESKTOP-SDN1RPT.C137.local,13,,,,,,,,,,,,False,D:\Software\CTF\Misc\EvtxECmd\Security.evtx,Audit success,0,"{""EventData"":{""Data"":[{""@Name"":""SubjectUserSid"",""#text"":""S-1-5-21-2232410529-1445159330-2725690660-1106""},{""@Name"":""SubjectUserName"",""#text"":""ricksanchez""},{""@Name"":""SubjectDomainName"",""#text"":""C137""},{""@Name"":""SubjectLogonId"",""#text"":""0x11D01F""},{""@Name"":""ClientProcessId"",""#text"":""3388""},{""@Name"":""ClientCreationTime"",""#text"":""2020-09-18 22:44:12.7945692""},{""@Name"":""ProviderName"",""#text"":""Microsoft Software Key Storage Provider""},{""@Name"":""AlgorithmName"",""#text"":""ECDSA_P256""},{""@Name"":""KeyName"",""#text"":""Microsoft Connected Devices Platform device certificate""},{""@Name"":""KeyType"",""#text"":""%%2500""},{""@Name"":""Operation"",""#text"":""%%2464""},{""@Name"":""ReturnCode"",""#text"":""0x0""}]}}"
1144,1144,2020-09-18 22:44:13.3463218,4799,LogAlways,Microsoft-Windows-Security-Auditing,Security,648,704,DESKTOP-SDN1RPT.C137.local,13,,A security-enabled local group membership was enumerated,C137\DESKTOP-SDN1RPT$ (S-1-5-18),,Target: Builtin\Administrators (S-1-5-32-544),SubjectLogonId: 0x3E7,CallerProcessName: C:\Windows\System32\SearchIndexer.exe,CallerProcessId: 0x1014,,,,False,D:\Software\CTF\Misc\EvtxECmd\Security.evtx,Audit success,0,"{""EventData"":{""Data"":[{""@Name"":""TargetUserName"",""#text"":""Administrators""},{""@Name"":""TargetDomainName"",""#text"":""Builtin""},{""@Name"":""TargetSid"",""#text"":""S-1-5-32-544""},{""@Name"":""SubjectUserSid"",""#text"":""S-1-5-18""},{""@Name"":""SubjectUserName"",""#text"":""DESKTOP-SDN1RPT$""},{""@Name"":""SubjectDomainName"",""#text"":""C137""},{""@Name"":""SubjectLogonId"",""#text"":""0x3E7""},{""@Name"":""CallerProcessId"",""#text"":""0x1014""},{""@Name"":""CallerProcessName"",""#text"":""C:\\Windows\\System32\\SearchIndexer.exe""}]}}"
1145,1145,2020-09-18 22:44:13.3475054,4799,LogAlways,Microsoft-Windows-Security-Auditing,Security,648,704,DESKTOP-SDN1RPT.C137.local,13,,A security-enabled local group membership was enumerated,C137\DESKTOP-SDN1RPT$ (S-1-5-18),,Target: Builtin\Backup Operators (S-1-5-32-551),SubjectLogonId: 0x3E7,CallerProcessName: C:\Windows\System32\SearchIndexer.exe,CallerProcessId: 0x1014,,,,False,D:\Software\CTF\Misc\EvtxECmd\Security.evtx,Audit success,0,"{""EventData"":{""Data"":[{""@Name"":""TargetUserName"",""#text"":""Backup Operators""},{""@Name"":""TargetDomainName"",""#text"":""Builtin""},{""@Name"":""TargetSid"",""#text"":""S-1-5-32-551""},{""@Name"":""SubjectUserSid"",""#text"":""S-1-5-18""},{""@Name"":""SubjectUserName"",""#text"":""DESKTOP-SDN1RPT$""},{""@Name"":""SubjectDomainName"",""#text"":""C137""},{""@Name"":""SubjectLogonId"",""#text"":""0x3E7""},{""@Name"":""CallerProcessId"",""#text"":""0x1014""},{""@Name"":""CallerProcessName"",""#text"":""C:\\Windows\\System32\\SearchIndexer.exe""}]}}"
1146,1146,2020-09-18 22:44:13.8210639,4624,LogAlways,Microsoft-Windows-Security-Auditing,Security,648,708,DESKTOP-SDN1RPT.C137.local,13,,Successful logon,C137\DESKTOP-SDN1RPT$,- (-),Target: NT AUTHORITY\SYSTEM,LogonType 5,LogonId: 0x3E7,AuthenticationPackageName: Negotiate,"LogonProcessName: Advapi  ",,C:\Windows\System32\services.exe,False,D:\Software\CTF\Misc\EvtxECmd\Security.evtx,Audit success,0,"{""EventData"":{""Data"":[{""@Name"":""SubjectUserSid"",""#text"":""S-1-5-18""},{""@Name"":""SubjectUserName"",""#text"":""DESKTOP-SDN1RPT$""},{""@Name"":""SubjectDomainName"",""#text"":""C137""},{""@Name"":""SubjectLogonId"",""#text"":""0x3E7""},{""@Name"":""TargetUserSid"",""#text"":""S-1-5-18""},{""@Name"":""TargetUserName"",""#text"":""SYSTEM""},{""@Name"":""TargetDomainName"",""#text"":""NT AUTHORITY""},{""@Name"":""TargetLogonId"",""#text"":""0x3E7""},{""@Name"":""LogonType"",""#text"":""5""},{""@Name"":""LogonProcessName"",""#text"":""Advapi  ""},{""@Name"":""AuthenticationPackageName"",""#text"":""Negotiate""},{""@Name"":""WorkstationName"",""#text"":""-""},{""@Name"":""LogonGuid"",""#text"":""00000000-0000-0000-0000-000000000000""},{""@Name"":""TransmittedServices"",""#text"":""-""},{""@Name"":""LmPackageName"",""#text"":""-""},{""@Name"":""KeyLength"",""#text"":""0""},{""@Name"":""ProcessId"",""#text"":""0x280""},{""@Name"":""ProcessName"",""#text"":""C:\\Windows\\System32\\services.exe""},{""@Name"":""IpAddress"",""#text"":""-""},{""@Name"":""IpPort"",""#text"":""-""},{""@Name"":""ImpersonationLevel"",""#text"":""%%1833""},{""@Name"":""RestrictedAdminMode"",""#text"":""-""},{""@Name"":""TargetOutboundUserName"",""#text"":""-""},{""@Name"":""TargetOutboundDomainName"",""#text"":""-""},{""@Name"":""VirtualAccount"",""#text"":""%%1843""},{""@Name"":""TargetLinkedLogonId"",""#text"":""0x0""},{""@Name"":""ElevatedToken"",""#text"":""%%1842""}]}}"
1147,1147,2020-09-18 22:44:13.8210697,4672,LogAlways,Microsoft-Windows-Security-Auditing,Security,648,708,DESKTOP-SDN1RPT.C137.local,13,,Administrative logon,NT AUTHORITY\SYSTEM (S-1-5-18),,"PrivilegeList: SeAssignPrimaryTokenPrivilege, SeTcbPrivilege, SeSecurityPrivilege, SeTakeOwnershipPrivilege, SeLoadDriverPrivilege, SeBackupPrivilege, SeRestorePrivilege, SeDebugPrivilege, SeAuditPrivilege, SeSystemEnvironmentPrivilege, SeImpersonatePrivilege, SeDelegateSessionUserImpersonatePrivilege",LogonId: 0x3E7,,,,,,False,D:\Software\CTF\Misc\EvtxECmd\Security.evtx,Audit success,0,"{""EventData"":{""Data"":[{""@Name"":""SubjectUserSid"",""#text"":""S-1-5-18""},{""@Name"":""SubjectUserName"",""#text"":""SYSTEM""},{""@Name"":""SubjectDomainName"",""#text"":""NT AUTHORITY""},{""@Name"":""SubjectLogonId"",""#text"":""0x3E7""},{""@Name"":""PrivilegeList"",""#text"":""SeAssignPrimaryTokenPrivilege, SeTcbPrivilege, SeSecurityPrivilege, SeTakeOwnershipPrivilege, SeLoadDriverPrivilege, SeBackupPrivilege, SeRestorePrivilege, SeDebugPrivilege, SeAuditPrivilege, SeSystemEnvironmentPrivilege, SeImpersonatePrivilege, SeDelegateSessionUserImpersonatePrivilege""}]}}"
1148,1148,2020-09-18 22:44:15.6523277,5379,LogAlways,Microsoft-Windows-Security-Auditing,Security,648,2748,DESKTOP-SDN1RPT.C137.local,13,,Credential Manager credentials were read,ricksanchez,,SID: S-1-5-21-2232410529-1445159330-2725690660-1106,Domain: C137,LogonID: 0x11D01F,CountOfCredentialsReturned: 0,,ActivityID: 9f37c062-8e04-0000-f2c0-379f048ed601,MicrosoftAccount:user=02zsaylarvlymasv,False,D:\Software\CTF\Misc\EvtxECmd\Security.evtx,Audit success,0,"{""EventData"":{""Data"":[{""@Name"":""SubjectUserSid"",""#text"":""S-1-5-21-2232410529-1445159330-2725690660-1106""},{""@Name"":""SubjectUserName"",""#text"":""ricksanchez""},{""@Name"":""SubjectDomainName"",""#text"":""C137""},{""@Name"":""SubjectLogonId"",""#text"":""0x11D01F""},{""@Name"":""TargetName"",""#text"":""MicrosoftAccount:user=02zsaylarvlymasv""},{""@Name"":""Type"",""#text"":""0""},{""@Name"":""CountOfCredentialsReturned"",""#text"":""0""},{""@Name"":""ReadOperation"",""#text"":""%%8100""},{""@Name"":""ReturnCode"",""#text"":""3221226021""},{""@Name"":""ProcessCreationTime"",""#text"":""2020-09-18 21:42:39.6472675""},{""@Name"":""ClientProcessId"",""#text"":""448""}]}}"
1149,1149,2020-09-18 22:44:15.6524409,5379,LogAlways,Microsoft-Windows-Security-Auditing,Security,648,2748,DESKTOP-SDN1RPT.C137.local,13,,Credential Manager credentials were read,ricksanchez,,SID: S-1-5-21-2232410529-1445159330-2725690660-1106,Domain: C137,LogonID: 0x11D01F,CountOfCredentialsReturned: 0,,ActivityID: 9f37c062-8e04-0000-f2c0-379f048ed601,WindowsLive:(token):name=02zsaylarvlymasv;serviceuri=*,False,D:\Software\CTF\Misc\EvtxECmd\Security.evtx,Audit success,0,"{""EventData"":{""Data"":[{""@Name"":""SubjectUserSid"",""#text"":""S-1-5-21-2232410529-1445159330-2725690660-1106""},{""@Name"":""SubjectUserName"",""#text"":""ricksanchez""},{""@Name"":""SubjectDomainName"",""#text"":""C137""},{""@Name"":""SubjectLogonId"",""#text"":""0x11D01F""},{""@Name"":""TargetName"",""#text"":""WindowsLive:(token):name=02zsaylarvlymasv;serviceuri=*""},{""@Name"":""Type"",""#text"":""0""},{""@Name"":""CountOfCredentialsReturned"",""#text"":""0""},{""@Name"":""ReadOperation"",""#text"":""%%8100""},{""@Name"":""ReturnCode"",""#text"":""3221226021""},{""@Name"":""ProcessCreationTime"",""#text"":""2020-09-18 21:42:39.6472675""},{""@Name"":""ClientProcessId"",""#text"":""448""}]}}"
1150,1150,2020-09-18 22:44:15.6531692,5379,LogAlways,Microsoft-Windows-Security-Auditing,Security,648,2748,DESKTOP-SDN1RPT.C137.local,13,,Credential Manager credentials were read,ricksanchez,,SID: S-1-5-21-2232410529-1445159330-2725690660-1106,Domain: C137,LogonID: 0x11D01F,CountOfCredentialsReturned: 0,,ActivityID: 9f37c062-8e04-0000-f2c0-379f048ed601,WindowsLive:(cert):name=02zsaylarvlymasv;serviceuri=*,False,D:\Software\CTF\Misc\EvtxECmd\Security.evtx,Audit success,0,"{""EventData"":{""Data"":[{""@Name"":""SubjectUserSid"",""#text"":""S-1-5-21-2232410529-1445159330-2725690660-1106""},{""@Name"":""SubjectUserName"",""#text"":""ricksanchez""},{""@Name"":""SubjectDomainName"",""#text"":""C137""},{""@Name"":""SubjectLogonId"",""#text"":""0x11D01F""},{""@Name"":""TargetName"",""#text"":""WindowsLive:(cert):name=02zsaylarvlymasv;serviceuri=*""},{""@Name"":""Type"",""#text"":""0""},{""@Name"":""CountOfCredentialsReturned"",""#text"":""0""},{""@Name"":""ReadOperation"",""#text"":""%%8100""},{""@Name"":""ReturnCode"",""#text"":""3221226021""},{""@Name"":""ProcessCreationTime"",""#text"":""2020-09-18 21:42:39.6472675""},{""@Name"":""ClientProcessId"",""#text"":""448""}]}}"
1151,1151,2020-09-18 22:44:15.7944075,5379,LogAlways,Microsoft-Windows-Security-Auditing,Security,648,2748,DESKTOP-SDN1RPT.C137.local,13,,Credential Manager credentials were read,ricksanchez,,SID: S-1-5-21-2232410529-1445159330-2725690660-1106,Domain: C137,LogonID: 0x11D01F,CountOfCredentialsReturned: 0,,ActivityID: 9f37c062-8e04-0000-f2c0-379f048ed601,MicrosoftAccount:user=02zsaylarvlymasv,False,D:\Software\CTF\Misc\EvtxECmd\Security.evtx,Audit success,0,"{""EventData"":{""Data"":[{""@Name"":""SubjectUserSid"",""#text"":""S-1-5-21-2232410529-1445159330-2725690660-1106""},{""@Name"":""SubjectUserName"",""#text"":""ricksanchez""},{""@Name"":""SubjectDomainName"",""#text"":""C137""},{""@Name"":""SubjectLogonId"",""#text"":""0x11D01F""},{""@Name"":""TargetName"",""#text"":""MicrosoftAccount:user=02zsaylarvlymasv""},{""@Name"":""Type"",""#text"":""0""},{""@Name"":""CountOfCredentialsReturned"",""#text"":""0""},{""@Name"":""ReadOperation"",""#text"":""%%8100""},{""@Name"":""ReturnCode"",""#text"":""3221226021""},{""@Name"":""ProcessCreationTime"",""#text"":""2020-09-18 21:42:39.6472675""},{""@Name"":""ClientProcessId"",""#text"":""448""}]}}"
1152,1152,2020-09-18 22:44:15.7984383,5379,LogAlways,Microsoft-Windows-Security-Auditing,Security,648,2748,DESKTOP-SDN1RPT.C137.local,13,,Credential Manager credentials were read,ricksanchez,,SID: S-1-5-21-2232410529-1445159330-2725690660-1106,Domain: C137,LogonID: 0x11D01F,CountOfCredentialsReturned: 0,,ActivityID: 9f37c062-8e04-0000-f2c0-379f048ed601,MicrosoftAccount:user=02zsaylarvlymasv,False,D:\Software\CTF\Misc\EvtxECmd\Security.evtx,Audit success,0,"{""EventData"":{""Data"":[{""@Name"":""SubjectUserSid"",""#text"":""S-1-5-21-2232410529-1445159330-2725690660-1106""},{""@Name"":""SubjectUserName"",""#text"":""ricksanchez""},{""@Name"":""SubjectDomainName"",""#text"":""C137""},{""@Name"":""SubjectLogonId"",""#text"":""0x11D01F""},{""@Name"":""TargetName"",""#text"":""MicrosoftAccount:user=02zsaylarvlymasv""},{""@Name"":""Type"",""#text"":""0""},{""@Name"":""CountOfCredentialsReturned"",""#text"":""0""},{""@Name"":""ReadOperation"",""#text"":""%%8100""},{""@Name"":""ReturnCode"",""#text"":""3221226021""},{""@Name"":""ProcessCreationTime"",""#text"":""2020-09-18 21:42:39.6472675""},{""@Name"":""ClientProcessId"",""#text"":""448""}]}}"
1153,1153,2020-09-18 22:44:15.8051334,5379,LogAlways,Microsoft-Windows-Security-Auditing,Security,648,688,DESKTOP-SDN1RPT.C137.local,13,,Credential Manager credentials were read,ricksanchez,,SID: S-1-5-21-2232410529-1445159330-2725690660-1106,Domain: C137,LogonID: 0x11D01F,CountOfCredentialsReturned: 0,,ActivityID: 9f37c062-8e04-0000-f2c0-379f048ed601,MicrosoftAccount:user=02zsaylarvlymasv,False,D:\Software\CTF\Misc\EvtxECmd\Security.evtx,Audit success,0,"{""EventData"":{""Data"":[{""@Name"":""SubjectUserSid"",""#text"":""S-1-5-21-2232410529-1445159330-2725690660-1106""},{""@Name"":""SubjectUserName"",""#text"":""ricksanchez""},{""@Name"":""SubjectDomainName"",""#text"":""C137""},{""@Name"":""SubjectLogonId"",""#text"":""0x11D01F""},{""@Name"":""TargetName"",""#text"":""MicrosoftAccount:user=02zsaylarvlymasv""},{""@Name"":""Type"",""#text"":""0""},{""@Name"":""CountOfCredentialsReturned"",""#text"":""0""},{""@Name"":""ReadOperation"",""#text"":""%%8100""},{""@Name"":""ReturnCode"",""#text"":""3221226021""},{""@Name"":""ProcessCreationTime"",""#text"":""2020-09-18 21:42:39.6472675""},{""@Name"":""ClientProcessId"",""#text"":""448""}]}}"
1154,1154,2020-09-18 22:44:15.8053484,5379,LogAlways,Microsoft-Windows-Security-Auditing,Security,648,688,DESKTOP-SDN1RPT.C137.local,13,,Credential Manager credentials were read,ricksanchez,,SID: S-1-5-21-2232410529-1445159330-2725690660-1106,Domain: C137,LogonID: 0x11D01F,CountOfCredentialsReturned: 0,,ActivityID: 9f37c062-8e04-0000-f2c0-379f048ed601,MicrosoftAccount:user=02zsaylarvlymasv,False,D:\Software\CTF\Misc\EvtxECmd\Security.evtx,Audit success,0,"{""EventData"":{""Data"":[{""@Name"":""SubjectUserSid"",""#text"":""S-1-5-21-2232410529-1445159330-2725690660-1106""},{""@Name"":""SubjectUserName"",""#text"":""ricksanchez""},{""@Name"":""SubjectDomainName"",""#text"":""C137""},{""@Name"":""SubjectLogonId"",""#text"":""0x11D01F""},{""@Name"":""TargetName"",""#text"":""MicrosoftAccount:user=02zsaylarvlymasv""},{""@Name"":""Type"",""#text"":""0""},{""@Name"":""CountOfCredentialsReturned"",""#text"":""0""},{""@Name"":""ReadOperation"",""#text"":""%%8100""},{""@Name"":""ReturnCode"",""#text"":""3221226021""},{""@Name"":""ProcessCreationTime"",""#text"":""2020-09-18 21:42:39.6472675""},{""@Name"":""ClientProcessId"",""#text"":""448""}]}}"
1155,1155,2020-09-18 22:44:17.0795785,5379,LogAlways,Microsoft-Windows-Security-Auditing,Security,648,708,DESKTOP-SDN1RPT.C137.local,13,,Credential Manager credentials were read,ricksanchez,,SID: S-1-5-21-2232410529-1445159330-2725690660-1106,Domain: C137,LogonID: 0x11CFC4,CountOfCredentialsReturned: 0,,ActivityID: 9f37c062-8e04-0000-f2c0-379f048ed601,MicrosoftAccount:user=02zsaylarvlymasv,False,D:\Software\CTF\Misc\EvtxECmd\Security.evtx,Audit success,0,"{""EventData"":{""Data"":[{""@Name"":""SubjectUserSid"",""#text"":""S-1-5-21-2232410529-1445159330-2725690660-1106""},{""@Name"":""SubjectUserName"",""#text"":""ricksanchez""},{""@Name"":""SubjectDomainName"",""#text"":""C137""},{""@Name"":""SubjectLogonId"",""#text"":""0x11CFC4""},{""@Name"":""TargetName"",""#text"":""MicrosoftAccount:user=02zsaylarvlymasv""},{""@Name"":""Type"",""#text"":""0""},{""@Name"":""CountOfCredentialsReturned"",""#text"":""0""},{""@Name"":""ReadOperation"",""#text"":""%%8100""},{""@Name"":""ReturnCode"",""#text"":""3221226021""},{""@Name"":""ProcessCreationTime"",""#text"":""2020-09-18 21:42:39.6472675""},{""@Name"":""ClientProcessId"",""#text"":""448""}]}}"
1156,1156,2020-09-18 22:44:17.0798623,5379,LogAlways,Microsoft-Windows-Security-Auditing,Security,648,708,DESKTOP-SDN1RPT.C137.local,13,,Credential Manager credentials were read,ricksanchez,,SID: S-1-5-21-2232410529-1445159330-2725690660-1106,Domain: C137,LogonID: 0x11CFC4,CountOfCredentialsReturned: 0,,ActivityID: 9f37c062-8e04-0000-f2c0-379f048ed601,WindowsLive:(token):name=02zsaylarvlymasv;serviceuri=*,False,D:\Software\CTF\Misc\EvtxECmd\Security.evtx,Audit success,0,"{""EventData"":{""Data"":[{""@Name"":""SubjectUserSid"",""#text"":""S-1-5-21-2232410529-1445159330-2725690660-1106""},{""@Name"":""SubjectUserName"",""#text"":""ricksanchez""},{""@Name"":""SubjectDomainName"",""#text"":""C137""},{""@Name"":""SubjectLogonId"",""#text"":""0x11CFC4""},{""@Name"":""TargetName"",""#text"":""WindowsLive:(token):name=02zsaylarvlymasv;serviceuri=*""},{""@Name"":""Type"",""#text"":""0""},{""@Name"":""CountOfCredentialsReturned"",""#text"":""0""},{""@Name"":""ReadOperation"",""#text"":""%%8100""},{""@Name"":""ReturnCode"",""#text"":""3221226021""},{""@Name"":""ProcessCreationTime"",""#text"":""2020-09-18 21:42:39.6472675""},{""@Name"":""ClientProcessId"",""#text"":""448""}]}}"
1157,1157,2020-09-18 22:44:17.0812039,5379,LogAlways,Microsoft-Windows-Security-Auditing,Security,648,708,DESKTOP-SDN1RPT.C137.local,13,,Credential Manager credentials were read,ricksanchez,,SID: S-1-5-21-2232410529-1445159330-2725690660-1106,Domain: C137,LogonID: 0x11CFC4,CountOfCredentialsReturned: 0,,ActivityID: 9f37c062-8e04-0000-f2c0-379f048ed601,WindowsLive:(cert):name=02zsaylarvlymasv;serviceuri=*,False,D:\Software\CTF\Misc\EvtxECmd\Security.evtx,Audit success,0,"{""EventData"":{""Data"":[{""@Name"":""SubjectUserSid"",""#text"":""S-1-5-21-2232410529-1445159330-2725690660-1106""},{""@Name"":""SubjectUserName"",""#text"":""ricksanchez""},{""@Name"":""SubjectDomainName"",""#text"":""C137""},{""@Name"":""SubjectLogonId"",""#text"":""0x11CFC4""},{""@Name"":""TargetName"",""#text"":""WindowsLive:(cert):name=02zsaylarvlymasv;serviceuri=*""},{""@Name"":""Type"",""#text"":""0""},{""@Name"":""CountOfCredentialsReturned"",""#text"":""0""},{""@Name"":""ReadOperation"",""#text"":""%%8100""},{""@Name"":""ReturnCode"",""#text"":""3221226021""},{""@Name"":""ProcessCreationTime"",""#text"":""2020-09-18 21:42:39.6472675""},{""@Name"":""ClientProcessId"",""#text"":""448""}]}}"
1158,1158,2020-09-18 22:44:17.3722879,5379,LogAlways,Microsoft-Windows-Security-Auditing,Security,648,708,DESKTOP-SDN1RPT.C137.local,13,,Credential Manager credentials were read,ricksanchez,,SID: S-1-5-21-2232410529-1445159330-2725690660-1106,Domain: C137,LogonID: 0x11CFC4,CountOfCredentialsReturned: 0,,ActivityID: 9f37c062-8e04-0000-f2c0-379f048ed601,MicrosoftAccount:user=02zsaylarvlymasv,False,D:\Software\CTF\Misc\EvtxECmd\Security.evtx,Audit success,0,"{""EventData"":{""Data"":[{""@Name"":""SubjectUserSid"",""#text"":""S-1-5-21-2232410529-1445159330-2725690660-1106""},{""@Name"":""SubjectUserName"",""#text"":""ricksanchez""},{""@Name"":""SubjectDomainName"",""#text"":""C137""},{""@Name"":""SubjectLogonId"",""#text"":""0x11CFC4""},{""@Name"":""TargetName"",""#text"":""MicrosoftAccount:user=02zsaylarvlymasv""},{""@Name"":""Type"",""#text"":""0""},{""@Name"":""CountOfCredentialsReturned"",""#text"":""0""},{""@Name"":""ReadOperation"",""#text"":""%%8100""},{""@Name"":""ReturnCode"",""#text"":""3221226021""},{""@Name"":""ProcessCreationTime"",""#text"":""2020-09-18 21:42:39.6472675""},{""@Name"":""ClientProcessId"",""#text"":""448""}]}}"
1159,1159,2020-09-18 22:44:17.3748842,5379,LogAlways,Microsoft-Windows-Security-Auditing,Security,648,708,DESKTOP-SDN1RPT.C137.local,13,,Credential Manager credentials were read,ricksanchez,,SID: S-1-5-21-2232410529-1445159330-2725690660-1106,Domain: C137,LogonID: 0x11CFC4,CountOfCredentialsReturned: 0,,ActivityID: 9f37c062-8e04-0000-f2c0-379f048ed601,MicrosoftAccount:user=02zsaylarvlymasv,False,D:\Software\CTF\Misc\EvtxECmd\Security.evtx,Audit success,0,"{""EventData"":{""Data"":[{""@Name"":""SubjectUserSid"",""#text"":""S-1-5-21-2232410529-1445159330-2725690660-1106""},{""@Name"":""SubjectUserName"",""#text"":""ricksanchez""},{""@Name"":""SubjectDomainName"",""#text"":""C137""},{""@Name"":""SubjectLogonId"",""#text"":""0x11CFC4""},{""@Name"":""TargetName"",""#text"":""MicrosoftAccount:user=02zsaylarvlymasv""},{""@Name"":""Type"",""#text"":""0""},{""@Name"":""CountOfCredentialsReturned"",""#text"":""0""},{""@Name"":""ReadOperation"",""#text"":""%%8100""},{""@Name"":""ReturnCode"",""#text"":""3221226021""},{""@Name"":""ProcessCreationTime"",""#text"":""2020-09-18 21:42:39.6472675""},{""@Name"":""ClientProcessId"",""#text"":""448""}]}}"
1160,1160,2020-09-18 22:44:17.3768514,5379,LogAlways,Microsoft-Windows-Security-Auditing,Security,648,708,DESKTOP-SDN1RPT.C137.local,13,,Credential Manager credentials were read,ricksanchez,,SID: S-1-5-21-2232410529-1445159330-2725690660-1106,Domain: C137,LogonID: 0x11CFC4,CountOfCredentialsReturned: 0,,ActivityID: 9f37c062-8e04-0000-f2c0-379f048ed601,MicrosoftAccount:user=02zsaylarvlymasv,False,D:\Software\CTF\Misc\EvtxECmd\Security.evtx,Audit success,0,"{""EventData"":{""Data"":[{""@Name"":""SubjectUserSid"",""#text"":""S-1-5-21-2232410529-1445159330-2725690660-1106""},{""@Name"":""SubjectUserName"",""#text"":""ricksanchez""},{""@Name"":""SubjectDomainName"",""#text"":""C137""},{""@Name"":""SubjectLogonId"",""#text"":""0x11CFC4""},{""@Name"":""TargetName"",""#text"":""MicrosoftAccount:user=02zsaylarvlymasv""},{""@Name"":""Type"",""#text"":""0""},{""@Name"":""CountOfCredentialsReturned"",""#text"":""0""},{""@Name"":""ReadOperation"",""#text"":""%%8100""},{""@Name"":""ReturnCode"",""#text"":""3221226021""},{""@Name"":""ProcessCreationTime"",""#text"":""2020-09-18 21:42:39.6472675""},{""@Name"":""ClientProcessId"",""#text"":""448""}]}}"
1161,1161,2020-09-18 22:44:17.3769399,5379,LogAlways,Microsoft-Windows-Security-Auditing,Security,648,708,DESKTOP-SDN1RPT.C137.local,13,,Credential Manager credentials were read,ricksanchez,,SID: S-1-5-21-2232410529-1445159330-2725690660-1106,Domain: C137,LogonID: 0x11CFC4,CountOfCredentialsReturned: 0,,ActivityID: 9f37c062-8e04-0000-f2c0-379f048ed601,MicrosoftAccount:user=02zsaylarvlymasv,False,D:\Software\CTF\Misc\EvtxECmd\Security.evtx,Audit success,0,"{""EventData"":{""Data"":[{""@Name"":""SubjectUserSid"",""#text"":""S-1-5-21-2232410529-1445159330-2725690660-1106""},{""@Name"":""SubjectUserName"",""#text"":""ricksanchez""},{""@Name"":""SubjectDomainName"",""#text"":""C137""},{""@Name"":""SubjectLogonId"",""#text"":""0x11CFC4""},{""@Name"":""TargetName"",""#text"":""MicrosoftAccount:user=02zsaylarvlymasv""},{""@Name"":""Type"",""#text"":""0""},{""@Name"":""CountOfCredentialsReturned"",""#text"":""0""},{""@Name"":""ReadOperation"",""#text"":""%%8100""},{""@Name"":""ReturnCode"",""#text"":""3221226021""},{""@Name"":""ProcessCreationTime"",""#text"":""2020-09-18 21:42:39.6472675""},{""@Name"":""ClientProcessId"",""#text"":""448""}]}}"
1162,1162,2020-09-18 22:44:26.9337363,5379,LogAlways,Microsoft-Windows-Security-Auditing,Security,648,688,DESKTOP-SDN1RPT.C137.local,13,,Credential Manager credentials were read,ricksanchez,,SID: S-1-5-21-2232410529-1445159330-2725690660-1106,Domain: C137,LogonID: 0x11D01F,CountOfCredentialsReturned: 0,,ActivityID: 9f37c062-8e04-0000-f2c0-379f048ed601,MicrosoftAccount:user=02zsaylarvlymasv,False,D:\Software\CTF\Misc\EvtxECmd\Security.evtx,Audit success,0,"{""EventData"":{""Data"":[{""@Name"":""SubjectUserSid"",""#text"":""S-1-5-21-2232410529-1445159330-2725690660-1106""},{""@Name"":""SubjectUserName"",""#text"":""ricksanchez""},{""@Name"":""SubjectDomainName"",""#text"":""C137""},{""@Name"":""SubjectLogonId"",""#text"":""0x11D01F""},{""@Name"":""TargetName"",""#text"":""MicrosoftAccount:user=02zsaylarvlymasv""},{""@Name"":""Type"",""#text"":""0""},{""@Name"":""CountOfCredentialsReturned"",""#text"":""0""},{""@Name"":""ReadOperation"",""#text"":""%%8100""},{""@Name"":""ReturnCode"",""#text"":""3221226021""},{""@Name"":""ProcessCreationTime"",""#text"":""2020-09-18 21:42:39.6472675""},{""@Name"":""ClientProcessId"",""#text"":""448""}]}}"
1163,1163,2020-09-18 22:44:26.9338420,5379,LogAlways,Microsoft-Windows-Security-Auditing,Security,648,688,DESKTOP-SDN1RPT.C137.local,13,,Credential Manager credentials were read,ricksanchez,,SID: S-1-5-21-2232410529-1445159330-2725690660-1106,Domain: C137,LogonID: 0x11D01F,CountOfCredentialsReturned: 0,,ActivityID: 9f37c062-8e04-0000-f2c0-379f048ed601,WindowsLive:(token):name=02zsaylarvlymasv;serviceuri=*,False,D:\Software\CTF\Misc\EvtxECmd\Security.evtx,Audit success,0,"{""EventData"":{""Data"":[{""@Name"":""SubjectUserSid"",""#text"":""S-1-5-21-2232410529-1445159330-2725690660-1106""},{""@Name"":""SubjectUserName"",""#text"":""ricksanchez""},{""@Name"":""SubjectDomainName"",""#text"":""C137""},{""@Name"":""SubjectLogonId"",""#text"":""0x11D01F""},{""@Name"":""TargetName"",""#text"":""WindowsLive:(token):name=02zsaylarvlymasv;serviceuri=*""},{""@Name"":""Type"",""#text"":""0""},{""@Name"":""CountOfCredentialsReturned"",""#text"":""0""},{""@Name"":""ReadOperation"",""#text"":""%%8100""},{""@Name"":""ReturnCode"",""#text"":""3221226021""},{""@Name"":""ProcessCreationTime"",""#text"":""2020-09-18 21:42:39.6472675""},{""@Name"":""ClientProcessId"",""#text"":""448""}]}}"
1164,1164,2020-09-18 22:44:26.9346391,5379,LogAlways,Microsoft-Windows-Security-Auditing,Security,648,688,DESKTOP-SDN1RPT.C137.local,13,,Credential Manager credentials were read,ricksanchez,,SID: S-1-5-21-2232410529-1445159330-2725690660-1106,Domain: C137,LogonID: 0x11D01F,CountOfCredentialsReturned: 0,,ActivityID: 9f37c062-8e04-0000-f2c0-379f048ed601,WindowsLive:(cert):name=02zsaylarvlymasv;serviceuri=*,False,D:\Software\CTF\Misc\EvtxECmd\Security.evtx,Audit success,0,"{""EventData"":{""Data"":[{""@Name"":""SubjectUserSid"",""#text"":""S-1-5-21-2232410529-1445159330-2725690660-1106""},{""@Name"":""SubjectUserName"",""#text"":""ricksanchez""},{""@Name"":""SubjectDomainName"",""#text"":""C137""},{""@Name"":""SubjectLogonId"",""#text"":""0x11D01F""},{""@Name"":""TargetName"",""#text"":""WindowsLive:(cert):name=02zsaylarvlymasv;serviceuri=*""},{""@Name"":""Type"",""#text"":""0""},{""@Name"":""CountOfCredentialsReturned"",""#text"":""0""},{""@Name"":""ReadOperation"",""#text"":""%%8100""},{""@Name"":""ReturnCode"",""#text"":""3221226021""},{""@Name"":""ProcessCreationTime"",""#text"":""2020-09-18 21:42:39.6472675""},{""@Name"":""ClientProcessId"",""#text"":""448""}]}}"
1165,1165,2020-09-18 22:44:27.0753453,5379,LogAlways,Microsoft-Windows-Security-Auditing,Security,648,688,DESKTOP-SDN1RPT.C137.local,13,,Credential Manager credentials were read,ricksanchez,,SID: S-1-5-21-2232410529-1445159330-2725690660-1106,Domain: C137,LogonID: 0x11D01F,CountOfCredentialsReturned: 0,,ActivityID: 9f37c062-8e04-0000-f2c0-379f048ed601,MicrosoftAccount:user=02zsaylarvlymasv,False,D:\Software\CTF\Misc\EvtxECmd\Security.evtx,Audit success,0,"{""EventData"":{""Data"":[{""@Name"":""SubjectUserSid"",""#text"":""S-1-5-21-2232410529-1445159330-2725690660-1106""},{""@Name"":""SubjectUserName"",""#text"":""ricksanchez""},{""@Name"":""SubjectDomainName"",""#text"":""C137""},{""@Name"":""SubjectLogonId"",""#text"":""0x11D01F""},{""@Name"":""TargetName"",""#text"":""MicrosoftAccount:user=02zsaylarvlymasv""},{""@Name"":""Type"",""#text"":""0""},{""@Name"":""CountOfCredentialsReturned"",""#text"":""0""},{""@Name"":""ReadOperation"",""#text"":""%%8100""},{""@Name"":""ReturnCode"",""#text"":""3221226021""},{""@Name"":""ProcessCreationTime"",""#text"":""2020-09-18 21:42:39.6472675""},{""@Name"":""ClientProcessId"",""#text"":""448""}]}}"
1166,1166,2020-09-18 22:44:27.0781695,5379,LogAlways,Microsoft-Windows-Security-Auditing,Security,648,688,DESKTOP-SDN1RPT.C137.local,13,,Credential Manager credentials were read,ricksanchez,,SID: S-1-5-21-2232410529-1445159330-2725690660-1106,Domain: C137,LogonID: 0x11D01F,CountOfCredentialsReturned: 0,,ActivityID: 9f37c062-8e04-0000-f2c0-379f048ed601,MicrosoftAccount:user=02zsaylarvlymasv,False,D:\Software\CTF\Misc\EvtxECmd\Security.evtx,Audit success,0,"{""EventData"":{""Data"":[{""@Name"":""SubjectUserSid"",""#text"":""S-1-5-21-2232410529-1445159330-2725690660-1106""},{""@Name"":""SubjectUserName"",""#text"":""ricksanchez""},{""@Name"":""SubjectDomainName"",""#text"":""C137""},{""@Name"":""SubjectLogonId"",""#text"":""0x11D01F""},{""@Name"":""TargetName"",""#text"":""MicrosoftAccount:user=02zsaylarvlymasv""},{""@Name"":""Type"",""#text"":""0""},{""@Name"":""CountOfCredentialsReturned"",""#text"":""0""},{""@Name"":""ReadOperation"",""#text"":""%%8100""},{""@Name"":""ReturnCode"",""#text"":""3221226021""},{""@Name"":""ProcessCreationTime"",""#text"":""2020-09-18 21:42:39.6472675""},{""@Name"":""ClientProcessId"",""#text"":""448""}]}}"
1167,1167,2020-09-18 22:44:27.0830717,5379,LogAlways,Microsoft-Windows-Security-Auditing,Security,648,2748,DESKTOP-SDN1RPT.C137.local,13,,Credential Manager credentials were read,ricksanchez,,SID: S-1-5-21-2232410529-1445159330-2725690660-1106,Domain: C137,LogonID: 0x11D01F,CountOfCredentialsReturned: 0,,ActivityID: 9f37c062-8e04-0000-f2c0-379f048ed601,MicrosoftAccount:user=02zsaylarvlymasv,False,D:\Software\CTF\Misc\EvtxECmd\Security.evtx,Audit success,0,"{""EventData"":{""Data"":[{""@Name"":""SubjectUserSid"",""#text"":""S-1-5-21-2232410529-1445159330-2725690660-1106""},{""@Name"":""SubjectUserName"",""#text"":""ricksanchez""},{""@Name"":""SubjectDomainName"",""#text"":""C137""},{""@Name"":""SubjectLogonId"",""#text"":""0x11D01F""},{""@Name"":""TargetName"",""#text"":""MicrosoftAccount:user=02zsaylarvlymasv""},{""@Name"":""Type"",""#text"":""0""},{""@Name"":""CountOfCredentialsReturned"",""#text"":""0""},{""@Name"":""ReadOperation"",""#text"":""%%8100""},{""@Name"":""ReturnCode"",""#text"":""3221226021""},{""@Name"":""ProcessCreationTime"",""#text"":""2020-09-18 21:42:39.6472675""},{""@Name"":""ClientProcessId"",""#text"":""448""}]}}"
1168,1168,2020-09-18 22:44:27.0831715,5379,LogAlways,Microsoft-Windows-Security-Auditing,Security,648,2748,DESKTOP-SDN1RPT.C137.local,13,,Credential Manager credentials were read,ricksanchez,,SID: S-1-5-21-2232410529-1445159330-2725690660-1106,Domain: C137,LogonID: 0x11D01F,CountOfCredentialsReturned: 0,,ActivityID: 9f37c062-8e04-0000-f2c0-379f048ed601,MicrosoftAccount:user=02zsaylarvlymasv,False,D:\Software\CTF\Misc\EvtxECmd\Security.evtx,Audit success,0,"{""EventData"":{""Data"":[{""@Name"":""SubjectUserSid"",""#text"":""S-1-5-21-2232410529-1445159330-2725690660-1106""},{""@Name"":""SubjectUserName"",""#text"":""ricksanchez""},{""@Name"":""SubjectDomainName"",""#text"":""C137""},{""@Name"":""SubjectLogonId"",""#text"":""0x11D01F""},{""@Name"":""TargetName"",""#text"":""MicrosoftAccount:user=02zsaylarvlymasv""},{""@Name"":""Type"",""#text"":""0""},{""@Name"":""CountOfCredentialsReturned"",""#text"":""0""},{""@Name"":""ReadOperation"",""#text"":""%%8100""},{""@Name"":""ReturnCode"",""#text"":""3221226021""},{""@Name"":""ProcessCreationTime"",""#text"":""2020-09-18 21:42:39.6472675""},{""@Name"":""ClientProcessId"",""#text"":""448""}]}}"
1169,1169,2020-09-18 22:44:29.1953445,5379,LogAlways,Microsoft-Windows-Security-Auditing,Security,648,688,DESKTOP-SDN1RPT.C137.local,13,,Credential Manager credentials were read,ricksanchez,,SID: S-1-5-21-2232410529-1445159330-2725690660-1106,Domain: C137,LogonID: 0x11D01F,CountOfCredentialsReturned: 0,,ActivityID: 9f37c062-8e04-0000-f2c0-379f048ed601,MicrosoftAccount:user=02zsaylarvlymasv,False,D:\Software\CTF\Misc\EvtxECmd\Security.evtx,Audit success,0,"{""EventData"":{""Data"":[{""@Name"":""SubjectUserSid"",""#text"":""S-1-5-21-2232410529-1445159330-2725690660-1106""},{""@Name"":""SubjectUserName"",""#text"":""ricksanchez""},{""@Name"":""SubjectDomainName"",""#text"":""C137""},{""@Name"":""SubjectLogonId"",""#text"":""0x11D01F""},{""@Name"":""TargetName"",""#text"":""MicrosoftAccount:user=02zsaylarvlymasv""},{""@Name"":""Type"",""#text"":""0""},{""@Name"":""CountOfCredentialsReturned"",""#text"":""0""},{""@Name"":""ReadOperation"",""#text"":""%%8100""},{""@Name"":""ReturnCode"",""#text"":""3221226021""},{""@Name"":""ProcessCreationTime"",""#text"":""2020-09-18 21:42:39.6472675""},{""@Name"":""ClientProcessId"",""#text"":""448""}]}}"
1170,1170,2020-09-18 22:44:29.1954836,5379,LogAlways,Microsoft-Windows-Security-Auditing,Security,648,688,DESKTOP-SDN1RPT.C137.local,13,,Credential Manager credentials were read,ricksanchez,,SID: S-1-5-21-2232410529-1445159330-2725690660-1106,Domain: C137,LogonID: 0x11D01F,CountOfCredentialsReturned: 0,,ActivityID: 9f37c062-8e04-0000-f2c0-379f048ed601,WindowsLive:(token):name=02zsaylarvlymasv;serviceuri=*,False,D:\Software\CTF\Misc\EvtxECmd\Security.evtx,Audit success,0,"{""EventData"":{""Data"":[{""@Name"":""SubjectUserSid"",""#text"":""S-1-5-21-2232410529-1445159330-2725690660-1106""},{""@Name"":""SubjectUserName"",""#text"":""ricksanchez""},{""@Name"":""SubjectDomainName"",""#text"":""C137""},{""@Name"":""SubjectLogonId"",""#text"":""0x11D01F""},{""@Name"":""TargetName"",""#text"":""WindowsLive:(token):name=02zsaylarvlymasv;serviceuri=*""},{""@Name"":""Type"",""#text"":""0""},{""@Name"":""CountOfCredentialsReturned"",""#text"":""0""},{""@Name"":""ReadOperation"",""#text"":""%%8100""},{""@Name"":""ReturnCode"",""#text"":""3221226021""},{""@Name"":""ProcessCreationTime"",""#text"":""2020-09-18 21:42:39.6472675""},{""@Name"":""ClientProcessId"",""#text"":""448""}]}}"
