656,656,2020-09-18 05:55:54.6684707,5061,LogAlways,Microsoft-Windows-Security-Auditing,Security,664,720,DESKTOP-SDN1RPT,7,,,,,,,,,,,,False,D:\Software\CTF\Misc\EvtxECmd\Security.evtx,Audit success,0,"{""EventData"":{""Data"":[{""@Name"":""SubjectUserSid"",""#text"":""S-1-5-18""},{""@Name"":""SubjectUserName"",""#text"":""WIN-2IH1TBB9I4Q$""},{""@Name"":""SubjectDomainName"",""#text"":""WORKGROUP""},{""@Name"":""SubjectLogonId"",""#text"":""0x3E7""},{""@Name"":""ProviderName"",""#text"":""Microsoft Software Key Storage Provider""},{""@Name"":""AlgorithmName"",""#text"":""RSA""},{""@Name"":""KeyName"",""#text"":""023096d3-e7ca-f220-df84-c43a15f89bcb""},{""@Name"":""KeyType"",""#text"":""%%2500""},{""@Name"":""Operation"",""#text"":""%%2480""},{""@Name"":""ReturnCode"",""#text"":""0x0""}]}}"
657,657,2020-09-18 05:55:54.6688174,5059,LogAlways,Microsoft-Windows-Security-Auditing,Security,664,720,DESKTOP-SDN1RPT,7,,,,,,,,,,,,False,D:\Software\CTF\Misc\EvtxECmd\Security.evtx,Audit success,0,"{""EventData"":{""Data"":[{""@Name"":""SubjectUserSid"",""#text"":""S-1-5-18""},{""@Name"":""SubjectUserName"",""#text"":""WIN-2IH1TBB9I4Q$""},{""@Name"":""SubjectDomainName"",""#text"":""WORKGROUP""},{""@Name"":""SubjectLogonId"",""#text"":""0x3E7""},{""@Name"":""ClientProcessId"",""#text"":""60""},{""@Name"":""ClientCreationTime"",""#text"":""2020-09-18 05:46:31.7903713""},{""@Name"":""ProviderName"",""#text"":""Microsoft Software Key Storage Provider""},{""@Name"":""AlgorithmName"",""#text"":""RSA""},{""@Name"":""KeyName"",""#text"":""023096d3-e7ca-f220-df84-c43a15f89bcb""},{""@Name"":""KeyType"",""#text"":""%%2500""},{""@Name"":""Operation"",""#text"":""%%2464""},{""@Name"":""ReturnCode"",""#text"":""0x0""}]}}"
658,658,2020-09-18 05:55:54.7285836,5379,LogAlways,Microsoft-Windows-Security-Auditing,Security,664,720,DESKTOP-SDN1RPT,7,,Credential Manager credentials were read,WIN-2IH1TBB9I4Q$,,SID: S-1-5-18,Domain: WORKGROUP,LogonID: 0x3E7,CountOfCredentialsReturned: 0,,ActivityID: 089e13a3-8d7f-0001-4b14-9e087f8dd601,WindowsLive:(token):name=02pkkdditesdqqxk;serviceuri=*,False,D:\Software\CTF\Misc\EvtxECmd\Security.evtx,Audit success,0,"{""EventData"":{""Data"":[{""@Name"":""SubjectUserSid"",""#text"":""S-1-5-18""},{""@Name"":""SubjectUserName"",""#text"":""WIN-2IH1TBB9I4Q$""},{""@Name"":""SubjectDomainName"",""#text"":""WORKGROUP""},{""@Name"":""SubjectLogonId"",""#text"":""0x3E7""},{""@Name"":""TargetName"",""#text"":""WindowsLive:(token):name=02pkkdditesdqqxk;serviceuri=*""},{""@Name"":""Type"",""#text"":""0""},{""@Name"":""CountOfCredentialsReturned"",""#text"":""0""},{""@Name"":""ReadOperation"",""#text"":""%%8100""},{""@Name"":""ReturnCode"",""#text"":""3221226021""},{""@Name"":""ProcessCreationTime"",""#text"":""2020-09-18 05:46:31.7903713""},{""@Name"":""ClientProcessId"",""#text"":""60""}]}}"
659,659,2020-09-18 05:55:54.7321623,5379,LogAlways,Microsoft-Windows-Security-Auditing,Security,664,720,DESKTOP-SDN1RPT,7,,Credential Manager credentials were read,WIN-2IH1TBB9I4Q$,,SID: S-1-5-18,Domain: WORKGROUP,LogonID: 0x3E7,CountOfCredentialsReturned: 0,,ActivityID: 089e13a3-8d7f-0001-4b14-9e087f8dd601,WindowsLive:(cert):name=02pkkdditesdqqxk;serviceuri=*,False,D:\Software\CTF\Misc\EvtxECmd\Security.evtx,Audit success,0,"{""EventData"":{""Data"":[{""@Name"":""SubjectUserSid"",""#text"":""S-1-5-18""},{""@Name"":""SubjectUserName"",""#text"":""WIN-2IH1TBB9I4Q$""},{""@Name"":""SubjectDomainName"",""#text"":""WORKGROUP""},{""@Name"":""SubjectLogonId"",""#text"":""0x3E7""},{""@Name"":""TargetName"",""#text"":""WindowsLive:(cert):name=02pkkdditesdqqxk;serviceuri=*""},{""@Name"":""Type"",""#text"":""0""},{""@Name"":""CountOfCredentialsReturned"",""#text"":""0""},{""@Name"":""ReadOperation"",""#text"":""%%8100""},{""@Name"":""ReturnCode"",""#text"":""3221226021""},{""@Name"":""ProcessCreationTime"",""#text"":""2020-09-18 05:46:31.7903713""},{""@Name"":""ClientProcessId"",""#text"":""60""}]}}"
660,660,2020-09-18 05:55:54.7328013,5379,LogAlways,Microsoft-Windows-Security-Auditing,Security,664,720,DESKTOP-SDN1RPT,7,,Credential Manager credentials were read,WIN-2IH1TBB9I4Q$,,SID: S-1-5-18,Domain: WORKGROUP,LogonID: 0x3E7,CountOfCredentialsReturned: 0,,ActivityID: 089e13a3-8d7f-0001-4b14-9e087f8dd601,WindowsLive:target=virtualapp/didlogical,False,D:\Software\CTF\Misc\EvtxECmd\Security.evtx,Audit success,0,"{""EventData"":{""Data"":[{""@Name"":""SubjectUserSid"",""#text"":""S-1-5-18""},{""@Name"":""SubjectUserName"",""#text"":""WIN-2IH1TBB9I4Q$""},{""@Name"":""SubjectDomainName"",""#text"":""WORKGROUP""},{""@Name"":""SubjectLogonId"",""#text"":""0x3E7""},{""@Name"":""TargetName"",""#text"":""WindowsLive:target=virtualapp/didlogical""},{""@Name"":""Type"",""#text"":""0""},{""@Name"":""CountOfCredentialsReturned"",""#text"":""0""},{""@Name"":""ReadOperation"",""#text"":""%%8100""},{""@Name"":""ReturnCode"",""#text"":""3221226021""},{""@Name"":""ProcessCreationTime"",""#text"":""2020-09-18 05:46:31.7903713""},{""@Name"":""ClientProcessId"",""#text"":""60""}]}}"
661,661,2020-09-18 05:55:54.8163682,5058,LogAlways,Microsoft-Windows-Security-Auditing,Security,664,720,DESKTOP-SDN1RPT,7,,,,,,,,,,,,False,D:\Software\CTF\Misc\EvtxECmd\Security.evtx,Audit success,0,"{""EventData"":{""Data"":[{""@Name"":""SubjectUserSid"",""#text"":""S-1-5-18""},{""@Name"":""SubjectUserName"",""#text"":""WIN-2IH1TBB9I4Q$""},{""@Name"":""SubjectDomainName"",""#text"":""WORKGROUP""},{""@Name"":""SubjectLogonId"",""#text"":""0x3E7""},{""@Name"":""ClientProcessId"",""#text"":""60""},{""@Name"":""ClientCreationTime"",""#text"":""2020-09-18 05:46:31.7903713""},{""@Name"":""ProviderName"",""#text"":""Microsoft Software Key Storage Provider""},{""@Name"":""AlgorithmName"",""#text"":""UNKNOWN""},{""@Name"":""KeyName"",""#text"":""023096d3-e7ca-f220-df84-c43a15f89bcb""},{""@Name"":""KeyType"",""#text"":""%%2500""},{""@Name"":""KeyFilePath"",""#text"":""C:\\ProgramData\\Microsoft\\Crypto\\SystemKeys\\e86d09730aabb28b0a01e0ba60a7cfef_511cefa6-2706-41b2-b1d8-b70acd58c1f3""},{""@Name"":""Operation"",""#text"":""%%2458""},{""@Name"":""ReturnCode"",""#text"":""0x0""}]}}"
662,662,2020-09-18 05:55:54.8167573,5061,LogAlways,Microsoft-Windows-Security-Auditing,Security,664,720,DESKTOP-SDN1RPT,7,,,,,,,,,,,,False,D:\Software\CTF\Misc\EvtxECmd\Security.evtx,Audit success,0,"{""EventData"":{""Data"":[{""@Name"":""SubjectUserSid"",""#text"":""S-1-5-18""},{""@Name"":""SubjectUserName"",""#text"":""WIN-2IH1TBB9I4Q$""},{""@Name"":""SubjectDomainName"",""#text"":""WORKGROUP""},{""@Name"":""SubjectLogonId"",""#text"":""0x3E7""},{""@Name"":""ProviderName"",""#text"":""Microsoft Software Key Storage Provider""},{""@Name"":""AlgorithmName"",""#text"":""RSA""},{""@Name"":""KeyName"",""#text"":""023096d3-e7ca-f220-df84-c43a15f89bcb""},{""@Name"":""KeyType"",""#text"":""%%2500""},{""@Name"":""Operation"",""#text"":""%%2480""},{""@Name"":""ReturnCode"",""#text"":""0x0""}]}}"
663,663,2020-09-18 05:55:54.8171829,5058,LogAlways,Microsoft-Windows-Security-Auditing,Security,664,720,DESKTOP-SDN1RPT,7,,,,,,,,,,,,False,D:\Software\CTF\Misc\EvtxECmd\Security.evtx,Audit success,0,"{""EventData"":{""Data"":[{""@Name"":""SubjectUserSid"",""#text"":""S-1-5-18""},{""@Name"":""SubjectUserName"",""#text"":""WIN-2IH1TBB9I4Q$""},{""@Name"":""SubjectDomainName"",""#text"":""WORKGROUP""},{""@Name"":""SubjectLogonId"",""#text"":""0x3E7""},{""@Name"":""ClientProcessId"",""#text"":""60""},{""@Name"":""ClientCreationTime"",""#text"":""2020-09-18 05:46:31.7903713""},{""@Name"":""ProviderName"",""#text"":""Microsoft Software Key Storage Provider""},{""@Name"":""AlgorithmName"",""#text"":""UNKNOWN""},{""@Name"":""KeyName"",""#text"":""023096d3-e7ca-f220-df84-c43a15f89bcb""},{""@Name"":""KeyType"",""#text"":""%%2500""},{""@Name"":""KeyFilePath"",""#text"":""C:\\ProgramData\\Microsoft\\Crypto\\SystemKeys\\e86d09730aabb28b0a01e0ba60a7cfef_511cefa6-2706-41b2-b1d8-b70acd58c1f3""},{""@Name"":""Operation"",""#text"":""%%2458""},{""@Name"":""ReturnCode"",""#text"":""0x0""}]}}"
664,664,2020-09-18 05:55:54.8175443,5061,LogAlways,Microsoft-Windows-Security-Auditing,Security,664,720,DESKTOP-SDN1RPT,7,,,,,,,,,,,,False,D:\Software\CTF\Misc\EvtxECmd\Security.evtx,Audit success,0,"{""EventData"":{""Data"":[{""@Name"":""SubjectUserSid"",""#text"":""S-1-5-18""},{""@Name"":""SubjectUserName"",""#text"":""WIN-2IH1TBB9I4Q$""},{""@Name"":""SubjectDomainName"",""#text"":""WORKGROUP""},{""@Name"":""SubjectLogonId"",""#text"":""0x3E7""},{""@Name"":""ProviderName"",""#text"":""Microsoft Software Key Storage Provider""},{""@Name"":""AlgorithmName"",""#text"":""RSA""},{""@Name"":""KeyName"",""#text"":""023096d3-e7ca-f220-df84-c43a15f89bcb""},{""@Name"":""KeyType"",""#text"":""%%2500""},{""@Name"":""Operation"",""#text"":""%%2480""},{""@Name"":""ReturnCode"",""#text"":""0x0""}]}}"
665,665,2020-09-18 05:55:54.8176665,5059,LogAlways,Microsoft-Windows-Security-Auditing,Security,664,720,DESKTOP-SDN1RPT,7,,,,,,,,,,,,False,D:\Software\CTF\Misc\EvtxECmd\Security.evtx,Audit success,0,"{""EventData"":{""Data"":[{""@Name"":""SubjectUserSid"",""#text"":""S-1-5-18""},{""@Name"":""SubjectUserName"",""#text"":""WIN-2IH1TBB9I4Q$""},{""@Name"":""SubjectDomainName"",""#text"":""WORKGROUP""},{""@Name"":""SubjectLogonId"",""#text"":""0x3E7""},{""@Name"":""ClientProcessId"",""#text"":""60""},{""@Name"":""ClientCreationTime"",""#text"":""2020-09-18 05:46:31.7903713""},{""@Name"":""ProviderName"",""#text"":""Microsoft Software Key Storage Provider""},{""@Name"":""AlgorithmName"",""#text"":""RSA""},{""@Name"":""KeyName"",""#text"":""023096d3-e7ca-f220-df84-c43a15f89bcb""},{""@Name"":""KeyType"",""#text"":""%%2500""},{""@Name"":""Operation"",""#text"":""%%2464""},{""@Name"":""ReturnCode"",""#text"":""0x0""}]}}"
666,666,2020-09-18 05:56:15.6190402,5379,LogAlways,Microsoft-Windows-Security-Auditing,Security,664,720,DESKTOP-SDN1RPT,7,,Credential Manager credentials were read,WIN-2IH1TBB9I4Q$,,SID: S-1-5-18,Domain: WORKGROUP,LogonID: 0x3E7,CountOfCredentialsReturned: 0,,ActivityID: 089e13a3-8d7f-0001-4b14-9e087f8dd601,WindowsLive:(token):name=02ijdhxmdavuztmq;serviceuri=*,False,D:\Software\CTF\Misc\EvtxECmd\Security.evtx,Audit success,0,"{""EventData"":{""Data"":[{""@Name"":""SubjectUserSid"",""#text"":""S-1-5-18""},{""@Name"":""SubjectUserName"",""#text"":""WIN-2IH1TBB9I4Q$""},{""@Name"":""SubjectDomainName"",""#text"":""WORKGROUP""},{""@Name"":""SubjectLogonId"",""#text"":""0x3E7""},{""@Name"":""TargetName"",""#text"":""WindowsLive:(token):name=02ijdhxmdavuztmq;serviceuri=*""},{""@Name"":""Type"",""#text"":""0""},{""@Name"":""CountOfCredentialsReturned"",""#text"":""0""},{""@Name"":""ReadOperation"",""#text"":""%%8100""},{""@Name"":""ReturnCode"",""#text"":""3221226021""},{""@Name"":""ProcessCreationTime"",""#text"":""2020-09-18 05:46:31.7903713""},{""@Name"":""ClientProcessId"",""#text"":""60""}]}}"
667,667,2020-09-18 05:56:15.6197266,5379,LogAlways,Microsoft-Windows-Security-Auditing,Security,664,720,DESKTOP-SDN1RPT,7,,Credential Manager credentials were read,WIN-2IH1TBB9I4Q$,,SID: S-1-5-18,Domain: WORKGROUP,LogonID: 0x3E7,CountOfCredentialsReturned: 0,,ActivityID: 089e13a3-8d7f-0001-4b14-9e087f8dd601,WindowsLive:(cert):name=02ijdhxmdavuztmq;serviceuri=*,False,D:\Software\CTF\Misc\EvtxECmd\Security.evtx,Audit success,0,"{""EventData"":{""Data"":[{""@Name"":""SubjectUserSid"",""#text"":""S-1-5-18""},{""@Name"":""SubjectUserName"",""#text"":""WIN-2IH1TBB9I4Q$""},{""@Name"":""SubjectDomainName"",""#text"":""WORKGROUP""},{""@Name"":""SubjectLogonId"",""#text"":""0x3E7""},{""@Name"":""TargetName"",""#text"":""WindowsLive:(cert):name=02ijdhxmdavuztmq;serviceuri=*""},{""@Name"":""Type"",""#text"":""0""},{""@Name"":""CountOfCredentialsReturned"",""#text"":""0""},{""@Name"":""ReadOperation"",""#text"":""%%8100""},{""@Name"":""ReturnCode"",""#text"":""3221226021""},{""@Name"":""ProcessCreationTime"",""#text"":""2020-09-18 05:46:31.7903713""},{""@Name"":""ClientProcessId"",""#text"":""60""}]}}"
668,668,2020-09-18 05:56:15.6200084,5379,LogAlways,Microsoft-Windows-Security-Auditing,Security,664,720,DESKTOP-SDN1RPT,7,,Credential Manager credentials were read,WIN-2IH1TBB9I4Q$,,SID: S-1-5-18,Domain: WORKGROUP,LogonID: 0x3E7,CountOfCredentialsReturned: 0,,ActivityID: 089e13a3-8d7f-0001-4b14-9e087f8dd601,WindowsLive:target=virtualapp/didlogical,False,D:\Software\CTF\Misc\EvtxECmd\Security.evtx,Audit success,0,"{""EventData"":{""Data"":[{""@Name"":""SubjectUserSid"",""#text"":""S-1-5-18""},{""@Name"":""SubjectUserName"",""#text"":""WIN-2IH1TBB9I4Q$""},{""@Name"":""SubjectDomainName"",""#text"":""WORKGROUP""},{""@Name"":""SubjectLogonId"",""#text"":""0x3E7""},{""@Name"":""TargetName"",""#text"":""WindowsLive:target=virtualapp/didlogical""},{""@Name"":""Type"",""#text"":""0""},{""@Name"":""CountOfCredentialsReturned"",""#text"":""0""},{""@Name"":""ReadOperation"",""#text"":""%%8100""},{""@Name"":""ReturnCode"",""#text"":""3221226021""},{""@Name"":""ProcessCreationTime"",""#text"":""2020-09-18 05:46:31.7903713""},{""@Name"":""ClientProcessId"",""#text"":""60""}]}}"
669,669,2020-09-18 05:56:15.6503160,5058,LogAlways,Microsoft-Windows-Security-Auditing,Security,664,720,DESKTOP-SDN1RPT,7,,,,,,,,,,,,False,D:\Software\CTF\Misc\EvtxECmd\Security.evtx,Audit success,0,"{""EventData"":{""Data"":[{""@Name"":""SubjectUserSid"",""#text"":""S-1-5-18""},{""@Name"":""SubjectUserName"",""#text"":""WIN-2IH1TBB9I4Q$""},{""@Name"":""SubjectDomainName"",""#text"":""WORKGROUP""},{""@Name"":""SubjectLogonId"",""#text"":""0x3E7""},{""@Name"":""ClientProcessId"",""#text"":""60""},{""@Name"":""ClientCreationTime"",""#text"":""2020-09-18 05:46:31.7903713""},{""@Name"":""ProviderName"",""#text"":""Microsoft Software Key Storage Provider""},{""@Name"":""AlgorithmName"",""#text"":""UNKNOWN""},{""@Name"":""KeyName"",""#text"":""023096d3-e7ca-f220-df84-c43a15f89bcb""},{""@Name"":""KeyType"",""#text"":""%%2500""},{""@Name"":""KeyFilePath"",""#text"":""C:\\ProgramData\\Microsoft\\Crypto\\SystemKeys\\e86d09730aabb28b0a01e0ba60a7cfef_511cefa6-2706-41b2-b1d8-b70acd58c1f3""},{""@Name"":""Operation"",""#text"":""%%2458""},{""@Name"":""ReturnCode"",""#text"":""0x0""}]}}"
670,670,2020-09-18 05:56:15.6508069,5061,LogAlways,Microsoft-Windows-Security-Auditing,Security,664,720,DESKTOP-SDN1RPT,7,,,,,,,,,,,,False,D:\Software\CTF\Misc\EvtxECmd\Security.evtx,Audit success,0,"{""EventData"":{""Data"":[{""@Name"":""SubjectUserSid"",""#text"":""S-1-5-18""},{""@Name"":""SubjectUserName"",""#text"":""WIN-2IH1TBB9I4Q$""},{""@Name"":""SubjectDomainName"",""#text"":""WORKGROUP""},{""@Name"":""SubjectLogonId"",""#text"":""0x3E7""},{""@Name"":""ProviderName"",""#text"":""Microsoft Software Key Storage Provider""},{""@Name"":""AlgorithmName"",""#text"":""RSA""},{""@Name"":""KeyName"",""#text"":""023096d3-e7ca-f220-df84-c43a15f89bcb""},{""@Name"":""KeyType"",""#text"":""%%2500""},{""@Name"":""Operation"",""#text"":""%%2480""},{""@Name"":""ReturnCode"",""#text"":""0x0""}]}}"
671,671,2020-09-18 05:56:15.6515314,5058,LogAlways,Microsoft-Windows-Security-Auditing,Security,664,720,DESKTOP-SDN1RPT,7,,,,,,,,,,,,False,D:\Software\CTF\Misc\EvtxECmd\Security.evtx,Audit success,0,"{""EventData"":{""Data"":[{""@Name"":""SubjectUserSid"",""#text"":""S-1-5-18""},{""@Name"":""SubjectUserName"",""#text"":""WIN-2IH1TBB9I4Q$""},{""@Name"":""SubjectDomainName"",""#text"":""WORKGROUP""},{""@Name"":""SubjectLogonId"",""#text"":""0x3E7""},{""@Name"":""ClientProcessId"",""#text"":""60""},{""@Name"":""ClientCreationTime"",""#text"":""2020-09-18 05:46:31.7903713""},{""@Name"":""ProviderName"",""#text"":""Microsoft Software Key Storage Provider""},{""@Name"":""AlgorithmName"",""#text"":""UNKNOWN""},{""@Name"":""KeyName"",""#text"":""023096d3-e7ca-f220-df84-c43a15f89bcb""},{""@Name"":""KeyType"",""#text"":""%%2500""},{""@Name"":""KeyFilePath"",""#text"":""C:\\ProgramData\\Microsoft\\Crypto\\SystemKeys\\e86d09730aabb28b0a01e0ba60a7cfef_511cefa6-2706-41b2-b1d8-b70acd58c1f3""},{""@Name"":""Operation"",""#text"":""%%2458""},{""@Name"":""ReturnCode"",""#text"":""0x0""}]}}"
672,672,2020-09-18 05:56:15.6520393,5061,LogAlways,Microsoft-Windows-Security-Auditing,Security,664,720,DESKTOP-SDN1RPT,7,,,,,,,,,,,,False,D:\Software\CTF\Misc\EvtxECmd\Security.evtx,Audit success,0,"{""EventData"":{""Data"":[{""@Name"":""SubjectUserSid"",""#text"":""S-1-5-18""},{""@Name"":""SubjectUserName"",""#text"":""WIN-2IH1TBB9I4Q$""},{""@Name"":""SubjectDomainName"",""#text"":""WORKGROUP""},{""@Name"":""SubjectLogonId"",""#text"":""0x3E7""},{""@Name"":""ProviderName"",""#text"":""Microsoft Software Key Storage Provider""},{""@Name"":""AlgorithmName"",""#text"":""RSA""},{""@Name"":""KeyName"",""#text"":""023096d3-e7ca-f220-df84-c43a15f89bcb""},{""@Name"":""KeyType"",""#text"":""%%2500""},{""@Name"":""Operation"",""#text"":""%%2480""},{""@Name"":""ReturnCode"",""#text"":""0x0""}]}}"
673,673,2020-09-18 05:56:15.6523352,5059,LogAlways,Microsoft-Windows-Security-Auditing,Security,664,720,DESKTOP-SDN1RPT,7,,,,,,,,,,,,False,D:\Software\CTF\Misc\EvtxECmd\Security.evtx,Audit success,0,"{""EventData"":{""Data"":[{""@Name"":""SubjectUserSid"",""#text"":""S-1-5-18""},{""@Name"":""SubjectUserName"",""#text"":""WIN-2IH1TBB9I4Q$""},{""@Name"":""SubjectDomainName"",""#text"":""WORKGROUP""},{""@Name"":""SubjectLogonId"",""#text"":""0x3E7""},{""@Name"":""ClientProcessId"",""#text"":""60""},{""@Name"":""ClientCreationTime"",""#text"":""2020-09-18 05:46:31.7903713""},{""@Name"":""ProviderName"",""#text"":""Microsoft Software Key Storage Provider""},{""@Name"":""AlgorithmName"",""#text"":""RSA""},{""@Name"":""KeyName"",""#text"":""023096d3-e7ca-f220-df84-c43a15f89bcb""},{""@Name"":""KeyType"",""#text"":""%%2500""},{""@Name"":""Operation"",""#text"":""%%2464""},{""@Name"":""ReturnCode"",""#text"":""0x0""}]}}"
674,674,2020-09-18 05:56:29.0643584,5379,LogAlways,Microsoft-Windows-Security-Auditing,Security,664,1492,DESKTOP-SDN1RPT,7,,Credential Manager credentials were read,Admin,,SID: S-1-5-21-41211245-796119838-3940169921-1001,Domain: DESKTOP-SDN1RPT,LogonID: 0xDDCC1,CountOfCredentialsReturned: 0,,ActivityID: 089e13a3-8d7f-0001-4b14-9e087f8dd601,OneDriveCachedCredential*,False,D:\Software\CTF\Misc\EvtxECmd\Security.evtx,Audit success,0,"{""EventData"":{""Data"":[{""@Name"":""SubjectUserSid"",""#text"":""S-1-5-21-41211245-796119838-3940169921-1001""},{""@Name"":""SubjectUserName"",""#text"":""Admin""},{""@Name"":""SubjectDomainName"",""#text"":""DESKTOP-SDN1RPT""},{""@Name"":""SubjectLogonId"",""#text"":""0xDDCC1""},{""@Name"":""TargetName"",""#text"":""OneDriveCachedCredential*""},{""@Name"":""Type"",""#text"":""0""},{""@Name"":""CountOfCredentialsReturned"",""#text"":""0""},{""@Name"":""ReadOperation"",""#text"":""%%8100""},{""@Name"":""ReturnCode"",""#text"":""3221226021""},{""@Name"":""ProcessCreationTime"",""#text"":""2020-09-18 05:51:52.1939251""},{""@Name"":""ClientProcessId"",""#text"":""5980""}]}}"
675,675,2020-09-18 05:56:29.0646068,5379,LogAlways,Microsoft-Windows-Security-Auditing,Security,664,1492,DESKTOP-SDN1RPT,7,,Credential Manager credentials were read,Admin,,SID: S-1-5-21-41211245-796119838-3940169921-1001,Domain: DESKTOP-SDN1RPT,LogonID: 0xDDCC1,CountOfCredentialsReturned: 0,,ActivityID: 089e13a3-8d7f-0001-4b14-9e087f8dd601,OneDrive-INTCachedCredential*,False,D:\Software\CTF\Misc\EvtxECmd\Security.evtx,Audit success,0,"{""EventData"":{""Data"":[{""@Name"":""SubjectUserSid"",""#text"":""S-1-5-21-41211245-796119838-3940169921-1001""},{""@Name"":""SubjectUserName"",""#text"":""Admin""},{""@Name"":""SubjectDomainName"",""#text"":""DESKTOP-SDN1RPT""},{""@Name"":""SubjectLogonId"",""#text"":""0xDDCC1""},{""@Name"":""TargetName"",""#text"":""OneDrive-INTCachedCredential*""},{""@Name"":""Type"",""#text"":""0""},{""@Name"":""CountOfCredentialsReturned"",""#text"":""0""},{""@Name"":""ReadOperation"",""#text"":""%%8100""},{""@Name"":""ReturnCode"",""#text"":""3221226021""},{""@Name"":""ProcessCreationTime"",""#text"":""2020-09-18 05:51:52.1939251""},{""@Name"":""ClientProcessId"",""#text"":""5980""}]}}"
676,676,2020-09-18 05:56:29.9539782,5379,LogAlways,Microsoft-Windows-Security-Auditing,Security,664,1492,DESKTOP-SDN1RPT,7,,Credential Manager credentials were read,Admin,,SID: S-1-5-21-41211245-796119838-3940169921-1001,Domain: DESKTOP-SDN1RPT,LogonID: 0xDDCC1,CountOfCredentialsReturned: 0,,ActivityID: 089e13a3-8d7f-0001-4b14-9e087f8dd601,OneDriveCachedCredential*,False,D:\Software\CTF\Misc\EvtxECmd\Security.evtx,Audit success,0,"{""EventData"":{""Data"":[{""@Name"":""SubjectUserSid"",""#text"":""S-1-5-21-41211245-796119838-3940169921-1001""},{""@Name"":""SubjectUserName"",""#text"":""Admin""},{""@Name"":""SubjectDomainName"",""#text"":""DESKTOP-SDN1RPT""},{""@Name"":""SubjectLogonId"",""#text"":""0xDDCC1""},{""@Name"":""TargetName"",""#text"":""OneDriveCachedCredential*""},{""@Name"":""Type"",""#text"":""0""},{""@Name"":""CountOfCredentialsReturned"",""#text"":""0""},{""@Name"":""ReadOperation"",""#text"":""%%8100""},{""@Name"":""ReturnCode"",""#text"":""3221226021""},{""@Name"":""ProcessCreationTime"",""#text"":""2020-09-18 05:51:52.1939251""},{""@Name"":""ClientProcessId"",""#text"":""5980""}]}}"
677,677,2020-09-18 05:56:29.9541369,5379,LogAlways,Microsoft-Windows-Security-Auditing,Security,664,1492,DESKTOP-SDN1RPT,7,,Credential Manager credentials were read,Admin,,SID: S-1-5-21-41211245-796119838-3940169921-1001,Domain: DESKTOP-SDN1RPT,LogonID: 0xDDCC1,CountOfCredentialsReturned: 0,,ActivityID: 089e13a3-8d7f-0001-4b14-9e087f8dd601,OneDrive-INTCachedCredential*,False,D:\Software\CTF\Misc\EvtxECmd\Security.evtx,Audit success,0,"{""EventData"":{""Data"":[{""@Name"":""SubjectUserSid"",""#text"":""S-1-5-21-41211245-796119838-3940169921-1001""},{""@Name"":""SubjectUserName"",""#text"":""Admin""},{""@Name"":""SubjectDomainName"",""#text"":""DESKTOP-SDN1RPT""},{""@Name"":""SubjectLogonId"",""#text"":""0xDDCC1""},{""@Name"":""TargetName"",""#text"":""OneDrive-INTCachedCredential*""},{""@Name"":""Type"",""#text"":""0""},{""@Name"":""CountOfCredentialsReturned"",""#text"":""0""},{""@Name"":""ReadOperation"",""#text"":""%%8100""},{""@Name"":""ReturnCode"",""#text"":""3221226021""},{""@Name"":""ProcessCreationTime"",""#text"":""2020-09-18 05:51:52.1939251""},{""@Name"":""ClientProcessId"",""#text"":""5980""}]}}"
678,678,2020-09-18 05:56:37.4000730,5379,LogAlways,Microsoft-Windows-Security-Auditing,Security,664,716,DESKTOP-SDN1RPT,7,,Credential Manager credentials were read,Admin,,SID: S-1-5-21-41211245-796119838-3940169921-1001,Domain: DESKTOP-SDN1RPT,LogonID: 0xDDCC1,CountOfCredentialsReturned: 0,,ActivityID: 089e13a3-8d7f-0001-4b14-9e087f8dd601,OneDrive Cached Credential,False,D:\Software\CTF\Misc\EvtxECmd\Security.evtx,Audit success,0,"{""EventData"":{""Data"":[{""@Name"":""SubjectUserSid"",""#text"":""S-1-5-21-41211245-796119838-3940169921-1001""},{""@Name"":""SubjectUserName"",""#text"":""Admin""},{""@Name"":""SubjectDomainName"",""#text"":""DESKTOP-SDN1RPT""},{""@Name"":""SubjectLogonId"",""#text"":""0xDDCC1""},{""@Name"":""TargetName"",""#text"":""OneDrive Cached Credential""},{""@Name"":""Type"",""#text"":""0""},{""@Name"":""CountOfCredentialsReturned"",""#text"":""0""},{""@Name"":""ReadOperation"",""#text"":""%%8100""},{""@Name"":""ReturnCode"",""#text"":""3221226021""},{""@Name"":""ProcessCreationTime"",""#text"":""2020-09-18 05:56:31.3055979""},{""@Name"":""ClientProcessId"",""#text"":""5044""}]}}"
679,679,2020-09-18 05:56:42.6621409,5379,LogAlways,Microsoft-Windows-Security-Auditing,Security,664,1492,DESKTOP-SDN1RPT,8,,Credential Manager credentials were read,Admin,,SID: S-1-5-21-41211245-796119838-3940169921-1001,Domain: DESKTOP-SDN1RPT,LogonID: 0xDDCC1,CountOfCredentialsReturned: 0,,ActivityID: 089e13a3-8d7f-0001-4b14-9e087f8dd601,OneDrive Cached Credential,False,D:\Software\CTF\Misc\EvtxECmd\Security.evtx,Audit success,0,"{""EventData"":{""Data"":[{""@Name"":""SubjectUserSid"",""#text"":""S-1-5-21-41211245-796119838-3940169921-1001""},{""@Name"":""SubjectUserName"",""#text"":""Admin""},{""@Name"":""SubjectDomainName"",""#text"":""DESKTOP-SDN1RPT""},{""@Name"":""SubjectLogonId"",""#text"":""0xDDCC1""},{""@Name"":""TargetName"",""#text"":""OneDrive Cached Credential""},{""@Name"":""Type"",""#text"":""0""},{""@Name"":""CountOfCredentialsReturned"",""#text"":""0""},{""@Name"":""ReadOperation"",""#text"":""%%8100""},{""@Name"":""ReturnCode"",""#text"":""3221226021""},{""@Name"":""ProcessCreationTime"",""#text"":""2020-09-18 05:56:31.3055979""},{""@Name"":""ClientProcessId"",""#text"":""5044""}]}}"
680,680,2020-09-18 05:58:00.8527018,5379,LogAlways,Microsoft-Windows-Security-Auditing,Security,664,720,DESKTOP-SDN1RPT,8,,Credential Manager credentials were read,LOCAL SERVICE,,SID: S-1-5-19,Domain: NT AUTHORITY,LogonID: 0x3E5,CountOfCredentialsReturned: 0,,ActivityID: 089e13a3-8d7f-0001-4b14-9e087f8dd601,WindowsLive:(token):name=02igeerdlzjxrfas;serviceuri=*,False,D:\Software\CTF\Misc\EvtxECmd\Security.evtx,Audit success,0,"{""EventData"":{""Data"":[{""@Name"":""SubjectUserSid"",""#text"":""S-1-5-19""},{""@Name"":""SubjectUserName"",""#text"":""LOCAL SERVICE""},{""@Name"":""SubjectDomainName"",""#text"":""NT AUTHORITY""},{""@Name"":""SubjectLogonId"",""#text"":""0x3E5""},{""@Name"":""TargetName"",""#text"":""WindowsLive:(token):name=02igeerdlzjxrfas;serviceuri=*""},{""@Name"":""Type"",""#text"":""0""},{""@Name"":""CountOfCredentialsReturned"",""#text"":""0""},{""@Name"":""ReadOperation"",""#text"":""%%8100""},{""@Name"":""ReturnCode"",""#text"":""3221226021""},{""@Name"":""ProcessCreationTime"",""#text"":""2020-09-18 05:46:31.7903713""},{""@Name"":""ClientProcessId"",""#text"":""60""}]}}"
681,681,2020-09-18 05:58:00.8537317,5379,LogAlways,Microsoft-Windows-Security-Auditing,Security,664,720,DESKTOP-SDN1RPT,8,,Credential Manager credentials were read,LOCAL SERVICE,,SID: S-1-5-19,Domain: NT AUTHORITY,LogonID: 0x3E5,CountOfCredentialsReturned: 0,,ActivityID: 089e13a3-8d7f-0001-4b14-9e087f8dd601,WindowsLive:(cert):name=02igeerdlzjxrfas;serviceuri=*,False,D:\Software\CTF\Misc\EvtxECmd\Security.evtx,Audit success,0,"{""EventData"":{""Data"":[{""@Name"":""SubjectUserSid"",""#text"":""S-1-5-19""},{""@Name"":""SubjectUserName"",""#text"":""LOCAL SERVICE""},{""@Name"":""SubjectDomainName"",""#text"":""NT AUTHORITY""},{""@Name"":""SubjectLogonId"",""#text"":""0x3E5""},{""@Name"":""TargetName"",""#text"":""WindowsLive:(cert):name=02igeerdlzjxrfas;serviceuri=*""},{""@Name"":""Type"",""#text"":""0""},{""@Name"":""CountOfCredentialsReturned"",""#text"":""0""},{""@Name"":""ReadOperation"",""#text"":""%%8100""},{""@Name"":""ReturnCode"",""#text"":""3221226021""},{""@Name"":""ProcessCreationTime"",""#text"":""2020-09-18 05:46:31.7903713""},{""@Name"":""ClientProcessId"",""#text"":""60""}]}}"
682,682,2020-09-18 05:58:00.8538967,5379,LogAlways,Microsoft-Windows-Security-Auditing,Security,664,720,DESKTOP-SDN1RPT,8,,Credential Manager credentials were read,LOCAL SERVICE,,SID: S-1-5-19,Domain: NT AUTHORITY,LogonID: 0x3E5,CountOfCredentialsReturned: 0,,ActivityID: 089e13a3-8d7f-0001-4b14-9e087f8dd601,WindowsLive:target=virtualapp/didlogical,False,D:\Software\CTF\Misc\EvtxECmd\Security.evtx,Audit success,0,"{""EventData"":{""Data"":[{""@Name"":""SubjectUserSid"",""#text"":""S-1-5-19""},{""@Name"":""SubjectUserName"",""#text"":""LOCAL SERVICE""},{""@Name"":""SubjectDomainName"",""#text"":""NT AUTHORITY""},{""@Name"":""SubjectLogonId"",""#text"":""0x3E5""},{""@Name"":""TargetName"",""#text"":""WindowsLive:target=virtualapp/didlogical""},{""@Name"":""Type"",""#text"":""0""},{""@Name"":""CountOfCredentialsReturned"",""#text"":""0""},{""@Name"":""ReadOperation"",""#text"":""%%8100""},{""@Name"":""ReturnCode"",""#text"":""3221226021""},{""@Name"":""ProcessCreationTime"",""#text"":""2020-09-18 05:46:31.7903713""},{""@Name"":""ClientProcessId"",""#text"":""60""}]}}"
683,683,2020-09-18 05:58:00.8809442,5379,LogAlways,Microsoft-Windows-Security-Auditing,Security,664,720,DESKTOP-SDN1RPT,8,,Credential Manager credentials were read,WIN-2IH1TBB9I4Q$,,SID: S-1-5-20,Domain: WORKGROUP,LogonID: 0x3E4,CountOfCredentialsReturned: 0,,ActivityID: 089e13a3-8d7f-0001-4b14-9e087f8dd601,WindowsLive:(token):name=02ovebmnvusdttcs;serviceuri=*,False,D:\Software\CTF\Misc\EvtxECmd\Security.evtx,Audit success,0,"{""EventData"":{""Data"":[{""@Name"":""SubjectUserSid"",""#text"":""S-1-5-20""},{""@Name"":""SubjectUserName"",""#text"":""WIN-2IH1TBB9I4Q$""},{""@Name"":""SubjectDomainName"",""#text"":""WORKGROUP""},{""@Name"":""SubjectLogonId"",""#text"":""0x3E4""},{""@Name"":""TargetName"",""#text"":""WindowsLive:(token):name=02ovebmnvusdttcs;serviceuri=*""},{""@Name"":""Type"",""#text"":""0""},{""@Name"":""CountOfCredentialsReturned"",""#text"":""0""},{""@Name"":""ReadOperation"",""#text"":""%%8100""},{""@Name"":""ReturnCode"",""#text"":""3221226021""},{""@Name"":""ProcessCreationTime"",""#text"":""2020-09-18 05:46:31.7903713""},{""@Name"":""ClientProcessId"",""#text"":""60""}]}}"
684,684,2020-09-18 05:58:00.8816174,5379,LogAlways,Microsoft-Windows-Security-Auditing,Security,664,720,DESKTOP-SDN1RPT,8,,Credential Manager credentials were read,WIN-2IH1TBB9I4Q$,,SID: S-1-5-20,Domain: WORKGROUP,LogonID: 0x3E4,CountOfCredentialsReturned: 0,,ActivityID: 089e13a3-8d7f-0001-4b14-9e087f8dd601,WindowsLive:(cert):name=02ovebmnvusdttcs;serviceuri=*,False,D:\Software\CTF\Misc\EvtxECmd\Security.evtx,Audit success,0,"{""EventData"":{""Data"":[{""@Name"":""SubjectUserSid"",""#text"":""S-1-5-20""},{""@Name"":""SubjectUserName"",""#text"":""WIN-2IH1TBB9I4Q$""},{""@Name"":""SubjectDomainName"",""#text"":""WORKGROUP""},{""@Name"":""SubjectLogonId"",""#text"":""0x3E4""},{""@Name"":""TargetName"",""#text"":""WindowsLive:(cert):name=02ovebmnvusdttcs;serviceuri=*""},{""@Name"":""Type"",""#text"":""0""},{""@Name"":""CountOfCredentialsReturned"",""#text"":""0""},{""@Name"":""ReadOperation"",""#text"":""%%8100""},{""@Name"":""ReturnCode"",""#text"":""3221226021""},{""@Name"":""ProcessCreationTime"",""#text"":""2020-09-18 05:46:31.7903713""},{""@Name"":""ClientProcessId"",""#text"":""60""}]}}"
685,685,2020-09-18 05:58:00.8817615,5379,LogAlways,Microsoft-Windows-Security-Auditing,Security,664,720,DESKTOP-SDN1RPT,8,,Credential Manager credentials were read,WIN-2IH1TBB9I4Q$,,SID: S-1-5-20,Domain: WORKGROUP,LogonID: 0x3E4,CountOfCredentialsReturned: 0,,ActivityID: 089e13a3-8d7f-0001-4b14-9e087f8dd601,WindowsLive:target=virtualapp/didlogical,False,D:\Software\CTF\Misc\EvtxECmd\Security.evtx,Audit success,0,"{""EventData"":{""Data"":[{""@Name"":""SubjectUserSid"",""#text"":""S-1-5-20""},{""@Name"":""SubjectUserName"",""#text"":""WIN-2IH1TBB9I4Q$""},{""@Name"":""SubjectDomainName"",""#text"":""WORKGROUP""},{""@Name"":""SubjectLogonId"",""#text"":""0x3E4""},{""@Name"":""TargetName"",""#text"":""WindowsLive:target=virtualapp/didlogical""},{""@Name"":""Type"",""#text"":""0""},{""@Name"":""CountOfCredentialsReturned"",""#text"":""0""},{""@Name"":""ReadOperation"",""#text"":""%%8100""},{""@Name"":""ReturnCode"",""#text"":""3221226021""},{""@Name"":""ProcessCreationTime"",""#text"":""2020-09-18 05:46:31.7903713""},{""@Name"":""ClientProcessId"",""#text"":""60""}]}}"
686,686,2020-09-18 05:58:01.4634028,5379,LogAlways,Microsoft-Windows-Security-Auditing,Security,664,720,DESKTOP-SDN1RPT,8,,Credential Manager credentials were read,LOCAL SERVICE,,SID: S-1-5-19,Domain: NT AUTHORITY,LogonID: 0x3E5,CountOfCredentialsReturned: 0,,ActivityID: 089e13a3-8d7f-0001-4b14-9e087f8dd601,WindowsLive:(token):name=02vaigezcvmhpktf;serviceuri=*,False,D:\Software\CTF\Misc\EvtxECmd\Security.evtx,Audit success,0,"{""EventData"":{""Data"":[{""@Name"":""SubjectUserSid"",""#text"":""S-1-5-19""},{""@Name"":""SubjectUserName"",""#text"":""LOCAL SERVICE""},{""@Name"":""SubjectDomainName"",""#text"":""NT AUTHORITY""},{""@Name"":""SubjectLogonId"",""#text"":""0x3E5""},{""@Name"":""TargetName"",""#text"":""WindowsLive:(token):name=02vaigezcvmhpktf;serviceuri=*""},{""@Name"":""Type"",""#text"":""0""},{""@Name"":""CountOfCredentialsReturned"",""#text"":""0""},{""@Name"":""ReadOperation"",""#text"":""%%8100""},{""@Name"":""ReturnCode"",""#text"":""3221226021""},{""@Name"":""ProcessCreationTime"",""#text"":""2020-09-18 05:46:31.7903713""},{""@Name"":""ClientProcessId"",""#text"":""60""}]}}"
687,687,2020-09-18 05:58:01.4641298,5379,LogAlways,Microsoft-Windows-Security-Auditing,Security,664,720,DESKTOP-SDN1RPT,8,,Credential Manager credentials were read,LOCAL SERVICE,,SID: S-1-5-19,Domain: NT AUTHORITY,LogonID: 0x3E5,CountOfCredentialsReturned: 0,,ActivityID: 089e13a3-8d7f-0001-4b14-9e087f8dd601,WindowsLive:(cert):name=02vaigezcvmhpktf;serviceuri=*,False,D:\Software\CTF\Misc\EvtxECmd\Security.evtx,Audit success,0,"{""EventData"":{""Data"":[{""@Name"":""SubjectUserSid"",""#text"":""S-1-5-19""},{""@Name"":""SubjectUserName"",""#text"":""LOCAL SERVICE""},{""@Name"":""SubjectDomainName"",""#text"":""NT AUTHORITY""},{""@Name"":""SubjectLogonId"",""#text"":""0x3E5""},{""@Name"":""TargetName"",""#text"":""WindowsLive:(cert):name=02vaigezcvmhpktf;serviceuri=*""},{""@Name"":""Type"",""#text"":""0""},{""@Name"":""CountOfCredentialsReturned"",""#text"":""0""},{""@Name"":""ReadOperation"",""#text"":""%%8100""},{""@Name"":""ReturnCode"",""#text"":""3221226021""},{""@Name"":""ProcessCreationTime"",""#text"":""2020-09-18 05:46:31.7903713""},{""@Name"":""ClientProcessId"",""#text"":""60""}]}}"
688,688,2020-09-18 05:58:01.4644129,5379,LogAlways,Microsoft-Windows-Security-Auditing,Security,664,720,DESKTOP-SDN1RPT,8,,Credential Manager credentials were read,LOCAL SERVICE,,SID: S-1-5-19,Domain: NT AUTHORITY,LogonID: 0x3E5,CountOfCredentialsReturned: 0,,ActivityID: 089e13a3-8d7f-0001-4b14-9e087f8dd601,WindowsLive:target=virtualapp/didlogical,False,D:\Software\CTF\Misc\EvtxECmd\Security.evtx,Audit success,0,"{""EventData"":{""Data"":[{""@Name"":""SubjectUserSid"",""#text"":""S-1-5-19""},{""@Name"":""SubjectUserName"",""#text"":""LOCAL SERVICE""},{""@Name"":""SubjectDomainName"",""#text"":""NT AUTHORITY""},{""@Name"":""SubjectLogonId"",""#text"":""0x3E5""},{""@Name"":""TargetName"",""#text"":""WindowsLive:target=virtualapp/didlogical""},{""@Name"":""Type"",""#text"":""0""},{""@Name"":""CountOfCredentialsReturned"",""#text"":""0""},{""@Name"":""ReadOperation"",""#text"":""%%8100""},{""@Name"":""ReturnCode"",""#text"":""3221226021""},{""@Name"":""ProcessCreationTime"",""#text"":""2020-09-18 05:46:31.7903713""},{""@Name"":""ClientProcessId"",""#text"":""60""}]}}"
689,689,2020-09-18 05:58:01.4692232,5379,LogAlways,Microsoft-Windows-Security-Auditing,Security,664,720,DESKTOP-SDN1RPT,8,,Credential Manager credentials were read,Admin,,SID: S-1-5-21-41211245-796119838-3940169921-1001,Domain: DESKTOP-SDN1RPT,LogonID: 0xDDCC1,CountOfCredentialsReturned: 0,,ActivityID: 089e13a3-8d7f-0001-4b14-9e087f8dd601,WindowsLive:(token):name=02avdojavhxdbufx;serviceuri=*,False,D:\Software\CTF\Misc\EvtxECmd\Security.evtx,Audit success,0,"{""EventData"":{""Data"":[{""@Name"":""SubjectUserSid"",""#text"":""S-1-5-21-41211245-796119838-3940169921-1001""},{""@Name"":""SubjectUserName"",""#text"":""Admin""},{""@Name"":""SubjectDomainName"",""#text"":""DESKTOP-SDN1RPT""},{""@Name"":""SubjectLogonId"",""#text"":""0xDDCC1""},{""@Name"":""TargetName"",""#text"":""WindowsLive:(token):name=02avdojavhxdbufx;serviceuri=*""},{""@Name"":""Type"",""#text"":""0""},{""@Name"":""CountOfCredentialsReturned"",""#text"":""0""},{""@Name"":""ReadOperation"",""#text"":""%%8100""},{""@Name"":""ReturnCode"",""#text"":""3221226021""},{""@Name"":""ProcessCreationTime"",""#text"":""2020-09-18 05:46:31.7903713""},{""@Name"":""ClientProcessId"",""#text"":""60""}]}}"
690,690,2020-09-18 05:58:01.4697196,5379,LogAlways,Microsoft-Windows-Security-Auditing,Security,664,720,DESKTOP-SDN1RPT,8,,Credential Manager credentials were read,Admin,,SID: S-1-5-21-41211245-796119838-3940169921-1001,Domain: DESKTOP-SDN1RPT,LogonID: 0xDDCC1,CountOfCredentialsReturned: 0,,ActivityID: 089e13a3-8d7f-0001-4b14-9e087f8dd601,WindowsLive:(cert):name=02avdojavhxdbufx;serviceuri=*,False,D:\Software\CTF\Misc\EvtxECmd\Security.evtx,Audit success,0,"{""EventData"":{""Data"":[{""@Name"":""SubjectUserSid"",""#text"":""S-1-5-21-41211245-796119838-3940169921-1001""},{""@Name"":""SubjectUserName"",""#text"":""Admin""},{""@Name"":""SubjectDomainName"",""#text"":""DESKTOP-SDN1RPT""},{""@Name"":""SubjectLogonId"",""#text"":""0xDDCC1""},{""@Name"":""TargetName"",""#text"":""WindowsLive:(cert):name=02avdojavhxdbufx;serviceuri=*""},{""@Name"":""Type"",""#text"":""0""},{""@Name"":""CountOfCredentialsReturned"",""#text"":""0""},{""@Name"":""ReadOperation"",""#text"":""%%8100""},{""@Name"":""ReturnCode"",""#text"":""3221226021""},{""@Name"":""ProcessCreationTime"",""#text"":""2020-09-18 05:46:31.7903713""},{""@Name"":""ClientProcessId"",""#text"":""60""}]}}"
691,691,2020-09-18 05:58:01.4698485,5379,LogAlways,Microsoft-Windows-Security-Auditing,Security,664,720,DESKTOP-SDN1RPT,8,,Credential Manager credentials were read,Admin,,SID: S-1-5-21-41211245-796119838-3940169921-1001,Domain: DESKTOP-SDN1RPT,LogonID: 0xDDCC1,CountOfCredentialsReturned: 0,,ActivityID: 089e13a3-8d7f-0001-4b14-9e087f8dd601,WindowsLive:target=virtualapp/didlogical,False,D:\Software\CTF\Misc\EvtxECmd\Security.evtx,Audit success,0,"{""EventData"":{""Data"":[{""@Name"":""SubjectUserSid"",""#text"":""S-1-5-21-41211245-796119838-3940169921-1001""},{""@Name"":""SubjectUserName"",""#text"":""Admin""},{""@Name"":""SubjectDomainName"",""#text"":""DESKTOP-SDN1RPT""},{""@Name"":""SubjectLogonId"",""#text"":""0xDDCC1""},{""@Name"":""TargetName"",""#text"":""WindowsLive:target=virtualapp/didlogical""},{""@Name"":""Type"",""#text"":""0""},{""@Name"":""CountOfCredentialsReturned"",""#text"":""0""},{""@Name"":""ReadOperation"",""#text"":""%%8100""},{""@Name"":""ReturnCode"",""#text"":""3221226021""},{""@Name"":""ProcessCreationTime"",""#text"":""2020-09-18 05:46:31.7903713""},{""@Name"":""ClientProcessId"",""#text"":""60""}]}}"
692,692,2020-09-18 04:58:02.3076634,4616,LogAlways,Microsoft-Windows-Security-Auditing,Security,4,260,DESKTOP-SDN1RPT,8,,The system time was changed,NT AUTHORITY\LOCAL SERVICE (S-1-5-19),,Previous Time: 2020-09-18 05:58:01.9239364,New Time: 2020-09-18 04:58:02.3055654,LogonId: 0x3E5,,,,C:\Windows\System32\svchost.exe,False,D:\Software\CTF\Misc\EvtxECmd\Security.evtx,Audit success,0,"{""EventData"":{""Data"":[{""@Name"":""SubjectUserSid"",""#text"":""S-1-5-19""},{""@Name"":""SubjectUserName"",""#text"":""LOCAL SERVICE""},{""@Name"":""SubjectDomainName"",""#text"":""NT AUTHORITY""},{""@Name"":""SubjectLogonId"",""#text"":""0x3E5""},{""@Name"":""PreviousTime"",""#text"":""2020-09-18 05:58:01.9239364""},{""@Name"":""NewTime"",""#text"":""2020-09-18 04:58:02.3055654""},{""@Name"":""ProcessId"",""#text"":""0x50C""},{""@Name"":""ProcessName"",""#text"":""C:\\Windows\\System32\\svchost.exe""}]}}"
693,693,2020-09-18 04:58:02.3367040,4616,LogAlways,Microsoft-Windows-Security-Auditing,Security,4,328,DESKTOP-SDN1RPT,8,,The system time was changed,NT AUTHORITY\LOCAL SERVICE (S-1-5-19),,Previous Time: 2020-09-18 04:58:02.3302659,New Time: 2020-09-18 04:58:02.3355217,LogonId: 0x3E5,,,,C:\Windows\System32\svchost.exe,False,D:\Software\CTF\Misc\EvtxECmd\Security.evtx,Audit success,0,"{""EventData"":{""Data"":[{""@Name"":""SubjectUserSid"",""#text"":""S-1-5-19""},{""@Name"":""SubjectUserName"",""#text"":""LOCAL SERVICE""},{""@Name"":""SubjectDomainName"",""#text"":""NT AUTHORITY""},{""@Name"":""SubjectLogonId"",""#text"":""0x3E5""},{""@Name"":""PreviousTime"",""#text"":""2020-09-18 04:58:02.3302659""},{""@Name"":""NewTime"",""#text"":""2020-09-18 04:58:02.3355217""},{""@Name"":""ProcessId"",""#text"":""0x50C""},{""@Name"":""ProcessName"",""#text"":""C:\\Windows\\System32\\svchost.exe""}]}}"
694,694,2020-09-18 04:58:03.3943426,5379,LogAlways,Microsoft-Windows-Security-Auditing,Security,664,720,DESKTOP-SDN1RPT,8,,Credential Manager credentials were read,LOCAL SERVICE,,SID: S-1-5-19,Domain: NT AUTHORITY,LogonID: 0x3E5,CountOfCredentialsReturned: 0,,ActivityID: 089e13a3-8d7f-0001-4b14-9e087f8dd601,WindowsLive:(token):name=02namqtvqeyckois;serviceuri=*,False,D:\Software\CTF\Misc\EvtxECmd\Security.evtx,Audit success,0,"{""EventData"":{""Data"":[{""@Name"":""SubjectUserSid"",""#text"":""S-1-5-19""},{""@Name"":""SubjectUserName"",""#text"":""LOCAL SERVICE""},{""@Name"":""SubjectDomainName"",""#text"":""NT AUTHORITY""},{""@Name"":""SubjectLogonId"",""#text"":""0x3E5""},{""@Name"":""TargetName"",""#text"":""WindowsLive:(token):name=02namqtvqeyckois;serviceuri=*""},{""@Name"":""Type"",""#text"":""0""},{""@Name"":""CountOfCredentialsReturned"",""#text"":""0""},{""@Name"":""ReadOperation"",""#text"":""%%8100""},{""@Name"":""ReturnCode"",""#text"":""3221226021""},{""@Name"":""ProcessCreationTime"",""#text"":""2020-09-18 05:46:31.7903713""},{""@Name"":""ClientProcessId"",""#text"":""60""}]}}"
695,695,2020-09-18 04:58:03.3947595,5379,LogAlways,Microsoft-Windows-Security-Auditing,Security,664,720,DESKTOP-SDN1RPT,8,,Credential Manager credentials were read,LOCAL SERVICE,,SID: S-1-5-19,Domain: NT AUTHORITY,LogonID: 0x3E5,CountOfCredentialsReturned: 0,,ActivityID: 089e13a3-8d7f-0001-4b14-9e087f8dd601,WindowsLive:(cert):name=02namqtvqeyckois;serviceuri=*,False,D:\Software\CTF\Misc\EvtxECmd\Security.evtx,Audit success,0,"{""EventData"":{""Data"":[{""@Name"":""SubjectUserSid"",""#text"":""S-1-5-19""},{""@Name"":""SubjectUserName"",""#text"":""LOCAL SERVICE""},{""@Name"":""SubjectDomainName"",""#text"":""NT AUTHORITY""},{""@Name"":""SubjectLogonId"",""#text"":""0x3E5""},{""@Name"":""TargetName"",""#text"":""WindowsLive:(cert):name=02namqtvqeyckois;serviceuri=*""},{""@Name"":""Type"",""#text"":""0""},{""@Name"":""CountOfCredentialsReturned"",""#text"":""0""},{""@Name"":""ReadOperation"",""#text"":""%%8100""},{""@Name"":""ReturnCode"",""#text"":""3221226021""},{""@Name"":""ProcessCreationTime"",""#text"":""2020-09-18 05:46:31.7903713""},{""@Name"":""ClientProcessId"",""#text"":""60""}]}}"
696,696,2020-09-18 04:58:03.3953343,5379,LogAlways,Microsoft-Windows-Security-Auditing,Security,664,720,DESKTOP-SDN1RPT,8,,Credential Manager credentials were read,LOCAL SERVICE,,SID: S-1-5-19,Domain: NT AUTHORITY,LogonID: 0x3E5,CountOfCredentialsReturned: 0,,ActivityID: 089e13a3-8d7f-0001-4b14-9e087f8dd601,WindowsLive:target=virtualapp/didlogical,False,D:\Software\CTF\Misc\EvtxECmd\Security.evtx,Audit success,0,"{""EventData"":{""Data"":[{""@Name"":""SubjectUserSid"",""#text"":""S-1-5-19""},{""@Name"":""SubjectUserName"",""#text"":""LOCAL SERVICE""},{""@Name"":""SubjectDomainName"",""#text"":""NT AUTHORITY""},{""@Name"":""SubjectLogonId"",""#text"":""0x3E5""},{""@Name"":""TargetName"",""#text"":""WindowsLive:target=virtualapp/didlogical""},{""@Name"":""Type"",""#text"":""0""},{""@Name"":""CountOfCredentialsReturned"",""#text"":""0""},{""@Name"":""ReadOperation"",""#text"":""%%8100""},{""@Name"":""ReturnCode"",""#text"":""3221226021""},{""@Name"":""ProcessCreationTime"",""#text"":""2020-09-18 05:46:31.7903713""},{""@Name"":""ClientProcessId"",""#text"":""60""}]}}"
697,697,2020-09-18 04:58:03.3993569,5379,LogAlways,Microsoft-Windows-Security-Auditing,Security,664,720,DESKTOP-SDN1RPT,8,,Credential Manager credentials were read,WIN-2IH1TBB9I4Q$,,SID: S-1-5-20,Domain: WORKGROUP,LogonID: 0x3E4,CountOfCredentialsReturned: 0,,ActivityID: 089e13a3-8d7f-0001-4b14-9e087f8dd601,WindowsLive:(token):name=02soelfckuxslqqv;serviceuri=*,False,D:\Software\CTF\Misc\EvtxECmd\Security.evtx,Audit success,0,"{""EventData"":{""Data"":[{""@Name"":""SubjectUserSid"",""#text"":""S-1-5-20""},{""@Name"":""SubjectUserName"",""#text"":""WIN-2IH1TBB9I4Q$""},{""@Name"":""SubjectDomainName"",""#text"":""WORKGROUP""},{""@Name"":""SubjectLogonId"",""#text"":""0x3E4""},{""@Name"":""TargetName"",""#text"":""WindowsLive:(token):name=02soelfckuxslqqv;serviceuri=*""},{""@Name"":""Type"",""#text"":""0""},{""@Name"":""CountOfCredentialsReturned"",""#text"":""0""},{""@Name"":""ReadOperation"",""#text"":""%%8100""},{""@Name"":""ReturnCode"",""#text"":""3221226021""},{""@Name"":""ProcessCreationTime"",""#text"":""2020-09-18 05:46:31.7903713""},{""@Name"":""ClientProcessId"",""#text"":""60""}]}}"
698,698,2020-09-18 04:58:03.4002977,5379,LogAlways,Microsoft-Windows-Security-Auditing,Security,664,720,DESKTOP-SDN1RPT,8,,Credential Manager credentials were read,WIN-2IH1TBB9I4Q$,,SID: S-1-5-20,Domain: WORKGROUP,LogonID: 0x3E4,CountOfCredentialsReturned: 0,,ActivityID: 089e13a3-8d7f-0001-4b14-9e087f8dd601,WindowsLive:(cert):name=02soelfckuxslqqv;serviceuri=*,False,D:\Software\CTF\Misc\EvtxECmd\Security.evtx,Audit success,0,"{""EventData"":{""Data"":[{""@Name"":""SubjectUserSid"",""#text"":""S-1-5-20""},{""@Name"":""SubjectUserName"",""#text"":""WIN-2IH1TBB9I4Q$""},{""@Name"":""SubjectDomainName"",""#text"":""WORKGROUP""},{""@Name"":""SubjectLogonId"",""#text"":""0x3E4""},{""@Name"":""TargetName"",""#text"":""WindowsLive:(cert):name=02soelfckuxslqqv;serviceuri=*""},{""@Name"":""Type"",""#text"":""0""},{""@Name"":""CountOfCredentialsReturned"",""#text"":""0""},{""@Name"":""ReadOperation"",""#text"":""%%8100""},{""@Name"":""ReturnCode"",""#text"":""3221226021""},{""@Name"":""ProcessCreationTime"",""#text"":""2020-09-18 05:46:31.7903713""},{""@Name"":""ClientProcessId"",""#text"":""60""}]}}"
699,699,2020-09-18 04:58:03.4010988,5379,LogAlways,Microsoft-Windows-Security-Auditing,Security,664,720,DESKTOP-SDN1RPT,8,,Credential Manager credentials were read,WIN-2IH1TBB9I4Q$,,SID: S-1-5-20,Domain: WORKGROUP,LogonID: 0x3E4,CountOfCredentialsReturned: 0,,ActivityID: 089e13a3-8d7f-0001-4b14-9e087f8dd601,WindowsLive:target=virtualapp/didlogical,False,D:\Software\CTF\Misc\EvtxECmd\Security.evtx,Audit success,0,"{""EventData"":{""Data"":[{""@Name"":""SubjectUserSid"",""#text"":""S-1-5-20""},{""@Name"":""SubjectUserName"",""#text"":""WIN-2IH1TBB9I4Q$""},{""@Name"":""SubjectDomainName"",""#text"":""WORKGROUP""},{""@Name"":""SubjectLogonId"",""#text"":""0x3E4""},{""@Name"":""TargetName"",""#text"":""WindowsLive:target=virtualapp/didlogical""},{""@Name"":""Type"",""#text"":""0""},{""@Name"":""CountOfCredentialsReturned"",""#text"":""0""},{""@Name"":""ReadOperation"",""#text"":""%%8100""},{""@Name"":""ReturnCode"",""#text"":""3221226021""},{""@Name"":""ProcessCreationTime"",""#text"":""2020-09-18 05:46:31.7903713""},{""@Name"":""ClientProcessId"",""#text"":""60""}]}}"
700,700,2020-09-18 04:58:03.9008102,5379,LogAlways,Microsoft-Windows-Security-Auditing,Security,664,720,DESKTOP-SDN1RPT,8,,Credential Manager credentials were read,WIN-2IH1TBB9I4Q$,,SID: S-1-5-18,Domain: WORKGROUP,LogonID: 0x3E7,CountOfCredentialsReturned: 0,,ActivityID: 089e13a3-8d7f-0001-4b14-9e087f8dd601,WindowsLive:(token):name=02mxskfvpzuazrtt;serviceuri=*,False,D:\Software\CTF\Misc\EvtxECmd\Security.evtx,Audit success,0,"{""EventData"":{""Data"":[{""@Name"":""SubjectUserSid"",""#text"":""S-1-5-18""},{""@Name"":""SubjectUserName"",""#text"":""WIN-2IH1TBB9I4Q$""},{""@Name"":""SubjectDomainName"",""#text"":""WORKGROUP""},{""@Name"":""SubjectLogonId"",""#text"":""0x3E7""},{""@Name"":""TargetName"",""#text"":""WindowsLive:(token):name=02mxskfvpzuazrtt;serviceuri=*""},{""@Name"":""Type"",""#text"":""0""},{""@Name"":""CountOfCredentialsReturned"",""#text"":""0""},{""@Name"":""ReadOperation"",""#text"":""%%8100""},{""@Name"":""ReturnCode"",""#text"":""3221226021""},{""@Name"":""ProcessCreationTime"",""#text"":""2020-09-18 05:46:31.7903713""},{""@Name"":""ClientProcessId"",""#text"":""60""}]}}"
701,701,2020-09-18 04:58:03.9012074,5379,LogAlways,Microsoft-Windows-Security-Auditing,Security,664,720,DESKTOP-SDN1RPT,8,,Credential Manager credentials were read,WIN-2IH1TBB9I4Q$,,SID: S-1-5-18,Domain: WORKGROUP,LogonID: 0x3E7,CountOfCredentialsReturned: 0,,ActivityID: 089e13a3-8d7f-0001-4b14-9e087f8dd601,WindowsLive:(cert):name=02mxskfvpzuazrtt;serviceuri=*,False,D:\Software\CTF\Misc\EvtxECmd\Security.evtx,Audit success,0,"{""EventData"":{""Data"":[{""@Name"":""SubjectUserSid"",""#text"":""S-1-5-18""},{""@Name"":""SubjectUserName"",""#text"":""WIN-2IH1TBB9I4Q$""},{""@Name"":""SubjectDomainName"",""#text"":""WORKGROUP""},{""@Name"":""SubjectLogonId"",""#text"":""0x3E7""},{""@Name"":""TargetName"",""#text"":""WindowsLive:(cert):name=02mxskfvpzuazrtt;serviceuri=*""},{""@Name"":""Type"",""#text"":""0""},{""@Name"":""CountOfCredentialsReturned"",""#text"":""0""},{""@Name"":""ReadOperation"",""#text"":""%%8100""},{""@Name"":""ReturnCode"",""#text"":""3221226021""},{""@Name"":""ProcessCreationTime"",""#text"":""2020-09-18 05:46:31.7903713""},{""@Name"":""ClientProcessId"",""#text"":""60""}]}}"
702,702,2020-09-18 04:58:03.9013288,5379,LogAlways,Microsoft-Windows-Security-Auditing,Security,664,720,DESKTOP-SDN1RPT,8,,Credential Manager credentials were read,WIN-2IH1TBB9I4Q$,,SID: S-1-5-18,Domain: WORKGROUP,LogonID: 0x3E7,CountOfCredentialsReturned: 0,,ActivityID: 089e13a3-8d7f-0001-4b14-9e087f8dd601,WindowsLive:target=virtualapp/didlogical,False,D:\Software\CTF\Misc\EvtxECmd\Security.evtx,Audit success,0,"{""EventData"":{""Data"":[{""@Name"":""SubjectUserSid"",""#text"":""S-1-5-18""},{""@Name"":""SubjectUserName"",""#text"":""WIN-2IH1TBB9I4Q$""},{""@Name"":""SubjectDomainName"",""#text"":""WORKGROUP""},{""@Name"":""SubjectLogonId"",""#text"":""0x3E7""},{""@Name"":""TargetName"",""#text"":""WindowsLive:target=virtualapp/didlogical""},{""@Name"":""Type"",""#text"":""0""},{""@Name"":""CountOfCredentialsReturned"",""#text"":""0""},{""@Name"":""ReadOperation"",""#text"":""%%8100""},{""@Name"":""ReturnCode"",""#text"":""3221226021""},{""@Name"":""ProcessCreationTime"",""#text"":""2020-09-18 05:46:31.7903713""},{""@Name"":""ClientProcessId"",""#text"":""60""}]}}"
