874,874,2020-09-18 21:40:28.3062181,4624,LogAlways,Microsoft-Windows-Security-Auditing,Security,660,716,DESKTOP-SDN1RPT,10,,Successful logon,WORKGROUP\DESKTOP-SDN1RPT$,- (-),Target: NT AUTHORITY\SYSTEM,LogonType 5,LogonId: 0x3E7,AuthenticationPackageName: Negotiate,"LogonProcessName: Advapi  ",,C:\Windows\System32\services.exe,False,D:\Software\CTF\Misc\EvtxECmd\Security.evtx,Audit success,0,"{""EventData"":{""Data"":[{""@Name"":""SubjectUserSid"",""#text"":""S-1-5-18""},{""@Name"":""SubjectUserName"",""#text"":""DESKTOP-SDN1RPT$""},{""@Name"":""SubjectDomainName"",""#text"":""WORKGROUP""},{""@Name"":""SubjectLogonId"",""#text"":""0x3E7""},{""@Name"":""TargetUserSid"",""#text"":""S-1-5-18""},{""@Name"":""TargetUserName"",""#text"":""SYSTEM""},{""@Name"":""TargetDomainName"",""#text"":""NT AUTHORITY""},{""@Name"":""TargetLogonId"",""#text"":""0x3E7""},{""@Name"":""LogonType"",""#text"":""5""},{""@Name"":""LogonProcessName"",""#text"":""Advapi  ""},{""@Name"":""AuthenticationPackageName"",""#text"":""Negotiate""},{""@Name"":""WorkstationName"",""#text"":""-""},{""@Name"":""LogonGuid"",""#text"":""00000000-0000-0000-0000-000000000000""},{""@Name"":""TransmittedServices"",""#text"":""-""},{""@Name"":""LmPackageName"",""#text"":""-""},{""@Name"":""KeyLength"",""#text"":""0""},{""@Name"":""ProcessId"",""#text"":""0x284""},{""@Name"":""ProcessName"",""#text"":""C:\\Windows\\System32\\services.exe""},{""@Name"":""IpAddress"",""#text"":""-""},{""@Name"":""IpPort"",""#text"":""-""},{""@Name"":""ImpersonationLevel"",""#text"":""%%1833""},{""@Name"":""RestrictedAdminMode"",""#text"":""-""},{""@Name"":""TargetOutboundUserName"",""#text"":""-""},{""@Name"":""TargetOutboundDomainName"",""#text"":""-""},{""@Name"":""VirtualAccount"",""#text"":""%%1843""},{""@Name"":""TargetLinkedLogonId"",""#text"":""0x0""},{""@Name"":""ElevatedToken"",""#text"":""%%1842""}]}}"
875,875,2020-09-18 21:40:28.3062224,4672,LogAlways,Microsoft-Windows-Security-Auditing,Security,660,716,DESKTOP-SDN1RPT,10,,Administrative logon,NT AUTHORITY\SYSTEM (S-1-5-18),,"PrivilegeList: SeAssignPrimaryTokenPrivilege, SeTcbPrivilege, SeSecurityPrivilege, SeTakeOwnershipPrivilege, SeLoadDriverPrivilege, SeBackupPrivilege, SeRestorePrivilege, SeDebugPrivilege, SeAuditPrivilege, SeSystemEnvironmentPrivilege, SeImpersonatePrivilege, SeDelegateSessionUserImpersonatePrivilege",LogonId: 0x3E7,,,,,,False,D:\Software\CTF\Misc\EvtxECmd\Security.evtx,Audit success,0,"{""EventData"":{""Data"":[{""@Name"":""SubjectUserSid"",""#text"":""S-1-5-18""},{""@Name"":""SubjectUserName"",""#text"":""SYSTEM""},{""@Name"":""SubjectDomainName"",""#text"":""NT AUTHORITY""},{""@Name"":""SubjectLogonId"",""#text"":""0x3E7""},{""@Name"":""PrivilegeList"",""#text"":""SeAssignPrimaryTokenPrivilege, SeTcbPrivilege, SeSecurityPrivilege, SeTakeOwnershipPrivilege, SeLoadDriverPrivilege, SeBackupPrivilege, SeRestorePrivilege, SeDebugPrivilege, SeAuditPrivilege, SeSystemEnvironmentPrivilege, SeImpersonatePrivilege, SeDelegateSessionUserImpersonatePrivilege""}]}}"
876,876,2020-09-18 21:40:28.4353457,4799,LogAlways,Microsoft-Windows-Security-Auditing,Security,660,716,DESKTOP-SDN1RPT,10,,A security-enabled local group membership was enumerated,WORKGROUP\DESKTOP-SDN1RPT$ (S-1-5-18),,Target: Builtin\Administrators (S-1-5-32-544),SubjectLogonId: 0x3E7,CallerProcessName: C:\Windows\System32\VSSVC.exe,CallerProcessId: 0xEC4,,,,False,D:\Software\CTF\Misc\EvtxECmd\Security.evtx,Audit success,0,"{""EventData"":{""Data"":[{""@Name"":""TargetUserName"",""#text"":""Administrators""},{""@Name"":""TargetDomainName"",""#text"":""Builtin""},{""@Name"":""TargetSid"",""#text"":""S-1-5-32-544""},{""@Name"":""SubjectUserSid"",""#text"":""S-1-5-18""},{""@Name"":""SubjectUserName"",""#text"":""DESKTOP-SDN1RPT$""},{""@Name"":""SubjectDomainName"",""#text"":""WORKGROUP""},{""@Name"":""SubjectLogonId"",""#text"":""0x3E7""},{""@Name"":""CallerProcessId"",""#text"":""0xEC4""},{""@Name"":""CallerProcessName"",""#text"":""C:\\Windows\\System32\\VSSVC.exe""}]}}"
877,877,2020-09-18 21:40:28.4362668,4799,LogAlways,Microsoft-Windows-Security-Auditing,Security,660,716,DESKTOP-SDN1RPT,10,,A security-enabled local group membership was enumerated,WORKGROUP\DESKTOP-SDN1RPT$ (S-1-5-18),,Target: Builtin\Backup Operators (S-1-5-32-551),SubjectLogonId: 0x3E7,CallerProcessName: C:\Windows\System32\VSSVC.exe,CallerProcessId: 0xEC4,,,,False,D:\Software\CTF\Misc\EvtxECmd\Security.evtx,Audit success,0,"{""EventData"":{""Data"":[{""@Name"":""TargetUserName"",""#text"":""Backup Operators""},{""@Name"":""TargetDomainName"",""#text"":""Builtin""},{""@Name"":""TargetSid"",""#text"":""S-1-5-32-551""},{""@Name"":""SubjectUserSid"",""#text"":""S-1-5-18""},{""@Name"":""SubjectUserName"",""#text"":""DESKTOP-SDN1RPT$""},{""@Name"":""SubjectDomainName"",""#text"":""WORKGROUP""},{""@Name"":""SubjectLogonId"",""#text"":""0x3E7""},{""@Name"":""CallerProcessId"",""#text"":""0xEC4""},{""@Name"":""CallerProcessName"",""#text"":""C:\\Windows\\System32\\VSSVC.exe""}]}}"
878,878,2020-09-18 21:40:28.4948256,5379,LogAlways,Microsoft-Windows-Security-Auditing,Security,660,696,DESKTOP-SDN1RPT,10,,Credential Manager credentials were read,DESKTOP-SDN1RPT$,,SID: S-1-5-18,Domain: WORKGROUP,LogonID: 0x3E7,CountOfCredentialsReturned: 0,,ActivityID: 4c6e5d1c-8e04-0001-f25d-6e4c048ed601,MicrosoftAccount:user=02mxskfvpzuazrtt,False,D:\Software\CTF\Misc\EvtxECmd\Security.evtx,Audit success,0,"{""EventData"":{""Data"":[{""@Name"":""SubjectUserSid"",""#text"":""S-1-5-18""},{""@Name"":""SubjectUserName"",""#text"":""DESKTOP-SDN1RPT$""},{""@Name"":""SubjectDomainName"",""#text"":""WORKGROUP""},{""@Name"":""SubjectLogonId"",""#text"":""0x3E7""},{""@Name"":""TargetName"",""#text"":""MicrosoftAccount:user=02mxskfvpzuazrtt""},{""@Name"":""Type"",""#text"":""0""},{""@Name"":""CountOfCredentialsReturned"",""#text"":""0""},{""@Name"":""ReadOperation"",""#text"":""%%8100""},{""@Name"":""ReturnCode"",""#text"":""3221226021""},{""@Name"":""ProcessCreationTime"",""#text"":""2020-09-18 21:40:22.7631133""},{""@Name"":""ClientProcessId"",""#text"":""348""}]}}"
879,879,2020-09-18 21:40:28.4998850,5379,LogAlways,Microsoft-Windows-Security-Auditing,Security,660,696,DESKTOP-SDN1RPT,10,,Credential Manager credentials were read,DESKTOP-SDN1RPT$,,SID: S-1-5-18,Domain: WORKGROUP,LogonID: 0x3E7,CountOfCredentialsReturned: 0,,ActivityID: 4c6e5d1c-8e04-0001-f25d-6e4c048ed601,MicrosoftAccount:user=02mxskfvpzuazrtt,False,D:\Software\CTF\Misc\EvtxECmd\Security.evtx,Audit success,0,"{""EventData"":{""Data"":[{""@Name"":""SubjectUserSid"",""#text"":""S-1-5-18""},{""@Name"":""SubjectUserName"",""#text"":""DESKTOP-SDN1RPT$""},{""@Name"":""SubjectDomainName"",""#text"":""WORKGROUP""},{""@Name"":""SubjectLogonId"",""#text"":""0x3E7""},{""@Name"":""TargetName"",""#text"":""MicrosoftAccount:user=02mxskfvpzuazrtt""},{""@Name"":""Type"",""#text"":""0""},{""@Name"":""CountOfCredentialsReturned"",""#text"":""0""},{""@Name"":""ReadOperation"",""#text"":""%%8100""},{""@Name"":""ReturnCode"",""#text"":""3221226021""},{""@Name"":""ProcessCreationTime"",""#text"":""2020-09-18 21:40:22.7631133""},{""@Name"":""ClientProcessId"",""#text"":""348""}]}}"
880,880,2020-09-18 21:40:28.5240002,4798,LogAlways,Microsoft-Windows-Security-Auditing,Security,660,768,DESKTOP-SDN1RPT,10,,A user's local group membership was enumerated,WORKGROUP\DESKTOP-SDN1RPT$ (S-1-5-18),,Target: DESKTOP-SDN1RPT\Admin (S-1-5-21-41211245-796119838-3940169921-1001),SubjectLogonId: 0x3E7,CallerProcessName: C:\Windows\System32\LogonUI.exe,CallerProcessId: 0x3D0,,,,False,D:\Software\CTF\Misc\EvtxECmd\Security.evtx,Audit success,0,"{""EventData"":{""Data"":[{""@Name"":""TargetUserName"",""#text"":""Admin""},{""@Name"":""TargetDomainName"",""#text"":""DESKTOP-SDN1RPT""},{""@Name"":""TargetSid"",""#text"":""S-1-5-21-41211245-796119838-3940169921-1001""},{""@Name"":""SubjectUserSid"",""#text"":""S-1-5-18""},{""@Name"":""SubjectUserName"",""#text"":""DESKTOP-SDN1RPT$""},{""@Name"":""SubjectDomainName"",""#text"":""WORKGROUP""},{""@Name"":""SubjectLogonId"",""#text"":""0x3E7""},{""@Name"":""CallerProcessId"",""#text"":""0x3D0""},{""@Name"":""CallerProcessName"",""#text"":""C:\\Windows\\System32\\LogonUI.exe""}]}}"
881,881,2020-09-18 21:40:28.5597172,5379,LogAlways,Microsoft-Windows-Security-Auditing,Security,660,696,DESKTOP-SDN1RPT,10,,Credential Manager credentials were read,DESKTOP-SDN1RPT$,,SID: S-1-5-18,Domain: WORKGROUP,LogonID: 0x3E7,CountOfCredentialsReturned: 0,,ActivityID: 4c6e5d1c-8e04-0001-f25d-6e4c048ed601,MicrosoftAccount:user=02mxskfvpzuazrtt,False,D:\Software\CTF\Misc\EvtxECmd\Security.evtx,Audit success,0,"{""EventData"":{""Data"":[{""@Name"":""SubjectUserSid"",""#text"":""S-1-5-18""},{""@Name"":""SubjectUserName"",""#text"":""DESKTOP-SDN1RPT$""},{""@Name"":""SubjectDomainName"",""#text"":""WORKGROUP""},{""@Name"":""SubjectLogonId"",""#text"":""0x3E7""},{""@Name"":""TargetName"",""#text"":""MicrosoftAccount:user=02mxskfvpzuazrtt""},{""@Name"":""Type"",""#text"":""0""},{""@Name"":""CountOfCredentialsReturned"",""#text"":""0""},{""@Name"":""ReadOperation"",""#text"":""%%8100""},{""@Name"":""ReturnCode"",""#text"":""3221226021""},{""@Name"":""ProcessCreationTime"",""#text"":""2020-09-18 21:40:22.7631133""},{""@Name"":""ClientProcessId"",""#text"":""348""}]}}"
882,882,2020-09-18 21:40:28.5598010,5379,LogAlways,Microsoft-Windows-Security-Auditing,Security,660,696,DESKTOP-SDN1RPT,10,,Credential Manager credentials were read,DESKTOP-SDN1RPT$,,SID: S-1-5-18,Domain: WORKGROUP,LogonID: 0x3E7,CountOfCredentialsReturned: 0,,ActivityID: 4c6e5d1c-8e04-0001-f25d-6e4c048ed601,MicrosoftAccount:user=02mxskfvpzuazrtt,False,D:\Software\CTF\Misc\EvtxECmd\Security.evtx,Audit success,0,"{""EventData"":{""Data"":[{""@Name"":""SubjectUserSid"",""#text"":""S-1-5-18""},{""@Name"":""SubjectUserName"",""#text"":""DESKTOP-SDN1RPT$""},{""@Name"":""SubjectDomainName"",""#text"":""WORKGROUP""},{""@Name"":""SubjectLogonId"",""#text"":""0x3E7""},{""@Name"":""TargetName"",""#text"":""MicrosoftAccount:user=02mxskfvpzuazrtt""},{""@Name"":""Type"",""#text"":""0""},{""@Name"":""CountOfCredentialsReturned"",""#text"":""0""},{""@Name"":""ReadOperation"",""#text"":""%%8100""},{""@Name"":""ReturnCode"",""#text"":""3221226021""},{""@Name"":""ProcessCreationTime"",""#text"":""2020-09-18 21:40:22.7631133""},{""@Name"":""ClientProcessId"",""#text"":""348""}]}}"
883,883,2020-09-18 21:40:28.6262644,4624,LogAlways,Microsoft-Windows-Security-Auditing,Security,660,696,DESKTOP-SDN1RPT,10,,Successful logon,WORKGROUP\DESKTOP-SDN1RPT$,- (-),Target: NT AUTHORITY\SYSTEM,LogonType 5,LogonId: 0x3E7,AuthenticationPackageName: Negotiate,"LogonProcessName: Advapi  ",,C:\Windows\System32\services.exe,False,D:\Software\CTF\Misc\EvtxECmd\Security.evtx,Audit success,0,"{""EventData"":{""Data"":[{""@Name"":""SubjectUserSid"",""#text"":""S-1-5-18""},{""@Name"":""SubjectUserName"",""#text"":""DESKTOP-SDN1RPT$""},{""@Name"":""SubjectDomainName"",""#text"":""WORKGROUP""},{""@Name"":""SubjectLogonId"",""#text"":""0x3E7""},{""@Name"":""TargetUserSid"",""#text"":""S-1-5-18""},{""@Name"":""TargetUserName"",""#text"":""SYSTEM""},{""@Name"":""TargetDomainName"",""#text"":""NT AUTHORITY""},{""@Name"":""TargetLogonId"",""#text"":""0x3E7""},{""@Name"":""LogonType"",""#text"":""5""},{""@Name"":""LogonProcessName"",""#text"":""Advapi  ""},{""@Name"":""AuthenticationPackageName"",""#text"":""Negotiate""},{""@Name"":""WorkstationName"",""#text"":""-""},{""@Name"":""LogonGuid"",""#text"":""00000000-0000-0000-0000-000000000000""},{""@Name"":""TransmittedServices"",""#text"":""-""},{""@Name"":""LmPackageName"",""#text"":""-""},{""@Name"":""KeyLength"",""#text"":""0""},{""@Name"":""ProcessId"",""#text"":""0x284""},{""@Name"":""ProcessName"",""#text"":""C:\\Windows\\System32\\services.exe""},{""@Name"":""IpAddress"",""#text"":""-""},{""@Name"":""IpPort"",""#text"":""-""},{""@Name"":""ImpersonationLevel"",""#text"":""%%1833""},{""@Name"":""RestrictedAdminMode"",""#text"":""-""},{""@Name"":""TargetOutboundUserName"",""#text"":""-""},{""@Name"":""TargetOutboundDomainName"",""#text"":""-""},{""@Name"":""VirtualAccount"",""#text"":""%%1843""},{""@Name"":""TargetLinkedLogonId"",""#text"":""0x0""},{""@Name"":""ElevatedToken"",""#text"":""%%1842""}]}}"
884,884,2020-09-18 21:40:28.6262688,4672,LogAlways,Microsoft-Windows-Security-Auditing,Security,660,696,DESKTOP-SDN1RPT,10,,Administrative logon,NT AUTHORITY\SYSTEM (S-1-5-18),,"PrivilegeList: SeAssignPrimaryTokenPrivilege, SeTcbPrivilege, SeSecurityPrivilege, SeTakeOwnershipPrivilege, SeLoadDriverPrivilege, SeBackupPrivilege, SeRestorePrivilege, SeDebugPrivilege, SeAuditPrivilege, SeSystemEnvironmentPrivilege, SeImpersonatePrivilege, SeDelegateSessionUserImpersonatePrivilege",LogonId: 0x3E7,,,,,,False,D:\Software\CTF\Misc\EvtxECmd\Security.evtx,Audit success,0,"{""EventData"":{""Data"":[{""@Name"":""SubjectUserSid"",""#text"":""S-1-5-18""},{""@Name"":""SubjectUserName"",""#text"":""SYSTEM""},{""@Name"":""SubjectDomainName"",""#text"":""NT AUTHORITY""},{""@Name"":""SubjectLogonId"",""#text"":""0x3E7""},{""@Name"":""PrivilegeList"",""#text"":""SeAssignPrimaryTokenPrivilege, SeTcbPrivilege, SeSecurityPrivilege, SeTakeOwnershipPrivilege, SeLoadDriverPrivilege, SeBackupPrivilege, SeRestorePrivilege, SeDebugPrivilege, SeAuditPrivilege, SeSystemEnvironmentPrivilege, SeImpersonatePrivilege, SeDelegateSessionUserImpersonatePrivilege""}]}}"
885,885,2020-09-18 21:40:28.6793680,4799,LogAlways,Microsoft-Windows-Security-Auditing,Security,660,696,DESKTOP-SDN1RPT,10,,A security-enabled local group membership was enumerated,WORKGROUP\DESKTOP-SDN1RPT$ (S-1-5-18),,Target: Builtin\Administrators (S-1-5-32-544),SubjectLogonId: 0x3E7,CallerProcessName: C:\Windows\System32\VSSVC.exe,CallerProcessId: 0xEC4,,,,False,D:\Software\CTF\Misc\EvtxECmd\Security.evtx,Audit success,0,"{""EventData"":{""Data"":[{""@Name"":""TargetUserName"",""#text"":""Administrators""},{""@Name"":""TargetDomainName"",""#text"":""Builtin""},{""@Name"":""TargetSid"",""#text"":""S-1-5-32-544""},{""@Name"":""SubjectUserSid"",""#text"":""S-1-5-18""},{""@Name"":""SubjectUserName"",""#text"":""DESKTOP-SDN1RPT$""},{""@Name"":""SubjectDomainName"",""#text"":""WORKGROUP""},{""@Name"":""SubjectLogonId"",""#text"":""0x3E7""},{""@Name"":""CallerProcessId"",""#text"":""0xEC4""},{""@Name"":""CallerProcessName"",""#text"":""C:\\Windows\\System32\\VSSVC.exe""}]}}"
886,886,2020-09-18 21:40:28.6798398,4799,LogAlways,Microsoft-Windows-Security-Auditing,Security,660,696,DESKTOP-SDN1RPT,10,,A security-enabled local group membership was enumerated,WORKGROUP\DESKTOP-SDN1RPT$ (S-1-5-18),,Target: Builtin\Backup Operators (S-1-5-32-551),SubjectLogonId: 0x3E7,CallerProcessName: C:\Windows\System32\VSSVC.exe,CallerProcessId: 0xEC4,,,,False,D:\Software\CTF\Misc\EvtxECmd\Security.evtx,Audit success,0,"{""EventData"":{""Data"":[{""@Name"":""TargetUserName"",""#text"":""Backup Operators""},{""@Name"":""TargetDomainName"",""#text"":""Builtin""},{""@Name"":""TargetSid"",""#text"":""S-1-5-32-551""},{""@Name"":""SubjectUserSid"",""#text"":""S-1-5-18""},{""@Name"":""SubjectUserName"",""#text"":""DESKTOP-SDN1RPT$""},{""@Name"":""SubjectDomainName"",""#text"":""WORKGROUP""},{""@Name"":""SubjectLogonId"",""#text"":""0x3E7""},{""@Name"":""CallerProcessId"",""#text"":""0xEC4""},{""@Name"":""CallerProcessName"",""#text"":""C:\\Windows\\System32\\VSSVC.exe""}]}}"
887,887,2020-09-18 21:40:28.8369979,4799,LogAlways,Microsoft-Windows-Security-Auditing,Security,660,696,DESKTOP-SDN1RPT,10,,A security-enabled local group membership was enumerated,WORKGROUP\DESKTOP-SDN1RPT$ (S-1-5-18),,Target: Builtin\Administrators (S-1-5-32-544),SubjectLogonId: 0x3E7,CallerProcessName: C:\Windows\System32\VSSVC.exe,CallerProcessId: 0xEC4,,,,False,D:\Software\CTF\Misc\EvtxECmd\Security.evtx,Audit success,0,"{""EventData"":{""Data"":[{""@Name"":""TargetUserName"",""#text"":""Administrators""},{""@Name"":""TargetDomainName"",""#text"":""Builtin""},{""@Name"":""TargetSid"",""#text"":""S-1-5-32-544""},{""@Name"":""SubjectUserSid"",""#text"":""S-1-5-18""},{""@Name"":""SubjectUserName"",""#text"":""DESKTOP-SDN1RPT$""},{""@Name"":""SubjectDomainName"",""#text"":""WORKGROUP""},{""@Name"":""SubjectLogonId"",""#text"":""0x3E7""},{""@Name"":""CallerProcessId"",""#text"":""0xEC4""},{""@Name"":""CallerProcessName"",""#text"":""C:\\Windows\\System32\\VSSVC.exe""}]}}"
888,888,2020-09-18 21:40:28.8397852,4799,LogAlways,Microsoft-Windows-Security-Auditing,Security,660,696,DESKTOP-SDN1RPT,10,,A security-enabled local group membership was enumerated,WORKGROUP\DESKTOP-SDN1RPT$ (S-1-5-18),,Target: Builtin\Backup Operators (S-1-5-32-551),SubjectLogonId: 0x3E7,CallerProcessName: C:\Windows\System32\VSSVC.exe,CallerProcessId: 0xEC4,,,,False,D:\Software\CTF\Misc\EvtxECmd\Security.evtx,Audit success,0,"{""EventData"":{""Data"":[{""@Name"":""TargetUserName"",""#text"":""Backup Operators""},{""@Name"":""TargetDomainName"",""#text"":""Builtin""},{""@Name"":""TargetSid"",""#text"":""S-1-5-32-551""},{""@Name"":""SubjectUserSid"",""#text"":""S-1-5-18""},{""@Name"":""SubjectUserName"",""#text"":""DESKTOP-SDN1RPT$""},{""@Name"":""SubjectDomainName"",""#text"":""WORKGROUP""},{""@Name"":""SubjectLogonId"",""#text"":""0x3E7""},{""@Name"":""CallerProcessId"",""#text"":""0xEC4""},{""@Name"":""CallerProcessName"",""#text"":""C:\\Windows\\System32\\VSSVC.exe""}]}}"
889,889,2020-09-18 21:40:28.8638507,4799,LogAlways,Microsoft-Windows-Security-Auditing,Security,660,696,DESKTOP-SDN1RPT,10,,A security-enabled local group membership was enumerated,WORKGROUP\DESKTOP-SDN1RPT$ (S-1-5-18),,Target: Builtin\Administrators (S-1-5-32-544),SubjectLogonId: 0x3E7,CallerProcessName: C:\Windows\System32\VSSVC.exe,CallerProcessId: 0xEC4,,,,False,D:\Software\CTF\Misc\EvtxECmd\Security.evtx,Audit success,0,"{""EventData"":{""Data"":[{""@Name"":""TargetUserName"",""#text"":""Administrators""},{""@Name"":""TargetDomainName"",""#text"":""Builtin""},{""@Name"":""TargetSid"",""#text"":""S-1-5-32-544""},{""@Name"":""SubjectUserSid"",""#text"":""S-1-5-18""},{""@Name"":""SubjectUserName"",""#text"":""DESKTOP-SDN1RPT$""},{""@Name"":""SubjectDomainName"",""#text"":""WORKGROUP""},{""@Name"":""SubjectLogonId"",""#text"":""0x3E7""},{""@Name"":""CallerProcessId"",""#text"":""0xEC4""},{""@Name"":""CallerProcessName"",""#text"":""C:\\Windows\\System32\\VSSVC.exe""}]}}"
890,890,2020-09-18 21:40:28.8643639,4799,LogAlways,Microsoft-Windows-Security-Auditing,Security,660,696,DESKTOP-SDN1RPT,10,,A security-enabled local group membership was enumerated,WORKGROUP\DESKTOP-SDN1RPT$ (S-1-5-18),,Target: Builtin\Backup Operators (S-1-5-32-551),SubjectLogonId: 0x3E7,CallerProcessName: C:\Windows\System32\VSSVC.exe,CallerProcessId: 0xEC4,,,,False,D:\Software\CTF\Misc\EvtxECmd\Security.evtx,Audit success,0,"{""EventData"":{""Data"":[{""@Name"":""TargetUserName"",""#text"":""Backup Operators""},{""@Name"":""TargetDomainName"",""#text"":""Builtin""},{""@Name"":""TargetSid"",""#text"":""S-1-5-32-551""},{""@Name"":""SubjectUserSid"",""#text"":""S-1-5-18""},{""@Name"":""SubjectUserName"",""#text"":""DESKTOP-SDN1RPT$""},{""@Name"":""SubjectDomainName"",""#text"":""WORKGROUP""},{""@Name"":""SubjectLogonId"",""#text"":""0x3E7""},{""@Name"":""CallerProcessId"",""#text"":""0xEC4""},{""@Name"":""CallerProcessName"",""#text"":""C:\\Windows\\System32\\VSSVC.exe""}]}}"
891,891,2020-09-18 21:40:29.3939009,5382,LogAlways,Microsoft-Windows-Security-Auditing,Security,660,760,DESKTOP-SDN1RPT,10,,,,,,,,,,,,False,D:\Software\CTF\Misc\EvtxECmd\Security.evtx,Audit success,0,"{""EventData"":{""Data"":[{""@Name"":""SubjectUserSid"",""#text"":""S-1-5-18""},{""@Name"":""SubjectUserName"",""#text"":""DESKTOP-SDN1RPT$""},{""@Name"":""SubjectDomainName"",""#text"":""WORKGROUP""},{""@Name"":""SubjectLogonId"",""#text"":""0x3E7""},{""@Name"":""SchemaFriendlyName"",""#text"":""NGC Local Accoount Logon Vault Resource Schema""},{""@Name"":""Schema"",""#text"":""1d4350a3-330d-4af9-b3ff-a927a45998ac""},{""@Name"":""Resource"",""#text"":""NGC Local Accoount Logon Vault Resource""},{""@Name"":""Identity"",""#text"":""0105000000000005150000006DD574021ED3732FC138DAEAE9030000""},{""@Name"":""PackageSid""},{""@Name"":""Flags"",""#text"":""0""},{""@Name"":""ReturnCode"",""#text"":""1168""},{""@Name"":""ProcessCreationTime"",""#text"":""2020-09-18 21:40:22.7928192""},{""@Name"":""ClientProcessId"",""#text"":""948""}]}}"
892,892,2020-09-18 21:40:31.2928001,4624,LogAlways,Microsoft-Windows-Security-Auditing,Security,660,760,DESKTOP-SDN1RPT,10,,Successful logon,WORKGROUP\DESKTOP-SDN1RPT$,- (-),Target: NT AUTHORITY\SYSTEM,LogonType 5,LogonId: 0x3E7,AuthenticationPackageName: Negotiate,"LogonProcessName: Advapi  ",,C:\Windows\System32\services.exe,False,D:\Software\CTF\Misc\EvtxECmd\Security.evtx,Audit success,0,"{""EventData"":{""Data"":[{""@Name"":""SubjectUserSid"",""#text"":""S-1-5-18""},{""@Name"":""SubjectUserName"",""#text"":""DESKTOP-SDN1RPT$""},{""@Name"":""SubjectDomainName"",""#text"":""WORKGROUP""},{""@Name"":""SubjectLogonId"",""#text"":""0x3E7""},{""@Name"":""TargetUserSid"",""#text"":""S-1-5-18""},{""@Name"":""TargetUserName"",""#text"":""SYSTEM""},{""@Name"":""TargetDomainName"",""#text"":""NT AUTHORITY""},{""@Name"":""TargetLogonId"",""#text"":""0x3E7""},{""@Name"":""LogonType"",""#text"":""5""},{""@Name"":""LogonProcessName"",""#text"":""Advapi  ""},{""@Name"":""AuthenticationPackageName"",""#text"":""Negotiate""},{""@Name"":""WorkstationName"",""#text"":""-""},{""@Name"":""LogonGuid"",""#text"":""00000000-0000-0000-0000-000000000000""},{""@Name"":""TransmittedServices"",""#text"":""-""},{""@Name"":""LmPackageName"",""#text"":""-""},{""@Name"":""KeyLength"",""#text"":""0""},{""@Name"":""ProcessId"",""#text"":""0x284""},{""@Name"":""ProcessName"",""#text"":""C:\\Windows\\System32\\services.exe""},{""@Name"":""IpAddress"",""#text"":""-""},{""@Name"":""IpPort"",""#text"":""-""},{""@Name"":""ImpersonationLevel"",""#text"":""%%1833""},{""@Name"":""RestrictedAdminMode"",""#text"":""-""},{""@Name"":""TargetOutboundUserName"",""#text"":""-""},{""@Name"":""TargetOutboundDomainName"",""#text"":""-""},{""@Name"":""VirtualAccount"",""#text"":""%%1843""},{""@Name"":""TargetLinkedLogonId"",""#text"":""0x0""},{""@Name"":""ElevatedToken"",""#text"":""%%1842""}]}}"
893,893,2020-09-18 21:40:31.2930427,4672,LogAlways,Microsoft-Windows-Security-Auditing,Security,660,760,DESKTOP-SDN1RPT,10,,Administrative logon,NT AUTHORITY\SYSTEM (S-1-5-18),,"PrivilegeList: SeAssignPrimaryTokenPrivilege, SeTcbPrivilege, SeSecurityPrivilege, SeTakeOwnershipPrivilege, SeLoadDriverPrivilege, SeBackupPrivilege, SeRestorePrivilege, SeDebugPrivilege, SeAuditPrivilege, SeSystemEnvironmentPrivilege, SeImpersonatePrivilege, SeDelegateSessionUserImpersonatePrivilege",LogonId: 0x3E7,,,,,,False,D:\Software\CTF\Misc\EvtxECmd\Security.evtx,Audit success,0,"{""EventData"":{""Data"":[{""@Name"":""SubjectUserSid"",""#text"":""S-1-5-18""},{""@Name"":""SubjectUserName"",""#text"":""SYSTEM""},{""@Name"":""SubjectDomainName"",""#text"":""NT AUTHORITY""},{""@Name"":""SubjectLogonId"",""#text"":""0x3E7""},{""@Name"":""PrivilegeList"",""#text"":""SeAssignPrimaryTokenPrivilege, SeTcbPrivilege, SeSecurityPrivilege, SeTakeOwnershipPrivilege, SeLoadDriverPrivilege, SeBackupPrivilege, SeRestorePrivilege, SeDebugPrivilege, SeAuditPrivilege, SeSystemEnvironmentPrivilege, SeImpersonatePrivilege, SeDelegateSessionUserImpersonatePrivilege""}]}}"
894,894,2020-09-18 21:40:35.4237941,5379,LogAlways,Microsoft-Windows-Security-Auditing,Security,660,760,DESKTOP-SDN1RPT,10,,Credential Manager credentials were read,Admin,,SID: S-1-5-21-41211245-796119838-3940169921-1001,Domain: DESKTOP-SDN1RPT,LogonID: 0x1A750,CountOfCredentialsReturned: 0,,ActivityID: 4c6e5d1c-8e04-0001-f25d-6e4c048ed601,MicrosoftAccount:user=02joorodvnvrsxxx,False,D:\Software\CTF\Misc\EvtxECmd\Security.evtx,Audit success,0,"{""EventData"":{""Data"":[{""@Name"":""SubjectUserSid"",""#text"":""S-1-5-21-41211245-796119838-3940169921-1001""},{""@Name"":""SubjectUserName"",""#text"":""Admin""},{""@Name"":""SubjectDomainName"",""#text"":""DESKTOP-SDN1RPT""},{""@Name"":""SubjectLogonId"",""#text"":""0x1A750""},{""@Name"":""TargetName"",""#text"":""MicrosoftAccount:user=02joorodvnvrsxxx""},{""@Name"":""Type"",""#text"":""0""},{""@Name"":""CountOfCredentialsReturned"",""#text"":""0""},{""@Name"":""ReadOperation"",""#text"":""%%8100""},{""@Name"":""ReturnCode"",""#text"":""3221226021""},{""@Name"":""ProcessCreationTime"",""#text"":""2020-09-18 21:40:22.7631133""},{""@Name"":""ClientProcessId"",""#text"":""348""}]}}"
895,895,2020-09-18 21:40:35.4238854,5379,LogAlways,Microsoft-Windows-Security-Auditing,Security,660,760,DESKTOP-SDN1RPT,10,,Credential Manager credentials were read,Admin,,SID: S-1-5-21-41211245-796119838-3940169921-1001,Domain: DESKTOP-SDN1RPT,LogonID: 0x1A750,CountOfCredentialsReturned: 0,,ActivityID: 4c6e5d1c-8e04-0001-f25d-6e4c048ed601,WindowsLive:(token):name=02joorodvnvrsxxx;serviceuri=*,False,D:\Software\CTF\Misc\EvtxECmd\Security.evtx,Audit success,0,"{""EventData"":{""Data"":[{""@Name"":""SubjectUserSid"",""#text"":""S-1-5-21-41211245-796119838-3940169921-1001""},{""@Name"":""SubjectUserName"",""#text"":""Admin""},{""@Name"":""SubjectDomainName"",""#text"":""DESKTOP-SDN1RPT""},{""@Name"":""SubjectLogonId"",""#text"":""0x1A750""},{""@Name"":""TargetName"",""#text"":""WindowsLive:(token):name=02joorodvnvrsxxx;serviceuri=*""},{""@Name"":""Type"",""#text"":""0""},{""@Name"":""CountOfCredentialsReturned"",""#text"":""0""},{""@Name"":""ReadOperation"",""#text"":""%%8100""},{""@Name"":""ReturnCode"",""#text"":""3221226021""},{""@Name"":""ProcessCreationTime"",""#text"":""2020-09-18 21:40:22.7631133""},{""@Name"":""ClientProcessId"",""#text"":""348""}]}}"
896,896,2020-09-18 21:40:35.4242567,5379,LogAlways,Microsoft-Windows-Security-Auditing,Security,660,760,DESKTOP-SDN1RPT,10,,Credential Manager credentials were read,Admin,,SID: S-1-5-21-41211245-796119838-3940169921-1001,Domain: DESKTOP-SDN1RPT,LogonID: 0x1A750,CountOfCredentialsReturned: 0,,ActivityID: 4c6e5d1c-8e04-0001-f25d-6e4c048ed601,WindowsLive:(cert):name=02joorodvnvrsxxx;serviceuri=*,False,D:\Software\CTF\Misc\EvtxECmd\Security.evtx,Audit success,0,"{""EventData"":{""Data"":[{""@Name"":""SubjectUserSid"",""#text"":""S-1-5-21-41211245-796119838-3940169921-1001""},{""@Name"":""SubjectUserName"",""#text"":""Admin""},{""@Name"":""SubjectDomainName"",""#text"":""DESKTOP-SDN1RPT""},{""@Name"":""SubjectLogonId"",""#text"":""0x1A750""},{""@Name"":""TargetName"",""#text"":""WindowsLive:(cert):name=02joorodvnvrsxxx;serviceuri=*""},{""@Name"":""Type"",""#text"":""0""},{""@Name"":""CountOfCredentialsReturned"",""#text"":""0""},{""@Name"":""ReadOperation"",""#text"":""%%8100""},{""@Name"":""ReturnCode"",""#text"":""3221226021""},{""@Name"":""ProcessCreationTime"",""#text"":""2020-09-18 21:40:22.7631133""},{""@Name"":""ClientProcessId"",""#text"":""348""}]}}"
897,897,2020-09-18 21:40:35.7832870,5379,LogAlways,Microsoft-Windows-Security-Auditing,Security,660,760,DESKTOP-SDN1RPT,10,,Credential Manager credentials were read,Admin,,SID: S-1-5-21-41211245-796119838-3940169921-1001,Domain: DESKTOP-SDN1RPT,LogonID: 0x1A750,CountOfCredentialsReturned: 0,,ActivityID: 4c6e5d1c-8e04-0001-f25d-6e4c048ed601,MicrosoftAccount:user=02joorodvnvrsxxx,False,D:\Software\CTF\Misc\EvtxECmd\Security.evtx,Audit success,0,"{""EventData"":{""Data"":[{""@Name"":""SubjectUserSid"",""#text"":""S-1-5-21-41211245-796119838-3940169921-1001""},{""@Name"":""SubjectUserName"",""#text"":""Admin""},{""@Name"":""SubjectDomainName"",""#text"":""DESKTOP-SDN1RPT""},{""@Name"":""SubjectLogonId"",""#text"":""0x1A750""},{""@Name"":""TargetName"",""#text"":""MicrosoftAccount:user=02joorodvnvrsxxx""},{""@Name"":""Type"",""#text"":""0""},{""@Name"":""CountOfCredentialsReturned"",""#text"":""0""},{""@Name"":""ReadOperation"",""#text"":""%%8100""},{""@Name"":""ReturnCode"",""#text"":""3221226021""},{""@Name"":""ProcessCreationTime"",""#text"":""2020-09-18 21:40:22.7631133""},{""@Name"":""ClientProcessId"",""#text"":""348""}]}}"
898,898,2020-09-18 21:40:35.8017443,5379,LogAlways,Microsoft-Windows-Security-Auditing,Security,660,760,DESKTOP-SDN1RPT,10,,Credential Manager credentials were read,Admin,,SID: S-1-5-21-41211245-796119838-3940169921-1001,Domain: DESKTOP-SDN1RPT,LogonID: 0x1A750,CountOfCredentialsReturned: 0,,ActivityID: 4c6e5d1c-8e04-0001-f25d-6e4c048ed601,MicrosoftAccount:user=02joorodvnvrsxxx,False,D:\Software\CTF\Misc\EvtxECmd\Security.evtx,Audit success,0,"{""EventData"":{""Data"":[{""@Name"":""SubjectUserSid"",""#text"":""S-1-5-21-41211245-796119838-3940169921-1001""},{""@Name"":""SubjectUserName"",""#text"":""Admin""},{""@Name"":""SubjectDomainName"",""#text"":""DESKTOP-SDN1RPT""},{""@Name"":""SubjectLogonId"",""#text"":""0x1A750""},{""@Name"":""TargetName"",""#text"":""MicrosoftAccount:user=02joorodvnvrsxxx""},{""@Name"":""Type"",""#text"":""0""},{""@Name"":""CountOfCredentialsReturned"",""#text"":""0""},{""@Name"":""ReadOperation"",""#text"":""%%8100""},{""@Name"":""ReturnCode"",""#text"":""3221226021""},{""@Name"":""ProcessCreationTime"",""#text"":""2020-09-18 21:40:22.7631133""},{""@Name"":""ClientProcessId"",""#text"":""348""}]}}"
899,899,2020-09-18 21:40:35.8331302,5379,LogAlways,Microsoft-Windows-Security-Auditing,Security,660,760,DESKTOP-SDN1RPT,10,,Credential Manager credentials were read,Admin,,SID: S-1-5-21-41211245-796119838-3940169921-1001,Domain: DESKTOP-SDN1RPT,LogonID: 0x1A750,CountOfCredentialsReturned: 0,,ActivityID: 4c6e5d1c-8e04-0001-f25d-6e4c048ed601,MicrosoftAccount:user=02joorodvnvrsxxx,False,D:\Software\CTF\Misc\EvtxECmd\Security.evtx,Audit success,0,"{""EventData"":{""Data"":[{""@Name"":""SubjectUserSid"",""#text"":""S-1-5-21-41211245-796119838-3940169921-1001""},{""@Name"":""SubjectUserName"",""#text"":""Admin""},{""@Name"":""SubjectDomainName"",""#text"":""DESKTOP-SDN1RPT""},{""@Name"":""SubjectLogonId"",""#text"":""0x1A750""},{""@Name"":""TargetName"",""#text"":""MicrosoftAccount:user=02joorodvnvrsxxx""},{""@Name"":""Type"",""#text"":""0""},{""@Name"":""CountOfCredentialsReturned"",""#text"":""0""},{""@Name"":""ReadOperation"",""#text"":""%%8100""},{""@Name"":""ReturnCode"",""#text"":""3221226021""},{""@Name"":""ProcessCreationTime"",""#text"":""2020-09-18 21:40:22.7631133""},{""@Name"":""ClientProcessId"",""#text"":""348""}]}}"
900,900,2020-09-18 21:40:35.8332223,5379,LogAlways,Microsoft-Windows-Security-Auditing,Security,660,760,DESKTOP-SDN1RPT,10,,Credential Manager credentials were read,Admin,,SID: S-1-5-21-41211245-796119838-3940169921-1001,Domain: DESKTOP-SDN1RPT,LogonID: 0x1A750,CountOfCredentialsReturned: 0,,ActivityID: 4c6e5d1c-8e04-0001-f25d-6e4c048ed601,MicrosoftAccount:user=02joorodvnvrsxxx,False,D:\Software\CTF\Misc\EvtxECmd\Security.evtx,Audit success,0,"{""EventData"":{""Data"":[{""@Name"":""SubjectUserSid"",""#text"":""S-1-5-21-41211245-796119838-3940169921-1001""},{""@Name"":""SubjectUserName"",""#text"":""Admin""},{""@Name"":""SubjectDomainName"",""#text"":""DESKTOP-SDN1RPT""},{""@Name"":""SubjectLogonId"",""#text"":""0x1A750""},{""@Name"":""TargetName"",""#text"":""MicrosoftAccount:user=02joorodvnvrsxxx""},{""@Name"":""Type"",""#text"":""0""},{""@Name"":""CountOfCredentialsReturned"",""#text"":""0""},{""@Name"":""ReadOperation"",""#text"":""%%8100""},{""@Name"":""ReturnCode"",""#text"":""3221226021""},{""@Name"":""ProcessCreationTime"",""#text"":""2020-09-18 21:40:22.7631133""},{""@Name"":""ClientProcessId"",""#text"":""348""}]}}"
901,901,2020-09-18 21:40:36.6200209,5061,LogAlways,Microsoft-Windows-Security-Auditing,Security,660,760,DESKTOP-SDN1RPT,10,,,,,,,,,,,,False,D:\Software\CTF\Misc\EvtxECmd\Security.evtx,Audit failure,0,"{""EventData"":{""Data"":[{""@Name"":""SubjectUserSid"",""#text"":""S-1-5-21-41211245-796119838-3940169921-1001""},{""@Name"":""SubjectUserName"",""#text"":""Admin""},{""@Name"":""SubjectDomainName"",""#text"":""DESKTOP-SDN1RPT""},{""@Name"":""SubjectLogonId"",""#text"":""0x1A750""},{""@Name"":""ProviderName"",""#text"":""Microsoft Software Key Storage Provider""},{""@Name"":""AlgorithmName"",""#text"":""UNKNOWN""},{""@Name"":""KeyName"",""#text"":""TB_2_bing.com""},{""@Name"":""KeyType"",""#text"":""%%2500""},{""@Name"":""Operation"",""#text"":""%%2480""},{""@Name"":""ReturnCode"",""#text"":""0x80090016""}]}}"
902,902,2020-09-18 21:40:36.6209807,5058,LogAlways,Microsoft-Windows-Security-Auditing,Security,660,696,DESKTOP-SDN1RPT,10,,,,,,,,,,,,False,D:\Software\CTF\Misc\EvtxECmd\Security.evtx,Audit success,0,"{""EventData"":{""Data"":[{""@Name"":""SubjectUserSid"",""#text"":""S-1-5-21-41211245-796119838-3940169921-1001""},{""@Name"":""SubjectUserName"",""#text"":""Admin""},{""@Name"":""SubjectDomainName"",""#text"":""DESKTOP-SDN1RPT""},{""@Name"":""SubjectLogonId"",""#text"":""0x1A750""},{""@Name"":""ClientProcessId"",""#text"":""4940""},{""@Name"":""ClientCreationTime"",""#text"":""2020-09-18 21:40:35.0765848""},{""@Name"":""ProviderName"",""#text"":""Microsoft Software Key Storage Provider""},{""@Name"":""AlgorithmName"",""#text"":""ECDSA_P256""},{""@Name"":""KeyName"",""#text"":""TB_2_bing.com""},{""@Name"":""KeyType"",""#text"":""%%2500""},{""@Name"":""KeyFilePath"",""#text"":""C:\\Users\\Admin\\AppData\\Local\\Packages\\microsoft.windows.search_cw5n1h2txyewy\\AC\\Microsoft\\Crypto\\TokenBindingKeys\\Keys\\887a471fc5377c5cbe6e38ac87d5a40f_511cefa6-2706-41b2-b1d8-b70acd58c1f3_94010fb48af238f6ca3f233fc31d9c4f""},{""@Name"":""Operation"",""#text"":""%%2459""},{""@Name"":""ReturnCode"",""#text"":""0x0""}]}}"
903,903,2020-09-18 21:40:36.6221045,5061,LogAlways,Microsoft-Windows-Security-Auditing,Security,660,696,DESKTOP-SDN1RPT,10,,,,,,,,,,,,False,D:\Software\CTF\Misc\EvtxECmd\Security.evtx,Audit success,0,"{""EventData"":{""Data"":[{""@Name"":""SubjectUserSid"",""#text"":""S-1-5-21-41211245-796119838-3940169921-1001""},{""@Name"":""SubjectUserName"",""#text"":""Admin""},{""@Name"":""SubjectDomainName"",""#text"":""DESKTOP-SDN1RPT""},{""@Name"":""SubjectLogonId"",""#text"":""0x1A750""},{""@Name"":""ProviderName"",""#text"":""Microsoft Software Key Storage Provider""},{""@Name"":""AlgorithmName"",""#text"":""ECDSA_P256""},{""@Name"":""KeyName"",""#text"":""TB_2_bing.com""},{""@Name"":""KeyType"",""#text"":""%%2500""},{""@Name"":""Operation"",""#text"":""%%2481""},{""@Name"":""ReturnCode"",""#text"":""0x0""}]}}"
904,904,2020-09-18 21:40:36.6227057,5059,LogAlways,Microsoft-Windows-Security-Auditing,Security,660,3404,DESKTOP-SDN1RPT,10,,,,,,,,,,,,False,D:\Software\CTF\Misc\EvtxECmd\Security.evtx,Audit success,0,"{""EventData"":{""Data"":[{""@Name"":""SubjectUserSid"",""#text"":""S-1-5-21-41211245-796119838-3940169921-1001""},{""@Name"":""SubjectUserName"",""#text"":""Admin""},{""@Name"":""SubjectDomainName"",""#text"":""DESKTOP-SDN1RPT""},{""@Name"":""SubjectLogonId"",""#text"":""0x1A750""},{""@Name"":""ClientProcessId"",""#text"":""4940""},{""@Name"":""ClientCreationTime"",""#text"":""2020-09-18 21:40:35.0765848""},{""@Name"":""ProviderName"",""#text"":""Microsoft Software Key Storage Provider""},{""@Name"":""AlgorithmName"",""#text"":""ECDSA_P256""},{""@Name"":""KeyName"",""#text"":""TB_2_bing.com""},{""@Name"":""KeyType"",""#text"":""%%2500""},{""@Name"":""Operation"",""#text"":""%%2464""},{""@Name"":""ReturnCode"",""#text"":""0x0""}]}}"
905,905,2020-09-18 21:40:36.6230394,5058,LogAlways,Microsoft-Windows-Security-Auditing,Security,660,696,DESKTOP-SDN1RPT,10,,,,,,,,,,,,False,D:\Software\CTF\Misc\EvtxECmd\Security.evtx,Audit success,0,"{""EventData"":{""Data"":[{""@Name"":""SubjectUserSid"",""#text"":""S-1-5-21-41211245-796119838-3940169921-1001""},{""@Name"":""SubjectUserName"",""#text"":""Admin""},{""@Name"":""SubjectDomainName"",""#text"":""DESKTOP-SDN1RPT""},{""@Name"":""SubjectLogonId"",""#text"":""0x1A750""},{""@Name"":""ClientProcessId"",""#text"":""4940""},{""@Name"":""ClientCreationTime"",""#text"":""2020-09-18 21:40:35.0765848""},{""@Name"":""ProviderName"",""#text"":""Microsoft Software Key Storage Provider""},{""@Name"":""AlgorithmName"",""#text"":""UNKNOWN""},{""@Name"":""KeyName"",""#text"":""TB_2_bing.com""},{""@Name"":""KeyType"",""#text"":""%%2500""},{""@Name"":""KeyFilePath"",""#text"":""C:\\Users\\Admin\\AppData\\Local\\Packages\\microsoft.windows.search_cw5n1h2txyewy\\AC\\Microsoft\\Crypto\\TokenBindingKeys\\Keys\\887a471fc5377c5cbe6e38ac87d5a40f_511cefa6-2706-41b2-b1d8-b70acd58c1f3_94010fb48af238f6ca3f233fc31d9c4f""},{""@Name"":""Operation"",""#text"":""%%2458""},{""@Name"":""ReturnCode"",""#text"":""0x0""}]}}"
906,906,2020-09-18 21:40:36.6232847,5061,LogAlways,Microsoft-Windows-Security-Auditing,Security,660,696,DESKTOP-SDN1RPT,10,,,,,,,,,,,,False,D:\Software\CTF\Misc\EvtxECmd\Security.evtx,Audit success,0,"{""EventData"":{""Data"":[{""@Name"":""SubjectUserSid"",""#text"":""S-1-5-21-41211245-796119838-3940169921-1001""},{""@Name"":""SubjectUserName"",""#text"":""Admin""},{""@Name"":""SubjectDomainName"",""#text"":""DESKTOP-SDN1RPT""},{""@Name"":""SubjectLogonId"",""#text"":""0x1A750""},{""@Name"":""ProviderName"",""#text"":""Microsoft Software Key Storage Provider""},{""@Name"":""AlgorithmName"",""#text"":""ECDSA_P256""},{""@Name"":""KeyName"",""#text"":""TB_2_bing.com""},{""@Name"":""KeyType"",""#text"":""%%2500""},{""@Name"":""Operation"",""#text"":""%%2480""},{""@Name"":""ReturnCode"",""#text"":""0x0""}]}}"
907,907,2020-09-18 21:40:36.6236566,5059,LogAlways,Microsoft-Windows-Security-Auditing,Security,660,696,DESKTOP-SDN1RPT,10,,,,,,,,,,,,False,D:\Software\CTF\Misc\EvtxECmd\Security.evtx,Audit success,0,"{""EventData"":{""Data"":[{""@Name"":""SubjectUserSid"",""#text"":""S-1-5-21-41211245-796119838-3940169921-1001""},{""@Name"":""SubjectUserName"",""#text"":""Admin""},{""@Name"":""SubjectDomainName"",""#text"":""DESKTOP-SDN1RPT""},{""@Name"":""SubjectLogonId"",""#text"":""0x1A750""},{""@Name"":""ClientProcessId"",""#text"":""4940""},{""@Name"":""ClientCreationTime"",""#text"":""2020-09-18 21:40:35.0765848""},{""@Name"":""ProviderName"",""#text"":""Microsoft Software Key Storage Provider""},{""@Name"":""AlgorithmName"",""#text"":""ECDSA_P256""},{""@Name"":""KeyName"",""#text"":""TB_2_bing.com""},{""@Name"":""KeyType"",""#text"":""%%2500""},{""@Name"":""Operation"",""#text"":""%%2464""},{""@Name"":""ReturnCode"",""#text"":""0x0""}]}}"
908,908,2020-09-18 21:40:36.6239422,5058,LogAlways,Microsoft-Windows-Security-Auditing,Security,660,696,DESKTOP-SDN1RPT,10,,,,,,,,,,,,False,D:\Software\CTF\Misc\EvtxECmd\Security.evtx,Audit success,0,"{""EventData"":{""Data"":[{""@Name"":""SubjectUserSid"",""#text"":""S-1-5-21-41211245-796119838-3940169921-1001""},{""@Name"":""SubjectUserName"",""#text"":""Admin""},{""@Name"":""SubjectDomainName"",""#text"":""DESKTOP-SDN1RPT""},{""@Name"":""SubjectLogonId"",""#text"":""0x1A750""},{""@Name"":""ClientProcessId"",""#text"":""4940""},{""@Name"":""ClientCreationTime"",""#text"":""2020-09-18 21:40:35.0765848""},{""@Name"":""ProviderName"",""#text"":""Microsoft Software Key Storage Provider""},{""@Name"":""AlgorithmName"",""#text"":""UNKNOWN""},{""@Name"":""KeyName"",""#text"":""TB_2_bing.com""},{""@Name"":""KeyType"",""#text"":""%%2500""},{""@Name"":""KeyFilePath"",""#text"":""C:\\Users\\Admin\\AppData\\Local\\Packages\\microsoft.windows.search_cw5n1h2txyewy\\AC\\Microsoft\\Crypto\\TokenBindingKeys\\Keys\\887a471fc5377c5cbe6e38ac87d5a40f_511cefa6-2706-41b2-b1d8-b70acd58c1f3_94010fb48af238f6ca3f233fc31d9c4f""},{""@Name"":""Operation"",""#text"":""%%2458""},{""@Name"":""ReturnCode"",""#text"":""0x0""}]}}"
909,909,2020-09-18 21:40:36.6241183,5061,LogAlways,Microsoft-Windows-Security-Auditing,Security,660,696,DESKTOP-SDN1RPT,10,,,,,,,,,,,,False,D:\Software\CTF\Misc\EvtxECmd\Security.evtx,Audit success,0,"{""EventData"":{""Data"":[{""@Name"":""SubjectUserSid"",""#text"":""S-1-5-21-41211245-796119838-3940169921-1001""},{""@Name"":""SubjectUserName"",""#text"":""Admin""},{""@Name"":""SubjectDomainName"",""#text"":""DESKTOP-SDN1RPT""},{""@Name"":""SubjectLogonId"",""#text"":""0x1A750""},{""@Name"":""ProviderName"",""#text"":""Microsoft Software Key Storage Provider""},{""@Name"":""AlgorithmName"",""#text"":""ECDSA_P256""},{""@Name"":""KeyName"",""#text"":""TB_2_bing.com""},{""@Name"":""KeyType"",""#text"":""%%2500""},{""@Name"":""Operation"",""#text"":""%%2480""},{""@Name"":""ReturnCode"",""#text"":""0x0""}]}}"
910,910,2020-09-18 21:40:36.6243781,5059,LogAlways,Microsoft-Windows-Security-Auditing,Security,660,3404,DESKTOP-SDN1RPT,10,,,,,,,,,,,,False,D:\Software\CTF\Misc\EvtxECmd\Security.evtx,Audit success,0,"{""EventData"":{""Data"":[{""@Name"":""SubjectUserSid"",""#text"":""S-1-5-21-41211245-796119838-3940169921-1001""},{""@Name"":""SubjectUserName"",""#text"":""Admin""},{""@Name"":""SubjectDomainName"",""#text"":""DESKTOP-SDN1RPT""},{""@Name"":""SubjectLogonId"",""#text"":""0x1A750""},{""@Name"":""ClientProcessId"",""#text"":""4940""},{""@Name"":""ClientCreationTime"",""#text"":""2020-09-18 21:40:35.0765848""},{""@Name"":""ProviderName"",""#text"":""Microsoft Software Key Storage Provider""},{""@Name"":""AlgorithmName"",""#text"":""ECDSA_P256""},{""@Name"":""KeyName"",""#text"":""TB_2_bing.com""},{""@Name"":""KeyType"",""#text"":""%%2500""},{""@Name"":""Operation"",""#text"":""%%2464""},{""@Name"":""ReturnCode"",""#text"":""0x0""}]}}"
911,911,2020-09-18 21:40:37.1468496,4733,LogAlways,Microsoft-Windows-Security-Auditing,Security,660,3404,DESKTOP-SDN1RPT,10,,A member was removed from a security-enabled local group,DESKTOP-SDN1RPT\Admin (S-1-5-21-41211245-796119838-3940169921-1001),,Target: Builtin\Users (S-1-5-32-545),SubjectLogonId: 0x1A6AA,MemberName: -,MemberSid: S-1-5-21-41211245-796119838-3940169921-1000,PrivilegeList: -,,,False,D:\Software\CTF\Misc\EvtxECmd\Security.evtx,Audit success,0,"{""EventData"":{""Data"":[{""@Name"":""MemberName"",""#text"":""-""},{""@Name"":""MemberSid"",""#text"":""S-1-5-21-41211245-796119838-3940169921-1000""},{""@Name"":""TargetUserName"",""#text"":""Users""},{""@Name"":""TargetDomainName"",""#text"":""Builtin""},{""@Name"":""TargetSid"",""#text"":""S-1-5-32-545""},{""@Name"":""SubjectUserSid"",""#text"":""S-1-5-21-41211245-796119838-3940169921-1001""},{""@Name"":""SubjectUserName"",""#text"":""Admin""},{""@Name"":""SubjectDomainName"",""#text"":""DESKTOP-SDN1RPT""},{""@Name"":""SubjectLogonId"",""#text"":""0x1A6AA""},{""@Name"":""PrivilegeList"",""#text"":""-""}]}}"
912,912,2020-09-18 21:40:37.2591796,4729,LogAlways,Microsoft-Windows-Security-Auditing,Security,660,3404,DESKTOP-SDN1RPT,10,,,,,,,,,,,,False,D:\Software\CTF\Misc\EvtxECmd\Security.evtx,Audit success,0,"{""EventData"":{""Data"":[{""@Name"":""MemberName"",""#text"":""-""},{""@Name"":""MemberSid"",""#text"":""S-1-5-21-41211245-796119838-3940169921-1000""},{""@Name"":""TargetUserName"",""#text"":""None""},{""@Name"":""TargetDomainName"",""#text"":""DESKTOP-SDN1RPT""},{""@Name"":""TargetSid"",""#text"":""S-1-5-21-41211245-796119838-3940169921-513""},{""@Name"":""SubjectUserSid"",""#text"":""S-1-5-21-41211245-796119838-3940169921-1001""},{""@Name"":""SubjectUserName"",""#text"":""Admin""},{""@Name"":""SubjectDomainName"",""#text"":""DESKTOP-SDN1RPT""},{""@Name"":""SubjectLogonId"",""#text"":""0x1A6AA""},{""@Name"":""PrivilegeList"",""#text"":""-""}]}}"
913,913,2020-09-18 21:40:37.2603926,4726,LogAlways,Microsoft-Windows-Security-Auditing,Security,660,3404,DESKTOP-SDN1RPT,10,,A user account was deleted,DESKTOP-SDN1RPT\Admin (S-1-5-21-41211245-796119838-3940169921-1001),,Target: DESKTOP-SDN1RPT\defaultuser0 (S-1-5-21-41211245-796119838-3940169921-1000),SubjectLogonId: 0x1A6AA,,,,,,False,D:\Software\CTF\Misc\EvtxECmd\Security.evtx,Audit success,0,"{""EventData"":{""Data"":[{""@Name"":""TargetUserName"",""#text"":""defaultuser0""},{""@Name"":""TargetDomainName"",""#text"":""DESKTOP-SDN1RPT""},{""@Name"":""TargetSid"",""#text"":""S-1-5-21-41211245-796119838-3940169921-1000""},{""@Name"":""SubjectUserSid"",""#text"":""S-1-5-21-41211245-796119838-3940169921-1001""},{""@Name"":""SubjectUserName"",""#text"":""Admin""},{""@Name"":""SubjectDomainName"",""#text"":""DESKTOP-SDN1RPT""},{""@Name"":""SubjectLogonId"",""#text"":""0x1A6AA""},{""@Name"":""PrivilegeList"",""#text"":""-""}]}}"
914,914,2020-09-18 21:40:38.3645961,4624,LogAlways,Microsoft-Windows-Security-Auditing,Security,660,3404,DESKTOP-SDN1RPT,10,,Successful logon,WORKGROUP\DESKTOP-SDN1RPT$,- (-),Target: NT AUTHORITY\SYSTEM,LogonType 5,LogonId: 0x3E7,AuthenticationPackageName: Negotiate,"LogonProcessName: Advapi  ",,C:\Windows\System32\services.exe,False,D:\Software\CTF\Misc\EvtxECmd\Security.evtx,Audit success,0,"{""EventData"":{""Data"":[{""@Name"":""SubjectUserSid"",""#text"":""S-1-5-18""},{""@Name"":""SubjectUserName"",""#text"":""DESKTOP-SDN1RPT$""},{""@Name"":""SubjectDomainName"",""#text"":""WORKGROUP""},{""@Name"":""SubjectLogonId"",""#text"":""0x3E7""},{""@Name"":""TargetUserSid"",""#text"":""S-1-5-18""},{""@Name"":""TargetUserName"",""#text"":""SYSTEM""},{""@Name"":""TargetDomainName"",""#text"":""NT AUTHORITY""},{""@Name"":""TargetLogonId"",""#text"":""0x3E7""},{""@Name"":""LogonType"",""#text"":""5""},{""@Name"":""LogonProcessName"",""#text"":""Advapi  ""},{""@Name"":""AuthenticationPackageName"",""#text"":""Negotiate""},{""@Name"":""WorkstationName"",""#text"":""-""},{""@Name"":""LogonGuid"",""#text"":""00000000-0000-0000-0000-000000000000""},{""@Name"":""TransmittedServices"",""#text"":""-""},{""@Name"":""LmPackageName"",""#text"":""-""},{""@Name"":""KeyLength"",""#text"":""0""},{""@Name"":""ProcessId"",""#text"":""0x284""},{""@Name"":""ProcessName"",""#text"":""C:\\Windows\\System32\\services.exe""},{""@Name"":""IpAddress"",""#text"":""-""},{""@Name"":""IpPort"",""#text"":""-""},{""@Name"":""ImpersonationLevel"",""#text"":""%%1833""},{""@Name"":""RestrictedAdminMode"",""#text"":""-""},{""@Name"":""TargetOutboundUserName"",""#text"":""-""},{""@Name"":""TargetOutboundDomainName"",""#text"":""-""},{""@Name"":""VirtualAccount"",""#text"":""%%1843""},{""@Name"":""TargetLinkedLogonId"",""#text"":""0x0""},{""@Name"":""ElevatedToken"",""#text"":""%%1842""}]}}"
915,915,2020-09-18 21:40:38.3646033,4672,LogAlways,Microsoft-Windows-Security-Auditing,Security,660,3404,DESKTOP-SDN1RPT,10,,Administrative logon,NT AUTHORITY\SYSTEM (S-1-5-18),,"PrivilegeList: SeAssignPrimaryTokenPrivilege, SeTcbPrivilege, SeSecurityPrivilege, SeTakeOwnershipPrivilege, SeLoadDriverPrivilege, SeBackupPrivilege, SeRestorePrivilege, SeDebugPrivilege, SeAuditPrivilege, SeSystemEnvironmentPrivilege, SeImpersonatePrivilege, SeDelegateSessionUserImpersonatePrivilege",LogonId: 0x3E7,,,,,,False,D:\Software\CTF\Misc\EvtxECmd\Security.evtx,Audit success,0,"{""EventData"":{""Data"":[{""@Name"":""SubjectUserSid"",""#text"":""S-1-5-18""},{""@Name"":""SubjectUserName"",""#text"":""SYSTEM""},{""@Name"":""SubjectDomainName"",""#text"":""NT AUTHORITY""},{""@Name"":""SubjectLogonId"",""#text"":""0x3E7""},{""@Name"":""PrivilegeList"",""#text"":""SeAssignPrimaryTokenPrivilege, SeTcbPrivilege, SeSecurityPrivilege, SeTakeOwnershipPrivilege, SeLoadDriverPrivilege, SeBackupPrivilege, SeRestorePrivilege, SeDebugPrivilege, SeAuditPrivilege, SeSystemEnvironmentPrivilege, SeImpersonatePrivilege, SeDelegateSessionUserImpersonatePrivilege""}]}}"
916,916,2020-09-18 21:40:38.6374309,4799,LogAlways,Microsoft-Windows-Security-Auditing,Security,660,3404,DESKTOP-SDN1RPT,10,,A security-enabled local group membership was enumerated,DESKTOP-SDN1RPT\Admin (S-1-5-21-41211245-796119838-3940169921-1001),,Target: Builtin\Administrators (S-1-5-32-544),SubjectLogonId: 0x1A6AA,CallerProcessName: C:\Windows\System32\svchost.exe,CallerProcessId: 0x15C,,,,False,D:\Software\CTF\Misc\EvtxECmd\Security.evtx,Audit success,0,"{""EventData"":{""Data"":[{""@Name"":""TargetUserName"",""#text"":""Administrators""},{""@Name"":""TargetDomainName"",""#text"":""Builtin""},{""@Name"":""TargetSid"",""#text"":""S-1-5-32-544""},{""@Name"":""SubjectUserSid"",""#text"":""S-1-5-21-41211245-796119838-3940169921-1001""},{""@Name"":""SubjectUserName"",""#text"":""Admin""},{""@Name"":""SubjectDomainName"",""#text"":""DESKTOP-SDN1RPT""},{""@Name"":""SubjectLogonId"",""#text"":""0x1A6AA""},{""@Name"":""CallerProcessId"",""#text"":""0x15C""},{""@Name"":""CallerProcessName"",""#text"":""C:\\Windows\\System32\\svchost.exe""}]}}"
