1258,1258,2020-09-18 22:46:43.3950928,5379,LogAlways,Microsoft-Windows-Security-Auditing,Security,648,704,DESKTOP-SDN1RPT.C137.local,14,,Credential Manager credentials were read,mortysmith,,SID: S-1-5-21-2232410529-1445159330-2725690660-1108,Domain: C137,LogonID: 0x270257,CountOfCredentialsReturned: 0,,ActivityID: 9f37c062-8e04-0000-f2c0-379f048ed601,MicrosoftAccount:user=02arqgsppvqiycls,False,D:\Software\CTF\Misc\EvtxECmd\Security.evtx,Audit success,0,"{""EventData"":{""Data"":[{""@Name"":""SubjectUserSid"",""#text"":""S-1-5-21-2232410529-1445159330-2725690660-1108""},{""@Name"":""SubjectUserName"",""#text"":""mortysmith""},{""@Name"":""SubjectDomainName"",""#text"":""C137""},{""@Name"":""SubjectLogonId"",""#text"":""0x270257""},{""@Name"":""TargetName"",""#text"":""MicrosoftAccount:user=02arqgsppvqiycls""},{""@Name"":""Type"",""#text"":""0""},{""@Name"":""CountOfCredentialsReturned"",""#text"":""0""},{""@Name"":""ReadOperation"",""#text"":""%%8100""},{""@Name"":""ReturnCode"",""#text"":""3221226021""},{""@Name"":""ProcessCreationTime"",""#text"":""2020-09-18 21:42:39.6472675""},{""@Name"":""ClientProcessId"",""#text"":""448""}]}}"
1259,1259,2020-09-18 22:46:43.3951887,5379,LogAlways,Microsoft-Windows-Security-Auditing,Security,648,704,DESKTOP-SDN1RPT.C137.local,14,,Credential Manager credentials were read,mortysmith,,SID: S-1-5-21-2232410529-1445159330-2725690660-1108,Domain: C137,LogonID: 0x270257,CountOfCredentialsReturned: 0,,ActivityID: 9f37c062-8e04-0000-f2c0-379f048ed601,MicrosoftAccount:user=02arqgsppvqiycls,False,D:\Software\CTF\Misc\EvtxECmd\Security.evtx,Audit success,0,"{""EventData"":{""Data"":[{""@Name"":""SubjectUserSid"",""#text"":""S-1-5-21-2232410529-1445159330-2725690660-1108""},{""@Name"":""SubjectUserName"",""#text"":""mortysmith""},{""@Name"":""SubjectDomainName"",""#text"":""C137""},{""@Name"":""SubjectLogonId"",""#text"":""0x270257""},{""@Name"":""TargetName"",""#text"":""MicrosoftAccount:user=02arqgsppvqiycls""},{""@Name"":""Type"",""#text"":""0""},{""@Name"":""CountOfCredentialsReturned"",""#text"":""0""},{""@Name"":""ReadOperation"",""#text"":""%%8100""},{""@Name"":""ReturnCode"",""#text"":""3221226021""},{""@Name"":""ProcessCreationTime"",""#text"":""2020-09-18 21:42:39.6472675""},{""@Name"":""ClientProcessId"",""#text"":""448""}]}}"
1260,1260,2020-09-18 22:46:51.3873810,5379,LogAlways,Microsoft-Windows-Security-Auditing,Security,648,704,DESKTOP-SDN1RPT.C137.local,14,,Credential Manager credentials were read,mortysmith,,SID: S-1-5-21-2232410529-1445159330-2725690660-1108,Domain: C137,LogonID: 0x270257,CountOfCredentialsReturned: 0,,ActivityID: 9f37c062-8e04-0000-f2c0-379f048ed601,MicrosoftAccount:user=02arqgsppvqiycls,False,D:\Software\CTF\Misc\EvtxECmd\Security.evtx,Audit success,0,"{""EventData"":{""Data"":[{""@Name"":""SubjectUserSid"",""#text"":""S-1-5-21-2232410529-1445159330-2725690660-1108""},{""@Name"":""SubjectUserName"",""#text"":""mortysmith""},{""@Name"":""SubjectDomainName"",""#text"":""C137""},{""@Name"":""SubjectLogonId"",""#text"":""0x270257""},{""@Name"":""TargetName"",""#text"":""MicrosoftAccount:user=02arqgsppvqiycls""},{""@Name"":""Type"",""#text"":""0""},{""@Name"":""CountOfCredentialsReturned"",""#text"":""0""},{""@Name"":""ReadOperation"",""#text"":""%%8100""},{""@Name"":""ReturnCode"",""#text"":""3221226021""},{""@Name"":""ProcessCreationTime"",""#text"":""2020-09-18 21:42:39.6472675""},{""@Name"":""ClientProcessId"",""#text"":""448""}]}}"
1261,1261,2020-09-18 22:46:51.3874993,5379,LogAlways,Microsoft-Windows-Security-Auditing,Security,648,704,DESKTOP-SDN1RPT.C137.local,14,,Credential Manager credentials were read,mortysmith,,SID: S-1-5-21-2232410529-1445159330-2725690660-1108,Domain: C137,LogonID: 0x270257,CountOfCredentialsReturned: 0,,ActivityID: 9f37c062-8e04-0000-f2c0-379f048ed601,WindowsLive:(token):name=02arqgsppvqiycls;serviceuri=*,False,D:\Software\CTF\Misc\EvtxECmd\Security.evtx,Audit success,0,"{""EventData"":{""Data"":[{""@Name"":""SubjectUserSid"",""#text"":""S-1-5-21-2232410529-1445159330-2725690660-1108""},{""@Name"":""SubjectUserName"",""#text"":""mortysmith""},{""@Name"":""SubjectDomainName"",""#text"":""C137""},{""@Name"":""SubjectLogonId"",""#text"":""0x270257""},{""@Name"":""TargetName"",""#text"":""WindowsLive:(token):name=02arqgsppvqiycls;serviceuri=*""},{""@Name"":""Type"",""#text"":""0""},{""@Name"":""CountOfCredentialsReturned"",""#text"":""0""},{""@Name"":""ReadOperation"",""#text"":""%%8100""},{""@Name"":""ReturnCode"",""#text"":""3221226021""},{""@Name"":""ProcessCreationTime"",""#text"":""2020-09-18 21:42:39.6472675""},{""@Name"":""ClientProcessId"",""#text"":""448""}]}}"
1262,1262,2020-09-18 22:46:51.3880916,5379,LogAlways,Microsoft-Windows-Security-Auditing,Security,648,704,DESKTOP-SDN1RPT.C137.local,14,,Credential Manager credentials were read,mortysmith,,SID: S-1-5-21-2232410529-1445159330-2725690660-1108,Domain: C137,LogonID: 0x270257,CountOfCredentialsReturned: 0,,ActivityID: 9f37c062-8e04-0000-f2c0-379f048ed601,WindowsLive:(cert):name=02arqgsppvqiycls;serviceuri=*,False,D:\Software\CTF\Misc\EvtxECmd\Security.evtx,Audit success,0,"{""EventData"":{""Data"":[{""@Name"":""SubjectUserSid"",""#text"":""S-1-5-21-2232410529-1445159330-2725690660-1108""},{""@Name"":""SubjectUserName"",""#text"":""mortysmith""},{""@Name"":""SubjectDomainName"",""#text"":""C137""},{""@Name"":""SubjectLogonId"",""#text"":""0x270257""},{""@Name"":""TargetName"",""#text"":""WindowsLive:(cert):name=02arqgsppvqiycls;serviceuri=*""},{""@Name"":""Type"",""#text"":""0""},{""@Name"":""CountOfCredentialsReturned"",""#text"":""0""},{""@Name"":""ReadOperation"",""#text"":""%%8100""},{""@Name"":""ReturnCode"",""#text"":""3221226021""},{""@Name"":""ProcessCreationTime"",""#text"":""2020-09-18 21:42:39.6472675""},{""@Name"":""ClientProcessId"",""#text"":""448""}]}}"
1263,1263,2020-09-18 22:46:51.5545313,5379,LogAlways,Microsoft-Windows-Security-Auditing,Security,648,704,DESKTOP-SDN1RPT.C137.local,14,,Credential Manager credentials were read,mortysmith,,SID: S-1-5-21-2232410529-1445159330-2725690660-1108,Domain: C137,LogonID: 0x270257,CountOfCredentialsReturned: 0,,ActivityID: 9f37c062-8e04-0000-f2c0-379f048ed601,MicrosoftAccount:user=02arqgsppvqiycls,False,D:\Software\CTF\Misc\EvtxECmd\Security.evtx,Audit success,0,"{""EventData"":{""Data"":[{""@Name"":""SubjectUserSid"",""#text"":""S-1-5-21-2232410529-1445159330-2725690660-1108""},{""@Name"":""SubjectUserName"",""#text"":""mortysmith""},{""@Name"":""SubjectDomainName"",""#text"":""C137""},{""@Name"":""SubjectLogonId"",""#text"":""0x270257""},{""@Name"":""TargetName"",""#text"":""MicrosoftAccount:user=02arqgsppvqiycls""},{""@Name"":""Type"",""#text"":""0""},{""@Name"":""CountOfCredentialsReturned"",""#text"":""0""},{""@Name"":""ReadOperation"",""#text"":""%%8100""},{""@Name"":""ReturnCode"",""#text"":""3221226021""},{""@Name"":""ProcessCreationTime"",""#text"":""2020-09-18 21:42:39.6472675""},{""@Name"":""ClientProcessId"",""#text"":""448""}]}}"
1264,1264,2020-09-18 22:46:51.5715875,5379,LogAlways,Microsoft-Windows-Security-Auditing,Security,648,704,DESKTOP-SDN1RPT.C137.local,14,,Credential Manager credentials were read,mortysmith,,SID: S-1-5-21-2232410529-1445159330-2725690660-1108,Domain: C137,LogonID: 0x270257,CountOfCredentialsReturned: 0,,ActivityID: 9f37c062-8e04-0000-f2c0-379f048ed601,MicrosoftAccount:user=02arqgsppvqiycls,False,D:\Software\CTF\Misc\EvtxECmd\Security.evtx,Audit success,0,"{""EventData"":{""Data"":[{""@Name"":""SubjectUserSid"",""#text"":""S-1-5-21-2232410529-1445159330-2725690660-1108""},{""@Name"":""SubjectUserName"",""#text"":""mortysmith""},{""@Name"":""SubjectDomainName"",""#text"":""C137""},{""@Name"":""SubjectLogonId"",""#text"":""0x270257""},{""@Name"":""TargetName"",""#text"":""MicrosoftAccount:user=02arqgsppvqiycls""},{""@Name"":""Type"",""#text"":""0""},{""@Name"":""CountOfCredentialsReturned"",""#text"":""0""},{""@Name"":""ReadOperation"",""#text"":""%%8100""},{""@Name"":""ReturnCode"",""#text"":""3221226021""},{""@Name"":""ProcessCreationTime"",""#text"":""2020-09-18 21:42:39.6472675""},{""@Name"":""ClientProcessId"",""#text"":""448""}]}}"
1265,1265,2020-09-18 22:46:51.5775461,5379,LogAlways,Microsoft-Windows-Security-Auditing,Security,648,704,DESKTOP-SDN1RPT.C137.local,14,,Credential Manager credentials were read,mortysmith,,SID: S-1-5-21-2232410529-1445159330-2725690660-1108,Domain: C137,LogonID: 0x270257,CountOfCredentialsReturned: 0,,ActivityID: 9f37c062-8e04-0000-f2c0-379f048ed601,MicrosoftAccount:user=02arqgsppvqiycls,False,D:\Software\CTF\Misc\EvtxECmd\Security.evtx,Audit success,0,"{""EventData"":{""Data"":[{""@Name"":""SubjectUserSid"",""#text"":""S-1-5-21-2232410529-1445159330-2725690660-1108""},{""@Name"":""SubjectUserName"",""#text"":""mortysmith""},{""@Name"":""SubjectDomainName"",""#text"":""C137""},{""@Name"":""SubjectLogonId"",""#text"":""0x270257""},{""@Name"":""TargetName"",""#text"":""MicrosoftAccount:user=02arqgsppvqiycls""},{""@Name"":""Type"",""#text"":""0""},{""@Name"":""CountOfCredentialsReturned"",""#text"":""0""},{""@Name"":""ReadOperation"",""#text"":""%%8100""},{""@Name"":""ReturnCode"",""#text"":""3221226021""},{""@Name"":""ProcessCreationTime"",""#text"":""2020-09-18 21:42:39.6472675""},{""@Name"":""ClientProcessId"",""#text"":""448""}]}}"
1266,1266,2020-09-18 22:46:51.5779695,5379,LogAlways,Microsoft-Windows-Security-Auditing,Security,648,704,DESKTOP-SDN1RPT.C137.local,14,,Credential Manager credentials were read,mortysmith,,SID: S-1-5-21-2232410529-1445159330-2725690660-1108,Domain: C137,LogonID: 0x270257,CountOfCredentialsReturned: 0,,ActivityID: 9f37c062-8e04-0000-f2c0-379f048ed601,MicrosoftAccount:user=02arqgsppvqiycls,False,D:\Software\CTF\Misc\EvtxECmd\Security.evtx,Audit success,0,"{""EventData"":{""Data"":[{""@Name"":""SubjectUserSid"",""#text"":""S-1-5-21-2232410529-1445159330-2725690660-1108""},{""@Name"":""SubjectUserName"",""#text"":""mortysmith""},{""@Name"":""SubjectDomainName"",""#text"":""C137""},{""@Name"":""SubjectLogonId"",""#text"":""0x270257""},{""@Name"":""TargetName"",""#text"":""MicrosoftAccount:user=02arqgsppvqiycls""},{""@Name"":""Type"",""#text"":""0""},{""@Name"":""CountOfCredentialsReturned"",""#text"":""0""},{""@Name"":""ReadOperation"",""#text"":""%%8100""},{""@Name"":""ReturnCode"",""#text"":""3221226021""},{""@Name"":""ProcessCreationTime"",""#text"":""2020-09-18 21:42:39.6472675""},{""@Name"":""ClientProcessId"",""#text"":""448""}]}}"
1267,1267,2020-09-18 22:46:52.8164800,5379,LogAlways,Microsoft-Windows-Security-Auditing,Security,648,688,DESKTOP-SDN1RPT.C137.local,14,,Credential Manager credentials were read,mortysmith,,SID: S-1-5-21-2232410529-1445159330-2725690660-1108,Domain: C137,LogonID: 0x270257,CountOfCredentialsReturned: 0,,ActivityID: 9f37c062-8e04-0000-f2c0-379f048ed601,MicrosoftAccount:user=02arqgsppvqiycls,False,D:\Software\CTF\Misc\EvtxECmd\Security.evtx,Audit success,0,"{""EventData"":{""Data"":[{""@Name"":""SubjectUserSid"",""#text"":""S-1-5-21-2232410529-1445159330-2725690660-1108""},{""@Name"":""SubjectUserName"",""#text"":""mortysmith""},{""@Name"":""SubjectDomainName"",""#text"":""C137""},{""@Name"":""SubjectLogonId"",""#text"":""0x270257""},{""@Name"":""TargetName"",""#text"":""MicrosoftAccount:user=02arqgsppvqiycls""},{""@Name"":""Type"",""#text"":""0""},{""@Name"":""CountOfCredentialsReturned"",""#text"":""0""},{""@Name"":""ReadOperation"",""#text"":""%%8100""},{""@Name"":""ReturnCode"",""#text"":""3221226021""},{""@Name"":""ProcessCreationTime"",""#text"":""2020-09-18 21:42:39.6472675""},{""@Name"":""ClientProcessId"",""#text"":""448""}]}}"
1268,1268,2020-09-18 22:46:52.8165834,5379,LogAlways,Microsoft-Windows-Security-Auditing,Security,648,688,DESKTOP-SDN1RPT.C137.local,14,,Credential Manager credentials were read,mortysmith,,SID: S-1-5-21-2232410529-1445159330-2725690660-1108,Domain: C137,LogonID: 0x270257,CountOfCredentialsReturned: 0,,ActivityID: 9f37c062-8e04-0000-f2c0-379f048ed601,WindowsLive:(token):name=02arqgsppvqiycls;serviceuri=*,False,D:\Software\CTF\Misc\EvtxECmd\Security.evtx,Audit success,0,"{""EventData"":{""Data"":[{""@Name"":""SubjectUserSid"",""#text"":""S-1-5-21-2232410529-1445159330-2725690660-1108""},{""@Name"":""SubjectUserName"",""#text"":""mortysmith""},{""@Name"":""SubjectDomainName"",""#text"":""C137""},{""@Name"":""SubjectLogonId"",""#text"":""0x270257""},{""@Name"":""TargetName"",""#text"":""WindowsLive:(token):name=02arqgsppvqiycls;serviceuri=*""},{""@Name"":""Type"",""#text"":""0""},{""@Name"":""CountOfCredentialsReturned"",""#text"":""0""},{""@Name"":""ReadOperation"",""#text"":""%%8100""},{""@Name"":""ReturnCode"",""#text"":""3221226021""},{""@Name"":""ProcessCreationTime"",""#text"":""2020-09-18 21:42:39.6472675""},{""@Name"":""ClientProcessId"",""#text"":""448""}]}}"
1269,1269,2020-09-18 22:46:52.8171060,5379,LogAlways,Microsoft-Windows-Security-Auditing,Security,648,704,DESKTOP-SDN1RPT.C137.local,14,,Credential Manager credentials were read,mortysmith,,SID: S-1-5-21-2232410529-1445159330-2725690660-1108,Domain: C137,LogonID: 0x270257,CountOfCredentialsReturned: 0,,ActivityID: 9f37c062-8e04-0000-f2c0-379f048ed601,WindowsLive:(cert):name=02arqgsppvqiycls;serviceuri=*,False,D:\Software\CTF\Misc\EvtxECmd\Security.evtx,Audit success,0,"{""EventData"":{""Data"":[{""@Name"":""SubjectUserSid"",""#text"":""S-1-5-21-2232410529-1445159330-2725690660-1108""},{""@Name"":""SubjectUserName"",""#text"":""mortysmith""},{""@Name"":""SubjectDomainName"",""#text"":""C137""},{""@Name"":""SubjectLogonId"",""#text"":""0x270257""},{""@Name"":""TargetName"",""#text"":""WindowsLive:(cert):name=02arqgsppvqiycls;serviceuri=*""},{""@Name"":""Type"",""#text"":""0""},{""@Name"":""CountOfCredentialsReturned"",""#text"":""0""},{""@Name"":""ReadOperation"",""#text"":""%%8100""},{""@Name"":""ReturnCode"",""#text"":""3221226021""},{""@Name"":""ProcessCreationTime"",""#text"":""2020-09-18 21:42:39.6472675""},{""@Name"":""ClientProcessId"",""#text"":""448""}]}}"
1270,1270,2020-09-18 22:46:52.9375578,5379,LogAlways,Microsoft-Windows-Security-Auditing,Security,648,688,DESKTOP-SDN1RPT.C137.local,14,,Credential Manager credentials were read,mortysmith,,SID: S-1-5-21-2232410529-1445159330-2725690660-1108,Domain: C137,LogonID: 0x270257,CountOfCredentialsReturned: 0,,ActivityID: 9f37c062-8e04-0000-f2c0-379f048ed601,MicrosoftAccount:user=02arqgsppvqiycls,False,D:\Software\CTF\Misc\EvtxECmd\Security.evtx,Audit success,0,"{""EventData"":{""Data"":[{""@Name"":""SubjectUserSid"",""#text"":""S-1-5-21-2232410529-1445159330-2725690660-1108""},{""@Name"":""SubjectUserName"",""#text"":""mortysmith""},{""@Name"":""SubjectDomainName"",""#text"":""C137""},{""@Name"":""SubjectLogonId"",""#text"":""0x270257""},{""@Name"":""TargetName"",""#text"":""MicrosoftAccount:user=02arqgsppvqiycls""},{""@Name"":""Type"",""#text"":""0""},{""@Name"":""CountOfCredentialsReturned"",""#text"":""0""},{""@Name"":""ReadOperation"",""#text"":""%%8100""},{""@Name"":""ReturnCode"",""#text"":""3221226021""},{""@Name"":""ProcessCreationTime"",""#text"":""2020-09-18 21:42:39.6472675""},{""@Name"":""ClientProcessId"",""#text"":""448""}]}}"
1271,1271,2020-09-18 22:46:52.9486768,5379,LogAlways,Microsoft-Windows-Security-Auditing,Security,648,688,DESKTOP-SDN1RPT.C137.local,14,,Credential Manager credentials were read,mortysmith,,SID: S-1-5-21-2232410529-1445159330-2725690660-1108,Domain: C137,LogonID: 0x270257,CountOfCredentialsReturned: 0,,ActivityID: 9f37c062-8e04-0000-f2c0-379f048ed601,MicrosoftAccount:user=02arqgsppvqiycls,False,D:\Software\CTF\Misc\EvtxECmd\Security.evtx,Audit success,0,"{""EventData"":{""Data"":[{""@Name"":""SubjectUserSid"",""#text"":""S-1-5-21-2232410529-1445159330-2725690660-1108""},{""@Name"":""SubjectUserName"",""#text"":""mortysmith""},{""@Name"":""SubjectDomainName"",""#text"":""C137""},{""@Name"":""SubjectLogonId"",""#text"":""0x270257""},{""@Name"":""TargetName"",""#text"":""MicrosoftAccount:user=02arqgsppvqiycls""},{""@Name"":""Type"",""#text"":""0""},{""@Name"":""CountOfCredentialsReturned"",""#text"":""0""},{""@Name"":""ReadOperation"",""#text"":""%%8100""},{""@Name"":""ReturnCode"",""#text"":""3221226021""},{""@Name"":""ProcessCreationTime"",""#text"":""2020-09-18 21:42:39.6472675""},{""@Name"":""ClientProcessId"",""#text"":""448""}]}}"
1272,1272,2020-09-18 22:46:53.0370405,5379,LogAlways,Microsoft-Windows-Security-Auditing,Security,648,688,DESKTOP-SDN1RPT.C137.local,14,,Credential Manager credentials were read,mortysmith,,SID: S-1-5-21-2232410529-1445159330-2725690660-1108,Domain: C137,LogonID: 0x270257,CountOfCredentialsReturned: 0,,ActivityID: 9f37c062-8e04-0000-f2c0-379f048ed601,MicrosoftAccount:user=02arqgsppvqiycls,False,D:\Software\CTF\Misc\EvtxECmd\Security.evtx,Audit success,0,"{""EventData"":{""Data"":[{""@Name"":""SubjectUserSid"",""#text"":""S-1-5-21-2232410529-1445159330-2725690660-1108""},{""@Name"":""SubjectUserName"",""#text"":""mortysmith""},{""@Name"":""SubjectDomainName"",""#text"":""C137""},{""@Name"":""SubjectLogonId"",""#text"":""0x270257""},{""@Name"":""TargetName"",""#text"":""MicrosoftAccount:user=02arqgsppvqiycls""},{""@Name"":""Type"",""#text"":""0""},{""@Name"":""CountOfCredentialsReturned"",""#text"":""0""},{""@Name"":""ReadOperation"",""#text"":""%%8100""},{""@Name"":""ReturnCode"",""#text"":""3221226021""},{""@Name"":""ProcessCreationTime"",""#text"":""2020-09-18 21:42:39.6472675""},{""@Name"":""ClientProcessId"",""#text"":""448""}]}}"
1273,1273,2020-09-18 22:46:53.0371589,5379,LogAlways,Microsoft-Windows-Security-Auditing,Security,648,688,DESKTOP-SDN1RPT.C137.local,14,,Credential Manager credentials were read,mortysmith,,SID: S-1-5-21-2232410529-1445159330-2725690660-1108,Domain: C137,LogonID: 0x270257,CountOfCredentialsReturned: 0,,ActivityID: 9f37c062-8e04-0000-f2c0-379f048ed601,MicrosoftAccount:user=02arqgsppvqiycls,False,D:\Software\CTF\Misc\EvtxECmd\Security.evtx,Audit success,0,"{""EventData"":{""Data"":[{""@Name"":""SubjectUserSid"",""#text"":""S-1-5-21-2232410529-1445159330-2725690660-1108""},{""@Name"":""SubjectUserName"",""#text"":""mortysmith""},{""@Name"":""SubjectDomainName"",""#text"":""C137""},{""@Name"":""SubjectLogonId"",""#text"":""0x270257""},{""@Name"":""TargetName"",""#text"":""MicrosoftAccount:user=02arqgsppvqiycls""},{""@Name"":""Type"",""#text"":""0""},{""@Name"":""CountOfCredentialsReturned"",""#text"":""0""},{""@Name"":""ReadOperation"",""#text"":""%%8100""},{""@Name"":""ReturnCode"",""#text"":""3221226021""},{""@Name"":""ProcessCreationTime"",""#text"":""2020-09-18 21:42:39.6472675""},{""@Name"":""ClientProcessId"",""#text"":""448""}]}}"
1274,1274,2020-09-18 22:46:53.3370949,5058,LogAlways,Microsoft-Windows-Security-Auditing,Security,648,688,DESKTOP-SDN1RPT.C137.local,14,,,,,,,,,,,,False,D:\Software\CTF\Misc\EvtxECmd\Security.evtx,Audit success,0,"{""EventData"":{""Data"":[{""@Name"":""SubjectUserSid"",""#text"":""S-1-5-21-2232410529-1445159330-2725690660-1108""},{""@Name"":""SubjectUserName"",""#text"":""mortysmith""},{""@Name"":""SubjectDomainName"",""#text"":""C137""},{""@Name"":""SubjectLogonId"",""#text"":""0x270257""},{""@Name"":""ClientProcessId"",""#text"":""4428""},{""@Name"":""ClientCreationTime"",""#text"":""2020-09-18 22:46:52.1646566""},{""@Name"":""ProviderName"",""#text"":""Microsoft Software Key Storage Provider""},{""@Name"":""AlgorithmName"",""#text"":""ECDSA_P256""},{""@Name"":""KeyName"",""#text"":""TB_2_bing.com""},{""@Name"":""KeyType"",""#text"":""%%2500""},{""@Name"":""KeyFilePath"",""#text"":""C:\\Users\\mortysmith\\AppData\\Local\\Packages\\microsoft.windows.search_cw5n1h2txyewy\\AC\\Microsoft\\Crypto\\TokenBindingKeys\\Keys\\887a471fc5377c5cbe6e38ac87d5a40f_511cefa6-2706-41b2-b1d8-b70acd58c1f3_94010fb48af238f6ca3f233fc31d9c4f""},{""@Name"":""Operation"",""#text"":""%%2459""},{""@Name"":""ReturnCode"",""#text"":""0x0""}]}}"
1275,1275,2020-09-18 22:46:53.3377245,5061,LogAlways,Microsoft-Windows-Security-Auditing,Security,648,688,DESKTOP-SDN1RPT.C137.local,14,,,,,,,,,,,,False,D:\Software\CTF\Misc\EvtxECmd\Security.evtx,Audit success,0,"{""EventData"":{""Data"":[{""@Name"":""SubjectUserSid"",""#text"":""S-1-5-21-2232410529-1445159330-2725690660-1108""},{""@Name"":""SubjectUserName"",""#text"":""mortysmith""},{""@Name"":""SubjectDomainName"",""#text"":""C137""},{""@Name"":""SubjectLogonId"",""#text"":""0x270257""},{""@Name"":""ProviderName"",""#text"":""Microsoft Software Key Storage Provider""},{""@Name"":""AlgorithmName"",""#text"":""ECDSA_P256""},{""@Name"":""KeyName"",""#text"":""TB_2_bing.com""},{""@Name"":""KeyType"",""#text"":""%%2500""},{""@Name"":""Operation"",""#text"":""%%2481""},{""@Name"":""ReturnCode"",""#text"":""0x0""}]}}"
1276,1276,2020-09-18 22:46:53.3380159,5059,LogAlways,Microsoft-Windows-Security-Auditing,Security,648,688,DESKTOP-SDN1RPT.C137.local,14,,,,,,,,,,,,False,D:\Software\CTF\Misc\EvtxECmd\Security.evtx,Audit success,0,"{""EventData"":{""Data"":[{""@Name"":""SubjectUserSid"",""#text"":""S-1-5-21-2232410529-1445159330-2725690660-1108""},{""@Name"":""SubjectUserName"",""#text"":""mortysmith""},{""@Name"":""SubjectDomainName"",""#text"":""C137""},{""@Name"":""SubjectLogonId"",""#text"":""0x270257""},{""@Name"":""ClientProcessId"",""#text"":""4428""},{""@Name"":""ClientCreationTime"",""#text"":""2020-09-18 22:46:52.1646566""},{""@Name"":""ProviderName"",""#text"":""Microsoft Software Key Storage Provider""},{""@Name"":""AlgorithmName"",""#text"":""ECDSA_P256""},{""@Name"":""KeyName"",""#text"":""TB_2_bing.com""},{""@Name"":""KeyType"",""#text"":""%%2500""},{""@Name"":""Operation"",""#text"":""%%2464""},{""@Name"":""ReturnCode"",""#text"":""0x0""}]}}"
1277,1277,2020-09-18 22:47:14.4780544,5382,LogAlways,Microsoft-Windows-Security-Auditing,Security,648,708,DESKTOP-SDN1RPT.C137.local,14,,,,,,,,,,,,False,D:\Software\CTF\Misc\EvtxECmd\Security.evtx,Audit success,0,"{""EventData"":{""Data"":[{""@Name"":""SubjectUserSid"",""#text"":""S-1-5-18""},{""@Name"":""SubjectUserName"",""#text"":""DESKTOP-SDN1RPT$""},{""@Name"":""SubjectDomainName"",""#text"":""C137""},{""@Name"":""SubjectLogonId"",""#text"":""0x3E7""},{""@Name"":""SchemaFriendlyName"",""#text"":""NGC Local Accoount Logon Vault Resource Schema""},{""@Name"":""Schema"",""#text"":""1d4350a3-330d-4af9-b3ff-a927a45998ac""},{""@Name"":""Resource"",""#text"":""NGC Local Accoount Logon Vault Resource""},{""@Name"":""Identity"",""#text"":""010500000000000515000000A1E10F85A261235624BD76A254040000""},{""@Name"":""PackageSid""},{""@Name"":""Flags"",""#text"":""0""},{""@Name"":""ReturnCode"",""#text"":""1168""},{""@Name"":""ProcessCreationTime"",""#text"":""2020-09-18 21:42:39.6868401""},{""@Name"":""ClientProcessId"",""#text"":""1060""}]}}"
1278,1278,2020-09-18 22:47:21.5284393,5379,LogAlways,Microsoft-Windows-Security-Auditing,Security,648,704,DESKTOP-SDN1RPT.C137.local,14,,Credential Manager credentials were read,mortysmith,,SID: S-1-5-21-2232410529-1445159330-2725690660-1108,Domain: C137,LogonID: 0x270257,CountOfCredentialsReturned: 0,,ActivityID: 9f37c062-8e04-0000-f2c0-379f048ed601,OneDriveCachedCredential*,False,D:\Software\CTF\Misc\EvtxECmd\Security.evtx,Audit success,0,"{""EventData"":{""Data"":[{""@Name"":""SubjectUserSid"",""#text"":""S-1-5-21-2232410529-1445159330-2725690660-1108""},{""@Name"":""SubjectUserName"",""#text"":""mortysmith""},{""@Name"":""SubjectDomainName"",""#text"":""C137""},{""@Name"":""SubjectLogonId"",""#text"":""0x270257""},{""@Name"":""TargetName"",""#text"":""OneDriveCachedCredential*""},{""@Name"":""Type"",""#text"":""0""},{""@Name"":""CountOfCredentialsReturned"",""#text"":""0""},{""@Name"":""ReadOperation"",""#text"":""%%8100""},{""@Name"":""ReturnCode"",""#text"":""3221226021""},{""@Name"":""ProcessCreationTime"",""#text"":""2020-09-18 22:47:19.1170215""},{""@Name"":""ClientProcessId"",""#text"":""3672""}]}}"
1279,1279,2020-09-18 22:47:21.5285871,5379,LogAlways,Microsoft-Windows-Security-Auditing,Security,648,704,DESKTOP-SDN1RPT.C137.local,14,,Credential Manager credentials were read,mortysmith,,SID: S-1-5-21-2232410529-1445159330-2725690660-1108,Domain: C137,LogonID: 0x270257,CountOfCredentialsReturned: 0,,ActivityID: 9f37c062-8e04-0000-f2c0-379f048ed601,OneDrive-INTCachedCredential*,False,D:\Software\CTF\Misc\EvtxECmd\Security.evtx,Audit success,0,"{""EventData"":{""Data"":[{""@Name"":""SubjectUserSid"",""#text"":""S-1-5-21-2232410529-1445159330-2725690660-1108""},{""@Name"":""SubjectUserName"",""#text"":""mortysmith""},{""@Name"":""SubjectDomainName"",""#text"":""C137""},{""@Name"":""SubjectLogonId"",""#text"":""0x270257""},{""@Name"":""TargetName"",""#text"":""OneDrive-INTCachedCredential*""},{""@Name"":""Type"",""#text"":""0""},{""@Name"":""CountOfCredentialsReturned"",""#text"":""0""},{""@Name"":""ReadOperation"",""#text"":""%%8100""},{""@Name"":""ReturnCode"",""#text"":""3221226021""},{""@Name"":""ProcessCreationTime"",""#text"":""2020-09-18 22:47:19.1170215""},{""@Name"":""ClientProcessId"",""#text"":""3672""}]}}"
1280,1280,2020-09-18 22:47:21.7165004,5379,LogAlways,Microsoft-Windows-Security-Auditing,Security,648,704,DESKTOP-SDN1RPT.C137.local,14,,Credential Manager credentials were read,mortysmith,,SID: S-1-5-21-2232410529-1445159330-2725690660-1108,Domain: C137,LogonID: 0x270257,CountOfCredentialsReturned: 0,,ActivityID: 9f37c062-8e04-0000-f2c0-379f048ed601,OneDriveCachedCredential*,False,D:\Software\CTF\Misc\EvtxECmd\Security.evtx,Audit success,0,"{""EventData"":{""Data"":[{""@Name"":""SubjectUserSid"",""#text"":""S-1-5-21-2232410529-1445159330-2725690660-1108""},{""@Name"":""SubjectUserName"",""#text"":""mortysmith""},{""@Name"":""SubjectDomainName"",""#text"":""C137""},{""@Name"":""SubjectLogonId"",""#text"":""0x270257""},{""@Name"":""TargetName"",""#text"":""OneDriveCachedCredential*""},{""@Name"":""Type"",""#text"":""0""},{""@Name"":""CountOfCredentialsReturned"",""#text"":""0""},{""@Name"":""ReadOperation"",""#text"":""%%8100""},{""@Name"":""ReturnCode"",""#text"":""3221226021""},{""@Name"":""ProcessCreationTime"",""#text"":""2020-09-18 22:47:19.1170215""},{""@Name"":""ClientProcessId"",""#text"":""3672""}]}}"
1281,1281,2020-09-18 22:47:21.7166081,5379,LogAlways,Microsoft-Windows-Security-Auditing,Security,648,704,DESKTOP-SDN1RPT.C137.local,14,,Credential Manager credentials were read,mortysmith,,SID: S-1-5-21-2232410529-1445159330-2725690660-1108,Domain: C137,LogonID: 0x270257,CountOfCredentialsReturned: 0,,ActivityID: 9f37c062-8e04-0000-f2c0-379f048ed601,OneDrive-INTCachedCredential*,False,D:\Software\CTF\Misc\EvtxECmd\Security.evtx,Audit success,0,"{""EventData"":{""Data"":[{""@Name"":""SubjectUserSid"",""#text"":""S-1-5-21-2232410529-1445159330-2725690660-1108""},{""@Name"":""SubjectUserName"",""#text"":""mortysmith""},{""@Name"":""SubjectDomainName"",""#text"":""C137""},{""@Name"":""SubjectLogonId"",""#text"":""0x270257""},{""@Name"":""TargetName"",""#text"":""OneDrive-INTCachedCredential*""},{""@Name"":""Type"",""#text"":""0""},{""@Name"":""CountOfCredentialsReturned"",""#text"":""0""},{""@Name"":""ReadOperation"",""#text"":""%%8100""},{""@Name"":""ReturnCode"",""#text"":""3221226021""},{""@Name"":""ProcessCreationTime"",""#text"":""2020-09-18 22:47:19.1170215""},{""@Name"":""ClientProcessId"",""#text"":""3672""}]}}"
1282,1282,2020-09-18 22:47:22.4136833,5379,LogAlways,Microsoft-Windows-Security-Auditing,Security,648,704,DESKTOP-SDN1RPT.C137.local,14,,Credential Manager credentials were read,mortysmith,,SID: S-1-5-21-2232410529-1445159330-2725690660-1108,Domain: C137,LogonID: 0x270257,CountOfCredentialsReturned: 0,,ActivityID: 9f37c062-8e04-0000-f2c0-379f048ed601,OneDrive Cached Credential,False,D:\Software\CTF\Misc\EvtxECmd\Security.evtx,Audit success,0,"{""EventData"":{""Data"":[{""@Name"":""SubjectUserSid"",""#text"":""S-1-5-21-2232410529-1445159330-2725690660-1108""},{""@Name"":""SubjectUserName"",""#text"":""mortysmith""},{""@Name"":""SubjectDomainName"",""#text"":""C137""},{""@Name"":""SubjectLogonId"",""#text"":""0x270257""},{""@Name"":""TargetName"",""#text"":""OneDrive Cached Credential""},{""@Name"":""Type"",""#text"":""0""},{""@Name"":""CountOfCredentialsReturned"",""#text"":""0""},{""@Name"":""ReadOperation"",""#text"":""%%8100""},{""@Name"":""ReturnCode"",""#text"":""3221226021""},{""@Name"":""ProcessCreationTime"",""#text"":""2020-09-18 22:47:21.9600240""},{""@Name"":""ClientProcessId"",""#text"":""6120""}]}}"
1283,1283,2020-09-18 22:47:23.0603406,5379,LogAlways,Microsoft-Windows-Security-Auditing,Security,648,704,DESKTOP-SDN1RPT.C137.local,14,,Credential Manager credentials were read,mortysmith,,SID: S-1-5-21-2232410529-1445159330-2725690660-1108,Domain: C137,LogonID: 0x270257,CountOfCredentialsReturned: 0,,ActivityID: 9f37c062-8e04-0000-f2c0-379f048ed601,MicrosoftOffice15_Data:orgid*,False,D:\Software\CTF\Misc\EvtxECmd\Security.evtx,Audit success,0,"{""EventData"":{""Data"":[{""@Name"":""SubjectUserSid"",""#text"":""S-1-5-21-2232410529-1445159330-2725690660-1108""},{""@Name"":""SubjectUserName"",""#text"":""mortysmith""},{""@Name"":""SubjectDomainName"",""#text"":""C137""},{""@Name"":""SubjectLogonId"",""#text"":""0x270257""},{""@Name"":""TargetName"",""#text"":""MicrosoftOffice15_Data:orgid*""},{""@Name"":""Type"",""#text"":""0""},{""@Name"":""CountOfCredentialsReturned"",""#text"":""0""},{""@Name"":""ReadOperation"",""#text"":""%%8100""},{""@Name"":""ReturnCode"",""#text"":""3221226021""},{""@Name"":""ProcessCreationTime"",""#text"":""2020-09-18 22:47:21.9600240""},{""@Name"":""ClientProcessId"",""#text"":""6120""}]}}"
1284,1284,2020-09-18 22:47:23.0609533,5379,LogAlways,Microsoft-Windows-Security-Auditing,Security,648,704,DESKTOP-SDN1RPT.C137.local,14,,Credential Manager credentials were read,mortysmith,,SID: S-1-5-21-2232410529-1445159330-2725690660-1108,Domain: C137,LogonID: 0x270257,CountOfCredentialsReturned: 0,,ActivityID: 9f37c062-8e04-0000-f2c0-379f048ed601,MicrosoftOffice*,False,D:\Software\CTF\Misc\EvtxECmd\Security.evtx,Audit success,0,"{""EventData"":{""Data"":[{""@Name"":""SubjectUserSid"",""#text"":""S-1-5-21-2232410529-1445159330-2725690660-1108""},{""@Name"":""SubjectUserName"",""#text"":""mortysmith""},{""@Name"":""SubjectDomainName"",""#text"":""C137""},{""@Name"":""SubjectLogonId"",""#text"":""0x270257""},{""@Name"":""TargetName"",""#text"":""MicrosoftOffice*""},{""@Name"":""Type"",""#text"":""0""},{""@Name"":""CountOfCredentialsReturned"",""#text"":""0""},{""@Name"":""ReadOperation"",""#text"":""%%8100""},{""@Name"":""ReturnCode"",""#text"":""3221226021""},{""@Name"":""ProcessCreationTime"",""#text"":""2020-09-18 22:47:21.9600240""},{""@Name"":""ClientProcessId"",""#text"":""6120""}]}}"
1285,1285,2020-09-18 22:47:39.3916312,4624,LogAlways,Microsoft-Windows-Security-Auditing,Security,648,688,DESKTOP-SDN1RPT.C137.local,14,,Successful logon,C137\DESKTOP-SDN1RPT$,- (-),Target: NT AUTHORITY\SYSTEM,LogonType 5,LogonId: 0x3E7,AuthenticationPackageName: Negotiate,"LogonProcessName: Advapi  ",,C:\Windows\System32\services.exe,False,D:\Software\CTF\Misc\EvtxECmd\Security.evtx,Audit success,0,"{""EventData"":{""Data"":[{""@Name"":""SubjectUserSid"",""#text"":""S-1-5-18""},{""@Name"":""SubjectUserName"",""#text"":""DESKTOP-SDN1RPT$""},{""@Name"":""SubjectDomainName"",""#text"":""C137""},{""@Name"":""SubjectLogonId"",""#text"":""0x3E7""},{""@Name"":""TargetUserSid"",""#text"":""S-1-5-18""},{""@Name"":""TargetUserName"",""#text"":""SYSTEM""},{""@Name"":""TargetDomainName"",""#text"":""NT AUTHORITY""},{""@Name"":""TargetLogonId"",""#text"":""0x3E7""},{""@Name"":""LogonType"",""#text"":""5""},{""@Name"":""LogonProcessName"",""#text"":""Advapi  ""},{""@Name"":""AuthenticationPackageName"",""#text"":""Negotiate""},{""@Name"":""WorkstationName"",""#text"":""-""},{""@Name"":""LogonGuid"",""#text"":""00000000-0000-0000-0000-000000000000""},{""@Name"":""TransmittedServices"",""#text"":""-""},{""@Name"":""LmPackageName"",""#text"":""-""},{""@Name"":""KeyLength"",""#text"":""0""},{""@Name"":""ProcessId"",""#text"":""0x280""},{""@Name"":""ProcessName"",""#text"":""C:\\Windows\\System32\\services.exe""},{""@Name"":""IpAddress"",""#text"":""-""},{""@Name"":""IpPort"",""#text"":""-""},{""@Name"":""ImpersonationLevel"",""#text"":""%%1833""},{""@Name"":""RestrictedAdminMode"",""#text"":""-""},{""@Name"":""TargetOutboundUserName"",""#text"":""-""},{""@Name"":""TargetOutboundDomainName"",""#text"":""-""},{""@Name"":""VirtualAccount"",""#text"":""%%1843""},{""@Name"":""TargetLinkedLogonId"",""#text"":""0x0""},{""@Name"":""ElevatedToken"",""#text"":""%%1842""}]}}"
1286,1286,2020-09-18 22:47:39.3916489,4672,LogAlways,Microsoft-Windows-Security-Auditing,Security,648,688,DESKTOP-SDN1RPT.C137.local,14,,Administrative logon,NT AUTHORITY\SYSTEM (S-1-5-18),,"PrivilegeList: SeAssignPrimaryTokenPrivilege, SeTcbPrivilege, SeSecurityPrivilege, SeTakeOwnershipPrivilege, SeLoadDriverPrivilege, SeBackupPrivilege, SeRestorePrivilege, SeDebugPrivilege, SeAuditPrivilege, SeSystemEnvironmentPrivilege, SeImpersonatePrivilege, SeDelegateSessionUserImpersonatePrivilege",LogonId: 0x3E7,,,,,,False,D:\Software\CTF\Misc\EvtxECmd\Security.evtx,Audit success,0,"{""EventData"":{""Data"":[{""@Name"":""SubjectUserSid"",""#text"":""S-1-5-18""},{""@Name"":""SubjectUserName"",""#text"":""SYSTEM""},{""@Name"":""SubjectDomainName"",""#text"":""NT AUTHORITY""},{""@Name"":""SubjectLogonId"",""#text"":""0x3E7""},{""@Name"":""PrivilegeList"",""#text"":""SeAssignPrimaryTokenPrivilege, SeTcbPrivilege, SeSecurityPrivilege, SeTakeOwnershipPrivilege, SeLoadDriverPrivilege, SeBackupPrivilege, SeRestorePrivilege, SeDebugPrivilege, SeAuditPrivilege, SeSystemEnvironmentPrivilege, SeImpersonatePrivilege, SeDelegateSessionUserImpersonatePrivilege""}]}}"
1287,1287,2020-09-18 22:47:39.9867511,5379,LogAlways,Microsoft-Windows-Security-Auditing,Security,648,688,DESKTOP-SDN1RPT.C137.local,14,,Credential Manager credentials were read,DESKTOP-SDN1RPT$,,SID: S-1-5-18,Domain: C137,LogonID: 0x3E7,CountOfCredentialsReturned: 0,,ActivityID: 9f37c062-8e04-0000-f2c0-379f048ed601,MicrosoftAccount:user=02mxskfvpzuazrtt,False,D:\Software\CTF\Misc\EvtxECmd\Security.evtx,Audit success,0,"{""EventData"":{""Data"":[{""@Name"":""SubjectUserSid"",""#text"":""S-1-5-18""},{""@Name"":""SubjectUserName"",""#text"":""DESKTOP-SDN1RPT$""},{""@Name"":""SubjectDomainName"",""#text"":""C137""},{""@Name"":""SubjectLogonId"",""#text"":""0x3E7""},{""@Name"":""TargetName"",""#text"":""MicrosoftAccount:user=02mxskfvpzuazrtt""},{""@Name"":""Type"",""#text"":""0""},{""@Name"":""CountOfCredentialsReturned"",""#text"":""0""},{""@Name"":""ReadOperation"",""#text"":""%%8100""},{""@Name"":""ReturnCode"",""#text"":""3221226021""},{""@Name"":""ProcessCreationTime"",""#text"":""2020-09-18 21:42:39.6472675""},{""@Name"":""ClientProcessId"",""#text"":""448""}]}}"
1288,1288,2020-09-18 22:47:39.9868491,5379,LogAlways,Microsoft-Windows-Security-Auditing,Security,648,688,DESKTOP-SDN1RPT.C137.local,14,,Credential Manager credentials were read,DESKTOP-SDN1RPT$,,SID: S-1-5-18,Domain: C137,LogonID: 0x3E7,CountOfCredentialsReturned: 0,,ActivityID: 9f37c062-8e04-0000-f2c0-379f048ed601,WindowsLive:(token):name=02mxskfvpzuazrtt;serviceuri=*,False,D:\Software\CTF\Misc\EvtxECmd\Security.evtx,Audit success,0,"{""EventData"":{""Data"":[{""@Name"":""SubjectUserSid"",""#text"":""S-1-5-18""},{""@Name"":""SubjectUserName"",""#text"":""DESKTOP-SDN1RPT$""},{""@Name"":""SubjectDomainName"",""#text"":""C137""},{""@Name"":""SubjectLogonId"",""#text"":""0x3E7""},{""@Name"":""TargetName"",""#text"":""WindowsLive:(token):name=02mxskfvpzuazrtt;serviceuri=*""},{""@Name"":""Type"",""#text"":""0""},{""@Name"":""CountOfCredentialsReturned"",""#text"":""0""},{""@Name"":""ReadOperation"",""#text"":""%%8100""},{""@Name"":""ReturnCode"",""#text"":""3221226021""},{""@Name"":""ProcessCreationTime"",""#text"":""2020-09-18 21:42:39.6472675""},{""@Name"":""ClientProcessId"",""#text"":""448""}]}}"
1289,1289,2020-09-18 22:47:39.9873982,5379,LogAlways,Microsoft-Windows-Security-Auditing,Security,648,688,DESKTOP-SDN1RPT.C137.local,14,,Credential Manager credentials were read,DESKTOP-SDN1RPT$,,SID: S-1-5-18,Domain: C137,LogonID: 0x3E7,CountOfCredentialsReturned: 0,,ActivityID: 9f37c062-8e04-0000-f2c0-379f048ed601,WindowsLive:(cert):name=02mxskfvpzuazrtt;serviceuri=*,False,D:\Software\CTF\Misc\EvtxECmd\Security.evtx,Audit success,0,"{""EventData"":{""Data"":[{""@Name"":""SubjectUserSid"",""#text"":""S-1-5-18""},{""@Name"":""SubjectUserName"",""#text"":""DESKTOP-SDN1RPT$""},{""@Name"":""SubjectDomainName"",""#text"":""C137""},{""@Name"":""SubjectLogonId"",""#text"":""0x3E7""},{""@Name"":""TargetName"",""#text"":""WindowsLive:(cert):name=02mxskfvpzuazrtt;serviceuri=*""},{""@Name"":""Type"",""#text"":""0""},{""@Name"":""CountOfCredentialsReturned"",""#text"":""0""},{""@Name"":""ReadOperation"",""#text"":""%%8100""},{""@Name"":""ReturnCode"",""#text"":""3221226021""},{""@Name"":""ProcessCreationTime"",""#text"":""2020-09-18 21:42:39.6472675""},{""@Name"":""ClientProcessId"",""#text"":""448""}]}}"
1290,1290,2020-09-18 22:47:40.2318787,5379,LogAlways,Microsoft-Windows-Security-Auditing,Security,648,688,DESKTOP-SDN1RPT.C137.local,14,,Credential Manager credentials were read,DESKTOP-SDN1RPT$,,SID: S-1-5-18,Domain: C137,LogonID: 0x3E7,CountOfCredentialsReturned: 0,,ActivityID: 9f37c062-8e04-0000-f2c0-379f048ed601,MicrosoftAccount:user=02mxskfvpzuazrtt,False,D:\Software\CTF\Misc\EvtxECmd\Security.evtx,Audit success,0,"{""EventData"":{""Data"":[{""@Name"":""SubjectUserSid"",""#text"":""S-1-5-18""},{""@Name"":""SubjectUserName"",""#text"":""DESKTOP-SDN1RPT$""},{""@Name"":""SubjectDomainName"",""#text"":""C137""},{""@Name"":""SubjectLogonId"",""#text"":""0x3E7""},{""@Name"":""TargetName"",""#text"":""MicrosoftAccount:user=02mxskfvpzuazrtt""},{""@Name"":""Type"",""#text"":""0""},{""@Name"":""CountOfCredentialsReturned"",""#text"":""0""},{""@Name"":""ReadOperation"",""#text"":""%%8100""},{""@Name"":""ReturnCode"",""#text"":""3221226021""},{""@Name"":""ProcessCreationTime"",""#text"":""2020-09-18 21:42:39.6472675""},{""@Name"":""ClientProcessId"",""#text"":""448""}]}}"
1291,1291,2020-09-18 22:47:40.2323585,5379,LogAlways,Microsoft-Windows-Security-Auditing,Security,648,688,DESKTOP-SDN1RPT.C137.local,14,,Credential Manager credentials were read,DESKTOP-SDN1RPT$,,SID: S-1-5-18,Domain: C137,LogonID: 0x3E7,CountOfCredentialsReturned: 0,,ActivityID: 9f37c062-8e04-0000-f2c0-379f048ed601,MicrosoftAccount:user=02mxskfvpzuazrtt,False,D:\Software\CTF\Misc\EvtxECmd\Security.evtx,Audit success,0,"{""EventData"":{""Data"":[{""@Name"":""SubjectUserSid"",""#text"":""S-1-5-18""},{""@Name"":""SubjectUserName"",""#text"":""DESKTOP-SDN1RPT$""},{""@Name"":""SubjectDomainName"",""#text"":""C137""},{""@Name"":""SubjectLogonId"",""#text"":""0x3E7""},{""@Name"":""TargetName"",""#text"":""MicrosoftAccount:user=02mxskfvpzuazrtt""},{""@Name"":""Type"",""#text"":""0""},{""@Name"":""CountOfCredentialsReturned"",""#text"":""0""},{""@Name"":""ReadOperation"",""#text"":""%%8100""},{""@Name"":""ReturnCode"",""#text"":""3221226021""},{""@Name"":""ProcessCreationTime"",""#text"":""2020-09-18 21:42:39.6472675""},{""@Name"":""ClientProcessId"",""#text"":""448""}]}}"
1292,1292,2020-09-18 22:47:40.2338469,5379,LogAlways,Microsoft-Windows-Security-Auditing,Security,648,688,DESKTOP-SDN1RPT.C137.local,14,,Credential Manager credentials were read,DESKTOP-SDN1RPT$,,SID: S-1-5-18,Domain: C137,LogonID: 0x3E7,CountOfCredentialsReturned: 0,,ActivityID: 9f37c062-8e04-0000-f2c0-379f048ed601,MicrosoftAccount:user=02mxskfvpzuazrtt,False,D:\Software\CTF\Misc\EvtxECmd\Security.evtx,Audit success,0,"{""EventData"":{""Data"":[{""@Name"":""SubjectUserSid"",""#text"":""S-1-5-18""},{""@Name"":""SubjectUserName"",""#text"":""DESKTOP-SDN1RPT$""},{""@Name"":""SubjectDomainName"",""#text"":""C137""},{""@Name"":""SubjectLogonId"",""#text"":""0x3E7""},{""@Name"":""TargetName"",""#text"":""MicrosoftAccount:user=02mxskfvpzuazrtt""},{""@Name"":""Type"",""#text"":""0""},{""@Name"":""CountOfCredentialsReturned"",""#text"":""0""},{""@Name"":""ReadOperation"",""#text"":""%%8100""},{""@Name"":""ReturnCode"",""#text"":""3221226021""},{""@Name"":""ProcessCreationTime"",""#text"":""2020-09-18 21:42:39.6472675""},{""@Name"":""ClientProcessId"",""#text"":""448""}]}}"
1293,1293,2020-09-18 22:47:40.2339433,5379,LogAlways,Microsoft-Windows-Security-Auditing,Security,648,688,DESKTOP-SDN1RPT.C137.local,14,,Credential Manager credentials were read,DESKTOP-SDN1RPT$,,SID: S-1-5-18,Domain: C137,LogonID: 0x3E7,CountOfCredentialsReturned: 0,,ActivityID: 9f37c062-8e04-0000-f2c0-379f048ed601,MicrosoftAccount:user=02mxskfvpzuazrtt,False,D:\Software\CTF\Misc\EvtxECmd\Security.evtx,Audit success,0,"{""EventData"":{""Data"":[{""@Name"":""SubjectUserSid"",""#text"":""S-1-5-18""},{""@Name"":""SubjectUserName"",""#text"":""DESKTOP-SDN1RPT$""},{""@Name"":""SubjectDomainName"",""#text"":""C137""},{""@Name"":""SubjectLogonId"",""#text"":""0x3E7""},{""@Name"":""TargetName"",""#text"":""MicrosoftAccount:user=02mxskfvpzuazrtt""},{""@Name"":""Type"",""#text"":""0""},{""@Name"":""CountOfCredentialsReturned"",""#text"":""0""},{""@Name"":""ReadOperation"",""#text"":""%%8100""},{""@Name"":""ReturnCode"",""#text"":""3221226021""},{""@Name"":""ProcessCreationTime"",""#text"":""2020-09-18 21:42:39.6472675""},{""@Name"":""ClientProcessId"",""#text"":""448""}]}}"
1294,1294,2020-09-18 22:47:48.0987466,5379,LogAlways,Microsoft-Windows-Security-Auditing,Security,648,688,DESKTOP-SDN1RPT.C137.local,14,,Credential Manager credentials were read,mortysmith,,SID: S-1-5-21-2232410529-1445159330-2725690660-1108,Domain: C137,LogonID: 0x270257,CountOfCredentialsReturned: 0,,ActivityID: 9f37c062-8e04-0000-f2c0-379f048ed601,OneDriveCachedCredential*,False,D:\Software\CTF\Misc\EvtxECmd\Security.evtx,Audit success,0,"{""EventData"":{""Data"":[{""@Name"":""SubjectUserSid"",""#text"":""S-1-5-21-2232410529-1445159330-2725690660-1108""},{""@Name"":""SubjectUserName"",""#text"":""mortysmith""},{""@Name"":""SubjectDomainName"",""#text"":""C137""},{""@Name"":""SubjectLogonId"",""#text"":""0x270257""},{""@Name"":""TargetName"",""#text"":""OneDriveCachedCredential*""},{""@Name"":""Type"",""#text"":""0""},{""@Name"":""CountOfCredentialsReturned"",""#text"":""0""},{""@Name"":""ReadOperation"",""#text"":""%%8100""},{""@Name"":""ReturnCode"",""#text"":""3221226021""},{""@Name"":""ProcessCreationTime"",""#text"":""2020-09-18 22:47:44.0155564""},{""@Name"":""ClientProcessId"",""#text"":""2644""}]}}"
1295,1295,2020-09-18 22:47:48.0989425,5379,LogAlways,Microsoft-Windows-Security-Auditing,Security,648,688,DESKTOP-SDN1RPT.C137.local,14,,Credential Manager credentials were read,mortysmith,,SID: S-1-5-21-2232410529-1445159330-2725690660-1108,Domain: C137,LogonID: 0x270257,CountOfCredentialsReturned: 0,,ActivityID: 9f37c062-8e04-0000-f2c0-379f048ed601,OneDrive-INTCachedCredential*,False,D:\Software\CTF\Misc\EvtxECmd\Security.evtx,Audit success,0,"{""EventData"":{""Data"":[{""@Name"":""SubjectUserSid"",""#text"":""S-1-5-21-2232410529-1445159330-2725690660-1108""},{""@Name"":""SubjectUserName"",""#text"":""mortysmith""},{""@Name"":""SubjectDomainName"",""#text"":""C137""},{""@Name"":""SubjectLogonId"",""#text"":""0x270257""},{""@Name"":""TargetName"",""#text"":""OneDrive-INTCachedCredential*""},{""@Name"":""Type"",""#text"":""0""},{""@Name"":""CountOfCredentialsReturned"",""#text"":""0""},{""@Name"":""ReadOperation"",""#text"":""%%8100""},{""@Name"":""ReturnCode"",""#text"":""3221226021""},{""@Name"":""ProcessCreationTime"",""#text"":""2020-09-18 22:47:44.0155564""},{""@Name"":""ClientProcessId"",""#text"":""2644""}]}}"
1296,1296,2020-09-18 22:47:48.2699144,5379,LogAlways,Microsoft-Windows-Security-Auditing,Security,648,688,DESKTOP-SDN1RPT.C137.local,14,,Credential Manager credentials were read,mortysmith,,SID: S-1-5-21-2232410529-1445159330-2725690660-1108,Domain: C137,LogonID: 0x270257,CountOfCredentialsReturned: 1,,ActivityID: 9f37c062-8e04-0000-f2c0-379f048ed601,SkyDrive Cached Credential,False,D:\Software\CTF\Misc\EvtxECmd\Security.evtx,Audit success,0,"{""EventData"":{""Data"":[{""@Name"":""SubjectUserSid"",""#text"":""S-1-5-21-2232410529-1445159330-2725690660-1108""},{""@Name"":""SubjectUserName"",""#text"":""mortysmith""},{""@Name"":""SubjectDomainName"",""#text"":""C137""},{""@Name"":""SubjectLogonId"",""#text"":""0x270257""},{""@Name"":""TargetName"",""#text"":""SkyDrive Cached Credential""},{""@Name"":""Type"",""#text"":""1""},{""@Name"":""CountOfCredentialsReturned"",""#text"":""1""},{""@Name"":""ReadOperation"",""#text"":""%%8099""},{""@Name"":""ReturnCode"",""#text"":""3221226021""},{""@Name"":""ProcessCreationTime"",""#text"":""2020-09-18 22:47:44.0155564""},{""@Name"":""ClientProcessId"",""#text"":""2644""}]}}"
1297,1297,2020-09-18 22:47:48.2700313,5379,LogAlways,Microsoft-Windows-Security-Auditing,Security,648,688,DESKTOP-SDN1RPT.C137.local,14,,Credential Manager credentials were read,mortysmith,,SID: S-1-5-21-2232410529-1445159330-2725690660-1108,Domain: C137,LogonID: 0x270257,CountOfCredentialsReturned: 1,,ActivityID: 9f37c062-8e04-0000-f2c0-379f048ed601,SkyDrive-INT Cached Credential,False,D:\Software\CTF\Misc\EvtxECmd\Security.evtx,Audit success,0,"{""EventData"":{""Data"":[{""@Name"":""SubjectUserSid"",""#text"":""S-1-5-21-2232410529-1445159330-2725690660-1108""},{""@Name"":""SubjectUserName"",""#text"":""mortysmith""},{""@Name"":""SubjectDomainName"",""#text"":""C137""},{""@Name"":""SubjectLogonId"",""#text"":""0x270257""},{""@Name"":""TargetName"",""#text"":""SkyDrive-INT Cached Credential""},{""@Name"":""Type"",""#text"":""1""},{""@Name"":""CountOfCredentialsReturned"",""#text"":""1""},{""@Name"":""ReadOperation"",""#text"":""%%8099""},{""@Name"":""ReturnCode"",""#text"":""3221226021""},{""@Name"":""ProcessCreationTime"",""#text"":""2020-09-18 22:47:44.0155564""},{""@Name"":""ClientProcessId"",""#text"":""2644""}]}}"
1298,1298,2020-09-18 22:47:48.3830331,5379,LogAlways,Microsoft-Windows-Security-Auditing,Security,648,688,DESKTOP-SDN1RPT.C137.local,14,,Credential Manager credentials were read,mortysmith,,SID: S-1-5-21-2232410529-1445159330-2725690660-1108,Domain: C137,LogonID: 0x270257,CountOfCredentialsReturned: 0,,ActivityID: 9f37c062-8e04-0000-f2c0-379f048ed601,OneDriveCachedCredential*,False,D:\Software\CTF\Misc\EvtxECmd\Security.evtx,Audit success,0,"{""EventData"":{""Data"":[{""@Name"":""SubjectUserSid"",""#text"":""S-1-5-21-2232410529-1445159330-2725690660-1108""},{""@Name"":""SubjectUserName"",""#text"":""mortysmith""},{""@Name"":""SubjectDomainName"",""#text"":""C137""},{""@Name"":""SubjectLogonId"",""#text"":""0x270257""},{""@Name"":""TargetName"",""#text"":""OneDriveCachedCredential*""},{""@Name"":""Type"",""#text"":""0""},{""@Name"":""CountOfCredentialsReturned"",""#text"":""0""},{""@Name"":""ReadOperation"",""#text"":""%%8100""},{""@Name"":""ReturnCode"",""#text"":""3221226021""},{""@Name"":""ProcessCreationTime"",""#text"":""2020-09-18 22:47:44.0155564""},{""@Name"":""ClientProcessId"",""#text"":""2644""}]}}"
1299,1299,2020-09-18 22:47:48.3831656,5379,LogAlways,Microsoft-Windows-Security-Auditing,Security,648,688,DESKTOP-SDN1RPT.C137.local,14,,Credential Manager credentials were read,mortysmith,,SID: S-1-5-21-2232410529-1445159330-2725690660-1108,Domain: C137,LogonID: 0x270257,CountOfCredentialsReturned: 0,,ActivityID: 9f37c062-8e04-0000-f2c0-379f048ed601,OneDrive-INTCachedCredential*,False,D:\Software\CTF\Misc\EvtxECmd\Security.evtx,Audit success,0,"{""EventData"":{""Data"":[{""@Name"":""SubjectUserSid"",""#text"":""S-1-5-21-2232410529-1445159330-2725690660-1108""},{""@Name"":""SubjectUserName"",""#text"":""mortysmith""},{""@Name"":""SubjectDomainName"",""#text"":""C137""},{""@Name"":""SubjectLogonId"",""#text"":""0x270257""},{""@Name"":""TargetName"",""#text"":""OneDrive-INTCachedCredential*""},{""@Name"":""Type"",""#text"":""0""},{""@Name"":""CountOfCredentialsReturned"",""#text"":""0""},{""@Name"":""ReadOperation"",""#text"":""%%8100""},{""@Name"":""ReturnCode"",""#text"":""3221226021""},{""@Name"":""ProcessCreationTime"",""#text"":""2020-09-18 22:47:44.0155564""},{""@Name"":""ClientProcessId"",""#text"":""2644""}]}}"
1300,1300,2020-09-18 22:47:49.4385234,5379,LogAlways,Microsoft-Windows-Security-Auditing,Security,648,688,DESKTOP-SDN1RPT.C137.local,14,,Credential Manager credentials were read,mortysmith,,SID: S-1-5-21-2232410529-1445159330-2725690660-1108,Domain: C137,LogonID: 0x270257,CountOfCredentialsReturned: 0,,ActivityID: 9f37c062-8e04-0000-f2c0-379f048ed601,OneDrive Cached Credential,False,D:\Software\CTF\Misc\EvtxECmd\Security.evtx,Audit success,0,"{""EventData"":{""Data"":[{""@Name"":""SubjectUserSid"",""#text"":""S-1-5-21-2232410529-1445159330-2725690660-1108""},{""@Name"":""SubjectUserName"",""#text"":""mortysmith""},{""@Name"":""SubjectDomainName"",""#text"":""C137""},{""@Name"":""SubjectLogonId"",""#text"":""0x270257""},{""@Name"":""TargetName"",""#text"":""OneDrive Cached Credential""},{""@Name"":""Type"",""#text"":""0""},{""@Name"":""CountOfCredentialsReturned"",""#text"":""0""},{""@Name"":""ReadOperation"",""#text"":""%%8100""},{""@Name"":""ReturnCode"",""#text"":""3221226021""},{""@Name"":""ProcessCreationTime"",""#text"":""2020-09-18 22:47:48.9760490""},{""@Name"":""ClientProcessId"",""#text"":""6828""}]}}"
