1514,1514,2020-09-18 23:00:16.1395442,5382,LogAlways,Microsoft-Windows-Security-Auditing,Security,652,696,DESKTOP-SDN1RPT.C137.local,17,,,,,,,,,,,,False,D:\Software\CTF\Misc\EvtxECmd\Security.evtx,Audit success,0,"{""EventData"":{""Data"":[{""@Name"":""SubjectUserSid"",""#text"":""S-1-5-18""},{""@Name"":""SubjectUserName"",""#text"":""DESKTOP-SDN1RPT$""},{""@Name"":""SubjectDomainName"",""#text"":""C137""},{""@Name"":""SubjectLogonId"",""#text"":""0x3E7""},{""@Name"":""SchemaFriendlyName"",""#text"":""NGC Local Accoount Logon Vault Resource Schema""},{""@Name"":""Schema"",""#text"":""1d4350a3-330d-4af9-b3ff-a927a45998ac""},{""@Name"":""Resource"",""#text"":""NGC Local Accoount Logon Vault Resource""},{""@Name"":""Identity"",""#text"":""010500000000000515000000A1E10F85A261235624BD76A254040000""},{""@Name"":""PackageSid""},{""@Name"":""Flags"",""#text"":""0""},{""@Name"":""ReturnCode"",""#text"":""1168""},{""@Name"":""ProcessCreationTime"",""#text"":""2020-09-18 22:59:36.8341916""},{""@Name"":""ClientProcessId"",""#text"":""1104""}]}}"
1515,1515,2020-09-18 23:00:18.6690932,5058,LogAlways,Microsoft-Windows-Security-Auditing,Security,652,744,DESKTOP-SDN1RPT.C137.local,17,,,,,,,,,,,,False,D:\Software\CTF\Misc\EvtxECmd\Security.evtx,Audit success,0,"{""EventData"":{""Data"":[{""@Name"":""SubjectUserSid"",""#text"":""S-1-5-21-2232410529-1445159330-2725690660-1108""},{""@Name"":""SubjectUserName"",""#text"":""mortysmith""},{""@Name"":""SubjectDomainName"",""#text"":""C137""},{""@Name"":""SubjectLogonId"",""#text"":""0x5F667""},{""@Name"":""ClientProcessId"",""#text"":""5480""},{""@Name"":""ClientCreationTime"",""#text"":""2020-09-18 23:00:03.9735960""},{""@Name"":""ProviderName"",""#text"":""Microsoft Software Key Storage Provider""},{""@Name"":""AlgorithmName"",""#text"":""UNKNOWN""},{""@Name"":""KeyName"",""#text"":""TB_2_msn.com""},{""@Name"":""KeyType"",""#text"":""%%2500""},{""@Name"":""KeyFilePath""},{""@Name"":""Operation"",""#text"":""%%2458""},{""@Name"":""ReturnCode"",""#text"":""0x0""}]}}"
1516,1516,2020-09-18 23:00:18.7409894,5061,LogAlways,Microsoft-Windows-Security-Auditing,Security,652,744,DESKTOP-SDN1RPT.C137.local,17,,,,,,,,,,,,False,D:\Software\CTF\Misc\EvtxECmd\Security.evtx,Audit success,0,"{""EventData"":{""Data"":[{""@Name"":""SubjectUserSid"",""#text"":""S-1-5-21-2232410529-1445159330-2725690660-1108""},{""@Name"":""SubjectUserName"",""#text"":""mortysmith""},{""@Name"":""SubjectDomainName"",""#text"":""C137""},{""@Name"":""SubjectLogonId"",""#text"":""0x5F667""},{""@Name"":""ProviderName"",""#text"":""Microsoft Software Key Storage Provider""},{""@Name"":""AlgorithmName"",""#text"":""ECDSA_P256""},{""@Name"":""KeyName"",""#text"":""TB_2_msn.com""},{""@Name"":""KeyType"",""#text"":""%%2500""},{""@Name"":""Operation"",""#text"":""%%2480""},{""@Name"":""ReturnCode"",""#text"":""0x0""}]}}"
1517,1517,2020-09-18 23:00:18.7412630,5059,LogAlways,Microsoft-Windows-Security-Auditing,Security,652,744,DESKTOP-SDN1RPT.C137.local,17,,,,,,,,,,,,False,D:\Software\CTF\Misc\EvtxECmd\Security.evtx,Audit success,0,"{""EventData"":{""Data"":[{""@Name"":""SubjectUserSid"",""#text"":""S-1-5-21-2232410529-1445159330-2725690660-1108""},{""@Name"":""SubjectUserName"",""#text"":""mortysmith""},{""@Name"":""SubjectDomainName"",""#text"":""C137""},{""@Name"":""SubjectLogonId"",""#text"":""0x5F667""},{""@Name"":""ClientProcessId"",""#text"":""5480""},{""@Name"":""ClientCreationTime"",""#text"":""2020-09-18 23:00:03.9735960""},{""@Name"":""ProviderName"",""#text"":""Microsoft Software Key Storage Provider""},{""@Name"":""AlgorithmName"",""#text"":""ECDSA_P256""},{""@Name"":""KeyName"",""#text"":""TB_2_msn.com""},{""@Name"":""KeyType"",""#text"":""%%2500""},{""@Name"":""Operation"",""#text"":""%%2464""},{""@Name"":""ReturnCode"",""#text"":""0x0""}]}}"
1518,1518,2020-09-18 23:00:18.7453448,5058,LogAlways,Microsoft-Windows-Security-Auditing,Security,652,740,DESKTOP-SDN1RPT.C137.local,17,,,,,,,,,,,,False,D:\Software\CTF\Misc\EvtxECmd\Security.evtx,Audit success,0,"{""EventData"":{""Data"":[{""@Name"":""SubjectUserSid"",""#text"":""S-1-5-21-2232410529-1445159330-2725690660-1108""},{""@Name"":""SubjectUserName"",""#text"":""mortysmith""},{""@Name"":""SubjectDomainName"",""#text"":""C137""},{""@Name"":""SubjectLogonId"",""#text"":""0x5F667""},{""@Name"":""ClientProcessId"",""#text"":""5480""},{""@Name"":""ClientCreationTime"",""#text"":""2020-09-18 23:00:03.9735960""},{""@Name"":""ProviderName"",""#text"":""Microsoft Software Key Storage Provider""},{""@Name"":""AlgorithmName"",""#text"":""UNKNOWN""},{""@Name"":""KeyName"",""#text"":""TB_2_msn.com""},{""@Name"":""KeyType"",""#text"":""%%2500""},{""@Name"":""KeyFilePath""},{""@Name"":""Operation"",""#text"":""%%2458""},{""@Name"":""ReturnCode"",""#text"":""0x0""}]}}"
1519,1519,2020-09-18 23:00:18.7461371,5061,LogAlways,Microsoft-Windows-Security-Auditing,Security,652,740,DESKTOP-SDN1RPT.C137.local,17,,,,,,,,,,,,False,D:\Software\CTF\Misc\EvtxECmd\Security.evtx,Audit success,0,"{""EventData"":{""Data"":[{""@Name"":""SubjectUserSid"",""#text"":""S-1-5-21-2232410529-1445159330-2725690660-1108""},{""@Name"":""SubjectUserName"",""#text"":""mortysmith""},{""@Name"":""SubjectDomainName"",""#text"":""C137""},{""@Name"":""SubjectLogonId"",""#text"":""0x5F667""},{""@Name"":""ProviderName"",""#text"":""Microsoft Software Key Storage Provider""},{""@Name"":""AlgorithmName"",""#text"":""ECDSA_P256""},{""@Name"":""KeyName"",""#text"":""TB_2_msn.com""},{""@Name"":""KeyType"",""#text"":""%%2500""},{""@Name"":""Operation"",""#text"":""%%2480""},{""@Name"":""ReturnCode"",""#text"":""0x0""}]}}"
1520,1520,2020-09-18 23:00:18.7594898,5059,LogAlways,Microsoft-Windows-Security-Auditing,Security,652,740,DESKTOP-SDN1RPT.C137.local,17,,,,,,,,,,,,False,D:\Software\CTF\Misc\EvtxECmd\Security.evtx,Audit success,0,"{""EventData"":{""Data"":[{""@Name"":""SubjectUserSid"",""#text"":""S-1-5-21-2232410529-1445159330-2725690660-1108""},{""@Name"":""SubjectUserName"",""#text"":""mortysmith""},{""@Name"":""SubjectDomainName"",""#text"":""C137""},{""@Name"":""SubjectLogonId"",""#text"":""0x5F667""},{""@Name"":""ClientProcessId"",""#text"":""5480""},{""@Name"":""ClientCreationTime"",""#text"":""2020-09-18 23:00:03.9735960""},{""@Name"":""ProviderName"",""#text"":""Microsoft Software Key Storage Provider""},{""@Name"":""AlgorithmName"",""#text"":""ECDSA_P256""},{""@Name"":""KeyName"",""#text"":""TB_2_msn.com""},{""@Name"":""KeyType"",""#text"":""%%2500""},{""@Name"":""Operation"",""#text"":""%%2464""},{""@Name"":""ReturnCode"",""#text"":""0x0""}]}}"
1521,1521,2020-09-18 23:00:21.1003573,5379,LogAlways,Microsoft-Windows-Security-Auditing,Security,652,744,DESKTOP-SDN1RPT.C137.local,17,,Credential Manager credentials were read,mortysmith,,SID: S-1-5-21-2232410529-1445159330-2725690660-1108,Domain: C137,LogonID: 0x5F667,CountOfCredentialsReturned: 0,,ActivityID: 5f3c87b3-8e0f-0000-0888-3c5f0f8ed601,OneDrive Cached Credential,False,D:\Software\CTF\Misc\EvtxECmd\Security.evtx,Audit success,0,"{""EventData"":{""Data"":[{""@Name"":""SubjectUserSid"",""#text"":""S-1-5-21-2232410529-1445159330-2725690660-1108""},{""@Name"":""SubjectUserName"",""#text"":""mortysmith""},{""@Name"":""SubjectDomainName"",""#text"":""C137""},{""@Name"":""SubjectLogonId"",""#text"":""0x5F667""},{""@Name"":""TargetName"",""#text"":""OneDrive Cached Credential""},{""@Name"":""Type"",""#text"":""0""},{""@Name"":""CountOfCredentialsReturned"",""#text"":""0""},{""@Name"":""ReadOperation"",""#text"":""%%8100""},{""@Name"":""ReturnCode"",""#text"":""3221226021""},{""@Name"":""ProcessCreationTime"",""#text"":""2020-09-18 23:00:20.0710113""},{""@Name"":""ClientProcessId"",""#text"":""7164""}]}}"
1522,1522,2020-09-18 23:00:21.7803991,5379,LogAlways,Microsoft-Windows-Security-Auditing,Security,652,744,DESKTOP-SDN1RPT.C137.local,17,,Credential Manager credentials were read,mortysmith,,SID: S-1-5-21-2232410529-1445159330-2725690660-1108,Domain: C137,LogonID: 0x5F667,CountOfCredentialsReturned: 0,,ActivityID: 5f3c87b3-8e0f-0000-0888-3c5f0f8ed601,OneDrive Cached Credential*,False,D:\Software\CTF\Misc\EvtxECmd\Security.evtx,Audit success,0,"{""EventData"":{""Data"":[{""@Name"":""SubjectUserSid"",""#text"":""S-1-5-21-2232410529-1445159330-2725690660-1108""},{""@Name"":""SubjectUserName"",""#text"":""mortysmith""},{""@Name"":""SubjectDomainName"",""#text"":""C137""},{""@Name"":""SubjectLogonId"",""#text"":""0x5F667""},{""@Name"":""TargetName"",""#text"":""OneDrive Cached Credential*""},{""@Name"":""Type"",""#text"":""0""},{""@Name"":""CountOfCredentialsReturned"",""#text"":""0""},{""@Name"":""ReadOperation"",""#text"":""%%8100""},{""@Name"":""ReturnCode"",""#text"":""3221226021""},{""@Name"":""ProcessCreationTime"",""#text"":""2020-09-18 23:00:20.0710113""},{""@Name"":""ClientProcessId"",""#text"":""7164""}]}}"
1523,1523,2020-09-18 23:00:22.0378597,5379,LogAlways,Microsoft-Windows-Security-Auditing,Security,652,744,DESKTOP-SDN1RPT.C137.local,17,,Credential Manager credentials were read,DESKTOP-SDN1RPT$,,SID: S-1-5-18,Domain: C137,LogonID: 0x3E7,CountOfCredentialsReturned: 0,,ActivityID: 5f3c87b3-8e0f-0000-0888-3c5f0f8ed601,WindowsLive:(token):name=02mxskfvpzuazrtt;serviceuri=*,False,D:\Software\CTF\Misc\EvtxECmd\Security.evtx,Audit success,0,"{""EventData"":{""Data"":[{""@Name"":""SubjectUserSid"",""#text"":""S-1-5-18""},{""@Name"":""SubjectUserName"",""#text"":""DESKTOP-SDN1RPT$""},{""@Name"":""SubjectDomainName"",""#text"":""C137""},{""@Name"":""SubjectLogonId"",""#text"":""0x3E7""},{""@Name"":""TargetName"",""#text"":""WindowsLive:(token):name=02mxskfvpzuazrtt;serviceuri=*""},{""@Name"":""Type"",""#text"":""0""},{""@Name"":""CountOfCredentialsReturned"",""#text"":""0""},{""@Name"":""ReadOperation"",""#text"":""%%8100""},{""@Name"":""ReturnCode"",""#text"":""3221226021""},{""@Name"":""ProcessCreationTime"",""#text"":""2020-09-18 22:59:36.7573276""},{""@Name"":""ClientProcessId"",""#text"":""364""}]}}"
1524,1524,2020-09-18 23:00:22.0381756,5379,LogAlways,Microsoft-Windows-Security-Auditing,Security,652,744,DESKTOP-SDN1RPT.C137.local,17,,Credential Manager credentials were read,DESKTOP-SDN1RPT$,,SID: S-1-5-18,Domain: C137,LogonID: 0x3E7,CountOfCredentialsReturned: 0,,ActivityID: 5f3c87b3-8e0f-0000-0888-3c5f0f8ed601,WindowsLive:(cert):name=02mxskfvpzuazrtt;serviceuri=*,False,D:\Software\CTF\Misc\EvtxECmd\Security.evtx,Audit success,0,"{""EventData"":{""Data"":[{""@Name"":""SubjectUserSid"",""#text"":""S-1-5-18""},{""@Name"":""SubjectUserName"",""#text"":""DESKTOP-SDN1RPT$""},{""@Name"":""SubjectDomainName"",""#text"":""C137""},{""@Name"":""SubjectLogonId"",""#text"":""0x3E7""},{""@Name"":""TargetName"",""#text"":""WindowsLive:(cert):name=02mxskfvpzuazrtt;serviceuri=*""},{""@Name"":""Type"",""#text"":""0""},{""@Name"":""CountOfCredentialsReturned"",""#text"":""0""},{""@Name"":""ReadOperation"",""#text"":""%%8100""},{""@Name"":""ReturnCode"",""#text"":""3221226021""},{""@Name"":""ProcessCreationTime"",""#text"":""2020-09-18 22:59:36.7573276""},{""@Name"":""ClientProcessId"",""#text"":""364""}]}}"
1525,1525,2020-09-18 23:00:22.0382758,5379,LogAlways,Microsoft-Windows-Security-Auditing,Security,652,744,DESKTOP-SDN1RPT.C137.local,17,,Credential Manager credentials were read,DESKTOP-SDN1RPT$,,SID: S-1-5-18,Domain: C137,LogonID: 0x3E7,CountOfCredentialsReturned: 1,,ActivityID: 5f3c87b3-8e0f-0000-0888-3c5f0f8ed601,WindowsLive:target=virtualapp/didlogical,False,D:\Software\CTF\Misc\EvtxECmd\Security.evtx,Audit success,0,"{""EventData"":{""Data"":[{""@Name"":""SubjectUserSid"",""#text"":""S-1-5-18""},{""@Name"":""SubjectUserName"",""#text"":""DESKTOP-SDN1RPT$""},{""@Name"":""SubjectDomainName"",""#text"":""C137""},{""@Name"":""SubjectLogonId"",""#text"":""0x3E7""},{""@Name"":""TargetName"",""#text"":""WindowsLive:target=virtualapp/didlogical""},{""@Name"":""Type"",""#text"":""0""},{""@Name"":""CountOfCredentialsReturned"",""#text"":""1""},{""@Name"":""ReadOperation"",""#text"":""%%8100""},{""@Name"":""ReturnCode"",""#text"":""0""},{""@Name"":""ProcessCreationTime"",""#text"":""2020-09-18 22:59:36.7573276""},{""@Name"":""ClientProcessId"",""#text"":""364""}]}}"
1526,1526,2020-09-18 23:00:22.0404673,5379,LogAlways,Microsoft-Windows-Security-Auditing,Security,652,744,DESKTOP-SDN1RPT.C137.local,17,,Credential Manager credentials were read,mortysmith,,SID: S-1-5-21-2232410529-1445159330-2725690660-1108,Domain: C137,LogonID: 0x5F667,CountOfCredentialsReturned: 0,,ActivityID: 5f3c87b3-8e0f-0000-0888-3c5f0f8ed601,WindowsLive:(token):name=02arqgsppvqiycls;serviceuri=*,False,D:\Software\CTF\Misc\EvtxECmd\Security.evtx,Audit success,0,"{""EventData"":{""Data"":[{""@Name"":""SubjectUserSid"",""#text"":""S-1-5-21-2232410529-1445159330-2725690660-1108""},{""@Name"":""SubjectUserName"",""#text"":""mortysmith""},{""@Name"":""SubjectDomainName"",""#text"":""C137""},{""@Name"":""SubjectLogonId"",""#text"":""0x5F667""},{""@Name"":""TargetName"",""#text"":""WindowsLive:(token):name=02arqgsppvqiycls;serviceuri=*""},{""@Name"":""Type"",""#text"":""0""},{""@Name"":""CountOfCredentialsReturned"",""#text"":""0""},{""@Name"":""ReadOperation"",""#text"":""%%8100""},{""@Name"":""ReturnCode"",""#text"":""3221226021""},{""@Name"":""ProcessCreationTime"",""#text"":""2020-09-18 22:59:36.7573276""},{""@Name"":""ClientProcessId"",""#text"":""364""}]}}"
1527,1527,2020-09-18 23:00:22.0407355,5379,LogAlways,Microsoft-Windows-Security-Auditing,Security,652,744,DESKTOP-SDN1RPT.C137.local,17,,Credential Manager credentials were read,mortysmith,,SID: S-1-5-21-2232410529-1445159330-2725690660-1108,Domain: C137,LogonID: 0x5F667,CountOfCredentialsReturned: 0,,ActivityID: 5f3c87b3-8e0f-0000-0888-3c5f0f8ed601,WindowsLive:(cert):name=02arqgsppvqiycls;serviceuri=*,False,D:\Software\CTF\Misc\EvtxECmd\Security.evtx,Audit success,0,"{""EventData"":{""Data"":[{""@Name"":""SubjectUserSid"",""#text"":""S-1-5-21-2232410529-1445159330-2725690660-1108""},{""@Name"":""SubjectUserName"",""#text"":""mortysmith""},{""@Name"":""SubjectDomainName"",""#text"":""C137""},{""@Name"":""SubjectLogonId"",""#text"":""0x5F667""},{""@Name"":""TargetName"",""#text"":""WindowsLive:(cert):name=02arqgsppvqiycls;serviceuri=*""},{""@Name"":""Type"",""#text"":""0""},{""@Name"":""CountOfCredentialsReturned"",""#text"":""0""},{""@Name"":""ReadOperation"",""#text"":""%%8100""},{""@Name"":""ReturnCode"",""#text"":""3221226021""},{""@Name"":""ProcessCreationTime"",""#text"":""2020-09-18 22:59:36.7573276""},{""@Name"":""ClientProcessId"",""#text"":""364""}]}}"
1528,1528,2020-09-18 23:00:22.0408372,5379,LogAlways,Microsoft-Windows-Security-Auditing,Security,652,744,DESKTOP-SDN1RPT.C137.local,17,,Credential Manager credentials were read,mortysmith,,SID: S-1-5-21-2232410529-1445159330-2725690660-1108,Domain: C137,LogonID: 0x5F667,CountOfCredentialsReturned: 1,,ActivityID: 5f3c87b3-8e0f-0000-0888-3c5f0f8ed601,WindowsLive:target=virtualapp/didlogical,False,D:\Software\CTF\Misc\EvtxECmd\Security.evtx,Audit success,0,"{""EventData"":{""Data"":[{""@Name"":""SubjectUserSid"",""#text"":""S-1-5-21-2232410529-1445159330-2725690660-1108""},{""@Name"":""SubjectUserName"",""#text"":""mortysmith""},{""@Name"":""SubjectDomainName"",""#text"":""C137""},{""@Name"":""SubjectLogonId"",""#text"":""0x5F667""},{""@Name"":""TargetName"",""#text"":""WindowsLive:target=virtualapp/didlogical""},{""@Name"":""Type"",""#text"":""0""},{""@Name"":""CountOfCredentialsReturned"",""#text"":""1""},{""@Name"":""ReadOperation"",""#text"":""%%8100""},{""@Name"":""ReturnCode"",""#text"":""0""},{""@Name"":""ProcessCreationTime"",""#text"":""2020-09-18 22:59:36.7573276""},{""@Name"":""ClientProcessId"",""#text"":""364""}]}}"
1529,1529,2020-09-18 23:00:22.4441338,5379,LogAlways,Microsoft-Windows-Security-Auditing,Security,652,744,DESKTOP-SDN1RPT.C137.local,17,,Credential Manager credentials were read,mortysmith,,SID: S-1-5-21-2232410529-1445159330-2725690660-1108,Domain: C137,LogonID: 0x5F667,CountOfCredentialsReturned: 0,,ActivityID: 5f3c87b3-8e0f-0000-0888-3c5f0f8ed601,OneDrive Cached Credential,False,D:\Software\CTF\Misc\EvtxECmd\Security.evtx,Audit success,0,"{""EventData"":{""Data"":[{""@Name"":""SubjectUserSid"",""#text"":""S-1-5-21-2232410529-1445159330-2725690660-1108""},{""@Name"":""SubjectUserName"",""#text"":""mortysmith""},{""@Name"":""SubjectDomainName"",""#text"":""C137""},{""@Name"":""SubjectLogonId"",""#text"":""0x5F667""},{""@Name"":""TargetName"",""#text"":""OneDrive Cached Credential""},{""@Name"":""Type"",""#text"":""0""},{""@Name"":""CountOfCredentialsReturned"",""#text"":""0""},{""@Name"":""ReadOperation"",""#text"":""%%8100""},{""@Name"":""ReturnCode"",""#text"":""3221226021""},{""@Name"":""ProcessCreationTime"",""#text"":""2020-09-18 23:00:20.0710113""},{""@Name"":""ClientProcessId"",""#text"":""7164""}]}}"
1530,1530,2020-09-18 23:00:24.0077944,5379,LogAlways,Microsoft-Windows-Security-Auditing,Security,652,744,DESKTOP-SDN1RPT.C137.local,17,,Credential Manager credentials were read,mortysmith,,SID: S-1-5-21-2232410529-1445159330-2725690660-1108,Domain: C137,LogonID: 0x5F667,CountOfCredentialsReturned: 0,,ActivityID: 5f3c87b3-8e0f-0000-0888-3c5f0f8ed601,MicrosoftOffice*,False,D:\Software\CTF\Misc\EvtxECmd\Security.evtx,Audit success,0,"{""EventData"":{""Data"":[{""@Name"":""SubjectUserSid"",""#text"":""S-1-5-21-2232410529-1445159330-2725690660-1108""},{""@Name"":""SubjectUserName"",""#text"":""mortysmith""},{""@Name"":""SubjectDomainName"",""#text"":""C137""},{""@Name"":""SubjectLogonId"",""#text"":""0x5F667""},{""@Name"":""TargetName"",""#text"":""MicrosoftOffice*""},{""@Name"":""Type"",""#text"":""0""},{""@Name"":""CountOfCredentialsReturned"",""#text"":""0""},{""@Name"":""ReadOperation"",""#text"":""%%8100""},{""@Name"":""ReturnCode"",""#text"":""3221226021""},{""@Name"":""ProcessCreationTime"",""#text"":""2020-09-18 23:00:20.0710113""},{""@Name"":""ClientProcessId"",""#text"":""7164""}]}}"
1531,1531,2020-09-18 23:00:25.7783647,5058,LogAlways,Microsoft-Windows-Security-Auditing,Security,652,744,DESKTOP-SDN1RPT.C137.local,17,,,,,,,,,,,,False,D:\Software\CTF\Misc\EvtxECmd\Security.evtx,Audit success,0,"{""EventData"":{""Data"":[{""@Name"":""SubjectUserSid"",""#text"":""S-1-5-21-2232410529-1445159330-2725690660-1108""},{""@Name"":""SubjectUserName"",""#text"":""mortysmith""},{""@Name"":""SubjectDomainName"",""#text"":""C137""},{""@Name"":""SubjectLogonId"",""#text"":""0x5F667""},{""@Name"":""ClientProcessId"",""#text"":""7404""},{""@Name"":""ClientCreationTime"",""#text"":""2020-09-18 23:00:25.4586829""},{""@Name"":""ProviderName"",""#text"":""Microsoft Software Key Storage Provider""},{""@Name"":""AlgorithmName"",""#text"":""UNKNOWN""},{""@Name"":""KeyName"",""#text"":""TB_2_msn.com""},{""@Name"":""KeyType"",""#text"":""%%2500""},{""@Name"":""KeyFilePath""},{""@Name"":""Operation"",""#text"":""%%2458""},{""@Name"":""ReturnCode"",""#text"":""0x0""}]}}"
1532,1532,2020-09-18 23:00:25.7786449,5061,LogAlways,Microsoft-Windows-Security-Auditing,Security,652,744,DESKTOP-SDN1RPT.C137.local,17,,,,,,,,,,,,False,D:\Software\CTF\Misc\EvtxECmd\Security.evtx,Audit success,0,"{""EventData"":{""Data"":[{""@Name"":""SubjectUserSid"",""#text"":""S-1-5-21-2232410529-1445159330-2725690660-1108""},{""@Name"":""SubjectUserName"",""#text"":""mortysmith""},{""@Name"":""SubjectDomainName"",""#text"":""C137""},{""@Name"":""SubjectLogonId"",""#text"":""0x5F667""},{""@Name"":""ProviderName"",""#text"":""Microsoft Software Key Storage Provider""},{""@Name"":""AlgorithmName"",""#text"":""ECDSA_P256""},{""@Name"":""KeyName"",""#text"":""TB_2_msn.com""},{""@Name"":""KeyType"",""#text"":""%%2500""},{""@Name"":""Operation"",""#text"":""%%2480""},{""@Name"":""ReturnCode"",""#text"":""0x0""}]}}"
1533,1533,2020-09-18 23:00:25.7791457,5059,LogAlways,Microsoft-Windows-Security-Auditing,Security,652,744,DESKTOP-SDN1RPT.C137.local,17,,,,,,,,,,,,False,D:\Software\CTF\Misc\EvtxECmd\Security.evtx,Audit success,0,"{""EventData"":{""Data"":[{""@Name"":""SubjectUserSid"",""#text"":""S-1-5-21-2232410529-1445159330-2725690660-1108""},{""@Name"":""SubjectUserName"",""#text"":""mortysmith""},{""@Name"":""SubjectDomainName"",""#text"":""C137""},{""@Name"":""SubjectLogonId"",""#text"":""0x5F667""},{""@Name"":""ClientProcessId"",""#text"":""7404""},{""@Name"":""ClientCreationTime"",""#text"":""2020-09-18 23:00:25.4586829""},{""@Name"":""ProviderName"",""#text"":""Microsoft Software Key Storage Provider""},{""@Name"":""AlgorithmName"",""#text"":""ECDSA_P256""},{""@Name"":""KeyName"",""#text"":""TB_2_msn.com""},{""@Name"":""KeyType"",""#text"":""%%2500""},{""@Name"":""Operation"",""#text"":""%%2464""},{""@Name"":""ReturnCode"",""#text"":""0x0""}]}}"
1534,1534,2020-09-18 23:00:25.7805479,5058,LogAlways,Microsoft-Windows-Security-Auditing,Security,652,708,DESKTOP-SDN1RPT.C137.local,17,,,,,,,,,,,,False,D:\Software\CTF\Misc\EvtxECmd\Security.evtx,Audit success,0,"{""EventData"":{""Data"":[{""@Name"":""SubjectUserSid"",""#text"":""S-1-5-21-2232410529-1445159330-2725690660-1108""},{""@Name"":""SubjectUserName"",""#text"":""mortysmith""},{""@Name"":""SubjectDomainName"",""#text"":""C137""},{""@Name"":""SubjectLogonId"",""#text"":""0x5F667""},{""@Name"":""ClientProcessId"",""#text"":""7404""},{""@Name"":""ClientCreationTime"",""#text"":""2020-09-18 23:00:25.4586829""},{""@Name"":""ProviderName"",""#text"":""Microsoft Software Key Storage Provider""},{""@Name"":""AlgorithmName"",""#text"":""UNKNOWN""},{""@Name"":""KeyName"",""#text"":""TB_2_msn.com""},{""@Name"":""KeyType"",""#text"":""%%2500""},{""@Name"":""KeyFilePath""},{""@Name"":""Operation"",""#text"":""%%2458""},{""@Name"":""ReturnCode"",""#text"":""0x0""}]}}"
1535,1535,2020-09-18 23:00:25.7807282,5061,LogAlways,Microsoft-Windows-Security-Auditing,Security,652,708,DESKTOP-SDN1RPT.C137.local,17,,,,,,,,,,,,False,D:\Software\CTF\Misc\EvtxECmd\Security.evtx,Audit success,0,"{""EventData"":{""Data"":[{""@Name"":""SubjectUserSid"",""#text"":""S-1-5-21-2232410529-1445159330-2725690660-1108""},{""@Name"":""SubjectUserName"",""#text"":""mortysmith""},{""@Name"":""SubjectDomainName"",""#text"":""C137""},{""@Name"":""SubjectLogonId"",""#text"":""0x5F667""},{""@Name"":""ProviderName"",""#text"":""Microsoft Software Key Storage Provider""},{""@Name"":""AlgorithmName"",""#text"":""ECDSA_P256""},{""@Name"":""KeyName"",""#text"":""TB_2_msn.com""},{""@Name"":""KeyType"",""#text"":""%%2500""},{""@Name"":""Operation"",""#text"":""%%2480""},{""@Name"":""ReturnCode"",""#text"":""0x0""}]}}"
1536,1536,2020-09-18 23:00:25.7809830,5059,LogAlways,Microsoft-Windows-Security-Auditing,Security,652,708,DESKTOP-SDN1RPT.C137.local,17,,,,,,,,,,,,False,D:\Software\CTF\Misc\EvtxECmd\Security.evtx,Audit success,0,"{""EventData"":{""Data"":[{""@Name"":""SubjectUserSid"",""#text"":""S-1-5-21-2232410529-1445159330-2725690660-1108""},{""@Name"":""SubjectUserName"",""#text"":""mortysmith""},{""@Name"":""SubjectDomainName"",""#text"":""C137""},{""@Name"":""SubjectLogonId"",""#text"":""0x5F667""},{""@Name"":""ClientProcessId"",""#text"":""7404""},{""@Name"":""ClientCreationTime"",""#text"":""2020-09-18 23:00:25.4586829""},{""@Name"":""ProviderName"",""#text"":""Microsoft Software Key Storage Provider""},{""@Name"":""AlgorithmName"",""#text"":""ECDSA_P256""},{""@Name"":""KeyName"",""#text"":""TB_2_msn.com""},{""@Name"":""KeyType"",""#text"":""%%2500""},{""@Name"":""Operation"",""#text"":""%%2464""},{""@Name"":""ReturnCode"",""#text"":""0x0""}]}}"
1537,1537,2020-09-18 23:00:28.3811919,5058,LogAlways,Microsoft-Windows-Security-Auditing,Security,652,716,DESKTOP-SDN1RPT.C137.local,17,,,,,,,,,,,,False,D:\Software\CTF\Misc\EvtxECmd\Security.evtx,Audit success,0,"{""EventData"":{""Data"":[{""@Name"":""SubjectUserSid"",""#text"":""S-1-5-21-2232410529-1445159330-2725690660-1108""},{""@Name"":""SubjectUserName"",""#text"":""mortysmith""},{""@Name"":""SubjectDomainName"",""#text"":""C137""},{""@Name"":""SubjectLogonId"",""#text"":""0x5F667""},{""@Name"":""ClientProcessId"",""#text"":""7404""},{""@Name"":""ClientCreationTime"",""#text"":""2020-09-18 23:00:25.4586829""},{""@Name"":""ProviderName"",""#text"":""Microsoft Software Key Storage Provider""},{""@Name"":""AlgorithmName"",""#text"":""UNKNOWN""},{""@Name"":""KeyName"",""#text"":""TB_2_bing.com""},{""@Name"":""KeyType"",""#text"":""%%2500""},{""@Name"":""KeyFilePath""},{""@Name"":""Operation"",""#text"":""%%2458""},{""@Name"":""ReturnCode"",""#text"":""0x0""}]}}"
1538,1538,2020-09-18 23:00:28.3829895,5058,LogAlways,Microsoft-Windows-Security-Auditing,Security,652,740,DESKTOP-SDN1RPT.C137.local,17,,,,,,,,,,,,False,D:\Software\CTF\Misc\EvtxECmd\Security.evtx,Audit success,0,"{""EventData"":{""Data"":[{""@Name"":""SubjectUserSid"",""#text"":""S-1-5-21-2232410529-1445159330-2725690660-1108""},{""@Name"":""SubjectUserName"",""#text"":""mortysmith""},{""@Name"":""SubjectDomainName"",""#text"":""C137""},{""@Name"":""SubjectLogonId"",""#text"":""0x5F667""},{""@Name"":""ClientProcessId"",""#text"":""7404""},{""@Name"":""ClientCreationTime"",""#text"":""2020-09-18 23:00:25.4586829""},{""@Name"":""ProviderName"",""#text"":""Microsoft Software Key Storage Provider""},{""@Name"":""AlgorithmName"",""#text"":""UNKNOWN""},{""@Name"":""KeyName"",""#text"":""TB_2_bing.com""},{""@Name"":""KeyType"",""#text"":""%%2500""},{""@Name"":""KeyFilePath""},{""@Name"":""Operation"",""#text"":""%%2458""},{""@Name"":""ReturnCode"",""#text"":""0x0""}]}}"
1539,1539,2020-09-18 23:00:28.3832100,5061,LogAlways,Microsoft-Windows-Security-Auditing,Security,652,716,DESKTOP-SDN1RPT.C137.local,17,,,,,,,,,,,,False,D:\Software\CTF\Misc\EvtxECmd\Security.evtx,Audit success,0,"{""EventData"":{""Data"":[{""@Name"":""SubjectUserSid"",""#text"":""S-1-5-21-2232410529-1445159330-2725690660-1108""},{""@Name"":""SubjectUserName"",""#text"":""mortysmith""},{""@Name"":""SubjectDomainName"",""#text"":""C137""},{""@Name"":""SubjectLogonId"",""#text"":""0x5F667""},{""@Name"":""ProviderName"",""#text"":""Microsoft Software Key Storage Provider""},{""@Name"":""AlgorithmName"",""#text"":""ECDSA_P256""},{""@Name"":""KeyName"",""#text"":""TB_2_bing.com""},{""@Name"":""KeyType"",""#text"":""%%2500""},{""@Name"":""Operation"",""#text"":""%%2480""},{""@Name"":""ReturnCode"",""#text"":""0x0""}]}}"
1540,1540,2020-09-18 23:00:28.3834248,5059,LogAlways,Microsoft-Windows-Security-Auditing,Security,652,716,DESKTOP-SDN1RPT.C137.local,17,,,,,,,,,,,,False,D:\Software\CTF\Misc\EvtxECmd\Security.evtx,Audit success,0,"{""EventData"":{""Data"":[{""@Name"":""SubjectUserSid"",""#text"":""S-1-5-21-2232410529-1445159330-2725690660-1108""},{""@Name"":""SubjectUserName"",""#text"":""mortysmith""},{""@Name"":""SubjectDomainName"",""#text"":""C137""},{""@Name"":""SubjectLogonId"",""#text"":""0x5F667""},{""@Name"":""ClientProcessId"",""#text"":""7404""},{""@Name"":""ClientCreationTime"",""#text"":""2020-09-18 23:00:25.4586829""},{""@Name"":""ProviderName"",""#text"":""Microsoft Software Key Storage Provider""},{""@Name"":""AlgorithmName"",""#text"":""ECDSA_P256""},{""@Name"":""KeyName"",""#text"":""TB_2_bing.com""},{""@Name"":""KeyType"",""#text"":""%%2500""},{""@Name"":""Operation"",""#text"":""%%2464""},{""@Name"":""ReturnCode"",""#text"":""0x0""}]}}"
1541,1541,2020-09-18 23:00:28.3837350,5061,LogAlways,Microsoft-Windows-Security-Auditing,Security,652,740,DESKTOP-SDN1RPT.C137.local,17,,,,,,,,,,,,False,D:\Software\CTF\Misc\EvtxECmd\Security.evtx,Audit success,0,"{""EventData"":{""Data"":[{""@Name"":""SubjectUserSid"",""#text"":""S-1-5-21-2232410529-1445159330-2725690660-1108""},{""@Name"":""SubjectUserName"",""#text"":""mortysmith""},{""@Name"":""SubjectDomainName"",""#text"":""C137""},{""@Name"":""SubjectLogonId"",""#text"":""0x5F667""},{""@Name"":""ProviderName"",""#text"":""Microsoft Software Key Storage Provider""},{""@Name"":""AlgorithmName"",""#text"":""ECDSA_P256""},{""@Name"":""KeyName"",""#text"":""TB_2_bing.com""},{""@Name"":""KeyType"",""#text"":""%%2500""},{""@Name"":""Operation"",""#text"":""%%2480""},{""@Name"":""ReturnCode"",""#text"":""0x0""}]}}"
1542,1542,2020-09-18 23:00:28.3839279,5059,LogAlways,Microsoft-Windows-Security-Auditing,Security,652,740,DESKTOP-SDN1RPT.C137.local,17,,,,,,,,,,,,False,D:\Software\CTF\Misc\EvtxECmd\Security.evtx,Audit success,0,"{""EventData"":{""Data"":[{""@Name"":""SubjectUserSid"",""#text"":""S-1-5-21-2232410529-1445159330-2725690660-1108""},{""@Name"":""SubjectUserName"",""#text"":""mortysmith""},{""@Name"":""SubjectDomainName"",""#text"":""C137""},{""@Name"":""SubjectLogonId"",""#text"":""0x5F667""},{""@Name"":""ClientProcessId"",""#text"":""7404""},{""@Name"":""ClientCreationTime"",""#text"":""2020-09-18 23:00:25.4586829""},{""@Name"":""ProviderName"",""#text"":""Microsoft Software Key Storage Provider""},{""@Name"":""AlgorithmName"",""#text"":""ECDSA_P256""},{""@Name"":""KeyName"",""#text"":""TB_2_bing.com""},{""@Name"":""KeyType"",""#text"":""%%2500""},{""@Name"":""Operation"",""#text"":""%%2464""},{""@Name"":""ReturnCode"",""#text"":""0x0""}]}}"
1543,1543,2020-09-18 23:00:29.0259844,5058,LogAlways,Microsoft-Windows-Security-Auditing,Security,652,740,DESKTOP-SDN1RPT.C137.local,17,,,,,,,,,,,,False,D:\Software\CTF\Misc\EvtxECmd\Security.evtx,Audit success,0,"{""EventData"":{""Data"":[{""@Name"":""SubjectUserSid"",""#text"":""S-1-5-21-2232410529-1445159330-2725690660-1108""},{""@Name"":""SubjectUserName"",""#text"":""mortysmith""},{""@Name"":""SubjectDomainName"",""#text"":""C137""},{""@Name"":""SubjectLogonId"",""#text"":""0x5F667""},{""@Name"":""ClientProcessId"",""#text"":""7404""},{""@Name"":""ClientCreationTime"",""#text"":""2020-09-18 23:00:25.4586829""},{""@Name"":""ProviderName"",""#text"":""Microsoft Software Key Storage Provider""},{""@Name"":""AlgorithmName"",""#text"":""UNKNOWN""},{""@Name"":""KeyName"",""#text"":""TB_2_msn.com""},{""@Name"":""KeyType"",""#text"":""%%2500""},{""@Name"":""KeyFilePath""},{""@Name"":""Operation"",""#text"":""%%2458""},{""@Name"":""ReturnCode"",""#text"":""0x0""}]}}"
1544,1544,2020-09-18 23:00:29.0261865,5061,LogAlways,Microsoft-Windows-Security-Auditing,Security,652,740,DESKTOP-SDN1RPT.C137.local,17,,,,,,,,,,,,False,D:\Software\CTF\Misc\EvtxECmd\Security.evtx,Audit success,0,"{""EventData"":{""Data"":[{""@Name"":""SubjectUserSid"",""#text"":""S-1-5-21-2232410529-1445159330-2725690660-1108""},{""@Name"":""SubjectUserName"",""#text"":""mortysmith""},{""@Name"":""SubjectDomainName"",""#text"":""C137""},{""@Name"":""SubjectLogonId"",""#text"":""0x5F667""},{""@Name"":""ProviderName"",""#text"":""Microsoft Software Key Storage Provider""},{""@Name"":""AlgorithmName"",""#text"":""ECDSA_P256""},{""@Name"":""KeyName"",""#text"":""TB_2_msn.com""},{""@Name"":""KeyType"",""#text"":""%%2500""},{""@Name"":""Operation"",""#text"":""%%2480""},{""@Name"":""ReturnCode"",""#text"":""0x0""}]}}"
1545,1545,2020-09-18 23:00:29.0265772,5059,LogAlways,Microsoft-Windows-Security-Auditing,Security,652,740,DESKTOP-SDN1RPT.C137.local,17,,,,,,,,,,,,False,D:\Software\CTF\Misc\EvtxECmd\Security.evtx,Audit success,0,"{""EventData"":{""Data"":[{""@Name"":""SubjectUserSid"",""#text"":""S-1-5-21-2232410529-1445159330-2725690660-1108""},{""@Name"":""SubjectUserName"",""#text"":""mortysmith""},{""@Name"":""SubjectDomainName"",""#text"":""C137""},{""@Name"":""SubjectLogonId"",""#text"":""0x5F667""},{""@Name"":""ClientProcessId"",""#text"":""7404""},{""@Name"":""ClientCreationTime"",""#text"":""2020-09-18 23:00:25.4586829""},{""@Name"":""ProviderName"",""#text"":""Microsoft Software Key Storage Provider""},{""@Name"":""AlgorithmName"",""#text"":""ECDSA_P256""},{""@Name"":""KeyName"",""#text"":""TB_2_msn.com""},{""@Name"":""KeyType"",""#text"":""%%2500""},{""@Name"":""Operation"",""#text"":""%%2464""},{""@Name"":""ReturnCode"",""#text"":""0x0""}]}}"
1546,1546,2020-09-18 23:00:29.0332836,5058,LogAlways,Microsoft-Windows-Security-Auditing,Security,652,744,DESKTOP-SDN1RPT.C137.local,17,,,,,,,,,,,,False,D:\Software\CTF\Misc\EvtxECmd\Security.evtx,Audit success,0,"{""EventData"":{""Data"":[{""@Name"":""SubjectUserSid"",""#text"":""S-1-5-21-2232410529-1445159330-2725690660-1108""},{""@Name"":""SubjectUserName"",""#text"":""mortysmith""},{""@Name"":""SubjectDomainName"",""#text"":""C137""},{""@Name"":""SubjectLogonId"",""#text"":""0x5F667""},{""@Name"":""ClientProcessId"",""#text"":""7404""},{""@Name"":""ClientCreationTime"",""#text"":""2020-09-18 23:00:25.4586829""},{""@Name"":""ProviderName"",""#text"":""Microsoft Software Key Storage Provider""},{""@Name"":""AlgorithmName"",""#text"":""UNKNOWN""},{""@Name"":""KeyName"",""#text"":""TB_2_msn.com""},{""@Name"":""KeyType"",""#text"":""%%2500""},{""@Name"":""KeyFilePath""},{""@Name"":""Operation"",""#text"":""%%2458""},{""@Name"":""ReturnCode"",""#text"":""0x0""}]}}"
1547,1547,2020-09-18 23:00:29.0335002,5061,LogAlways,Microsoft-Windows-Security-Auditing,Security,652,744,DESKTOP-SDN1RPT.C137.local,17,,,,,,,,,,,,False,D:\Software\CTF\Misc\EvtxECmd\Security.evtx,Audit success,0,"{""EventData"":{""Data"":[{""@Name"":""SubjectUserSid"",""#text"":""S-1-5-21-2232410529-1445159330-2725690660-1108""},{""@Name"":""SubjectUserName"",""#text"":""mortysmith""},{""@Name"":""SubjectDomainName"",""#text"":""C137""},{""@Name"":""SubjectLogonId"",""#text"":""0x5F667""},{""@Name"":""ProviderName"",""#text"":""Microsoft Software Key Storage Provider""},{""@Name"":""AlgorithmName"",""#text"":""ECDSA_P256""},{""@Name"":""KeyName"",""#text"":""TB_2_msn.com""},{""@Name"":""KeyType"",""#text"":""%%2500""},{""@Name"":""Operation"",""#text"":""%%2480""},{""@Name"":""ReturnCode"",""#text"":""0x0""}]}}"
1548,1548,2020-09-18 23:00:29.0337037,5059,LogAlways,Microsoft-Windows-Security-Auditing,Security,652,744,DESKTOP-SDN1RPT.C137.local,17,,,,,,,,,,,,False,D:\Software\CTF\Misc\EvtxECmd\Security.evtx,Audit success,0,"{""EventData"":{""Data"":[{""@Name"":""SubjectUserSid"",""#text"":""S-1-5-21-2232410529-1445159330-2725690660-1108""},{""@Name"":""SubjectUserName"",""#text"":""mortysmith""},{""@Name"":""SubjectDomainName"",""#text"":""C137""},{""@Name"":""SubjectLogonId"",""#text"":""0x5F667""},{""@Name"":""ClientProcessId"",""#text"":""7404""},{""@Name"":""ClientCreationTime"",""#text"":""2020-09-18 23:00:25.4586829""},{""@Name"":""ProviderName"",""#text"":""Microsoft Software Key Storage Provider""},{""@Name"":""AlgorithmName"",""#text"":""ECDSA_P256""},{""@Name"":""KeyName"",""#text"":""TB_2_msn.com""},{""@Name"":""KeyType"",""#text"":""%%2500""},{""@Name"":""Operation"",""#text"":""%%2464""},{""@Name"":""ReturnCode"",""#text"":""0x0""}]}}"
1549,1549,2020-09-18 23:00:29.7880466,5058,LogAlways,Microsoft-Windows-Security-Auditing,Security,652,7840,DESKTOP-SDN1RPT.C137.local,17,,,,,,,,,,,,False,D:\Software\CTF\Misc\EvtxECmd\Security.evtx,Audit success,0,"{""EventData"":{""Data"":[{""@Name"":""SubjectUserSid"",""#text"":""S-1-5-21-2232410529-1445159330-2725690660-1108""},{""@Name"":""SubjectUserName"",""#text"":""mortysmith""},{""@Name"":""SubjectDomainName"",""#text"":""C137""},{""@Name"":""SubjectLogonId"",""#text"":""0x5F667""},{""@Name"":""ClientProcessId"",""#text"":""7944""},{""@Name"":""ClientCreationTime"",""#text"":""2020-09-18 23:00:29.3540584""},{""@Name"":""ProviderName"",""#text"":""Microsoft Software Key Storage Provider""},{""@Name"":""AlgorithmName"",""#text"":""UNKNOWN""},{""@Name"":""KeyName"",""#text"":""TB_2_bing.com""},{""@Name"":""KeyType"",""#text"":""%%2500""},{""@Name"":""KeyFilePath""},{""@Name"":""Operation"",""#text"":""%%2458""},{""@Name"":""ReturnCode"",""#text"":""0x0""}]}}"
1550,1550,2020-09-18 23:00:29.7883253,5061,LogAlways,Microsoft-Windows-Security-Auditing,Security,652,7840,DESKTOP-SDN1RPT.C137.local,17,,,,,,,,,,,,False,D:\Software\CTF\Misc\EvtxECmd\Security.evtx,Audit success,0,"{""EventData"":{""Data"":[{""@Name"":""SubjectUserSid"",""#text"":""S-1-5-21-2232410529-1445159330-2725690660-1108""},{""@Name"":""SubjectUserName"",""#text"":""mortysmith""},{""@Name"":""SubjectDomainName"",""#text"":""C137""},{""@Name"":""SubjectLogonId"",""#text"":""0x5F667""},{""@Name"":""ProviderName"",""#text"":""Microsoft Software Key Storage Provider""},{""@Name"":""AlgorithmName"",""#text"":""ECDSA_P256""},{""@Name"":""KeyName"",""#text"":""TB_2_bing.com""},{""@Name"":""KeyType"",""#text"":""%%2500""},{""@Name"":""Operation"",""#text"":""%%2480""},{""@Name"":""ReturnCode"",""#text"":""0x0""}]}}"
1551,1551,2020-09-18 23:00:29.7886133,5059,LogAlways,Microsoft-Windows-Security-Auditing,Security,652,7840,DESKTOP-SDN1RPT.C137.local,17,,,,,,,,,,,,False,D:\Software\CTF\Misc\EvtxECmd\Security.evtx,Audit success,0,"{""EventData"":{""Data"":[{""@Name"":""SubjectUserSid"",""#text"":""S-1-5-21-2232410529-1445159330-2725690660-1108""},{""@Name"":""SubjectUserName"",""#text"":""mortysmith""},{""@Name"":""SubjectDomainName"",""#text"":""C137""},{""@Name"":""SubjectLogonId"",""#text"":""0x5F667""},{""@Name"":""ClientProcessId"",""#text"":""7944""},{""@Name"":""ClientCreationTime"",""#text"":""2020-09-18 23:00:29.3540584""},{""@Name"":""ProviderName"",""#text"":""Microsoft Software Key Storage Provider""},{""@Name"":""AlgorithmName"",""#text"":""ECDSA_P256""},{""@Name"":""KeyName"",""#text"":""TB_2_bing.com""},{""@Name"":""KeyType"",""#text"":""%%2500""},{""@Name"":""Operation"",""#text"":""%%2464""},{""@Name"":""ReturnCode"",""#text"":""0x0""}]}}"
1552,1552,2020-09-18 23:00:29.7982478,5058,LogAlways,Microsoft-Windows-Security-Auditing,Security,652,7840,DESKTOP-SDN1RPT.C137.local,17,,,,,,,,,,,,False,D:\Software\CTF\Misc\EvtxECmd\Security.evtx,Audit success,0,"{""EventData"":{""Data"":[{""@Name"":""SubjectUserSid"",""#text"":""S-1-5-21-2232410529-1445159330-2725690660-1108""},{""@Name"":""SubjectUserName"",""#text"":""mortysmith""},{""@Name"":""SubjectDomainName"",""#text"":""C137""},{""@Name"":""SubjectLogonId"",""#text"":""0x5F667""},{""@Name"":""ClientProcessId"",""#text"":""7944""},{""@Name"":""ClientCreationTime"",""#text"":""2020-09-18 23:00:29.3540584""},{""@Name"":""ProviderName"",""#text"":""Microsoft Software Key Storage Provider""},{""@Name"":""AlgorithmName"",""#text"":""UNKNOWN""},{""@Name"":""KeyName"",""#text"":""TB_2_bing.com""},{""@Name"":""KeyType"",""#text"":""%%2500""},{""@Name"":""KeyFilePath""},{""@Name"":""Operation"",""#text"":""%%2458""},{""@Name"":""ReturnCode"",""#text"":""0x0""}]}}"
1553,1553,2020-09-18 23:00:29.7984986,5061,LogAlways,Microsoft-Windows-Security-Auditing,Security,652,7840,DESKTOP-SDN1RPT.C137.local,17,,,,,,,,,,,,False,D:\Software\CTF\Misc\EvtxECmd\Security.evtx,Audit success,0,"{""EventData"":{""Data"":[{""@Name"":""SubjectUserSid"",""#text"":""S-1-5-21-2232410529-1445159330-2725690660-1108""},{""@Name"":""SubjectUserName"",""#text"":""mortysmith""},{""@Name"":""SubjectDomainName"",""#text"":""C137""},{""@Name"":""SubjectLogonId"",""#text"":""0x5F667""},{""@Name"":""ProviderName"",""#text"":""Microsoft Software Key Storage Provider""},{""@Name"":""AlgorithmName"",""#text"":""ECDSA_P256""},{""@Name"":""KeyName"",""#text"":""TB_2_bing.com""},{""@Name"":""KeyType"",""#text"":""%%2500""},{""@Name"":""Operation"",""#text"":""%%2480""},{""@Name"":""ReturnCode"",""#text"":""0x0""}]}}"
1554,1554,2020-09-18 23:00:29.7987026,5059,LogAlways,Microsoft-Windows-Security-Auditing,Security,652,7840,DESKTOP-SDN1RPT.C137.local,17,,,,,,,,,,,,False,D:\Software\CTF\Misc\EvtxECmd\Security.evtx,Audit success,0,"{""EventData"":{""Data"":[{""@Name"":""SubjectUserSid"",""#text"":""S-1-5-21-2232410529-1445159330-2725690660-1108""},{""@Name"":""SubjectUserName"",""#text"":""mortysmith""},{""@Name"":""SubjectDomainName"",""#text"":""C137""},{""@Name"":""SubjectLogonId"",""#text"":""0x5F667""},{""@Name"":""ClientProcessId"",""#text"":""7944""},{""@Name"":""ClientCreationTime"",""#text"":""2020-09-18 23:00:29.3540584""},{""@Name"":""ProviderName"",""#text"":""Microsoft Software Key Storage Provider""},{""@Name"":""AlgorithmName"",""#text"":""ECDSA_P256""},{""@Name"":""KeyName"",""#text"":""TB_2_bing.com""},{""@Name"":""KeyType"",""#text"":""%%2500""},{""@Name"":""Operation"",""#text"":""%%2464""},{""@Name"":""ReturnCode"",""#text"":""0x0""}]}}"
1555,1555,2020-09-18 23:00:33.5442990,5058,LogAlways,Microsoft-Windows-Security-Auditing,Security,652,740,DESKTOP-SDN1RPT.C137.local,17,,,,,,,,,,,,False,D:\Software\CTF\Misc\EvtxECmd\Security.evtx,Audit success,0,"{""EventData"":{""Data"":[{""@Name"":""SubjectUserSid"",""#text"":""S-1-5-21-2232410529-1445159330-2725690660-1108""},{""@Name"":""SubjectUserName"",""#text"":""mortysmith""},{""@Name"":""SubjectDomainName"",""#text"":""C137""},{""@Name"":""SubjectLogonId"",""#text"":""0x5F667""},{""@Name"":""ClientProcessId"",""#text"":""7944""},{""@Name"":""ClientCreationTime"",""#text"":""2020-09-18 23:00:29.3540584""},{""@Name"":""ProviderName"",""#text"":""Microsoft Software Key Storage Provider""},{""@Name"":""AlgorithmName"",""#text"":""UNKNOWN""},{""@Name"":""KeyName"",""#text"":""TB_2_bing.com""},{""@Name"":""KeyType"",""#text"":""%%2500""},{""@Name"":""KeyFilePath""},{""@Name"":""Operation"",""#text"":""%%2458""},{""@Name"":""ReturnCode"",""#text"":""0x0""}]}}"
1556,1556,2020-09-18 23:00:33.5446602,5061,LogAlways,Microsoft-Windows-Security-Auditing,Security,652,740,DESKTOP-SDN1RPT.C137.local,17,,,,,,,,,,,,False,D:\Software\CTF\Misc\EvtxECmd\Security.evtx,Audit success,0,"{""EventData"":{""Data"":[{""@Name"":""SubjectUserSid"",""#text"":""S-1-5-21-2232410529-1445159330-2725690660-1108""},{""@Name"":""SubjectUserName"",""#text"":""mortysmith""},{""@Name"":""SubjectDomainName"",""#text"":""C137""},{""@Name"":""SubjectLogonId"",""#text"":""0x5F667""},{""@Name"":""ProviderName"",""#text"":""Microsoft Software Key Storage Provider""},{""@Name"":""AlgorithmName"",""#text"":""ECDSA_P256""},{""@Name"":""KeyName"",""#text"":""TB_2_bing.com""},{""@Name"":""KeyType"",""#text"":""%%2500""},{""@Name"":""Operation"",""#text"":""%%2480""},{""@Name"":""ReturnCode"",""#text"":""0x0""}]}}"
1557,1557,2020-09-18 23:00:33.5449565,5059,LogAlways,Microsoft-Windows-Security-Auditing,Security,652,740,DESKTOP-SDN1RPT.C137.local,17,,,,,,,,,,,,False,D:\Software\CTF\Misc\EvtxECmd\Security.evtx,Audit success,0,"{""EventData"":{""Data"":[{""@Name"":""SubjectUserSid"",""#text"":""S-1-5-21-2232410529-1445159330-2725690660-1108""},{""@Name"":""SubjectUserName"",""#text"":""mortysmith""},{""@Name"":""SubjectDomainName"",""#text"":""C137""},{""@Name"":""SubjectLogonId"",""#text"":""0x5F667""},{""@Name"":""ClientProcessId"",""#text"":""7944""},{""@Name"":""ClientCreationTime"",""#text"":""2020-09-18 23:00:29.3540584""},{""@Name"":""ProviderName"",""#text"":""Microsoft Software Key Storage Provider""},{""@Name"":""AlgorithmName"",""#text"":""ECDSA_P256""},{""@Name"":""KeyName"",""#text"":""TB_2_bing.com""},{""@Name"":""KeyType"",""#text"":""%%2500""},{""@Name"":""Operation"",""#text"":""%%2464""},{""@Name"":""ReturnCode"",""#text"":""0x0""}]}}"
1558,1558,2020-09-18 23:00:33.5496390,5058,LogAlways,Microsoft-Windows-Security-Auditing,Security,652,740,DESKTOP-SDN1RPT.C137.local,17,,,,,,,,,,,,False,D:\Software\CTF\Misc\EvtxECmd\Security.evtx,Audit success,0,"{""EventData"":{""Data"":[{""@Name"":""SubjectUserSid"",""#text"":""S-1-5-21-2232410529-1445159330-2725690660-1108""},{""@Name"":""SubjectUserName"",""#text"":""mortysmith""},{""@Name"":""SubjectDomainName"",""#text"":""C137""},{""@Name"":""SubjectLogonId"",""#text"":""0x5F667""},{""@Name"":""ClientProcessId"",""#text"":""7944""},{""@Name"":""ClientCreationTime"",""#text"":""2020-09-18 23:00:29.3540584""},{""@Name"":""ProviderName"",""#text"":""Microsoft Software Key Storage Provider""},{""@Name"":""AlgorithmName"",""#text"":""UNKNOWN""},{""@Name"":""KeyName"",""#text"":""TB_2_bing.com""},{""@Name"":""KeyType"",""#text"":""%%2500""},{""@Name"":""KeyFilePath""},{""@Name"":""Operation"",""#text"":""%%2458""},{""@Name"":""ReturnCode"",""#text"":""0x0""}]}}"
1559,1559,2020-09-18 23:00:33.5498709,5061,LogAlways,Microsoft-Windows-Security-Auditing,Security,652,740,DESKTOP-SDN1RPT.C137.local,17,,,,,,,,,,,,False,D:\Software\CTF\Misc\EvtxECmd\Security.evtx,Audit success,0,"{""EventData"":{""Data"":[{""@Name"":""SubjectUserSid"",""#text"":""S-1-5-21-2232410529-1445159330-2725690660-1108""},{""@Name"":""SubjectUserName"",""#text"":""mortysmith""},{""@Name"":""SubjectDomainName"",""#text"":""C137""},{""@Name"":""SubjectLogonId"",""#text"":""0x5F667""},{""@Name"":""ProviderName"",""#text"":""Microsoft Software Key Storage Provider""},{""@Name"":""AlgorithmName"",""#text"":""ECDSA_P256""},{""@Name"":""KeyName"",""#text"":""TB_2_bing.com""},{""@Name"":""KeyType"",""#text"":""%%2500""},{""@Name"":""Operation"",""#text"":""%%2480""},{""@Name"":""ReturnCode"",""#text"":""0x0""}]}}"
1560,1560,2020-09-18 23:00:33.5501315,5059,LogAlways,Microsoft-Windows-Security-Auditing,Security,652,740,DESKTOP-SDN1RPT.C137.local,17,,,,,,,,,,,,False,D:\Software\CTF\Misc\EvtxECmd\Security.evtx,Audit success,0,"{""EventData"":{""Data"":[{""@Name"":""SubjectUserSid"",""#text"":""S-1-5-21-2232410529-1445159330-2725690660-1108""},{""@Name"":""SubjectUserName"",""#text"":""mortysmith""},{""@Name"":""SubjectDomainName"",""#text"":""C137""},{""@Name"":""SubjectLogonId"",""#text"":""0x5F667""},{""@Name"":""ClientProcessId"",""#text"":""7944""},{""@Name"":""ClientCreationTime"",""#text"":""2020-09-18 23:00:29.3540584""},{""@Name"":""ProviderName"",""#text"":""Microsoft Software Key Storage Provider""},{""@Name"":""AlgorithmName"",""#text"":""ECDSA_P256""},{""@Name"":""KeyName"",""#text"":""TB_2_bing.com""},{""@Name"":""KeyType"",""#text"":""%%2500""},{""@Name"":""Operation"",""#text"":""%%2464""},{""@Name"":""ReturnCode"",""#text"":""0x0""}]}}"
1561,1561,2020-09-18 23:00:36.0148333,5379,LogAlways,Microsoft-Windows-Security-Auditing,Security,652,740,DESKTOP-SDN1RPT.C137.local,17,,Credential Manager credentials were read,mortysmith,,SID: S-1-5-21-2232410529-1445159330-2725690660-1108,Domain: C137,LogonID: 0x5F667,CountOfCredentialsReturned: 0,,ActivityID: 5f3c87b3-8e0f-0000-0888-3c5f0f8ed601,MicrosoftAccount:user=02arqgsppvqiycls,False,D:\Software\CTF\Misc\EvtxECmd\Security.evtx,Audit success,0,"{""EventData"":{""Data"":[{""@Name"":""SubjectUserSid"",""#text"":""S-1-5-21-2232410529-1445159330-2725690660-1108""},{""@Name"":""SubjectUserName"",""#text"":""mortysmith""},{""@Name"":""SubjectDomainName"",""#text"":""C137""},{""@Name"":""SubjectLogonId"",""#text"":""0x5F667""},{""@Name"":""TargetName"",""#text"":""MicrosoftAccount:user=02arqgsppvqiycls""},{""@Name"":""Type"",""#text"":""0""},{""@Name"":""CountOfCredentialsReturned"",""#text"":""0""},{""@Name"":""ReadOperation"",""#text"":""%%8100""},{""@Name"":""ReturnCode"",""#text"":""3221226021""},{""@Name"":""ProcessCreationTime"",""#text"":""2020-09-18 22:59:36.7573276""},{""@Name"":""ClientProcessId"",""#text"":""364""}]}}"
1562,1562,2020-09-18 23:00:36.0149318,5379,LogAlways,Microsoft-Windows-Security-Auditing,Security,652,740,DESKTOP-SDN1RPT.C137.local,17,,Credential Manager credentials were read,mortysmith,,SID: S-1-5-21-2232410529-1445159330-2725690660-1108,Domain: C137,LogonID: 0x5F667,CountOfCredentialsReturned: 0,,ActivityID: 5f3c87b3-8e0f-0000-0888-3c5f0f8ed601,WindowsLive:(token):name=02arqgsppvqiycls;serviceuri=*,False,D:\Software\CTF\Misc\EvtxECmd\Security.evtx,Audit success,0,"{""EventData"":{""Data"":[{""@Name"":""SubjectUserSid"",""#text"":""S-1-5-21-2232410529-1445159330-2725690660-1108""},{""@Name"":""SubjectUserName"",""#text"":""mortysmith""},{""@Name"":""SubjectDomainName"",""#text"":""C137""},{""@Name"":""SubjectLogonId"",""#text"":""0x5F667""},{""@Name"":""TargetName"",""#text"":""WindowsLive:(token):name=02arqgsppvqiycls;serviceuri=*""},{""@Name"":""Type"",""#text"":""0""},{""@Name"":""CountOfCredentialsReturned"",""#text"":""0""},{""@Name"":""ReadOperation"",""#text"":""%%8100""},{""@Name"":""ReturnCode"",""#text"":""3221226021""},{""@Name"":""ProcessCreationTime"",""#text"":""2020-09-18 22:59:36.7573276""},{""@Name"":""ClientProcessId"",""#text"":""364""}]}}"
1563,1563,2020-09-18 23:00:36.0153058,5379,LogAlways,Microsoft-Windows-Security-Auditing,Security,652,740,DESKTOP-SDN1RPT.C137.local,17,,Credential Manager credentials were read,mortysmith,,SID: S-1-5-21-2232410529-1445159330-2725690660-1108,Domain: C137,LogonID: 0x5F667,CountOfCredentialsReturned: 0,,ActivityID: 5f3c87b3-8e0f-0000-0888-3c5f0f8ed601,WindowsLive:(cert):name=02arqgsppvqiycls;serviceuri=*,False,D:\Software\CTF\Misc\EvtxECmd\Security.evtx,Audit success,0,"{""EventData"":{""Data"":[{""@Name"":""SubjectUserSid"",""#text"":""S-1-5-21-2232410529-1445159330-2725690660-1108""},{""@Name"":""SubjectUserName"",""#text"":""mortysmith""},{""@Name"":""SubjectDomainName"",""#text"":""C137""},{""@Name"":""SubjectLogonId"",""#text"":""0x5F667""},{""@Name"":""TargetName"",""#text"":""WindowsLive:(cert):name=02arqgsppvqiycls;serviceuri=*""},{""@Name"":""Type"",""#text"":""0""},{""@Name"":""CountOfCredentialsReturned"",""#text"":""0""},{""@Name"":""ReadOperation"",""#text"":""%%8100""},{""@Name"":""ReturnCode"",""#text"":""3221226021""},{""@Name"":""ProcessCreationTime"",""#text"":""2020-09-18 22:59:36.7573276""},{""@Name"":""ClientProcessId"",""#text"":""364""}]}}"
