1344,1344,2020-09-18 22:52:57.0743141,4672,LogAlways,Microsoft-Windows-Security-Auditing,Security,648,4612,DESKTOP-SDN1RPT.C137.local,15,,Administrative logon,NT AUTHORITY\SYSTEM (S-1-5-18),,"PrivilegeList: SeAssignPrimaryTokenPrivilege, SeTcbPrivilege, SeSecurityPrivilege, SeTakeOwnershipPrivilege, SeLoadDriverPrivilege, SeBackupPrivilege, SeRestorePrivilege, SeDebugPrivilege, SeAuditPrivilege, SeSystemEnvironmentPrivilege, SeImpersonatePrivilege, SeDelegateSessionUserImpersonatePrivilege",LogonId: 0x3E7,,,,,,False,D:\Software\CTF\Misc\EvtxECmd\Security.evtx,Audit success,0,"{""EventData"":{""Data"":[{""@Name"":""SubjectUserSid"",""#text"":""S-1-5-18""},{""@Name"":""SubjectUserName"",""#text"":""SYSTEM""},{""@Name"":""SubjectDomainName"",""#text"":""NT AUTHORITY""},{""@Name"":""SubjectLogonId"",""#text"":""0x3E7""},{""@Name"":""PrivilegeList"",""#text"":""SeAssignPrimaryTokenPrivilege, SeTcbPrivilege, SeSecurityPrivilege, SeTakeOwnershipPrivilege, SeLoadDriverPrivilege, SeBackupPrivilege, SeRestorePrivilege, SeDebugPrivilege, SeAuditPrivilege, SeSystemEnvironmentPrivilege, SeImpersonatePrivilege, SeDelegateSessionUserImpersonatePrivilege""}]}}"
1345,1345,2020-09-18 22:52:59.2993936,5382,LogAlways,Microsoft-Windows-Security-Auditing,Security,648,4612,DESKTOP-SDN1RPT.C137.local,15,,,,,,,,,,,,False,D:\Software\CTF\Misc\EvtxECmd\Security.evtx,Audit success,0,"{""EventData"":{""Data"":[{""@Name"":""SubjectUserSid"",""#text"":""S-1-5-18""},{""@Name"":""SubjectUserName"",""#text"":""DESKTOP-SDN1RPT$""},{""@Name"":""SubjectDomainName"",""#text"":""C137""},{""@Name"":""SubjectLogonId"",""#text"":""0x3E7""},{""@Name"":""SchemaFriendlyName"",""#text"":""NGC Local Accoount Logon Vault Resource Schema""},{""@Name"":""Schema"",""#text"":""1d4350a3-330d-4af9-b3ff-a927a45998ac""},{""@Name"":""Resource"",""#text"":""NGC Local Accoount Logon Vault Resource""},{""@Name"":""Identity"",""#text"":""010500000000000515000000A1E10F85A261235624BD76A252040000""},{""@Name"":""PackageSid""},{""@Name"":""Flags"",""#text"":""0""},{""@Name"":""ReturnCode"",""#text"":""1168""},{""@Name"":""ProcessCreationTime"",""#text"":""2020-09-18 21:42:39.6868401""},{""@Name"":""ClientProcessId"",""#text"":""1060""}]}}"
1346,1346,2020-09-18 22:53:04.3747941,5382,LogAlways,Microsoft-Windows-Security-Auditing,Security,648,4612,DESKTOP-SDN1RPT.C137.local,15,,,,,,,,,,,,False,D:\Software\CTF\Misc\EvtxECmd\Security.evtx,Audit success,0,"{""EventData"":{""Data"":[{""@Name"":""SubjectUserSid"",""#text"":""S-1-5-18""},{""@Name"":""SubjectUserName"",""#text"":""DESKTOP-SDN1RPT$""},{""@Name"":""SubjectDomainName"",""#text"":""C137""},{""@Name"":""SubjectLogonId"",""#text"":""0x3E7""},{""@Name"":""SchemaFriendlyName"",""#text"":""NGC Local Accoount Logon Vault Resource Schema""},{""@Name"":""Schema"",""#text"":""1d4350a3-330d-4af9-b3ff-a927a45998ac""},{""@Name"":""Resource"",""#text"":""NGC Local Accoount Logon Vault Resource""},{""@Name"":""Identity"",""#text"":""010500000000000515000000A1E10F85A261235624BD76A252040000""},{""@Name"":""PackageSid""},{""@Name"":""Flags"",""#text"":""0""},{""@Name"":""ReturnCode"",""#text"":""1168""},{""@Name"":""ProcessCreationTime"",""#text"":""2020-09-18 21:42:39.6868401""},{""@Name"":""ClientProcessId"",""#text"":""1060""}]}}"
1347,1347,2020-09-18 22:53:08.5681166,5058,LogAlways,Microsoft-Windows-Security-Auditing,Security,648,4612,DESKTOP-SDN1RPT.C137.local,15,,,,,,,,,,,,False,D:\Software\CTF\Misc\EvtxECmd\Security.evtx,Audit success,0,"{""EventData"":{""Data"":[{""@Name"":""SubjectUserSid"",""#text"":""S-1-5-18""},{""@Name"":""SubjectUserName"",""#text"":""DESKTOP-SDN1RPT$""},{""@Name"":""SubjectDomainName"",""#text"":""C137""},{""@Name"":""SubjectLogonId"",""#text"":""0x3E7""},{""@Name"":""ClientProcessId"",""#text"":""448""},{""@Name"":""ClientCreationTime"",""#text"":""2020-09-18 21:42:39.6472675""},{""@Name"":""ProviderName"",""#text"":""Microsoft Software Key Storage Provider""},{""@Name"":""AlgorithmName"",""#text"":""UNKNOWN""},{""@Name"":""KeyName"",""#text"":""TSSecKeySet1""},{""@Name"":""KeyType"",""#text"":""%%2499""},{""@Name"":""KeyFilePath"",""#text"":""C:\\ProgramData\\Microsoft\\Crypto\\RSA\\MachineKeys\\f686aace6942fb7f7ceb231212eef4a4_511cefa6-2706-41b2-b1d8-b70acd58c1f3""},{""@Name"":""Operation"",""#text"":""%%2458""},{""@Name"":""ReturnCode"",""#text"":""0x0""}]}}"
1348,1348,2020-09-18 22:53:08.5683539,5061,LogAlways,Microsoft-Windows-Security-Auditing,Security,648,4612,DESKTOP-SDN1RPT.C137.local,15,,,,,,,,,,,,False,D:\Software\CTF\Misc\EvtxECmd\Security.evtx,Audit success,0,"{""EventData"":{""Data"":[{""@Name"":""SubjectUserSid"",""#text"":""S-1-5-18""},{""@Name"":""SubjectUserName"",""#text"":""DESKTOP-SDN1RPT$""},{""@Name"":""SubjectDomainName"",""#text"":""C137""},{""@Name"":""SubjectLogonId"",""#text"":""0x3E7""},{""@Name"":""ProviderName"",""#text"":""Microsoft Software Key Storage Provider""},{""@Name"":""AlgorithmName"",""#text"":""RSA""},{""@Name"":""KeyName"",""#text"":""TSSecKeySet1""},{""@Name"":""KeyType"",""#text"":""%%2499""},{""@Name"":""Operation"",""#text"":""%%2480""},{""@Name"":""ReturnCode"",""#text"":""0x0""}]}}"
1349,1349,2020-09-18 22:53:08.5689110,5058,LogAlways,Microsoft-Windows-Security-Auditing,Security,648,4612,DESKTOP-SDN1RPT.C137.local,15,,,,,,,,,,,,False,D:\Software\CTF\Misc\EvtxECmd\Security.evtx,Audit success,0,"{""EventData"":{""Data"":[{""@Name"":""SubjectUserSid"",""#text"":""S-1-5-18""},{""@Name"":""SubjectUserName"",""#text"":""DESKTOP-SDN1RPT$""},{""@Name"":""SubjectDomainName"",""#text"":""C137""},{""@Name"":""SubjectLogonId"",""#text"":""0x3E7""},{""@Name"":""ClientProcessId"",""#text"":""448""},{""@Name"":""ClientCreationTime"",""#text"":""2020-09-18 21:42:39.6472675""},{""@Name"":""ProviderName"",""#text"":""Microsoft Software Key Storage Provider""},{""@Name"":""AlgorithmName"",""#text"":""UNKNOWN""},{""@Name"":""KeyName"",""#text"":""TSSecKeySet1""},{""@Name"":""KeyType"",""#text"":""%%2499""},{""@Name"":""KeyFilePath"",""#text"":""C:\\ProgramData\\Microsoft\\Crypto\\RSA\\MachineKeys\\f686aace6942fb7f7ceb231212eef4a4_511cefa6-2706-41b2-b1d8-b70acd58c1f3""},{""@Name"":""Operation"",""#text"":""%%2458""},{""@Name"":""ReturnCode"",""#text"":""0x0""}]}}"
1350,1350,2020-09-18 22:53:08.5690569,5061,LogAlways,Microsoft-Windows-Security-Auditing,Security,648,4612,DESKTOP-SDN1RPT.C137.local,15,,,,,,,,,,,,False,D:\Software\CTF\Misc\EvtxECmd\Security.evtx,Audit success,0,"{""EventData"":{""Data"":[{""@Name"":""SubjectUserSid"",""#text"":""S-1-5-18""},{""@Name"":""SubjectUserName"",""#text"":""DESKTOP-SDN1RPT$""},{""@Name"":""SubjectDomainName"",""#text"":""C137""},{""@Name"":""SubjectLogonId"",""#text"":""0x3E7""},{""@Name"":""ProviderName"",""#text"":""Microsoft Software Key Storage Provider""},{""@Name"":""AlgorithmName"",""#text"":""RSA""},{""@Name"":""KeyName"",""#text"":""TSSecKeySet1""},{""@Name"":""KeyType"",""#text"":""%%2499""},{""@Name"":""Operation"",""#text"":""%%2480""},{""@Name"":""ReturnCode"",""#text"":""0x0""}]}}"
1351,1351,2020-09-18 22:53:09.6189796,5379,LogAlways,Microsoft-Windows-Security-Auditing,Security,648,4612,DESKTOP-SDN1RPT.C137.local,15,,Credential Manager credentials were read,ricksanchez,,SID: S-1-5-21-2232410529-1445159330-2725690660-1106,Domain: C137,LogonID: 0x438EA2,CountOfCredentialsReturned: 0,,ActivityID: 9f37c062-8e04-0000-f2c0-379f048ed601,OneDrive Cached Credential,False,D:\Software\CTF\Misc\EvtxECmd\Security.evtx,Audit success,0,"{""EventData"":{""Data"":[{""@Name"":""SubjectUserSid"",""#text"":""S-1-5-21-2232410529-1445159330-2725690660-1106""},{""@Name"":""SubjectUserName"",""#text"":""ricksanchez""},{""@Name"":""SubjectDomainName"",""#text"":""C137""},{""@Name"":""SubjectLogonId"",""#text"":""0x438EA2""},{""@Name"":""TargetName"",""#text"":""OneDrive Cached Credential""},{""@Name"":""Type"",""#text"":""0""},{""@Name"":""CountOfCredentialsReturned"",""#text"":""0""},{""@Name"":""ReadOperation"",""#text"":""%%8100""},{""@Name"":""ReturnCode"",""#text"":""3221226021""},{""@Name"":""ProcessCreationTime"",""#text"":""2020-09-18 22:53:09.0548294""},{""@Name"":""ClientProcessId"",""#text"":""6876""}]}}"
1352,1352,2020-09-18 22:53:09.6876132,5379,LogAlways,Microsoft-Windows-Security-Auditing,Security,648,4612,DESKTOP-SDN1RPT.C137.local,15,,Credential Manager credentials were read,ricksanchez,,SID: S-1-5-21-2232410529-1445159330-2725690660-1106,Domain: C137,LogonID: 0x438EA2,CountOfCredentialsReturned: 0,,ActivityID: 9f37c062-8e04-0000-f2c0-379f048ed601,OneDrive Cached Credential*,False,D:\Software\CTF\Misc\EvtxECmd\Security.evtx,Audit success,0,"{""EventData"":{""Data"":[{""@Name"":""SubjectUserSid"",""#text"":""S-1-5-21-2232410529-1445159330-2725690660-1106""},{""@Name"":""SubjectUserName"",""#text"":""ricksanchez""},{""@Name"":""SubjectDomainName"",""#text"":""C137""},{""@Name"":""SubjectLogonId"",""#text"":""0x438EA2""},{""@Name"":""TargetName"",""#text"":""OneDrive Cached Credential*""},{""@Name"":""Type"",""#text"":""0""},{""@Name"":""CountOfCredentialsReturned"",""#text"":""0""},{""@Name"":""ReadOperation"",""#text"":""%%8100""},{""@Name"":""ReturnCode"",""#text"":""3221226021""},{""@Name"":""ProcessCreationTime"",""#text"":""2020-09-18 22:53:09.0548294""},{""@Name"":""ClientProcessId"",""#text"":""6876""}]}}"
1353,1353,2020-09-18 22:53:09.8686082,5379,LogAlways,Microsoft-Windows-Security-Auditing,Security,648,4612,DESKTOP-SDN1RPT.C137.local,15,,Credential Manager credentials were read,DESKTOP-SDN1RPT$,,SID: S-1-5-18,Domain: C137,LogonID: 0x3E7,CountOfCredentialsReturned: 0,,ActivityID: 9f37c062-8e04-0000-f2c0-379f048ed601,WindowsLive:(token):name=02mxskfvpzuazrtt;serviceuri=*,False,D:\Software\CTF\Misc\EvtxECmd\Security.evtx,Audit success,0,"{""EventData"":{""Data"":[{""@Name"":""SubjectUserSid"",""#text"":""S-1-5-18""},{""@Name"":""SubjectUserName"",""#text"":""DESKTOP-SDN1RPT$""},{""@Name"":""SubjectDomainName"",""#text"":""C137""},{""@Name"":""SubjectLogonId"",""#text"":""0x3E7""},{""@Name"":""TargetName"",""#text"":""WindowsLive:(token):name=02mxskfvpzuazrtt;serviceuri=*""},{""@Name"":""Type"",""#text"":""0""},{""@Name"":""CountOfCredentialsReturned"",""#text"":""0""},{""@Name"":""ReadOperation"",""#text"":""%%8100""},{""@Name"":""ReturnCode"",""#text"":""3221226021""},{""@Name"":""ProcessCreationTime"",""#text"":""2020-09-18 21:42:39.6472675""},{""@Name"":""ClientProcessId"",""#text"":""448""}]}}"
1354,1354,2020-09-18 22:53:09.8689379,5379,LogAlways,Microsoft-Windows-Security-Auditing,Security,648,4612,DESKTOP-SDN1RPT.C137.local,15,,Credential Manager credentials were read,DESKTOP-SDN1RPT$,,SID: S-1-5-18,Domain: C137,LogonID: 0x3E7,CountOfCredentialsReturned: 0,,ActivityID: 9f37c062-8e04-0000-f2c0-379f048ed601,WindowsLive:(cert):name=02mxskfvpzuazrtt;serviceuri=*,False,D:\Software\CTF\Misc\EvtxECmd\Security.evtx,Audit success,0,"{""EventData"":{""Data"":[{""@Name"":""SubjectUserSid"",""#text"":""S-1-5-18""},{""@Name"":""SubjectUserName"",""#text"":""DESKTOP-SDN1RPT$""},{""@Name"":""SubjectDomainName"",""#text"":""C137""},{""@Name"":""SubjectLogonId"",""#text"":""0x3E7""},{""@Name"":""TargetName"",""#text"":""WindowsLive:(cert):name=02mxskfvpzuazrtt;serviceuri=*""},{""@Name"":""Type"",""#text"":""0""},{""@Name"":""CountOfCredentialsReturned"",""#text"":""0""},{""@Name"":""ReadOperation"",""#text"":""%%8100""},{""@Name"":""ReturnCode"",""#text"":""3221226021""},{""@Name"":""ProcessCreationTime"",""#text"":""2020-09-18 21:42:39.6472675""},{""@Name"":""ClientProcessId"",""#text"":""448""}]}}"
1355,1355,2020-09-18 22:53:09.8690550,5379,LogAlways,Microsoft-Windows-Security-Auditing,Security,648,4612,DESKTOP-SDN1RPT.C137.local,15,,Credential Manager credentials were read,DESKTOP-SDN1RPT$,,SID: S-1-5-18,Domain: C137,LogonID: 0x3E7,CountOfCredentialsReturned: 1,,ActivityID: 9f37c062-8e04-0000-f2c0-379f048ed601,WindowsLive:target=virtualapp/didlogical,False,D:\Software\CTF\Misc\EvtxECmd\Security.evtx,Audit success,0,"{""EventData"":{""Data"":[{""@Name"":""SubjectUserSid"",""#text"":""S-1-5-18""},{""@Name"":""SubjectUserName"",""#text"":""DESKTOP-SDN1RPT$""},{""@Name"":""SubjectDomainName"",""#text"":""C137""},{""@Name"":""SubjectLogonId"",""#text"":""0x3E7""},{""@Name"":""TargetName"",""#text"":""WindowsLive:target=virtualapp/didlogical""},{""@Name"":""Type"",""#text"":""0""},{""@Name"":""CountOfCredentialsReturned"",""#text"":""1""},{""@Name"":""ReadOperation"",""#text"":""%%8100""},{""@Name"":""ReturnCode"",""#text"":""0""},{""@Name"":""ProcessCreationTime"",""#text"":""2020-09-18 21:42:39.6472675""},{""@Name"":""ClientProcessId"",""#text"":""448""}]}}"
1356,1356,2020-09-18 22:53:09.8717762,5379,LogAlways,Microsoft-Windows-Security-Auditing,Security,648,4612,DESKTOP-SDN1RPT.C137.local,15,,Credential Manager credentials were read,ricksanchez,,SID: S-1-5-21-2232410529-1445159330-2725690660-1106,Domain: C137,LogonID: 0x438EA2,CountOfCredentialsReturned: 0,,ActivityID: 9f37c062-8e04-0000-f2c0-379f048ed601,WindowsLive:(token):name=02zsaylarvlymasv;serviceuri=*,False,D:\Software\CTF\Misc\EvtxECmd\Security.evtx,Audit success,0,"{""EventData"":{""Data"":[{""@Name"":""SubjectUserSid"",""#text"":""S-1-5-21-2232410529-1445159330-2725690660-1106""},{""@Name"":""SubjectUserName"",""#text"":""ricksanchez""},{""@Name"":""SubjectDomainName"",""#text"":""C137""},{""@Name"":""SubjectLogonId"",""#text"":""0x438EA2""},{""@Name"":""TargetName"",""#text"":""WindowsLive:(token):name=02zsaylarvlymasv;serviceuri=*""},{""@Name"":""Type"",""#text"":""0""},{""@Name"":""CountOfCredentialsReturned"",""#text"":""0""},{""@Name"":""ReadOperation"",""#text"":""%%8100""},{""@Name"":""ReturnCode"",""#text"":""3221226021""},{""@Name"":""ProcessCreationTime"",""#text"":""2020-09-18 21:42:39.6472675""},{""@Name"":""ClientProcessId"",""#text"":""448""}]}}"
1357,1357,2020-09-18 22:53:09.8720601,5379,LogAlways,Microsoft-Windows-Security-Auditing,Security,648,4612,DESKTOP-SDN1RPT.C137.local,15,,Credential Manager credentials were read,ricksanchez,,SID: S-1-5-21-2232410529-1445159330-2725690660-1106,Domain: C137,LogonID: 0x438EA2,CountOfCredentialsReturned: 0,,ActivityID: 9f37c062-8e04-0000-f2c0-379f048ed601,WindowsLive:(cert):name=02zsaylarvlymasv;serviceuri=*,False,D:\Software\CTF\Misc\EvtxECmd\Security.evtx,Audit success,0,"{""EventData"":{""Data"":[{""@Name"":""SubjectUserSid"",""#text"":""S-1-5-21-2232410529-1445159330-2725690660-1106""},{""@Name"":""SubjectUserName"",""#text"":""ricksanchez""},{""@Name"":""SubjectDomainName"",""#text"":""C137""},{""@Name"":""SubjectLogonId"",""#text"":""0x438EA2""},{""@Name"":""TargetName"",""#text"":""WindowsLive:(cert):name=02zsaylarvlymasv;serviceuri=*""},{""@Name"":""Type"",""#text"":""0""},{""@Name"":""CountOfCredentialsReturned"",""#text"":""0""},{""@Name"":""ReadOperation"",""#text"":""%%8100""},{""@Name"":""ReturnCode"",""#text"":""3221226021""},{""@Name"":""ProcessCreationTime"",""#text"":""2020-09-18 21:42:39.6472675""},{""@Name"":""ClientProcessId"",""#text"":""448""}]}}"
1358,1358,2020-09-18 22:53:09.8721526,5379,LogAlways,Microsoft-Windows-Security-Auditing,Security,648,4612,DESKTOP-SDN1RPT.C137.local,15,,Credential Manager credentials were read,ricksanchez,,SID: S-1-5-21-2232410529-1445159330-2725690660-1106,Domain: C137,LogonID: 0x438EA2,CountOfCredentialsReturned: 1,,ActivityID: 9f37c062-8e04-0000-f2c0-379f048ed601,WindowsLive:target=virtualapp/didlogical,False,D:\Software\CTF\Misc\EvtxECmd\Security.evtx,Audit success,0,"{""EventData"":{""Data"":[{""@Name"":""SubjectUserSid"",""#text"":""S-1-5-21-2232410529-1445159330-2725690660-1106""},{""@Name"":""SubjectUserName"",""#text"":""ricksanchez""},{""@Name"":""SubjectDomainName"",""#text"":""C137""},{""@Name"":""SubjectLogonId"",""#text"":""0x438EA2""},{""@Name"":""TargetName"",""#text"":""WindowsLive:target=virtualapp/didlogical""},{""@Name"":""Type"",""#text"":""0""},{""@Name"":""CountOfCredentialsReturned"",""#text"":""1""},{""@Name"":""ReadOperation"",""#text"":""%%8100""},{""@Name"":""ReturnCode"",""#text"":""0""},{""@Name"":""ProcessCreationTime"",""#text"":""2020-09-18 21:42:39.6472675""},{""@Name"":""ClientProcessId"",""#text"":""448""}]}}"
1359,1359,2020-09-18 22:53:10.1440578,5379,LogAlways,Microsoft-Windows-Security-Auditing,Security,648,4612,DESKTOP-SDN1RPT.C137.local,15,,Credential Manager credentials were read,ricksanchez,,SID: S-1-5-21-2232410529-1445159330-2725690660-1106,Domain: C137,LogonID: 0x438EA2,CountOfCredentialsReturned: 0,,ActivityID: 9f37c062-8e04-0000-f2c0-379f048ed601,OneDrive Cached Credential,False,D:\Software\CTF\Misc\EvtxECmd\Security.evtx,Audit success,0,"{""EventData"":{""Data"":[{""@Name"":""SubjectUserSid"",""#text"":""S-1-5-21-2232410529-1445159330-2725690660-1106""},{""@Name"":""SubjectUserName"",""#text"":""ricksanchez""},{""@Name"":""SubjectDomainName"",""#text"":""C137""},{""@Name"":""SubjectLogonId"",""#text"":""0x438EA2""},{""@Name"":""TargetName"",""#text"":""OneDrive Cached Credential""},{""@Name"":""Type"",""#text"":""0""},{""@Name"":""CountOfCredentialsReturned"",""#text"":""0""},{""@Name"":""ReadOperation"",""#text"":""%%8100""},{""@Name"":""ReturnCode"",""#text"":""3221226021""},{""@Name"":""ProcessCreationTime"",""#text"":""2020-09-18 22:53:09.0548294""},{""@Name"":""ClientProcessId"",""#text"":""6876""}]}}"
1360,1360,2020-09-18 22:53:10.6637180,5379,LogAlways,Microsoft-Windows-Security-Auditing,Security,648,624,DESKTOP-SDN1RPT.C137.local,15,,Credential Manager credentials were read,ricksanchez,,SID: S-1-5-21-2232410529-1445159330-2725690660-1106,Domain: C137,LogonID: 0x438EA2,CountOfCredentialsReturned: 0,,ActivityID: 9f37c062-8e04-0000-f2c0-379f048ed601,MicrosoftOffice*,False,D:\Software\CTF\Misc\EvtxECmd\Security.evtx,Audit success,0,"{""EventData"":{""Data"":[{""@Name"":""SubjectUserSid"",""#text"":""S-1-5-21-2232410529-1445159330-2725690660-1106""},{""@Name"":""SubjectUserName"",""#text"":""ricksanchez""},{""@Name"":""SubjectDomainName"",""#text"":""C137""},{""@Name"":""SubjectLogonId"",""#text"":""0x438EA2""},{""@Name"":""TargetName"",""#text"":""MicrosoftOffice*""},{""@Name"":""Type"",""#text"":""0""},{""@Name"":""CountOfCredentialsReturned"",""#text"":""0""},{""@Name"":""ReadOperation"",""#text"":""%%8100""},{""@Name"":""ReturnCode"",""#text"":""3221226021""},{""@Name"":""ProcessCreationTime"",""#text"":""2020-09-18 22:53:09.0548294""},{""@Name"":""ClientProcessId"",""#text"":""6876""}]}}"
1361,1361,2020-09-18 22:53:54.0794296,5058,LogAlways,Microsoft-Windows-Security-Auditing,Security,648,688,DESKTOP-SDN1RPT.C137.local,15,,,,,,,,,,,,False,D:\Software\CTF\Misc\EvtxECmd\Security.evtx,Audit success,0,"{""EventData"":{""Data"":[{""@Name"":""SubjectUserSid"",""#text"":""S-1-5-21-2232410529-1445159330-2725690660-1106""},{""@Name"":""SubjectUserName"",""#text"":""ricksanchez""},{""@Name"":""SubjectDomainName"",""#text"":""C137""},{""@Name"":""SubjectLogonId"",""#text"":""0x438EA2""},{""@Name"":""ClientProcessId"",""#text"":""3784""},{""@Name"":""ClientCreationTime"",""#text"":""2020-09-18 22:53:53.4648946""},{""@Name"":""ProviderName"",""#text"":""Microsoft Software Key Storage Provider""},{""@Name"":""AlgorithmName"",""#text"":""ECDSA_P256""},{""@Name"":""KeyName"",""#text"":""TB_2_office.com""},{""@Name"":""KeyType"",""#text"":""%%2500""},{""@Name"":""KeyFilePath"",""#text"":""C:\\Users\\ricksanchez\\AppData\\Local\\Packages\\microsoft.microsoftofficehub_8wekyb3d8bbwe\\AC\\Microsoft\\Crypto\\TokenBindingKeys\\Keys\\51d5a67133c3eac396ed07e632a0467f_511cefa6-2706-41b2-b1d8-b70acd58c1f3_28a74157a23725af3fab7701f255bb7f""},{""@Name"":""Operation"",""#text"":""%%2459""},{""@Name"":""ReturnCode"",""#text"":""0x0""}]}}"
1362,1362,2020-09-18 22:53:54.0798191,5061,LogAlways,Microsoft-Windows-Security-Auditing,Security,648,688,DESKTOP-SDN1RPT.C137.local,15,,,,,,,,,,,,False,D:\Software\CTF\Misc\EvtxECmd\Security.evtx,Audit success,0,"{""EventData"":{""Data"":[{""@Name"":""SubjectUserSid"",""#text"":""S-1-5-21-2232410529-1445159330-2725690660-1106""},{""@Name"":""SubjectUserName"",""#text"":""ricksanchez""},{""@Name"":""SubjectDomainName"",""#text"":""C137""},{""@Name"":""SubjectLogonId"",""#text"":""0x438EA2""},{""@Name"":""ProviderName"",""#text"":""Microsoft Software Key Storage Provider""},{""@Name"":""AlgorithmName"",""#text"":""ECDSA_P256""},{""@Name"":""KeyName"",""#text"":""TB_2_office.com""},{""@Name"":""KeyType"",""#text"":""%%2500""},{""@Name"":""Operation"",""#text"":""%%2481""},{""@Name"":""ReturnCode"",""#text"":""0x0""}]}}"
1363,1363,2020-09-18 22:53:54.0800126,5059,LogAlways,Microsoft-Windows-Security-Auditing,Security,648,688,DESKTOP-SDN1RPT.C137.local,15,,,,,,,,,,,,False,D:\Software\CTF\Misc\EvtxECmd\Security.evtx,Audit success,0,"{""EventData"":{""Data"":[{""@Name"":""SubjectUserSid"",""#text"":""S-1-5-21-2232410529-1445159330-2725690660-1106""},{""@Name"":""SubjectUserName"",""#text"":""ricksanchez""},{""@Name"":""SubjectDomainName"",""#text"":""C137""},{""@Name"":""SubjectLogonId"",""#text"":""0x438EA2""},{""@Name"":""ClientProcessId"",""#text"":""3784""},{""@Name"":""ClientCreationTime"",""#text"":""2020-09-18 22:53:53.4648946""},{""@Name"":""ProviderName"",""#text"":""Microsoft Software Key Storage Provider""},{""@Name"":""AlgorithmName"",""#text"":""ECDSA_P256""},{""@Name"":""KeyName"",""#text"":""TB_2_office.com""},{""@Name"":""KeyType"",""#text"":""%%2500""},{""@Name"":""Operation"",""#text"":""%%2464""},{""@Name"":""ReturnCode"",""#text"":""0x0""}]}}"
1364,1364,2020-09-18 22:54:25.1072409,4799,LogAlways,Microsoft-Windows-Security-Auditing,Security,648,688,DESKTOP-SDN1RPT.C137.local,15,,A security-enabled local group membership was enumerated,C137\ricksanchez (S-1-5-21-2232410529-1445159330-2725690660-1106),,Target: Builtin\Remote Desktop Users (S-1-5-32-555),SubjectLogonId: 0x438E75,CallerProcessName: C:\Windows\System32\SystemSettingsAdminFlows.exe,CallerProcessId: 0xCE8,,,,False,D:\Software\CTF\Misc\EvtxECmd\Security.evtx,Audit success,0,"{""EventData"":{""Data"":[{""@Name"":""TargetUserName"",""#text"":""Remote Desktop Users""},{""@Name"":""TargetDomainName"",""#text"":""Builtin""},{""@Name"":""TargetSid"",""#text"":""S-1-5-32-555""},{""@Name"":""SubjectUserSid"",""#text"":""S-1-5-21-2232410529-1445159330-2725690660-1106""},{""@Name"":""SubjectUserName"",""#text"":""ricksanchez""},{""@Name"":""SubjectDomainName"",""#text"":""C137""},{""@Name"":""SubjectLogonId"",""#text"":""0x438E75""},{""@Name"":""CallerProcessId"",""#text"":""0xCE8""},{""@Name"":""CallerProcessName"",""#text"":""C:\\Windows\\System32\\SystemSettingsAdminFlows.exe""}]}}"
1365,1365,2020-09-18 22:54:40.0105697,5379,LogAlways,Microsoft-Windows-Security-Auditing,Security,648,4612,DESKTOP-SDN1RPT.C137.local,15,,Credential Manager credentials were read,ricksanchez,,SID: S-1-5-21-2232410529-1445159330-2725690660-1106,Domain: C137,LogonID: 0x438EA2,CountOfCredentialsReturned: 0,,ActivityID: 9f37c062-8e04-0000-f2c0-379f048ed601,MicrosoftAccount:user=02zsaylarvlymasv,False,D:\Software\CTF\Misc\EvtxECmd\Security.evtx,Audit success,0,"{""EventData"":{""Data"":[{""@Name"":""SubjectUserSid"",""#text"":""S-1-5-21-2232410529-1445159330-2725690660-1106""},{""@Name"":""SubjectUserName"",""#text"":""ricksanchez""},{""@Name"":""SubjectDomainName"",""#text"":""C137""},{""@Name"":""SubjectLogonId"",""#text"":""0x438EA2""},{""@Name"":""TargetName"",""#text"":""MicrosoftAccount:user=02zsaylarvlymasv""},{""@Name"":""Type"",""#text"":""0""},{""@Name"":""CountOfCredentialsReturned"",""#text"":""0""},{""@Name"":""ReadOperation"",""#text"":""%%8100""},{""@Name"":""ReturnCode"",""#text"":""3221226021""},{""@Name"":""ProcessCreationTime"",""#text"":""2020-09-18 21:42:39.6472675""},{""@Name"":""ClientProcessId"",""#text"":""448""}]}}"
1366,1366,2020-09-18 22:54:40.0107040,5379,LogAlways,Microsoft-Windows-Security-Auditing,Security,648,4612,DESKTOP-SDN1RPT.C137.local,15,,Credential Manager credentials were read,ricksanchez,,SID: S-1-5-21-2232410529-1445159330-2725690660-1106,Domain: C137,LogonID: 0x438EA2,CountOfCredentialsReturned: 0,,ActivityID: 9f37c062-8e04-0000-f2c0-379f048ed601,WindowsLive:(token):name=02zsaylarvlymasv;serviceuri=*,False,D:\Software\CTF\Misc\EvtxECmd\Security.evtx,Audit success,0,"{""EventData"":{""Data"":[{""@Name"":""SubjectUserSid"",""#text"":""S-1-5-21-2232410529-1445159330-2725690660-1106""},{""@Name"":""SubjectUserName"",""#text"":""ricksanchez""},{""@Name"":""SubjectDomainName"",""#text"":""C137""},{""@Name"":""SubjectLogonId"",""#text"":""0x438EA2""},{""@Name"":""TargetName"",""#text"":""WindowsLive:(token):name=02zsaylarvlymasv;serviceuri=*""},{""@Name"":""Type"",""#text"":""0""},{""@Name"":""CountOfCredentialsReturned"",""#text"":""0""},{""@Name"":""ReadOperation"",""#text"":""%%8100""},{""@Name"":""ReturnCode"",""#text"":""3221226021""},{""@Name"":""ProcessCreationTime"",""#text"":""2020-09-18 21:42:39.6472675""},{""@Name"":""ClientProcessId"",""#text"":""448""}]}}"
1367,1367,2020-09-18 22:54:40.0118606,5379,LogAlways,Microsoft-Windows-Security-Auditing,Security,648,4612,DESKTOP-SDN1RPT.C137.local,15,,Credential Manager credentials were read,ricksanchez,,SID: S-1-5-21-2232410529-1445159330-2725690660-1106,Domain: C137,LogonID: 0x438EA2,CountOfCredentialsReturned: 0,,ActivityID: 9f37c062-8e04-0000-f2c0-379f048ed601,WindowsLive:(cert):name=02zsaylarvlymasv;serviceuri=*,False,D:\Software\CTF\Misc\EvtxECmd\Security.evtx,Audit success,0,"{""EventData"":{""Data"":[{""@Name"":""SubjectUserSid"",""#text"":""S-1-5-21-2232410529-1445159330-2725690660-1106""},{""@Name"":""SubjectUserName"",""#text"":""ricksanchez""},{""@Name"":""SubjectDomainName"",""#text"":""C137""},{""@Name"":""SubjectLogonId"",""#text"":""0x438EA2""},{""@Name"":""TargetName"",""#text"":""WindowsLive:(cert):name=02zsaylarvlymasv;serviceuri=*""},{""@Name"":""Type"",""#text"":""0""},{""@Name"":""CountOfCredentialsReturned"",""#text"":""0""},{""@Name"":""ReadOperation"",""#text"":""%%8100""},{""@Name"":""ReturnCode"",""#text"":""3221226021""},{""@Name"":""ProcessCreationTime"",""#text"":""2020-09-18 21:42:39.6472675""},{""@Name"":""ClientProcessId"",""#text"":""448""}]}}"
1368,1368,2020-09-18 22:54:40.3420228,5379,LogAlways,Microsoft-Windows-Security-Auditing,Security,648,4612,DESKTOP-SDN1RPT.C137.local,15,,Credential Manager credentials were read,ricksanchez,,SID: S-1-5-21-2232410529-1445159330-2725690660-1106,Domain: C137,LogonID: 0x438EA2,CountOfCredentialsReturned: 0,,ActivityID: 9f37c062-8e04-0000-f2c0-379f048ed601,MicrosoftAccount:user=02zsaylarvlymasv,False,D:\Software\CTF\Misc\EvtxECmd\Security.evtx,Audit success,0,"{""EventData"":{""Data"":[{""@Name"":""SubjectUserSid"",""#text"":""S-1-5-21-2232410529-1445159330-2725690660-1106""},{""@Name"":""SubjectUserName"",""#text"":""ricksanchez""},{""@Name"":""SubjectDomainName"",""#text"":""C137""},{""@Name"":""SubjectLogonId"",""#text"":""0x438EA2""},{""@Name"":""TargetName"",""#text"":""MicrosoftAccount:user=02zsaylarvlymasv""},{""@Name"":""Type"",""#text"":""0""},{""@Name"":""CountOfCredentialsReturned"",""#text"":""0""},{""@Name"":""ReadOperation"",""#text"":""%%8100""},{""@Name"":""ReturnCode"",""#text"":""3221226021""},{""@Name"":""ProcessCreationTime"",""#text"":""2020-09-18 21:42:39.6472675""},{""@Name"":""ClientProcessId"",""#text"":""448""}]}}"
1369,1369,2020-09-18 22:54:40.3451300,5379,LogAlways,Microsoft-Windows-Security-Auditing,Security,648,4612,DESKTOP-SDN1RPT.C137.local,15,,Credential Manager credentials were read,ricksanchez,,SID: S-1-5-21-2232410529-1445159330-2725690660-1106,Domain: C137,LogonID: 0x438EA2,CountOfCredentialsReturned: 0,,ActivityID: 9f37c062-8e04-0000-f2c0-379f048ed601,MicrosoftAccount:user=02zsaylarvlymasv,False,D:\Software\CTF\Misc\EvtxECmd\Security.evtx,Audit success,0,"{""EventData"":{""Data"":[{""@Name"":""SubjectUserSid"",""#text"":""S-1-5-21-2232410529-1445159330-2725690660-1106""},{""@Name"":""SubjectUserName"",""#text"":""ricksanchez""},{""@Name"":""SubjectDomainName"",""#text"":""C137""},{""@Name"":""SubjectLogonId"",""#text"":""0x438EA2""},{""@Name"":""TargetName"",""#text"":""MicrosoftAccount:user=02zsaylarvlymasv""},{""@Name"":""Type"",""#text"":""0""},{""@Name"":""CountOfCredentialsReturned"",""#text"":""0""},{""@Name"":""ReadOperation"",""#text"":""%%8100""},{""@Name"":""ReturnCode"",""#text"":""3221226021""},{""@Name"":""ProcessCreationTime"",""#text"":""2020-09-18 21:42:39.6472675""},{""@Name"":""ClientProcessId"",""#text"":""448""}]}}"
1370,1370,2020-09-18 22:54:40.3475121,5379,LogAlways,Microsoft-Windows-Security-Auditing,Security,648,4612,DESKTOP-SDN1RPT.C137.local,15,,Credential Manager credentials were read,ricksanchez,,SID: S-1-5-21-2232410529-1445159330-2725690660-1106,Domain: C137,LogonID: 0x438EA2,CountOfCredentialsReturned: 0,,ActivityID: 9f37c062-8e04-0000-f2c0-379f048ed601,MicrosoftAccount:user=02zsaylarvlymasv,False,D:\Software\CTF\Misc\EvtxECmd\Security.evtx,Audit success,0,"{""EventData"":{""Data"":[{""@Name"":""SubjectUserSid"",""#text"":""S-1-5-21-2232410529-1445159330-2725690660-1106""},{""@Name"":""SubjectUserName"",""#text"":""ricksanchez""},{""@Name"":""SubjectDomainName"",""#text"":""C137""},{""@Name"":""SubjectLogonId"",""#text"":""0x438EA2""},{""@Name"":""TargetName"",""#text"":""MicrosoftAccount:user=02zsaylarvlymasv""},{""@Name"":""Type"",""#text"":""0""},{""@Name"":""CountOfCredentialsReturned"",""#text"":""0""},{""@Name"":""ReadOperation"",""#text"":""%%8100""},{""@Name"":""ReturnCode"",""#text"":""3221226021""},{""@Name"":""ProcessCreationTime"",""#text"":""2020-09-18 21:42:39.6472675""},{""@Name"":""ClientProcessId"",""#text"":""448""}]}}"
1371,1371,2020-09-18 22:54:40.3476101,5379,LogAlways,Microsoft-Windows-Security-Auditing,Security,648,4612,DESKTOP-SDN1RPT.C137.local,15,,Credential Manager credentials were read,ricksanchez,,SID: S-1-5-21-2232410529-1445159330-2725690660-1106,Domain: C137,LogonID: 0x438EA2,CountOfCredentialsReturned: 0,,ActivityID: 9f37c062-8e04-0000-f2c0-379f048ed601,MicrosoftAccount:user=02zsaylarvlymasv,False,D:\Software\CTF\Misc\EvtxECmd\Security.evtx,Audit success,0,"{""EventData"":{""Data"":[{""@Name"":""SubjectUserSid"",""#text"":""S-1-5-21-2232410529-1445159330-2725690660-1106""},{""@Name"":""SubjectUserName"",""#text"":""ricksanchez""},{""@Name"":""SubjectDomainName"",""#text"":""C137""},{""@Name"":""SubjectLogonId"",""#text"":""0x438EA2""},{""@Name"":""TargetName"",""#text"":""MicrosoftAccount:user=02zsaylarvlymasv""},{""@Name"":""Type"",""#text"":""0""},{""@Name"":""CountOfCredentialsReturned"",""#text"":""0""},{""@Name"":""ReadOperation"",""#text"":""%%8100""},{""@Name"":""ReturnCode"",""#text"":""3221226021""},{""@Name"":""ProcessCreationTime"",""#text"":""2020-09-18 21:42:39.6472675""},{""@Name"":""ClientProcessId"",""#text"":""448""}]}}"
1372,1372,2020-09-18 22:54:40.9462993,5058,LogAlways,Microsoft-Windows-Security-Auditing,Security,648,4612,DESKTOP-SDN1RPT.C137.local,15,,,,,,,,,,,,False,D:\Software\CTF\Misc\EvtxECmd\Security.evtx,Audit success,0,"{""EventData"":{""Data"":[{""@Name"":""SubjectUserSid"",""#text"":""S-1-5-21-2232410529-1445159330-2725690660-1106""},{""@Name"":""SubjectUserName"",""#text"":""ricksanchez""},{""@Name"":""SubjectDomainName"",""#text"":""C137""},{""@Name"":""SubjectLogonId"",""#text"":""0x438EA2""},{""@Name"":""ClientProcessId"",""#text"":""1504""},{""@Name"":""ClientCreationTime"",""#text"":""2020-09-18 22:54:38.9194914""},{""@Name"":""ProviderName"",""#text"":""Microsoft Software Key Storage Provider""},{""@Name"":""AlgorithmName"",""#text"":""ECDSA_P256""},{""@Name"":""KeyName"",""#text"":""TB_2_xboxservices.com""},{""@Name"":""KeyType"",""#text"":""%%2500""},{""@Name"":""KeyFilePath"",""#text"":""C:\\Users\\ricksanchez\\AppData\\Local\\Packages\\microsoft.windowsstore_8wekyb3d8bbwe\\AC\\Microsoft\\Crypto\\TokenBindingKeys\\Keys\\fb05207e35d4b5cae4684dea762a3e51_511cefa6-2706-41b2-b1d8-b70acd58c1f3_e29d869b8a2c2dd89501c0d9482cf666""},{""@Name"":""Operation"",""#text"":""%%2459""},{""@Name"":""ReturnCode"",""#text"":""0x0""}]}}"
1373,1373,2020-09-18 22:54:40.9468425,5061,LogAlways,Microsoft-Windows-Security-Auditing,Security,648,4612,DESKTOP-SDN1RPT.C137.local,15,,,,,,,,,,,,False,D:\Software\CTF\Misc\EvtxECmd\Security.evtx,Audit success,0,"{""EventData"":{""Data"":[{""@Name"":""SubjectUserSid"",""#text"":""S-1-5-21-2232410529-1445159330-2725690660-1106""},{""@Name"":""SubjectUserName"",""#text"":""ricksanchez""},{""@Name"":""SubjectDomainName"",""#text"":""C137""},{""@Name"":""SubjectLogonId"",""#text"":""0x438EA2""},{""@Name"":""ProviderName"",""#text"":""Microsoft Software Key Storage Provider""},{""@Name"":""AlgorithmName"",""#text"":""ECDSA_P256""},{""@Name"":""KeyName"",""#text"":""TB_2_xboxservices.com""},{""@Name"":""KeyType"",""#text"":""%%2500""},{""@Name"":""Operation"",""#text"":""%%2481""},{""@Name"":""ReturnCode"",""#text"":""0x0""}]}}"
1374,1374,2020-09-18 22:54:40.9478631,5059,LogAlways,Microsoft-Windows-Security-Auditing,Security,648,4612,DESKTOP-SDN1RPT.C137.local,15,,,,,,,,,,,,False,D:\Software\CTF\Misc\EvtxECmd\Security.evtx,Audit success,0,"{""EventData"":{""Data"":[{""@Name"":""SubjectUserSid"",""#text"":""S-1-5-21-2232410529-1445159330-2725690660-1106""},{""@Name"":""SubjectUserName"",""#text"":""ricksanchez""},{""@Name"":""SubjectDomainName"",""#text"":""C137""},{""@Name"":""SubjectLogonId"",""#text"":""0x438EA2""},{""@Name"":""ClientProcessId"",""#text"":""1504""},{""@Name"":""ClientCreationTime"",""#text"":""2020-09-18 22:54:38.9194914""},{""@Name"":""ProviderName"",""#text"":""Microsoft Software Key Storage Provider""},{""@Name"":""AlgorithmName"",""#text"":""ECDSA_P256""},{""@Name"":""KeyName"",""#text"":""TB_2_xboxservices.com""},{""@Name"":""KeyType"",""#text"":""%%2500""},{""@Name"":""Operation"",""#text"":""%%2464""},{""@Name"":""ReturnCode"",""#text"":""0x0""}]}}"
1375,1375,2020-09-18 22:54:48.2559341,5382,LogAlways,Microsoft-Windows-Security-Auditing,Security,648,4612,DESKTOP-SDN1RPT.C137.local,15,,,,,,,,,,,,False,D:\Software\CTF\Misc\EvtxECmd\Security.evtx,Audit success,0,"{""EventData"":{""Data"":[{""@Name"":""SubjectUserSid"",""#text"":""S-1-5-18""},{""@Name"":""SubjectUserName"",""#text"":""DESKTOP-SDN1RPT$""},{""@Name"":""SubjectDomainName"",""#text"":""C137""},{""@Name"":""SubjectLogonId"",""#text"":""0x3E7""},{""@Name"":""SchemaFriendlyName"",""#text"":""NGC Local Accoount Logon Vault Resource Schema""},{""@Name"":""Schema"",""#text"":""1d4350a3-330d-4af9-b3ff-a927a45998ac""},{""@Name"":""Resource"",""#text"":""NGC Local Accoount Logon Vault Resource""},{""@Name"":""Identity"",""#text"":""010500000000000515000000A1E10F85A261235624BD76A252040000""},{""@Name"":""PackageSid""},{""@Name"":""Flags"",""#text"":""0""},{""@Name"":""ReturnCode"",""#text"":""1168""},{""@Name"":""ProcessCreationTime"",""#text"":""2020-09-18 21:42:39.6868401""},{""@Name"":""ClientProcessId"",""#text"":""1060""}]}}"
1376,1376,2020-09-18 22:54:48.2669280,5382,LogAlways,Microsoft-Windows-Security-Auditing,Security,648,4612,DESKTOP-SDN1RPT.C137.local,15,,,,,,,,,,,,False,D:\Software\CTF\Misc\EvtxECmd\Security.evtx,Audit success,0,"{""EventData"":{""Data"":[{""@Name"":""SubjectUserSid"",""#text"":""S-1-5-18""},{""@Name"":""SubjectUserName"",""#text"":""DESKTOP-SDN1RPT$""},{""@Name"":""SubjectDomainName"",""#text"":""C137""},{""@Name"":""SubjectLogonId"",""#text"":""0x3E7""},{""@Name"":""SchemaFriendlyName"",""#text"":""NGC Local Accoount Logon Vault Resource Schema""},{""@Name"":""Schema"",""#text"":""1d4350a3-330d-4af9-b3ff-a927a45998ac""},{""@Name"":""Resource"",""#text"":""NGC Local Accoount Logon Vault Resource""},{""@Name"":""Identity"",""#text"":""010500000000000515000000A1E10F85A261235624BD76A252040000""},{""@Name"":""PackageSid""},{""@Name"":""Flags"",""#text"":""0""},{""@Name"":""ReturnCode"",""#text"":""1168""},{""@Name"":""ProcessCreationTime"",""#text"":""2020-09-18 21:42:39.6868401""},{""@Name"":""ClientProcessId"",""#text"":""1060""}]}}"
1377,1377,2020-09-18 22:55:33.9778965,4799,LogAlways,Microsoft-Windows-Security-Auditing,Security,648,704,DESKTOP-SDN1RPT.C137.local,15,,A security-enabled local group membership was enumerated,C137\ricksanchez (S-1-5-21-2232410529-1445159330-2725690660-1106),,Target: Builtin\Remote Desktop Users (S-1-5-32-555),SubjectLogonId: 0x438E75,CallerProcessName: C:\Windows\System32\SystemSettingsAdminFlows.exe,CallerProcessId: 0xCE8,,,,False,D:\Software\CTF\Misc\EvtxECmd\Security.evtx,Audit success,0,"{""EventData"":{""Data"":[{""@Name"":""TargetUserName"",""#text"":""Remote Desktop Users""},{""@Name"":""TargetDomainName"",""#text"":""Builtin""},{""@Name"":""TargetSid"",""#text"":""S-1-5-32-555""},{""@Name"":""SubjectUserSid"",""#text"":""S-1-5-21-2232410529-1445159330-2725690660-1106""},{""@Name"":""SubjectUserName"",""#text"":""ricksanchez""},{""@Name"":""SubjectDomainName"",""#text"":""C137""},{""@Name"":""SubjectLogonId"",""#text"":""0x438E75""},{""@Name"":""CallerProcessId"",""#text"":""0xCE8""},{""@Name"":""CallerProcessName"",""#text"":""C:\\Windows\\System32\\SystemSettingsAdminFlows.exe""}]}}"
1378,1378,2020-09-18 22:55:33.9926164,4732,LogAlways,Microsoft-Windows-Security-Auditing,Security,648,704,DESKTOP-SDN1RPT.C137.local,15,,A member was added to a security-enabled local group,C137\ricksanchez (S-1-5-21-2232410529-1445159330-2725690660-1106),,Target: Builtin\Remote Desktop Users (S-1-5-32-555),SubjectLogonId: 0x438E75,MemberName: -,MemberSid: S-1-5-21-2232410529-1445159330-2725690660-500,PrivilegeList: -,,,False,D:\Software\CTF\Misc\EvtxECmd\Security.evtx,Audit success,0,"{""EventData"":{""Data"":[{""@Name"":""MemberName"",""#text"":""-""},{""@Name"":""MemberSid"",""#text"":""S-1-5-21-2232410529-1445159330-2725690660-500""},{""@Name"":""TargetUserName"",""#text"":""Remote Desktop Users""},{""@Name"":""TargetDomainName"",""#text"":""Builtin""},{""@Name"":""TargetSid"",""#text"":""S-1-5-32-555""},{""@Name"":""SubjectUserSid"",""#text"":""S-1-5-21-2232410529-1445159330-2725690660-1106""},{""@Name"":""SubjectUserName"",""#text"":""ricksanchez""},{""@Name"":""SubjectDomainName"",""#text"":""C137""},{""@Name"":""SubjectLogonId"",""#text"":""0x438E75""},{""@Name"":""PrivilegeList"",""#text"":""-""}]}}"
1379,1379,2020-09-18 22:55:33.9969060,4732,LogAlways,Microsoft-Windows-Security-Auditing,Security,648,704,DESKTOP-SDN1RPT.C137.local,15,,A member was added to a security-enabled local group,C137\ricksanchez (S-1-5-21-2232410529-1445159330-2725690660-1106),,Target: Builtin\Remote Desktop Users (S-1-5-32-555),SubjectLogonId: 0x438E75,MemberName: -,MemberSid: S-1-5-21-2232410529-1445159330-2725690660-512,PrivilegeList: -,,,False,D:\Software\CTF\Misc\EvtxECmd\Security.evtx,Audit success,0,"{""EventData"":{""Data"":[{""@Name"":""MemberName"",""#text"":""-""},{""@Name"":""MemberSid"",""#text"":""S-1-5-21-2232410529-1445159330-2725690660-512""},{""@Name"":""TargetUserName"",""#text"":""Remote Desktop Users""},{""@Name"":""TargetDomainName"",""#text"":""Builtin""},{""@Name"":""TargetSid"",""#text"":""S-1-5-32-555""},{""@Name"":""SubjectUserSid"",""#text"":""S-1-5-21-2232410529-1445159330-2725690660-1106""},{""@Name"":""SubjectUserName"",""#text"":""ricksanchez""},{""@Name"":""SubjectDomainName"",""#text"":""C137""},{""@Name"":""SubjectLogonId"",""#text"":""0x438E75""},{""@Name"":""PrivilegeList"",""#text"":""-""}]}}"
1380,1380,2020-09-18 22:55:33.9989012,4732,LogAlways,Microsoft-Windows-Security-Auditing,Security,648,704,DESKTOP-SDN1RPT.C137.local,15,,A member was added to a security-enabled local group,C137\ricksanchez (S-1-5-21-2232410529-1445159330-2725690660-1106),,Target: Builtin\Remote Desktop Users (S-1-5-32-555),SubjectLogonId: 0x438E75,MemberName: -,MemberSid: S-1-5-21-2232410529-1445159330-2725690660-513,PrivilegeList: -,,,False,D:\Software\CTF\Misc\EvtxECmd\Security.evtx,Audit success,0,"{""EventData"":{""Data"":[{""@Name"":""MemberName"",""#text"":""-""},{""@Name"":""MemberSid"",""#text"":""S-1-5-21-2232410529-1445159330-2725690660-513""},{""@Name"":""TargetUserName"",""#text"":""Remote Desktop Users""},{""@Name"":""TargetDomainName"",""#text"":""Builtin""},{""@Name"":""TargetSid"",""#text"":""S-1-5-32-555""},{""@Name"":""SubjectUserSid"",""#text"":""S-1-5-21-2232410529-1445159330-2725690660-1106""},{""@Name"":""SubjectUserName"",""#text"":""ricksanchez""},{""@Name"":""SubjectDomainName"",""#text"":""C137""},{""@Name"":""SubjectLogonId"",""#text"":""0x438E75""},{""@Name"":""PrivilegeList"",""#text"":""-""}]}}"
1381,1381,2020-09-18 22:55:34.0003713,4732,LogAlways,Microsoft-Windows-Security-Auditing,Security,648,704,DESKTOP-SDN1RPT.C137.local,15,,A member was added to a security-enabled local group,C137\ricksanchez (S-1-5-21-2232410529-1445159330-2725690660-1106),,Target: Builtin\Remote Desktop Users (S-1-5-32-555),SubjectLogonId: 0x438E75,MemberName: -,MemberSid: S-1-5-21-2232410529-1445159330-2725690660-1108,PrivilegeList: -,,,False,D:\Software\CTF\Misc\EvtxECmd\Security.evtx,Audit success,0,"{""EventData"":{""Data"":[{""@Name"":""MemberName"",""#text"":""-""},{""@Name"":""MemberSid"",""#text"":""S-1-5-21-2232410529-1445159330-2725690660-1108""},{""@Name"":""TargetUserName"",""#text"":""Remote Desktop Users""},{""@Name"":""TargetDomainName"",""#text"":""Builtin""},{""@Name"":""TargetSid"",""#text"":""S-1-5-32-555""},{""@Name"":""SubjectUserSid"",""#text"":""S-1-5-21-2232410529-1445159330-2725690660-1106""},{""@Name"":""SubjectUserName"",""#text"":""ricksanchez""},{""@Name"":""SubjectDomainName"",""#text"":""C137""},{""@Name"":""SubjectLogonId"",""#text"":""0x438E75""},{""@Name"":""PrivilegeList"",""#text"":""-""}]}}"
1382,1382,2020-09-18 22:56:15.8942385,1100,Info,Microsoft-Windows-Eventlog,Security,728,4960,DESKTOP-SDN1RPT.C137.local,15,,The event logging service has shut down,,,,,,,,,,False,D:\Software\CTF\Misc\EvtxECmd\Security.evtx,0x4020000000000000,0,"{""UserData"":{""ServiceShutdown"":""""}}"
1383,1383,2020-09-18 22:56:15.4277679,4647,LogAlways,Microsoft-Windows-Security-Auditing,Security,648,1176,DESKTOP-SDN1RPT.C137.local,15,,User initiated logoff,Target: C137\ricksanchez,,,,LogonId: 0x438EA2,,,,,False,D:\Software\CTF\Misc\EvtxECmd\Security.evtx,Audit success,0,"{""EventData"":{""Data"":[{""@Name"":""TargetUserSid"",""#text"":""S-1-5-21-2232410529-1445159330-2725690660-1106""},{""@Name"":""TargetUserName"",""#text"":""ricksanchez""},{""@Name"":""TargetDomainName"",""#text"":""C137""},{""@Name"":""TargetLogonId"",""#text"":""0x438EA2""}]}}"
1384,1384,2020-09-18 22:56:15.5235322,4798,LogAlways,Microsoft-Windows-Security-Auditing,Security,648,4612,DESKTOP-SDN1RPT.C137.local,15,,A user's local group membership was enumerated,C137\DESKTOP-SDN1RPT$ (S-1-5-18),,Target: DESKTOP-SDN1RPT\Admin (S-1-5-21-41211245-796119838-3940169921-1001),SubjectLogonId: 0x3E7,CallerProcessName: C:\Windows\System32\svchost.exe,CallerProcessId: 0x1C0,,,,False,D:\Software\CTF\Misc\EvtxECmd\Security.evtx,Audit success,0,"{""EventData"":{""Data"":[{""@Name"":""TargetUserName"",""#text"":""Admin""},{""@Name"":""TargetDomainName"",""#text"":""DESKTOP-SDN1RPT""},{""@Name"":""TargetSid"",""#text"":""S-1-5-21-41211245-796119838-3940169921-1001""},{""@Name"":""SubjectUserSid"",""#text"":""S-1-5-18""},{""@Name"":""SubjectUserName"",""#text"":""DESKTOP-SDN1RPT$""},{""@Name"":""SubjectDomainName"",""#text"":""C137""},{""@Name"":""SubjectLogonId"",""#text"":""0x3E7""},{""@Name"":""CallerProcessId"",""#text"":""0x1C0""},{""@Name"":""CallerProcessName"",""#text"":""C:\\Windows\\System32\\svchost.exe""}]}}"
1385,1385,2020-09-18 22:56:15.5237575,4798,LogAlways,Microsoft-Windows-Security-Auditing,Security,648,4612,DESKTOP-SDN1RPT.C137.local,15,,A user's local group membership was enumerated,C137\DESKTOP-SDN1RPT$ (S-1-5-18),,Target: DESKTOP-SDN1RPT\Administrator (S-1-5-21-41211245-796119838-3940169921-500),SubjectLogonId: 0x3E7,CallerProcessName: C:\Windows\System32\svchost.exe,CallerProcessId: 0x1C0,,,,False,D:\Software\CTF\Misc\EvtxECmd\Security.evtx,Audit success,0,"{""EventData"":{""Data"":[{""@Name"":""TargetUserName"",""#text"":""Administrator""},{""@Name"":""TargetDomainName"",""#text"":""DESKTOP-SDN1RPT""},{""@Name"":""TargetSid"",""#text"":""S-1-5-21-41211245-796119838-3940169921-500""},{""@Name"":""SubjectUserSid"",""#text"":""S-1-5-18""},{""@Name"":""SubjectUserName"",""#text"":""DESKTOP-SDN1RPT$""},{""@Name"":""SubjectDomainName"",""#text"":""C137""},{""@Name"":""SubjectLogonId"",""#text"":""0x3E7""},{""@Name"":""CallerProcessId"",""#text"":""0x1C0""},{""@Name"":""CallerProcessName"",""#text"":""C:\\Windows\\System32\\svchost.exe""}]}}"
1386,1386,2020-09-18 22:56:15.5239629,4798,LogAlways,Microsoft-Windows-Security-Auditing,Security,648,4612,DESKTOP-SDN1RPT.C137.local,15,,A user's local group membership was enumerated,C137\DESKTOP-SDN1RPT$ (S-1-5-18),,Target: DESKTOP-SDN1RPT\DefaultAccount (S-1-5-21-41211245-796119838-3940169921-503),SubjectLogonId: 0x3E7,CallerProcessName: C:\Windows\System32\svchost.exe,CallerProcessId: 0x1C0,,,,False,D:\Software\CTF\Misc\EvtxECmd\Security.evtx,Audit success,0,"{""EventData"":{""Data"":[{""@Name"":""TargetUserName"",""#text"":""DefaultAccount""},{""@Name"":""TargetDomainName"",""#text"":""DESKTOP-SDN1RPT""},{""@Name"":""TargetSid"",""#text"":""S-1-5-21-41211245-796119838-3940169921-503""},{""@Name"":""SubjectUserSid"",""#text"":""S-1-5-18""},{""@Name"":""SubjectUserName"",""#text"":""DESKTOP-SDN1RPT$""},{""@Name"":""SubjectDomainName"",""#text"":""C137""},{""@Name"":""SubjectLogonId"",""#text"":""0x3E7""},{""@Name"":""CallerProcessId"",""#text"":""0x1C0""},{""@Name"":""CallerProcessName"",""#text"":""C:\\Windows\\System32\\svchost.exe""}]}}"
1387,1387,2020-09-18 22:56:15.5241813,4798,LogAlways,Microsoft-Windows-Security-Auditing,Security,648,4612,DESKTOP-SDN1RPT.C137.local,15,,A user's local group membership was enumerated,C137\DESKTOP-SDN1RPT$ (S-1-5-18),,Target: DESKTOP-SDN1RPT\Guest (S-1-5-21-41211245-796119838-3940169921-501),SubjectLogonId: 0x3E7,CallerProcessName: C:\Windows\System32\svchost.exe,CallerProcessId: 0x1C0,,,,False,D:\Software\CTF\Misc\EvtxECmd\Security.evtx,Audit success,0,"{""EventData"":{""Data"":[{""@Name"":""TargetUserName"",""#text"":""Guest""},{""@Name"":""TargetDomainName"",""#text"":""DESKTOP-SDN1RPT""},{""@Name"":""TargetSid"",""#text"":""S-1-5-21-41211245-796119838-3940169921-501""},{""@Name"":""SubjectUserSid"",""#text"":""S-1-5-18""},{""@Name"":""SubjectUserName"",""#text"":""DESKTOP-SDN1RPT$""},{""@Name"":""SubjectDomainName"",""#text"":""C137""},{""@Name"":""SubjectLogonId"",""#text"":""0x3E7""},{""@Name"":""CallerProcessId"",""#text"":""0x1C0""},{""@Name"":""CallerProcessName"",""#text"":""C:\\Windows\\System32\\svchost.exe""}]}}"
1388,1388,2020-09-18 22:56:15.5243978,4798,LogAlways,Microsoft-Windows-Security-Auditing,Security,648,4612,DESKTOP-SDN1RPT.C137.local,15,,A user's local group membership was enumerated,C137\DESKTOP-SDN1RPT$ (S-1-5-18),,Target: DESKTOP-SDN1RPT\WDAGUtilityAccount (S-1-5-21-41211245-796119838-3940169921-504),SubjectLogonId: 0x3E7,CallerProcessName: C:\Windows\System32\svchost.exe,CallerProcessId: 0x1C0,,,,False,D:\Software\CTF\Misc\EvtxECmd\Security.evtx,Audit success,0,"{""EventData"":{""Data"":[{""@Name"":""TargetUserName"",""#text"":""WDAGUtilityAccount""},{""@Name"":""TargetDomainName"",""#text"":""DESKTOP-SDN1RPT""},{""@Name"":""TargetSid"",""#text"":""S-1-5-21-41211245-796119838-3940169921-504""},{""@Name"":""SubjectUserSid"",""#text"":""S-1-5-18""},{""@Name"":""SubjectUserName"",""#text"":""DESKTOP-SDN1RPT$""},{""@Name"":""SubjectDomainName"",""#text"":""C137""},{""@Name"":""SubjectLogonId"",""#text"":""0x3E7""},{""@Name"":""CallerProcessId"",""#text"":""0x1C0""},{""@Name"":""CallerProcessName"",""#text"":""C:\\Windows\\System32\\svchost.exe""}]}}"
1389,1389,2020-09-18 22:56:15.8144950,4616,LogAlways,Microsoft-Windows-Security-Auditing,Security,4,3768,DESKTOP-SDN1RPT.C137.local,15,,The system time was changed,NT AUTHORITY\LOCAL SERVICE (S-1-5-19),,Previous Time: 2020-09-18 22:56:15.7999206,New Time: 2020-09-18 22:56:15.8139360,LogonId: 0x3E5,,,,C:\Windows\System32\svchost.exe,False,D:\Software\CTF\Misc\EvtxECmd\Security.evtx,Audit success,0,"{""EventData"":{""Data"":[{""@Name"":""SubjectUserSid"",""#text"":""S-1-5-19""},{""@Name"":""SubjectUserName"",""#text"":""LOCAL SERVICE""},{""@Name"":""SubjectDomainName"",""#text"":""NT AUTHORITY""},{""@Name"":""SubjectLogonId"",""#text"":""0x3E5""},{""@Name"":""PreviousTime"",""#text"":""2020-09-18 22:56:15.7999206""},{""@Name"":""NewTime"",""#text"":""2020-09-18 22:56:15.8139360""},{""@Name"":""ProcessId"",""#text"":""0x410""},{""@Name"":""ProcessName"",""#text"":""C:\\Windows\\System32\\svchost.exe""}]}}"
1390,1390,2020-09-18 22:59:35.4804032,4688,LogAlways,Microsoft-Windows-Security-Auditing,Security,4,32,DESKTOP-SDN1RPT.C137.local,15,,A new process has been created,-\-,,"Parent process: ",PID: 0x5C,Parent PID: 0x4,Mandatory label: SECURITY_MANDATORY_SYSTEM_RID,Target User: -\-,,"Registry ",False,D:\Software\CTF\Misc\EvtxECmd\Security.evtx,Audit success,0,"{""EventData"":{""Data"":[{""@Name"":""SubjectUserSid"",""#text"":""S-1-5-18""},{""@Name"":""SubjectUserName"",""#text"":""-""},{""@Name"":""SubjectDomainName"",""#text"":""-""},{""@Name"":""SubjectLogonId"",""#text"":""0x3E7""},{""@Name"":""NewProcessId"",""#text"":""0x5C""},{""@Name"":""NewProcessName"",""#text"":""Registry""},{""@Name"":""TokenElevationType"",""#text"":""%%1936""},{""@Name"":""ProcessId"",""#text"":""0x4""},{""@Name"":""CommandLine""},{""@Name"":""TargetUserSid"",""#text"":""S-1-0-0""},{""@Name"":""TargetUserName"",""#text"":""-""},{""@Name"":""TargetDomainName"",""#text"":""-""},{""@Name"":""TargetLogonId"",""#text"":""0x0""},{""@Name"":""ParentProcessName""},{""@Name"":""MandatoryLabel"",""#text"":""S-1-16-16384""}]}}"
