RecordNumber,EventRecordId,TimeCreated,EventId,Level,Provider,Channel,ProcessId,ThreadId,Computer,ChunkNumber,UserId,MapDescription,UserName,RemoteHost,PayloadData1,PayloadData2,PayloadData3,PayloadData4,PayloadData5,PayloadData6,ExecutableInfo,HiddenRecord,SourceFile,Keywords,ExtraDataOffset,Payload
1,1,2020-09-18 05:41:08.6574956,4688,LogAlways,Microsoft-Windows-Security-Auditing,Security,4,32,WIN-2IH1TBB9I4Q,0,,A new process has been created,-\-,,"Parent process: ",PID: 0x5C,Parent PID: 0x4,Mandatory label: SECURITY_MANDATORY_SYSTEM_RID,Target User: -\-,,"Registry ",False,D:\Software\CTF\Misc\EvtxECmd\Security.evtx,Audit success,0,"{""EventData"":{""Data"":[{""@Name"":""SubjectUserSid"",""#text"":""S-1-5-18""},{""@Name"":""SubjectUserName"",""#text"":""-""},{""@Name"":""SubjectDomainName"",""#text"":""-""},{""@Name"":""SubjectLogonId"",""#text"":""0x3E7""},{""@Name"":""NewProcessId"",""#text"":""0x5C""},{""@Name"":""NewProcessName"",""#text"":""Registry""},{""@Name"":""TokenElevationType"",""#text"":""%%1936""},{""@Name"":""ProcessId"",""#text"":""0x4""},{""@Name"":""CommandLine""},{""@Name"":""TargetUserSid"",""#text"":""S-1-0-0""},{""@Name"":""TargetUserName"",""#text"":""-""},{""@Name"":""TargetDomainName"",""#text"":""-""},{""@Name"":""TargetLogonId"",""#text"":""0x0""},{""@Name"":""ParentProcessName""},{""@Name"":""MandatoryLabel"",""#text"":""S-1-16-16384""}]}}"
2,2,2020-09-18 05:41:08.6575543,4696,LogAlways,Microsoft-Windows-Security-Auditing,Security,4,32,WIN-2IH1TBB9I4Q,0,,A privileged service was called,-\- (S-1-5-18),,Target: -\- (S-1-0-0),,,,,Registry (PID: 0x5C)," (PID: 0x4)",False,D:\Software\CTF\Misc\EvtxECmd\Security.evtx,Audit success,0,"{""EventData"":{""Data"":[{""@Name"":""SubjectUserSid"",""#text"":""S-1-5-18""},{""@Name"":""SubjectUserName"",""#text"":""-""},{""@Name"":""SubjectDomainName"",""#text"":""-""},{""@Name"":""SubjectLogonId"",""#text"":""0x3E7""},{""@Name"":""TargetUserSid"",""#text"":""S-1-0-0""},{""@Name"":""TargetUserName"",""#text"":""-""},{""@Name"":""TargetDomainName"",""#text"":""-""},{""@Name"":""TargetLogonId"",""#text"":""0x3E7""},{""@Name"":""TargetProcessId"",""#text"":""0x5C""},{""@Name"":""TargetProcessName"",""#text"":""Registry""},{""@Name"":""ProcessId"",""#text"":""0x4""},{""@Name"":""ProcessName""}]}}"
3,3,2020-09-18 05:41:08.6575589,4826,LogAlways,Microsoft-Windows-Security-Auditing,Security,4,32,WIN-2IH1TBB9I4Q,0,,,,,,,,,,,,False,D:\Software\CTF\Misc\EvtxECmd\Security.evtx,Audit success,0,"{""EventData"":{""Data"":[{""@Name"":""SubjectUserSid"",""#text"":""S-1-5-18""},{""@Name"":""SubjectUserName"",""#text"":""-""},{""@Name"":""SubjectDomainName"",""#text"":""-""},{""@Name"":""SubjectLogonId"",""#text"":""0x3E7""},{""@Name"":""LoadOptions"",""#text"":""-""},{""@Name"":""AdvancedOptions"",""#text"":""%%1843""},{""@Name"":""ConfigAccessPolicy"",""#text"":""%%1846""},{""@Name"":""RemoteEventLogging"",""#text"":""%%1843""},{""@Name"":""KernelDebug"",""#text"":""%%1843""},{""@Name"":""VsmLaunchType"",""#text"":""%%1848""},{""@Name"":""TestSigning"",""#text"":""%%1843""},{""@Name"":""FlightSigning"",""#text"":""%%1843""},{""@Name"":""DisableIntegrityChecks"",""#text"":""%%1843""},{""@Name"":""HypervisorLoadOptions"",""#text"":""-""},{""@Name"":""HypervisorLaunchType"",""#text"":""%%1848""},{""@Name"":""HypervisorDebug"",""#text"":""%%1843""}]}}"
4,4,2020-09-18 05:41:08.6800986,4688,LogAlways,Microsoft-Windows-Security-Auditing,Security,4,112,WIN-2IH1TBB9I4Q,0,,A new process has been created,-\-,,"Parent process: ",PID: 0x144,Parent PID: 0x4,Mandatory label: SECURITY_MANDATORY_SYSTEM_RID,Target User: -\-,,"C:\Windows\System32\smss.exe ",False,D:\Software\CTF\Misc\EvtxECmd\Security.evtx,Audit success,0,"{""EventData"":{""Data"":[{""@Name"":""SubjectUserSid"",""#text"":""S-1-5-18""},{""@Name"":""SubjectUserName"",""#text"":""-""},{""@Name"":""SubjectDomainName"",""#text"":""-""},{""@Name"":""SubjectLogonId"",""#text"":""0x3E7""},{""@Name"":""NewProcessId"",""#text"":""0x144""},{""@Name"":""NewProcessName"",""#text"":""C:\\Windows\\System32\\smss.exe""},{""@Name"":""TokenElevationType"",""#text"":""%%1936""},{""@Name"":""ProcessId"",""#text"":""0x4""},{""@Name"":""CommandLine""},{""@Name"":""TargetUserSid"",""#text"":""S-1-0-0""},{""@Name"":""TargetUserName"",""#text"":""-""},{""@Name"":""TargetDomainName"",""#text"":""-""},{""@Name"":""TargetLogonId"",""#text"":""0x0""},{""@Name"":""ParentProcessName""},{""@Name"":""MandatoryLabel"",""#text"":""S-1-16-16384""}]}}"
5,5,2020-09-18 05:41:11.1174182,4688,LogAlways,Microsoft-Windows-Security-Auditing,Security,4,32,WIN-2IH1TBB9I4Q,0,,A new process has been created,-\-,,Parent process: C:\Windows\System32\smss.exe,PID: 0x154,Parent PID: 0x144,Mandatory label: SECURITY_MANDATORY_SYSTEM_RID,Target User: -\-,,"C:\Windows\System32\autochk.exe ",False,D:\Software\CTF\Misc\EvtxECmd\Security.evtx,Audit success,0,"{""EventData"":{""Data"":[{""@Name"":""SubjectUserSid"",""#text"":""S-1-5-18""},{""@Name"":""SubjectUserName"",""#text"":""-""},{""@Name"":""SubjectDomainName"",""#text"":""-""},{""@Name"":""SubjectLogonId"",""#text"":""0x3E7""},{""@Name"":""NewProcessId"",""#text"":""0x154""},{""@Name"":""NewProcessName"",""#text"":""C:\\Windows\\System32\\autochk.exe""},{""@Name"":""TokenElevationType"",""#text"":""%%1936""},{""@Name"":""ProcessId"",""#text"":""0x144""},{""@Name"":""CommandLine""},{""@Name"":""TargetUserSid"",""#text"":""S-1-0-0""},{""@Name"":""TargetUserName"",""#text"":""-""},{""@Name"":""TargetDomainName"",""#text"":""-""},{""@Name"":""TargetLogonId"",""#text"":""0x0""},{""@Name"":""ParentProcessName"",""#text"":""C:\\Windows\\System32\\smss.exe""},{""@Name"":""MandatoryLabel"",""#text"":""S-1-16-16384""}]}}"
6,6,2020-09-18 05:41:13.5791397,4688,LogAlways,Microsoft-Windows-Security-Auditing,Security,4,292,WIN-2IH1TBB9I4Q,0,,A new process has been created,-\-,,Parent process: C:\Windows\System32\smss.exe,PID: 0x188,Parent PID: 0x144,Mandatory label: SECURITY_MANDATORY_SYSTEM_RID,Target User: -\-,,"C:\Windows\System32\setupcl.exe ",False,D:\Software\CTF\Misc\EvtxECmd\Security.evtx,Audit success,0,"{""EventData"":{""Data"":[{""@Name"":""SubjectUserSid"",""#text"":""S-1-5-18""},{""@Name"":""SubjectUserName"",""#text"":""-""},{""@Name"":""SubjectDomainName"",""#text"":""-""},{""@Name"":""SubjectLogonId"",""#text"":""0x3E7""},{""@Name"":""NewProcessId"",""#text"":""0x188""},{""@Name"":""NewProcessName"",""#text"":""C:\\Windows\\System32\\setupcl.exe""},{""@Name"":""TokenElevationType"",""#text"":""%%1936""},{""@Name"":""ProcessId"",""#text"":""0x144""},{""@Name"":""CommandLine""},{""@Name"":""TargetUserSid"",""#text"":""S-1-0-0""},{""@Name"":""TargetUserName"",""#text"":""-""},{""@Name"":""TargetDomainName"",""#text"":""-""},{""@Name"":""TargetLogonId"",""#text"":""0x0""},{""@Name"":""ParentProcessName"",""#text"":""C:\\Windows\\System32\\smss.exe""},{""@Name"":""MandatoryLabel"",""#text"":""S-1-16-16384""}]}}"
7,7,2020-09-18 05:41:14.6490690,4688,LogAlways,Microsoft-Windows-Security-Auditing,Security,4,272,WIN-2IH1TBB9I4Q,0,,A new process has been created,-\-,,Parent process: C:\Windows\System32\smss.exe,PID: 0x1A8,Parent PID: 0x144,Mandatory label: SECURITY_MANDATORY_SYSTEM_RID,Target User: -\-,,"C:\Windows\System32\smss.exe ",False,D:\Software\CTF\Misc\EvtxECmd\Security.evtx,Audit success,0,"{""EventData"":{""Data"":[{""@Name"":""SubjectUserSid"",""#text"":""S-1-5-18""},{""@Name"":""SubjectUserName"",""#text"":""-""},{""@Name"":""SubjectDomainName"",""#text"":""-""},{""@Name"":""SubjectLogonId"",""#text"":""0x3E7""},{""@Name"":""NewProcessId"",""#text"":""0x1A8""},{""@Name"":""NewProcessName"",""#text"":""C:\\Windows\\System32\\smss.exe""},{""@Name"":""TokenElevationType"",""#text"":""%%1936""},{""@Name"":""ProcessId"",""#text"":""0x144""},{""@Name"":""CommandLine""},{""@Name"":""TargetUserSid"",""#text"":""S-1-0-0""},{""@Name"":""TargetUserName"",""#text"":""-""},{""@Name"":""TargetDomainName"",""#text"":""-""},{""@Name"":""TargetLogonId"",""#text"":""0x0""},{""@Name"":""ParentProcessName"",""#text"":""C:\\Windows\\System32\\smss.exe""},{""@Name"":""MandatoryLabel"",""#text"":""S-1-16-16384""}]}}"
8,8,2020-09-18 05:41:14.8801281,4688,LogAlways,Microsoft-Windows-Security-Auditing,Security,4,272,WIN-2IH1TBB9I4Q,0,,A new process has been created,-\-,,Parent process: C:\Windows\System32\smss.exe,PID: 0x1B0,Parent PID: 0x1A8,Mandatory label: SECURITY_MANDATORY_SYSTEM_RID,Target User: -\-,,"C:\Windows\System32\csrss.exe ",False,D:\Software\CTF\Misc\EvtxECmd\Security.evtx,Audit success,0,"{""EventData"":{""Data"":[{""@Name"":""SubjectUserSid"",""#text"":""S-1-5-18""},{""@Name"":""SubjectUserName"",""#text"":""-""},{""@Name"":""SubjectDomainName"",""#text"":""-""},{""@Name"":""SubjectLogonId"",""#text"":""0x3E7""},{""@Name"":""NewProcessId"",""#text"":""0x1B0""},{""@Name"":""NewProcessName"",""#text"":""C:\\Windows\\System32\\csrss.exe""},{""@Name"":""TokenElevationType"",""#text"":""%%1936""},{""@Name"":""ProcessId"",""#text"":""0x1A8""},{""@Name"":""CommandLine""},{""@Name"":""TargetUserSid"",""#text"":""S-1-0-0""},{""@Name"":""TargetUserName"",""#text"":""-""},{""@Name"":""TargetDomainName"",""#text"":""-""},{""@Name"":""TargetLogonId"",""#text"":""0x0""},{""@Name"":""ParentProcessName"",""#text"":""C:\\Windows\\System32\\smss.exe""},{""@Name"":""MandatoryLabel"",""#text"":""S-1-16-16384""}]}}"
9,9,2020-09-18 05:41:15.0776308,4688,LogAlways,Microsoft-Windows-Security-Auditing,Security,4,32,WIN-2IH1TBB9I4Q,0,,A new process has been created,-\-,,Parent process: C:\Windows\System32\smss.exe,PID: 0x1EC,Parent PID: 0x144,Mandatory label: SECURITY_MANDATORY_SYSTEM_RID,Target User: -\-,,"C:\Windows\System32\smss.exe ",False,D:\Software\CTF\Misc\EvtxECmd\Security.evtx,Audit success,0,"{""EventData"":{""Data"":[{""@Name"":""SubjectUserSid"",""#text"":""S-1-5-18""},{""@Name"":""SubjectUserName"",""#text"":""-""},{""@Name"":""SubjectDomainName"",""#text"":""-""},{""@Name"":""SubjectLogonId"",""#text"":""0x3E7""},{""@Name"":""NewProcessId"",""#text"":""0x1EC""},{""@Name"":""NewProcessName"",""#text"":""C:\\Windows\\System32\\smss.exe""},{""@Name"":""TokenElevationType"",""#text"":""%%1936""},{""@Name"":""ProcessId"",""#text"":""0x144""},{""@Name"":""CommandLine""},{""@Name"":""TargetUserSid"",""#text"":""S-1-0-0""},{""@Name"":""TargetUserName"",""#text"":""-""},{""@Name"":""TargetDomainName"",""#text"":""-""},{""@Name"":""TargetLogonId"",""#text"":""0x0""},{""@Name"":""ParentProcessName"",""#text"":""C:\\Windows\\System32\\smss.exe""},{""@Name"":""MandatoryLabel"",""#text"":""S-1-16-16384""}]}}"
10,10,2020-09-18 05:41:15.0875258,4688,LogAlways,Microsoft-Windows-Security-Auditing,Security,4,32,WIN-2IH1TBB9I4Q,0,,A new process has been created,-\-,,Parent process: C:\Windows\System32\smss.exe,PID: 0x1F4,Parent PID: 0x1EC,Mandatory label: SECURITY_MANDATORY_SYSTEM_RID,Target User: -\-,,"C:\Windows\System32\csrss.exe ",False,D:\Software\CTF\Misc\EvtxECmd\Security.evtx,Audit success,0,"{""EventData"":{""Data"":[{""@Name"":""SubjectUserSid"",""#text"":""S-1-5-18""},{""@Name"":""SubjectUserName"",""#text"":""-""},{""@Name"":""SubjectDomainName"",""#text"":""-""},{""@Name"":""SubjectLogonId"",""#text"":""0x3E7""},{""@Name"":""NewProcessId"",""#text"":""0x1F4""},{""@Name"":""NewProcessName"",""#text"":""C:\\Windows\\System32\\csrss.exe""},{""@Name"":""TokenElevationType"",""#text"":""%%1936""},{""@Name"":""ProcessId"",""#text"":""0x1EC""},{""@Name"":""CommandLine""},{""@Name"":""TargetUserSid"",""#text"":""S-1-0-0""},{""@Name"":""TargetUserName"",""#text"":""-""},{""@Name"":""TargetDomainName"",""#text"":""-""},{""@Name"":""TargetLogonId"",""#text"":""0x0""},{""@Name"":""ParentProcessName"",""#text"":""C:\\Windows\\System32\\smss.exe""},{""@Name"":""MandatoryLabel"",""#text"":""S-1-16-16384""}]}}"
11,11,2020-09-18 05:41:15.0905215,4688,LogAlways,Microsoft-Windows-Security-Auditing,Security,4,32,WIN-2IH1TBB9I4Q,0,,A new process has been created,-\-,,Parent process: C:\Windows\System32\smss.exe,PID: 0x208,Parent PID: 0x1A8,Mandatory label: SECURITY_MANDATORY_SYSTEM_RID,Target User: -\-,,"C:\Windows\System32\wininit.exe ",False,D:\Software\CTF\Misc\EvtxECmd\Security.evtx,Audit success,0,"{""EventData"":{""Data"":[{""@Name"":""SubjectUserSid"",""#text"":""S-1-5-18""},{""@Name"":""SubjectUserName"",""#text"":""-""},{""@Name"":""SubjectDomainName"",""#text"":""-""},{""@Name"":""SubjectLogonId"",""#text"":""0x3E7""},{""@Name"":""NewProcessId"",""#text"":""0x208""},{""@Name"":""NewProcessName"",""#text"":""C:\\Windows\\System32\\wininit.exe""},{""@Name"":""TokenElevationType"",""#text"":""%%1936""},{""@Name"":""ProcessId"",""#text"":""0x1A8""},{""@Name"":""CommandLine""},{""@Name"":""TargetUserSid"",""#text"":""S-1-0-0""},{""@Name"":""TargetUserName"",""#text"":""-""},{""@Name"":""TargetDomainName"",""#text"":""-""},{""@Name"":""TargetLogonId"",""#text"":""0x0""},{""@Name"":""ParentProcessName"",""#text"":""C:\\Windows\\System32\\smss.exe""},{""@Name"":""MandatoryLabel"",""#text"":""S-1-16-16384""}]}}"
12,12,2020-09-18 05:41:15.1569163,4688,LogAlways,Microsoft-Windows-Security-Auditing,Security,4,32,WIN-2IH1TBB9I4Q,0,,A new process has been created,-\-,,Parent process: C:\Windows\System32\smss.exe,PID: 0x238,Parent PID: 0x1EC,Mandatory label: SECURITY_MANDATORY_SYSTEM_RID,Target User: -\-,,"C:\Windows\System32\winlogon.exe ",False,D:\Software\CTF\Misc\EvtxECmd\Security.evtx,Audit success,0,"{""EventData"":{""Data"":[{""@Name"":""SubjectUserSid"",""#text"":""S-1-5-18""},{""@Name"":""SubjectUserName"",""#text"":""-""},{""@Name"":""SubjectDomainName"",""#text"":""-""},{""@Name"":""SubjectLogonId"",""#text"":""0x3E7""},{""@Name"":""NewProcessId"",""#text"":""0x238""},{""@Name"":""NewProcessName"",""#text"":""C:\\Windows\\System32\\winlogon.exe""},{""@Name"":""TokenElevationType"",""#text"":""%%1936""},{""@Name"":""ProcessId"",""#text"":""0x1EC""},{""@Name"":""CommandLine""},{""@Name"":""TargetUserSid"",""#text"":""S-1-0-0""},{""@Name"":""TargetUserName"",""#text"":""-""},{""@Name"":""TargetDomainName"",""#text"":""-""},{""@Name"":""TargetLogonId"",""#text"":""0x0""},{""@Name"":""ParentProcessName"",""#text"":""C:\\Windows\\System32\\smss.exe""},{""@Name"":""MandatoryLabel"",""#text"":""S-1-16-16384""}]}}"
13,13,2020-09-18 05:41:15.3835748,4688,LogAlways,Microsoft-Windows-Security-Auditing,Security,4,32,WIN-2IH1TBB9I4Q,0,,A new process has been created,-\-,,Parent process: C:\Windows\System32\wininit.exe,PID: 0x27C,Parent PID: 0x208,Mandatory label: SECURITY_MANDATORY_SYSTEM_RID,Target User: -\-,,"C:\Windows\System32\services.exe ",False,D:\Software\CTF\Misc\EvtxECmd\Security.evtx,Audit success,0,"{""EventData"":{""Data"":[{""@Name"":""SubjectUserSid"",""#text"":""S-1-5-18""},{""@Name"":""SubjectUserName"",""#text"":""-""},{""@Name"":""SubjectDomainName"",""#text"":""-""},{""@Name"":""SubjectLogonId"",""#text"":""0x3E7""},{""@Name"":""NewProcessId"",""#text"":""0x27C""},{""@Name"":""NewProcessName"",""#text"":""C:\\Windows\\System32\\services.exe""},{""@Name"":""TokenElevationType"",""#text"":""%%1936""},{""@Name"":""ProcessId"",""#text"":""0x208""},{""@Name"":""CommandLine""},{""@Name"":""TargetUserSid"",""#text"":""S-1-0-0""},{""@Name"":""TargetUserName"",""#text"":""-""},{""@Name"":""TargetDomainName"",""#text"":""-""},{""@Name"":""TargetLogonId"",""#text"":""0x0""},{""@Name"":""ParentProcessName"",""#text"":""C:\\Windows\\System32\\wininit.exe""},{""@Name"":""MandatoryLabel"",""#text"":""S-1-16-16384""}]}}"
14,14,2020-09-18 05:41:15.6053540,4688,LogAlways,Microsoft-Windows-Security-Auditing,Security,4,100,WIN-2IH1TBB9I4Q,0,,A new process has been created,-\-,,Parent process: C:\Windows\System32\wininit.exe,PID: 0x294,Parent PID: 0x208,Mandatory label: SECURITY_MANDATORY_SYSTEM_RID,Target User: -\-,,"C:\Windows\System32\lsass.exe ",False,D:\Software\CTF\Misc\EvtxECmd\Security.evtx,Audit success,0,"{""EventData"":{""Data"":[{""@Name"":""SubjectUserSid"",""#text"":""S-1-5-18""},{""@Name"":""SubjectUserName"",""#text"":""-""},{""@Name"":""SubjectDomainName"",""#text"":""-""},{""@Name"":""SubjectLogonId"",""#text"":""0x3E7""},{""@Name"":""NewProcessId"",""#text"":""0x294""},{""@Name"":""NewProcessName"",""#text"":""C:\\Windows\\System32\\lsass.exe""},{""@Name"":""TokenElevationType"",""#text"":""%%1936""},{""@Name"":""ProcessId"",""#text"":""0x208""},{""@Name"":""CommandLine""},{""@Name"":""TargetUserSid"",""#text"":""S-1-0-0""},{""@Name"":""TargetUserName"",""#text"":""-""},{""@Name"":""TargetDomainName"",""#text"":""-""},{""@Name"":""TargetLogonId"",""#text"":""0x0""},{""@Name"":""ParentProcessName"",""#text"":""C:\\Windows\\System32\\wininit.exe""},{""@Name"":""MandatoryLabel"",""#text"":""S-1-16-16384""}]}}"
15,15,2020-09-18 05:41:15.9368582,4608,LogAlways,Microsoft-Windows-Security-Auditing,Security,660,664,WIN-2IH1TBB9I4Q,0,,Windows is starting up,,,,,,,,,,False,D:\Software\CTF\Misc\EvtxECmd\Security.evtx,Audit success,0,"{""EventData"":""""}"
16,16,2020-09-18 05:41:15.9691569,4624,LogAlways,Microsoft-Windows-Security-Auditing,Security,660,664,WIN-2IH1TBB9I4Q,0,,Successful logon,-\-,- (-),Target: NT AUTHORITY\SYSTEM,LogonType 0,LogonId: 0x3E7,AuthenticationPackageName: -,LogonProcessName: -,,,False,D:\Software\CTF\Misc\EvtxECmd\Security.evtx,Audit success,0,"{""EventData"":{""Data"":[{""@Name"":""SubjectUserSid"",""#text"":""S-1-0-0""},{""@Name"":""SubjectUserName"",""#text"":""-""},{""@Name"":""SubjectDomainName"",""#text"":""-""},{""@Name"":""SubjectLogonId"",""#text"":""0x0""},{""@Name"":""TargetUserSid"",""#text"":""S-1-5-18""},{""@Name"":""TargetUserName"",""#text"":""SYSTEM""},{""@Name"":""TargetDomainName"",""#text"":""NT AUTHORITY""},{""@Name"":""TargetLogonId"",""#text"":""0x3E7""},{""@Name"":""LogonType"",""#text"":""0""},{""@Name"":""LogonProcessName"",""#text"":""-""},{""@Name"":""AuthenticationPackageName"",""#text"":""-""},{""@Name"":""WorkstationName"",""#text"":""-""},{""@Name"":""LogonGuid"",""#text"":""00000000-0000-0000-0000-000000000000""},{""@Name"":""TransmittedServices"",""#text"":""-""},{""@Name"":""LmPackageName"",""#text"":""-""},{""@Name"":""KeyLength"",""#text"":""0""},{""@Name"":""ProcessId"",""#text"":""0x4""},{""@Name"":""ProcessName""},{""@Name"":""IpAddress"",""#text"":""-""},{""@Name"":""IpPort"",""#text"":""-""},{""@Name"":""ImpersonationLevel"",""#text"":""-""},{""@Name"":""RestrictedAdminMode"",""#text"":""-""},{""@Name"":""TargetOutboundUserName"",""#text"":""-""},{""@Name"":""TargetOutboundDomainName"",""#text"":""-""},{""@Name"":""VirtualAccount"",""#text"":""%%1843""},{""@Name"":""TargetLinkedLogonId"",""#text"":""0x0""},{""@Name"":""ElevatedToken"",""#text"":""%%1842""}]}}"
17,17,2020-09-18 05:41:16.6230205,4902,LogAlways,Microsoft-Windows-Security-Auditing,Security,660,716,WIN-2IH1TBB9I4Q,0,,,,,,,,,,,,False,D:\Software\CTF\Misc\EvtxECmd\Security.evtx,Audit success,0,"{""EventData"":{""Data"":[{""@Name"":""PuaCount"",""#text"":""0""},{""@Name"":""PuaPolicyId"",""#text"":""0x16993""}]}}"
18,18,2020-09-18 05:41:16.7053092,4717,LogAlways,Microsoft-Windows-Security-Auditing,Security,660,664,WIN-2IH1TBB9I4Q,0,,System security access was granted to an account,\MINWINPC$ (S-1-5-18),,TargetSID: S-1-5-80-3169285310-278349998-1452333686-3865143136-4212226833,AccessGranted: SeServiceLogonRight,,,,,,False,D:\Software\CTF\Misc\EvtxECmd\Security.evtx,Audit success,0,"{""EventData"":{""Data"":[{""@Name"":""SubjectUserSid"",""#text"":""S-1-5-18""},{""@Name"":""SubjectUserName"",""#text"":""MINWINPC$""},{""@Name"":""SubjectDomainName""},{""@Name"":""SubjectLogonId"",""#text"":""0x3E7""},{""@Name"":""TargetSid"",""#text"":""S-1-5-80-3169285310-278349998-1452333686-3865143136-4212226833""},{""@Name"":""AccessGranted"",""#text"":""SeServiceLogonRight""}]}}"
19,19,2020-09-18 05:41:16.8149890,4731,LogAlways,Microsoft-Windows-Security-Auditing,Security,660,664,WIN-2IH1TBB9I4Q,0,,A security-enabled local group was created,\MINWINPC$ (S-1-5-18),,Target: Builtin\Remote Desktop Users (S-1-5-32-555),SubjectLogonId: 0x3E7,SamAccountName: Remote Desktop Users,SidHistory: -,PrivilegeList: -,,,False,D:\Software\CTF\Misc\EvtxECmd\Security.evtx,Audit success,0,"{""EventData"":{""Data"":[{""@Name"":""TargetUserName"",""#text"":""Remote Desktop Users""},{""@Name"":""TargetDomainName"",""#text"":""Builtin""},{""@Name"":""TargetSid"",""#text"":""S-1-5-32-555""},{""@Name"":""SubjectUserSid"",""#text"":""S-1-5-18""},{""@Name"":""SubjectUserName"",""#text"":""MINWINPC$""},{""@Name"":""SubjectDomainName""},{""@Name"":""SubjectLogonId"",""#text"":""0x3E7""},{""@Name"":""PrivilegeList"",""#text"":""-""},{""@Name"":""SamAccountName"",""#text"":""Remote Desktop Users""},{""@Name"":""SidHistory"",""#text"":""-""}]}}"
20,20,2020-09-18 05:41:16.8151121,4735,LogAlways,Microsoft-Windows-Security-Auditing,Security,660,664,WIN-2IH1TBB9I4Q,0,,A security-enabled local group was changed,\MINWINPC$ (S-1-5-18),,Target: Builtin\Remote Desktop Users (S-1-5-32-555),SubjectLogonId: 0x3E7,SamAccountName: -,SidHistory: -,PrivilegeList: -,,,False,D:\Software\CTF\Misc\EvtxECmd\Security.evtx,Audit success,0,"{""EventData"":{""Data"":[{""@Name"":""TargetUserName"",""#text"":""Remote Desktop Users""},{""@Name"":""TargetDomainName"",""#text"":""Builtin""},{""@Name"":""TargetSid"",""#text"":""S-1-5-32-555""},{""@Name"":""SubjectUserSid"",""#text"":""S-1-5-18""},{""@Name"":""SubjectUserName"",""#text"":""MINWINPC$""},{""@Name"":""SubjectDomainName""},{""@Name"":""SubjectLogonId"",""#text"":""0x3E7""},{""@Name"":""PrivilegeList"",""#text"":""-""},{""@Name"":""SamAccountName"",""#text"":""-""},{""@Name"":""SidHistory"",""#text"":""-""}]}}"
21,21,2020-09-18 05:41:16.8153935,4731,LogAlways,Microsoft-Windows-Security-Auditing,Security,660,664,WIN-2IH1TBB9I4Q,0,,A security-enabled local group was created,\MINWINPC$ (S-1-5-18),,Target: Builtin\Network Configuration Operators (S-1-5-32-556),SubjectLogonId: 0x3E7,SamAccountName: Network Configuration Operators,SidHistory: -,PrivilegeList: -,,,False,D:\Software\CTF\Misc\EvtxECmd\Security.evtx,Audit success,0,"{""EventData"":{""Data"":[{""@Name"":""TargetUserName"",""#text"":""Network Configuration Operators""},{""@Name"":""TargetDomainName"",""#text"":""Builtin""},{""@Name"":""TargetSid"",""#text"":""S-1-5-32-556""},{""@Name"":""SubjectUserSid"",""#text"":""S-1-5-18""},{""@Name"":""SubjectUserName"",""#text"":""MINWINPC$""},{""@Name"":""SubjectDomainName""},{""@Name"":""SubjectLogonId"",""#text"":""0x3E7""},{""@Name"":""PrivilegeList"",""#text"":""-""},{""@Name"":""SamAccountName"",""#text"":""Network Configuration Operators""},{""@Name"":""SidHistory"",""#text"":""-""}]}}"
22,22,2020-09-18 05:41:16.8154430,4735,LogAlways,Microsoft-Windows-Security-Auditing,Security,660,664,WIN-2IH1TBB9I4Q,0,,A security-enabled local group was changed,\MINWINPC$ (S-1-5-18),,Target: Builtin\Network Configuration Operators (S-1-5-32-556),SubjectLogonId: 0x3E7,SamAccountName: -,SidHistory: -,PrivilegeList: -,,,False,D:\Software\CTF\Misc\EvtxECmd\Security.evtx,Audit success,0,"{""EventData"":{""Data"":[{""@Name"":""TargetUserName"",""#text"":""Network Configuration Operators""},{""@Name"":""TargetDomainName"",""#text"":""Builtin""},{""@Name"":""TargetSid"",""#text"":""S-1-5-32-556""},{""@Name"":""SubjectUserSid"",""#text"":""S-1-5-18""},{""@Name"":""SubjectUserName"",""#text"":""MINWINPC$""},{""@Name"":""SubjectDomainName""},{""@Name"":""SubjectLogonId"",""#text"":""0x3E7""},{""@Name"":""PrivilegeList"",""#text"":""-""},{""@Name"":""SamAccountName"",""#text"":""-""},{""@Name"":""SidHistory"",""#text"":""-""}]}}"
23,23,2020-09-18 05:41:16.8157095,4731,LogAlways,Microsoft-Windows-Security-Auditing,Security,660,664,WIN-2IH1TBB9I4Q,0,,A security-enabled local group was created,\MINWINPC$ (S-1-5-18),,Target: Builtin\Performance Monitor Users (S-1-5-32-558),SubjectLogonId: 0x3E7,SamAccountName: Performance Monitor Users,SidHistory: -,PrivilegeList: -,,,False,D:\Software\CTF\Misc\EvtxECmd\Security.evtx,Audit success,0,"{""EventData"":{""Data"":[{""@Name"":""TargetUserName"",""#text"":""Performance Monitor Users""},{""@Name"":""TargetDomainName"",""#text"":""Builtin""},{""@Name"":""TargetSid"",""#text"":""S-1-5-32-558""},{""@Name"":""SubjectUserSid"",""#text"":""S-1-5-18""},{""@Name"":""SubjectUserName"",""#text"":""MINWINPC$""},{""@Name"":""SubjectDomainName""},{""@Name"":""SubjectLogonId"",""#text"":""0x3E7""},{""@Name"":""PrivilegeList"",""#text"":""-""},{""@Name"":""SamAccountName"",""#text"":""Performance Monitor Users""},{""@Name"":""SidHistory"",""#text"":""-""}]}}"
24,24,2020-09-18 05:41:16.8157545,4735,LogAlways,Microsoft-Windows-Security-Auditing,Security,660,664,WIN-2IH1TBB9I4Q,0,,A security-enabled local group was changed,\MINWINPC$ (S-1-5-18),,Target: Builtin\Performance Monitor Users (S-1-5-32-558),SubjectLogonId: 0x3E7,SamAccountName: -,SidHistory: -,PrivilegeList: -,,,False,D:\Software\CTF\Misc\EvtxECmd\Security.evtx,Audit success,0,"{""EventData"":{""Data"":[{""@Name"":""TargetUserName"",""#text"":""Performance Monitor Users""},{""@Name"":""TargetDomainName"",""#text"":""Builtin""},{""@Name"":""TargetSid"",""#text"":""S-1-5-32-558""},{""@Name"":""SubjectUserSid"",""#text"":""S-1-5-18""},{""@Name"":""SubjectUserName"",""#text"":""MINWINPC$""},{""@Name"":""SubjectDomainName""},{""@Name"":""SubjectLogonId"",""#text"":""0x3E7""},{""@Name"":""PrivilegeList"",""#text"":""-""},{""@Name"":""SamAccountName"",""#text"":""-""},{""@Name"":""SidHistory"",""#text"":""-""}]}}"
25,25,2020-09-18 05:41:16.8160121,4731,LogAlways,Microsoft-Windows-Security-Auditing,Security,660,664,WIN-2IH1TBB9I4Q,0,,A security-enabled local group was created,\MINWINPC$ (S-1-5-18),,Target: Builtin\Performance Log Users (S-1-5-32-559),SubjectLogonId: 0x3E7,SamAccountName: Performance Log Users,SidHistory: -,PrivilegeList: -,,,False,D:\Software\CTF\Misc\EvtxECmd\Security.evtx,Audit success,0,"{""EventData"":{""Data"":[{""@Name"":""TargetUserName"",""#text"":""Performance Log Users""},{""@Name"":""TargetDomainName"",""#text"":""Builtin""},{""@Name"":""TargetSid"",""#text"":""S-1-5-32-559""},{""@Name"":""SubjectUserSid"",""#text"":""S-1-5-18""},{""@Name"":""SubjectUserName"",""#text"":""MINWINPC$""},{""@Name"":""SubjectDomainName""},{""@Name"":""SubjectLogonId"",""#text"":""0x3E7""},{""@Name"":""PrivilegeList"",""#text"":""-""},{""@Name"":""SamAccountName"",""#text"":""Performance Log Users""},{""@Name"":""SidHistory"",""#text"":""-""}]}}"
26,26,2020-09-18 05:41:16.8160550,4735,LogAlways,Microsoft-Windows-Security-Auditing,Security,660,664,WIN-2IH1TBB9I4Q,0,,A security-enabled local group was changed,\MINWINPC$ (S-1-5-18),,Target: Builtin\Performance Log Users (S-1-5-32-559),SubjectLogonId: 0x3E7,SamAccountName: -,SidHistory: -,PrivilegeList: -,,,False,D:\Software\CTF\Misc\EvtxECmd\Security.evtx,Audit success,0,"{""EventData"":{""Data"":[{""@Name"":""TargetUserName"",""#text"":""Performance Log Users""},{""@Name"":""TargetDomainName"",""#text"":""Builtin""},{""@Name"":""TargetSid"",""#text"":""S-1-5-32-559""},{""@Name"":""SubjectUserSid"",""#text"":""S-1-5-18""},{""@Name"":""SubjectUserName"",""#text"":""MINWINPC$""},{""@Name"":""SubjectDomainName""},{""@Name"":""SubjectLogonId"",""#text"":""0x3E7""},{""@Name"":""PrivilegeList"",""#text"":""-""},{""@Name"":""SamAccountName"",""#text"":""-""},{""@Name"":""SidHistory"",""#text"":""-""}]}}"
27,27,2020-09-18 05:41:16.8173159,4731,LogAlways,Microsoft-Windows-Security-Auditing,Security,660,664,WIN-2IH1TBB9I4Q,0,,A security-enabled local group was created,\MINWINPC$ (S-1-5-18),,Target: Builtin\Distributed COM Users (S-1-5-32-562),SubjectLogonId: 0x3E7,SamAccountName: Distributed COM Users,SidHistory: -,PrivilegeList: -,,,False,D:\Software\CTF\Misc\EvtxECmd\Security.evtx,Audit success,0,"{""EventData"":{""Data"":[{""@Name"":""TargetUserName"",""#text"":""Distributed COM Users""},{""@Name"":""TargetDomainName"",""#text"":""Builtin""},{""@Name"":""TargetSid"",""#text"":""S-1-5-32-562""},{""@Name"":""SubjectUserSid"",""#text"":""S-1-5-18""},{""@Name"":""SubjectUserName"",""#text"":""MINWINPC$""},{""@Name"":""SubjectDomainName""},{""@Name"":""SubjectLogonId"",""#text"":""0x3E7""},{""@Name"":""PrivilegeList"",""#text"":""-""},{""@Name"":""SamAccountName"",""#text"":""Distributed COM Users""},{""@Name"":""SidHistory"",""#text"":""-""}]}}"
28,28,2020-09-18 05:41:16.8173650,4735,LogAlways,Microsoft-Windows-Security-Auditing,Security,660,664,WIN-2IH1TBB9I4Q,0,,A security-enabled local group was changed,\MINWINPC$ (S-1-5-18),,Target: Builtin\Distributed COM Users (S-1-5-32-562),SubjectLogonId: 0x3E7,SamAccountName: -,SidHistory: -,PrivilegeList: -,,,False,D:\Software\CTF\Misc\EvtxECmd\Security.evtx,Audit success,0,"{""EventData"":{""Data"":[{""@Name"":""TargetUserName"",""#text"":""Distributed COM Users""},{""@Name"":""TargetDomainName"",""#text"":""Builtin""},{""@Name"":""TargetSid"",""#text"":""S-1-5-32-562""},{""@Name"":""SubjectUserSid"",""#text"":""S-1-5-18""},{""@Name"":""SubjectUserName"",""#text"":""MINWINPC$""},{""@Name"":""SubjectDomainName""},{""@Name"":""SubjectLogonId"",""#text"":""0x3E7""},{""@Name"":""PrivilegeList"",""#text"":""-""},{""@Name"":""SamAccountName"",""#text"":""-""},{""@Name"":""SidHistory"",""#text"":""-""}]}}"
29,29,2020-09-18 05:41:16.8176008,4731,LogAlways,Microsoft-Windows-Security-Auditing,Security,660,664,WIN-2IH1TBB9I4Q,0,,A security-enabled local group was created,\MINWINPC$ (S-1-5-18),,Target: Builtin\IIS_IUSRS (S-1-5-32-568),SubjectLogonId: 0x3E7,SamAccountName: IIS_IUSRS,SidHistory: -,PrivilegeList: -,,,False,D:\Software\CTF\Misc\EvtxECmd\Security.evtx,Audit success,0,"{""EventData"":{""Data"":[{""@Name"":""TargetUserName"",""#text"":""IIS_IUSRS""},{""@Name"":""TargetDomainName"",""#text"":""Builtin""},{""@Name"":""TargetSid"",""#text"":""S-1-5-32-568""},{""@Name"":""SubjectUserSid"",""#text"":""S-1-5-18""},{""@Name"":""SubjectUserName"",""#text"":""MINWINPC$""},{""@Name"":""SubjectDomainName""},{""@Name"":""SubjectLogonId"",""#text"":""0x3E7""},{""@Name"":""PrivilegeList"",""#text"":""-""},{""@Name"":""SamAccountName"",""#text"":""IIS_IUSRS""},{""@Name"":""SidHistory"",""#text"":""-""}]}}"
30,30,2020-09-18 05:41:16.8176451,4735,LogAlways,Microsoft-Windows-Security-Auditing,Security,660,664,WIN-2IH1TBB9I4Q,0,,A security-enabled local group was changed,\MINWINPC$ (S-1-5-18),,Target: Builtin\IIS_IUSRS (S-1-5-32-568),SubjectLogonId: 0x3E7,SamAccountName: -,SidHistory: -,PrivilegeList: -,,,False,D:\Software\CTF\Misc\EvtxECmd\Security.evtx,Audit success,0,"{""EventData"":{""Data"":[{""@Name"":""TargetUserName"",""#text"":""IIS_IUSRS""},{""@Name"":""TargetDomainName"",""#text"":""Builtin""},{""@Name"":""TargetSid"",""#text"":""S-1-5-32-568""},{""@Name"":""SubjectUserSid"",""#text"":""S-1-5-18""},{""@Name"":""SubjectUserName"",""#text"":""MINWINPC$""},{""@Name"":""SubjectDomainName""},{""@Name"":""SubjectLogonId"",""#text"":""0x3E7""},{""@Name"":""PrivilegeList"",""#text"":""-""},{""@Name"":""SamAccountName"",""#text"":""-""},{""@Name"":""SidHistory"",""#text"":""-""}]}}"
31,31,2020-09-18 05:41:16.8178913,4731,LogAlways,Microsoft-Windows-Security-Auditing,Security,660,664,WIN-2IH1TBB9I4Q,0,,A security-enabled local group was created,\MINWINPC$ (S-1-5-18),,Target: Builtin\Cryptographic Operators (S-1-5-32-569),SubjectLogonId: 0x3E7,SamAccountName: Cryptographic Operators,SidHistory: -,PrivilegeList: -,,,False,D:\Software\CTF\Misc\EvtxECmd\Security.evtx,Audit success,0,"{""EventData"":{""Data"":[{""@Name"":""TargetUserName"",""#text"":""Cryptographic Operators""},{""@Name"":""TargetDomainName"",""#text"":""Builtin""},{""@Name"":""TargetSid"",""#text"":""S-1-5-32-569""},{""@Name"":""SubjectUserSid"",""#text"":""S-1-5-18""},{""@Name"":""SubjectUserName"",""#text"":""MINWINPC$""},{""@Name"":""SubjectDomainName""},{""@Name"":""SubjectLogonId"",""#text"":""0x3E7""},{""@Name"":""PrivilegeList"",""#text"":""-""},{""@Name"":""SamAccountName"",""#text"":""Cryptographic Operators""},{""@Name"":""SidHistory"",""#text"":""-""}]}}"
32,32,2020-09-18 05:41:16.8179340,4735,LogAlways,Microsoft-Windows-Security-Auditing,Security,660,664,WIN-2IH1TBB9I4Q,0,,A security-enabled local group was changed,\MINWINPC$ (S-1-5-18),,Target: Builtin\Cryptographic Operators (S-1-5-32-569),SubjectLogonId: 0x3E7,SamAccountName: -,SidHistory: -,PrivilegeList: -,,,False,D:\Software\CTF\Misc\EvtxECmd\Security.evtx,Audit success,0,"{""EventData"":{""Data"":[{""@Name"":""TargetUserName"",""#text"":""Cryptographic Operators""},{""@Name"":""TargetDomainName"",""#text"":""Builtin""},{""@Name"":""TargetSid"",""#text"":""S-1-5-32-569""},{""@Name"":""SubjectUserSid"",""#text"":""S-1-5-18""},{""@Name"":""SubjectUserName"",""#text"":""MINWINPC$""},{""@Name"":""SubjectDomainName""},{""@Name"":""SubjectLogonId"",""#text"":""0x3E7""},{""@Name"":""PrivilegeList"",""#text"":""-""},{""@Name"":""SamAccountName"",""#text"":""-""},{""@Name"":""SidHistory"",""#text"":""-""}]}}"
33,33,2020-09-18 05:41:16.8180019,4732,LogAlways,Microsoft-Windows-Security-Auditing,Security,660,664,WIN-2IH1TBB9I4Q,0,,A member was added to a security-enabled local group,\MINWINPC$ (S-1-5-18),,Target: Builtin\IIS_IUSRS (S-1-5-32-568),SubjectLogonId: 0x3E7,MemberName: -,MemberSid: S-1-5-17,PrivilegeList: -,,,False,D:\Software\CTF\Misc\EvtxECmd\Security.evtx,Audit success,0,"{""EventData"":{""Data"":[{""@Name"":""MemberName"",""#text"":""-""},{""@Name"":""MemberSid"",""#text"":""S-1-5-17""},{""@Name"":""TargetUserName"",""#text"":""IIS_IUSRS""},{""@Name"":""TargetDomainName"",""#text"":""Builtin""},{""@Name"":""TargetSid"",""#text"":""S-1-5-32-568""},{""@Name"":""SubjectUserSid"",""#text"":""S-1-5-18""},{""@Name"":""SubjectUserName"",""#text"":""MINWINPC$""},{""@Name"":""SubjectDomainName""},{""@Name"":""SubjectLogonId"",""#text"":""0x3E7""},{""@Name"":""PrivilegeList"",""#text"":""-""}]}}"
34,34,2020-09-18 05:41:16.8184301,4731,LogAlways,Microsoft-Windows-Security-Auditing,Security,660,664,WIN-2IH1TBB9I4Q,0,,A security-enabled local group was created,\MINWINPC$ (S-1-5-18),,Target: Builtin\Event Log Readers (S-1-5-32-573),SubjectLogonId: 0x3E7,SamAccountName: Event Log Readers,SidHistory: -,PrivilegeList: -,,,False,D:\Software\CTF\Misc\EvtxECmd\Security.evtx,Audit success,0,"{""EventData"":{""Data"":[{""@Name"":""TargetUserName"",""#text"":""Event Log Readers""},{""@Name"":""TargetDomainName"",""#text"":""Builtin""},{""@Name"":""TargetSid"",""#text"":""S-1-5-32-573""},{""@Name"":""SubjectUserSid"",""#text"":""S-1-5-18""},{""@Name"":""SubjectUserName"",""#text"":""MINWINPC$""},{""@Name"":""SubjectDomainName""},{""@Name"":""SubjectLogonId"",""#text"":""0x3E7""},{""@Name"":""PrivilegeList"",""#text"":""-""},{""@Name"":""SamAccountName"",""#text"":""Event Log Readers""},{""@Name"":""SidHistory"",""#text"":""-""}]}}"
35,35,2020-09-18 05:41:16.8184731,4735,LogAlways,Microsoft-Windows-Security-Auditing,Security,660,664,WIN-2IH1TBB9I4Q,0,,A security-enabled local group was changed,\MINWINPC$ (S-1-5-18),,Target: Builtin\Event Log Readers (S-1-5-32-573),SubjectLogonId: 0x3E7,SamAccountName: -,SidHistory: -,PrivilegeList: -,,,False,D:\Software\CTF\Misc\EvtxECmd\Security.evtx,Audit success,0,"{""EventData"":{""Data"":[{""@Name"":""TargetUserName"",""#text"":""Event Log Readers""},{""@Name"":""TargetDomainName"",""#text"":""Builtin""},{""@Name"":""TargetSid"",""#text"":""S-1-5-32-573""},{""@Name"":""SubjectUserSid"",""#text"":""S-1-5-18""},{""@Name"":""SubjectUserName"",""#text"":""MINWINPC$""},{""@Name"":""SubjectDomainName""},{""@Name"":""SubjectLogonId"",""#text"":""0x3E7""},{""@Name"":""PrivilegeList"",""#text"":""-""},{""@Name"":""SamAccountName"",""#text"":""-""},{""@Name"":""SidHistory"",""#text"":""-""}]}}"
36,36,2020-09-18 05:41:16.8190874,4731,LogAlways,Microsoft-Windows-Security-Auditing,Security,660,664,WIN-2IH1TBB9I4Q,0,,A security-enabled local group was created,\MINWINPC$ (S-1-5-18),,Target: Builtin\Hyper-V Administrators (S-1-5-32-578),SubjectLogonId: 0x3E7,SamAccountName: Hyper-V Administrators,SidHistory: -,PrivilegeList: -,,,False,D:\Software\CTF\Misc\EvtxECmd\Security.evtx,Audit success,0,"{""EventData"":{""Data"":[{""@Name"":""TargetUserName"",""#text"":""Hyper-V Administrators""},{""@Name"":""TargetDomainName"",""#text"":""Builtin""},{""@Name"":""TargetSid"",""#text"":""S-1-5-32-578""},{""@Name"":""SubjectUserSid"",""#text"":""S-1-5-18""},{""@Name"":""SubjectUserName"",""#text"":""MINWINPC$""},{""@Name"":""SubjectDomainName""},{""@Name"":""SubjectLogonId"",""#text"":""0x3E7""},{""@Name"":""PrivilegeList"",""#text"":""-""},{""@Name"":""SamAccountName"",""#text"":""Hyper-V Administrators""},{""@Name"":""SidHistory"",""#text"":""-""}]}}"
37,37,2020-09-18 05:41:16.8191400,4735,LogAlways,Microsoft-Windows-Security-Auditing,Security,660,664,WIN-2IH1TBB9I4Q,0,,A security-enabled local group was changed,\MINWINPC$ (S-1-5-18),,Target: Builtin\Hyper-V Administrators (S-1-5-32-578),SubjectLogonId: 0x3E7,SamAccountName: -,SidHistory: -,PrivilegeList: -,,,False,D:\Software\CTF\Misc\EvtxECmd\Security.evtx,Audit success,0,"{""EventData"":{""Data"":[{""@Name"":""TargetUserName"",""#text"":""Hyper-V Administrators""},{""@Name"":""TargetDomainName"",""#text"":""Builtin""},{""@Name"":""TargetSid"",""#text"":""S-1-5-32-578""},{""@Name"":""SubjectUserSid"",""#text"":""S-1-5-18""},{""@Name"":""SubjectUserName"",""#text"":""MINWINPC$""},{""@Name"":""SubjectDomainName""},{""@Name"":""SubjectLogonId"",""#text"":""0x3E7""},{""@Name"":""PrivilegeList"",""#text"":""-""},{""@Name"":""SamAccountName"",""#text"":""-""},{""@Name"":""SidHistory"",""#text"":""-""}]}}"
38,38,2020-09-18 05:41:16.8195185,4731,LogAlways,Microsoft-Windows-Security-Auditing,Security,660,664,WIN-2IH1TBB9I4Q,0,,A security-enabled local group was created,\MINWINPC$ (S-1-5-18),,Target: Builtin\Access Control Assistance Operators (S-1-5-32-579),SubjectLogonId: 0x3E7,SamAccountName: Access Control Assistance Operators,SidHistory: -,PrivilegeList: -,,,False,D:\Software\CTF\Misc\EvtxECmd\Security.evtx,Audit success,0,"{""EventData"":{""Data"":[{""@Name"":""TargetUserName"",""#text"":""Access Control Assistance Operators""},{""@Name"":""TargetDomainName"",""#text"":""Builtin""},{""@Name"":""TargetSid"",""#text"":""S-1-5-32-579""},{""@Name"":""SubjectUserSid"",""#text"":""S-1-5-18""},{""@Name"":""SubjectUserName"",""#text"":""MINWINPC$""},{""@Name"":""SubjectDomainName""},{""@Name"":""SubjectLogonId"",""#text"":""0x3E7""},{""@Name"":""PrivilegeList"",""#text"":""-""},{""@Name"":""SamAccountName"",""#text"":""Access Control Assistance Operators""},{""@Name"":""SidHistory"",""#text"":""-""}]}}"
39,39,2020-09-18 05:41:16.8195635,4735,LogAlways,Microsoft-Windows-Security-Auditing,Security,660,664,WIN-2IH1TBB9I4Q,0,,A security-enabled local group was changed,\MINWINPC$ (S-1-5-18),,Target: Builtin\Access Control Assistance Operators (S-1-5-32-579),SubjectLogonId: 0x3E7,SamAccountName: -,SidHistory: -,PrivilegeList: -,,,False,D:\Software\CTF\Misc\EvtxECmd\Security.evtx,Audit success,0,"{""EventData"":{""Data"":[{""@Name"":""TargetUserName"",""#text"":""Access Control Assistance Operators""},{""@Name"":""TargetDomainName"",""#text"":""Builtin""},{""@Name"":""TargetSid"",""#text"":""S-1-5-32-579""},{""@Name"":""SubjectUserSid"",""#text"":""S-1-5-18""},{""@Name"":""SubjectUserName"",""#text"":""MINWINPC$""},{""@Name"":""SubjectDomainName""},{""@Name"":""SubjectLogonId"",""#text"":""0x3E7""},{""@Name"":""PrivilegeList"",""#text"":""-""},{""@Name"":""SamAccountName"",""#text"":""-""},{""@Name"":""SidHistory"",""#text"":""-""}]}}"
40,40,2020-09-18 05:41:16.8198261,4731,LogAlways,Microsoft-Windows-Security-Auditing,Security,660,664,WIN-2IH1TBB9I4Q,0,,A security-enabled local group was created,\MINWINPC$ (S-1-5-18),,Target: Builtin\Remote Management Users (S-1-5-32-580),SubjectLogonId: 0x3E7,SamAccountName: Remote Management Users,SidHistory: -,PrivilegeList: -,,,False,D:\Software\CTF\Misc\EvtxECmd\Security.evtx,Audit success,0,"{""EventData"":{""Data"":[{""@Name"":""TargetUserName"",""#text"":""Remote Management Users""},{""@Name"":""TargetDomainName"",""#text"":""Builtin""},{""@Name"":""TargetSid"",""#text"":""S-1-5-32-580""},{""@Name"":""SubjectUserSid"",""#text"":""S-1-5-18""},{""@Name"":""SubjectUserName"",""#text"":""MINWINPC$""},{""@Name"":""SubjectDomainName""},{""@Name"":""SubjectLogonId"",""#text"":""0x3E7""},{""@Name"":""PrivilegeList"",""#text"":""-""},{""@Name"":""SamAccountName"",""#text"":""Remote Management Users""},{""@Name"":""SidHistory"",""#text"":""-""}]}}"
41,41,2020-09-18 05:41:16.8198760,4735,LogAlways,Microsoft-Windows-Security-Auditing,Security,660,664,WIN-2IH1TBB9I4Q,0,,A security-enabled local group was changed,\MINWINPC$ (S-1-5-18),,Target: Builtin\Remote Management Users (S-1-5-32-580),SubjectLogonId: 0x3E7,SamAccountName: -,SidHistory: -,PrivilegeList: -,,,False,D:\Software\CTF\Misc\EvtxECmd\Security.evtx,Audit success,0,"{""EventData"":{""Data"":[{""@Name"":""TargetUserName"",""#text"":""Remote Management Users""},{""@Name"":""TargetDomainName"",""#text"":""Builtin""},{""@Name"":""TargetSid"",""#text"":""S-1-5-32-580""},{""@Name"":""SubjectUserSid"",""#text"":""S-1-5-18""},{""@Name"":""SubjectUserName"",""#text"":""MINWINPC$""},{""@Name"":""SubjectDomainName""},{""@Name"":""SubjectLogonId"",""#text"":""0x3E7""},{""@Name"":""PrivilegeList"",""#text"":""-""},{""@Name"":""SamAccountName"",""#text"":""-""},{""@Name"":""SidHistory"",""#text"":""-""}]}}"
42,42,2020-09-18 05:41:16.8206483,4728,LogAlways,Microsoft-Windows-Security-Auditing,Security,660,664,WIN-2IH1TBB9I4Q,0,,A member was added to a security-enabled global group,\MINWINPC$ (S-1-5-18),,Target: MINWINPC\None (S-1-5-21-41211245-796119838-3940169921-513),Member: -,MemberSid: S-1-5-21-41211245-796119838-3940169921-504,SubjectLogonId: 0x3E7,,,,False,D:\Software\CTF\Misc\EvtxECmd\Security.evtx,Audit success,0,"{""EventData"":{""Data"":[{""@Name"":""MemberName"",""#text"":""-""},{""@Name"":""MemberSid"",""#text"":""S-1-5-21-41211245-796119838-3940169921-504""},{""@Name"":""TargetUserName"",""#text"":""None""},{""@Name"":""TargetDomainName"",""#text"":""MINWINPC""},{""@Name"":""TargetSid"",""#text"":""S-1-5-21-41211245-796119838-3940169921-513""},{""@Name"":""SubjectUserSid"",""#text"":""S-1-5-18""},{""@Name"":""SubjectUserName"",""#text"":""MINWINPC$""},{""@Name"":""SubjectDomainName""},{""@Name"":""SubjectLogonId"",""#text"":""0x3E7""},{""@Name"":""PrivilegeList"",""#text"":""-""}]}}"
43,43,2020-09-18 05:41:16.8213905,4720,LogAlways,Microsoft-Windows-Security-Auditing,Security,660,664,WIN-2IH1TBB9I4Q,0,,A new account was created,\MINWINPC$ (S-1-5-18),,Target: MINWINPC\WDAGUtilityAccount (S-1-5-21-41211245-796119838-3940169921-504),,,,,,,False,D:\Software\CTF\Misc\EvtxECmd\Security.evtx,Audit success,0,"{""EventData"":{""Data"":[{""@Name"":""TargetUserName"",""#text"":""WDAGUtilityAccount""},{""@Name"":""TargetDomainName"",""#text"":""MINWINPC""},{""@Name"":""TargetSid"",""#text"":""S-1-5-21-41211245-796119838-3940169921-504""},{""@Name"":""SubjectUserSid"",""#text"":""S-1-5-18""},{""@Name"":""SubjectUserName"",""#text"":""MINWINPC$""},{""@Name"":""SubjectDomainName""},{""@Name"":""SubjectLogonId"",""#text"":""0x3E7""},{""@Name"":""PrivilegeList"",""#text"":""-""},{""@Name"":""SamAccountName"",""#text"":""WDAGUtilityAccount""},{""@Name"":""DisplayName"",""#text"":""%%1793""},{""@Name"":""UserPrincipalName"",""#text"":""-""},{""@Name"":""HomeDirectory"",""#text"":""%%1793""},{""@Name"":""HomePath"",""#text"":""%%1793""},{""@Name"":""ScriptPath"",""#text"":""%%1793""},{""@Name"":""ProfilePath"",""#text"":""%%1793""},{""@Name"":""UserWorkstations"",""#text"":""%%1793""},{""@Name"":""PasswordLastSet"",""#text"":""%%1794""},{""@Name"":""AccountExpires"",""#text"":""%%1794""},{""@Name"":""PrimaryGroupId"",""#text"":""513""},{""@Name"":""AllowedToDelegateTo"",""#text"":""-""},{""@Name"":""OldUacValue"",""#text"":""0x0""},{""@Name"":""NewUacValue"",""#text"":""0x15""},{""@Name"":""UserAccountControl"",""#text"":"", %%2080, %%2082, %%2084""},{""@Name"":""UserParameters"",""#text"":""%%1793""},{""@Name"":""SidHistory"",""#text"":""-""},{""@Name"":""LogonHours"",""#text"":""%%1797""}]}}"
44,44,2020-09-18 05:41:16.8216120,4738,LogAlways,Microsoft-Windows-Security-Auditing,Security,660,664,WIN-2IH1TBB9I4Q,0,,A user account was changed,\MINWINPC$,,Target: MINWINPC\WDAGUtilityAccount,"Changed Attribute SamAccountName: - DisplayName: - UserPrincipalName: - HomeDirectory: - HomePath: - ScriptPath: - ProfilePath: - UserWorkstations: - PasswordLastSet: - AccountExpires: - PrimaryGroupId: - AllowedToDelegateTo: - OldUacValue: 0x15 NewUacValue: 0x11 UserAccountControl: , %%2050 UserParameters: - SidHistory: - LogonHours: -",,,,,,False,D:\Software\CTF\Misc\EvtxECmd\Security.evtx,Audit success,0,"{""EventData"":{""Data"":[{""@Name"":""Dummy"",""#text"":""-""},{""@Name"":""TargetUserName"",""#text"":""WDAGUtilityAccount""},{""@Name"":""TargetDomainName"",""#text"":""MINWINPC""},{""@Name"":""TargetSid"",""#text"":""S-1-5-21-41211245-796119838-3940169921-504""},{""@Name"":""SubjectUserSid"",""#text"":""S-1-5-18""},{""@Name"":""SubjectUserName"",""#text"":""MINWINPC$""},{""@Name"":""SubjectDomainName""},{""@Name"":""SubjectLogonId"",""#text"":""0x3E7""},{""@Name"":""PrivilegeList"",""#text"":""-""},{""@Name"":""SamAccountName"",""#text"":""-""},{""@Name"":""DisplayName"",""#text"":""-""},{""@Name"":""UserPrincipalName"",""#text"":""-""},{""@Name"":""HomeDirectory"",""#text"":""-""},{""@Name"":""HomePath"",""#text"":""-""},{""@Name"":""ScriptPath"",""#text"":""-""},{""@Name"":""ProfilePath"",""#text"":""-""},{""@Name"":""UserWorkstations"",""#text"":""-""},{""@Name"":""PasswordLastSet"",""#text"":""-""},{""@Name"":""AccountExpires"",""#text"":""-""},{""@Name"":""PrimaryGroupId"",""#text"":""-""},{""@Name"":""AllowedToDelegateTo"",""#text"":""-""},{""@Name"":""OldUacValue"",""#text"":""0x15""},{""@Name"":""NewUacValue"",""#text"":""0x11""},{""@Name"":""UserAccountControl"",""#text"":"", %%2050""},{""@Name"":""UserParameters"",""#text"":""-""},{""@Name"":""SidHistory"",""#text"":""-""},{""@Name"":""LogonHours"",""#text"":""-""}]}}"
45,45,2020-09-18 05:41:16.9087063,4738,LogAlways,Microsoft-Windows-Security-Auditing,Security,660,664,WIN-2IH1TBB9I4Q,0,,A user account was changed,\MINWINPC$,,Target: MINWINPC\WDAGUtilityAccount,Changed Attribute SamAccountName: - DisplayName: - UserPrincipalName: - HomeDirectory: - HomePath: - ScriptPath: - ProfilePath: - UserWorkstations: - PasswordLastSet: - AccountExpires: - PrimaryGroupId: - AllowedToDelegateTo: - OldUacValue: - NewUacValue: - UserAccountControl: - UserParameters: - SidHistory: - LogonHours: -,,,,,,False,D:\Software\CTF\Misc\EvtxECmd\Security.evtx,Audit success,0,"{""EventData"":{""Data"":[{""@Name"":""Dummy"",""#text"":""-""},{""@Name"":""TargetUserName"",""#text"":""WDAGUtilityAccount""},{""@Name"":""TargetDomainName"",""#text"":""MINWINPC""},{""@Name"":""TargetSid"",""#text"":""S-1-5-21-41211245-796119838-3940169921-504""},{""@Name"":""SubjectUserSid"",""#text"":""S-1-5-18""},{""@Name"":""SubjectUserName"",""#text"":""MINWINPC$""},{""@Name"":""SubjectDomainName""},{""@Name"":""SubjectLogonId"",""#text"":""0x3E7""},{""@Name"":""PrivilegeList"",""#text"":""-""},{""@Name"":""SamAccountName"",""#text"":""-""},{""@Name"":""DisplayName"",""#text"":""-""},{""@Name"":""UserPrincipalName"",""#text"":""-""},{""@Name"":""HomeDirectory"",""#text"":""-""},{""@Name"":""HomePath"",""#text"":""-""},{""@Name"":""ScriptPath"",""#text"":""-""},{""@Name"":""ProfilePath"",""#text"":""-""},{""@Name"":""UserWorkstations"",""#text"":""-""},{""@Name"":""PasswordLastSet"",""#text"":""-""},{""@Name"":""AccountExpires"",""#text"":""-""},{""@Name"":""PrimaryGroupId"",""#text"":""-""},{""@Name"":""AllowedToDelegateTo"",""#text"":""-""},{""@Name"":""OldUacValue"",""#text"":""-""},{""@Name"":""NewUacValue"",""#text"":""-""},{""@Name"":""UserAccountControl"",""#text"":""-""},{""@Name"":""UserParameters"",""#text"":""-""},{""@Name"":""SidHistory"",""#text"":""-""},{""@Name"":""LogonHours"",""#text"":""-""}]}}"
46,46,2020-09-18 05:41:16.9089505,4738,LogAlways,Microsoft-Windows-Security-Auditing,Security,660,664,WIN-2IH1TBB9I4Q,0,,A user account was changed,\MINWINPC$,,Target: MINWINPC\WDAGUtilityAccount,Changed Attribute SamAccountName: - DisplayName: - UserPrincipalName: - HomeDirectory: - HomePath: - ScriptPath: - ProfilePath: - UserWorkstations: - PasswordLastSet: - AccountExpires: - PrimaryGroupId: - AllowedToDelegateTo: - OldUacValue: - NewUacValue: - UserAccountControl: - UserParameters: - SidHistory: - LogonHours: -,,,,,,False,D:\Software\CTF\Misc\EvtxECmd\Security.evtx,Audit success,0,"{""EventData"":{""Data"":[{""@Name"":""Dummy"",""#text"":""-""},{""@Name"":""TargetUserName"",""#text"":""WDAGUtilityAccount""},{""@Name"":""TargetDomainName"",""#text"":""MINWINPC""},{""@Name"":""TargetSid"",""#text"":""S-1-5-21-41211245-796119838-3940169921-504""},{""@Name"":""SubjectUserSid"",""#text"":""S-1-5-18""},{""@Name"":""SubjectUserName"",""#text"":""MINWINPC$""},{""@Name"":""SubjectDomainName""},{""@Name"":""SubjectLogonId"",""#text"":""0x3E7""},{""@Name"":""PrivilegeList"",""#text"":""-""},{""@Name"":""SamAccountName"",""#text"":""-""},{""@Name"":""DisplayName"",""#text"":""-""},{""@Name"":""UserPrincipalName"",""#text"":""-""},{""@Name"":""HomeDirectory"",""#text"":""-""},{""@Name"":""HomePath"",""#text"":""-""},{""@Name"":""ScriptPath"",""#text"":""-""},{""@Name"":""ProfilePath"",""#text"":""-""},{""@Name"":""UserWorkstations"",""#text"":""-""},{""@Name"":""PasswordLastSet"",""#text"":""-""},{""@Name"":""AccountExpires"",""#text"":""-""},{""@Name"":""PrimaryGroupId"",""#text"":""-""},{""@Name"":""AllowedToDelegateTo"",""#text"":""-""},{""@Name"":""OldUacValue"",""#text"":""-""},{""@Name"":""NewUacValue"",""#text"":""-""},{""@Name"":""UserAccountControl"",""#text"":""-""},{""@Name"":""UserParameters"",""#text"":""-""},{""@Name"":""SidHistory"",""#text"":""-""},{""@Name"":""LogonHours"",""#text"":""-""}]}}"
